#
# A fatal error has been detected by the Java Runtime Environment:
#
#  SIGSEGV (0xb) at pc=0x00007f1cdfd3cb6f, pid=2811, tid=139761558992640
#
# JRE version: 7.0_25-b30
# Java VM: OpenJDK 64-Bit Server VM (23.7-b01 mixed mode linux-amd64 compressed oops)
# Problematic frame:
# C  [libc.so.6+0x98b6f]  envz_strip+0x11af
#
# Failed to write core dump. Core dumps have been disabled. To enable core dumping, try "ulimit -c unlimited" before starting Java again
#
# If you would like to submit a bug report, please include
# instructions on how to reproduce the bug and visit:
#   https://bugs.launchpad.net/ubuntu/+source/openjdk-7/
#

---------------  T H R E A D  ---------------

Current thread is native thread

siginfo:si_signo=SIGSEGV: si_errno=0, si_code=1 (SEGV_MAPERR), si_addr=0x0000000000000000

Registers:
RAX=0x00007f1cc6139d8f, RBX=0x0000000000000000, RCX=0x0000000000000000, RDX=0x00000000000000f0
RSP=0x00007f1cc6139af8, RBP=0x00007f1cc6139c00, RSI=0x0000000000000000, RDI=0x00007f1cc6139d8f
R8 =0x00000000000000f0, R9 =0x00000000000c0000, R10=0x0000000000000000, R11=0x00007f1cdfd30c0d
R12=0x0000000000000000, R13=0x00007f1ce049d060, R14=0x00007f1ce04744e0, R15=0x0000000000001000
RIP=0x00007f1cdfd3cb6f, EFLAGS=0x0000000000010283, CSGSFS=0x0000000000000033, ERR=0x0000000000000004
  TRAPNO=0x000000000000000e

Top of Stack: (sp=0x00007f1cc6139af8)
0x00007f1cc6139af8:   00007f1cc6b2dff4 00007f1cc6139b30
0x00007f1cc6139b08:   00007f1cc6df36c2 00007f1ce049d060
0x00007f1cc6139b18:   00000000000000f0 00007f1cc6139d8f
0x00007f1cc6139b28:   0000000100000000 00007f1c906645e0
0x00007f1cc6139b38:   00007f1c90000dd0 00007f1cc6139b60
0x00007f1cc6139b48:   00007f1c916e6d40 00007f1c00000000
0x00007f1cc6139b58:   00007f1cc6ba9ec8 0000000000000000
0x00007f1cc6139b68:   00007f1c916e6d40 00007f1cc6139b90
0x00007f1cc6139b78:   00007f1cc6b93e5e 0000000000000000
0x00007f1cc6139b88:   00007f1c916e6bf0 00007f1cc6139bb0
0x00007f1cc6139b98:   00007f1cc6ba9ec8 0000000000000000
0x00007f1cc6139ba8:   00007f1c916e6bf0 00007f1cc6139bd0
0x00007f1cc6139bb8:   00007f1cc6b93e5e 0000000000000000
0x00007f1cc6139bc8:   00007f1c916e6bf0 00007f1cc6139c00
0x00007f1cc6139bd8:   00007f1cc6b93ec8 00007f1cc6139c10
0x00007f1cc6139be8:   ae6ea61b66441e00 0000000000000000
0x00007f1cc6139bf8:   0000000000000000 00007f1cc6139c50
0x00007f1cc6139c08:   00007f1cc6b2db7e 00007f1cc6139c40
0x00007f1cc6139c18:   00007f1cc6139c88 00007f1cc6f344b7
0x00007f1cc6139c28:   00000000000000ff 00007f1cc6139d80
0x00007f1cc6139c38:   00007f1c90000dd0 0000000100000000
0x00007f1cc6139c48:   00007f1cc6139d8f 00007f1cc6139d50
0x00007f1cc6139c58:   00007f1cc6b2dd6c 00007f1cc6f344a8
0x00007f1cc6139c68:   00000000000000ff 00007f1cc6139d80
0x00007f1cc6139c78:   00007f1c90000dd0 00007f1c916e6c80
0x00007f1cc6139c88:   0000003000000028 00007f1cc6139d60
0x00007f1cc6139c98:   00007f1cc6139ca0 00007f1c91278a40
0x00007f1cc6139ca8:   00007f1c90000dd0 00007f1cc6139d10
0x00007f1cc6139cb8:   00007f1cc6139d08 00007f1c906645e0
0x00007f1cc6139cc8:   00000000000c0000 00007f1cc6139d10
0x00007f1cc6139cd8:   00007f1cc6b01ffa 00007f1cc6139d10
0x00007f1cc6139ce8:   00007f1c917706f8 00007f1c917706f8 

Instructions: (pc=0x00007f1cdfd3cb6f)
0x00007f1cdfd3cb4f:   10 f3 0f 7f 77 20 f3 0f 7f 7f 30 49 83 c0 0f 49
0x00007f1cdfd3cb5f:   29 d0 48 8d 7c 17 31 e9 95 0b 00 00 66 0f ef c0
0x00007f1cdfd3cb6f:   f3 0f 6f 0e f3 0f 6f 56 10 66 0f 74 c1 66 0f d7
0x00007f1cdfd3cb7f:   d0 49 83 f8 11 0f 86 92 02 00 00 48 85 d2 75 5d 

Register to memory mapping:

RAX=0x00007f1cc6139d8f is an unknown value
RBX=0x0000000000000000 is an unknown value
RCX=0x0000000000000000 is an unknown value
RDX=0x00000000000000f0 is an unknown value
RSP=0x00007f1cc6139af8 is an unknown value
RBP=0x00007f1cc6139c00 is an unknown value
RSI=0x0000000000000000 is an unknown value
RDI=0x00007f1cc6139d8f is an unknown value
R8 =0x00000000000000f0 is an unknown value
R9 =0x00000000000c0000 is an unknown value
R10=0x0000000000000000 is an unknown value
R11=0x00007f1cdfd30c0d: <offset 0x8cc0d> in /lib/x86_64-linux-gnu/libc.so.6 at 0x00007f1cdfca4000
R12=0x0000000000000000 is an unknown value
R13=0x00007f1ce049d060: _rtld_global+0 in /lib64/ld-linux-x86-64.so.2 at 0x00007f1ce027a000
R14=0x00007f1ce04744e0 is pointing into the stack for thread: 0x00007f1cd8009800
R15=0x0000000000001000 is an unknown value


Stack: [0x00007f1cc593b000,0x00007f1cc613c000],  sp=0x00007f1cc6139af8,  free space=8186k
Native frames: (J=compiled Java code, j=interpreted, Vv=VM code, C=native code)
C  [libc.so.6+0x98b6f]  envz_strip+0x11af
C  [libSoar.so+0x1f0b7e]  vsnprintf_with_symbols(agent_struct*, char*, unsigned long, char const*, __va_list_tag*)+0xf9
C  [libSoar.so+0x1f0d6c]  snprintf_with_symbols(agent_struct*, char*, unsigned long, char const*, ...)+0xb4
C  [libSoar.so+0x1cba57]  gds_invalid_so_remove_goal(agent_struct*, wme_struct*)+0xa5
C  [libSoar.so+0x1c8bd4]  decide_non_context_slot(agent_struct*, slot_struct*)+0x18f
C  [libSoar.so+0x1c909b]  decide_non_context_slots(agent_struct*)+0x55
C  [libSoar.so+0x1cac95]  do_working_memory_phase(agent_struct*)+0x105
C  [libSoar.so+0x1e34ad]  do_one_top_level_phase(agent_struct*)+0x7ea
C  [libSoar.so+0x1e45a5]  run_for_n_elaboration_cycles(agent_struct*, long)+0xed
C  [libSoar.so+0x36cc73]  sml::AgentSML::Step(sml::smlRunStepSize)+0xd7
C  [libSoar.so+0x36cadd]  sml::AgentSML::StepInClientThread(sml::smlRunStepSize)+0x43
C  [libSoar.so+0x37d92a]  sml::RunScheduler::RunScheduledAgents(bool, sml::smlRunStepSize, unsigned long, sml::smlRunFlags, sml::smlRunStepSize, bool)+0x344
C  [libSoar.so+0x407a48]  cli::CommandLineInterface::DoRun(std::bitset<10ul> const&, int, cli::Cli::eRunInterleaveMode)+0x332
C  [libSoar.so+0x428ab0]  cli::RunCommand::Parse(std::vector<std::string, std::allocator<std::string> >&)+0x67a
C  [libSoar.so+0x418fe7]  cli::Parser::handle_command(std::vector<std::string, std::allocator<std::string> >&)+0x91
C  [libSoar.so+0x417d0e]  soar::tokenizer::parse_command()+0x1d0
C  [libSoar.so+0x417ab4]  soar::tokenizer::evaluate(char const*)+0x60
C  [libSoar.so+0x40af83]  cli::CommandLineInterface::Source(char const*, bool)+0x61
C  [libSoar.so+0x41528b]  cli::CommandLineInterface::DoCommand(sml::Connection*, sml::AgentSML*, char const*, bool, bool, soarxml::ElementXML*)+0x11d
C  [libSoar.so+0x377d01]  sml::KernelSML::HandleCommandLine(sml::AgentSML*, char const*, sml::Connection*, sml::AnalyzeXML*, soarxml::ElementXML*)+0x483
C  [libSoar.so+0x374157]  sml::KernelSML::ProcessCommand(char const*, sml::Connection*, sml::AnalyzeXML*, soarxml::ElementXML*)+0x325
C  [libSoar.so+0x374423]  sml::KernelSML::ProcessIncomingSML(sml::Connection*, soarxml::ElementXML*)+0x119
C  [libSoar.so+0x36ae62]  ReceivedCall(sml::Connection*, soarxml::ElementXML*, void*)+0x3b
C  [libSoar.so+0x3e1444]  sml::Callback::Invoke(soarxml::ElementXML*)+0x30
C  [libSoar.so+0x3db137]  sml::Connection::InvokeCallbacks(soarxml::ElementXML*)+0x105
C  [libSoar.so+0x3de7d9]  sml::RemoteConnection::ReceiveMessages(bool, int, int)+0x229
C  [libSoar.so+0x3de5ad]  sml::RemoteConnection::ReceiveMessages(bool)+0x2b
C  [libSoar.so+0x37139f]  sml::ConnectionManager::ReceiveAllMessages()+0x71
C  [libSoar.so+0x379c7c]  sml::ReceiverThread::Run()+0x2e
C  [libSoar.so+0x3e10e9]  ThreadStartFunction(void*)+0x2b
C  [libSoar.so+0x3e0fa1]  LinuxThreadFunc(void*)+0x28


---------------  P R O C E S S  ---------------

VM state:not at safepoint (normal execution)

VM Mutex/Monitor currently owned by a thread: None

Heap
 PSYoungGen      total 384768K, used 84474K [0x00000000e1560000, 0x00000000f95a0000, 0x0000000100000000)
  eden space 376832K, 21% used [0x00000000e1560000,0x00000000e6389f88,0x00000000f8560000)
  from space 7936K, 55% used [0x00000000f8de0000,0x00000000f92348a0,0x00000000f95a0000)
  to   space 8320K, 0% used [0x00000000f8560000,0x00000000f8560000,0x00000000f8d80000)
 ParOldGen       total 62784K, used 11771K [0x00000000a4000000, 0x00000000a7d50000, 0x00000000e1560000)
  object space 62784K, 18% used [0x00000000a4000000,0x00000000a4b7ecb8,0x00000000a7d50000)
 PSPermGen       total 21248K, used 19342K [0x0000000099a00000, 0x000000009aec0000, 0x00000000a4000000)
  object space 21248K, 91% used [0x0000000099a00000,0x000000009ace3a58,0x000000009aec0000)

Card table byte_map: [0x00007f1cdcdb8000,0x00007f1cdd0ec000] byte_map_base: 0x00007f1cdc8eb000

Polling page: 0x00007f1ce0499000

Code Cache  [0x00007f1cd5000000, 0x00007f1cd5270000, 0x00007f1cd8000000)
 total_blobs=1025 nmethods=471 adapters=506 free_code_cache=47408Kb largest_free_block=48491520

Compilation events (10 events):
Event: 132.106 Thread 0x00007f1cd8111000  484             java.util.HashMap$EntryIterator::<init> (6 bytes)
Event: 132.106 Thread 0x00007f1cd810e000  485             java.util.HashMap$EntryIterator::<init> (11 bytes)
Event: 132.112 Thread 0x00007f1cd810e000 nmethod 485 0x00007f1cd50defd0 code [0x00007f1cd50df120, 0x00007f1cd50df318]
Event: 132.114 Thread 0x00007f1cd8111000 nmethod 484 0x00007f1cd51afb90 code [0x00007f1cd51afce0, 0x00007f1cd51afed8]
Event: 135.222 Thread 0x00007f1cd810e000  486             probcog.lcmtypes.soar_objects_t::_encodeRecursive (47 bytes)
Event: 135.238 Thread 0x00007f1cd810e000 nmethod 486 0x00007f1cd51b1d50 code [0x00007f1cd51b1ee0, 0x00007f1cd51b2648]
Event: 136.124 Thread 0x00007f1cd8111000  487  s          edu.umich.insoar.world.WorldModel::sendObservation (103 bytes)
Event: 136.265 Thread 0x00007f1cd8111000 nmethod 487 0x00007f1cd51b8850 code [0x00007f1cd51b8e80, 0x00007f1cd51bc528]
Event: 143.356 Thread 0x00007f1cd810e000  488             java.util.HashMap::newEntryIterator (10 bytes)
Event: 143.361 Thread 0x00007f1cd810e000 nmethod 488 0x00007f1cd51af5d0 code [0x00007f1cd51af720, 0x00007f1cd51af9f8]

GC Heap History (10 events):
Event: 3.173 GC heap before
{Heap before GC invocations=4 (full 0):
 PSYoungGen      total 51008K, used 50976K [0x00000000e1560000, 0x00000000e7900000, 0x0000000100000000)
  eden space 47104K, 100% used [0x00000000e1560000,0x00000000e4360000,0x00000000e4360000)
  from space 3904K, 99% used [0x00000000e4360000,0x00000000e4728020,0x00000000e4730000)
  to   space 3904K, 0% used [0x00000000e7530000,0x00000000e7530000,0x00000000e7900000)
 ParOldGen       total 62784K, used 6771K [0x00000000a4000000, 0x00000000a7d50000, 0x00000000e1560000)
  object space 62784K, 10% used [0x00000000a4000000,0x00000000a469cc58,0x00000000a7d50000)
 PSPermGen       total 21248K, used 3569K [0x0000000099a00000, 0x000000009aec0000, 0x00000000a4000000)
  object space 21248K, 16% used [0x0000000099a00000,0x0000000099d7c490,0x000000009aec0000)
Event: 3.232 GC heap after
Heap after GC invocations=4 (full 0):
 PSYoungGen      total 98112K, used 3872K [0x00000000e1560000, 0x00000000e7900000, 0x0000000100000000)
  eden space 94208K, 0% used [0x00000000e1560000,0x00000000e1560000,0x00000000e7160000)
  from space 3904K, 99% used [0x00000000e7530000,0x00000000e78f8020,0x00000000e7900000)
  to   space 3904K, 0% used [0x00000000e7160000,0x00000000e7160000,0x00000000e7530000)
 ParOldGen       total 62784K, used 7499K [0x00000000a4000000, 0x00000000a7d50000, 0x00000000e1560000)
  object space 62784K, 11% used [0x00000000a4000000,0x00000000a4752c58,0x00000000a7d50000)
 PSPermGen       total 21248K, used 3569K [0x0000000099a00000, 0x000000009aec0000, 0x00000000a4000000)
  object space 21248K, 16% used [0x0000000099a00000,0x0000000099d7c490,0x000000009aec0000)
}
Event: 4.113 GC heap before
{Heap before GC invocations=5 (full 0):
 PSYoungGen      total 98112K, used 98080K [0x00000000e1560000, 0x00000000e7900000, 0x0000000100000000)
  eden space 94208K, 100% used [0x00000000e1560000,0x00000000e7160000,0x00000000e7160000)
  from space 3904K, 99% used [0x00000000e7530000,0x00000000e78f8020,0x00000000e7900000)
  to   space 3904K, 0% used [0x00000000e7160000,0x00000000e7160000,0x00000000e7530000)
 ParOldGen       total 62784K, used 7499K [0x00000000a4000000, 0x00000000a7d50000, 0x00000000e1560000)
  object space 62784K, 11% used [0x00000000a4000000,0x00000000a4752c58,0x00000000a7d50000)
 PSPermGen       total 21248K, used 3569K [0x0000000099a00000, 0x000000009aec0000, 0x00000000a4000000)
  object space 21248K, 16% used [0x0000000099a00000,0x0000000099d7c490,0x000000009aec0000)
Event: 4.150 GC heap after
Heap after GC invocations=5 (full 0):
 PSYoungGen      total 98112K, used 3904K [0x00000000e1560000, 0x00000000eddc0000, 0x0000000100000000)
  eden space 94208K, 0% used [0x00000000e1560000,0x00000000e1560000,0x00000000e7160000)
  from space 3904K, 100% used [0x00000000e7160000,0x00000000e7530000,0x00000000e7530000)
  to   space 8384K, 0% used [0x00000000ed590000,0x00000000ed590000,0x00000000eddc0000)
 ParOldGen       total 62784K, used 8139K [0x00000000a4000000, 0x00000000a7d50000, 0x00000000e1560000)
  object space 62784K, 12% used [0x00000000a4000000,0x00000000a47f2c58,0x00000000a7d50000)
 PSPermGen       total 21248K, used 3569K [0x0000000099a00000, 0x000000009aec0000, 0x00000000a4000000)
  object space 21248K, 16% used [0x0000000099a00000,0x0000000099d7c490,0x000000009aec0000)
}
Event: 4.662 GC heap before
{Heap before GC invocations=6 (full 0):
 PSYoungGen      total 98112K, used 98112K [0x00000000e1560000, 0x00000000eddc0000, 0x0000000100000000)
  eden space 94208K, 100% used [0x00000000e1560000,0x00000000e7160000,0x00000000e7160000)
  from space 3904K, 100% used [0x00000000e7160000,0x00000000e7530000,0x00000000e7530000)
  to   space 8384K, 0% used [0x00000000ed590000,0x00000000ed590000,0x00000000eddc0000)
 ParOldGen       total 62784K, used 8139K [0x00000000a4000000, 0x00000000a7d50000, 0x00000000e1560000)
  object space 62784K, 12% used [0x00000000a4000000,0x00000000a47f2c58,0x00000000a7d50000)
 PSPermGen       total 21248K, used 3569K [0x0000000099a00000, 0x000000009aec0000, 0x00000000a4000000)
  object space 21248K, 16% used [0x0000000099a00000,0x0000000099d7c490,0x000000009aec0000)
Event: 4.689 GC heap after
Heap after GC invocations=6 (full 0):
 PSYoungGen      total 196416K, used 4608K [0x00000000e1560000, 0x00000000edd60000, 0x0000000100000000)
  eden space 188416K, 0% used [0x00000000e1560000,0x00000000e1560000,0x00000000ecd60000)
  from space 8000K, 57% used [0x00000000ed590000,0x00000000eda10000,0x00000000edd60000)
  to   space 8192K, 0% used [0x00000000ecd60000,0x00000000ecd60000,0x00000000ed560000)
 ParOldGen       total 62784K, used 8139K [0x00000000a4000000, 0x00000000a7d50000, 0x00000000e1560000)
  object space 62784K, 12% used [0x00000000a4000000,0x00000000a47f2c58,0x00000000a7d50000)
 PSPermGen       total 21248K, used 3569K [0x0000000099a00000, 0x000000009aec0000, 0x00000000a4000000)
  object space 21248K, 16% used [0x0000000099a00000,0x0000000099d7c490,0x000000009aec0000)
}
Event: 5.810 GC heap before
{Heap before GC invocations=7 (full 0):
 PSYoungGen      total 196416K, used 193024K [0x00000000e1560000, 0x00000000edd60000, 0x0000000100000000)
  eden space 188416K, 100% used [0x00000000e1560000,0x00000000ecd60000,0x00000000ecd60000)
  from space 8000K, 57% used [0x00000000ed590000,0x00000000eda10000,0x00000000edd60000)
  to   space 8192K, 0% used [0x00000000ecd60000,0x00000000ecd60000,0x00000000ed560000)
 ParOldGen       total 62784K, used 8139K [0x00000000a4000000, 0x00000000a7d50000, 0x00000000e1560000)
  object space 62784K, 12% used [0x00000000a4000000,0x00000000a47f2c58,0x00000000a7d50000)
 PSPermGen       total 21248K, used 3569K [0x0000000099a00000, 0x000000009aec0000, 0x00000000a4000000)
  object space 21248K, 16% used [0x0000000099a00000,0x0000000099d7c490,0x000000009aec0000)
Event: 5.844 GC heap after
Heap after GC invocations=7 (full 0):
 PSYoungGen      total 196608K, used 1184K [0x00000000e1560000, 0x00000000f9660000, 0x0000000100000000)
  eden space 188416K, 0% used [0x00000000e1560000,0x00000000e1560000,0x00000000ecd60000)
  from space 8192K, 14% used [0x00000000ecd60000,0x00000000ece88000,0x00000000ed560000)
  to   space 8704K, 0% used [0x00000000f8de0000,0x00000000f8de0000,0x00000000f9660000)
 ParOldGen       total 62784K, used 11723K [0x00000000a4000000, 0x00000000a7d50000, 0x00000000e1560000)
  object space 62784K, 18% used [0x00000000a4000000,0x00000000a4b72cb8,0x00000000a7d50000)
 PSPermGen       total 21248K, used 3569K [0x0000000099a00000, 0x000000009aec0000, 0x00000000a4000000)
  object space 21248K, 16% used [0x0000000099a00000,0x0000000099d7c490,0x000000009aec0000)
}
Event: 88.136 GC heap before
{Heap before GC invocations=8 (full 0):
 PSYoungGen      total 196608K, used 189600K [0x00000000e1560000, 0x00000000f9660000, 0x0000000100000000)
  eden space 188416K, 100% used [0x00000000e1560000,0x00000000ecd60000,0x00000000ecd60000)
  from space 8192K, 14% used [0x00000000ecd60000,0x00000000ece88000,0x00000000ed560000)
  to   space 8704K, 0% used [0x00000000f8de0000,0x00000000f8de0000,0x00000000f9660000)
 ParOldGen       total 62784K, used 11723K [0x00000000a4000000, 0x00000000a7d50000, 0x00000000e1560000)
  object space 62784K, 18% used [0x00000000a4000000,0x00000000a4b72cb8,0x00000000a7d50000)
 PSPermGen       total 21248K, used 19308K [0x0000000099a00000, 0x000000009aec0000, 0x00000000a4000000)
  object space 21248K, 90% used [0x0000000099a00000,0x000000009acdb068,0x000000009aec0000)
Event: 88.156 GC heap after
Heap after GC invocations=8 (full 0):
 PSYoungGen      total 384768K, used 4434K [0x00000000e1560000, 0x00000000f95a0000, 0x0000000100000000)
  eden space 376832K, 0% used [0x00000000e1560000,0x00000000e1560000,0x00000000f8560000)
  from space 7936K, 55% used [0x00000000f8de0000,0x00000000f92348a0,0x00000000f95a0000)
  to   space 8320K, 0% used [0x00000000f8560000,0x00000000f8560000,0x00000000f8d80000)
 ParOldGen       total 62784K, used 11771K [0x00000000a4000000, 0x00000000a7d50000, 0x00000000e1560000)
  object space 62784K, 18% used [0x00000000a4000000,0x00000000a4b7ecb8,0x00000000a7d50000)
 PSPermGen       total 21248K, used 19308K [0x0000000099a00000, 0x000000009aec0000, 0x00000000a4000000)
  object space 21248K, 90% used [0x0000000099a00000,0x000000009acdb068,0x000000009aec0000)
}

Deoptimization events (10 events):
Event: 66.592 Thread 0x00007f1c70044000 Uncommon trap -58 fr.pc 0x00007f1cd5137ce8
Event: 66.592 Thread 0x00007f1c70044000 Uncommon trap -58 fr.pc 0x00007f1cd5129a5c
Event: 66.592 Thread 0x00007f1c70044000 Uncommon trap -58 fr.pc 0x00007f1cd5137ce8
Event: 66.595 Thread 0x00007f1c70044000 Uncommon trap -58 fr.pc 0x00007f1cd5137ce8
Event: 110.528 Thread 0x00007f1cd853f800 Uncommon trap -34 fr.pc 0x00007f1cd5193778
Event: 110.528 Thread 0x00007f1cd853f800 Uncommon trap -34 fr.pc 0x00007f1cd5193778
Event: 110.528 Thread 0x00007f1cd853f800 Uncommon trap -34 fr.pc 0x00007f1cd5193778
Event: 110.528 Thread 0x00007f1cd853f800 Uncommon trap -34 fr.pc 0x00007f1cd5193778
Event: 112.935 Thread 0x00007f1c74127000 Uncommon trap -83 fr.pc 0x00007f1cd5197e6c
Event: 112.936 Thread 0x00007f1c74127000 Uncommon trap -83 fr.pc 0x00007f1cd5196840

Internal exceptions (10 events):
Event: 66.583 Thread 0x00007f1c70044000 Threw 0x00000000eacd5458 at /build/buildd/openjdk-7-7u25-2.3.12/build/openjdk/hotspot/src/share/vm/prims/jvm.cpp:1235
Event: 66.586 Thread 0x00007f1c70044000 Threw 0x00000000eacd8d60 at /build/buildd/openjdk-7-7u25-2.3.12/build/openjdk/hotspot/src/share/vm/prims/jvm.cpp:1235
Event: 66.586 Thread 0x00007f1c70044000 Threw 0x00000000eacdbed8 at /build/buildd/openjdk-7-7u25-2.3.12/build/openjdk/hotspot/src/share/vm/prims/jvm.cpp:1235
Event: 66.588 Thread 0x00007f1c70044000 Threw 0x00000000eacdf690 at /build/buildd/openjdk-7-7u25-2.3.12/build/openjdk/hotspot/src/share/vm/prims/jvm.cpp:1235
Event: 66.589 Thread 0x00007f1c70044000 Threw 0x00000000eace28c0 at /build/buildd/openjdk-7-7u25-2.3.12/build/openjdk/hotspot/src/share/vm/prims/jvm.cpp:1235
Event: 66.590 Thread 0x00007f1c70044000 Threw 0x00000000eace5970 at /build/buildd/openjdk-7-7u25-2.3.12/build/openjdk/hotspot/src/share/vm/prims/jvm.cpp:1235
Event: 66.590 Thread 0x00007f1c70044000 Threw 0x00000000eace9240 at /build/buildd/openjdk-7-7u25-2.3.12/build/openjdk/hotspot/src/share/vm/prims/jvm.cpp:1235
Event: 75.616 Thread 0x00007f1c70044000 Threw 0x00000000eb882400 at /build/buildd/openjdk-7-7u25-2.3.12/build/openjdk/hotspot/src/share/vm/prims/jvm.cpp:1235
Event: 112.935 Thread 0x00007f1c74127000 Implicit null exception at 0x00007f1cd5197dc7 to 0x00007f1cd5197e59
Event: 112.936 Thread 0x00007f1c74127000 Implicit null exception at 0x00007f1cd5196790 to 0x00007f1cd5196825

Events (10 events):
Event: 112.936 Thread 0x00007f1c74127000 DEOPT UNPACKING pc=0x00007f1cd5039145 sp=0x00007f1cc59390c8 mode 2
Event: 112.937 Executing VM operation: RevokeBias
Event: 112.937 Executing VM operation: RevokeBias done
Event: 112.947 Executing VM operation: RevokeBias
Event: 112.947 Executing VM operation: RevokeBias done
Event: 112.947 Executing VM operation: RevokeBias
Event: 112.947 Executing VM operation: RevokeBias done
Event: 112.947 Executing VM operation: RevokeBias
Event: 112.947 Executing VM operation: RevokeBias done
Event: 131.713 Thread 0x00007f1cd810e000 flushing nmethod 0x00007f1cd50dec10


Dynamic libraries:
00400000-00401000 r-xp 00000000 08:07 8130224                            /usr/lib/jvm/java-7-openjdk-amd64/jre/bin/java
00600000-00601000 r--p 00000000 08:07 8130224                            /usr/lib/jvm/java-7-openjdk-amd64/jre/bin/java
00601000-00602000 rw-p 00001000 08:07 8130224                            /usr/lib/jvm/java-7-openjdk-amd64/jre/bin/java
015c0000-015e1000 rw-p 00000000 00:00 0                                  [heap]
99a00000-9aec0000 rw-p 00000000 00:00 0 
9aec0000-a4000000 rw-p 00000000 00:00 0 
a4000000-a7d50000 rw-p 00000000 00:00 0 
a7d50000-e1560000 rw-p 00000000 00:00 0 
e1560000-f95a0000 rw-p 00000000 00:00 0 
f95a0000-f9660000 ---p 00000000 00:00 0 
f9660000-100000000 rw-p 00000000 00:00 0 
7f1c60000000-7f1c60021000 rw-p 00000000 00:00 0 
7f1c60021000-7f1c64000000 ---p 00000000 00:00 0 
7f1c68000000-7f1c68021000 rw-p 00000000 00:00 0 
7f1c68021000-7f1c6c000000 ---p 00000000 00:00 0 
7f1c6c000000-7f1c6c021000 rw-p 00000000 00:00 0 
7f1c6c021000-7f1c70000000 ---p 00000000 00:00 0 
7f1c70000000-7f1c700e0000 rw-p 00000000 00:00 0 
7f1c700e0000-7f1c74000000 ---p 00000000 00:00 0 
7f1c74000000-7f1c741ae000 rw-p 00000000 00:00 0 
7f1c741ae000-7f1c78000000 ---p 00000000 00:00 0 
7f1c78000000-7f1c78028000 rw-p 00000000 00:00 0 
7f1c78028000-7f1c7c000000 ---p 00000000 00:00 0 
7f1c7c000000-7f1c7c021000 rw-p 00000000 00:00 0 
7f1c7c021000-7f1c80000000 ---p 00000000 00:00 0 
7f1c80000000-7f1c80021000 rw-p 00000000 00:00 0 
7f1c80021000-7f1c84000000 ---p 00000000 00:00 0 
7f1c856fc000-7f1c85bee000 rw-p 00000000 00:00 0 
7f1c85bee000-7f1c85d37000 rw-s 00000000 00:04 319258648                  /SYSV00000000 (deleted)
7f1c85d37000-7f1c85d3a000 ---p 00000000 00:00 0 
7f1c85d3a000-7f1c85e38000 rw-p 00000000 00:00 0                          [stack:2866]
7f1c85e38000-7f1c85e3b000 ---p 00000000 00:00 0 
7f1c85e3b000-7f1c85f39000 rw-p 00000000 00:00 0 
7f1c85f39000-7f1c85f3c000 ---p 00000000 00:00 0 
7f1c85f3c000-7f1c8603a000 rw-p 00000000 00:00 0 
7f1c8603a000-7f1c8603d000 ---p 00000000 00:00 0 
7f1c8603d000-7f1c8613b000 rw-p 00000000 00:00 0 
7f1c8613b000-7f1c8614b000 r-xp 00000000 08:07 8130194                    /usr/lib/jvm/java-7-openjdk-amd64/jre/lib/amd64/libnio.so
7f1c8614b000-7f1c8634a000 ---p 00010000 08:07 8130194                    /usr/lib/jvm/java-7-openjdk-amd64/jre/lib/amd64/libnio.so
7f1c8634a000-7f1c8634b000 r--p 0000f000 08:07 8130194                    /usr/lib/jvm/java-7-openjdk-amd64/jre/lib/amd64/libnio.so
7f1c8634b000-7f1c8634c000 rw-p 00010000 08:07 8130194                    /usr/lib/jvm/java-7-openjdk-amd64/jre/lib/amd64/libnio.so
7f1c8634c000-7f1c86398000 r-xp 00000000 08:07 8130205                    /usr/lib/jvm/java-7-openjdk-amd64/jre/lib/amd64/libfontmanager.so
7f1c86398000-7f1c86597000 ---p 0004c000 08:07 8130205                    /usr/lib/jvm/java-7-openjdk-amd64/jre/lib/amd64/libfontmanager.so
7f1c86597000-7f1c8659a000 r--p 0004b000 08:07 8130205                    /usr/lib/jvm/java-7-openjdk-amd64/jre/lib/amd64/libfontmanager.so
7f1c8659a000-7f1c8659b000 rw-p 0004e000 08:07 8130205                    /usr/lib/jvm/java-7-openjdk-amd64/jre/lib/amd64/libfontmanager.so
7f1c8659b000-7f1c8659e000 ---p 00000000 00:00 0 
7f1c8659e000-7f1c8669c000 rw-p 00000000 00:00 0                          [stack:2860]
7f1c8669c000-7f1c8669f000 ---p 00000000 00:00 0 
7f1c8669f000-7f1c8679d000 rw-p 00000000 00:00 0                          [stack:2859]
7f1c8679d000-7f1c867a0000 ---p 00000000 00:00 0 
7f1c867a0000-7f1c8689e000 rw-p 00000000 00:00 0                          [stack:2858]
7f1c8689e000-7f1c868a1000 ---p 00000000 00:00 0 
7f1c868a1000-7f1c8699f000 rw-p 00000000 00:00 0                          [stack:2857]
7f1c8699f000-7f1c869a3000 r-xp 00000000 08:07 5242929                    /lib/x86_64-linux-gnu/libgpg-error.so.0.10.0
7f1c869a3000-7f1c86ba2000 ---p 00004000 08:07 5242929                    /lib/x86_64-linux-gnu/libgpg-error.so.0.10.0
7f1c86ba2000-7f1c86ba3000 r--p 00003000 08:07 5242929                    /lib/x86_64-linux-gnu/libgpg-error.so.0.10.0
7f1c86ba3000-7f1c86ba4000 rw-p 00004000 08:07 5242929                    /lib/x86_64-linux-gnu/libgpg-error.so.0.10.0
7f1c86ba4000-7f1c86ba6000 r-xp 00000000 08:07 5242940                    /lib/x86_64-linux-gnu/libkeyutils.so.1.4
7f1c86ba6000-7f1c86da6000 ---p 00002000 08:07 5242940                    /lib/x86_64-linux-gnu/libkeyutils.so.1.4
7f1c86da6000-7f1c86da7000 r--p 00002000 08:07 5242940                    /lib/x86_64-linux-gnu/libkeyutils.so.1.4
7f1c86da7000-7f1c86da8000 rw-p 00003000 08:07 5242940                    /lib/x86_64-linux-gnu/libkeyutils.so.1.4
7f1c86da8000-7f1c86dc0000 r-xp 00000000 08:07 7864518                    /usr/lib/x86_64-linux-gnu/libgraphite2.so.3.0.1
7f1c86dc0000-7f1c86fbf000 ---p 00018000 08:07 7864518                    /usr/lib/x86_64-linux-gnu/libgraphite2.so.3.0.1
7f1c86fbf000-7f1c86fc1000 r--p 00017000 08:07 7864518                    /usr/lib/x86_64-linux-gnu/libgraphite2.so.3.0.1
7f1c86fc1000-7f1c86fc2000 rw-p 00019000 08:07 7864518                    /usr/lib/x86_64-linux-gnu/libgraphite2.so.3.0.1
7f1c86fc2000-7f1c86fc6000 r-xp 00000000 08:07 7870208                    /usr/lib/x86_64-linux-gnu/libXxf86vm.so.1.0.0
7f1c86fc6000-7f1c871c6000 ---p 00004000 08:07 7870208                    /usr/lib/x86_64-linux-gnu/libXxf86vm.so.1.0.0
7f1c871c6000-7f1c871c7000 r--p 00004000 08:07 7870208                    /usr/lib/x86_64-linux-gnu/libXxf86vm.so.1.0.0
7f1c871c7000-7f1c871c8000 rw-p 00005000 08:07 7870208                    /usr/lib/x86_64-linux-gnu/libXxf86vm.so.1.0.0
7f1c871c8000-7f1c871dd000 r-xp 00000000 08:07 7866526                    /usr/lib/x86_64-linux-gnu/libxcb-glx.so.0.0.0
7f1c871dd000-7f1c873dc000 ---p 00015000 08:07 7866526                    /usr/lib/x86_64-linux-gnu/libxcb-glx.so.0.0.0
7f1c873dc000-7f1c873de000 r--p 00014000 08:07 7866526                    /usr/lib/x86_64-linux-gnu/libxcb-glx.so.0.0.0
7f1c873de000-7f1c873df000 rw-p 00016000 08:07 7866526                    /usr/lib/x86_64-linux-gnu/libxcb-glx.so.0.0.0
7f1c873df000-7f1c87401000 r-xp 00000000 08:07 7868682                    /usr/lib/x86_64-linux-gnu/libglapi.so.0.0.0
7f1c87401000-7f1c87601000 ---p 00022000 08:07 7868682                    /usr/lib/x86_64-linux-gnu/libglapi.so.0.0.0
7f1c87601000-7f1c87604000 r--p 00022000 08:07 7868682                    /usr/lib/x86_64-linux-gnu/libglapi.so.0.0.0
7f1c87604000-7f1c87605000 rw-p 00025000 08:07 7868682                    /usr/lib/x86_64-linux-gnu/libglapi.so.0.0.0
7f1c87605000-7f1c87606000 rw-p 00000000 00:00 0 
7f1c87606000-7f1c87611000 r-xp 00000000 08:07 7864548                    /usr/lib/x86_64-linux-gnu/libdrm.so.2.4.0
7f1c87611000-7f1c87810000 ---p 0000b000 08:07 7864548                    /usr/lib/x86_64-linux-gnu/libdrm.so.2.4.0
7f1c87810000-7f1c87811000 r--p 0000a000 08:07 7864548                    /usr/lib/x86_64-linux-gnu/libdrm.so.2.4.0
7f1c87811000-7f1c87812000 rw-p 0000b000 08:07 7864548                    /usr/lib/x86_64-linux-gnu/libdrm.so.2.4.0
7f1c87812000-7f1c87822000 r-xp 00000000 08:07 5242950                    /lib/x86_64-linux-gnu/libudev.so.1.3.5
7f1c87822000-7f1c87a21000 ---p 00010000 08:07 5242950                    /lib/x86_64-linux-gnu/libudev.so.1.3.5
7f1c87a21000-7f1c87a22000 r--p 0000f000 08:07 5242950                    /lib/x86_64-linux-gnu/libudev.so.1.3.5
7f1c87a22000-7f1c87a23000 rw-p 00010000 08:07 5242950                    /lib/x86_64-linux-gnu/libudev.so.1.3.5
7f1c87a23000-7f1c87a29000 r-xp 00000000 08:07 7866501                    /usr/lib/x86_64-linux-gnu/libgbm.so.1.0.0
7f1c87a29000-7f1c87c29000 ---p 00006000 08:07 7866501                    /usr/lib/x86_64-linux-gnu/libgbm.so.1.0.0
7f1c87c29000-7f1c87c2a000 r--p 00006000 08:07 7866501                    /usr/lib/x86_64-linux-gnu/libgbm.so.1.0.0
7f1c87c2a000-7f1c87c2b000 rw-p 00007000 08:07 7866501                    /usr/lib/x86_64-linux-gnu/libgbm.so.1.0.0
7f1c87c2b000-7f1c87c39000 r-xp 00000000 08:07 7868902                    /usr/lib/x86_64-linux-gnu/libwayland-server.so.0.1.0
7f1c87c39000-7f1c87e38000 ---p 0000e000 08:07 7868902                    /usr/lib/x86_64-linux-gnu/libwayland-server.so.0.1.0
7f1c87e38000-7f1c87e3a000 r--p 0000d000 08:07 7868902                    /usr/lib/x86_64-linux-gnu/libwayland-server.so.0.1.0
7f1c87e3a000-7f1c87e3b000 rw-p 0000f000 08:07 7868902                    /usr/lib/x86_64-linux-gnu/libwayland-server.so.0.1.0
7f1c87e3b000-7f1c87e46000 r-xp 00000000 08:07 7864504                    /usr/lib/x86_64-linux-gnu/libwayland-client.so.0.1.0
7f1c87e46000-7f1c88045000 ---p 0000b000 08:07 7864504                    /usr/lib/x86_64-linux-gnu/libwayland-client.so.0.1.0
7f1c88045000-7f1c88047000 r--p 0000a000 08:07 7864504                    /usr/lib/x86_64-linux-gnu/libwayland-client.so.0.1.0
7f1c88047000-7f1c88048000 rw-p 0000c000 08:07 7864504                    /usr/lib/x86_64-linux-gnu/libwayland-client.so.0.1.0
7f1c88048000-7f1c8804d000 r-xp 00000000 08:07 7866542                    /usr/lib/x86_64-linux-gnu/libxcb-xfixes.so.0.0.0
7f1c8804d000-7f1c8824d000 ---p 00005000 08:07 7866542                    /usr/lib/x86_64-linux-gnu/libxcb-xfixes.so.0.0.0
7f1c8824d000-7f1c8824e000 r--p 00005000 08:07 7866542                    /usr/lib/x86_64-linux-gnu/libxcb-xfixes.so.0.0.0
7f1c8824e000-7f1c8824f000 rw-p 00006000 08:07 7866542                    /usr/lib/x86_64-linux-gnu/libxcb-xfixes.so.0.0.0
7f1c8824f000-7f1c88252000 r-xp 00000000 08:07 7869896                    /usr/lib/x86_64-linux-gnu/libxcb-dri2.so.0.0.0
7f1c88252000-7f1c88452000 ---p 00003000 08:07 7869896                    /usr/lib/x86_64-linux-gnu/libxcb-dri2.so.0.0.0
7f1c88452000-7f1c88453000 r--p 00003000 08:07 7869896                    /usr/lib/x86_64-linux-gnu/libxcb-dri2.so.0.0.0
7f1c88453000-7f1c88454000 rw-p 00004000 08:07 7869896                    /usr/lib/x86_64-linux-gnu/libxcb-dri2.so.0.0.0
7f1c88454000-7f1c88455000 r-xp 00000000 08:07 7869904                    /usr/lib/x86_64-linux-gnu/libX11-xcb.so.1.0.0
7f1c88455000-7f1c88654000 ---p 00001000 08:07 7869904                    /usr/lib/x86_64-linux-gnu/libX11-xcb.so.1.0.0
7f1c88654000-7f1c88655000 r--p 00000000 08:07 7869904                    /usr/lib/x86_64-linux-gnu/libX11-xcb.so.1.0.0
7f1c88655000-7f1c88656000 rw-p 00001000 08:07 7869904                    /usr/lib/x86_64-linux-gnu/libX11-xcb.so.1.0.0
7f1c88656000-7f1c8869a000 r-xp 00000000 08:07 5242924                    /lib/x86_64-linux-gnu/libdbus-1.so.3.7.4
7f1c8869a000-7f1c88899000 ---p 00044000 08:07 5242924                    /lib/x86_64-linux-gnu/libdbus-1.so.3.7.4
7f1c88899000-7f1c8889a000 r--p 00043000 08:07 5242924                    /lib/x86_64-linux-gnu/libdbus-1.so.3.7.4
7f1c8889a000-7f1c8889b000 rw-p 00044000 08:07 5242924                    /lib/x86_64-linux-gnu/libdbus-1.so.3.7.4
7f1c8889b000-7f1c888b9000 r-xp 00000000 08:07 7870895                    /usr/lib/x86_64-linux-gnu/libp11-kit.so.0.0.0
7f1c888b9000-7f1c88ab8000 ---p 0001e000 08:07 7870895                    /usr/lib/x86_64-linux-gnu/libp11-kit.so.0.0.0
7f1c88ab8000-7f1c88aba000 r--p 0001d000 08:07 7870895                    /usr/lib/x86_64-linux-gnu/libp11-kit.so.0.0.0
7f1c88aba000-7f1c88abb000 rw-p 0001f000 08:07 7870895                    /usr/lib/x86_64-linux-gnu/libp11-kit.so.0.0.0
7f1c88abb000-7f1c88acb000 r-xp 00000000 08:07 7870891                    /usr/lib/x86_64-linux-gnu/libtasn1.so.3.2.0
7f1c88acb000-7f1c88cca000 ---p 00010000 08:07 7870891                    /usr/lib/x86_64-linux-gnu/libtasn1.so.3.2.0
7f1c88cca000-7f1c88ccb000 r--p 0000f000 08:07 7870891                    /usr/lib/x86_64-linux-gnu/libtasn1.so.3.2.0
7f1c88ccb000-7f1c88ccc000 rw-p 00010000 08:07 7870891                    /usr/lib/x86_64-linux-gnu/libtasn1.so.3.2.0
7f1c88ccc000-7f1c88d46000 r-xp 00000000 08:07 5242933                    /lib/x86_64-linux-gnu/libgcrypt.so.11.7.0
7f1c88d46000-7f1c88f46000 ---p 0007a000 08:07 5242933                    /lib/x86_64-linux-gnu/libgcrypt.so.11.7.0
7f1c88f46000-7f1c88f47000 r--p 0007a000 08:07 5242933                    /lib/x86_64-linux-gnu/libgcrypt.so.11.7.0
7f1c88f47000-7f1c88f4a000 rw-p 0007b000 08:07 5242933                    /lib/x86_64-linux-gnu/libgcrypt.so.11.7.0
7f1c88f4a000-7f1c88f51000 r-xp 00000000 08:07 7866378                    /usr/lib/x86_64-linux-gnu/libkrb5support.so.0.1
7f1c88f51000-7f1c89150000 ---p 00007000 08:07 7866378                    /usr/lib/x86_64-linux-gnu/libkrb5support.so.0.1
7f1c89150000-7f1c89151000 r--p 00006000 08:07 7866378                    /usr/lib/x86_64-linux-gnu/libkrb5support.so.0.1
7f1c89151000-7f1c89152000 rw-p 00007000 08:07 7866378                    /usr/lib/x86_64-linux-gnu/libkrb5support.so.0.1
7f1c89152000-7f1c89155000 r-xp 00000000 08:07 5242904                    /lib/x86_64-linux-gnu/libcom_err.so.2.1
7f1c89155000-7f1c89354000 ---p 00003000 08:07 5242904                    /lib/x86_64-linux-gnu/libcom_err.so.2.1
7f1c89354000-7f1c89355000 r--p 00002000 08:07 5242904                    /lib/x86_64-linux-gnu/libcom_err.so.2.1
7f1c89355000-7f1c89356000 rw-p 00003000 08:07 5242904                    /lib/x86_64-linux-gnu/libcom_err.so.2.1
7f1c89356000-7f1c8937c000 r-xp 00000000 08:07 7870911                    /usr/lib/x86_64-linux-gnu/libk5crypto.so.3.1
7f1c8937c000-7f1c8957b000 ---p 00026000 08:07 7870911                    /usr/lib/x86_64-linux-gnu/libk5crypto.so.3.1
7f1c8957b000-7f1c8957c000 r--p 00025000 08:07 7870911                    /usr/lib/x86_64-linux-gnu/libk5crypto.so.3.1
7f1c8957c000-7f1c8957d000 rw-p 00026000 08:07 7870911                    /usr/lib/x86_64-linux-gnu/libk5crypto.so.3.1
7f1c8957d000-7f1c8957e000 rw-p 00000000 00:00 0 
7f1c8957e000-7f1c89643000 r-xp 00000000 08:07 7870927                    /usr/lib/x86_64-linux-gnu/libkrb5.so.3.3
7f1c89643000-7f1c89842000 ---p 000c5000 08:07 7870927                    /usr/lib/x86_64-linux-gnu/libkrb5.so.3.3
7f1c89842000-7f1c8984c000 r--p 000c4000 08:07 7870927                    /usr/lib/x86_64-linux-gnu/libkrb5.so.3.3
7f1c8984c000-7f1c8984d000 rw-p 000ce000 08:07 7870927                    /usr/lib/x86_64-linux-gnu/libkrb5.so.3.3
7f1c8984d000-7f1c89853000 r-xp 00000000 08:07 7864996                    /usr/lib/x86_64-linux-gnu/libdatrie.so.1.2.0
7f1c89853000-7f1c89a52000 ---p 00006000 08:07 7864996                    /usr/lib/x86_64-linux-gnu/libdatrie.so.1.2.0
7f1c89a52000-7f1c89a53000 r--p 00005000 08:07 7864996                    /usr/lib/x86_64-linux-gnu/libdatrie.so.1.2.0
7f1c89a53000-7f1c89a54000 rw-p 00006000 08:07 7864996                    /usr/lib/x86_64-linux-gnu/libdatrie.so.1.2.0
7f1c89a54000-7f1c89aa4000 r-xp 00000000 08:07 7872140                    /usr/lib/x86_64-linux-gnu/libharfbuzz.so.0.919.0
7f1c89aa4000-7f1c89ca4000 ---p 00050000 08:07 7872140                    /usr/lib/x86_64-linux-gnu/libharfbuzz.so.0.919.0
7f1c89ca4000-7f1c89ca5000 r--p 00050000 08:07 7872140                    /usr/lib/x86_64-linux-gnu/libharfbuzz.so.0.919.0
7f1c89ca5000-7f1c89ca6000 rw-p 00051000 08:07 7872140                    /usr/lib/x86_64-linux-gnu/libharfbuzz.so.0.919.0
7f1c89ca6000-7f1c89d02000 r-xp 00000000 08:07 8258487                    /usr/lib/x86_64-linux-gnu/mesa/libGL.so.1.2.0
7f1c89d02000-7f1c89f02000 ---p 0005c000 08:07 8258487                    /usr/lib/x86_64-linux-gnu/mesa/libGL.so.1.2.0
7f1c89f02000-7f1c89f04000 r--p 0005c000 08:07 8258487                    /usr/lib/x86_64-linux-gnu/mesa/libGL.so.1.2.0
7f1c89f04000-7f1c89f05000 rw-p 0005e000 08:07 8258487                    /usr/lib/x86_64-linux-gnu/mesa/libGL.so.1.2.0
7f1c89f05000-7f1c89f06000 rw-p 00000000 00:00 0 
7f1c89f06000-7f1c89f0e000 r-xp 00000000 08:07 7870007                    /usr/lib/x86_64-linux-gnu/libxcb-render.so.0.0.0
7f1c89f0e000-7f1c8a10d000 ---p 00008000 08:07 7870007                    /usr/lib/x86_64-linux-gnu/libxcb-render.so.0.0.0
7f1c8a10d000-7f1c8a10e000 r--p 00007000 08:07 7870007                    /usr/lib/x86_64-linux-gnu/libxcb-render.so.0.0.0
7f1c8a10e000-7f1c8a10f000 rw-p 00008000 08:07 7870007                    /usr/lib/x86_64-linux-gnu/libxcb-render.so.0.0.0
7f1c8a10f000-7f1c8a111000 r-xp 00000000 08:07 7870014                    /usr/lib/x86_64-linux-gnu/libxcb-shm.so.0.0.0
7f1c8a111000-7f1c8a310000 ---p 00002000 08:07 7870014                    /usr/lib/x86_64-linux-gnu/libxcb-shm.so.0.0.0
7f1c8a310000-7f1c8a311000 r--p 00001000 08:07 7870014                    /usr/lib/x86_64-linux-gnu/libxcb-shm.so.0.0.0
7f1c8a311000-7f1c8a312000 rw-p 00002000 08:07 7870014                    /usr/lib/x86_64-linux-gnu/libxcb-shm.so.0.0.0
7f1c8a312000-7f1c8a337000 r-xp 00000000 08:07 5242946                    /lib/x86_64-linux-gnu/libpng12.so.0.49.0
7f1c8a337000-7f1c8a536000 ---p 00025000 08:07 5242946                    /lib/x86_64-linux-gnu/libpng12.so.0.49.0
7f1c8a536000-7f1c8a537000 r--p 00024000 08:07 5242946                    /lib/x86_64-linux-gnu/libpng12.so.0.49.0
7f1c8a537000-7f1c8a538000 rw-p 00025000 08:07 5242946                    /lib/x86_64-linux-gnu/libpng12.so.0.49.0
7f1c8a538000-7f1c8a55a000 r-xp 00000000 08:07 8258538                    /usr/lib/x86_64-linux-gnu/mesa-egl/libEGL.so.1.0.0
7f1c8a55a000-7f1c8a75a000 ---p 00022000 08:07 8258538                    /usr/lib/x86_64-linux-gnu/mesa-egl/libEGL.so.1.0.0
7f1c8a75a000-7f1c8a75b000 r--p 00022000 08:07 8258538                    /usr/lib/x86_64-linux-gnu/mesa-egl/libEGL.so.1.0.0
7f1c8a75b000-7f1c8a75c000 rw-p 00023000 08:07 8258538                    /usr/lib/x86_64-linux-gnu/mesa-egl/libEGL.so.1.0.0
7f1c8a75c000-7f1c8a7fd000 r-xp 00000000 08:07 7864906                    /usr/lib/x86_64-linux-gnu/libpixman-1.so.0.30.2
7f1c8a7fd000-7f1c8a9fd000 ---p 000a1000 08:07 7864906                    /usr/lib/x86_64-linux-gnu/libpixman-1.so.0.30.2
7f1c8a9fd000-7f1c8aa04000 r--p 000a1000 08:07 7864906                    /usr/lib/x86_64-linux-gnu/libpixman-1.so.0.30.2
7f1c8aa04000-7f1c8aa05000 rw-p 000a8000 08:07 7864906                    /usr/lib/x86_64-linux-gnu/libpixman-1.so.0.30.2
7f1c8aa05000-7f1c8aa0a000 r-xp 00000000 08:07 7871525                    /usr/lib/x86_64-linux-gnu/libXdmcp.so.6.0.0
7f1c8aa0a000-7f1c8ac09000 ---p 00005000 08:07 7871525                    /usr/lib/x86_64-linux-gnu/libXdmcp.so.6.0.0
7f1c8ac09000-7f1c8ac0a000 r--p 00004000 08:07 7871525                    /usr/lib/x86_64-linux-gnu/libXdmcp.so.6.0.0
7f1c8ac0a000-7f1c8ac0b000 rw-p 00005000 08:07 7871525                    /usr/lib/x86_64-linux-gnu/libXdmcp.so.6.0.0
7f1c8ac0b000-7f1c8ac0d000 r-xp 00000000 08:07 7875069                    /usr/lib/x86_64-linux-gnu/libXau.so.6.0.0
7f1c8ac0d000-7f1c8ae0d000 ---p 00002000 08:07 7875069                    /usr/lib/x86_64-linux-gnu/libXau.so.6.0.0
7f1c8ae0d000-7f1c8ae0e000 r--p 00002000 08:07 7875069                    /usr/lib/x86_64-linux-gnu/libXau.so.6.0.0
7f1c8ae0e000-7f1c8ae0f000 rw-p 00003000 08:07 7875069                    /usr/lib/x86_64-linux-gnu/libXau.so.6.0.0
7f1c8ae0f000-7f1c8ae1e000 r-xp 00000000 08:07 7866479                    /usr/lib/x86_64-linux-gnu/libavahi-client.so.3.2.9
7f1c8ae1e000-7f1c8b01e000 ---p 0000f000 08:07 7866479                    /usr/lib/x86_64-linux-gnu/libavahi-client.so.3.2.9
7f1c8b01e000-7f1c8b01f000 r--p 0000f000 08:07 7866479                    /usr/lib/x86_64-linux-gnu/libavahi-client.so.3.2.9
7f1c8b01f000-7f1c8b020000 rw-p 00010000 08:07 7866479                    /usr/lib/x86_64-linux-gnu/libavahi-client.so.3.2.9
7f1c8b020000-7f1c8b02b000 r-xp 00000000 08:07 7864426                    /usr/lib/x86_64-linux-gnu/libavahi-common.so.3.5.3
7f1c8b02b000-7f1c8b22a000 ---p 0000b000 08:07 7864426                    /usr/lib/x86_64-linux-gnu/libavahi-common.so.3.5.3
7f1c8b22a000-7f1c8b22b000 r--p 0000a000 08:07 7864426                    /usr/lib/x86_64-linux-gnu/libavahi-common.so.3.5.3
7f1c8b22b000-7f1c8b22c000 rw-p 0000b000 08:07 7864426                    /usr/lib/x86_64-linux-gnu/libavahi-common.so.3.5.3
7f1c8b22c000-7f1c8b2e2000 r-xp 00000000 08:07 7866371                    /usr/lib/x86_64-linux-gnu/libgnutls.so.26.22.6
7f1c8b2e2000-7f1c8b4e2000 ---p 000b6000 08:07 7866371                    /usr/lib/x86_64-linux-gnu/libgnutls.so.26.22.6
7f1c8b4e2000-7f1c8b4e8000 r--p 000b6000 08:07 7866371                    /usr/lib/x86_64-linux-gnu/libgnutls.so.26.22.6
7f1c8b4e8000-7f1c8b4e9000 rw-p 000bc000 08:07 7866371                    /usr/lib/x86_64-linux-gnu/libgnutls.so.26.22.6
7f1c8b4e9000-7f1c8b4ea000 rw-p 00000000 00:00 0 
7f1c8b4ea000-7f1c8b525000 r-xp 00000000 08:07 7866383                    /usr/lib/x86_64-linux-gnu/libgssapi_krb5.so.2.2
7f1c8b525000-7f1c8b725000 ---p 0003b000 08:07 7866383                    /usr/lib/x86_64-linux-gnu/libgssapi_krb5.so.2.2
7f1c8b725000-7f1c8b726000 r--p 0003b000 08:07 7866383                    /usr/lib/x86_64-linux-gnu/libgssapi_krb5.so.2.2
7f1c8b726000-7f1c8b728000 rw-p 0003c000 08:07 7866383                    /usr/lib/x86_64-linux-gnu/libgssapi_krb5.so.2.2
7f1c8b728000-7f1c8b74f000 r-xp 00000000 08:07 5243699                    /lib/x86_64-linux-gnu/libexpat.so.1.6.0
7f1c8b74f000-7f1c8b94f000 ---p 00027000 08:07 5243699                    /lib/x86_64-linux-gnu/libexpat.so.1.6.0
7f1c8b94f000-7f1c8b951000 r--p 00027000 08:07 5243699                    /lib/x86_64-linux-gnu/libexpat.so.1.6.0
7f1c8b951000-7f1c8b952000 rw-p 00029000 08:07 5243699                    /lib/x86_64-linux-gnu/libexpat.so.1.6.0
7f1c8b952000-7f1c8b9ee000 r-xp 00000000 08:07 7866495                    /usr/lib/x86_64-linux-gnu/libfreetype.so.6.10.1
7f1c8b9ee000-7f1c8bbee000 ---p 0009c000 08:07 7866495                    /usr/lib/x86_64-linux-gnu/libfreetype.so.6.10.1
7f1c8bbee000-7f1c8bbf3000 r--p 0009c000 08:07 7866495                    /usr/lib/x86_64-linux-gnu/libfreetype.so.6.10.1
7f1c8bbf3000-7f1c8bbf4000 rw-p 000a1000 08:07 7866495                    /usr/lib/x86_64-linux-gnu/libfreetype.so.6.10.1
7f1c8bbf4000-7f1c8bbfc000 r-xp 00000000 08:07 7865670                    /usr/lib/x86_64-linux-gnu/libthai.so.0.2.0
7f1c8bbfc000-7f1c8bdfb000 ---p 00008000 08:07 7865670                    /usr/lib/x86_64-linux-gnu/libthai.so.0.2.0
7f1c8bdfb000-7f1c8bdfc000 r--p 00007000 08:07 7865670                    /usr/lib/x86_64-linux-gnu/libthai.so.0.2.0
7f1c8bdfc000-7f1c8bdfd000 rw-p 00008000 08:07 7865670                    /usr/lib/x86_64-linux-gnu/libthai.so.0.2.0
7f1c8bdfd000-7f1c8bdff000 r-xp 00000000 08:07 7870105                    /usr/lib/x86_64-linux-gnu/libXdamage.so.1.1.0
7f1c8bdff000-7f1c8bffe000 ---p 00002000 08:07 7870105                    /usr/lib/x86_64-linux-gnu/libXdamage.so.1.1.0
7f1c8bffe000-7f1c8bfff000 r--p 00001000 08:07 7870105                    /usr/lib/x86_64-linux-gnu/libXdamage.so.1.1.0
7f1c8bfff000-7f1c8c000000 rw-p 00002000 08:07 7870105                    /usr/lib/x86_64-linux-gnu/libXdamage.so.1.1.0
7f1c8c000000-7f1c8c021000 rw-p 00000000 00:00 0 
7f1c8c021000-7f1c90000000 ---p 00000000 00:00 0 
7f1c90000000-7f1c92341000 rw-p 00000000 00:00 0 
7f1c92341000-7f1c94000000 ---p 00000000 00:00 0 
7f1c9406d000-7f1c9406f000 r-xp 00000000 08:07 7870095                    /usr/lib/x86_64-linux-gnu/libXcomposite.so.1.0.0
7f1c9406f000-7f1c9426e000 ---p 00002000 08:07 7870095                    /usr/lib/x86_64-linux-gnu/libXcomposite.so.1.0.0
7f1c9426e000-7f1c9426f000 r--p 00001000 08:07 7870095                    /usr/lib/x86_64-linux-gnu/libXcomposite.so.1.0.0
7f1c9426f000-7f1c94270000 rw-p 00002000 08:07 7870095                    /usr/lib/x86_64-linux-gnu/libXcomposite.so.1.0.0
7f1c94270000-7f1c94279000 r-xp 00000000 08:07 7870100                    /usr/lib/x86_64-linux-gnu/libXcursor.so.1.0.2
7f1c94279000-7f1c94478000 ---p 00009000 08:07 7870100                    /usr/lib/x86_64-linux-gnu/libXcursor.so.1.0.2
7f1c94478000-7f1c94479000 r--p 00008000 08:07 7870100                    /usr/lib/x86_64-linux-gnu/libXcursor.so.1.0.2
7f1c94479000-7f1c9447a000 rw-p 00009000 08:07 7870100                    /usr/lib/x86_64-linux-gnu/libXcursor.so.1.0.2
7f1c9447a000-7f1c94483000 r-xp 00000000 08:07 7870144                    /usr/lib/x86_64-linux-gnu/libXrandr.so.2.2.0
7f1c94483000-7f1c94682000 ---p 00009000 08:07 7870144                    /usr/lib/x86_64-linux-gnu/libXrandr.so.2.2.0
7f1c94682000-7f1c94683000 r--p 00008000 08:07 7870144                    /usr/lib/x86_64-linux-gnu/libXrandr.so.2.2.0
7f1c94683000-7f1c94684000 rw-p 00009000 08:07 7870144                    /usr/lib/x86_64-linux-gnu/libXrandr.so.2.2.0
7f1c94684000-7f1c94686000 r-xp 00000000 08:07 7870112                    /usr/lib/x86_64-linux-gnu/libXinerama.so.1.0.0
7f1c94686000-7f1c94885000 ---p 00002000 08:07 7870112                    /usr/lib/x86_64-linux-gnu/libXinerama.so.1.0.0
7f1c94885000-7f1c94886000 r--p 00001000 08:07 7870112                    /usr/lib/x86_64-linux-gnu/libXinerama.so.1.0.0
7f1c94886000-7f1c94887000 rw-p 00002000 08:07 7870112                    /usr/lib/x86_64-linux-gnu/libXinerama.so.1.0.0
7f1c94887000-7f1c9489b000 r-xp 00000000 08:07 7871143                    /usr/lib/x86_64-linux-gnu/libpangoft2-1.0.so.0.3200.5
7f1c9489b000-7f1c94a9a000 ---p 00014000 08:07 7871143                    /usr/lib/x86_64-linux-gnu/libpangoft2-1.0.so.0.3200.5
7f1c94a9a000-7f1c94a9b000 r--p 00013000 08:07 7871143                    /usr/lib/x86_64-linux-gnu/libpangoft2-1.0.so.0.3200.5
7f1c94a9b000-7f1c94a9c000 rw-p 00014000 08:07 7871143                    /usr/lib/x86_64-linux-gnu/libpangoft2-1.0.so.0.3200.5
7f1c94a9c000-7f1c94bb5000 r-xp 00000000 08:07 7866335                    /usr/lib/x86_64-linux-gnu/libcairo.so.2.11200.16
7f1c94bb5000-7f1c94db5000 ---p 00119000 08:07 7866335                    /usr/lib/x86_64-linux-gnu/libcairo.so.2.11200.16
7f1c94db5000-7f1c94db8000 r--p 00119000 08:07 7866335                    /usr/lib/x86_64-linux-gnu/libcairo.so.2.11200.16
7f1c94db8000-7f1c94dba000 rw-p 0011c000 08:07 7866335                    /usr/lib/x86_64-linux-gnu/libcairo.so.2.11200.16
7f1c94dba000-7f1c94dbb000 rw-p 00000000 00:00 0 
7f1c94dbb000-7f1c94dda000 r-xp 00000000 08:07 7869937                    /usr/lib/x86_64-linux-gnu/libatk-1.0.so.0.21009.1
7f1c94dda000-7f1c94fda000 ---p 0001f000 08:07 7869937                    /usr/lib/x86_64-linux-gnu/libatk-1.0.so.0.21009.1
7f1c94fda000-7f1c94fdc000 r--p 0001f000 08:07 7869937                    /usr/lib/x86_64-linux-gnu/libatk-1.0.so.0.21009.1
7f1c94fdc000-7f1c94fdd000 rw-p 00021000 08:07 7869937                    /usr/lib/x86_64-linux-gnu/libatk-1.0.so.0.21009.1
7f1c94fdd000-7f1c94fe2000 r-xp 00000000 08:07 7869474                    /usr/lib/x86_64-linux-gnu/libXfixes.so.3.1.0
7f1c94fe2000-7f1c951e1000 ---p 00005000 08:07 7869474                    /usr/lib/x86_64-linux-gnu/libXfixes.so.3.1.0
7f1c951e1000-7f1c951e2000 r--p 00004000 08:07 7869474                    /usr/lib/x86_64-linux-gnu/libXfixes.so.3.1.0
7f1c951e2000-7f1c951e3000 rw-p 00005000 08:07 7869474                    /usr/lib/x86_64-linux-gnu/libXfixes.so.3.1.0
7f1c951e3000-7f1c951ee000 r-xp 00000000 08:07 7871123                    /usr/lib/x86_64-linux-gnu/libpangocairo-1.0.so.0.3200.5
7f1c951ee000-7f1c953ee000 ---p 0000b000 08:07 7871123                    /usr/lib/x86_64-linux-gnu/libpangocairo-1.0.so.0.3200.5
7f1c953ee000-7f1c953ef000 r--p 0000b000 08:07 7871123                    /usr/lib/x86_64-linux-gnu/libpangocairo-1.0.so.0.3200.5
7f1c953ef000-7f1c953f0000 rw-p 0000c000 08:07 7871123                    /usr/lib/x86_64-linux-gnu/libpangocairo-1.0.so.0.3200.5
7f1c953f0000-7f1c9540d000 r-xp 00000000 08:07 7866414                    /usr/lib/x86_64-linux-gnu/libxcb.so.1.1.0
7f1c9540d000-7f1c9560c000 ---p 0001d000 08:07 7866414                    /usr/lib/x86_64-linux-gnu/libxcb.so.1.1.0
7f1c9560c000-7f1c9560d000 r--p 0001c000 08:07 7866414                    /usr/lib/x86_64-linux-gnu/libxcb.so.1.1.0
7f1c9560d000-7f1c9560e000 rw-p 0001d000 08:07 7866414                    /usr/lib/x86_64-linux-gnu/libxcb.so.1.1.0
7f1c9560e000-7f1c9567a000 r-xp 00000000 08:07 7864762                    /usr/lib/x86_64-linux-gnu/libcups.so.2
7f1c9567a000-7f1c95879000 ---p 0006c000 08:07 7864762                    /usr/lib/x86_64-linux-gnu/libcups.so.2
7f1c95879000-7f1c95880000 r--p 0006b000 08:07 7864762                    /usr/lib/x86_64-linux-gnu/libcups.so.2
7f1c95880000-7f1c95881000 rw-p 00072000 08:07 7864762                    /usr/lib/x86_64-linux-gnu/libcups.so.2
7f1c95881000-7f1c95882000 r-xp 00000000 08:07 7869943                    /usr/lib/x86_64-linux-gnu/libgthread-2.0.so.0.3800.1
7f1c95882000-7f1c95a81000 ---p 00001000 08:07 7869943                    /usr/lib/x86_64-linux-gnu/libgthread-2.0.so.0.3800.1
7f1c95a81000-7f1c95a82000 r--p 00000000 08:07 7869943                    /usr/lib/x86_64-linux-gnu/libgthread-2.0.so.0.3800.1
7f1c95a82000-7f1c95a83000 rw-p 00001000 08:07 7869943                    /usr/lib/x86_64-linux-gnu/libgthread-2.0.so.0.3800.1
7f1c95a83000-7f1c95abc000 r-xp 00000000 08:07 7876035                    /usr/lib/x86_64-linux-gnu/libfontconfig.so.1.7.0
7f1c95abc000-7f1c95cbc000 ---p 00039000 08:07 7876035                    /usr/lib/x86_64-linux-gnu/libfontconfig.so.1.7.0
7f1c95cbc000-7f1c95cbe000 r--p 00039000 08:07 7876035                    /usr/lib/x86_64-linux-gnu/libfontconfig.so.1.7.0
7f1c95cbe000-7f1c95cbf000 rw-p 0003b000 08:07 7876035                    /usr/lib/x86_64-linux-gnu/libfontconfig.so.1.7.0
7f1c95cbf000-7f1c95d09000 r-xp 00000000 08:07 7871098                    /usr/lib/x86_64-linux-gnu/libpango-1.0.so.0.3200.5
7f1c95d09000-7f1c95f08000 ---p 0004a000 08:07 7871098                    /usr/lib/x86_64-linux-gnu/libpango-1.0.so.0.3200.5
7f1c95f08000-7f1c95f0a000 r--p 00049000 08:07 7871098                    /usr/lib/x86_64-linux-gnu/libpango-1.0.so.0.3200.5
7f1c95f0a000-7f1c95f0b000 rw-p 0004b000 08:07 7871098                    /usr/lib/x86_64-linux-gnu/libpango-1.0.so.0.3200.5
7f1c95f0b000-7f1c95f2a000 r-xp 00000000 08:07 7870068                    /usr/lib/x86_64-linux-gnu/libgdk_pixbuf-2.0.so.0.2800.1
7f1c95f2a000-7f1c96129000 ---p 0001f000 08:07 7870068                    /usr/lib/x86_64-linux-gnu/libgdk_pixbuf-2.0.so.0.2800.1
7f1c96129000-7f1c9612a000 r--p 0001e000 08:07 7870068                    /usr/lib/x86_64-linux-gnu/libgdk_pixbuf-2.0.so.0.2800.1
7f1c9612a000-7f1c9612b000 rw-p 0001f000 08:07 7870068                    /usr/lib/x86_64-linux-gnu/libgdk_pixbuf-2.0.so.0.2800.1
7f1c9612b000-7f1c961d8000 r-xp 00000000 08:07 7870298                    /usr/lib/x86_64-linux-gnu/libgdk-x11-2.0.so.0.2400.20
7f1c961d8000-7f1c963d7000 ---p 000ad000 08:07 7870298                    /usr/lib/x86_64-linux-gnu/libgdk-x11-2.0.so.0.2400.20
7f1c963d7000-7f1c963db000 r--p 000ac000 08:07 7870298                    /usr/lib/x86_64-linux-gnu/libgdk-x11-2.0.so.0.2400.20
7f1c963db000-7f1c963dd000 rw-p 000b0000 08:07 7870298                    /usr/lib/x86_64-linux-gnu/libgdk-x11-2.0.so.0.2400.20
7f1c963dd000-7f1c9680c000 r-xp 00000000 08:07 7870297                    /usr/lib/x86_64-linux-gnu/libgtk-x11-2.0.so.0.2400.20
7f1c9680c000-7f1c96a0b000 ---p 0042f000 08:07 7870297                    /usr/lib/x86_64-linux-gnu/libgtk-x11-2.0.so.0.2400.20
7f1c96a0b000-7f1c96a12000 r--p 0042e000 08:07 7870297                    /usr/lib/x86_64-linux-gnu/libgtk-x11-2.0.so.0.2400.20
7f1c96a12000-7f1c96a16000 rw-p 00435000 08:07 7870297                    /usr/lib/x86_64-linux-gnu/libgtk-x11-2.0.so.0.2400.20
7f1c96a16000-7f1c96a19000 rw-p 00000000 00:00 0 
7f1c96a19000-7f1c96a28000 r-xp 00000000 08:07 7867250                    /usr/lib/x86_64-linux-gnu/libXi.so.6.1.0
7f1c96a28000-7f1c96c27000 ---p 0000f000 08:07 7867250                    /usr/lib/x86_64-linux-gnu/libXi.so.6.1.0
7f1c96c27000-7f1c96c28000 r--p 0000e000 08:07 7867250                    /usr/lib/x86_64-linux-gnu/libXi.so.6.1.0
7f1c96c28000-7f1c96c29000 rw-p 0000f000 08:07 7867250                    /usr/lib/x86_64-linux-gnu/libXi.so.6.1.0
7f1c96c29000-7f1c96c2e000 r-xp 00000000 08:07 7869958                    /usr/lib/x86_64-linux-gnu/libXtst.so.6.1.0
7f1c96c2e000-7f1c96e2d000 ---p 00005000 08:07 7869958                    /usr/lib/x86_64-linux-gnu/libXtst.so.6.1.0
7f1c96e2d000-7f1c96e2e000 r--p 00004000 08:07 7869958                    /usr/lib/x86_64-linux-gnu/libXtst.so.6.1.0
7f1c96e2e000-7f1c96e2f000 rw-p 00005000 08:07 7869958                    /usr/lib/x86_64-linux-gnu/libXtst.so.6.1.0
7f1c96e2f000-7f1c96e38000 r-xp 00000000 08:07 7870002                    /usr/lib/x86_64-linux-gnu/libXrender.so.1.3.0
7f1c96e38000-7f1c97037000 ---p 00009000 08:07 7870002                    /usr/lib/x86_64-linux-gnu/libXrender.so.1.3.0
7f1c97037000-7f1c97038000 r--p 00008000 08:07 7870002                    /usr/lib/x86_64-linux-gnu/libXrender.so.1.3.0
7f1c97038000-7f1c97039000 rw-p 00009000 08:07 7870002                    /usr/lib/x86_64-linux-gnu/libXrender.so.1.3.0
7f1c97039000-7f1c97169000 r-xp 00000000 08:07 7875046                    /usr/lib/x86_64-linux-gnu/libX11.so.6.3.0
7f1c97169000-7f1c97369000 ---p 00130000 08:07 7875046                    /usr/lib/x86_64-linux-gnu/libX11.so.6.3.0
7f1c97369000-7f1c9736a000 r--p 00130000 08:07 7875046                    /usr/lib/x86_64-linux-gnu/libX11.so.6.3.0
7f1c9736a000-7f1c9736e000 rw-p 00131000 08:07 7875046                    /usr/lib/x86_64-linux-gnu/libX11.so.6.3.0
7f1c9736e000-7f1c9737f000 r-xp 00000000 08:07 7869451                    /usr/lib/x86_64-linux-gnu/libXext.so.6.4.0
7f1c9737f000-7f1c9757e000 ---p 00011000 08:07 7869451                    /usr/lib/x86_64-linux-gnu/libXext.so.6.4.0
7f1c9757e000-7f1c9757f000 r--p 00010000 08:07 7869451                    /usr/lib/x86_64-linux-gnu/libXext.so.6.4.0
7f1c9757f000-7f1c97580000 rw-p 00011000 08:07 7869451                    /usr/lib/x86_64-linux-gnu/libXext.so.6.4.0
7f1c97580000-7f1c975d1000 r-xp 00000000 08:07 8128062                    /usr/lib/jvm/java-7-openjdk-amd64/jre/lib/amd64/xawt/libmawt.so
7f1c975d1000-7f1c977d0000 ---p 00051000 08:07 8128062                    /usr/lib/jvm/java-7-openjdk-amd64/jre/lib/amd64/xawt/libmawt.so
7f1c977d0000-7f1c977d1000 r--p 00050000 08:07 8128062                    /usr/lib/jvm/java-7-openjdk-amd64/jre/lib/amd64/xawt/libmawt.so
7f1c977d1000-7f1c977d4000 rw-p 00051000 08:07 8128062                    /usr/lib/jvm/java-7-openjdk-amd64/jre/lib/amd64/xawt/libmawt.so
7f1c977d4000-7f1c977d5000 rw-p 00000000 00:00 0 
7f1c977d5000-7f1c97876000 r-xp 00000000 08:07 8130209                    /usr/lib/jvm/java-7-openjdk-amd64/jre/lib/amd64/libawt.so
7f1c97876000-7f1c97a75000 ---p 000a1000 08:07 8130209                    /usr/lib/jvm/java-7-openjdk-amd64/jre/lib/amd64/libawt.so
7f1c97a75000-7f1c97a76000 r--p 000a0000 08:07 8130209                    /usr/lib/jvm/java-7-openjdk-amd64/jre/lib/amd64/libawt.so
7f1c97a76000-7f1c97a81000 rw-p 000a1000 08:07 8130209                    /usr/lib/jvm/java-7-openjdk-amd64/jre/lib/amd64/libawt.so
7f1c97a81000-7f1c97aa6000 rw-p 00000000 00:00 0 
7f1c97aa6000-7f1c97aa9000 ---p 00000000 00:00 0 
7f1c97aa9000-7f1c97ba7000 rw-p 00000000 00:00 0                          [stack:2856]
7f1c97ba7000-7f1c97be4000 r-xp 00000000 08:07 5246690                    /lib/x86_64-linux-gnu/libpcre.so.3.13.1
7f1c97be4000-7f1c97de4000 ---p 0003d000 08:07 5246690                    /lib/x86_64-linux-gnu/libpcre.so.3.13.1
7f1c97de4000-7f1c97de5000 r--p 0003d000 08:07 5246690                    /lib/x86_64-linux-gnu/libpcre.so.3.13.1
7f1c97de5000-7f1c97de6000 rw-p 0003e000 08:07 5246690                    /lib/x86_64-linux-gnu/libpcre.so.3.13.1
7f1c97de6000-7f1c97dfc000 r-xp 00000000 08:07 5246563                    /lib/x86_64-linux-gnu/libresolv-2.17.so
7f1c97dfc000-7f1c97ffc000 ---p 00016000 08:07 5246563                    /lib/x86_64-linux-gnu/libresolv-2.17.so
7f1c97ffc000-7f1c97ffd000 r--p 00016000 08:07 5246563                    /lib/x86_64-linux-gnu/libresolv-2.17.so
7f1c97ffd000-7f1c97ffe000 rw-p 00017000 08:07 5246563                    /lib/x86_64-linux-gnu/libresolv-2.17.so
7f1c97ffe000-7f1c98000000 rw-p 00000000 00:00 0 
7f1c98000000-7f1c98021000 rw-p 00000000 00:00 0 
7f1c98021000-7f1c9c000000 ---p 00000000 00:00 0 
7f1c9c000000-7f1c9c021000 rw-p 00000000 00:00 0 
7f1c9c021000-7f1ca0000000 ---p 00000000 00:00 0 
7f1ca0000000-7f1ca080b000 rw-p 00000000 00:00 0 
7f1ca080b000-7f1ca4000000 ---p 00000000 00:00 0 
7f1ca4000000-7f1ca4021000 rw-p 00000000 00:00 0 
7f1ca4021000-7f1ca8000000 ---p 00000000 00:00 0 
7f1ca8000000-7f1ca8021000 rw-p 00000000 00:00 0 
7f1ca8021000-7f1cac000000 ---p 00000000 00:00 0 
7f1cac000000-7f1cacf7c000 rw-p 00000000 00:00 0 
7f1cacf7c000-7f1cb0000000 ---p 00000000 00:00 0 
7f1cb0000000-7f1cb0021000 rw-p 00000000 00:00 0 
7f1cb0021000-7f1cb4000000 ---p 00000000 00:00 0 
7f1cb4000000-7f1cb4021000 rw-p 00000000 00:00 0 
7f1cb4021000-7f1cb8000000 ---p 00000000 00:00 0 
7f1cb8000000-7f1cb8021000 rw-p 00000000 00:00 0 
7f1cb8021000-7f1cbc000000 ---p 00000000 00:00 0 
7f1cbc000000-7f1cbc021000 rw-p 00000000 00:00 0 
7f1cbc021000-7f1cc0000000 ---p 00000000 00:00 0 
7f1cc0000000-7f1cc0021000 rw-p 00000000 00:00 0 
7f1cc0021000-7f1cc4000000 ---p 00000000 00:00 0 
7f1cc400f000-7f1cc4016000 r-xp 00000000 08:07 7866333                    /usr/lib/x86_64-linux-gnu/libffi.so.6.0.1
7f1cc4016000-7f1cc4215000 ---p 00007000 08:07 7866333                    /usr/lib/x86_64-linux-gnu/libffi.so.6.0.1
7f1cc4215000-7f1cc4216000 r--p 00006000 08:07 7866333                    /usr/lib/x86_64-linux-gnu/libffi.so.6.0.1
7f1cc4216000-7f1cc4217000 rw-p 00007000 08:07 7866333                    /usr/lib/x86_64-linux-gnu/libffi.so.6.0.1
7f1cc4217000-7f1cc4236000 r-xp 00000000 08:07 5252600                    /lib/x86_64-linux-gnu/libselinux.so.1
7f1cc4236000-7f1cc4436000 ---p 0001f000 08:07 5252600                    /lib/x86_64-linux-gnu/libselinux.so.1
7f1cc4436000-7f1cc4437000 r--p 0001f000 08:07 5252600                    /lib/x86_64-linux-gnu/libselinux.so.1
7f1cc4437000-7f1cc4438000 rw-p 00020000 08:07 5252600                    /lib/x86_64-linux-gnu/libselinux.so.1
7f1cc4438000-7f1cc4439000 rw-p 00000000 00:00 0 
7f1cc4439000-7f1cc443c000 r-xp 00000000 08:07 7869944                    /usr/lib/x86_64-linux-gnu/libgmodule-2.0.so.0.3800.1
7f1cc443c000-7f1cc463b000 ---p 00003000 08:07 7869944                    /usr/lib/x86_64-linux-gnu/libgmodule-2.0.so.0.3800.1
7f1cc463b000-7f1cc463c000 r--p 00002000 08:07 7869944                    /usr/lib/x86_64-linux-gnu/libgmodule-2.0.so.0.3800.1
7f1cc463c000-7f1cc463d000 rw-p 00003000 08:07 7869944                    /usr/lib/x86_64-linux-gnu/libgmodule-2.0.so.0.3800.1
7f1cc463d000-7f1cc473b000 r-xp 00000000 08:07 5242917                    /lib/x86_64-linux-gnu/libglib-2.0.so.0.3800.1
7f1cc473b000-7f1cc493b000 ---p 000fe000 08:07 5242917                    /lib/x86_64-linux-gnu/libglib-2.0.so.0.3800.1
7f1cc493b000-7f1cc493c000 r--p 000fe000 08:07 5242917                    /lib/x86_64-linux-gnu/libglib-2.0.so.0.3800.1
7f1cc493c000-7f1cc493d000 rw-p 000ff000 08:07 5242917                    /lib/x86_64-linux-gnu/libglib-2.0.so.0.3800.1
7f1cc493d000-7f1cc493e000 rw-p 00000000 00:00 0 
7f1cc493e000-7f1cc498d000 r-xp 00000000 08:07 7869942                    /usr/lib/x86_64-linux-gnu/libgobject-2.0.so.0.3800.1
7f1cc498d000-7f1cc4b8d000 ---p 0004f000 08:07 7869942                    /usr/lib/x86_64-linux-gnu/libgobject-2.0.so.0.3800.1
7f1cc4b8d000-7f1cc4b8e000 r--p 0004f000 08:07 7869942                    /usr/lib/x86_64-linux-gnu/libgobject-2.0.so.0.3800.1
7f1cc4b8e000-7f1cc4b8f000 rw-p 00050000 08:07 7869942                    /usr/lib/x86_64-linux-gnu/libgobject-2.0.so.0.3800.1
7f1cc4b8f000-7f1cc4ceb000 r-xp 00000000 08:07 7869941                    /usr/lib/x86_64-linux-gnu/libgio-2.0.so.0.3800.1
7f1cc4ceb000-7f1cc4eea000 ---p 0015c000 08:07 7869941                    /usr/lib/x86_64-linux-gnu/libgio-2.0.so.0.3800.1
7f1cc4eea000-7f1cc4eee000 r--p 0015b000 08:07 7869941                    /usr/lib/x86_64-linux-gnu/libgio-2.0.so.0.3800.1
7f1cc4eee000-7f1cc4ef0000 rw-p 0015f000 08:07 7869941                    /usr/lib/x86_64-linux-gnu/libgio-2.0.so.0.3800.1
7f1cc4ef0000-7f1cc4ef2000 rw-p 00000000 00:00 0 
7f1cc4f11000-7f1cc4f27000 r-xp 00000000 08:07 8130198                    /usr/lib/jvm/java-7-openjdk-amd64/jre/lib/amd64/libnet.so
7f1cc4f27000-7f1cc5126000 ---p 00016000 08:07 8130198                    /usr/lib/jvm/java-7-openjdk-amd64/jre/lib/amd64/libnet.so
7f1cc5126000-7f1cc5127000 r--p 00015000 08:07 8130198                    /usr/lib/jvm/java-7-openjdk-amd64/jre/lib/amd64/libnet.so
7f1cc5127000-7f1cc5128000 rw-p 00016000 08:07 8130198                    /usr/lib/jvm/java-7-openjdk-amd64/jre/lib/amd64/libnet.so
7f1cc5128000-7f1cc513a000 r--s 00295000 08:07 786580                     /home/shiwali/InstructoSoarII/april/java/april.jar
7f1cc513a000-7f1cc513d000 ---p 00000000 00:00 0 
7f1cc513d000-7f1cc593b000 rw-p 00000000 00:00 0                          [stack:2833]
7f1cc593b000-7f1cc593c000 ---p 00000000 00:00 0 
7f1cc593c000-7f1cc613c000 rw-p 00000000 00:00 0                          [stack:2832]
7f1cc613c000-7f1cc613d000 ---p 00000000 00:00 0 
7f1cc613d000-7f1cc693d000 rw-p 00000000 00:00 0                          [stack:2831]
7f1cc693d000-7f1cc7194000 r-xp 00000000 08:07 3801126                    /home/shiwali/soar/SoarSuite/out/libSoar.so
7f1cc7194000-7f1cc7394000 ---p 00857000 08:07 3801126                    /home/shiwali/soar/SoarSuite/out/libSoar.so
7f1cc7394000-7f1cc73a5000 r--p 00857000 08:07 3801126                    /home/shiwali/soar/SoarSuite/out/libSoar.so
7f1cc73a5000-7f1cc73bb000 rw-p 00868000 08:07 3801126                    /home/shiwali/soar/SoarSuite/out/libSoar.so
7f1cc73bb000-7f1cc73c0000 rw-p 00000000 00:00 0 
7f1cc73c0000-7f1cc7419000 r-xp 00000000 08:07 3805190                    /home/shiwali/soar/SoarSuite/out/libJava_sml_ClientInterface.so
7f1cc7419000-7f1cc7619000 ---p 00059000 08:07 3805190                    /home/shiwali/soar/SoarSuite/out/libJava_sml_ClientInterface.so
7f1cc7619000-7f1cc761a000 r--p 00059000 08:07 3805190                    /home/shiwali/soar/SoarSuite/out/libJava_sml_ClientInterface.so
7f1cc761a000-7f1cc761c000 rw-p 0005a000 08:07 3805190                    /home/shiwali/soar/SoarSuite/out/libJava_sml_ClientInterface.so
7f1cc761c000-7f1cc761d000 ---p 00000000 00:00 0 
7f1cc761d000-7f1cc771d000 rw-p 00000000 00:00 0                          [stack:2830]
7f1cc771d000-7f1cc7720000 ---p 00000000 00:00 0 
7f1cc7720000-7f1cc781e000 rw-p 00000000 00:00 0                          [stack:2829]
7f1cc781e000-7f1cc7821000 ---p 00000000 00:00 0 
7f1cc7821000-7f1cc791f000 rw-p 00000000 00:00 0                          [stack:2828]
7f1cc791f000-7f1cc8000000 r--p 00000000 08:07 7870646                    /usr/lib/locale/locale-archive
7f1cc8000000-7f1cc8021000 rw-p 00000000 00:00 0 
7f1cc8021000-7f1ccc000000 ---p 00000000 00:00 0 
7f1ccc00c000-7f1ccc01f000 r--s 00211000 08:07 3805649                    /home/shiwali/soar/SoarSuite/out/java/swt.jar
7f1ccc01f000-7f1ccc061000 rw-p 00000000 00:00 0 
7f1ccc061000-7f1ccc064000 ---p 00000000 00:00 0 
7f1ccc064000-7f1ccc162000 rw-p 00000000 00:00 0                          [stack:2827]
7f1ccc162000-7f1ccc165000 ---p 00000000 00:00 0 
7f1ccc165000-7f1ccc263000 rw-p 00000000 00:00 0                          [stack:2826]
7f1ccc263000-7f1ccc266000 ---p 00000000 00:00 0 
7f1ccc266000-7f1ccc364000 rw-p 00000000 00:00 0                          [stack:2825]
7f1ccc364000-7f1ccc367000 ---p 00000000 00:00 0 
7f1ccc367000-7f1ccc465000 rw-p 00000000 00:00 0                          [stack:2824]
7f1ccc465000-7f1ccc466000 ---p 00000000 00:00 0 
7f1ccc466000-7f1cd0000000 rw-p 00000000 00:00 0                          [stack:2823]
7f1cd0000000-7f1cd0021000 rw-p 00000000 00:00 0 
7f1cd0021000-7f1cd4000000 ---p 00000000 00:00 0 
7f1cd4000000-7f1cd400a000 rw-s 00000000 00:04 319914010                  /SYSV00000000 (deleted)
7f1cd4010000-7f1cd5000000 rw-p 00000000 00:00 0 
7f1cd5000000-7f1cd5270000 rwxp 00000000 00:00 0 
7f1cd5270000-7f1cd8602000 rw-p 00000000 00:00 0 
7f1cd8602000-7f1cdc000000 ---p 00000000 00:00 0 
7f1cdc002000-7f1cdc006000 r--s 00039000 08:07 2886744                    /home/shiwali/InstructoSoarII/probcog2/java/probcog.jar
7f1cdc006000-7f1cdc00f000 r--s 0005a000 08:07 3805643                    /home/shiwali/soar/SoarSuite/out/java/soar-debugger.jar
7f1cdc00f000-7f1cdc5a1000 rw-p 00000000 00:00 0 
7f1cdc5a1000-7f1cdc74e000 r--s 01cec000 08:07 8130116                    /usr/lib/jvm/java-7-openjdk-amd64/jre/lib/rt.jar
7f1cdc74e000-7f1cdc776000 rw-p 00000000 00:00 0 
7f1cdc776000-7f1cdc777000 ---p 00000000 00:00 0 
7f1cdc777000-7f1cdc877000 rw-p 00000000 00:00 0                          [stack:2822]
7f1cdc877000-7f1cdc878000 ---p 00000000 00:00 0 
7f1cdc878000-7f1cdc978000 rw-p 00000000 00:00 0                          [stack:2821]
7f1cdc978000-7f1cdc979000 ---p 00000000 00:00 0 
7f1cdc979000-7f1cdca79000 rw-p 00000000 00:00 0                          [stack:2820]
7f1cdca79000-7f1cdca7a000 ---p 00000000 00:00 0 
7f1cdca7a000-7f1cdcb85000 rw-p 00000000 00:00 0                          [stack:2819]
7f1cdcb85000-7f1cdcbcd000 rw-p 00000000 00:00 0 
7f1cdcbcd000-7f1cdcbec000 rw-p 00000000 00:00 0 
7f1cdcbec000-7f1cdcdb8000 rw-p 00000000 00:00 0 
7f1cdcdb8000-7f1cdcdc3000 rw-p 00000000 00:00 0 
7f1cdcdc3000-7f1cdce0b000 rw-p 00000000 00:00 0 
7f1cdce0b000-7f1cdce2a000 rw-p 00000000 00:00 0 
7f1cdce2a000-7f1cdcff5000 rw-p 00000000 00:00 0 
7f1cdcff5000-7f1cdd0b6000 rw-p 00000000 00:00 0 
7f1cdd0b6000-7f1cdd0b7000 ---p 00000000 00:00 0 
7f1cdd0b7000-7f1cdd0eb000 rw-p 00000000 00:00 0 
7f1cdd0eb000-7f1cdd0ec000 rw-p 00000000 00:00 0 
7f1cdd0ec000-7f1cdd0f4000 r-xp 00000000 08:07 8130223                    /usr/lib/jvm/java-7-openjdk-amd64/jre/lib/amd64/libzip.so
7f1cdd0f4000-7f1cdd2f3000 ---p 00008000 08:07 8130223                    /usr/lib/jvm/java-7-openjdk-amd64/jre/lib/amd64/libzip.so
7f1cdd2f3000-7f1cdd2f4000 r--p 00007000 08:07 8130223                    /usr/lib/jvm/java-7-openjdk-amd64/jre/lib/amd64/libzip.so
7f1cdd2f4000-7f1cdd2f5000 rw-p 00008000 08:07 8130223                    /usr/lib/jvm/java-7-openjdk-amd64/jre/lib/amd64/libzip.so
7f1cdd2f5000-7f1cdd301000 r-xp 00000000 08:07 5252128                    /lib/x86_64-linux-gnu/libnss_files-2.17.so
7f1cdd301000-7f1cdd500000 ---p 0000c000 08:07 5252128                    /lib/x86_64-linux-gnu/libnss_files-2.17.so
7f1cdd500000-7f1cdd501000 r--p 0000b000 08:07 5252128                    /lib/x86_64-linux-gnu/libnss_files-2.17.so
7f1cdd501000-7f1cdd502000 rw-p 0000c000 08:07 5252128                    /lib/x86_64-linux-gnu/libnss_files-2.17.so
7f1cdd502000-7f1cdd50d000 r-xp 00000000 08:07 5246736                    /lib/x86_64-linux-gnu/libnss_nis-2.17.so
7f1cdd50d000-7f1cdd70c000 ---p 0000b000 08:07 5246736                    /lib/x86_64-linux-gnu/libnss_nis-2.17.so
7f1cdd70c000-7f1cdd70d000 r--p 0000a000 08:07 5246736                    /lib/x86_64-linux-gnu/libnss_nis-2.17.so
7f1cdd70d000-7f1cdd70e000 rw-p 0000b000 08:07 5246736                    /lib/x86_64-linux-gnu/libnss_nis-2.17.so
7f1cdd70e000-7f1cdd725000 r-xp 00000000 08:07 5243692                    /lib/x86_64-linux-gnu/libnsl-2.17.so
7f1cdd725000-7f1cdd924000 ---p 00017000 08:07 5243692                    /lib/x86_64-linux-gnu/libnsl-2.17.so
7f1cdd924000-7f1cdd925000 r--p 00016000 08:07 5243692                    /lib/x86_64-linux-gnu/libnsl-2.17.so
7f1cdd925000-7f1cdd926000 rw-p 00017000 08:07 5243692                    /lib/x86_64-linux-gnu/libnsl-2.17.so
7f1cdd926000-7f1cdd928000 rw-p 00000000 00:00 0 
7f1cdd928000-7f1cdd930000 r-xp 00000000 08:07 5246561                    /lib/x86_64-linux-gnu/libnss_compat-2.17.so
7f1cdd930000-7f1cddb2f000 ---p 00008000 08:07 5246561                    /lib/x86_64-linux-gnu/libnss_compat-2.17.so
7f1cddb2f000-7f1cddb30000 r--p 00007000 08:07 5246561                    /lib/x86_64-linux-gnu/libnss_compat-2.17.so
7f1cddb30000-7f1cddb31000 rw-p 00008000 08:07 5246561                    /lib/x86_64-linux-gnu/libnss_compat-2.17.so
7f1cddb31000-7f1cddb5c000 r-xp 00000000 08:07 8130208                    /usr/lib/jvm/java-7-openjdk-amd64/jre/lib/amd64/libjava.so
7f1cddb5c000-7f1cddd5b000 ---p 0002b000 08:07 8130208                    /usr/lib/jvm/java-7-openjdk-amd64/jre/lib/amd64/libjava.so
7f1cddd5b000-7f1cddd5c000 r--p 0002a000 08:07 8130208                    /usr/lib/jvm/java-7-openjdk-amd64/jre/lib/amd64/libjava.so
7f1cddd5c000-7f1cddd5e000 rw-p 0002b000 08:07 8130208                    /usr/lib/jvm/java-7-openjdk-amd64/jre/lib/amd64/libjava.so
7f1cddd5e000-7f1cddd6e000 r-xp 00000000 08:07 8130207                    /usr/lib/jvm/java-7-openjdk-amd64/jre/lib/amd64/libverify.so
7f1cddd6e000-7f1cddf6d000 ---p 00010000 08:07 8130207                    /usr/lib/jvm/java-7-openjdk-amd64/jre/lib/amd64/libverify.so
7f1cddf6d000-7f1cddf6f000 r--p 0000f000 08:07 8130207                    /usr/lib/jvm/java-7-openjdk-amd64/jre/lib/amd64/libverify.so
7f1cddf6f000-7f1cddf70000 rw-p 00011000 08:07 8130207                    /usr/lib/jvm/java-7-openjdk-amd64/jre/lib/amd64/libverify.so
7f1cddf70000-7f1cddf77000 r-xp 00000000 08:07 5252129                    /lib/x86_64-linux-gnu/librt-2.17.so
7f1cddf77000-7f1cde176000 ---p 00007000 08:07 5252129                    /lib/x86_64-linux-gnu/librt-2.17.so
7f1cde176000-7f1cde177000 r--p 00006000 08:07 5252129                    /lib/x86_64-linux-gnu/librt-2.17.so
7f1cde177000-7f1cde178000 rw-p 00007000 08:07 5252129                    /lib/x86_64-linux-gnu/librt-2.17.so
7f1cde178000-7f1cde18d000 r-xp 00000000 08:07 5243965                    /lib/x86_64-linux-gnu/libgcc_s.so.1
7f1cde18d000-7f1cde38c000 ---p 00015000 08:07 5243965                    /lib/x86_64-linux-gnu/libgcc_s.so.1
7f1cde38c000-7f1cde38d000 r--p 00014000 08:07 5243965                    /lib/x86_64-linux-gnu/libgcc_s.so.1
7f1cde38d000-7f1cde38e000 rw-p 00015000 08:07 5243965                    /lib/x86_64-linux-gnu/libgcc_s.so.1
7f1cde38e000-7f1cde491000 r-xp 00000000 08:07 5246566                    /lib/x86_64-linux-gnu/libm-2.17.so
7f1cde491000-7f1cde690000 ---p 00103000 08:07 5246566                    /lib/x86_64-linux-gnu/libm-2.17.so
7f1cde690000-7f1cde691000 r--p 00102000 08:07 5246566                    /lib/x86_64-linux-gnu/libm-2.17.so
7f1cde691000-7f1cde692000 rw-p 00103000 08:07 5246566                    /lib/x86_64-linux-gnu/libm-2.17.so
7f1cde692000-7f1cde778000 r-xp 00000000 08:07 7864348                    /usr/lib/x86_64-linux-gnu/libstdc++.so.6.0.18
7f1cde778000-7f1cde977000 ---p 000e6000 08:07 7864348                    /usr/lib/x86_64-linux-gnu/libstdc++.so.6.0.18
7f1cde977000-7f1cde97f000 r--p 000e5000 08:07 7864348                    /usr/lib/x86_64-linux-gnu/libstdc++.so.6.0.18
7f1cde97f000-7f1cde981000 rw-p 000ed000 08:07 7864348                    /usr/lib/x86_64-linux-gnu/libstdc++.so.6.0.18
7f1cde981000-7f1cde996000 rw-p 00000000 00:00 0 
7f1cde996000-7f1cdf3a4000 r-xp 00000000 08:07 8130212                    /usr/lib/jvm/java-7-openjdk-amd64/jre/lib/amd64/server/libjvm.so
7f1cdf3a4000-7f1cdf5a3000 ---p 00a0e000 08:07 8130212                    /usr/lib/jvm/java-7-openjdk-amd64/jre/lib/amd64/server/libjvm.so
7f1cdf5a3000-7f1cdf61c000 r--p 00a0d000 08:07 8130212                    /usr/lib/jvm/java-7-openjdk-amd64/jre/lib/amd64/server/libjvm.so
7f1cdf61c000-7f1cdf63f000 rw-p 00a86000 08:07 8130212                    /usr/lib/jvm/java-7-openjdk-amd64/jre/lib/amd64/server/libjvm.so
7f1cdf63f000-7f1cdf66a000 rw-p 00000000 00:00 0 
7f1cdf66a000-7f1cdf682000 r-xp 00000000 08:07 5243951                    /lib/x86_64-linux-gnu/libz.so.1.2.8
7f1cdf682000-7f1cdf881000 ---p 00018000 08:07 5243951                    /lib/x86_64-linux-gnu/libz.so.1.2.8
7f1cdf881000-7f1cdf882000 r--p 00017000 08:07 5243951                    /lib/x86_64-linux-gnu/libz.so.1.2.8
7f1cdf882000-7f1cdf883000 rw-p 00018000 08:07 5243951                    /lib/x86_64-linux-gnu/libz.so.1.2.8
7f1cdf883000-7f1cdf89a000 r-xp 00000000 08:07 5252661                    /lib/x86_64-linux-gnu/libpthread-2.17.so
7f1cdf89a000-7f1cdfa9a000 ---p 00017000 08:07 5252661                    /lib/x86_64-linux-gnu/libpthread-2.17.so
7f1cdfa9a000-7f1cdfa9b000 r--p 00017000 08:07 5252661                    /lib/x86_64-linux-gnu/libpthread-2.17.so
7f1cdfa9b000-7f1cdfa9c000 rw-p 00018000 08:07 5252661                    /lib/x86_64-linux-gnu/libpthread-2.17.so
7f1cdfa9c000-7f1cdfaa0000 rw-p 00000000 00:00 0 
7f1cdfaa0000-7f1cdfaa3000 r-xp 00000000 08:07 5252660                    /lib/x86_64-linux-gnu/libdl-2.17.so
7f1cdfaa3000-7f1cdfca2000 ---p 00003000 08:07 5252660                    /lib/x86_64-linux-gnu/libdl-2.17.so
7f1cdfca2000-7f1cdfca3000 r--p 00002000 08:07 5252660                    /lib/x86_64-linux-gnu/libdl-2.17.so
7f1cdfca3000-7f1cdfca4000 rw-p 00003000 08:07 5252660                    /lib/x86_64-linux-gnu/libdl-2.17.so
7f1cdfca4000-7f1cdfe61000 r-xp 00000000 08:07 5252659                    /lib/x86_64-linux-gnu/libc-2.17.so
7f1cdfe61000-7f1ce0061000 ---p 001bd000 08:07 5252659                    /lib/x86_64-linux-gnu/libc-2.17.so
7f1ce0061000-7f1ce0065000 r--p 001bd000 08:07 5252659                    /lib/x86_64-linux-gnu/libc-2.17.so
7f1ce0065000-7f1ce0067000 rw-p 001c1000 08:07 5252659                    /lib/x86_64-linux-gnu/libc-2.17.so
7f1ce0067000-7f1ce006c000 rw-p 00000000 00:00 0 
7f1ce006c000-7f1ce0079000 r-xp 00000000 08:07 8130121                    /usr/lib/jvm/java-7-openjdk-amd64/jre/lib/amd64/jli/libjli.so
7f1ce0079000-7f1ce0278000 ---p 0000d000 08:07 8130121                    /usr/lib/jvm/java-7-openjdk-amd64/jre/lib/amd64/jli/libjli.so
7f1ce0278000-7f1ce0279000 r--p 0000c000 08:07 8130121                    /usr/lib/jvm/java-7-openjdk-amd64/jre/lib/amd64/jli/libjli.so
7f1ce0279000-7f1ce027a000 rw-p 0000d000 08:07 8130121                    /usr/lib/jvm/java-7-openjdk-amd64/jre/lib/amd64/jli/libjli.so
7f1ce027a000-7f1ce029d000 r-xp 00000000 08:07 5246634                    /lib/x86_64-linux-gnu/ld-2.17.so
7f1ce029d000-7f1ce029f000 rw-p 00000000 00:00 0 
7f1ce029f000-7f1ce02a0000 r--s 00001000 08:07 3805335                    /home/shiwali/soar/SoarSuite/out/java/soar-debugger-api.jar
7f1ce02a0000-7f1ce02a1000 r--s 00003000 08:07 3805648                    /home/shiwali/soar/SoarSuite/out/java/swtgraphics2d.jar
7f1ce02a1000-7f1ce02a3000 r--s 00005000 08:07 3805321                    /home/shiwali/soar/SoarSuite/out/java/soar-smljava.jar
7f1ce02a3000-7f1ce02ac000 r--s 000bc000 08:07 8130271                    /usr/lib/jvm/java-7-openjdk-common/jre/lib/resources.jar
7f1ce02ac000-7f1ce02af000 r--s 00018000 08:07 3805299                    /home/shiwali/soar/SoarSuite/out/java/sml.jar
7f1ce02af000-7f1ce02b2000 r--s 0001d000 08:07 9833101                    /usr/local/share/java/lcm.jar
7f1ce02b2000-7f1ce02b5000 r--s 00028000 08:07 1707691                    /home/shiwali/InstructoSoarII/rosie/java/language/lgsoar.jar
7f1ce02b5000-7f1ce02bf000 rw-p 00000000 00:00 0 
7f1ce02bf000-7f1ce0375000 rw-p 00000000 00:00 0 
7f1ce0375000-7f1ce0378000 ---p 00000000 00:00 0 
7f1ce0378000-7f1ce047b000 rw-p 00000000 00:00 0                          [stack:2815]
7f1ce047b000-7f1ce047e000 r--s 0001c000 08:07 1575757                    /home/shiwali/InstructoSoarII/rosie/java/insoar.jar
7f1ce047e000-7f1ce0480000 r--s 00012000 08:07 8130259                    /usr/lib/jvm/java-7-openjdk-common/jre/lib/ext/zipfs.jar
7f1ce0480000-7f1ce0482000 r--s 00006000 08:07 8264680                    /usr/share/java/java-atk-wrapper.jar
7f1ce0482000-7f1ce0485000 r--s 0003c000 08:07 8130265                    /usr/lib/jvm/java-7-openjdk-common/jre/lib/ext/sunpkcs11.jar
7f1ce0485000-7f1ce0488000 r--s 00032000 08:07 8130261                    /usr/lib/jvm/java-7-openjdk-common/jre/lib/ext/sunjce_provider.jar
7f1ce0488000-7f1ce0489000 r--s 00002000 08:07 8130267                    /usr/lib/jvm/java-7-openjdk-common/jre/lib/ext/dnsns.jar
7f1ce0489000-7f1ce048c000 r--s 0000f000 08:07 8130257                    /usr/lib/jvm/java-7-openjdk-common/jre/lib/ext/pulse-java.jar
7f1ce048c000-7f1ce0490000 r--s 00085000 08:07 8130263                    /usr/lib/jvm/java-7-openjdk-common/jre/lib/ext/localedata.jar
7f1ce0490000-7f1ce0498000 rw-s 00000000 08:07 1573091                    /tmp/hsperfdata_shiwali/2811
7f1ce0498000-7f1ce0499000 rw-p 00000000 00:00 0 
7f1ce0499000-7f1ce049a000 r--p 00000000 00:00 0 
7f1ce049a000-7f1ce049c000 rw-p 00000000 00:00 0 
7f1ce049c000-7f1ce049d000 r--p 00022000 08:07 5246634                    /lib/x86_64-linux-gnu/ld-2.17.so
7f1ce049d000-7f1ce049f000 rw-p 00023000 08:07 5246634                    /lib/x86_64-linux-gnu/ld-2.17.so
7fff216e4000-7fff21705000 rw-p 00000000 00:00 0                          [stack]
7fff2176e000-7fff21770000 r-xp 00000000 00:00 0                          [vdso]
ffffffffff600000-ffffffffff601000 r-xp 00000000 00:00 0                  [vsyscall]

VM Arguments:
jvm_args: -Dfile.encoding=UTF-8 
java_command: edu.umich.insoar.InSoar
Launcher Type: SUN_STANDARD

Environment Variables:
PATH=/home/shiwali/bin:/usr/lib/lightdm/lightdm:/usr/local/sbin:/usr/local/bin:/usr/sbin:/usr/bin:/sbin:/bin:/usr/games:/usr/local/games
LD_LIBRARY_PATH=/home/shiwali/soar/SoarSuite/out
SHELL=/bin/bash
DISPLAY=:0

Signal Handlers:
SIGSEGV: [libjvm.so+0x871410], sa_mask[0]=0x7ffbfeff, sa_flags=0x10000004
SIGBUS: [libjvm.so+0x871410], sa_mask[0]=0x7ffbfeff, sa_flags=0x10000004
SIGFPE: [libjvm.so+0x709540], sa_mask[0]=0x7ffbfeff, sa_flags=0x10000004
SIGPIPE: SIG_IGN, sa_mask[0]=0x00000000, sa_flags=0x00000000
SIGXFSZ: [libjvm.so+0x709540], sa_mask[0]=0x7ffbfeff, sa_flags=0x10000004
SIGILL: [libjvm.so+0x709540], sa_mask[0]=0x7ffbfeff, sa_flags=0x10000004
SIGUSR1: SIG_DFL, sa_mask[0]=0x00000000, sa_flags=0x00000000
SIGUSR2: [libjvm.so+0x709270], sa_mask[0]=0x00000004, sa_flags=0x10000004
SIGHUP: [libjvm.so+0x709550], sa_mask[0]=0x7ffbfeff, sa_flags=0x10000004
SIGINT: [libjvm.so+0x709550], sa_mask[0]=0x7ffbfeff, sa_flags=0x10000004
SIGTERM: [libjvm.so+0x709550], sa_mask[0]=0x7ffbfeff, sa_flags=0x10000004
SIGQUIT: [libjvm.so+0x709550], sa_mask[0]=0x7ffbfeff, sa_flags=0x10000004


---------------  S Y S T E M  ---------------

OS:Ubuntu 13.10 (saucy)
uname:Linux 3.11.0-15-generic #23-Ubuntu SMP Mon Dec 9 18:17:04 UTC 2013 x86_64
libc:glibc 2.17 NPTL 2.17 
rlimit: STACK 8192k, CORE 0k, NPROC 46883, NOFILE 4096, AS infinity
load average:2.48 2.26 2.23

/proc/meminfo:
MemTotal:        6021332 kB
MemFree:         1039408 kB
Buffers:           20356 kB
Cached:          1558028 kB
SwapCached:         1304 kB
Active:          3209660 kB
Inactive:        1491276 kB
Active(anon):    2969744 kB
Inactive(anon):  1021024 kB
Active(file):     239916 kB
Inactive(file):   470252 kB
Unevictable:          64 kB
Mlocked:              64 kB
SwapTotal:        975868 kB
SwapFree:         861736 kB
Dirty:               932 kB
Writeback:             0 kB
AnonPages:       3121592 kB
Mapped:           233964 kB
Shmem:            868216 kB
Slab:             146200 kB
SReclaimable:     105784 kB
SUnreclaim:        40416 kB
KernelStack:        5280 kB
PageTables:        53388 kB
NFS_Unstable:          0 kB
Bounce:                0 kB
WritebackTmp:          0 kB
CommitLimit:     3986532 kB
Committed_AS:    8802984 kB
VmallocTotal:   34359738367 kB
VmallocUsed:      354408 kB
VmallocChunk:   34359371388 kB
HardwareCorrupted:     0 kB
AnonHugePages:         0 kB
HugePages_Total:       0
HugePages_Free:        0
HugePages_Rsvd:        0
HugePages_Surp:        0
Hugepagesize:       2048 kB
DirectMap4k:       71296 kB
DirectMap2M:     6129664 kB


CPU:total 4 (2 cores per cpu, 2 threads per core) family 6 model 42 stepping 7, cmov, cx8, fxsr, mmx, sse, sse2, sse3, ssse3, sse4.1, sse4.2, popcnt, avx, ht, tsc, tscinvbit

/proc/cpuinfo:
processor	: 0
vendor_id	: GenuineIntel
cpu family	: 6
model		: 42
model name	: Intel(R) Core(TM) i5-2410M CPU @ 2.30GHz
stepping	: 7
microcode	: 0x15
cpu MHz		: 2300.000
cache size	: 3072 KB
physical id	: 0
siblings	: 4
core id		: 0
cpu cores	: 2
apicid		: 0
initial apicid	: 0
fpu		: yes
fpu_exception	: yes
cpuid level	: 13
wp		: yes
flags		: fpu vme de pse tsc msr pae mce cx8 apic sep mtrr pge mca cmov pat pse36 clflush dts acpi mmx fxsr sse sse2 ss ht tm pbe syscall nx rdtscp lm constant_tsc arch_perfmon pebs bts nopl xtopology nonstop_tsc aperfmperf eagerfpu pni pclmulqdq dtes64 monitor ds_cpl vmx est tm2 ssse3 cx16 xtpr pdcm pcid sse4_1 sse4_2 x2apic popcnt tsc_deadline_timer xsave avx lahf_lm ida arat epb xsaveopt pln pts dtherm tpr_shadow vnmi flexpriority ept vpid
bogomips	: 4589.84
clflush size	: 64
cache_alignment	: 64
address sizes	: 36 bits physical, 48 bits virtual
power management:

processor	: 1
vendor_id	: GenuineIntel
cpu family	: 6
model		: 42
model name	: Intel(R) Core(TM) i5-2410M CPU @ 2.30GHz
stepping	: 7
microcode	: 0x15
cpu MHz		: 2300.000
cache size	: 3072 KB
physical id	: 0
siblings	: 4
core id		: 0
cpu cores	: 2
apicid		: 1
initial apicid	: 1
fpu		: yes
fpu_exception	: yes
cpuid level	: 13
wp		: yes
flags		: fpu vme de pse tsc msr pae mce cx8 apic sep mtrr pge mca cmov pat pse36 clflush dts acpi mmx fxsr sse sse2 ss ht tm pbe syscall nx rdtscp lm constant_tsc arch_perfmon pebs bts nopl xtopology nonstop_tsc aperfmperf eagerfpu pni pclmulqdq dtes64 monitor ds_cpl vmx est tm2 ssse3 cx16 xtpr pdcm pcid sse4_1 sse4_2 x2apic popcnt tsc_deadline_timer xsave avx lahf_lm ida arat epb xsaveopt pln pts dtherm tpr_shadow vnmi flexpriority ept vpid
bogomips	: 4589.84
clflush size	: 64
cache_alignment	: 64
address sizes	: 36 bits physical, 48 bits virtual
power management:

processor	: 2
vendor_id	: GenuineIntel
cpu family	: 6
model		: 42
model name	: Intel(R) Core(TM) i5-2410M CPU @ 2.30GHz
stepping	: 7
microcode	: 0x15
cpu MHz		: 1200.000
cache size	: 3072 KB
physical id	: 0
siblings	: 4
core id		: 1
cpu cores	: 2
apicid		: 2
initial apicid	: 2
fpu		: yes
fpu_exception	: yes
cpuid level	: 13
wp		: yes
flags		: fpu vme de pse tsc msr pae mce cx8 apic sep mtrr pge mca cmov pat pse36 clflush dts acpi mmx fxsr sse sse2 ss ht tm pbe syscall nx rdtscp lm constant_tsc arch_perfmon pebs bts nopl xtopology nonstop_tsc aperfmperf eagerfpu pni pclmulqdq dtes64 monitor ds_cpl vmx est tm2 ssse3 cx16 xtpr pdcm pcid sse4_1 sse4_2 x2apic popcnt tsc_deadline_timer xsave avx lahf_lm ida arat epb xsaveopt pln pts dtherm tpr_shadow vnmi flexpriority ept vpid
bogomips	: 4589.84
clflush size	: 64
cache_alignment	: 64
address sizes	: 36 bits physical, 48 bits virtual
power management:

processor	: 3
vendor_id	: GenuineIntel
cpu family	: 6
model		: 42
model name	: Intel(R) Core(TM) i5-2410M CPU @ 2.30GHz
stepping	: 7
microcode	: 0x15
cpu MHz		: 1400.000
cache size	: 3072 KB
physical id	: 0
siblings	: 4
core id		: 1
cpu cores	: 2
apicid		: 3
initial apicid	: 3
fpu		: yes
fpu_exception	: yes
cpuid level	: 13
wp		: yes
flags		: fpu vme de pse tsc msr pae mce cx8 apic sep mtrr pge mca cmov pat pse36 clflush dts acpi mmx fxsr sse sse2 ss ht tm pbe syscall nx rdtscp lm constant_tsc arch_perfmon pebs bts nopl xtopology nonstop_tsc aperfmperf eagerfpu pni pclmulqdq dtes64 monitor ds_cpl vmx est tm2 ssse3 cx16 xtpr pdcm pcid sse4_1 sse4_2 x2apic popcnt tsc_deadline_timer xsave avx lahf_lm ida arat epb xsaveopt pln pts dtherm tpr_shadow vnmi flexpriority ept vpid
bogomips	: 4589.84
clflush size	: 64
cache_alignment	: 64
address sizes	: 36 bits physical, 48 bits virtual
power management:



Memory: 4k page, physical 6021332k(1039408k free), swap 975868k(861736k free)

vm_info: OpenJDK 64-Bit Server VM (23.7-b01) for linux-amd64 JRE (1.7.0_25-b30), built on Oct 11 2013 18:04:12 by "buildd" with gcc 4.8.1

time: Mon Jan 20 21:30:12 2014
elapsed time: 153 seconds

