#
# A fatal error has been detected by the Java Runtime Environment:
#
#  SIGSEGV (0xb) at pc=0x00007f7c7440e2b9, pid=3203, tid=140171886454528
#
# JRE version: 7.0_25-b30
# Java VM: OpenJDK 64-Bit Server VM (23.7-b01 mixed mode linux-amd64 compressed oops)
# Problematic frame:
# C  [libSoar.so+0x1d72b9]  add_wme_to_gds(agent_struct*, gds_struct*, wme_struct*)+0x4b
#
# Failed to write core dump. Core dumps have been disabled. To enable core dumping, try "ulimit -c unlimited" before starting Java again
#
# If you would like to submit a bug report, please include
# instructions on how to reproduce the bug and visit:
#   https://bugs.launchpad.net/ubuntu/+source/openjdk-7/
#

---------------  T H R E A D  ---------------

Current thread is native thread

siginfo:si_signo=SIGSEGV: si_errno=0, si_code=1 (SEGV_MAPERR), si_addr=0x0000000000000008

Registers:
RAX=0x0000000000000000, RBX=0x00007f7c41de35e0, RCX=0x0000000000000000, RDX=0x0000000000000000
RSP=0x00007f7c4f7fc9c0, RBP=0x00007f7c4f7fcaf0, RSI=0x0000000000000000, RDI=0x00007f7c40000dd0
R8 =0x00007f7c41fbcc80, R9 =0x00007f7c4f7fc84c, R10=0x00000000ffffff00, R11=0x00007f7c40000078
R12=0x0000000000000000, R13=0x00007f7c92038060, R14=0x00007f7c9200f4f0, R15=0x0000000000001000
RIP=0x00007f7c7440e2b9, EFLAGS=0x0000000000010246, CSGSFS=0x0000000000000033, ERR=0x0000000000000004
  TRAPNO=0x000000000000000e

Top of Stack: (sp=0x00007f7c4f7fc9c0)
0x00007f7c4f7fc9c0:   00007f7c416ef880 00007f7c412a85b0
0x00007f7c4f7fc9d0:   0000000000000000 00007f7c40000dd0
0x00007f7c4f7fc9e0:   7420676e69646441 6f6620534447206f
0x00007f7c4f7fc9f0:   3239313231532072 000000000000203a
0x00007f7c4f7fca00:   0000000000000000 0000000000000000
0x00007f7c4f7fca10:   0000000000000000 0000000000000000
0x00007f7c4f7fca20:   0000000000000000 0000000000000000
0x00007f7c4f7fca30:   0000000000000000 0000000000000000
0x00007f7c4f7fca40:   0000000000000000 0000000000000000
0x00007f7c4f7fca50:   0000000000000000 0000000000000000
0x00007f7c4f7fca60:   0000000000000000 0000000000000000
0x00007f7c4f7fca70:   0000000000000000 00007f7c40000020
0x00007f7c4f7fca80:   0000000000000018 0000000000000000
0x00007f7c4f7fca90:   00007f7c92038060 00007f7c9200f4f0
0x00007f7c4f7fcaa0:   0000000000001000 00007f7c918c2580
0x00007f7c4f7fcab0:   0000000000000000 00007f7c41de35e0
0x00007f7c4f7fcac0:   00007f7c4f7fcaf0 00007f7c7440e1fe
0x00007f7c4f7fcad0:   00007f7c40b72e28 00007f7c40000dd0
0x00007f7c4f7fcae0:   0000000000000000 9ce48b38f45e4e00
0x00007f7c4f7fcaf0:   00007f7c4f7fcba0 00007f7c7440e758
0x00007f7c4f7fcb00:   0000000000000000 00007f7c40000dd0
0x00007f7c4f7fcb10:   0007000000000000 0000000000000000
0x00007f7c4f7fcb20:   00007f7c41b42b90 00007f7c41fbd1d0
0x00007f7c4f7fcb30:   00007f7c40b74fe0 00007f7c412a85b0
0x00007f7c4f7fcb40:   0000000000000000 00007f7c41227c10
0x00007f7c4f7fcb50:   0000000000001000 00007f7c918c2580
0x00007f7c4f7fcb60:   0000000000000000 00007f7c41de35e0
0x00007f7c4f7fcb70:   00007f7c4f7fcba0 00007f7c41de35e0
0x00007f7c4f7fcb80:   00007f7c4f7fcc50 0000000000000000
0x00007f7c4f7fcb90:   00007f7c92038060 00007f7c41fbd1d0
0x00007f7c4f7fcba0:   00007f7c4f7fcc50 00007f7c7440ec52
0x00007f7c4f7fcbb0:   00007f7c92038060 00007f7c40000dd0 

Instructions: (pc=0x00007f7c7440e2b9)
0x00007f7c7440e299:   45 f8 31 c0 48 8b 85 d8 fe ff ff 48 8b 95 e0 fe
0x00007f7c7440e2a9:   ff ff 48 89 90 90 00 00 00 48 8b 85 e0 fe ff ff
0x00007f7c7440e2b9:   48 8b 50 08 48 8b 85 d8 fe ff ff 48 89 90 98 00
0x00007f7c7440e2c9:   00 00 48 8b 85 d8 fe ff ff 48 c7 80 a0 00 00 00 

Register to memory mapping:

RAX=0x0000000000000000 is an unknown value
RBX=0x00007f7c41de35e0 is an unknown value
RCX=0x0000000000000000 is an unknown value
RDX=0x0000000000000000 is an unknown value
RSP=0x00007f7c4f7fc9c0 is an unknown value
RBP=0x00007f7c4f7fcaf0 is an unknown value
RSI=0x0000000000000000 is an unknown value
RDI=0x00007f7c40000dd0 is an unknown value
R8 =0x00007f7c41fbcc80 is an unknown value
R9 =0x00007f7c4f7fc84c is an unknown value
R10=0x00000000ffffff00 is an unallocated location in the heap
R11=0x00007f7c40000078 is an unknown value
R12=0x0000000000000000 is an unknown value
R13=0x00007f7c92038060: _rtld_global+0 in /lib64/ld-linux-x86-64.so.2 at 0x00007f7c91e15000
R14=0x00007f7c9200f4f0 is pointing into the stack for thread: 0x00007f7c88009800
R15=0x0000000000001000 is an unknown value


Stack: [0x00007f7c4effe000,0x00007f7c4f7ff000],  sp=0x00007f7c4f7fc9c0,  free space=8186k
Native frames: (J=compiled Java code, j=interpreted, Vv=VM code, C=native code)
C  [libSoar.so+0x1d72b9]  add_wme_to_gds(agent_struct*, gds_struct*, wme_struct*)+0x4b
C  [libSoar.so+0x1d7758]  elaborate_gds(agent_struct*)+0x328
C  [libSoar.so+0x1d7c52]  elaborate_gds(agent_struct*)+0x822
C  [libSoar.so+0x1d516a]  decide_non_context_slot(agent_struct*, slot_struct*)+0x4f6
C  [libSoar.so+0x1d52e3]  decide_non_context_slots(agent_struct*)+0x55
C  [libSoar.so+0x1d6f18]  do_working_memory_phase(agent_struct*)+0x105
C  [libSoar.so+0x1ebd21]  epmem_respond_to_cmd(agent_struct*)+0xc30
C  [libSoar.so+0x1ebea3]  epmem_go(agent_struct*, bool)+0x5c
C  [libSoar.so+0x1f07ee]  do_one_top_level_phase(agent_struct*)+0xb3b
C  [libSoar.so+0x1f186f]  run_for_n_decision_cycles(agent_struct*, long)+0xb8
C  [libSoar.so+0x381309]  sml::AgentSML::Step(sml::smlRunStepSize)+0x109
C  [libSoar.so+0x381141]  sml::AgentSML::StepInClientThread(sml::smlRunStepSize)+0x43
C  [libSoar.so+0x392112]  sml::RunScheduler::RunScheduledAgents(bool, sml::smlRunStepSize, unsigned long, sml::smlRunFlags, sml::smlRunStepSize, bool)+0x348
C  [libSoar.so+0x41d67c]  cli::CommandLineInterface::DoRun(std::bitset<10ul> const&, int, cli::Cli::eRunInterleaveMode)+0x332
C  [libSoar.so+0x43e6e4]  cli::RunCommand::Parse(std::vector<std::string, std::allocator<std::string> >&)+0x67a
C  [libSoar.so+0x42ec1b]  cli::Parser::handle_command(std::vector<std::string, std::allocator<std::string> >&)+0x91
C  [libSoar.so+0x42d942]  soar::tokenizer::parse_command()+0x1d0
C  [libSoar.so+0x42d6e8]  soar::tokenizer::evaluate(char const*)+0x60
C  [libSoar.so+0x420bb7]  cli::CommandLineInterface::Source(char const*, bool)+0x61
C  [libSoar.so+0x42aebf]  cli::CommandLineInterface::DoCommand(sml::Connection*, sml::AgentSML*, char const*, bool, bool, soarxml::ElementXML*)+0x11d
C  [libSoar.so+0x38c495]  sml::KernelSML::HandleCommandLine(sml::AgentSML*, char const*, sml::Connection*, sml::AnalyzeXML*, soarxml::ElementXML*)+0x481
C  [libSoar.so+0x38876f]  sml::KernelSML::ProcessCommand(char const*, sml::Connection*, sml::AnalyzeXML*, soarxml::ElementXML*)+0x325
C  [libSoar.so+0x388a3b]  sml::KernelSML::ProcessIncomingSML(sml::Connection*, soarxml::ElementXML*)+0x119
C  [libSoar.so+0x37f56c]  ReceivedCall(sml::Connection*, soarxml::ElementXML*, void*)+0x3b
C  [libSoar.so+0x3f7484]  sml::Callback::Invoke(soarxml::ElementXML*)+0x30
C  [libSoar.so+0x3f1177]  sml::Connection::InvokeCallbacks(soarxml::ElementXML*)+0x105
C  [libSoar.so+0x3f4819]  sml::RemoteConnection::ReceiveMessages(bool, int, int)+0x229
C  [libSoar.so+0x3f45ed]  sml::RemoteConnection::ReceiveMessages(bool)+0x2b
C  [libSoar.so+0x385a01]  sml::ConnectionManager::ReceiveAllMessages()+0x6f
C  [libSoar.so+0x38e40e]  sml::ReceiverThread::Run()+0x2e
C  [libSoar.so+0x3f7129]  ThreadStartFunction(void*)+0x2b
C  [libSoar.so+0x3f6fe1]  LinuxThreadFunc(void*)+0x28


---------------  P R O C E S S  ---------------

VM state:not at safepoint (normal execution)

VM Mutex/Monitor currently owned by a thread: None

Heap
 PSYoungGen      total 308800K, used 285736K [0x00000000e1560000, 0x00000000f4bb0000, 0x0000000100000000)
  eden space 300864K, 93% used [0x00000000e1560000,0x00000000f2898468,0x00000000f3b30000)
  from space 7936K, 49% used [0x00000000f43f0000,0x00000000f47c1bd8,0x00000000f4bb0000)
  to   space 8448K, 0% used [0x00000000f3b30000,0x00000000f3b30000,0x00000000f4370000)
 ParOldGen       total 62784K, used 11107K [0x00000000a4000000, 0x00000000a7d50000, 0x00000000e1560000)
  object space 62784K, 17% used [0x00000000a4000000,0x00000000a4ad8cb8,0x00000000a7d50000)
 PSPermGen       total 21248K, used 19608K [0x0000000099a00000, 0x000000009aec0000, 0x00000000a4000000)
  object space 21248K, 92% used [0x0000000099a00000,0x000000009ad26378,0x000000009aec0000)

Card table byte_map: [0x00007f7c8e96e000,0x00007f7c8eca2000] byte_map_base: 0x00007f7c8e4a1000

Polling page: 0x00007f7c92034000

Code Cache  [0x00007f7c85000000, 0x00007f7c85270000, 0x00007f7c88000000)
 total_blobs=1080 nmethods=524 adapters=508 free_code_cache=47215Kb largest_free_block=48306432

Compilation events (10 events):
Event: 242.690 Thread 0x00007f7c8810e000  540             net.sf.jlinkgrammar.Sentence::form_match_list (357 bytes)
Event: 242.735 Thread 0x00007f7c8810e000 nmethod 540 0x00007f7c8516b7d0 code [0x00007f7c8516b9e0, 0x00007f7c8516c5d8]
Event: 270.061 Thread 0x00007f7c88111000  542             java.lang.String::toLowerCase (8 bytes)
Event: 270.062 Thread 0x00007f7c88111000 nmethod 542 0x00007f7c851ec910 code [0x00007f7c851eca60, 0x00007f7c851ecb08]
Event: 273.019 Thread 0x00007f7c88111000  543             probcog.lcmtypes.robot_action_t::<init> (33 bytes)
Event: 273.025 Thread 0x00007f7c88111000 nmethod 543 0x00007f7c8514c250 code [0x00007f7c8514c3c0, 0x00007f7c8514c5a8]
Event: 273.238 Thread 0x00007f7c8810e000  544             sun.misc.FormattedFloatingDecimal::roundup (87 bytes)
Event: 273.243 Thread 0x00007f7c8810e000 nmethod 544 0x00007f7c851ec410 code [0x00007f7c851ec560, 0x00007f7c851ec7b8]
Event: 319.792 Thread 0x00007f7c88111000  545   !         edu.umich.insoar.PerceptionConnector::messageReceived (112 bytes)
Event: 319.805 Thread 0x00007f7c88111000 nmethod 545 0x00007f7c8514ce50 code [0x00007f7c8514d040, 0x00007f7c8514d9e0]

GC Heap History (10 events):
Event: 4.223 GC heap before
{Heap before GC invocations=6 (full 0):
 PSYoungGen      total 51008K, used 50976K [0x00000000e1560000, 0x00000000e81a0000, 0x0000000100000000)
  eden space 47104K, 100% used [0x00000000e1560000,0x00000000e4360000,0x00000000e4360000)
  from space 3904K, 99% used [0x00000000e4360000,0x00000000e4728020,0x00000000e4730000)
  to   space 8320K, 0% used [0x00000000e7980000,0x00000000e7980000,0x00000000e81a0000)
 ParOldGen       total 62784K, used 7411K [0x00000000a4000000, 0x00000000a7d50000, 0x00000000e1560000)
  object space 62784K, 11% used [0x00000000a4000000,0x00000000a473cc58,0x00000000a7d50000)
 PSPermGen       total 21248K, used 3569K [0x0000000099a00000, 0x000000009aec0000, 0x00000000a4000000)
  object space 21248K, 16% used [0x0000000099a00000,0x0000000099d7c520,0x000000009aec0000)
Event: 4.240 GC heap after
Heap after GC invocations=6 (full 0):
 PSYoungGen      total 101760K, used 5568K [0x00000000e1560000, 0x00000000e80e0000, 0x0000000100000000)
  eden space 94208K, 0% used [0x00000000e1560000,0x00000000e1560000,0x00000000e7160000)
  from space 7552K, 73% used [0x00000000e7980000,0x00000000e7ef0020,0x00000000e80e0000)
  to   space 7936K, 0% used [0x00000000e7160000,0x00000000e7160000,0x00000000e7920000)
 ParOldGen       total 62784K, used 7411K [0x00000000a4000000, 0x00000000a7d50000, 0x00000000e1560000)
  object space 62784K, 11% used [0x00000000a4000000,0x00000000a473cc58,0x00000000a7d50000)
 PSPermGen       total 21248K, used 3569K [0x0000000099a00000, 0x000000009aec0000, 0x00000000a4000000)
  object space 21248K, 16% used [0x0000000099a00000,0x0000000099d7c520,0x000000009aec0000)
}
Event: 4.550 GC heap before
{Heap before GC invocations=7 (full 0):
 PSYoungGen      total 101760K, used 99776K [0x00000000e1560000, 0x00000000e80e0000, 0x0000000100000000)
  eden space 94208K, 100% used [0x00000000e1560000,0x00000000e7160000,0x00000000e7160000)
  from space 7552K, 73% used [0x00000000e7980000,0x00000000e7ef0020,0x00000000e80e0000)
  to   space 7936K, 0% used [0x00000000e7160000,0x00000000e7160000,0x00000000e7920000)
 ParOldGen       total 62784K, used 7411K [0x00000000a4000000, 0x00000000a7d50000, 0x00000000e1560000)
  object space 62784K, 11% used [0x00000000a4000000,0x00000000a473cc58,0x00000000a7d50000)
 PSPermGen       total 21248K, used 3569K [0x0000000099a00000, 0x000000009aec0000, 0x00000000a4000000)
  object space 21248K, 16% used [0x0000000099a00000,0x0000000099d7c520,0x000000009aec0000)
Event: 4.558 GC heap after
Heap after GC invocations=7 (full 0):
 PSYoungGen      total 102144K, used 192K [0x00000000e1560000, 0x00000000ede80000, 0x0000000100000000)
  eden space 94208K, 0% used [0x00000000e1560000,0x00000000e1560000,0x00000000e7160000)
  from space 7936K, 2% used [0x00000000e7160000,0x00000000e7190000,0x00000000e7920000)
  to   space 8768K, 0% used [0x00000000ed5f0000,0x00000000ed5f0000,0x00000000ede80000)
 ParOldGen       total 62784K, used 11003K [0x00000000a4000000, 0x00000000a7d50000, 0x00000000e1560000)
  object space 62784K, 17% used [0x00000000a4000000,0x00000000a4abecb8,0x00000000a7d50000)
 PSPermGen       total 21248K, used 3569K [0x0000000099a00000, 0x000000009aec0000, 0x00000000a4000000)
  object space 21248K, 16% used [0x0000000099a00000,0x0000000099d7c520,0x000000009aec0000)
}
Event: 4.955 GC heap before
{Heap before GC invocations=8 (full 0):
 PSYoungGen      total 102144K, used 94400K [0x00000000e1560000, 0x00000000ede80000, 0x0000000100000000)
  eden space 94208K, 100% used [0x00000000e1560000,0x00000000e7160000,0x00000000e7160000)
  from space 7936K, 2% used [0x00000000e7160000,0x00000000e7190000,0x00000000e7920000)
  to   space 8768K, 0% used [0x00000000ed5f0000,0x00000000ed5f0000,0x00000000ede80000)
 ParOldGen       total 62784K, used 11003K [0x00000000a4000000, 0x00000000a7d50000, 0x00000000e1560000)
  object space 62784K, 17% used [0x00000000a4000000,0x00000000a4abecb8,0x00000000a7d50000)
 PSPermGen       total 21248K, used 3569K [0x0000000099a00000, 0x000000009aec0000, 0x00000000a4000000)
  object space 21248K, 16% used [0x0000000099a00000,0x0000000099d7c520,0x000000009aec0000)
Event: 4.956 GC heap after
Heap after GC invocations=8 (full 0):
 PSYoungGen      total 196800K, used 192K [0x00000000e1560000, 0x00000000edf40000, 0x0000000100000000)
  eden space 188032K, 0% used [0x00000000e1560000,0x00000000e1560000,0x00000000ecd00000)
  from space 8768K, 2% used [0x00000000ed5f0000,0x00000000ed620000,0x00000000ede80000)
  to   space 9152K, 0% used [0x00000000ecd00000,0x00000000ecd00000,0x00000000ed5f0000)
 ParOldGen       total 62784K, used 11043K [0x00000000a4000000, 0x00000000a7d50000, 0x00000000e1560000)
  object space 62784K, 17% used [0x00000000a4000000,0x00000000a4ac8cb8,0x00000000a7d50000)
 PSPermGen       total 21248K, used 3569K [0x0000000099a00000, 0x000000009aec0000, 0x00000000a4000000)
  object space 21248K, 16% used [0x0000000099a00000,0x0000000099d7c520,0x000000009aec0000)
}
Event: 21.303 GC heap before
{Heap before GC invocations=9 (full 0):
 PSYoungGen      total 196800K, used 188224K [0x00000000e1560000, 0x00000000edf40000, 0x0000000100000000)
  eden space 188032K, 100% used [0x00000000e1560000,0x00000000ecd00000,0x00000000ecd00000)
  from space 8768K, 2% used [0x00000000ed5f0000,0x00000000ed620000,0x00000000ede80000)
  to   space 9152K, 0% used [0x00000000ecd00000,0x00000000ecd00000,0x00000000ed5f0000)
 ParOldGen       total 62784K, used 11043K [0x00000000a4000000, 0x00000000a7d50000, 0x00000000e1560000)
  object space 62784K, 17% used [0x00000000a4000000,0x00000000a4ac8cb8,0x00000000a7d50000)
 PSPermGen       total 21248K, used 15237K [0x0000000099a00000, 0x000000009aec0000, 0x00000000a4000000)
  object space 21248K, 71% used [0x0000000099a00000,0x000000009a8e17b8,0x000000009aec0000)
Event: 21.308 GC heap after
Heap after GC invocations=9 (full 0):
 PSYoungGen      total 197184K, used 2018K [0x00000000e1560000, 0x00000000f4cb0000, 0x0000000100000000)
  eden space 188032K, 0% used [0x00000000e1560000,0x00000000e1560000,0x00000000ecd00000)
  from space 9152K, 22% used [0x00000000ecd00000,0x00000000ecef8850,0x00000000ed5f0000)
  to   space 8960K, 0% used [0x00000000f43f0000,0x00000000f43f0000,0x00000000f4cb0000)
 ParOldGen       total 62784K, used 11091K [0x00000000a4000000, 0x00000000a7d50000, 0x00000000e1560000)
  object space 62784K, 17% used [0x00000000a4000000,0x00000000a4ad4cb8,0x00000000a7d50000)
 PSPermGen       total 21248K, used 15237K [0x0000000099a00000, 0x000000009aec0000, 0x00000000a4000000)
  object space 21248K, 71% used [0x0000000099a00000,0x000000009a8e17b8,0x000000009aec0000)
}
Event: 103.526 GC heap before
{Heap before GC invocations=10 (full 0):
 PSYoungGen      total 197184K, used 190050K [0x00000000e1560000, 0x00000000f4cb0000, 0x0000000100000000)
  eden space 188032K, 100% used [0x00000000e1560000,0x00000000ecd00000,0x00000000ecd00000)
  from space 9152K, 22% used [0x00000000ecd00000,0x00000000ecef8850,0x00000000ed5f0000)
  to   space 8960K, 0% used [0x00000000f43f0000,0x00000000f43f0000,0x00000000f4cb0000)
 ParOldGen       total 62784K, used 11091K [0x00000000a4000000, 0x00000000a7d50000, 0x00000000e1560000)
  object space 62784K, 17% used [0x00000000a4000000,0x00000000a4ad4cb8,0x00000000a7d50000)
 PSPermGen       total 21248K, used 19072K [0x0000000099a00000, 0x000000009aec0000, 0x00000000a4000000)
  object space 21248K, 89% used [0x0000000099a00000,0x000000009aca00c0,0x000000009aec0000)
Event: 103.537 GC heap after
Heap after GC invocations=10 (full 0):
 PSYoungGen      total 308800K, used 3910K [0x00000000e1560000, 0x00000000f4bb0000, 0x0000000100000000)
  eden space 300864K, 0% used [0x00000000e1560000,0x00000000e1560000,0x00000000f3b30000)
  from space 7936K, 49% used [0x00000000f43f0000,0x00000000f47c1bd8,0x00000000f4bb0000)
  to   space 8448K, 0% used [0x00000000f3b30000,0x00000000f3b30000,0x00000000f4370000)
 ParOldGen       total 62784K, used 11107K [0x00000000a4000000, 0x00000000a7d50000, 0x00000000e1560000)
  object space 62784K, 17% used [0x00000000a4000000,0x00000000a4ad8cb8,0x00000000a7d50000)
 PSPermGen       total 21248K, used 19072K [0x0000000099a00000, 0x000000009aec0000, 0x00000000a4000000)
  object space 21248K, 89% used [0x0000000099a00000,0x000000009aca00c0,0x000000009aec0000)
}

Deoptimization events (10 events):
Event: 138.215 Thread 0x00007f7c28121000 Uncommon trap -83 fr.pc 0x00007f7c850e00a8
Event: 190.624 Thread 0x00007f7c240ea000 Uncommon trap -42 fr.pc 0x00007f7c851cb5d4
Event: 190.624 Thread 0x00007f7c240ea000 Uncommon trap -42 fr.pc 0x00007f7c851cb5d4
Event: 190.624 Thread 0x00007f7c240ea000 Uncommon trap -42 fr.pc 0x00007f7c851cb5d4
Event: 190.704 Thread 0x00007f7c240ea000 Uncommon trap -42 fr.pc 0x00007f7c851cb5d4
Event: 195.030 Thread 0x00007f7c240ea000 Uncommon trap -58 fr.pc 0x00007f7c8515dd08
Event: 195.032 Thread 0x00007f7c240ea000 Uncommon trap -58 fr.pc 0x00007f7c85160874
Event: 195.032 Thread 0x00007f7c240ea000 Uncommon trap -58 fr.pc 0x00007f7c85160874
Event: 195.032 Thread 0x00007f7c240ea000 Uncommon trap -58 fr.pc 0x00007f7c85160874
Event: 195.032 Thread 0x00007f7c240ea000 Uncommon trap -58 fr.pc 0x00007f7c85160874

Internal exceptions (10 events):
Event: 195.038 Thread 0x00007f7c240ea000 Threw 0x00000000e7cc6b60 at /build/buildd/openjdk-7-7u25-2.3.10/build/openjdk/hotspot/src/share/vm/prims/jvm.cpp:1235
Event: 195.039 Thread 0x00007f7c240ea000 Threw 0x00000000e7ccb250 at /build/buildd/openjdk-7-7u25-2.3.10/build/openjdk/hotspot/src/share/vm/prims/jvm.cpp:1235
Event: 195.040 Thread 0x00007f7c240ea000 Threw 0x00000000e7cce8e8 at /build/buildd/openjdk-7-7u25-2.3.10/build/openjdk/hotspot/src/share/vm/prims/jvm.cpp:1235
Event: 195.041 Thread 0x00007f7c240ea000 Threw 0x00000000e7cd1e08 at /build/buildd/openjdk-7-7u25-2.3.10/build/openjdk/hotspot/src/share/vm/prims/jvm.cpp:1235
Event: 195.042 Thread 0x00007f7c240ea000 Threw 0x00000000e7cd53a0 at /build/buildd/openjdk-7-7u25-2.3.10/build/openjdk/hotspot/src/share/vm/prims/jvm.cpp:1235
Event: 195.043 Thread 0x00007f7c240ea000 Threw 0x00000000e7cd8ca8 at /build/buildd/openjdk-7-7u25-2.3.10/build/openjdk/hotspot/src/share/vm/prims/jvm.cpp:1235
Event: 195.044 Thread 0x00007f7c240ea000 Threw 0x00000000e7cdbe20 at /build/buildd/openjdk-7-7u25-2.3.10/build/openjdk/hotspot/src/share/vm/prims/jvm.cpp:1235
Event: 195.044 Thread 0x00007f7c240ea000 Threw 0x00000000e7cdf1b0 at /build/buildd/openjdk-7-7u25-2.3.10/build/openjdk/hotspot/src/share/vm/prims/jvm.cpp:1235
Event: 195.045 Thread 0x00007f7c240ea000 Threw 0x00000000e7ce2740 at /build/buildd/openjdk-7-7u25-2.3.10/build/openjdk/hotspot/src/share/vm/prims/jvm.cpp:1235
Event: 195.046 Thread 0x00007f7c240ea000 Threw 0x00000000e7ce57f0 at /build/buildd/openjdk-7-7u25-2.3.10/build/openjdk/hotspot/src/share/vm/prims/jvm.cpp:1235

Events (10 events):
Event: 237.209 Executing VM operation: RevokeBias done
Event: 237.209 Thread 0x00007f7c240ea000 Thread exited: 0x00007f7c240ea000
Event: 238.996 Thread 0x00007f7c88111000 flushing nmethod 0x00007f7c85148790
Event: 241.291 Thread 0x00007f7c88111000 flushing nmethod 0x00007f7c8516b610
Event: 355.778 loading class 0x00007f7c2c001e60
Event: 355.779 loading class 0x00007f7c2c001e60 done
Event: 355.779 Executing VM operation: RevokeBias
Event: 355.779 Executing VM operation: RevokeBias done
Event: 355.779 loading class 0x00007f7c240732f0
Event: 355.780 loading class 0x00007f7c240732f0 done


Dynamic libraries:
00400000-00401000 r-xp 00000000 08:07 8132483                            /usr/lib/jvm/java-7-openjdk-amd64/jre/bin/java
00600000-00601000 r--p 00000000 08:07 8132483                            /usr/lib/jvm/java-7-openjdk-amd64/jre/bin/java
00601000-00602000 rw-p 00001000 08:07 8132483                            /usr/lib/jvm/java-7-openjdk-amd64/jre/bin/java
01d87000-01da8000 rw-p 00000000 00:00 0                                  [heap]
99a00000-9aec0000 rw-p 00000000 00:00 0 
9aec0000-a4000000 rw-p 00000000 00:00 0 
a4000000-a7d50000 rw-p 00000000 00:00 0 
a7d50000-e1560000 rw-p 00000000 00:00 0 
e1560000-f4bb0000 rw-p 00000000 00:00 0 
f4bb0000-f4cb0000 ---p 00000000 00:00 0 
f4cb0000-100000000 rw-p 00000000 00:00 0 
7f7c10000000-7f7c10021000 rw-p 00000000 00:00 0 
7f7c10021000-7f7c14000000 ---p 00000000 00:00 0 
7f7c14000000-7f7c14021000 rw-p 00000000 00:00 0 
7f7c14021000-7f7c18000000 ---p 00000000 00:00 0 
7f7c1bdb6000-7f7c1beff000 rw-s 00000000 00:04 19923059                   /SYSV00000000 (deleted)
7f7c1beff000-7f7c1bf02000 ---p 00000000 00:00 0 
7f7c1bf02000-7f7c1c000000 rw-p 00000000 00:00 0 
7f7c1c000000-7f7c1c021000 rw-p 00000000 00:00 0 
7f7c1c021000-7f7c20000000 ---p 00000000 00:00 0 
7f7c20000000-7f7c2004e000 rw-p 00000000 00:00 0 
7f7c2004e000-7f7c24000000 ---p 00000000 00:00 0 
7f7c24000000-7f7c241b0000 rw-p 00000000 00:00 0 
7f7c241b0000-7f7c28000000 ---p 00000000 00:00 0 
7f7c28000000-7f7c28204000 rw-p 00000000 00:00 0 
7f7c28204000-7f7c2c000000 ---p 00000000 00:00 0 
7f7c2c000000-7f7c2c029000 rw-p 00000000 00:00 0 
7f7c2c029000-7f7c30000000 ---p 00000000 00:00 0 
7f7c30000000-7f7c30021000 rw-p 00000000 00:00 0 
7f7c30021000-7f7c34000000 ---p 00000000 00:00 0 
7f7c34000000-7f7c34021000 rw-p 00000000 00:00 0 
7f7c34021000-7f7c38000000 ---p 00000000 00:00 0 
7f7c380a4000-7f7c380a7000 ---p 00000000 00:00 0 
7f7c380a7000-7f7c381a5000 rw-p 00000000 00:00 0 
7f7c381a5000-7f7c381a8000 ---p 00000000 00:00 0 
7f7c381a8000-7f7c382a6000 rw-p 00000000 00:00 0 
7f7c382a6000-7f7c382a9000 ---p 00000000 00:00 0 
7f7c382a9000-7f7c383a7000 rw-p 00000000 00:00 0                          [stack:3300]
7f7c383a7000-7f7c383aa000 ---p 00000000 00:00 0 
7f7c383aa000-7f7c384a8000 rw-p 00000000 00:00 0 
7f7c384a8000-7f7c384b8000 r-xp 00000000 08:07 8132427                    /usr/lib/jvm/java-7-openjdk-amd64/jre/lib/amd64/libnio.so
7f7c384b8000-7f7c386b8000 ---p 00010000 08:07 8132427                    /usr/lib/jvm/java-7-openjdk-amd64/jre/lib/amd64/libnio.so
7f7c386b8000-7f7c386b9000 r--p 00010000 08:07 8132427                    /usr/lib/jvm/java-7-openjdk-amd64/jre/lib/amd64/libnio.so
7f7c386b9000-7f7c386ba000 rw-p 00011000 08:07 8132427                    /usr/lib/jvm/java-7-openjdk-amd64/jre/lib/amd64/libnio.so
7f7c386ba000-7f7c38706000 r-xp 00000000 08:07 8132438                    /usr/lib/jvm/java-7-openjdk-amd64/jre/lib/amd64/libfontmanager.so
7f7c38706000-7f7c38905000 ---p 0004c000 08:07 8132438                    /usr/lib/jvm/java-7-openjdk-amd64/jre/lib/amd64/libfontmanager.so
7f7c38905000-7f7c38908000 r--p 0004b000 08:07 8132438                    /usr/lib/jvm/java-7-openjdk-amd64/jre/lib/amd64/libfontmanager.so
7f7c38908000-7f7c38909000 rw-p 0004e000 08:07 8132438                    /usr/lib/jvm/java-7-openjdk-amd64/jre/lib/amd64/libfontmanager.so
7f7c38909000-7f7c3890c000 ---p 00000000 00:00 0 
7f7c3890c000-7f7c38a0a000 rw-p 00000000 00:00 0                          [stack:3253]
7f7c38a0a000-7f7c38a0d000 ---p 00000000 00:00 0 
7f7c38a0d000-7f7c38b0b000 rw-p 00000000 00:00 0                          [stack:3252]
7f7c38b0b000-7f7c38b0e000 ---p 00000000 00:00 0 
7f7c38b0e000-7f7c38c0c000 rw-p 00000000 00:00 0                          [stack:3251]
7f7c38c0c000-7f7c38c0f000 ---p 00000000 00:00 0 
7f7c38c0f000-7f7c38d0d000 rw-p 00000000 00:00 0                          [stack:3250]
7f7c38d0d000-7f7c39e7c000 r-xp 00000000 08:07 7871992                    /usr/lib/x86_64-linux-gnu/libicudata.so.48.1.1
7f7c39e7c000-7f7c3a07b000 ---p 0116f000 08:07 7871992                    /usr/lib/x86_64-linux-gnu/libicudata.so.48.1.1
7f7c3a07b000-7f7c3a07c000 r--p 0116e000 08:07 7871992                    /usr/lib/x86_64-linux-gnu/libicudata.so.48.1.1
7f7c3a07c000-7f7c3a07d000 rw-p 0116f000 08:07 7871992                    /usr/lib/x86_64-linux-gnu/libicudata.so.48.1.1
7f7c3a07d000-7f7c3a080000 r-xp 00000000 08:07 5246626                    /lib/x86_64-linux-gnu/libgpg-error.so.0.8.0
7f7c3a080000-7f7c3a27f000 ---p 00003000 08:07 5246626                    /lib/x86_64-linux-gnu/libgpg-error.so.0.8.0
7f7c3a27f000-7f7c3a280000 r--p 00002000 08:07 5246626                    /lib/x86_64-linux-gnu/libgpg-error.so.0.8.0
7f7c3a280000-7f7c3a281000 rw-p 00003000 08:07 5246626                    /lib/x86_64-linux-gnu/libgpg-error.so.0.8.0
7f7c3a281000-7f7c3a283000 r-xp 00000000 08:07 5246637                    /lib/x86_64-linux-gnu/libkeyutils.so.1.4
7f7c3a283000-7f7c3a483000 ---p 00002000 08:07 5246637                    /lib/x86_64-linux-gnu/libkeyutils.so.1.4
7f7c3a483000-7f7c3a484000 r--p 00002000 08:07 5246637                    /lib/x86_64-linux-gnu/libkeyutils.so.1.4
7f7c3a484000-7f7c3a485000 rw-p 00003000 08:07 5246637                    /lib/x86_64-linux-gnu/libkeyutils.so.1.4
7f7c3a485000-7f7c3a5db000 r-xp 00000000 08:07 7872006                    /usr/lib/x86_64-linux-gnu/libicuuc.so.48.1.1
7f7c3a5db000-7f7c3a7da000 ---p 00156000 08:07 7872006                    /usr/lib/x86_64-linux-gnu/libicuuc.so.48.1.1
7f7c3a7da000-7f7c3a7eb000 r--p 00155000 08:07 7872006                    /usr/lib/x86_64-linux-gnu/libicuuc.so.48.1.1
7f7c3a7eb000-7f7c3a7ec000 rw-p 00166000 08:07 7872006                    /usr/lib/x86_64-linux-gnu/libicuuc.so.48.1.1
7f7c3a7ec000-7f7c3a7f0000 rw-p 00000000 00:00 0 
7f7c3a7f0000-7f7c3a822000 r-xp 00000000 08:07 7871998                    /usr/lib/x86_64-linux-gnu/libicule.so.48.1.1
7f7c3a822000-7f7c3aa22000 ---p 00032000 08:07 7871998                    /usr/lib/x86_64-linux-gnu/libicule.so.48.1.1
7f7c3aa22000-7f7c3aa24000 r--p 00032000 08:07 7871998                    /usr/lib/x86_64-linux-gnu/libicule.so.48.1.1
7f7c3aa24000-7f7c3aa25000 rw-p 00034000 08:07 7871998                    /usr/lib/x86_64-linux-gnu/libicule.so.48.1.1
7f7c3aa25000-7f7c3aa68000 r-xp 00000000 08:07 5242885                    /lib/x86_64-linux-gnu/libdbus-1.so.3.7.2
7f7c3aa68000-7f7c3ac67000 ---p 00043000 08:07 5242885                    /lib/x86_64-linux-gnu/libdbus-1.so.3.7.2
7f7c3ac67000-7f7c3ac68000 r--p 00042000 08:07 5242885                    /lib/x86_64-linux-gnu/libdbus-1.so.3.7.2
7f7c3ac68000-7f7c3ac69000 rw-p 00043000 08:07 5242885                    /lib/x86_64-linux-gnu/libdbus-1.so.3.7.2
7f7c3ac69000-7f7c3ac7b000 r-xp 00000000 08:07 7872131                    /usr/lib/x86_64-linux-gnu/libp11-kit.so.0.0.0
7f7c3ac7b000-7f7c3ae7b000 ---p 00012000 08:07 7872131                    /usr/lib/x86_64-linux-gnu/libp11-kit.so.0.0.0
7f7c3ae7b000-7f7c3ae7c000 r--p 00012000 08:07 7872131                    /usr/lib/x86_64-linux-gnu/libp11-kit.so.0.0.0
7f7c3ae7c000-7f7c3ae7d000 rw-p 00013000 08:07 7872131                    /usr/lib/x86_64-linux-gnu/libp11-kit.so.0.0.0
7f7c3ae7d000-7f7c3ae8c000 r-xp 00000000 08:07 7872289                    /usr/lib/x86_64-linux-gnu/libtasn1.so.3.2.0
7f7c3ae8c000-7f7c3b08c000 ---p 0000f000 08:07 7872289                    /usr/lib/x86_64-linux-gnu/libtasn1.so.3.2.0
7f7c3b08c000-7f7c3b08d000 r--p 0000f000 08:07 7872289                    /usr/lib/x86_64-linux-gnu/libtasn1.so.3.2.0
7f7c3b08d000-7f7c3b08e000 rw-p 00010000 08:07 7872289                    /usr/lib/x86_64-linux-gnu/libtasn1.so.3.2.0
7f7c3b08e000-7f7c3b108000 r-xp 00000000 08:07 5243988                    /lib/x86_64-linux-gnu/libgcrypt.so.11.7.0
7f7c3b108000-7f7c3b308000 ---p 0007a000 08:07 5243988                    /lib/x86_64-linux-gnu/libgcrypt.so.11.7.0
7f7c3b308000-7f7c3b309000 r--p 0007a000 08:07 5243988                    /lib/x86_64-linux-gnu/libgcrypt.so.11.7.0
7f7c3b309000-7f7c3b30c000 rw-p 0007b000 08:07 5243988                    /lib/x86_64-linux-gnu/libgcrypt.so.11.7.0
7f7c3b30c000-7f7c3b313000 r-xp 00000000 08:07 7872041                    /usr/lib/x86_64-linux-gnu/libkrb5support.so.0.1
7f7c3b313000-7f7c3b512000 ---p 00007000 08:07 7872041                    /usr/lib/x86_64-linux-gnu/libkrb5support.so.0.1
7f7c3b512000-7f7c3b513000 r--p 00006000 08:07 7872041                    /usr/lib/x86_64-linux-gnu/libkrb5support.so.0.1
7f7c3b513000-7f7c3b514000 rw-p 00007000 08:07 7872041                    /usr/lib/x86_64-linux-gnu/libkrb5support.so.0.1
7f7c3b514000-7f7c3b517000 r-xp 00000000 08:07 5246602                    /lib/x86_64-linux-gnu/libcom_err.so.2.1
7f7c3b517000-7f7c3b716000 ---p 00003000 08:07 5246602                    /lib/x86_64-linux-gnu/libcom_err.so.2.1
7f7c3b716000-7f7c3b717000 r--p 00002000 08:07 5246602                    /lib/x86_64-linux-gnu/libcom_err.so.2.1
7f7c3b717000-7f7c3b718000 rw-p 00003000 08:07 5246602                    /lib/x86_64-linux-gnu/libcom_err.so.2.1
7f7c3b718000-7f7c3b73e000 r-xp 00000000 08:07 7872035                    /usr/lib/x86_64-linux-gnu/libk5crypto.so.3.1
7f7c3b73e000-7f7c3b93e000 ---p 00026000 08:07 7872035                    /usr/lib/x86_64-linux-gnu/libk5crypto.so.3.1
7f7c3b93e000-7f7c3b93f000 r--p 00026000 08:07 7872035                    /usr/lib/x86_64-linux-gnu/libk5crypto.so.3.1
7f7c3b93f000-7f7c3b940000 rw-p 00027000 08:07 7872035                    /usr/lib/x86_64-linux-gnu/libk5crypto.so.3.1
7f7c3b940000-7f7c3b941000 rw-p 00000000 00:00 0 
7f7c3b941000-7f7c3ba05000 r-xp 00000000 08:07 7872039                    /usr/lib/x86_64-linux-gnu/libkrb5.so.3.3
7f7c3ba05000-7f7c3bc04000 ---p 000c4000 08:07 7872039                    /usr/lib/x86_64-linux-gnu/libkrb5.so.3.3
7f7c3bc04000-7f7c3bc0e000 r--p 000c3000 08:07 7872039                    /usr/lib/x86_64-linux-gnu/libkrb5.so.3.3
7f7c3bc0e000-7f7c3bc0f000 rw-p 000cd000 08:07 7872039                    /usr/lib/x86_64-linux-gnu/libkrb5.so.3.3
7f7c3bc0f000-7f7c3bca4000 r-xp 00000000 08:07 7871976                    /usr/lib/x86_64-linux-gnu/libharfbuzz.so.0.913.0
7f7c3bca4000-7f7c3bea3000 ---p 00095000 08:07 7871976                    /usr/lib/x86_64-linux-gnu/libharfbuzz.so.0.913.0
7f7c3bea3000-7f7c3bea5000 r--p 00094000 08:07 7871976                    /usr/lib/x86_64-linux-gnu/libharfbuzz.so.0.913.0
7f7c3bea5000-7f7c3bea6000 rw-p 00096000 08:07 7871976                    /usr/lib/x86_64-linux-gnu/libharfbuzz.so.0.913.0
7f7c3bea6000-7f7c3beae000 r-xp 00000000 08:07 7876045                    /usr/lib/x86_64-linux-gnu/libxcb-render.so.0.0.0
7f7c3beae000-7f7c3c0ae000 ---p 00008000 08:07 7876045                    /usr/lib/x86_64-linux-gnu/libxcb-render.so.0.0.0
7f7c3c0ae000-7f7c3c0af000 r--p 00008000 08:07 7876045                    /usr/lib/x86_64-linux-gnu/libxcb-render.so.0.0.0
7f7c3c0af000-7f7c3c0b0000 rw-p 00009000 08:07 7876045                    /usr/lib/x86_64-linux-gnu/libxcb-render.so.0.0.0
7f7c3c0b0000-7f7c3c0b2000 r-xp 00000000 08:07 7872377                    /usr/lib/x86_64-linux-gnu/libxcb-shm.so.0.0.0
7f7c3c0b2000-7f7c3c2b1000 ---p 00002000 08:07 7872377                    /usr/lib/x86_64-linux-gnu/libxcb-shm.so.0.0.0
7f7c3c2b1000-7f7c3c2b2000 r--p 00001000 08:07 7872377                    /usr/lib/x86_64-linux-gnu/libxcb-shm.so.0.0.0
7f7c3c2b2000-7f7c3c2b3000 rw-p 00002000 08:07 7872377                    /usr/lib/x86_64-linux-gnu/libxcb-shm.so.0.0.0
7f7c3c2b3000-7f7c3c2d8000 r-xp 00000000 08:07 5246702                    /lib/x86_64-linux-gnu/libpng12.so.0.49.0
7f7c3c2d8000-7f7c3c4d7000 ---p 00025000 08:07 5246702                    /lib/x86_64-linux-gnu/libpng12.so.0.49.0
7f7c3c4d7000-7f7c3c4d8000 r--p 00024000 08:07 5246702                    /lib/x86_64-linux-gnu/libpng12.so.0.49.0
7f7c3c4d8000-7f7c3c4d9000 rw-p 00025000 08:07 5246702                    /lib/x86_64-linux-gnu/libpng12.so.0.49.0
7f7c3c4d9000-7f7c3c569000 r-xp 00000000 08:07 7872161                    /usr/lib/x86_64-linux-gnu/libpixman-1.so.0.28.2
7f7c3c569000-7f7c3c768000 ---p 00090000 08:07 7872161                    /usr/lib/x86_64-linux-gnu/libpixman-1.so.0.28.2
7f7c3c768000-7f7c3c76f000 r--p 0008f000 08:07 7872161                    /usr/lib/x86_64-linux-gnu/libpixman-1.so.0.28.2
7f7c3c76f000-7f7c3c770000 rw-p 00096000 08:07 7872161                    /usr/lib/x86_64-linux-gnu/libpixman-1.so.0.28.2
7f7c3c770000-7f7c3c775000 r-xp 00000000 08:07 7871525                    /usr/lib/x86_64-linux-gnu/libXdmcp.so.6.0.0
7f7c3c775000-7f7c3c974000 ---p 00005000 08:07 7871525                    /usr/lib/x86_64-linux-gnu/libXdmcp.so.6.0.0
7f7c3c974000-7f7c3c975000 r--p 00004000 08:07 7871525                    /usr/lib/x86_64-linux-gnu/libXdmcp.so.6.0.0
7f7c3c975000-7f7c3c976000 rw-p 00005000 08:07 7871525                    /usr/lib/x86_64-linux-gnu/libXdmcp.so.6.0.0
7f7c3c976000-7f7c3c978000 r-xp 00000000 08:07 7871514                    /usr/lib/x86_64-linux-gnu/libXau.so.6.0.0
7f7c3c978000-7f7c3cb78000 ---p 00002000 08:07 7871514                    /usr/lib/x86_64-linux-gnu/libXau.so.6.0.0
7f7c3cb78000-7f7c3cb79000 r--p 00002000 08:07 7871514                    /usr/lib/x86_64-linux-gnu/libXau.so.6.0.0
7f7c3cb79000-7f7c3cb7a000 rw-p 00003000 08:07 7871514                    /usr/lib/x86_64-linux-gnu/libXau.so.6.0.0
7f7c3cb7a000-7f7c3cb89000 r-xp 00000000 08:07 7871600                    /usr/lib/x86_64-linux-gnu/libavahi-client.so.3.2.9
7f7c3cb89000-7f7c3cd89000 ---p 0000f000 08:07 7871600                    /usr/lib/x86_64-linux-gnu/libavahi-client.so.3.2.9
7f7c3cd89000-7f7c3cd8a000 r--p 0000f000 08:07 7871600                    /usr/lib/x86_64-linux-gnu/libavahi-client.so.3.2.9
7f7c3cd8a000-7f7c3cd8b000 rw-p 00010000 08:07 7871600                    /usr/lib/x86_64-linux-gnu/libavahi-client.so.3.2.9
7f7c3cd8b000-7f7c3cd96000 r-xp 00000000 08:07 7871602                    /usr/lib/x86_64-linux-gnu/libavahi-common.so.3.5.3
7f7c3cd96000-7f7c3cf95000 ---p 0000b000 08:07 7871602                    /usr/lib/x86_64-linux-gnu/libavahi-common.so.3.5.3
7f7c3cf95000-7f7c3cf96000 r--p 0000a000 08:07 7871602                    /usr/lib/x86_64-linux-gnu/libavahi-common.so.3.5.3
7f7c3cf96000-7f7c3cf97000 rw-p 0000b000 08:07 7871602                    /usr/lib/x86_64-linux-gnu/libavahi-common.so.3.5.3
7f7c3cf97000-7f7c3d04c000 r-xp 00000000 08:07 7876016                    /usr/lib/x86_64-linux-gnu/libgnutls.so.26.22.6
7f7c3d04c000-7f7c3d24b000 ---p 000b5000 08:07 7876016                    /usr/lib/x86_64-linux-gnu/libgnutls.so.26.22.6
7f7c3d24b000-7f7c3d251000 r--p 000b4000 08:07 7876016                    /usr/lib/x86_64-linux-gnu/libgnutls.so.26.22.6
7f7c3d251000-7f7c3d252000 rw-p 000ba000 08:07 7876016                    /usr/lib/x86_64-linux-gnu/libgnutls.so.26.22.6
7f7c3d252000-7f7c3d253000 rw-p 00000000 00:00 0 
7f7c3d253000-7f7c3d28e000 r-xp 00000000 08:07 7871878                    /usr/lib/x86_64-linux-gnu/libgssapi_krb5.so.2.2
7f7c3d28e000-7f7c3d48e000 ---p 0003b000 08:07 7871878                    /usr/lib/x86_64-linux-gnu/libgssapi_krb5.so.2.2
7f7c3d48e000-7f7c3d48f000 r--p 0003b000 08:07 7871878                    /usr/lib/x86_64-linux-gnu/libgssapi_krb5.so.2.2
7f7c3d48f000-7f7c3d491000 rw-p 0003c000 08:07 7871878                    /usr/lib/x86_64-linux-gnu/libgssapi_krb5.so.2.2
7f7c3d491000-7f7c3d4b7000 r-xp 00000000 08:07 5246615                    /lib/x86_64-linux-gnu/libexpat.so.1.6.0
7f7c3d4b7000-7f7c3d6b7000 ---p 00026000 08:07 5246615                    /lib/x86_64-linux-gnu/libexpat.so.1.6.0
7f7c3d6b7000-7f7c3d6b9000 r--p 00026000 08:07 5246615                    /lib/x86_64-linux-gnu/libexpat.so.1.6.0
7f7c3d6b9000-7f7c3d6ba000 rw-p 00028000 08:07 5246615                    /lib/x86_64-linux-gnu/libexpat.so.1.6.0
7f7c3d6ba000-7f7c3d751000 r-xp 00000000 08:07 7871788                    /usr/lib/x86_64-linux-gnu/libfreetype.so.6.10.0
7f7c3d751000-7f7c3d950000 ---p 00097000 08:07 7871788                    /usr/lib/x86_64-linux-gnu/libfreetype.so.6.10.0
7f7c3d950000-7f7c3d956000 r--p 00096000 08:07 7871788                    /usr/lib/x86_64-linux-gnu/libfreetype.so.6.10.0
7f7c3d956000-7f7c3d957000 rw-p 0009c000 08:07 7871788                    /usr/lib/x86_64-linux-gnu/libfreetype.so.6.10.0
7f7c3d957000-7f7c3d959000 r-xp 00000000 08:07 7871523                    /usr/lib/x86_64-linux-gnu/libXdamage.so.1.1.0
7f7c3d959000-7f7c3db58000 ---p 00002000 08:07 7871523                    /usr/lib/x86_64-linux-gnu/libXdamage.so.1.1.0
7f7c3db58000-7f7c3db59000 r--p 00001000 08:07 7871523                    /usr/lib/x86_64-linux-gnu/libXdamage.so.1.1.0
7f7c3db59000-7f7c3db5a000 rw-p 00002000 08:07 7871523                    /usr/lib/x86_64-linux-gnu/libXdamage.so.1.1.0
7f7c3db5a000-7f7c3db5c000 r-xp 00000000 08:07 7871519                    /usr/lib/x86_64-linux-gnu/libXcomposite.so.1.0.0
7f7c3db5c000-7f7c3dd5b000 ---p 00002000 08:07 7871519                    /usr/lib/x86_64-linux-gnu/libXcomposite.so.1.0.0
7f7c3dd5b000-7f7c3dd5c000 r--p 00001000 08:07 7871519                    /usr/lib/x86_64-linux-gnu/libXcomposite.so.1.0.0
7f7c3dd5c000-7f7c3dd5d000 rw-p 00002000 08:07 7871519                    /usr/lib/x86_64-linux-gnu/libXcomposite.so.1.0.0
7f7c3dd5d000-7f7c3dd66000 r-xp 00000000 08:07 7871546                    /usr/lib/x86_64-linux-gnu/libXcursor.so.1.0.2
7f7c3dd66000-7f7c3df66000 ---p 00009000 08:07 7871546                    /usr/lib/x86_64-linux-gnu/libXcursor.so.1.0.2
7f7c3df66000-7f7c3df67000 r--p 00009000 08:07 7871546                    /usr/lib/x86_64-linux-gnu/libXcursor.so.1.0.2
7f7c3df67000-7f7c3df68000 rw-p 0000a000 08:07 7871546                    /usr/lib/x86_64-linux-gnu/libXcursor.so.1.0.2
7f7c3df68000-7f7c3df71000 r-xp 00000000 08:07 7871534                    /usr/lib/x86_64-linux-gnu/libXrandr.so.2.2.0
7f7c3df71000-7f7c3e170000 ---p 00009000 08:07 7871534                    /usr/lib/x86_64-linux-gnu/libXrandr.so.2.2.0
7f7c3e170000-7f7c3e171000 r--p 00008000 08:07 7871534                    /usr/lib/x86_64-linux-gnu/libXrandr.so.2.2.0
7f7c3e171000-7f7c3e172000 rw-p 00009000 08:07 7871534                    /usr/lib/x86_64-linux-gnu/libXrandr.so.2.2.0
7f7c3e172000-7f7c3e174000 r-xp 00000000 08:07 7871532                    /usr/lib/x86_64-linux-gnu/libXinerama.so.1.0.0
7f7c3e174000-7f7c3e373000 ---p 00002000 08:07 7871532                    /usr/lib/x86_64-linux-gnu/libXinerama.so.1.0.0
7f7c3e373000-7f7c3e374000 r--p 00001000 08:07 7871532                    /usr/lib/x86_64-linux-gnu/libXinerama.so.1.0.0
7f7c3e374000-7f7c3e375000 rw-p 00002000 08:07 7871532                    /usr/lib/x86_64-linux-gnu/libXinerama.so.1.0.0
7f7c3e375000-7f7c3e388000 r-xp 00000000 08:07 7872143                    /usr/lib/x86_64-linux-gnu/libpangoft2-1.0.so.0.3200.5
7f7c3e388000-7f7c3e587000 ---p 00013000 08:07 7872143                    /usr/lib/x86_64-linux-gnu/libpangoft2-1.0.so.0.3200.5
7f7c3e587000-7f7c3e588000 r--p 00012000 08:07 7872143                    /usr/lib/x86_64-linux-gnu/libpangoft2-1.0.so.0.3200.5
7f7c3e588000-7f7c3e589000 rw-p 00013000 08:07 7872143                    /usr/lib/x86_64-linux-gnu/libpangoft2-1.0.so.0.3200.5
7f7c3e589000-7f7c3e687000 r-xp 00000000 08:07 7871626                    /usr/lib/x86_64-linux-gnu/libcairo.so.2.11200.14
7f7c3e687000-7f7c3e887000 ---p 000fe000 08:07 7871626                    /usr/lib/x86_64-linux-gnu/libcairo.so.2.11200.14
7f7c3e887000-7f7c3e88a000 r--p 000fe000 08:07 7871626                    /usr/lib/x86_64-linux-gnu/libcairo.so.2.11200.14
7f7c3e88a000-7f7c3e88b000 rw-p 00101000 08:07 7871626                    /usr/lib/x86_64-linux-gnu/libcairo.so.2.11200.14
7f7c3e88b000-7f7c3e88d000 rw-p 00000000 00:00 0 
7f7c3e88d000-7f7c3e8ad000 r-xp 00000000 08:07 7871590                    /usr/lib/x86_64-linux-gnu/libatk-1.0.so.0.20809.1
7f7c3e8ad000-7f7c3eaac000 ---p 00020000 08:07 7871590                    /usr/lib/x86_64-linux-gnu/libatk-1.0.so.0.20809.1
7f7c3eaac000-7f7c3eaae000 r--p 0001f000 08:07 7871590                    /usr/lib/x86_64-linux-gnu/libatk-1.0.so.0.20809.1
7f7c3eaae000-7f7c3eaaf000 rw-p 00021000 08:07 7871590                    /usr/lib/x86_64-linux-gnu/libatk-1.0.so.0.20809.1
7f7c3eaaf000-7f7c3eab4000 r-xp 00000000 08:07 7871526                    /usr/lib/x86_64-linux-gnu/libXfixes.so.3.1.0
7f7c3eab4000-7f7c3ecb3000 ---p 00005000 08:07 7871526                    /usr/lib/x86_64-linux-gnu/libXfixes.so.3.1.0
7f7c3ecb3000-7f7c3ecb4000 r--p 00004000 08:07 7871526                    /usr/lib/x86_64-linux-gnu/libXfixes.so.3.1.0
7f7c3ecb4000-7f7c3ecb5000 rw-p 00005000 08:07 7871526                    /usr/lib/x86_64-linux-gnu/libXfixes.so.3.1.0
7f7c3ecb5000-7f7c3ecc0000 r-xp 00000000 08:07 7872141                    /usr/lib/x86_64-linux-gnu/libpangocairo-1.0.so.0.3200.5
7f7c3ecc0000-7f7c3eec0000 ---p 0000b000 08:07 7872141                    /usr/lib/x86_64-linux-gnu/libpangocairo-1.0.so.0.3200.5
7f7c3eec0000-7f7c3eec1000 r--p 0000b000 08:07 7872141                    /usr/lib/x86_64-linux-gnu/libpangocairo-1.0.so.0.3200.5
7f7c3eec1000-7f7c3eec2000 rw-p 0000c000 08:07 7872141                    /usr/lib/x86_64-linux-gnu/libpangocairo-1.0.so.0.3200.5
7f7c3eec2000-7f7c3eedf000 r-xp 00000000 08:07 7873627                    /usr/lib/x86_64-linux-gnu/libxcb.so.1.1.0
7f7c3eedf000-7f7c3f0de000 ---p 0001d000 08:07 7873627                    /usr/lib/x86_64-linux-gnu/libxcb.so.1.1.0
7f7c3f0de000-7f7c3f0df000 r--p 0001c000 08:07 7873627                    /usr/lib/x86_64-linux-gnu/libxcb.so.1.1.0
7f7c3f0df000-7f7c3f0e0000 rw-p 0001d000 08:07 7873627                    /usr/lib/x86_64-linux-gnu/libxcb.so.1.1.0
7f7c3f0e0000-7f7c3f13a000 r-xp 00000000 08:07 7871679                    /usr/lib/x86_64-linux-gnu/libcups.so.2
7f7c3f13a000-7f7c3f33a000 ---p 0005a000 08:07 7871679                    /usr/lib/x86_64-linux-gnu/libcups.so.2
7f7c3f33a000-7f7c3f33f000 r--p 0005a000 08:07 7871679                    /usr/lib/x86_64-linux-gnu/libcups.so.2
7f7c3f33f000-7f7c3f340000 rw-p 0005f000 08:07 7871679                    /usr/lib/x86_64-linux-gnu/libcups.so.2
7f7c3f340000-7f7c3f341000 r-xp 00000000 08:07 7871956                    /usr/lib/x86_64-linux-gnu/libgthread-2.0.so.0.3600.0
7f7c3f341000-7f7c3f540000 ---p 00001000 08:07 7871956                    /usr/lib/x86_64-linux-gnu/libgthread-2.0.so.0.3600.0
7f7c3f540000-7f7c3f541000 r--p 00000000 08:07 7871956                    /usr/lib/x86_64-linux-gnu/libgthread-2.0.so.0.3600.0
7f7c3f541000-7f7c3f542000 rw-p 00001000 08:07 7871956                    /usr/lib/x86_64-linux-gnu/libgthread-2.0.so.0.3600.0
7f7c3f542000-7f7c3f579000 r-xp 00000000 08:07 7871760                    /usr/lib/x86_64-linux-gnu/libfontconfig.so.1.6.2
7f7c3f579000-7f7c3f779000 ---p 00037000 08:07 7871760                    /usr/lib/x86_64-linux-gnu/libfontconfig.so.1.6.2
7f7c3f779000-7f7c3f77a000 r--p 00037000 08:07 7871760                    /usr/lib/x86_64-linux-gnu/libfontconfig.so.1.6.2
7f7c3f77a000-7f7c3f77b000 rw-p 00038000 08:07 7871760                    /usr/lib/x86_64-linux-gnu/libfontconfig.so.1.6.2
7f7c3f77b000-7f7c3f77c000 rw-p 00000000 00:00 0 
7f7c3f77c000-7f7c3f7c4000 r-xp 00000000 08:07 7872139                    /usr/lib/x86_64-linux-gnu/libpango-1.0.so.0.3200.5
7f7c3f7c4000-7f7c3f9c4000 ---p 00048000 08:07 7872139                    /usr/lib/x86_64-linux-gnu/libpango-1.0.so.0.3200.5
7f7c3f9c4000-7f7c3f9c6000 r--p 00048000 08:07 7872139                    /usr/lib/x86_64-linux-gnu/libpango-1.0.so.0.3200.5
7f7c3f9c6000-7f7c3f9c7000 rw-p 0004a000 08:07 7872139                    /usr/lib/x86_64-linux-gnu/libpango-1.0.so.0.3200.5
7f7c3f9c7000-7f7c3fdf4000 r-xp 00000000 08:07 7871960                    /usr/lib/x86_64-linux-gnu/libgtk-x11-2.0.so.0.2400.17
7f7c3fdf4000-7f7c3fff3000 ---p 0042d000 08:07 7871960                    /usr/lib/x86_64-linux-gnu/libgtk-x11-2.0.so.0.2400.17
7f7c3fff3000-7f7c3fffa000 r--p 0042c000 08:07 7871960                    /usr/lib/x86_64-linux-gnu/libgtk-x11-2.0.so.0.2400.17
7f7c3fffa000-7f7c3fffe000 rw-p 00433000 08:07 7871960                    /usr/lib/x86_64-linux-gnu/libgtk-x11-2.0.so.0.2400.17
7f7c3fffe000-7f7c40000000 rw-p 00000000 00:00 0 
7f7c40000000-7f7c43ce1000 rw-p 00000000 00:00 0 
7f7c43ce1000-7f7c44000000 ---p 00000000 00:00 0 
7f7c44000000-7f7c44021000 rw-p 00000000 00:00 0 
7f7c44021000-7f7c48000000 ---p 00000000 00:00 0 
7f7c48000000-7f7c48021000 rw-p 00000000 00:00 0 
7f7c48021000-7f7c4c000000 ---p 00000000 00:00 0 
7f7c4c070000-7f7c4c08e000 r-xp 00000000 08:07 7871819                    /usr/lib/x86_64-linux-gnu/libgdk_pixbuf-2.0.so.0.2800.0
7f7c4c08e000-7f7c4c28e000 ---p 0001e000 08:07 7871819                    /usr/lib/x86_64-linux-gnu/libgdk_pixbuf-2.0.so.0.2800.0
7f7c4c28e000-7f7c4c28f000 r--p 0001e000 08:07 7871819                    /usr/lib/x86_64-linux-gnu/libgdk_pixbuf-2.0.so.0.2800.0
7f7c4c28f000-7f7c4c290000 rw-p 0001f000 08:07 7871819                    /usr/lib/x86_64-linux-gnu/libgdk_pixbuf-2.0.so.0.2800.0
7f7c4c290000-7f7c4c33d000 r-xp 00000000 08:07 7871817                    /usr/lib/x86_64-linux-gnu/libgdk-x11-2.0.so.0.2400.17
7f7c4c33d000-7f7c4c53c000 ---p 000ad000 08:07 7871817                    /usr/lib/x86_64-linux-gnu/libgdk-x11-2.0.so.0.2400.17
7f7c4c53c000-7f7c4c540000 r--p 000ac000 08:07 7871817                    /usr/lib/x86_64-linux-gnu/libgdk-x11-2.0.so.0.2400.17
7f7c4c540000-7f7c4c542000 rw-p 000b0000 08:07 7871817                    /usr/lib/x86_64-linux-gnu/libgdk-x11-2.0.so.0.2400.17
7f7c4c542000-7f7c4c550000 r-xp 00000000 08:07 7871520                    /usr/lib/x86_64-linux-gnu/libXi.so.6.1.0
7f7c4c550000-7f7c4c750000 ---p 0000e000 08:07 7871520                    /usr/lib/x86_64-linux-gnu/libXi.so.6.1.0
7f7c4c750000-7f7c4c751000 r--p 0000e000 08:07 7871520                    /usr/lib/x86_64-linux-gnu/libXi.so.6.1.0
7f7c4c751000-7f7c4c752000 rw-p 0000f000 08:07 7871520                    /usr/lib/x86_64-linux-gnu/libXi.so.6.1.0
7f7c4c752000-7f7c4c757000 r-xp 00000000 08:07 7871511                    /usr/lib/x86_64-linux-gnu/libXtst.so.6.1.0
7f7c4c757000-7f7c4c956000 ---p 00005000 08:07 7871511                    /usr/lib/x86_64-linux-gnu/libXtst.so.6.1.0
7f7c4c956000-7f7c4c957000 r--p 00004000 08:07 7871511                    /usr/lib/x86_64-linux-gnu/libXtst.so.6.1.0
7f7c4c957000-7f7c4c958000 rw-p 00005000 08:07 7871511                    /usr/lib/x86_64-linux-gnu/libXtst.so.6.1.0
7f7c4c958000-7f7c4c961000 r-xp 00000000 08:07 7872381                    /usr/lib/x86_64-linux-gnu/libXrender.so.1.3.0
7f7c4c961000-7f7c4cb60000 ---p 00009000 08:07 7872381                    /usr/lib/x86_64-linux-gnu/libXrender.so.1.3.0
7f7c4cb60000-7f7c4cb61000 r--p 00008000 08:07 7872381                    /usr/lib/x86_64-linux-gnu/libXrender.so.1.3.0
7f7c4cb61000-7f7c4cb62000 rw-p 00009000 08:07 7872381                    /usr/lib/x86_64-linux-gnu/libXrender.so.1.3.0
7f7c4cb62000-7f7c4cc96000 r-xp 00000000 08:07 7872387                    /usr/lib/x86_64-linux-gnu/libX11.so.6.3.0
7f7c4cc96000-7f7c4ce96000 ---p 00134000 08:07 7872387                    /usr/lib/x86_64-linux-gnu/libX11.so.6.3.0
7f7c4ce96000-7f7c4ce97000 r--p 00134000 08:07 7872387                    /usr/lib/x86_64-linux-gnu/libX11.so.6.3.0
7f7c4ce97000-7f7c4ce9c000 rw-p 00135000 08:07 7872387                    /usr/lib/x86_64-linux-gnu/libX11.so.6.3.0
7f7c4ce9c000-7f7c4cead000 r-xp 00000000 08:07 7875654                    /usr/lib/x86_64-linux-gnu/libXext.so.6.4.0
7f7c4cead000-7f7c4d0ac000 ---p 00011000 08:07 7875654                    /usr/lib/x86_64-linux-gnu/libXext.so.6.4.0
7f7c4d0ac000-7f7c4d0ad000 r--p 00010000 08:07 7875654                    /usr/lib/x86_64-linux-gnu/libXext.so.6.4.0
7f7c4d0ad000-7f7c4d0ae000 rw-p 00011000 08:07 7875654                    /usr/lib/x86_64-linux-gnu/libXext.so.6.4.0
7f7c4d0ae000-7f7c4d101000 r-xp 00000000 08:07 8132391                    /usr/lib/jvm/java-7-openjdk-amd64/jre/lib/amd64/xawt/libmawt.so
7f7c4d101000-7f7c4d300000 ---p 00053000 08:07 8132391                    /usr/lib/jvm/java-7-openjdk-amd64/jre/lib/amd64/xawt/libmawt.so
7f7c4d300000-7f7c4d301000 r--p 00052000 08:07 8132391                    /usr/lib/jvm/java-7-openjdk-amd64/jre/lib/amd64/xawt/libmawt.so
7f7c4d301000-7f7c4d304000 rw-p 00053000 08:07 8132391                    /usr/lib/jvm/java-7-openjdk-amd64/jre/lib/amd64/xawt/libmawt.so
7f7c4d304000-7f7c4d305000 rw-p 00000000 00:00 0 
7f7c4d305000-7f7c4d3a6000 r-xp 00000000 08:07 8132442                    /usr/lib/jvm/java-7-openjdk-amd64/jre/lib/amd64/libawt.so
7f7c4d3a6000-7f7c4d5a6000 ---p 000a1000 08:07 8132442                    /usr/lib/jvm/java-7-openjdk-amd64/jre/lib/amd64/libawt.so
7f7c4d5a6000-7f7c4d5a7000 r--p 000a1000 08:07 8132442                    /usr/lib/jvm/java-7-openjdk-amd64/jre/lib/amd64/libawt.so
7f7c4d5a7000-7f7c4d5b2000 rw-p 000a2000 08:07 8132442                    /usr/lib/jvm/java-7-openjdk-amd64/jre/lib/amd64/libawt.so
7f7c4d5b2000-7f7c4d5d7000 rw-p 00000000 00:00 0 
7f7c4d5d7000-7f7c4d5da000 ---p 00000000 00:00 0 
7f7c4d5da000-7f7c4d6d8000 rw-p 00000000 00:00 0                          [stack:3249]
7f7c4d6d8000-7f7c4d715000 r-xp 00000000 08:07 5246690                    /lib/x86_64-linux-gnu/libpcre.so.3.13.1
7f7c4d715000-7f7c4d915000 ---p 0003d000 08:07 5246690                    /lib/x86_64-linux-gnu/libpcre.so.3.13.1
7f7c4d915000-7f7c4d916000 r--p 0003d000 08:07 5246690                    /lib/x86_64-linux-gnu/libpcre.so.3.13.1
7f7c4d916000-7f7c4d917000 rw-p 0003e000 08:07 5246690                    /lib/x86_64-linux-gnu/libpcre.so.3.13.1
7f7c4d917000-7f7c4d91e000 r-xp 00000000 08:07 7871752                    /usr/lib/x86_64-linux-gnu/libffi.so.6.0.1
7f7c4d91e000-7f7c4db1d000 ---p 00007000 08:07 7871752                    /usr/lib/x86_64-linux-gnu/libffi.so.6.0.1
7f7c4db1d000-7f7c4db1e000 r--p 00006000 08:07 7871752                    /usr/lib/x86_64-linux-gnu/libffi.so.6.0.1
7f7c4db1e000-7f7c4db1f000 rw-p 00007000 08:07 7871752                    /usr/lib/x86_64-linux-gnu/libffi.so.6.0.1
7f7c4db1f000-7f7c4db35000 r-xp 00000000 08:07 5246713                    /lib/x86_64-linux-gnu/libresolv-2.17.so
7f7c4db35000-7f7c4dd35000 ---p 00016000 08:07 5246713                    /lib/x86_64-linux-gnu/libresolv-2.17.so
7f7c4dd35000-7f7c4dd36000 r--p 00016000 08:07 5246713                    /lib/x86_64-linux-gnu/libresolv-2.17.so
7f7c4dd36000-7f7c4dd37000 rw-p 00017000 08:07 5246713                    /lib/x86_64-linux-gnu/libresolv-2.17.so
7f7c4dd37000-7f7c4dd39000 rw-p 00000000 00:00 0 
7f7c4dd39000-7f7c4dd56000 r-xp 00000000 08:07 5246717                    /lib/x86_64-linux-gnu/libselinux.so.1
7f7c4dd56000-7f7c4df55000 ---p 0001d000 08:07 5246717                    /lib/x86_64-linux-gnu/libselinux.so.1
7f7c4df55000-7f7c4df56000 r--p 0001c000 08:07 5246717                    /lib/x86_64-linux-gnu/libselinux.so.1
7f7c4df56000-7f7c4df57000 rw-p 0001d000 08:07 5246717                    /lib/x86_64-linux-gnu/libselinux.so.1
7f7c4df57000-7f7c4df58000 rw-p 00000000 00:00 0 
7f7c4df58000-7f7c4e051000 r-xp 00000000 08:07 5246624                    /lib/x86_64-linux-gnu/libglib-2.0.so.0.3600.0
7f7c4e051000-7f7c4e251000 ---p 000f9000 08:07 5246624                    /lib/x86_64-linux-gnu/libglib-2.0.so.0.3600.0
7f7c4e251000-7f7c4e252000 r--p 000f9000 08:07 5246624                    /lib/x86_64-linux-gnu/libglib-2.0.so.0.3600.0
7f7c4e252000-7f7c4e253000 rw-p 000fa000 08:07 5246624                    /lib/x86_64-linux-gnu/libglib-2.0.so.0.3600.0
7f7c4e253000-7f7c4e254000 rw-p 00000000 00:00 0 
7f7c4e254000-7f7c4e2a1000 r-xp 00000000 08:07 7871861                    /usr/lib/x86_64-linux-gnu/libgobject-2.0.so.0.3600.0
7f7c4e2a1000-7f7c4e4a1000 ---p 0004d000 08:07 7871861                    /usr/lib/x86_64-linux-gnu/libgobject-2.0.so.0.3600.0
7f7c4e4a1000-7f7c4e4a2000 r--p 0004d000 08:07 7871861                    /usr/lib/x86_64-linux-gnu/libgobject-2.0.so.0.3600.0
7f7c4e4a2000-7f7c4e4a3000 rw-p 0004e000 08:07 7871861                    /usr/lib/x86_64-linux-gnu/libgobject-2.0.so.0.3600.0
7f7c4e4a3000-7f7c4e5f6000 r-xp 00000000 08:07 7871835                    /usr/lib/x86_64-linux-gnu/libgio-2.0.so.0.3600.0
7f7c4e5f6000-7f7c4e7f5000 ---p 00153000 08:07 7871835                    /usr/lib/x86_64-linux-gnu/libgio-2.0.so.0.3600.0
7f7c4e7f5000-7f7c4e7f9000 r--p 00152000 08:07 7871835                    /usr/lib/x86_64-linux-gnu/libgio-2.0.so.0.3600.0
7f7c4e7f9000-7f7c4e7fb000 rw-p 00156000 08:07 7871835                    /usr/lib/x86_64-linux-gnu/libgio-2.0.so.0.3600.0
7f7c4e7fb000-7f7c4e7fd000 rw-p 00000000 00:00 0 
7f7c4e7fd000-7f7c4e800000 ---p 00000000 00:00 0 
7f7c4e800000-7f7c4effe000 rw-p 00000000 00:00 0                          [stack:3223]
7f7c4effe000-7f7c4efff000 ---p 00000000 00:00 0 
7f7c4efff000-7f7c4f7ff000 rw-p 00000000 00:00 0                          [stack:3222]
7f7c4f7ff000-7f7c4f800000 ---p 00000000 00:00 0 
7f7c4f800000-7f7c50000000 rw-p 00000000 00:00 0                          [stack:3221]
7f7c50000000-7f7c50021000 rw-p 00000000 00:00 0 
7f7c50021000-7f7c54000000 ---p 00000000 00:00 0 
7f7c54000000-7f7c54021000 rw-p 00000000 00:00 0 
7f7c54021000-7f7c58000000 ---p 00000000 00:00 0 
7f7c58000000-7f7c58ed8000 rw-p 00000000 00:00 0 
7f7c58ed8000-7f7c5c000000 ---p 00000000 00:00 0 
7f7c5c000000-7f7c5ca2f000 rw-p 00000000 00:00 0 
7f7c5ca2f000-7f7c60000000 ---p 00000000 00:00 0 
7f7c60000000-7f7c60021000 rw-p 00000000 00:00 0 
7f7c60021000-7f7c64000000 ---p 00000000 00:00 0 
7f7c64000000-7f7c64021000 rw-p 00000000 00:00 0 
7f7c64021000-7f7c68000000 ---p 00000000 00:00 0 
7f7c68000000-7f7c68021000 rw-p 00000000 00:00 0 
7f7c68021000-7f7c6c000000 ---p 00000000 00:00 0 
7f7c6c000000-7f7c6c021000 rw-p 00000000 00:00 0 
7f7c6c021000-7f7c70000000 ---p 00000000 00:00 0 
7f7c70000000-7f7c70021000 rw-p 00000000 00:00 0 
7f7c70021000-7f7c74000000 ---p 00000000 00:00 0 
7f7c74033000-7f7c74036000 r-xp 00000000 08:07 7871845                    /usr/lib/x86_64-linux-gnu/libgmodule-2.0.so.0.3600.0
7f7c74036000-7f7c74235000 ---p 00003000 08:07 7871845                    /usr/lib/x86_64-linux-gnu/libgmodule-2.0.so.0.3600.0
7f7c74235000-7f7c74236000 r--p 00002000 08:07 7871845                    /usr/lib/x86_64-linux-gnu/libgmodule-2.0.so.0.3600.0
7f7c74236000-7f7c74237000 rw-p 00003000 08:07 7871845                    /usr/lib/x86_64-linux-gnu/libgmodule-2.0.so.0.3600.0
7f7c74237000-7f7c74aa4000 r-xp 00000000 08:07 656225                     /home/shiwali/soar/SoarSuite/out/libSoar.so
7f7c74aa4000-7f7c74ca4000 ---p 0086d000 08:07 656225                     /home/shiwali/soar/SoarSuite/out/libSoar.so
7f7c74ca4000-7f7c74cb5000 r--p 0086d000 08:07 656225                     /home/shiwali/soar/SoarSuite/out/libSoar.so
7f7c74cb5000-7f7c74ccc000 rw-p 0087e000 08:07 656225                     /home/shiwali/soar/SoarSuite/out/libSoar.so
7f7c74ccc000-7f7c78000000 rw-p 00000000 00:00 0 
7f7c78000000-7f7c78021000 rw-p 00000000 00:00 0 
7f7c78021000-7f7c7c000000 ---p 00000000 00:00 0 
7f7c7c000000-7f7c7c021000 rw-p 00000000 00:00 0 
7f7c7c021000-7f7c80000000 ---p 00000000 00:00 0 
7f7c80000000-7f7c80021000 rw-p 00000000 00:00 0 
7f7c80021000-7f7c84000000 ---p 00000000 00:00 0 
7f7c84078000-7f7c84083000 rw-s 00000000 00:04 20840561                   /SYSV00000000 (deleted)
7f7c84096000-7f7c840ac000 r-xp 00000000 08:07 8132431                    /usr/lib/jvm/java-7-openjdk-amd64/jre/lib/amd64/libnet.so
7f7c840ac000-7f7c842ab000 ---p 00016000 08:07 8132431                    /usr/lib/jvm/java-7-openjdk-amd64/jre/lib/amd64/libnet.so
7f7c842ab000-7f7c842ac000 r--p 00015000 08:07 8132431                    /usr/lib/jvm/java-7-openjdk-amd64/jre/lib/amd64/libnet.so
7f7c842ac000-7f7c842ad000 rw-p 00016000 08:07 8132431                    /usr/lib/jvm/java-7-openjdk-amd64/jre/lib/amd64/libnet.so
7f7c842ad000-7f7c842bf000 r--s 0028f000 08:07 788696                     /home/shiwali/InstructoSoarII/april/java/april.jar
7f7c842bf000-7f7c84318000 r-xp 00000000 08:07 658345                     /home/shiwali/soar/SoarSuite/out/libJava_sml_ClientInterface.so
7f7c84318000-7f7c84518000 ---p 00059000 08:07 658345                     /home/shiwali/soar/SoarSuite/out/libJava_sml_ClientInterface.so
7f7c84518000-7f7c84519000 r--p 00059000 08:07 658345                     /home/shiwali/soar/SoarSuite/out/libJava_sml_ClientInterface.so
7f7c84519000-7f7c8451b000 rw-p 0005a000 08:07 658345                     /home/shiwali/soar/SoarSuite/out/libJava_sml_ClientInterface.so
7f7c8451b000-7f7c8451c000 ---p 00000000 00:00 0 
7f7c8451c000-7f7c8461c000 rw-p 00000000 00:00 0                          [stack:3220]
7f7c8461c000-7f7c8461f000 ---p 00000000 00:00 0 
7f7c8461f000-7f7c8471d000 rw-p 00000000 00:00 0                          [stack:3219]
7f7c8471d000-7f7c84720000 ---p 00000000 00:00 0 
7f7c84720000-7f7c8481e000 rw-p 00000000 00:00 0                          [stack:3218]
7f7c8481e000-7f7c84821000 ---p 00000000 00:00 0 
7f7c84821000-7f7c8491f000 rw-p 00000000 00:00 0                          [stack:3217]
7f7c8491f000-7f7c85000000 r--p 00000000 08:07 7870646                    /usr/lib/locale/locale-archive
7f7c85000000-7f7c85270000 rwxp 00000000 00:00 0 
7f7c85270000-7f7c8860b000 rw-p 00000000 00:00 0 
7f7c8860b000-7f7c8c000000 ---p 00000000 00:00 0 
7f7c8c005000-7f7c8c009000 r--s 00035000 08:07 2884905                    /home/shiwali/InstructoSoarII/probcog2/java/probcog.jar
7f7c8c009000-7f7c8c012000 r--s 0005a000 08:07 659918                     /home/shiwali/soar/SoarSuite/out/java/soar-debugger.jar
7f7c8c012000-7f7c8c025000 r--s 00211000 08:07 660019                     /home/shiwali/soar/SoarSuite/out/java/swt.jar
7f7c8c025000-7f7c8c067000 rw-p 00000000 00:00 0 
7f7c8c067000-7f7c8c06a000 ---p 00000000 00:00 0 
7f7c8c06a000-7f7c8c168000 rw-p 00000000 00:00 0                          [stack:3216]
7f7c8c168000-7f7c8c16b000 ---p 00000000 00:00 0 
7f7c8c16b000-7f7c8c269000 rw-p 00000000 00:00 0                          [stack:3215]
7f7c8c269000-7f7c8c26c000 ---p 00000000 00:00 0 
7f7c8c26c000-7f7c8c36a000 rw-p 00000000 00:00 0                          [stack:3214]
7f7c8c36a000-7f7c8c36b000 ---p 00000000 00:00 0 
7f7c8c36b000-7f7c8d48b000 rw-p 00000000 00:00 0                          [stack:3213]
7f7c8d48b000-7f7c8d638000 r--s 01cec000 08:07 8132419                    /usr/lib/jvm/java-7-openjdk-amd64/jre/lib/rt.jar
7f7c8d638000-7f7c8e32c000 rw-p 00000000 00:00 0 
7f7c8e32c000-7f7c8e32d000 ---p 00000000 00:00 0 
7f7c8e32d000-7f7c8e42d000 rw-p 00000000 00:00 0                          [stack:3208]
7f7c8e42d000-7f7c8e42e000 ---p 00000000 00:00 0 
7f7c8e42e000-7f7c8e52e000 rw-p 00000000 00:00 0                          [stack:3207]
7f7c8e52e000-7f7c8e52f000 ---p 00000000 00:00 0 
7f7c8e52f000-7f7c8e62f000 rw-p 00000000 00:00 0                          [stack:3206]
7f7c8e62f000-7f7c8e630000 ---p 00000000 00:00 0 
7f7c8e630000-7f7c8e73b000 rw-p 00000000 00:00 0                          [stack:3205]
7f7c8e73b000-7f7c8e783000 rw-p 00000000 00:00 0 
7f7c8e783000-7f7c8e7a2000 rw-p 00000000 00:00 0 
7f7c8e7a2000-7f7c8e96e000 rw-p 00000000 00:00 0 
7f7c8e96e000-7f7c8e979000 rw-p 00000000 00:00 0 
7f7c8e979000-7f7c8e9c1000 rw-p 00000000 00:00 0 
7f7c8e9c1000-7f7c8e9e0000 rw-p 00000000 00:00 0 
7f7c8e9e0000-7f7c8ebab000 rw-p 00000000 00:00 0 
7f7c8ebab000-7f7c8ec47000 rw-p 00000000 00:00 0 
7f7c8ec47000-7f7c8ec48000 ---p 00000000 00:00 0 
7f7c8ec48000-7f7c8eca1000 rw-p 00000000 00:00 0 
7f7c8eca1000-7f7c8eca2000 rw-p 00000000 00:00 0 
7f7c8eca2000-7f7c8ecaa000 r-xp 00000000 08:07 8132482                    /usr/lib/jvm/java-7-openjdk-amd64/jre/lib/amd64/libzip.so
7f7c8ecaa000-7f7c8eea9000 ---p 00008000 08:07 8132482                    /usr/lib/jvm/java-7-openjdk-amd64/jre/lib/amd64/libzip.so
7f7c8eea9000-7f7c8eeaa000 r--p 00007000 08:07 8132482                    /usr/lib/jvm/java-7-openjdk-amd64/jre/lib/amd64/libzip.so
7f7c8eeaa000-7f7c8eeab000 rw-p 00008000 08:07 8132482                    /usr/lib/jvm/java-7-openjdk-amd64/jre/lib/amd64/libzip.so
7f7c8eeab000-7f7c8eeb7000 r-xp 00000000 08:07 5246668                    /lib/x86_64-linux-gnu/libnss_files-2.17.so
7f7c8eeb7000-7f7c8f0b6000 ---p 0000c000 08:07 5246668                    /lib/x86_64-linux-gnu/libnss_files-2.17.so
7f7c8f0b6000-7f7c8f0b7000 r--p 0000b000 08:07 5246668                    /lib/x86_64-linux-gnu/libnss_files-2.17.so
7f7c8f0b7000-7f7c8f0b8000 rw-p 0000c000 08:07 5246668                    /lib/x86_64-linux-gnu/libnss_files-2.17.so
7f7c8f0b8000-7f7c8f0c3000 r-xp 00000000 08:07 5246672                    /lib/x86_64-linux-gnu/libnss_nis-2.17.so
7f7c8f0c3000-7f7c8f2c2000 ---p 0000b000 08:07 5246672                    /lib/x86_64-linux-gnu/libnss_nis-2.17.so
7f7c8f2c2000-7f7c8f2c3000 r--p 0000a000 08:07 5246672                    /lib/x86_64-linux-gnu/libnss_nis-2.17.so
7f7c8f2c3000-7f7c8f2c4000 rw-p 0000b000 08:07 5246672                    /lib/x86_64-linux-gnu/libnss_nis-2.17.so
7f7c8f2c4000-7f7c8f2db000 r-xp 00000000 08:07 5246662                    /lib/x86_64-linux-gnu/libnsl-2.17.so
7f7c8f2db000-7f7c8f4da000 ---p 00017000 08:07 5246662                    /lib/x86_64-linux-gnu/libnsl-2.17.so
7f7c8f4da000-7f7c8f4db000 r--p 00016000 08:07 5246662                    /lib/x86_64-linux-gnu/libnsl-2.17.so
7f7c8f4db000-7f7c8f4dc000 rw-p 00017000 08:07 5246662                    /lib/x86_64-linux-gnu/libnsl-2.17.so
7f7c8f4dc000-7f7c8f4de000 rw-p 00000000 00:00 0 
7f7c8f4de000-7f7c8f4e6000 r-xp 00000000 08:07 5246664                    /lib/x86_64-linux-gnu/libnss_compat-2.17.so
7f7c8f4e6000-7f7c8f6e5000 ---p 00008000 08:07 5246664                    /lib/x86_64-linux-gnu/libnss_compat-2.17.so
7f7c8f6e5000-7f7c8f6e6000 r--p 00007000 08:07 5246664                    /lib/x86_64-linux-gnu/libnss_compat-2.17.so
7f7c8f6e6000-7f7c8f6e7000 rw-p 00008000 08:07 5246664                    /lib/x86_64-linux-gnu/libnss_compat-2.17.so
7f7c8f6e7000-7f7c8f712000 r-xp 00000000 08:07 8132441                    /usr/lib/jvm/java-7-openjdk-amd64/jre/lib/amd64/libjava.so
7f7c8f712000-7f7c8f911000 ---p 0002b000 08:07 8132441                    /usr/lib/jvm/java-7-openjdk-amd64/jre/lib/amd64/libjava.so
7f7c8f911000-7f7c8f912000 r--p 0002a000 08:07 8132441                    /usr/lib/jvm/java-7-openjdk-amd64/jre/lib/amd64/libjava.so
7f7c8f912000-7f7c8f914000 rw-p 0002b000 08:07 8132441                    /usr/lib/jvm/java-7-openjdk-amd64/jre/lib/amd64/libjava.so
7f7c8f914000-7f7c8f923000 r-xp 00000000 08:07 8132440                    /usr/lib/jvm/java-7-openjdk-amd64/jre/lib/amd64/libverify.so
7f7c8f923000-7f7c8fb22000 ---p 0000f000 08:07 8132440                    /usr/lib/jvm/java-7-openjdk-amd64/jre/lib/amd64/libverify.so
7f7c8fb22000-7f7c8fb24000 r--p 0000e000 08:07 8132440                    /usr/lib/jvm/java-7-openjdk-amd64/jre/lib/amd64/libverify.so
7f7c8fb24000-7f7c8fb25000 rw-p 00010000 08:07 8132440                    /usr/lib/jvm/java-7-openjdk-amd64/jre/lib/amd64/libverify.so
7f7c8fb25000-7f7c8fb2c000 r-xp 00000000 08:07 5246715                    /lib/x86_64-linux-gnu/librt-2.17.so
7f7c8fb2c000-7f7c8fd2b000 ---p 00007000 08:07 5246715                    /lib/x86_64-linux-gnu/librt-2.17.so
7f7c8fd2b000-7f7c8fd2c000 r--p 00006000 08:07 5246715                    /lib/x86_64-linux-gnu/librt-2.17.so
7f7c8fd2c000-7f7c8fd2d000 rw-p 00007000 08:07 5246715                    /lib/x86_64-linux-gnu/librt-2.17.so
7f7c8fd2d000-7f7c8fd41000 r-xp 00000000 08:07 5246620                    /lib/x86_64-linux-gnu/libgcc_s.so.1
7f7c8fd41000-7f7c8ff41000 ---p 00014000 08:07 5246620                    /lib/x86_64-linux-gnu/libgcc_s.so.1
7f7c8ff41000-7f7c8ff42000 r--p 00014000 08:07 5246620                    /lib/x86_64-linux-gnu/libgcc_s.so.1
7f7c8ff42000-7f7c8ff43000 rw-p 00015000 08:07 5246620                    /lib/x86_64-linux-gnu/libgcc_s.so.1
7f7c8ff43000-7f7c90046000 r-xp 00000000 08:07 5246643                    /lib/x86_64-linux-gnu/libm-2.17.so
7f7c90046000-7f7c90246000 ---p 00103000 08:07 5246643                    /lib/x86_64-linux-gnu/libm-2.17.so
7f7c90246000-7f7c90247000 r--p 00103000 08:07 5246643                    /lib/x86_64-linux-gnu/libm-2.17.so
7f7c90247000-7f7c90248000 rw-p 00104000 08:07 5246643                    /lib/x86_64-linux-gnu/libm-2.17.so
7f7c90248000-7f7c9032d000 r-xp 00000000 08:07 7872281                    /usr/lib/x86_64-linux-gnu/libstdc++.so.6.0.17
7f7c9032d000-7f7c9052c000 ---p 000e5000 08:07 7872281                    /usr/lib/x86_64-linux-gnu/libstdc++.so.6.0.17
7f7c9052c000-7f7c90534000 r--p 000e4000 08:07 7872281                    /usr/lib/x86_64-linux-gnu/libstdc++.so.6.0.17
7f7c90534000-7f7c90536000 rw-p 000ec000 08:07 7872281                    /usr/lib/x86_64-linux-gnu/libstdc++.so.6.0.17
7f7c90536000-7f7c9054b000 rw-p 00000000 00:00 0 
7f7c9054b000-7f7c90f3b000 r-xp 00000000 08:07 8132445                    /usr/lib/jvm/java-7-openjdk-amd64/jre/lib/amd64/server/libjvm.so
7f7c90f3b000-7f7c9113a000 ---p 009f0000 08:07 8132445                    /usr/lib/jvm/java-7-openjdk-amd64/jre/lib/amd64/server/libjvm.so
7f7c9113a000-7f7c911b9000 r--p 009ef000 08:07 8132445                    /usr/lib/jvm/java-7-openjdk-amd64/jre/lib/amd64/server/libjvm.so
7f7c911b9000-7f7c911dc000 rw-p 00a6e000 08:07 8132445                    /usr/lib/jvm/java-7-openjdk-amd64/jre/lib/amd64/server/libjvm.so
7f7c911dc000-7f7c91207000 rw-p 00000000 00:00 0 
7f7c91207000-7f7c9121d000 r-xp 00000000 08:07 5246748                    /lib/x86_64-linux-gnu/libz.so.1.2.7
7f7c9121d000-7f7c9141c000 ---p 00016000 08:07 5246748                    /lib/x86_64-linux-gnu/libz.so.1.2.7
7f7c9141c000-7f7c9141d000 r--p 00015000 08:07 5246748                    /lib/x86_64-linux-gnu/libz.so.1.2.7
7f7c9141d000-7f7c9141e000 rw-p 00016000 08:07 5246748                    /lib/x86_64-linux-gnu/libz.so.1.2.7
7f7c9141e000-7f7c91436000 r-xp 00000000 08:07 5246707                    /lib/x86_64-linux-gnu/libpthread-2.17.so
7f7c91436000-7f7c91635000 ---p 00018000 08:07 5246707                    /lib/x86_64-linux-gnu/libpthread-2.17.so
7f7c91635000-7f7c91636000 r--p 00017000 08:07 5246707                    /lib/x86_64-linux-gnu/libpthread-2.17.so
7f7c91636000-7f7c91637000 rw-p 00018000 08:07 5246707                    /lib/x86_64-linux-gnu/libpthread-2.17.so
7f7c91637000-7f7c9163b000 rw-p 00000000 00:00 0 
7f7c9163b000-7f7c9163e000 r-xp 00000000 08:07 5246610                    /lib/x86_64-linux-gnu/libdl-2.17.so
7f7c9163e000-7f7c9183d000 ---p 00003000 08:07 5246610                    /lib/x86_64-linux-gnu/libdl-2.17.so
7f7c9183d000-7f7c9183e000 r--p 00002000 08:07 5246610                    /lib/x86_64-linux-gnu/libdl-2.17.so
7f7c9183e000-7f7c9183f000 rw-p 00003000 08:07 5246610                    /lib/x86_64-linux-gnu/libdl-2.17.so
7f7c9183f000-7f7c919fd000 r-xp 00000000 08:07 5246595                    /lib/x86_64-linux-gnu/libc-2.17.so
7f7c919fd000-7f7c91bfc000 ---p 001be000 08:07 5246595                    /lib/x86_64-linux-gnu/libc-2.17.so
7f7c91bfc000-7f7c91c00000 r--p 001bd000 08:07 5246595                    /lib/x86_64-linux-gnu/libc-2.17.so
7f7c91c00000-7f7c91c02000 rw-p 001c1000 08:07 5246595                    /lib/x86_64-linux-gnu/libc-2.17.so
7f7c91c02000-7f7c91c07000 rw-p 00000000 00:00 0 
7f7c91c07000-7f7c91c14000 r-xp 00000000 08:07 8132424                    /usr/lib/jvm/java-7-openjdk-amd64/jre/lib/amd64/jli/libjli.so
7f7c91c14000-7f7c91e13000 ---p 0000d000 08:07 8132424                    /usr/lib/jvm/java-7-openjdk-amd64/jre/lib/amd64/jli/libjli.so
7f7c91e13000-7f7c91e14000 r--p 0000c000 08:07 8132424                    /usr/lib/jvm/java-7-openjdk-amd64/jre/lib/amd64/jli/libjli.so
7f7c91e14000-7f7c91e15000 rw-p 0000d000 08:07 8132424                    /usr/lib/jvm/java-7-openjdk-amd64/jre/lib/amd64/jli/libjli.so
7f7c91e15000-7f7c91e38000 r-xp 00000000 08:07 5246571                    /lib/x86_64-linux-gnu/ld-2.17.so
7f7c91e38000-7f7c91e3a000 rw-p 00000000 00:00 0 
7f7c91e3a000-7f7c91e3b000 r--s 00001000 08:07 658906                     /home/shiwali/soar/SoarSuite/out/java/soar-debugger-api.jar
7f7c91e3b000-7f7c91e3c000 r--s 00003000 08:07 659992                     /home/shiwali/soar/SoarSuite/out/java/swtgraphics2d.jar
7f7c91e3c000-7f7c91e3e000 r--s 00005000 08:07 658899                     /home/shiwali/soar/SoarSuite/out/java/soar-smljava.jar
7f7c91e3e000-7f7c91e47000 r--s 000bc000 08:07 8132175                    /usr/lib/jvm/java-7-openjdk-common/jre/lib/resources.jar
7f7c91e47000-7f7c91e4a000 r--s 00018000 08:07 658876                     /home/shiwali/soar/SoarSuite/out/java/sml.jar
7f7c91e4a000-7f7c91e4d000 r--s 0001d000 08:07 9833101                    /usr/local/share/java/lcm.jar
7f7c91e4d000-7f7c91e50000 r--s 00028000 08:07 1707691                    /home/shiwali/InstructoSoarII/rosie/java/language/lgsoar.jar
7f7c91e50000-7f7c91e5a000 rw-p 00000000 00:00 0 
7f7c91e5a000-7f7c91f10000 rw-p 00000000 00:00 0 
7f7c91f10000-7f7c91f13000 ---p 00000000 00:00 0 
7f7c91f13000-7f7c92016000 rw-p 00000000 00:00 0                          [stack:3204]
7f7c92016000-7f7c92019000 r--s 0001c000 08:07 1575757                    /home/shiwali/InstructoSoarII/rosie/java/insoar.jar
7f7c92019000-7f7c9201b000 r--s 00012000 08:07 8132181                    /usr/lib/jvm/java-7-openjdk-common/jre/lib/ext/zipfs.jar
7f7c9201b000-7f7c9201d000 r--s 00006000 08:07 8264680                    /usr/share/java/java-atk-wrapper.jar
7f7c9201d000-7f7c92020000 r--s 0003c000 08:07 8132176                    /usr/lib/jvm/java-7-openjdk-common/jre/lib/ext/sunpkcs11.jar
7f7c92020000-7f7c92023000 r--s 00032000 08:07 8132178                    /usr/lib/jvm/java-7-openjdk-common/jre/lib/ext/sunjce_provider.jar
7f7c92023000-7f7c92024000 r--s 00002000 08:07 8132180                    /usr/lib/jvm/java-7-openjdk-common/jre/lib/ext/dnsns.jar
7f7c92024000-7f7c92027000 r--s 0000f000 08:07 8132179                    /usr/lib/jvm/java-7-openjdk-common/jre/lib/ext/pulse-java.jar
7f7c92027000-7f7c9202b000 r--s 00085000 08:07 8132177                    /usr/lib/jvm/java-7-openjdk-common/jre/lib/ext/localedata.jar
7f7c9202b000-7f7c92033000 rw-s 00000000 08:07 1055678                    /tmp/hsperfdata_shiwali/3203
7f7c92033000-7f7c92034000 rw-p 00000000 00:00 0 
7f7c92034000-7f7c92035000 r--p 00000000 00:00 0 
7f7c92035000-7f7c92037000 rw-p 00000000 00:00 0 
7f7c92037000-7f7c92038000 r--p 00022000 08:07 5246571                    /lib/x86_64-linux-gnu/ld-2.17.so
7f7c92038000-7f7c9203a000 rw-p 00023000 08:07 5246571                    /lib/x86_64-linux-gnu/ld-2.17.so
7fffc83bd000-7fffc83de000 rw-p 00000000 00:00 0                          [stack]
7fffc83fe000-7fffc8400000 r-xp 00000000 00:00 0                          [vdso]
ffffffffff600000-ffffffffff601000 r-xp 00000000 00:00 0                  [vsyscall]

VM Arguments:
jvm_args: -Dfile.encoding=UTF-8 
java_command: edu.umich.insoar.InSoar
Launcher Type: SUN_STANDARD

Environment Variables:
PATH=/usr/lib/lightdm/lightdm:/usr/local/sbin:/usr/local/bin:/usr/sbin:/usr/bin:/sbin:/bin:/usr/games:/usr/local/games
LD_LIBRARY_PATH=/home/shiwali/soar/SoarSuite/out
SHELL=/bin/bash
DISPLAY=:0

Signal Handlers:
SIGSEGV: [libjvm.so+0x84f410], sa_mask[0]=0x7ffbfeff, sa_flags=0x10000004
SIGBUS: [libjvm.so+0x84f410], sa_mask[0]=0x7ffbfeff, sa_flags=0x10000004
SIGFPE: [libjvm.so+0x6f19a0], sa_mask[0]=0x7ffbfeff, sa_flags=0x10000004
SIGPIPE: SIG_IGN, sa_mask[0]=0x00000000, sa_flags=0x00000000
SIGXFSZ: [libjvm.so+0x6f19a0], sa_mask[0]=0x7ffbfeff, sa_flags=0x10000004
SIGILL: [libjvm.so+0x6f19a0], sa_mask[0]=0x7ffbfeff, sa_flags=0x10000004
SIGUSR1: SIG_DFL, sa_mask[0]=0x00000000, sa_flags=0x00000000
SIGUSR2: [libjvm.so+0x6f1d70], sa_mask[0]=0x00000004, sa_flags=0x10000004
SIGHUP: [libjvm.so+0x6f1eb0], sa_mask[0]=0x7ffbfeff, sa_flags=0x10000004
SIGINT: [libjvm.so+0x6f1eb0], sa_mask[0]=0x7ffbfeff, sa_flags=0x10000004
SIGTERM: [libjvm.so+0x6f1eb0], sa_mask[0]=0x7ffbfeff, sa_flags=0x10000004
SIGQUIT: [libjvm.so+0x6f1eb0], sa_mask[0]=0x7ffbfeff, sa_flags=0x10000004


---------------  S Y S T E M  ---------------

OS:Ubuntu 13.04 (raring)
uname:Linux 3.8.0-27-generic #40-Ubuntu SMP Tue Jul 9 00:17:05 UTC 2013 x86_64
libc:glibc 2.17 NPTL 2.17 
rlimit: STACK 8192k, CORE 0k, NPROC 46898, NOFILE 4096, AS infinity
load average:2.41 2.20 1.31

/proc/meminfo:
MemTotal:        6022120 kB
MemFree:         1476504 kB
Buffers:          179900 kB
Cached:          1420276 kB
SwapCached:            0 kB
Active:          3055924 kB
Inactive:        1210248 kB
Active(anon):    2671236 kB
Inactive(anon):   593480 kB
Active(file):     384688 kB
Inactive(file):   616768 kB
Unevictable:         216 kB
Mlocked:             216 kB
SwapTotal:        975868 kB
SwapFree:         975868 kB
Dirty:              2832 kB
Writeback:             0 kB
AnonPages:       2666620 kB
Mapped:           310596 kB
Shmem:            598356 kB
Slab:             157748 kB
SReclaimable:     125468 kB
SUnreclaim:        32280 kB
KernelStack:        5216 kB
PageTables:        44616 kB
NFS_Unstable:          0 kB
Bounce:                0 kB
WritebackTmp:          0 kB
CommitLimit:     3986928 kB
Committed_AS:    7078816 kB
VmallocTotal:   34359738367 kB
VmallocUsed:      355740 kB
VmallocChunk:   34359378556 kB
HardwareCorrupted:     0 kB
AnonHugePages:         0 kB
HugePages_Total:       0
HugePages_Free:        0
HugePages_Rsvd:        0
HugePages_Surp:        0
Hugepagesize:       2048 kB
DirectMap4k:       59392 kB
DirectMap2M:     6148096 kB


CPU:total 4 (2 cores per cpu, 2 threads per core) family 6 model 42 stepping 7, cmov, cx8, fxsr, mmx, sse, sse2, sse3, ssse3, sse4.1, sse4.2, popcnt, avx, ht, tsc, tscinvbit

/proc/cpuinfo:
processor	: 0
vendor_id	: GenuineIntel
cpu family	: 6
model		: 42
model name	: Intel(R) Core(TM) i5-2410M CPU @ 2.30GHz
stepping	: 7
microcode	: 0x15
cpu MHz		: 2300.000
cache size	: 3072 KB
physical id	: 0
siblings	: 4
core id		: 0
cpu cores	: 2
apicid		: 0
initial apicid	: 0
fpu		: yes
fpu_exception	: yes
cpuid level	: 13
wp		: yes
flags		: fpu vme de pse tsc msr pae mce cx8 apic sep mtrr pge mca cmov pat pse36 clflush dts acpi mmx fxsr sse sse2 ss ht tm pbe syscall nx rdtscp lm constant_tsc arch_perfmon pebs bts nopl xtopology nonstop_tsc aperfmperf eagerfpu pni pclmulqdq dtes64 monitor ds_cpl vmx est tm2 ssse3 cx16 xtpr pdcm pcid sse4_1 sse4_2 x2apic popcnt tsc_deadline_timer xsave avx lahf_lm ida arat epb xsaveopt pln pts dtherm tpr_shadow vnmi flexpriority ept vpid
bogomips	: 4589.57
clflush size	: 64
cache_alignment	: 64
address sizes	: 36 bits physical, 48 bits virtual
power management:

processor	: 1
vendor_id	: GenuineIntel
cpu family	: 6
model		: 42
model name	: Intel(R) Core(TM) i5-2410M CPU @ 2.30GHz
stepping	: 7
microcode	: 0x15
cpu MHz		: 1800.000
cache size	: 3072 KB
physical id	: 0
siblings	: 4
core id		: 0
cpu cores	: 2
apicid		: 1
initial apicid	: 1
fpu		: yes
fpu_exception	: yes
cpuid level	: 13
wp		: yes
flags		: fpu vme de pse tsc msr pae mce cx8 apic sep mtrr pge mca cmov pat pse36 clflush dts acpi mmx fxsr sse sse2 ss ht tm pbe syscall nx rdtscp lm constant_tsc arch_perfmon pebs bts nopl xtopology nonstop_tsc aperfmperf eagerfpu pni pclmulqdq dtes64 monitor ds_cpl vmx est tm2 ssse3 cx16 xtpr pdcm pcid sse4_1 sse4_2 x2apic popcnt tsc_deadline_timer xsave avx lahf_lm ida arat epb xsaveopt pln pts dtherm tpr_shadow vnmi flexpriority ept vpid
bogomips	: 4589.57
clflush size	: 64
cache_alignment	: 64
address sizes	: 36 bits physical, 48 bits virtual
power management:

processor	: 2
vendor_id	: GenuineIntel
cpu family	: 6
model		: 42
model name	: Intel(R) Core(TM) i5-2410M CPU @ 2.30GHz
stepping	: 7
microcode	: 0x15
cpu MHz		: 800.000
cache size	: 3072 KB
physical id	: 0
siblings	: 4
core id		: 1
cpu cores	: 2
apicid		: 2
initial apicid	: 2
fpu		: yes
fpu_exception	: yes
cpuid level	: 13
wp		: yes
flags		: fpu vme de pse tsc msr pae mce cx8 apic sep mtrr pge mca cmov pat pse36 clflush dts acpi mmx fxsr sse sse2 ss ht tm pbe syscall nx rdtscp lm constant_tsc arch_perfmon pebs bts nopl xtopology nonstop_tsc aperfmperf eagerfpu pni pclmulqdq dtes64 monitor ds_cpl vmx est tm2 ssse3 cx16 xtpr pdcm pcid sse4_1 sse4_2 x2apic popcnt tsc_deadline_timer xsave avx lahf_lm ida arat epb xsaveopt pln pts dtherm tpr_shadow vnmi flexpriority ept vpid
bogomips	: 4589.57
clflush size	: 64
cache_alignment	: 64
address sizes	: 36 bits physical, 48 bits virtual
power management:

processor	: 3
vendor_id	: GenuineIntel
cpu family	: 6
model		: 42
model name	: Intel(R) Core(TM) i5-2410M CPU @ 2.30GHz
stepping	: 7
microcode	: 0x15
cpu MHz		: 1800.000
cache size	: 3072 KB
physical id	: 0
siblings	: 4
core id		: 1
cpu cores	: 2
apicid		: 3
initial apicid	: 3
fpu		: yes
fpu_exception	: yes
cpuid level	: 13
wp		: yes
flags		: fpu vme de pse tsc msr pae mce cx8 apic sep mtrr pge mca cmov pat pse36 clflush dts acpi mmx fxsr sse sse2 ss ht tm pbe syscall nx rdtscp lm constant_tsc arch_perfmon pebs bts nopl xtopology nonstop_tsc aperfmperf eagerfpu pni pclmulqdq dtes64 monitor ds_cpl vmx est tm2 ssse3 cx16 xtpr pdcm pcid sse4_1 sse4_2 x2apic popcnt tsc_deadline_timer xsave avx lahf_lm ida arat epb xsaveopt pln pts dtherm tpr_shadow vnmi flexpriority ept vpid
bogomips	: 4589.57
clflush size	: 64
cache_alignment	: 64
address sizes	: 36 bits physical, 48 bits virtual
power management:



Memory: 4k page, physical 6022120k(1476504k free), swap 975868k(975868k free)

vm_info: OpenJDK 64-Bit Server VM (23.7-b01) for linux-amd64 JRE (1.7.0_25-b30), built on Jul  3 2013 13:50:39 by "buildd" with gcc 4.7.3

time: Mon Aug 19 20:06:56 2013
elapsed time: 481 seconds

