#
# A fatal error has been detected by the Java Runtime Environment:
#
#  SIGSEGV (0xb) at pc=0x00007f6cb61c02a2, pid=3520, tid=140104875218688
#
# JRE version: 7.0_25-b30
# Java VM: OpenJDK 64-Bit Server VM (23.7-b01 mixed mode linux-amd64 compressed oops)
# Problematic frame:
# C  [libSoar.so+0x4a52a2]  sgnode::send_update(sgnode::change_type, std::string const&)+0x96
#
# Failed to write core dump. Core dumps have been disabled. To enable core dumping, try "ulimit -c unlimited" before starting Java again
#
# If you would like to submit a bug report, please include
# instructions on how to reproduce the bug and visit:
#   https://bugs.launchpad.net/ubuntu/+source/openjdk-7/
#

---------------  T H R E A D  ---------------

Current thread is native thread

siginfo:si_signo=SIGSEGV: si_errno=0, si_code=1 (SEGV_MAPERR), si_addr=0x0000000000000000

Registers:
RAX=0x00007f6c80735968, RBX=0x00007f6c8009db18, RCX=0x000000006c726f77, RDX=0x0000000000000000
RSP=0x00007f6cb5517aa0, RBP=0x00007f6cb5517b00, RSI=0x00007f6cb5517ad0, RDI=0x00007f6cb5517ac0
R8 =0x00007f6cb61e1a44, R9 =0x00000000000000c0, R10=0x0000000000000002, R11=0x00007f6ccf220580
R12=0x00007f6cb5517ae0, R13=0x00007f6ccf88d060, R14=0x00007f6ccf8644f0, R15=0x0000000000001000
RIP=0x00007f6cb61c02a2, EFLAGS=0x0000000000010206, CSGSFS=0x0000000000000033, ERR=0x0000000000000004
  TRAPNO=0x000000000000000e

Top of Stack: (sp=0x00007f6cb5517aa0)
0x00007f6cb5517aa0:   00007f6cb5517ac0 00007f6cb5517b30
0x00007f6cb5517ab0:   00000003b5517b00 00007f6c8009d920
0x00007f6cb5517ac0:   00007f6c811aac50 00007f6cb5517b2f
0x00007f6cb5517ad0:   00007f6cb5517ae0 00007f6ccdb5abc3
0x00007f6cb5517ae0:   00007f6c8112dec0 00007f6c81168770
0x00007f6cb5517af0:   00007f6c811a6c70 0000000000000000
0x00007f6cb5517b00:   00007f6cb5517b50 00007f6cb61cd2b2
0x00007f6cb5517b10:   00000003b5517b40 00007f6c8009d920
0x00007f6cb5517b20:   00007f6c811a6c70 00007f6cb5517ba0
0x00007f6cb5517b30:   00007f6ccdd9f4d8 00007f6c8009db88
0x00007f6cb5517b40:   00007f6cb5517b70 00007f6c811a6c70
0x00007f6cb5517b50:   00007f6cb5517b70 00007f6cb61c00d8
0x00007f6cb5517b60:   00007f6c804a0e48 00007f6c8009d920
0x00007f6cb5517b70:   00007f6cb5517b90 00007f6cb61c005d
0x00007f6cb5517b80:   00007f6cb5517ba0 00007f6c80736350
0x00007f6cb5517b90:   00007f6cb5517bd0 00007f6cb61c1559
0x00007f6cb5517ba0:   00007f6c80736350 00007f6c8009d920
0x00007f6cb5517bb0:   00007f6cb5517c20 00007f6c811a6c70
0x00007f6cb5517bc0:   0000007300000000 00007f6c811a6c70
0x00007f6cb5517bd0:   00007f6cb5517cb0 00007f6cb61b97b8
0x00007f6cb5517be0:   00007f6c81168568 00007f6cb5517cf0
0x00007f6cb5517bf0:   00007f6cb5517d40 00007f6c8009d6c0
0x00007f6cb5517c00:   00007f6c811686a8 000000280001000d
0x00007f6cb5517c10:   0000000400000004 0000000400000004
0x00007f6cb5517c20:   00007f6c811af8f8 00007f6ccdb5944f
0x00007f6cb5517c30:   00007f6c8117d818 00007f6cb5517d40
0x00007f6cb5517c40:   00007f6c811adab8 00007f6c80736350
0x00007f6cb5517c50:   00007f6c811686a0 00007f6c8009d920
0x00007f6cb5517c60:   00007f6c80794b90 00007f6c80794bf0
0x00007f6cb5517c70:   00007f6c80794bf0 00007f6ccf8644f0
0x00007f6cb5517c80:   00007f6c80ef1440 00007f6c80ef1500
0x00007f6cb5517c90:   00007f6c80ef1500 00007f6c8049b400 

Instructions: (pc=0x00007f6cb61c02a2)
0x00007f6cb61c0282:   48 89 c7 e8 d8 24 04 00 48 89 45 c0 eb 32 48 8d
0x00007f6cb61c0292:   45 c0 48 89 c7 e8 c0 25 04 00 48 8b 00 48 8b 10
0x00007f6cb61c02a2:   4c 8b 02 48 8b 4d a8 8b 55 b4 48 8b 75 b8 48 89
0x00007f6cb61c02b2:   c7 41 ff d0 48 8d 45 c0 48 89 c7 e8 7a 25 04 00 

Register to memory mapping:

RAX=0x00007f6c80735968 is an unknown value
RBX=0x00007f6c8009db18 is an unknown value
RCX=0x000000006c726f77 is an unknown value
RDX=0x0000000000000000 is an unknown value
RSP=0x00007f6cb5517aa0 is an unknown value
RBP=0x00007f6cb5517b00 is an unknown value
RSI=0x00007f6cb5517ad0 is an unknown value
RDI=0x00007f6cb5517ac0 is an unknown value
R8 =0x00007f6cb61e1a44: <offset 0x4c6a44> in /home/shiwali/soar/SoarSuite/out/libSoar.so at 0x00007f6cb5d1b000
R9 =0x00000000000000c0 is an unknown value
R10=0x0000000000000002 is an unknown value
R11=0x00007f6ccf220580: <offset 0x18c580> in /lib/x86_64-linux-gnu/libc.so.6 at 0x00007f6ccf094000
R12=0x00007f6cb5517ae0 is an unknown value
R13=0x00007f6ccf88d060: _rtld_global+0 in /lib64/ld-linux-x86-64.so.2 at 0x00007f6ccf66a000
R14=0x00007f6ccf8644f0 is pointing into the stack for thread: 0x00007f6cc8009800
R15=0x0000000000001000 is an unknown value


Stack: [0x00007f6cb4d19000,0x00007f6cb551a000],  sp=0x00007f6cb5517aa0,  free space=8186k
Native frames: (J=compiled Java code, j=interpreted, Vv=VM code, C=native code)
C  [libSoar.so+0x4a52a2]  sgnode::send_update(sgnode::change_type, std::string const&)+0x96
C  [libSoar.so+0x4b22b2]  sgnode::send_update(sgnode::change_type)+0x54
C  [libSoar.so+0x4a50d8]  sgnode::set_shape_dirty()+0x50
C  [libSoar.so+0x4a505d]  sgnode::set_transform_dirty()+0x3f
C  [libSoar.so+0x4a6559]  group_node::attach_child(sgnode*)+0x43
C  [libSoar.so+0x49e7b8]  scene::parse_add(std::vector<std::string, std::allocator<std::string> >&, std::string&)+0x4b2
C  [libSoar.so+0x49f2be]  scene::parse_sgel(std::string const&)+0x29c
C  [libSoar.so+0x4ac5b8]  svs::proc_input(svs_state*)+0x14c
C  [libSoar.so+0x4aca8b]  svs::input_callback()+0x83
C  [libSoar.so+0x1efe29]  do_one_top_level_phase(agent_struct*)+0x176
C  [libSoar.so+0x1f144b]  run_for_n_phases(agent_struct*, long)+0x82
C  [libSoar.so+0x3812f0]  sml::AgentSML::Step(sml::smlRunStepSize)+0xf0
C  [libSoar.so+0x381141]  sml::AgentSML::StepInClientThread(sml::smlRunStepSize)+0x43
C  [libSoar.so+0x392112]  sml::RunScheduler::RunScheduledAgents(bool, sml::smlRunStepSize, unsigned long, sml::smlRunFlags, sml::smlRunStepSize, bool)+0x348
C  [libSoar.so+0x41d67c]  cli::CommandLineInterface::DoRun(std::bitset<10ul> const&, int, cli::Cli::eRunInterleaveMode)+0x332
C  [libSoar.so+0x43e6e4]  cli::RunCommand::Parse(std::vector<std::string, std::allocator<std::string> >&)+0x67a
C  [libSoar.so+0x42ec1b]  cli::Parser::handle_command(std::vector<std::string, std::allocator<std::string> >&)+0x91
C  [libSoar.so+0x42d942]  soar::tokenizer::parse_command()+0x1d0
C  [libSoar.so+0x42d6e8]  soar::tokenizer::evaluate(char const*)+0x60
C  [libSoar.so+0x420bb7]  cli::CommandLineInterface::Source(char const*, bool)+0x61
C  [libSoar.so+0x42aebf]  cli::CommandLineInterface::DoCommand(sml::Connection*, sml::AgentSML*, char const*, bool, bool, soarxml::ElementXML*)+0x11d
C  [libSoar.so+0x38c495]  sml::KernelSML::HandleCommandLine(sml::AgentSML*, char const*, sml::Connection*, sml::AnalyzeXML*, soarxml::ElementXML*)+0x481
C  [libSoar.so+0x38876f]  sml::KernelSML::ProcessCommand(char const*, sml::Connection*, sml::AnalyzeXML*, soarxml::ElementXML*)+0x325
C  [libSoar.so+0x388a3b]  sml::KernelSML::ProcessIncomingSML(sml::Connection*, soarxml::ElementXML*)+0x119
C  [libSoar.so+0x37f56c]  ReceivedCall(sml::Connection*, soarxml::ElementXML*, void*)+0x3b
C  [libSoar.so+0x3f7484]  sml::Callback::Invoke(soarxml::ElementXML*)+0x30
C  [libSoar.so+0x3f1177]  sml::Connection::InvokeCallbacks(soarxml::ElementXML*)+0x105
C  [libSoar.so+0x3f31b7]  sml::EmbeddedConnectionAsynch::ReceiveMessages(bool)+0x69
C  [libSoar.so+0x385a01]  sml::ConnectionManager::ReceiveAllMessages()+0x6f
C  [libSoar.so+0x38e40e]  sml::ReceiverThread::Run()+0x2e
C  [libSoar.so+0x3f7129]  ThreadStartFunction(void*)+0x2b
C  [libSoar.so+0x3f6fe1]  LinuxThreadFunc(void*)+0x28


---------------  P R O C E S S  ---------------

VM state:not at safepoint (normal execution)

VM Mutex/Monitor currently owned by a thread: None

Heap
 PSYoungGen      total 308928K, used 57444K [0x00000000e1560000, 0x00000000f4ba0000, 0x0000000100000000)
  eden space 300672K, 18% used [0x00000000e1560000,0x00000000e4ac0820,0x00000000f3b00000)
  from space 8256K, 33% used [0x00000000f4390000,0x00000000f4648850,0x00000000f4ba0000)
  to   space 8512K, 0% used [0x00000000f3b00000,0x00000000f3b00000,0x00000000f4350000)
 ParOldGen       total 62784K, used 10915K [0x00000000a4000000, 0x00000000a7d50000, 0x00000000e1560000)
  object space 62784K, 17% used [0x00000000a4000000,0x00000000a4aa8cb8,0x00000000a7d50000)
 PSPermGen       total 21248K, used 17072K [0x0000000099a00000, 0x000000009aec0000, 0x00000000a4000000)
  object space 21248K, 80% used [0x0000000099a00000,0x000000009aaac028,0x000000009aec0000)

Card table byte_map: [0x00007f6ccc1c3000,0x00007f6ccc4f7000] byte_map_base: 0x00007f6ccbcf6000

Polling page: 0x00007f6ccf889000

Code Cache  [0x00007f6cc5000000, 0x00007f6cc5270000, 0x00007f6cc8000000)
 total_blobs=959 nmethods=419 adapters=492 free_code_cache=47536Kb largest_free_block=48637440

Compilation events (10 events):
Event: 98.054 Thread 0x00007f6cc8111000  423             sun.misc.FormattedFloatingDecimal::constructPow52 (23 bytes)
Event: 98.058 Thread 0x00007f6cc810e000  424  s          sun.misc.FormattedFloatingDecimal::big5pow (215 bytes)
Event: 98.074 Thread 0x00007f6cc8111000 nmethod 423 0x00007f6cc51803d0 code [0x00007f6cc5180560, 0x00007f6cc5180dc8]
Event: 98.074 Thread 0x00007f6cc810e000 nmethod 424 0x00007f6cc5190c50 code [0x00007f6cc5190dc0, 0x00007f6cc51913d8]
Event: 99.139 Thread 0x00007f6cc8111000  425  s          sun.misc.FloatingDecimal::big5pow (215 bytes)
Event: 99.158 Thread 0x00007f6cc8111000 nmethod 425 0x00007f6cc5181650 code [0x00007f6cc5181860, 0x00007f6cc51827e0]
Event: 99.546 Thread 0x00007f6cc810e000  426             java.util.AbstractCollection::toArray (116 bytes)
Event: 99.588 Thread 0x00007f6cc810e000 nmethod 426 0x00007f6cc518df50 code [0x00007f6cc518e100, 0x00007f6cc518e818]
Event: 100.460 Thread 0x00007f6cc8111000  427             java.awt.Component::getFont_NoClientCode (29 bytes)
Event: 100.464 Thread 0x00007f6cc8111000 nmethod 427 0x00007f6cc51800d0 code [0x00007f6cc5180220, 0x00007f6cc51802e8]

GC Heap History (10 events):
Event: 6.738 GC heap before
{Heap before GC invocations=6 (full 0):
 PSYoungGen      total 51008K, used 51008K [0x00000000e1560000, 0x00000000e81a0000, 0x0000000100000000)
  eden space 47104K, 100% used [0x00000000e1560000,0x00000000e4360000,0x00000000e4360000)
  from space 3904K, 100% used [0x00000000e4360000,0x00000000e4730000,0x00000000e4730000)
  to   space 8320K, 0% used [0x00000000e7980000,0x00000000e7980000,0x00000000e81a0000)
 ParOldGen       total 62784K, used 7259K [0x00000000a4000000, 0x00000000a7d50000, 0x00000000e1560000)
  object space 62784K, 11% used [0x00000000a4000000,0x00000000a4716c58,0x00000000a7d50000)
 PSPermGen       total 21248K, used 3571K [0x0000000099a00000, 0x000000009aec0000, 0x00000000a4000000)
  object space 21248K, 16% used [0x0000000099a00000,0x0000000099d7cd40,0x000000009aec0000)
Event: 6.770 GC heap after
Heap after GC invocations=6 (full 0):
 PSYoungGen      total 101632K, used 5472K [0x00000000e1560000, 0x00000000e80c0000, 0x0000000100000000)
  eden space 94208K, 0% used [0x00000000e1560000,0x00000000e1560000,0x00000000e7160000)
  from space 7424K, 73% used [0x00000000e7980000,0x00000000e7ed8000,0x00000000e80c0000)
  to   space 7872K, 0% used [0x00000000e7160000,0x00000000e7160000,0x00000000e7910000)
 ParOldGen       total 62784K, used 7259K [0x00000000a4000000, 0x00000000a7d50000, 0x00000000e1560000)
  object space 62784K, 11% used [0x00000000a4000000,0x00000000a4716c58,0x00000000a7d50000)
 PSPermGen       total 21248K, used 3571K [0x0000000099a00000, 0x000000009aec0000, 0x00000000a4000000)
  object space 21248K, 16% used [0x0000000099a00000,0x0000000099d7cd40,0x000000009aec0000)
}
Event: 7.388 GC heap before
{Heap before GC invocations=7 (full 0):
 PSYoungGen      total 101632K, used 99680K [0x00000000e1560000, 0x00000000e80c0000, 0x0000000100000000)
  eden space 94208K, 100% used [0x00000000e1560000,0x00000000e7160000,0x00000000e7160000)
  from space 7424K, 73% used [0x00000000e7980000,0x00000000e7ed8000,0x00000000e80c0000)
  to   space 7872K, 0% used [0x00000000e7160000,0x00000000e7160000,0x00000000e7910000)
 ParOldGen       total 62784K, used 7259K [0x00000000a4000000, 0x00000000a7d50000, 0x00000000e1560000)
  object space 62784K, 11% used [0x00000000a4000000,0x00000000a4716c58,0x00000000a7d50000)
 PSPermGen       total 21248K, used 3571K [0x0000000099a00000, 0x000000009aec0000, 0x00000000a4000000)
  object space 21248K, 16% used [0x0000000099a00000,0x0000000099d7cd40,0x000000009aec0000)
Event: 7.413 GC heap after
Heap after GC invocations=7 (full 0):
 PSYoungGen      total 102080K, used 2016K [0x00000000e1560000, 0x00000000edda0000, 0x0000000100000000)
  eden space 94208K, 0% used [0x00000000e1560000,0x00000000e1560000,0x00000000e7160000)
  from space 7872K, 25% used [0x00000000e7160000,0x00000000e7358000,0x00000000e7910000)
  to   space 8320K, 0% used [0x00000000ed580000,0x00000000ed580000,0x00000000edda0000)
 ParOldGen       total 62784K, used 10795K [0x00000000a4000000, 0x00000000a7d50000, 0x00000000e1560000)
  object space 62784K, 17% used [0x00000000a4000000,0x00000000a4a8acb8,0x00000000a7d50000)
 PSPermGen       total 21248K, used 3571K [0x0000000099a00000, 0x000000009aec0000, 0x00000000a4000000)
  object space 21248K, 16% used [0x0000000099a00000,0x0000000099d7cd40,0x000000009aec0000)
}
Event: 8.243 GC heap before
{Heap before GC invocations=8 (full 0):
 PSYoungGen      total 102080K, used 96224K [0x00000000e1560000, 0x00000000edda0000, 0x0000000100000000)
  eden space 94208K, 100% used [0x00000000e1560000,0x00000000e7160000,0x00000000e7160000)
  from space 7872K, 25% used [0x00000000e7160000,0x00000000e7358000,0x00000000e7910000)
  to   space 8320K, 0% used [0x00000000ed580000,0x00000000ed580000,0x00000000edda0000)
 ParOldGen       total 62784K, used 10795K [0x00000000a4000000, 0x00000000a7d50000, 0x00000000e1560000)
  object space 62784K, 17% used [0x00000000a4000000,0x00000000a4a8acb8,0x00000000a7d50000)
 PSPermGen       total 21248K, used 3571K [0x0000000099a00000, 0x000000009aec0000, 0x00000000a4000000)
  object space 21248K, 16% used [0x0000000099a00000,0x0000000099d7cd40,0x000000009aec0000)
Event: 8.245 GC heap after
Heap after GC invocations=8 (full 0):
 PSYoungGen      total 196224K, used 160K [0x00000000e1560000, 0x00000000edea0000, 0x0000000100000000)
  eden space 187904K, 0% used [0x00000000e1560000,0x00000000e1560000,0x00000000ecce0000)
  from space 8320K, 1% used [0x00000000ed580000,0x00000000ed5a8000,0x00000000edda0000)
  to   space 8832K, 0% used [0x00000000ecce0000,0x00000000ecce0000,0x00000000ed580000)
 ParOldGen       total 62784K, used 10819K [0x00000000a4000000, 0x00000000a7d50000, 0x00000000e1560000)
  object space 62784K, 17% used [0x00000000a4000000,0x00000000a4a90cb8,0x00000000a7d50000)
 PSPermGen       total 21248K, used 3571K [0x0000000099a00000, 0x000000009aec0000, 0x00000000a4000000)
  object space 21248K, 16% used [0x0000000099a00000,0x0000000099d7cd40,0x000000009aec0000)
}
Event: 14.096 GC heap before
{Heap before GC invocations=9 (full 0):
 PSYoungGen      total 196224K, used 188064K [0x00000000e1560000, 0x00000000edea0000, 0x0000000100000000)
  eden space 187904K, 100% used [0x00000000e1560000,0x00000000ecce0000,0x00000000ecce0000)
  from space 8320K, 1% used [0x00000000ed580000,0x00000000ed5a8000,0x00000000edda0000)
  to   space 8832K, 0% used [0x00000000ecce0000,0x00000000ecce0000,0x00000000ed580000)
 ParOldGen       total 62784K, used 10819K [0x00000000a4000000, 0x00000000a7d50000, 0x00000000e1560000)
  object space 62784K, 17% used [0x00000000a4000000,0x00000000a4a90cb8,0x00000000a7d50000)
 PSPermGen       total 21248K, used 15268K [0x0000000099a00000, 0x000000009aec0000, 0x00000000a4000000)
  object space 21248K, 71% used [0x0000000099a00000,0x000000009a8e93b0,0x000000009aec0000)
Event: 14.105 GC heap after
Heap after GC invocations=9 (full 0):
 PSYoungGen      total 196736K, used 2032K [0x00000000e1560000, 0x00000000f4c20000, 0x0000000100000000)
  eden space 187904K, 0% used [0x00000000e1560000,0x00000000e1560000,0x00000000ecce0000)
  from space 8832K, 23% used [0x00000000ecce0000,0x00000000ecedc030,0x00000000ed580000)
  to   space 8768K, 0% used [0x00000000f4390000,0x00000000f4390000,0x00000000f4c20000)
 ParOldGen       total 62784K, used 10891K [0x00000000a4000000, 0x00000000a7d50000, 0x00000000e1560000)
  object space 62784K, 17% used [0x00000000a4000000,0x00000000a4aa2cb8,0x00000000a7d50000)
 PSPermGen       total 21248K, used 15268K [0x0000000099a00000, 0x000000009aec0000, 0x00000000a4000000)
  object space 21248K, 71% used [0x0000000099a00000,0x000000009a8e93b0,0x000000009aec0000)
}
Event: 92.414 GC heap before
{Heap before GC invocations=10 (full 0):
 PSYoungGen      total 196736K, used 189936K [0x00000000e1560000, 0x00000000f4c20000, 0x0000000100000000)
  eden space 187904K, 100% used [0x00000000e1560000,0x00000000ecce0000,0x00000000ecce0000)
  from space 8832K, 23% used [0x00000000ecce0000,0x00000000ecedc030,0x00000000ed580000)
  to   space 8768K, 0% used [0x00000000f4390000,0x00000000f4390000,0x00000000f4c20000)
 ParOldGen       total 62784K, used 10891K [0x00000000a4000000, 0x00000000a7d50000, 0x00000000e1560000)
  object space 62784K, 17% used [0x00000000a4000000,0x00000000a4aa2cb8,0x00000000a7d50000)
 PSPermGen       total 21248K, used 17053K [0x0000000099a00000, 0x000000009aec0000, 0x00000000a4000000)
  object space 21248K, 80% used [0x0000000099a00000,0x000000009aaa7770,0x000000009aec0000)
Event: 92.430 GC heap after
Heap after GC invocations=10 (full 0):
 PSYoungGen      total 308928K, used 2786K [0x00000000e1560000, 0x00000000f4ba0000, 0x0000000100000000)
  eden space 300672K, 0% used [0x00000000e1560000,0x00000000e1560000,0x00000000f3b00000)
  from space 8256K, 33% used [0x00000000f4390000,0x00000000f4648850,0x00000000f4ba0000)
  to   space 8512K, 0% used [0x00000000f3b00000,0x00000000f3b00000,0x00000000f4350000)
 ParOldGen       total 62784K, used 10915K [0x00000000a4000000, 0x00000000a7d50000, 0x00000000e1560000)
  object space 62784K, 17% used [0x00000000a4000000,0x00000000a4aa8cb8,0x00000000a7d50000)
 PSPermGen       total 21248K, used 17053K [0x0000000099a00000, 0x000000009aec0000, 0x00000000a4000000)
  object space 21248K, 80% used [0x0000000099a00000,0x000000009aaa7770,0x000000009aec0000)
}

Deoptimization events (10 events):
Event: 30.998 Thread 0x00007f6c600e4000 Uncommon trap -58 fr.pc 0x00007f6cc50eff20
Event: 41.861 Thread 0x00007f6cc8509800 Uncommon trap -34 fr.pc 0x00007f6cc50da078
Event: 59.052 Thread 0x00007f6cc8509800 Uncommon trap -34 fr.pc 0x00007f6cc50da078
Event: 67.635 Thread 0x00007f6cc8509800 Uncommon trap -34 fr.pc 0x00007f6cc50da078
Event: 99.655 Thread 0x00007f6c600e4000 Uncommon trap -42 fr.pc 0x00007f6cc518e5b8
Event: 99.656 Thread 0x00007f6c600e4000 Uncommon trap -42 fr.pc 0x00007f6cc518e5b8
Event: 99.656 Thread 0x00007f6c600e4000 Uncommon trap -42 fr.pc 0x00007f6cc518e5b8
Event: 99.657 Thread 0x00007f6c600e4000 Uncommon trap -42 fr.pc 0x00007f6cc518e5b8
Event: 106.574 Thread 0x00007f6c600e4000 Uncommon trap -12 fr.pc 0x00007f6cc5151a40
Event: 106.657 Thread 0x00007f6cc830d800 Uncommon trap -83 fr.pc 0x00007f6cc514c764

Internal exceptions (10 events):
Event: 30.919 Thread 0x00007f6c600e4000 Threw 0x00000000e3f67f90 at /build/buildd/openjdk-7-7u25-2.3.10/build/openjdk/hotspot/src/share/vm/prims/jvm.cpp:1235
Event: 30.920 Thread 0x00007f6c600e4000 Threw 0x00000000e3f6b5e0 at /build/buildd/openjdk-7-7u25-2.3.10/build/openjdk/hotspot/src/share/vm/prims/jvm.cpp:1235
Event: 30.921 Thread 0x00007f6c600e4000 Threw 0x00000000e3f6df08 at /build/buildd/openjdk-7-7u25-2.3.10/build/openjdk/hotspot/src/share/vm/prims/jvm.cpp:1235
Event: 30.923 Thread 0x00007f6c600e4000 Threw 0x00000000e3f95830 at /build/buildd/openjdk-7-7u25-2.3.10/build/openjdk/hotspot/src/share/vm/prims/jvm.cpp:1235
Event: 34.752 Thread 0x00007f6c600e4000 Threw 0x00000000e47b5588 at /build/buildd/openjdk-7-7u25-2.3.10/build/openjdk/hotspot/src/share/vm/prims/jvm.cpp:1235
Event: 34.753 Thread 0x00007f6c600e4000 Threw 0x00000000e47ba0a8 at /build/buildd/openjdk-7-7u25-2.3.10/build/openjdk/hotspot/src/share/vm/prims/jvm.cpp:1235
Event: 44.450 Thread 0x00007f6c600e4000 Threw 0x00000000e5a8f5c8 at /build/buildd/openjdk-7-7u25-2.3.10/build/openjdk/hotspot/src/share/vm/prims/jvm.cpp:1235
Event: 44.456 Thread 0x00007f6c600e4000 Threw 0x00000000e5a96558 at /build/buildd/openjdk-7-7u25-2.3.10/build/openjdk/hotspot/src/share/vm/prims/jvm.cpp:1235
Event: 106.574 Thread 0x00007f6c600e4000 Implicit null exception at 0x00007f6cc515005b to 0x00007f6cc5151a0d
Event: 106.657 Thread 0x00007f6cc830d800 Implicit null exception at 0x00007f6cc514bec2 to 0x00007f6cc514c751

Events (10 events):
Event: 99.657 Thread 0x00007f6c600e4000 DEOPT PACKING pc=0x00007f6cc518e5b8 sp=0x00007f6c75d19af0
Event: 99.657 Thread 0x00007f6c600e4000 DEOPT UNPACKING pc=0x00007f6cc5039145 sp=0x00007f6c75d19aa8 mode 2
Event: 106.574 Thread 0x00007f6c600e4000 DEOPT PACKING pc=0x00007f6cc5151a40 sp=0x00007f6c75d19cd0
Event: 106.574 Thread 0x00007f6c600e4000 DEOPT UNPACKING pc=0x00007f6cc5039145 sp=0x00007f6c75d19cd8 mode 2
Event: 106.657 Executing VM operation: RevokeBias
Event: 106.657 Executing VM operation: RevokeBias done
Event: 106.657 Thread 0x00007f6cc830d800 DEOPT PACKING pc=0x00007f6cc514c764 sp=0x00007f6c86f24760
Event: 106.657 Thread 0x00007f6cc830d800 DEOPT UNPACKING pc=0x00007f6cc5039145 sp=0x00007f6c86f246d8 mode 2
Event: 107.556 Executing VM operation: RevokeBias
Event: 107.556 Executing VM operation: RevokeBias done


Dynamic libraries:
00400000-00401000 r-xp 00000000 08:07 8132483                            /usr/lib/jvm/java-7-openjdk-amd64/jre/bin/java
00600000-00601000 r--p 00000000 08:07 8132483                            /usr/lib/jvm/java-7-openjdk-amd64/jre/bin/java
00601000-00602000 rw-p 00001000 08:07 8132483                            /usr/lib/jvm/java-7-openjdk-amd64/jre/bin/java
00631000-00652000 rw-p 00000000 00:00 0                                  [heap]
99a00000-9aec0000 rw-p 00000000 00:00 0 
9aec0000-a4000000 rw-p 00000000 00:00 0 
a4000000-a7d50000 rw-p 00000000 00:00 0 
a7d50000-e1560000 rw-p 00000000 00:00 0 
e1560000-f4ba0000 rw-p 00000000 00:00 0 
f4ba0000-f4c20000 ---p 00000000 00:00 0 
f4c20000-100000000 rw-p 00000000 00:00 0 
7f6c58000000-7f6c58021000 rw-p 00000000 00:00 0 
7f6c58021000-7f6c5c000000 ---p 00000000 00:00 0 
7f6c60000000-7f6c601b4000 rw-p 00000000 00:00 0 
7f6c601b4000-7f6c64000000 ---p 00000000 00:00 0 
7f6c64000000-7f6c64123000 rw-p 00000000 00:00 0 
7f6c64123000-7f6c68000000 ---p 00000000 00:00 0 
7f6c68000000-7f6c68022000 rw-p 00000000 00:00 0 
7f6c68022000-7f6c6c000000 ---p 00000000 00:00 0 
7f6c6c000000-7f6c6c021000 rw-p 00000000 00:00 0 
7f6c6c021000-7f6c70000000 ---p 00000000 00:00 0 
7f6c70000000-7f6c70021000 rw-p 00000000 00:00 0 
7f6c70021000-7f6c74000000 ---p 00000000 00:00 0 
7f6c754dc000-7f6c759d1000 rw-p 00000000 00:00 0 
7f6c759d1000-7f6c75b1a000 rw-s 00000000 00:04 6160404                    /SYSV00000000 (deleted)
7f6c75b1a000-7f6c75b1d000 ---p 00000000 00:00 0 
7f6c75b1d000-7f6c75c1b000 rw-p 00000000 00:00 0                          [stack:3574]
7f6c75c1b000-7f6c75c1e000 ---p 00000000 00:00 0 
7f6c75c1e000-7f6c75d1c000 rw-p 00000000 00:00 0                          [stack:3573]
7f6c75d1c000-7f6c75d2c000 r-xp 00000000 08:07 8132427                    /usr/lib/jvm/java-7-openjdk-amd64/jre/lib/amd64/libnio.so
7f6c75d2c000-7f6c75f2c000 ---p 00010000 08:07 8132427                    /usr/lib/jvm/java-7-openjdk-amd64/jre/lib/amd64/libnio.so
7f6c75f2c000-7f6c75f2d000 r--p 00010000 08:07 8132427                    /usr/lib/jvm/java-7-openjdk-amd64/jre/lib/amd64/libnio.so
7f6c75f2d000-7f6c75f2e000 rw-p 00011000 08:07 8132427                    /usr/lib/jvm/java-7-openjdk-amd64/jre/lib/amd64/libnio.so
7f6c75f2e000-7f6c75f7a000 r-xp 00000000 08:07 8132438                    /usr/lib/jvm/java-7-openjdk-amd64/jre/lib/amd64/libfontmanager.so
7f6c75f7a000-7f6c76179000 ---p 0004c000 08:07 8132438                    /usr/lib/jvm/java-7-openjdk-amd64/jre/lib/amd64/libfontmanager.so
7f6c76179000-7f6c7617c000 r--p 0004b000 08:07 8132438                    /usr/lib/jvm/java-7-openjdk-amd64/jre/lib/amd64/libfontmanager.so
7f6c7617c000-7f6c7617d000 rw-p 0004e000 08:07 8132438                    /usr/lib/jvm/java-7-openjdk-amd64/jre/lib/amd64/libfontmanager.so
7f6c7617d000-7f6c76180000 ---p 00000000 00:00 0 
7f6c76180000-7f6c7627e000 rw-p 00000000 00:00 0                          [stack:3572]
7f6c7627e000-7f6c76281000 ---p 00000000 00:00 0 
7f6c76281000-7f6c7637f000 rw-p 00000000 00:00 0                          [stack:3571]
7f6c7637f000-7f6c76382000 ---p 00000000 00:00 0 
7f6c76382000-7f6c76480000 rw-p 00000000 00:00 0                          [stack:3570]
7f6c76480000-7f6c775ef000 r-xp 00000000 08:07 7871992                    /usr/lib/x86_64-linux-gnu/libicudata.so.48.1.1
7f6c775ef000-7f6c777ee000 ---p 0116f000 08:07 7871992                    /usr/lib/x86_64-linux-gnu/libicudata.so.48.1.1
7f6c777ee000-7f6c777ef000 r--p 0116e000 08:07 7871992                    /usr/lib/x86_64-linux-gnu/libicudata.so.48.1.1
7f6c777ef000-7f6c777f0000 rw-p 0116f000 08:07 7871992                    /usr/lib/x86_64-linux-gnu/libicudata.so.48.1.1
7f6c777f0000-7f6c777f3000 r-xp 00000000 08:07 5246626                    /lib/x86_64-linux-gnu/libgpg-error.so.0.8.0
7f6c777f3000-7f6c779f2000 ---p 00003000 08:07 5246626                    /lib/x86_64-linux-gnu/libgpg-error.so.0.8.0
7f6c779f2000-7f6c779f3000 r--p 00002000 08:07 5246626                    /lib/x86_64-linux-gnu/libgpg-error.so.0.8.0
7f6c779f3000-7f6c779f4000 rw-p 00003000 08:07 5246626                    /lib/x86_64-linux-gnu/libgpg-error.so.0.8.0
7f6c779f4000-7f6c779f6000 r-xp 00000000 08:07 5246637                    /lib/x86_64-linux-gnu/libkeyutils.so.1.4
7f6c779f6000-7f6c77bf6000 ---p 00002000 08:07 5246637                    /lib/x86_64-linux-gnu/libkeyutils.so.1.4
7f6c77bf6000-7f6c77bf7000 r--p 00002000 08:07 5246637                    /lib/x86_64-linux-gnu/libkeyutils.so.1.4
7f6c77bf7000-7f6c77bf8000 rw-p 00003000 08:07 5246637                    /lib/x86_64-linux-gnu/libkeyutils.so.1.4
7f6c77bf8000-7f6c77d4e000 r-xp 00000000 08:07 7872006                    /usr/lib/x86_64-linux-gnu/libicuuc.so.48.1.1
7f6c77d4e000-7f6c77f4d000 ---p 00156000 08:07 7872006                    /usr/lib/x86_64-linux-gnu/libicuuc.so.48.1.1
7f6c77f4d000-7f6c77f5e000 r--p 00155000 08:07 7872006                    /usr/lib/x86_64-linux-gnu/libicuuc.so.48.1.1
7f6c77f5e000-7f6c77f5f000 rw-p 00166000 08:07 7872006                    /usr/lib/x86_64-linux-gnu/libicuuc.so.48.1.1
7f6c77f5f000-7f6c77f63000 rw-p 00000000 00:00 0 
7f6c77f63000-7f6c77f95000 r-xp 00000000 08:07 7871998                    /usr/lib/x86_64-linux-gnu/libicule.so.48.1.1
7f6c77f95000-7f6c78195000 ---p 00032000 08:07 7871998                    /usr/lib/x86_64-linux-gnu/libicule.so.48.1.1
7f6c78195000-7f6c78197000 r--p 00032000 08:07 7871998                    /usr/lib/x86_64-linux-gnu/libicule.so.48.1.1
7f6c78197000-7f6c78198000 rw-p 00034000 08:07 7871998                    /usr/lib/x86_64-linux-gnu/libicule.so.48.1.1
7f6c78198000-7f6c781db000 r-xp 00000000 08:07 5242885                    /lib/x86_64-linux-gnu/libdbus-1.so.3.7.2
7f6c781db000-7f6c783da000 ---p 00043000 08:07 5242885                    /lib/x86_64-linux-gnu/libdbus-1.so.3.7.2
7f6c783da000-7f6c783db000 r--p 00042000 08:07 5242885                    /lib/x86_64-linux-gnu/libdbus-1.so.3.7.2
7f6c783db000-7f6c783dc000 rw-p 00043000 08:07 5242885                    /lib/x86_64-linux-gnu/libdbus-1.so.3.7.2
7f6c783dc000-7f6c783ee000 r-xp 00000000 08:07 7872131                    /usr/lib/x86_64-linux-gnu/libp11-kit.so.0.0.0
7f6c783ee000-7f6c785ee000 ---p 00012000 08:07 7872131                    /usr/lib/x86_64-linux-gnu/libp11-kit.so.0.0.0
7f6c785ee000-7f6c785ef000 r--p 00012000 08:07 7872131                    /usr/lib/x86_64-linux-gnu/libp11-kit.so.0.0.0
7f6c785ef000-7f6c785f0000 rw-p 00013000 08:07 7872131                    /usr/lib/x86_64-linux-gnu/libp11-kit.so.0.0.0
7f6c785f0000-7f6c785ff000 r-xp 00000000 08:07 7872289                    /usr/lib/x86_64-linux-gnu/libtasn1.so.3.2.0
7f6c785ff000-7f6c787ff000 ---p 0000f000 08:07 7872289                    /usr/lib/x86_64-linux-gnu/libtasn1.so.3.2.0
7f6c787ff000-7f6c78800000 r--p 0000f000 08:07 7872289                    /usr/lib/x86_64-linux-gnu/libtasn1.so.3.2.0
7f6c78800000-7f6c78801000 rw-p 00010000 08:07 7872289                    /usr/lib/x86_64-linux-gnu/libtasn1.so.3.2.0
7f6c78801000-7f6c7887b000 r-xp 00000000 08:07 5243988                    /lib/x86_64-linux-gnu/libgcrypt.so.11.7.0
7f6c7887b000-7f6c78a7b000 ---p 0007a000 08:07 5243988                    /lib/x86_64-linux-gnu/libgcrypt.so.11.7.0
7f6c78a7b000-7f6c78a7c000 r--p 0007a000 08:07 5243988                    /lib/x86_64-linux-gnu/libgcrypt.so.11.7.0
7f6c78a7c000-7f6c78a7f000 rw-p 0007b000 08:07 5243988                    /lib/x86_64-linux-gnu/libgcrypt.so.11.7.0
7f6c78a7f000-7f6c78a86000 r-xp 00000000 08:07 7872041                    /usr/lib/x86_64-linux-gnu/libkrb5support.so.0.1
7f6c78a86000-7f6c78c85000 ---p 00007000 08:07 7872041                    /usr/lib/x86_64-linux-gnu/libkrb5support.so.0.1
7f6c78c85000-7f6c78c86000 r--p 00006000 08:07 7872041                    /usr/lib/x86_64-linux-gnu/libkrb5support.so.0.1
7f6c78c86000-7f6c78c87000 rw-p 00007000 08:07 7872041                    /usr/lib/x86_64-linux-gnu/libkrb5support.so.0.1
7f6c78c87000-7f6c78c8a000 r-xp 00000000 08:07 5246602                    /lib/x86_64-linux-gnu/libcom_err.so.2.1
7f6c78c8a000-7f6c78e89000 ---p 00003000 08:07 5246602                    /lib/x86_64-linux-gnu/libcom_err.so.2.1
7f6c78e89000-7f6c78e8a000 r--p 00002000 08:07 5246602                    /lib/x86_64-linux-gnu/libcom_err.so.2.1
7f6c78e8a000-7f6c78e8b000 rw-p 00003000 08:07 5246602                    /lib/x86_64-linux-gnu/libcom_err.so.2.1
7f6c78e8b000-7f6c78eb1000 r-xp 00000000 08:07 7872035                    /usr/lib/x86_64-linux-gnu/libk5crypto.so.3.1
7f6c78eb1000-7f6c790b1000 ---p 00026000 08:07 7872035                    /usr/lib/x86_64-linux-gnu/libk5crypto.so.3.1
7f6c790b1000-7f6c790b2000 r--p 00026000 08:07 7872035                    /usr/lib/x86_64-linux-gnu/libk5crypto.so.3.1
7f6c790b2000-7f6c790b3000 rw-p 00027000 08:07 7872035                    /usr/lib/x86_64-linux-gnu/libk5crypto.so.3.1
7f6c790b3000-7f6c790b4000 rw-p 00000000 00:00 0 
7f6c790b4000-7f6c79178000 r-xp 00000000 08:07 7872039                    /usr/lib/x86_64-linux-gnu/libkrb5.so.3.3
7f6c79178000-7f6c79377000 ---p 000c4000 08:07 7872039                    /usr/lib/x86_64-linux-gnu/libkrb5.so.3.3
7f6c79377000-7f6c79381000 r--p 000c3000 08:07 7872039                    /usr/lib/x86_64-linux-gnu/libkrb5.so.3.3
7f6c79381000-7f6c79382000 rw-p 000cd000 08:07 7872039                    /usr/lib/x86_64-linux-gnu/libkrb5.so.3.3
7f6c79382000-7f6c79417000 r-xp 00000000 08:07 7871976                    /usr/lib/x86_64-linux-gnu/libharfbuzz.so.0.913.0
7f6c79417000-7f6c79616000 ---p 00095000 08:07 7871976                    /usr/lib/x86_64-linux-gnu/libharfbuzz.so.0.913.0
7f6c79616000-7f6c79618000 r--p 00094000 08:07 7871976                    /usr/lib/x86_64-linux-gnu/libharfbuzz.so.0.913.0
7f6c79618000-7f6c79619000 rw-p 00096000 08:07 7871976                    /usr/lib/x86_64-linux-gnu/libharfbuzz.so.0.913.0
7f6c79619000-7f6c79621000 r-xp 00000000 08:07 7876045                    /usr/lib/x86_64-linux-gnu/libxcb-render.so.0.0.0
7f6c79621000-7f6c79821000 ---p 00008000 08:07 7876045                    /usr/lib/x86_64-linux-gnu/libxcb-render.so.0.0.0
7f6c79821000-7f6c79822000 r--p 00008000 08:07 7876045                    /usr/lib/x86_64-linux-gnu/libxcb-render.so.0.0.0
7f6c79822000-7f6c79823000 rw-p 00009000 08:07 7876045                    /usr/lib/x86_64-linux-gnu/libxcb-render.so.0.0.0
7f6c79823000-7f6c79825000 r-xp 00000000 08:07 7872377                    /usr/lib/x86_64-linux-gnu/libxcb-shm.so.0.0.0
7f6c79825000-7f6c79a24000 ---p 00002000 08:07 7872377                    /usr/lib/x86_64-linux-gnu/libxcb-shm.so.0.0.0
7f6c79a24000-7f6c79a25000 r--p 00001000 08:07 7872377                    /usr/lib/x86_64-linux-gnu/libxcb-shm.so.0.0.0
7f6c79a25000-7f6c79a26000 rw-p 00002000 08:07 7872377                    /usr/lib/x86_64-linux-gnu/libxcb-shm.so.0.0.0
7f6c79a26000-7f6c79a4b000 r-xp 00000000 08:07 5246702                    /lib/x86_64-linux-gnu/libpng12.so.0.49.0
7f6c79a4b000-7f6c79c4a000 ---p 00025000 08:07 5246702                    /lib/x86_64-linux-gnu/libpng12.so.0.49.0
7f6c79c4a000-7f6c79c4b000 r--p 00024000 08:07 5246702                    /lib/x86_64-linux-gnu/libpng12.so.0.49.0
7f6c79c4b000-7f6c79c4c000 rw-p 00025000 08:07 5246702                    /lib/x86_64-linux-gnu/libpng12.so.0.49.0
7f6c79c4c000-7f6c79cdc000 r-xp 00000000 08:07 7872161                    /usr/lib/x86_64-linux-gnu/libpixman-1.so.0.28.2
7f6c79cdc000-7f6c79edb000 ---p 00090000 08:07 7872161                    /usr/lib/x86_64-linux-gnu/libpixman-1.so.0.28.2
7f6c79edb000-7f6c79ee2000 r--p 0008f000 08:07 7872161                    /usr/lib/x86_64-linux-gnu/libpixman-1.so.0.28.2
7f6c79ee2000-7f6c79ee3000 rw-p 00096000 08:07 7872161                    /usr/lib/x86_64-linux-gnu/libpixman-1.so.0.28.2
7f6c79ee3000-7f6c79ee8000 r-xp 00000000 08:07 7871525                    /usr/lib/x86_64-linux-gnu/libXdmcp.so.6.0.0
7f6c79ee8000-7f6c7a0e7000 ---p 00005000 08:07 7871525                    /usr/lib/x86_64-linux-gnu/libXdmcp.so.6.0.0
7f6c7a0e7000-7f6c7a0e8000 r--p 00004000 08:07 7871525                    /usr/lib/x86_64-linux-gnu/libXdmcp.so.6.0.0
7f6c7a0e8000-7f6c7a0e9000 rw-p 00005000 08:07 7871525                    /usr/lib/x86_64-linux-gnu/libXdmcp.so.6.0.0
7f6c7a0e9000-7f6c7a0eb000 r-xp 00000000 08:07 7871514                    /usr/lib/x86_64-linux-gnu/libXau.so.6.0.0
7f6c7a0eb000-7f6c7a2eb000 ---p 00002000 08:07 7871514                    /usr/lib/x86_64-linux-gnu/libXau.so.6.0.0
7f6c7a2eb000-7f6c7a2ec000 r--p 00002000 08:07 7871514                    /usr/lib/x86_64-linux-gnu/libXau.so.6.0.0
7f6c7a2ec000-7f6c7a2ed000 rw-p 00003000 08:07 7871514                    /usr/lib/x86_64-linux-gnu/libXau.so.6.0.0
7f6c7a2ed000-7f6c7a2fc000 r-xp 00000000 08:07 7871600                    /usr/lib/x86_64-linux-gnu/libavahi-client.so.3.2.9
7f6c7a2fc000-7f6c7a4fc000 ---p 0000f000 08:07 7871600                    /usr/lib/x86_64-linux-gnu/libavahi-client.so.3.2.9
7f6c7a4fc000-7f6c7a4fd000 r--p 0000f000 08:07 7871600                    /usr/lib/x86_64-linux-gnu/libavahi-client.so.3.2.9
7f6c7a4fd000-7f6c7a4fe000 rw-p 00010000 08:07 7871600                    /usr/lib/x86_64-linux-gnu/libavahi-client.so.3.2.9
7f6c7a4fe000-7f6c7a509000 r-xp 00000000 08:07 7871602                    /usr/lib/x86_64-linux-gnu/libavahi-common.so.3.5.3
7f6c7a509000-7f6c7a708000 ---p 0000b000 08:07 7871602                    /usr/lib/x86_64-linux-gnu/libavahi-common.so.3.5.3
7f6c7a708000-7f6c7a709000 r--p 0000a000 08:07 7871602                    /usr/lib/x86_64-linux-gnu/libavahi-common.so.3.5.3
7f6c7a709000-7f6c7a70a000 rw-p 0000b000 08:07 7871602                    /usr/lib/x86_64-linux-gnu/libavahi-common.so.3.5.3
7f6c7a70a000-7f6c7a7bf000 r-xp 00000000 08:07 7876016                    /usr/lib/x86_64-linux-gnu/libgnutls.so.26.22.6
7f6c7a7bf000-7f6c7a9be000 ---p 000b5000 08:07 7876016                    /usr/lib/x86_64-linux-gnu/libgnutls.so.26.22.6
7f6c7a9be000-7f6c7a9c4000 r--p 000b4000 08:07 7876016                    /usr/lib/x86_64-linux-gnu/libgnutls.so.26.22.6
7f6c7a9c4000-7f6c7a9c5000 rw-p 000ba000 08:07 7876016                    /usr/lib/x86_64-linux-gnu/libgnutls.so.26.22.6
7f6c7a9c5000-7f6c7a9c6000 rw-p 00000000 00:00 0 
7f6c7a9c6000-7f6c7aa01000 r-xp 00000000 08:07 7871878                    /usr/lib/x86_64-linux-gnu/libgssapi_krb5.so.2.2
7f6c7aa01000-7f6c7ac01000 ---p 0003b000 08:07 7871878                    /usr/lib/x86_64-linux-gnu/libgssapi_krb5.so.2.2
7f6c7ac01000-7f6c7ac02000 r--p 0003b000 08:07 7871878                    /usr/lib/x86_64-linux-gnu/libgssapi_krb5.so.2.2
7f6c7ac02000-7f6c7ac04000 rw-p 0003c000 08:07 7871878                    /usr/lib/x86_64-linux-gnu/libgssapi_krb5.so.2.2
7f6c7ac04000-7f6c7ac2a000 r-xp 00000000 08:07 5246615                    /lib/x86_64-linux-gnu/libexpat.so.1.6.0
7f6c7ac2a000-7f6c7ae2a000 ---p 00026000 08:07 5246615                    /lib/x86_64-linux-gnu/libexpat.so.1.6.0
7f6c7ae2a000-7f6c7ae2c000 r--p 00026000 08:07 5246615                    /lib/x86_64-linux-gnu/libexpat.so.1.6.0
7f6c7ae2c000-7f6c7ae2d000 rw-p 00028000 08:07 5246615                    /lib/x86_64-linux-gnu/libexpat.so.1.6.0
7f6c7ae2d000-7f6c7aec4000 r-xp 00000000 08:07 7871788                    /usr/lib/x86_64-linux-gnu/libfreetype.so.6.10.0
7f6c7aec4000-7f6c7b0c3000 ---p 00097000 08:07 7871788                    /usr/lib/x86_64-linux-gnu/libfreetype.so.6.10.0
7f6c7b0c3000-7f6c7b0c9000 r--p 00096000 08:07 7871788                    /usr/lib/x86_64-linux-gnu/libfreetype.so.6.10.0
7f6c7b0c9000-7f6c7b0ca000 rw-p 0009c000 08:07 7871788                    /usr/lib/x86_64-linux-gnu/libfreetype.so.6.10.0
7f6c7b0ca000-7f6c7b0cc000 r-xp 00000000 08:07 7871523                    /usr/lib/x86_64-linux-gnu/libXdamage.so.1.1.0
7f6c7b0cc000-7f6c7b2cb000 ---p 00002000 08:07 7871523                    /usr/lib/x86_64-linux-gnu/libXdamage.so.1.1.0
7f6c7b2cb000-7f6c7b2cc000 r--p 00001000 08:07 7871523                    /usr/lib/x86_64-linux-gnu/libXdamage.so.1.1.0
7f6c7b2cc000-7f6c7b2cd000 rw-p 00002000 08:07 7871523                    /usr/lib/x86_64-linux-gnu/libXdamage.so.1.1.0
7f6c7b2cd000-7f6c7b2cf000 r-xp 00000000 08:07 7871519                    /usr/lib/x86_64-linux-gnu/libXcomposite.so.1.0.0
7f6c7b2cf000-7f6c7b4ce000 ---p 00002000 08:07 7871519                    /usr/lib/x86_64-linux-gnu/libXcomposite.so.1.0.0
7f6c7b4ce000-7f6c7b4cf000 r--p 00001000 08:07 7871519                    /usr/lib/x86_64-linux-gnu/libXcomposite.so.1.0.0
7f6c7b4cf000-7f6c7b4d0000 rw-p 00002000 08:07 7871519                    /usr/lib/x86_64-linux-gnu/libXcomposite.so.1.0.0
7f6c7b4d0000-7f6c7b4d9000 r-xp 00000000 08:07 7871546                    /usr/lib/x86_64-linux-gnu/libXcursor.so.1.0.2
7f6c7b4d9000-7f6c7b6d9000 ---p 00009000 08:07 7871546                    /usr/lib/x86_64-linux-gnu/libXcursor.so.1.0.2
7f6c7b6d9000-7f6c7b6da000 r--p 00009000 08:07 7871546                    /usr/lib/x86_64-linux-gnu/libXcursor.so.1.0.2
7f6c7b6da000-7f6c7b6db000 rw-p 0000a000 08:07 7871546                    /usr/lib/x86_64-linux-gnu/libXcursor.so.1.0.2
7f6c7b6db000-7f6c7b6e4000 r-xp 00000000 08:07 7871534                    /usr/lib/x86_64-linux-gnu/libXrandr.so.2.2.0
7f6c7b6e4000-7f6c7b8e3000 ---p 00009000 08:07 7871534                    /usr/lib/x86_64-linux-gnu/libXrandr.so.2.2.0
7f6c7b8e3000-7f6c7b8e4000 r--p 00008000 08:07 7871534                    /usr/lib/x86_64-linux-gnu/libXrandr.so.2.2.0
7f6c7b8e4000-7f6c7b8e5000 rw-p 00009000 08:07 7871534                    /usr/lib/x86_64-linux-gnu/libXrandr.so.2.2.0
7f6c7b8e5000-7f6c7b8e7000 r-xp 00000000 08:07 7871532                    /usr/lib/x86_64-linux-gnu/libXinerama.so.1.0.0
7f6c7b8e7000-7f6c7bae6000 ---p 00002000 08:07 7871532                    /usr/lib/x86_64-linux-gnu/libXinerama.so.1.0.0
7f6c7bae6000-7f6c7bae7000 r--p 00001000 08:07 7871532                    /usr/lib/x86_64-linux-gnu/libXinerama.so.1.0.0
7f6c7bae7000-7f6c7bae8000 rw-p 00002000 08:07 7871532                    /usr/lib/x86_64-linux-gnu/libXinerama.so.1.0.0
7f6c7bae8000-7f6c7bafb000 r-xp 00000000 08:07 7872143                    /usr/lib/x86_64-linux-gnu/libpangoft2-1.0.so.0.3200.5
7f6c7bafb000-7f6c7bcfa000 ---p 00013000 08:07 7872143                    /usr/lib/x86_64-linux-gnu/libpangoft2-1.0.so.0.3200.5
7f6c7bcfa000-7f6c7bcfb000 r--p 00012000 08:07 7872143                    /usr/lib/x86_64-linux-gnu/libpangoft2-1.0.so.0.3200.5
7f6c7bcfb000-7f6c7bcfc000 rw-p 00013000 08:07 7872143                    /usr/lib/x86_64-linux-gnu/libpangoft2-1.0.so.0.3200.5
7f6c7bcfc000-7f6c7bdfa000 r-xp 00000000 08:07 7871626                    /usr/lib/x86_64-linux-gnu/libcairo.so.2.11200.14
7f6c7bdfa000-7f6c7bffa000 ---p 000fe000 08:07 7871626                    /usr/lib/x86_64-linux-gnu/libcairo.so.2.11200.14
7f6c7bffa000-7f6c7bffd000 r--p 000fe000 08:07 7871626                    /usr/lib/x86_64-linux-gnu/libcairo.so.2.11200.14
7f6c7bffd000-7f6c7bffe000 rw-p 00101000 08:07 7871626                    /usr/lib/x86_64-linux-gnu/libcairo.so.2.11200.14
7f6c7bffe000-7f6c7c000000 rw-p 00000000 00:00 0 
7f6c7c000000-7f6c7c021000 rw-p 00000000 00:00 0 
7f6c7c021000-7f6c80000000 ---p 00000000 00:00 0 
7f6c80000000-7f6c81430000 rw-p 00000000 00:00 0 
7f6c81430000-7f6c84000000 ---p 00000000 00:00 0 
7f6c8404a000-7f6c8404d000 ---p 00000000 00:00 0 
7f6c8404d000-7f6c8414b000 rw-p 00000000 00:00 0                          [stack:3569]
7f6c8414b000-7f6c8416b000 r-xp 00000000 08:07 7871590                    /usr/lib/x86_64-linux-gnu/libatk-1.0.so.0.20809.1
7f6c8416b000-7f6c8436a000 ---p 00020000 08:07 7871590                    /usr/lib/x86_64-linux-gnu/libatk-1.0.so.0.20809.1
7f6c8436a000-7f6c8436c000 r--p 0001f000 08:07 7871590                    /usr/lib/x86_64-linux-gnu/libatk-1.0.so.0.20809.1
7f6c8436c000-7f6c8436d000 rw-p 00021000 08:07 7871590                    /usr/lib/x86_64-linux-gnu/libatk-1.0.so.0.20809.1
7f6c8436d000-7f6c84372000 r-xp 00000000 08:07 7871526                    /usr/lib/x86_64-linux-gnu/libXfixes.so.3.1.0
7f6c84372000-7f6c84571000 ---p 00005000 08:07 7871526                    /usr/lib/x86_64-linux-gnu/libXfixes.so.3.1.0
7f6c84571000-7f6c84572000 r--p 00004000 08:07 7871526                    /usr/lib/x86_64-linux-gnu/libXfixes.so.3.1.0
7f6c84572000-7f6c84573000 rw-p 00005000 08:07 7871526                    /usr/lib/x86_64-linux-gnu/libXfixes.so.3.1.0
7f6c84573000-7f6c8457e000 r-xp 00000000 08:07 7872141                    /usr/lib/x86_64-linux-gnu/libpangocairo-1.0.so.0.3200.5
7f6c8457e000-7f6c8477e000 ---p 0000b000 08:07 7872141                    /usr/lib/x86_64-linux-gnu/libpangocairo-1.0.so.0.3200.5
7f6c8477e000-7f6c8477f000 r--p 0000b000 08:07 7872141                    /usr/lib/x86_64-linux-gnu/libpangocairo-1.0.so.0.3200.5
7f6c8477f000-7f6c84780000 rw-p 0000c000 08:07 7872141                    /usr/lib/x86_64-linux-gnu/libpangocairo-1.0.so.0.3200.5
7f6c84780000-7f6c8479d000 r-xp 00000000 08:07 7873627                    /usr/lib/x86_64-linux-gnu/libxcb.so.1.1.0
7f6c8479d000-7f6c8499c000 ---p 0001d000 08:07 7873627                    /usr/lib/x86_64-linux-gnu/libxcb.so.1.1.0
7f6c8499c000-7f6c8499d000 r--p 0001c000 08:07 7873627                    /usr/lib/x86_64-linux-gnu/libxcb.so.1.1.0
7f6c8499d000-7f6c8499e000 rw-p 0001d000 08:07 7873627                    /usr/lib/x86_64-linux-gnu/libxcb.so.1.1.0
7f6c8499e000-7f6c849f8000 r-xp 00000000 08:07 7871679                    /usr/lib/x86_64-linux-gnu/libcups.so.2
7f6c849f8000-7f6c84bf8000 ---p 0005a000 08:07 7871679                    /usr/lib/x86_64-linux-gnu/libcups.so.2
7f6c84bf8000-7f6c84bfd000 r--p 0005a000 08:07 7871679                    /usr/lib/x86_64-linux-gnu/libcups.so.2
7f6c84bfd000-7f6c84bfe000 rw-p 0005f000 08:07 7871679                    /usr/lib/x86_64-linux-gnu/libcups.so.2
7f6c84bfe000-7f6c84bff000 r-xp 00000000 08:07 7871956                    /usr/lib/x86_64-linux-gnu/libgthread-2.0.so.0.3600.0
7f6c84bff000-7f6c84dfe000 ---p 00001000 08:07 7871956                    /usr/lib/x86_64-linux-gnu/libgthread-2.0.so.0.3600.0
7f6c84dfe000-7f6c84dff000 r--p 00000000 08:07 7871956                    /usr/lib/x86_64-linux-gnu/libgthread-2.0.so.0.3600.0
7f6c84dff000-7f6c84e00000 rw-p 00001000 08:07 7871956                    /usr/lib/x86_64-linux-gnu/libgthread-2.0.so.0.3600.0
7f6c84e00000-7f6c84e37000 r-xp 00000000 08:07 7871760                    /usr/lib/x86_64-linux-gnu/libfontconfig.so.1.6.2
7f6c84e37000-7f6c85037000 ---p 00037000 08:07 7871760                    /usr/lib/x86_64-linux-gnu/libfontconfig.so.1.6.2
7f6c85037000-7f6c85038000 r--p 00037000 08:07 7871760                    /usr/lib/x86_64-linux-gnu/libfontconfig.so.1.6.2
7f6c85038000-7f6c85039000 rw-p 00038000 08:07 7871760                    /usr/lib/x86_64-linux-gnu/libfontconfig.so.1.6.2
7f6c85039000-7f6c8503a000 rw-p 00000000 00:00 0 
7f6c8503a000-7f6c85082000 r-xp 00000000 08:07 7872139                    /usr/lib/x86_64-linux-gnu/libpango-1.0.so.0.3200.5
7f6c85082000-7f6c85282000 ---p 00048000 08:07 7872139                    /usr/lib/x86_64-linux-gnu/libpango-1.0.so.0.3200.5
7f6c85282000-7f6c85284000 r--p 00048000 08:07 7872139                    /usr/lib/x86_64-linux-gnu/libpango-1.0.so.0.3200.5
7f6c85284000-7f6c85285000 rw-p 0004a000 08:07 7872139                    /usr/lib/x86_64-linux-gnu/libpango-1.0.so.0.3200.5
7f6c85285000-7f6c852a3000 r-xp 00000000 08:07 7871819                    /usr/lib/x86_64-linux-gnu/libgdk_pixbuf-2.0.so.0.2800.0
7f6c852a3000-7f6c854a3000 ---p 0001e000 08:07 7871819                    /usr/lib/x86_64-linux-gnu/libgdk_pixbuf-2.0.so.0.2800.0
7f6c854a3000-7f6c854a4000 r--p 0001e000 08:07 7871819                    /usr/lib/x86_64-linux-gnu/libgdk_pixbuf-2.0.so.0.2800.0
7f6c854a4000-7f6c854a5000 rw-p 0001f000 08:07 7871819                    /usr/lib/x86_64-linux-gnu/libgdk_pixbuf-2.0.so.0.2800.0
7f6c854a5000-7f6c85552000 r-xp 00000000 08:07 7871817                    /usr/lib/x86_64-linux-gnu/libgdk-x11-2.0.so.0.2400.17
7f6c85552000-7f6c85751000 ---p 000ad000 08:07 7871817                    /usr/lib/x86_64-linux-gnu/libgdk-x11-2.0.so.0.2400.17
7f6c85751000-7f6c85755000 r--p 000ac000 08:07 7871817                    /usr/lib/x86_64-linux-gnu/libgdk-x11-2.0.so.0.2400.17
7f6c85755000-7f6c85757000 rw-p 000b0000 08:07 7871817                    /usr/lib/x86_64-linux-gnu/libgdk-x11-2.0.so.0.2400.17
7f6c85757000-7f6c85b84000 r-xp 00000000 08:07 7871960                    /usr/lib/x86_64-linux-gnu/libgtk-x11-2.0.so.0.2400.17
7f6c85b84000-7f6c85d83000 ---p 0042d000 08:07 7871960                    /usr/lib/x86_64-linux-gnu/libgtk-x11-2.0.so.0.2400.17
7f6c85d83000-7f6c85d8a000 r--p 0042c000 08:07 7871960                    /usr/lib/x86_64-linux-gnu/libgtk-x11-2.0.so.0.2400.17
7f6c85d8a000-7f6c85d8e000 rw-p 00433000 08:07 7871960                    /usr/lib/x86_64-linux-gnu/libgtk-x11-2.0.so.0.2400.17
7f6c85d8e000-7f6c85d90000 rw-p 00000000 00:00 0 
7f6c85d90000-7f6c85d9e000 r-xp 00000000 08:07 7871520                    /usr/lib/x86_64-linux-gnu/libXi.so.6.1.0
7f6c85d9e000-7f6c85f9e000 ---p 0000e000 08:07 7871520                    /usr/lib/x86_64-linux-gnu/libXi.so.6.1.0
7f6c85f9e000-7f6c85f9f000 r--p 0000e000 08:07 7871520                    /usr/lib/x86_64-linux-gnu/libXi.so.6.1.0
7f6c85f9f000-7f6c85fa0000 rw-p 0000f000 08:07 7871520                    /usr/lib/x86_64-linux-gnu/libXi.so.6.1.0
7f6c85fa0000-7f6c85fa5000 r-xp 00000000 08:07 7871511                    /usr/lib/x86_64-linux-gnu/libXtst.so.6.1.0
7f6c85fa5000-7f6c861a4000 ---p 00005000 08:07 7871511                    /usr/lib/x86_64-linux-gnu/libXtst.so.6.1.0
7f6c861a4000-7f6c861a5000 r--p 00004000 08:07 7871511                    /usr/lib/x86_64-linux-gnu/libXtst.so.6.1.0
7f6c861a5000-7f6c861a6000 rw-p 00005000 08:07 7871511                    /usr/lib/x86_64-linux-gnu/libXtst.so.6.1.0
7f6c861a6000-7f6c861af000 r-xp 00000000 08:07 7872381                    /usr/lib/x86_64-linux-gnu/libXrender.so.1.3.0
7f6c861af000-7f6c863ae000 ---p 00009000 08:07 7872381                    /usr/lib/x86_64-linux-gnu/libXrender.so.1.3.0
7f6c863ae000-7f6c863af000 r--p 00008000 08:07 7872381                    /usr/lib/x86_64-linux-gnu/libXrender.so.1.3.0
7f6c863af000-7f6c863b0000 rw-p 00009000 08:07 7872381                    /usr/lib/x86_64-linux-gnu/libXrender.so.1.3.0
7f6c863b0000-7f6c864e4000 r-xp 00000000 08:07 7872387                    /usr/lib/x86_64-linux-gnu/libX11.so.6.3.0
7f6c864e4000-7f6c866e4000 ---p 00134000 08:07 7872387                    /usr/lib/x86_64-linux-gnu/libX11.so.6.3.0
7f6c866e4000-7f6c866e5000 r--p 00134000 08:07 7872387                    /usr/lib/x86_64-linux-gnu/libX11.so.6.3.0
7f6c866e5000-7f6c866ea000 rw-p 00135000 08:07 7872387                    /usr/lib/x86_64-linux-gnu/libX11.so.6.3.0
7f6c866ea000-7f6c866fb000 r-xp 00000000 08:07 7875654                    /usr/lib/x86_64-linux-gnu/libXext.so.6.4.0
7f6c866fb000-7f6c868fa000 ---p 00011000 08:07 7875654                    /usr/lib/x86_64-linux-gnu/libXext.so.6.4.0
7f6c868fa000-7f6c868fb000 r--p 00010000 08:07 7875654                    /usr/lib/x86_64-linux-gnu/libXext.so.6.4.0
7f6c868fb000-7f6c868fc000 rw-p 00011000 08:07 7875654                    /usr/lib/x86_64-linux-gnu/libXext.so.6.4.0
7f6c868fc000-7f6c8694f000 r-xp 00000000 08:07 8132391                    /usr/lib/jvm/java-7-openjdk-amd64/jre/lib/amd64/xawt/libmawt.so
7f6c8694f000-7f6c86b4e000 ---p 00053000 08:07 8132391                    /usr/lib/jvm/java-7-openjdk-amd64/jre/lib/amd64/xawt/libmawt.so
7f6c86b4e000-7f6c86b4f000 r--p 00052000 08:07 8132391                    /usr/lib/jvm/java-7-openjdk-amd64/jre/lib/amd64/xawt/libmawt.so
7f6c86b4f000-7f6c86b52000 rw-p 00053000 08:07 8132391                    /usr/lib/jvm/java-7-openjdk-amd64/jre/lib/amd64/xawt/libmawt.so
7f6c86b52000-7f6c86b53000 rw-p 00000000 00:00 0 
7f6c86b53000-7f6c86bf4000 r-xp 00000000 08:07 8132442                    /usr/lib/jvm/java-7-openjdk-amd64/jre/lib/amd64/libawt.so
7f6c86bf4000-7f6c86df4000 ---p 000a1000 08:07 8132442                    /usr/lib/jvm/java-7-openjdk-amd64/jre/lib/amd64/libawt.so
7f6c86df4000-7f6c86df5000 r--p 000a1000 08:07 8132442                    /usr/lib/jvm/java-7-openjdk-amd64/jre/lib/amd64/libawt.so
7f6c86df5000-7f6c86e00000 rw-p 000a2000 08:07 8132442                    /usr/lib/jvm/java-7-openjdk-amd64/jre/lib/amd64/libawt.so
7f6c86e00000-7f6c86e25000 rw-p 00000000 00:00 0 
7f6c86e25000-7f6c86e28000 ---p 00000000 00:00 0 
7f6c86e28000-7f6c86f26000 rw-p 00000000 00:00 0                          [stack:3567]
7f6c86f26000-7f6c86f63000 r-xp 00000000 08:07 5246690                    /lib/x86_64-linux-gnu/libpcre.so.3.13.1
7f6c86f63000-7f6c87163000 ---p 0003d000 08:07 5246690                    /lib/x86_64-linux-gnu/libpcre.so.3.13.1
7f6c87163000-7f6c87164000 r--p 0003d000 08:07 5246690                    /lib/x86_64-linux-gnu/libpcre.so.3.13.1
7f6c87164000-7f6c87165000 rw-p 0003e000 08:07 5246690                    /lib/x86_64-linux-gnu/libpcre.so.3.13.1
7f6c87165000-7f6c8716c000 r-xp 00000000 08:07 7871752                    /usr/lib/x86_64-linux-gnu/libffi.so.6.0.1
7f6c8716c000-7f6c8736b000 ---p 00007000 08:07 7871752                    /usr/lib/x86_64-linux-gnu/libffi.so.6.0.1
7f6c8736b000-7f6c8736c000 r--p 00006000 08:07 7871752                    /usr/lib/x86_64-linux-gnu/libffi.so.6.0.1
7f6c8736c000-7f6c8736d000 rw-p 00007000 08:07 7871752                    /usr/lib/x86_64-linux-gnu/libffi.so.6.0.1
7f6c8736d000-7f6c87383000 r-xp 00000000 08:07 5246713                    /lib/x86_64-linux-gnu/libresolv-2.17.so
7f6c87383000-7f6c87583000 ---p 00016000 08:07 5246713                    /lib/x86_64-linux-gnu/libresolv-2.17.so
7f6c87583000-7f6c87584000 r--p 00016000 08:07 5246713                    /lib/x86_64-linux-gnu/libresolv-2.17.so
7f6c87584000-7f6c87585000 rw-p 00017000 08:07 5246713                    /lib/x86_64-linux-gnu/libresolv-2.17.so
7f6c87585000-7f6c87587000 rw-p 00000000 00:00 0 
7f6c87587000-7f6c875a4000 r-xp 00000000 08:07 5246717                    /lib/x86_64-linux-gnu/libselinux.so.1
7f6c875a4000-7f6c877a3000 ---p 0001d000 08:07 5246717                    /lib/x86_64-linux-gnu/libselinux.so.1
7f6c877a3000-7f6c877a4000 r--p 0001c000 08:07 5246717                    /lib/x86_64-linux-gnu/libselinux.so.1
7f6c877a4000-7f6c877a5000 rw-p 0001d000 08:07 5246717                    /lib/x86_64-linux-gnu/libselinux.so.1
7f6c877a5000-7f6c877a6000 rw-p 00000000 00:00 0 
7f6c877a6000-7f6c877a9000 r-xp 00000000 08:07 7871845                    /usr/lib/x86_64-linux-gnu/libgmodule-2.0.so.0.3600.0
7f6c877a9000-7f6c879a8000 ---p 00003000 08:07 7871845                    /usr/lib/x86_64-linux-gnu/libgmodule-2.0.so.0.3600.0
7f6c879a8000-7f6c879a9000 r--p 00002000 08:07 7871845                    /usr/lib/x86_64-linux-gnu/libgmodule-2.0.so.0.3600.0
7f6c879a9000-7f6c879aa000 rw-p 00003000 08:07 7871845                    /usr/lib/x86_64-linux-gnu/libgmodule-2.0.so.0.3600.0
7f6c879aa000-7f6c87aa3000 r-xp 00000000 08:07 5246624                    /lib/x86_64-linux-gnu/libglib-2.0.so.0.3600.0
7f6c87aa3000-7f6c87ca3000 ---p 000f9000 08:07 5246624                    /lib/x86_64-linux-gnu/libglib-2.0.so.0.3600.0
7f6c87ca3000-7f6c87ca4000 r--p 000f9000 08:07 5246624                    /lib/x86_64-linux-gnu/libglib-2.0.so.0.3600.0
7f6c87ca4000-7f6c87ca5000 rw-p 000fa000 08:07 5246624                    /lib/x86_64-linux-gnu/libglib-2.0.so.0.3600.0
7f6c87ca5000-7f6c87ca6000 rw-p 00000000 00:00 0 
7f6c87ca6000-7f6c87df9000 r-xp 00000000 08:07 7871835                    /usr/lib/x86_64-linux-gnu/libgio-2.0.so.0.3600.0
7f6c87df9000-7f6c87ff8000 ---p 00153000 08:07 7871835                    /usr/lib/x86_64-linux-gnu/libgio-2.0.so.0.3600.0
7f6c87ff8000-7f6c87ffc000 r--p 00152000 08:07 7871835                    /usr/lib/x86_64-linux-gnu/libgio-2.0.so.0.3600.0
7f6c87ffc000-7f6c87ffe000 rw-p 00156000 08:07 7871835                    /usr/lib/x86_64-linux-gnu/libgio-2.0.so.0.3600.0
7f6c87ffe000-7f6c88000000 rw-p 00000000 00:00 0 
7f6c88000000-7f6c88021000 rw-p 00000000 00:00 0 
7f6c88021000-7f6c8c000000 ---p 00000000 00:00 0 
7f6c8c000000-7f6c8c021000 rw-p 00000000 00:00 0 
7f6c8c021000-7f6c90000000 ---p 00000000 00:00 0 
7f6c90000000-7f6c90e1b000 rw-p 00000000 00:00 0 
7f6c90e1b000-7f6c94000000 ---p 00000000 00:00 0 
7f6c94000000-7f6c94021000 rw-p 00000000 00:00 0 
7f6c94021000-7f6c98000000 ---p 00000000 00:00 0 
7f6c98000000-7f6c98021000 rw-p 00000000 00:00 0 
7f6c98021000-7f6c9c000000 ---p 00000000 00:00 0 
7f6c9c000000-7f6c9c6b3000 rw-p 00000000 00:00 0 
7f6c9c6b3000-7f6ca0000000 ---p 00000000 00:00 0 
7f6ca0000000-7f6ca0021000 rw-p 00000000 00:00 0 
7f6ca0021000-7f6ca4000000 ---p 00000000 00:00 0 
7f6ca4000000-7f6ca4021000 rw-p 00000000 00:00 0 
7f6ca4021000-7f6ca8000000 ---p 00000000 00:00 0 
7f6ca8000000-7f6ca8021000 rw-p 00000000 00:00 0 
7f6ca8021000-7f6cac000000 ---p 00000000 00:00 0 
7f6cac000000-7f6cac021000 rw-p 00000000 00:00 0 
7f6cac021000-7f6cb0000000 ---p 00000000 00:00 0 
7f6cb0000000-7f6cb0021000 rw-p 00000000 00:00 0 
7f6cb0021000-7f6cb4000000 ---p 00000000 00:00 0 
7f6cb4093000-7f6cb40e0000 r-xp 00000000 08:07 7871861                    /usr/lib/x86_64-linux-gnu/libgobject-2.0.so.0.3600.0
7f6cb40e0000-7f6cb42e0000 ---p 0004d000 08:07 7871861                    /usr/lib/x86_64-linux-gnu/libgobject-2.0.so.0.3600.0
7f6cb42e0000-7f6cb42e1000 r--p 0004d000 08:07 7871861                    /usr/lib/x86_64-linux-gnu/libgobject-2.0.so.0.3600.0
7f6cb42e1000-7f6cb42e2000 rw-p 0004e000 08:07 7871861                    /usr/lib/x86_64-linux-gnu/libgobject-2.0.so.0.3600.0
7f6cb4301000-7f6cb4317000 r-xp 00000000 08:07 8132431                    /usr/lib/jvm/java-7-openjdk-amd64/jre/lib/amd64/libnet.so
7f6cb4317000-7f6cb4516000 ---p 00016000 08:07 8132431                    /usr/lib/jvm/java-7-openjdk-amd64/jre/lib/amd64/libnet.so
7f6cb4516000-7f6cb4517000 r--p 00015000 08:07 8132431                    /usr/lib/jvm/java-7-openjdk-amd64/jre/lib/amd64/libnet.so
7f6cb4517000-7f6cb4518000 rw-p 00016000 08:07 8132431                    /usr/lib/jvm/java-7-openjdk-amd64/jre/lib/amd64/libnet.so
7f6cb4518000-7f6cb4519000 ---p 00000000 00:00 0 
7f6cb4519000-7f6cb4d19000 rw-p 00000000 00:00 0                          [stack:3541]
7f6cb4d19000-7f6cb4d1a000 ---p 00000000 00:00 0 
7f6cb4d1a000-7f6cb551a000 rw-p 00000000 00:00 0                          [stack:3540]
7f6cb551a000-7f6cb551b000 ---p 00000000 00:00 0 
7f6cb551b000-7f6cb5d1b000 rw-p 00000000 00:00 0                          [stack:3539]
7f6cb5d1b000-7f6cb6588000 r-xp 00000000 08:07 656225                     /home/shiwali/soar/SoarSuite/out/libSoar.so
7f6cb6588000-7f6cb6788000 ---p 0086d000 08:07 656225                     /home/shiwali/soar/SoarSuite/out/libSoar.so
7f6cb6788000-7f6cb6799000 r--p 0086d000 08:07 656225                     /home/shiwali/soar/SoarSuite/out/libSoar.so
7f6cb6799000-7f6cb67b0000 rw-p 0087e000 08:07 656225                     /home/shiwali/soar/SoarSuite/out/libSoar.so
7f6cb67b0000-7f6cb67b4000 rw-p 00000000 00:00 0 
7f6cb67b4000-7f6cb680d000 r-xp 00000000 08:07 658345                     /home/shiwali/soar/SoarSuite/out/libJava_sml_ClientInterface.so
7f6cb680d000-7f6cb6a0d000 ---p 00059000 08:07 658345                     /home/shiwali/soar/SoarSuite/out/libJava_sml_ClientInterface.so
7f6cb6a0d000-7f6cb6a0e000 r--p 00059000 08:07 658345                     /home/shiwali/soar/SoarSuite/out/libJava_sml_ClientInterface.so
7f6cb6a0e000-7f6cb6a10000 rw-p 0005a000 08:07 658345                     /home/shiwali/soar/SoarSuite/out/libJava_sml_ClientInterface.so
7f6cb6a10000-7f6cb6a11000 ---p 00000000 00:00 0 
7f6cb6a11000-7f6cb6b11000 rw-p 00000000 00:00 0                          [stack:3538]
7f6cb6b11000-7f6cb6b14000 ---p 00000000 00:00 0 
7f6cb6b14000-7f6cb6c12000 rw-p 00000000 00:00 0                          [stack:3537]
7f6cb6c12000-7f6cb6c15000 ---p 00000000 00:00 0 
7f6cb6c15000-7f6cb6d13000 rw-p 00000000 00:00 0                          [stack:3536]
7f6cb6d13000-7f6cb6d16000 ---p 00000000 00:00 0 
7f6cb6d16000-7f6cb6e14000 rw-p 00000000 00:00 0                          [stack:3535]
7f6cb6e14000-7f6cb6e17000 ---p 00000000 00:00 0 
7f6cb6e17000-7f6cb6f15000 rw-p 00000000 00:00 0                          [stack:3534]
7f6cb6f15000-7f6cb75f6000 r--p 00000000 08:07 7870646                    /usr/lib/locale/locale-archive
7f6cb75f6000-7f6cb75f9000 ---p 00000000 00:00 0 
7f6cb75f9000-7f6cb76f7000 rw-p 00000000 00:00 0                          [stack:3532]
7f6cb76f7000-7f6cb76fa000 ---p 00000000 00:00 0 
7f6cb76fa000-7f6cb77f8000 rw-p 00000000 00:00 0                          [stack:3531]
7f6cb77f8000-7f6cb77f9000 ---p 00000000 00:00 0 
7f6cb77f9000-7f6cb8000000 rw-p 00000000 00:00 0                          [stack:3530]
7f6cb8000000-7f6cb8021000 rw-p 00000000 00:00 0 
7f6cb8021000-7f6cbc000000 ---p 00000000 00:00 0 
7f6cbc004000-7f6cc0000000 rw-p 00000000 00:00 0 
7f6cc0000000-7f6cc0021000 rw-p 00000000 00:00 0 
7f6cc0021000-7f6cc4000000 ---p 00000000 00:00 0 
7f6cc4016000-7f6cc401a000 rw-s 00000000 00:04 6881301                    /SYSV00000000 (deleted)
7f6cc401e000-7f6cc4030000 r--s 0028f000 08:07 788696                     /home/shiwali/InstructoSoarII/april/java/april.jar
7f6cc4030000-7f6cc4039000 r--s 0005a000 08:07 659918                     /home/shiwali/soar/SoarSuite/out/java/soar-debugger.jar
7f6cc4039000-7f6cc404c000 r--s 00211000 08:07 660019                     /home/shiwali/soar/SoarSuite/out/java/swt.jar
7f6cc404c000-7f6cc4965000 rw-p 00000000 00:00 0 
7f6cc4965000-7f6cc4b12000 r--s 01cec000 08:07 8132419                    /usr/lib/jvm/java-7-openjdk-amd64/jre/lib/rt.jar
7f6cc4b12000-7f6cc4b13000 ---p 00000000 00:00 0 
7f6cc4b13000-7f6cc4c13000 rw-p 00000000 00:00 0                          [stack:3526]
7f6cc4c13000-7f6cc4c14000 ---p 00000000 00:00 0 
7f6cc4c14000-7f6cc4d14000 rw-p 00000000 00:00 0                          [stack:3524]
7f6cc4d14000-7f6cc4d15000 ---p 00000000 00:00 0 
7f6cc4d15000-7f6cc4e34000 rw-p 00000000 00:00 0                          [stack:3523]
7f6cc4e34000-7f6cc5000000 rw-p 00000000 00:00 0 
7f6cc5000000-7f6cc5270000 rwxp 00000000 00:00 0 
7f6cc5270000-7f6cc860a000 rw-p 00000000 00:00 0 
7f6cc860a000-7f6ccc000000 ---p 00000000 00:00 0 
7f6ccc001000-7f6ccc005000 r--s 00038000 08:07 2891740                    /home/shiwali/InstructoSoarII/probcog2/java/probcog.jar
7f6ccc005000-7f6ccc06f000 rw-p 00000000 00:00 0 
7f6ccc06f000-7f6ccc070000 ---p 00000000 00:00 0 
7f6ccc070000-7f6ccc17b000 rw-p 00000000 00:00 0                          [stack:3522]
7f6ccc17b000-7f6ccc1c3000 rw-p 00000000 00:00 0 
7f6ccc1c3000-7f6ccc1ce000 rw-p 00000000 00:00 0 
7f6ccc1ce000-7f6ccc216000 rw-p 00000000 00:00 0 
7f6ccc216000-7f6ccc235000 rw-p 00000000 00:00 0 
7f6ccc235000-7f6ccc400000 rw-p 00000000 00:00 0 
7f6ccc400000-7f6ccc49c000 rw-p 00000000 00:00 0 
7f6ccc49c000-7f6ccc49d000 ---p 00000000 00:00 0 
7f6ccc49d000-7f6ccc4f6000 rw-p 00000000 00:00 0 
7f6ccc4f6000-7f6ccc4f7000 rw-p 00000000 00:00 0 
7f6ccc4f7000-7f6ccc4ff000 r-xp 00000000 08:07 8132482                    /usr/lib/jvm/java-7-openjdk-amd64/jre/lib/amd64/libzip.so
7f6ccc4ff000-7f6ccc6fe000 ---p 00008000 08:07 8132482                    /usr/lib/jvm/java-7-openjdk-amd64/jre/lib/amd64/libzip.so
7f6ccc6fe000-7f6ccc6ff000 r--p 00007000 08:07 8132482                    /usr/lib/jvm/java-7-openjdk-amd64/jre/lib/amd64/libzip.so
7f6ccc6ff000-7f6ccc700000 rw-p 00008000 08:07 8132482                    /usr/lib/jvm/java-7-openjdk-amd64/jre/lib/amd64/libzip.so
7f6ccc700000-7f6ccc70c000 r-xp 00000000 08:07 5246668                    /lib/x86_64-linux-gnu/libnss_files-2.17.so
7f6ccc70c000-7f6ccc90b000 ---p 0000c000 08:07 5246668                    /lib/x86_64-linux-gnu/libnss_files-2.17.so
7f6ccc90b000-7f6ccc90c000 r--p 0000b000 08:07 5246668                    /lib/x86_64-linux-gnu/libnss_files-2.17.so
7f6ccc90c000-7f6ccc90d000 rw-p 0000c000 08:07 5246668                    /lib/x86_64-linux-gnu/libnss_files-2.17.so
7f6ccc90d000-7f6ccc918000 r-xp 00000000 08:07 5246672                    /lib/x86_64-linux-gnu/libnss_nis-2.17.so
7f6ccc918000-7f6cccb17000 ---p 0000b000 08:07 5246672                    /lib/x86_64-linux-gnu/libnss_nis-2.17.so
7f6cccb17000-7f6cccb18000 r--p 0000a000 08:07 5246672                    /lib/x86_64-linux-gnu/libnss_nis-2.17.so
7f6cccb18000-7f6cccb19000 rw-p 0000b000 08:07 5246672                    /lib/x86_64-linux-gnu/libnss_nis-2.17.so
7f6cccb19000-7f6cccb30000 r-xp 00000000 08:07 5246662                    /lib/x86_64-linux-gnu/libnsl-2.17.so
7f6cccb30000-7f6cccd2f000 ---p 00017000 08:07 5246662                    /lib/x86_64-linux-gnu/libnsl-2.17.so
7f6cccd2f000-7f6cccd30000 r--p 00016000 08:07 5246662                    /lib/x86_64-linux-gnu/libnsl-2.17.so
7f6cccd30000-7f6cccd31000 rw-p 00017000 08:07 5246662                    /lib/x86_64-linux-gnu/libnsl-2.17.so
7f6cccd31000-7f6cccd33000 rw-p 00000000 00:00 0 
7f6cccd33000-7f6cccd3b000 r-xp 00000000 08:07 5246664                    /lib/x86_64-linux-gnu/libnss_compat-2.17.so
7f6cccd3b000-7f6cccf3a000 ---p 00008000 08:07 5246664                    /lib/x86_64-linux-gnu/libnss_compat-2.17.so
7f6cccf3a000-7f6cccf3b000 r--p 00007000 08:07 5246664                    /lib/x86_64-linux-gnu/libnss_compat-2.17.so
7f6cccf3b000-7f6cccf3c000 rw-p 00008000 08:07 5246664                    /lib/x86_64-linux-gnu/libnss_compat-2.17.so
7f6cccf3c000-7f6cccf67000 r-xp 00000000 08:07 8132441                    /usr/lib/jvm/java-7-openjdk-amd64/jre/lib/amd64/libjava.so
7f6cccf67000-7f6ccd166000 ---p 0002b000 08:07 8132441                    /usr/lib/jvm/java-7-openjdk-amd64/jre/lib/amd64/libjava.so
7f6ccd166000-7f6ccd167000 r--p 0002a000 08:07 8132441                    /usr/lib/jvm/java-7-openjdk-amd64/jre/lib/amd64/libjava.so
7f6ccd167000-7f6ccd169000 rw-p 0002b000 08:07 8132441                    /usr/lib/jvm/java-7-openjdk-amd64/jre/lib/amd64/libjava.so
7f6ccd169000-7f6ccd178000 r-xp 00000000 08:07 8132440                    /usr/lib/jvm/java-7-openjdk-amd64/jre/lib/amd64/libverify.so
7f6ccd178000-7f6ccd377000 ---p 0000f000 08:07 8132440                    /usr/lib/jvm/java-7-openjdk-amd64/jre/lib/amd64/libverify.so
7f6ccd377000-7f6ccd379000 r--p 0000e000 08:07 8132440                    /usr/lib/jvm/java-7-openjdk-amd64/jre/lib/amd64/libverify.so
7f6ccd379000-7f6ccd37a000 rw-p 00010000 08:07 8132440                    /usr/lib/jvm/java-7-openjdk-amd64/jre/lib/amd64/libverify.so
7f6ccd37a000-7f6ccd381000 r-xp 00000000 08:07 5246715                    /lib/x86_64-linux-gnu/librt-2.17.so
7f6ccd381000-7f6ccd580000 ---p 00007000 08:07 5246715                    /lib/x86_64-linux-gnu/librt-2.17.so
7f6ccd580000-7f6ccd581000 r--p 00006000 08:07 5246715                    /lib/x86_64-linux-gnu/librt-2.17.so
7f6ccd581000-7f6ccd582000 rw-p 00007000 08:07 5246715                    /lib/x86_64-linux-gnu/librt-2.17.so
7f6ccd582000-7f6ccd596000 r-xp 00000000 08:07 5246620                    /lib/x86_64-linux-gnu/libgcc_s.so.1
7f6ccd596000-7f6ccd796000 ---p 00014000 08:07 5246620                    /lib/x86_64-linux-gnu/libgcc_s.so.1
7f6ccd796000-7f6ccd797000 r--p 00014000 08:07 5246620                    /lib/x86_64-linux-gnu/libgcc_s.so.1
7f6ccd797000-7f6ccd798000 rw-p 00015000 08:07 5246620                    /lib/x86_64-linux-gnu/libgcc_s.so.1
7f6ccd798000-7f6ccd89b000 r-xp 00000000 08:07 5246643                    /lib/x86_64-linux-gnu/libm-2.17.so
7f6ccd89b000-7f6ccda9b000 ---p 00103000 08:07 5246643                    /lib/x86_64-linux-gnu/libm-2.17.so
7f6ccda9b000-7f6ccda9c000 r--p 00103000 08:07 5246643                    /lib/x86_64-linux-gnu/libm-2.17.so
7f6ccda9c000-7f6ccda9d000 rw-p 00104000 08:07 5246643                    /lib/x86_64-linux-gnu/libm-2.17.so
7f6ccda9d000-7f6ccdb82000 r-xp 00000000 08:07 7872281                    /usr/lib/x86_64-linux-gnu/libstdc++.so.6.0.17
7f6ccdb82000-7f6ccdd81000 ---p 000e5000 08:07 7872281                    /usr/lib/x86_64-linux-gnu/libstdc++.so.6.0.17
7f6ccdd81000-7f6ccdd89000 r--p 000e4000 08:07 7872281                    /usr/lib/x86_64-linux-gnu/libstdc++.so.6.0.17
7f6ccdd89000-7f6ccdd8b000 rw-p 000ec000 08:07 7872281                    /usr/lib/x86_64-linux-gnu/libstdc++.so.6.0.17
7f6ccdd8b000-7f6ccdda0000 rw-p 00000000 00:00 0 
7f6ccdda0000-7f6cce790000 r-xp 00000000 08:07 8132445                    /usr/lib/jvm/java-7-openjdk-amd64/jre/lib/amd64/server/libjvm.so
7f6cce790000-7f6cce98f000 ---p 009f0000 08:07 8132445                    /usr/lib/jvm/java-7-openjdk-amd64/jre/lib/amd64/server/libjvm.so
7f6cce98f000-7f6ccea0e000 r--p 009ef000 08:07 8132445                    /usr/lib/jvm/java-7-openjdk-amd64/jre/lib/amd64/server/libjvm.so
7f6ccea0e000-7f6ccea31000 rw-p 00a6e000 08:07 8132445                    /usr/lib/jvm/java-7-openjdk-amd64/jre/lib/amd64/server/libjvm.so
7f6ccea31000-7f6ccea5c000 rw-p 00000000 00:00 0 
7f6ccea5c000-7f6ccea72000 r-xp 00000000 08:07 5246748                    /lib/x86_64-linux-gnu/libz.so.1.2.7
7f6ccea72000-7f6ccec71000 ---p 00016000 08:07 5246748                    /lib/x86_64-linux-gnu/libz.so.1.2.7
7f6ccec71000-7f6ccec72000 r--p 00015000 08:07 5246748                    /lib/x86_64-linux-gnu/libz.so.1.2.7
7f6ccec72000-7f6ccec73000 rw-p 00016000 08:07 5246748                    /lib/x86_64-linux-gnu/libz.so.1.2.7
7f6ccec73000-7f6ccec8b000 r-xp 00000000 08:07 5246707                    /lib/x86_64-linux-gnu/libpthread-2.17.so
7f6ccec8b000-7f6ccee8a000 ---p 00018000 08:07 5246707                    /lib/x86_64-linux-gnu/libpthread-2.17.so
7f6ccee8a000-7f6ccee8b000 r--p 00017000 08:07 5246707                    /lib/x86_64-linux-gnu/libpthread-2.17.so
7f6ccee8b000-7f6ccee8c000 rw-p 00018000 08:07 5246707                    /lib/x86_64-linux-gnu/libpthread-2.17.so
7f6ccee8c000-7f6ccee90000 rw-p 00000000 00:00 0 
7f6ccee90000-7f6ccee93000 r-xp 00000000 08:07 5246610                    /lib/x86_64-linux-gnu/libdl-2.17.so
7f6ccee93000-7f6ccf092000 ---p 00003000 08:07 5246610                    /lib/x86_64-linux-gnu/libdl-2.17.so
7f6ccf092000-7f6ccf093000 r--p 00002000 08:07 5246610                    /lib/x86_64-linux-gnu/libdl-2.17.so
7f6ccf093000-7f6ccf094000 rw-p 00003000 08:07 5246610                    /lib/x86_64-linux-gnu/libdl-2.17.so
7f6ccf094000-7f6ccf252000 r-xp 00000000 08:07 5246595                    /lib/x86_64-linux-gnu/libc-2.17.so
7f6ccf252000-7f6ccf451000 ---p 001be000 08:07 5246595                    /lib/x86_64-linux-gnu/libc-2.17.so
7f6ccf451000-7f6ccf455000 r--p 001bd000 08:07 5246595                    /lib/x86_64-linux-gnu/libc-2.17.so
7f6ccf455000-7f6ccf457000 rw-p 001c1000 08:07 5246595                    /lib/x86_64-linux-gnu/libc-2.17.so
7f6ccf457000-7f6ccf45c000 rw-p 00000000 00:00 0 
7f6ccf45c000-7f6ccf469000 r-xp 00000000 08:07 8132424                    /usr/lib/jvm/java-7-openjdk-amd64/jre/lib/amd64/jli/libjli.so
7f6ccf469000-7f6ccf668000 ---p 0000d000 08:07 8132424                    /usr/lib/jvm/java-7-openjdk-amd64/jre/lib/amd64/jli/libjli.so
7f6ccf668000-7f6ccf669000 r--p 0000c000 08:07 8132424                    /usr/lib/jvm/java-7-openjdk-amd64/jre/lib/amd64/jli/libjli.so
7f6ccf669000-7f6ccf66a000 rw-p 0000d000 08:07 8132424                    /usr/lib/jvm/java-7-openjdk-amd64/jre/lib/amd64/jli/libjli.so
7f6ccf66a000-7f6ccf68d000 r-xp 00000000 08:07 5246571                    /lib/x86_64-linux-gnu/ld-2.17.so
7f6ccf68e000-7f6ccf68f000 rw-p 00000000 00:00 0 
7f6ccf68f000-7f6ccf690000 r--s 00001000 08:07 658906                     /home/shiwali/soar/SoarSuite/out/java/soar-debugger-api.jar
7f6ccf690000-7f6ccf691000 r--s 00003000 08:07 659992                     /home/shiwali/soar/SoarSuite/out/java/swtgraphics2d.jar
7f6ccf691000-7f6ccf693000 r--s 00005000 08:07 658899                     /home/shiwali/soar/SoarSuite/out/java/soar-smljava.jar
7f6ccf693000-7f6ccf69c000 r--s 000bc000 08:07 8132175                    /usr/lib/jvm/java-7-openjdk-common/jre/lib/resources.jar
7f6ccf69c000-7f6ccf69f000 r--s 00018000 08:07 658876                     /home/shiwali/soar/SoarSuite/out/java/sml.jar
7f6ccf69f000-7f6ccf6a2000 r--s 0001d000 08:07 9833101                    /usr/local/share/java/lcm.jar
7f6ccf6a2000-7f6ccf6a5000 r--s 00028000 08:07 1707691                    /home/shiwali/InstructoSoarII/rosie/java/language/lgsoar.jar
7f6ccf6a5000-7f6ccf6af000 rw-p 00000000 00:00 0 
7f6ccf6af000-7f6ccf765000 rw-p 00000000 00:00 0 
7f6ccf765000-7f6ccf768000 ---p 00000000 00:00 0 
7f6ccf768000-7f6ccf86b000 rw-p 00000000 00:00 0                          [stack:3521]
7f6ccf86b000-7f6ccf86e000 r--s 0001c000 08:07 1575757                    /home/shiwali/InstructoSoarII/rosie/java/insoar.jar
7f6ccf86e000-7f6ccf870000 r--s 00012000 08:07 8132181                    /usr/lib/jvm/java-7-openjdk-common/jre/lib/ext/zipfs.jar
7f6ccf870000-7f6ccf872000 r--s 00006000 08:07 8264680                    /usr/share/java/java-atk-wrapper.jar
7f6ccf872000-7f6ccf875000 r--s 0003c000 08:07 8132176                    /usr/lib/jvm/java-7-openjdk-common/jre/lib/ext/sunpkcs11.jar
7f6ccf875000-7f6ccf878000 r--s 00032000 08:07 8132178                    /usr/lib/jvm/java-7-openjdk-common/jre/lib/ext/sunjce_provider.jar
7f6ccf878000-7f6ccf879000 r--s 00002000 08:07 8132180                    /usr/lib/jvm/java-7-openjdk-common/jre/lib/ext/dnsns.jar
7f6ccf879000-7f6ccf87c000 r--s 0000f000 08:07 8132179                    /usr/lib/jvm/java-7-openjdk-common/jre/lib/ext/pulse-java.jar
7f6ccf87c000-7f6ccf880000 r--s 00085000 08:07 8132177                    /usr/lib/jvm/java-7-openjdk-common/jre/lib/ext/localedata.jar
7f6ccf880000-7f6ccf888000 rw-s 00000000 08:07 3148965                    /tmp/hsperfdata_shiwali/3520
7f6ccf888000-7f6ccf889000 rw-p 00000000 00:00 0 
7f6ccf889000-7f6ccf88a000 r--p 00000000 00:00 0 
7f6ccf88a000-7f6ccf88c000 rw-p 00000000 00:00 0 
7f6ccf88c000-7f6ccf88d000 r--p 00022000 08:07 5246571                    /lib/x86_64-linux-gnu/ld-2.17.so
7f6ccf88d000-7f6ccf88f000 rw-p 00023000 08:07 5246571                    /lib/x86_64-linux-gnu/ld-2.17.so
7fff0681b000-7fff0683c000 rw-p 00000000 00:00 0                          [stack]
7fff068f8000-7fff068fa000 r-xp 00000000 00:00 0                          [vdso]
ffffffffff600000-ffffffffff601000 r-xp 00000000 00:00 0                  [vsyscall]

VM Arguments:
jvm_args: -Dfile.encoding=UTF-8 
java_command: edu.umich.insoar.InSoar
Launcher Type: SUN_STANDARD

Environment Variables:
PATH=/usr/lib/lightdm/lightdm:/usr/local/sbin:/usr/local/bin:/usr/sbin:/usr/bin:/sbin:/bin:/usr/games:/usr/local/games
LD_LIBRARY_PATH=/home/shiwali/soar/SoarSuite/out
SHELL=/bin/bash
DISPLAY=:0

Signal Handlers:
SIGSEGV: [libjvm.so+0x84f410], sa_mask[0]=0x7ffbfeff, sa_flags=0x10000004
SIGBUS: [libjvm.so+0x84f410], sa_mask[0]=0x7ffbfeff, sa_flags=0x10000004
SIGFPE: [libjvm.so+0x6f19a0], sa_mask[0]=0x7ffbfeff, sa_flags=0x10000004
SIGPIPE: SIG_IGN, sa_mask[0]=0x00000000, sa_flags=0x00000000
SIGXFSZ: [libjvm.so+0x6f19a0], sa_mask[0]=0x7ffbfeff, sa_flags=0x10000004
SIGILL: [libjvm.so+0x6f19a0], sa_mask[0]=0x7ffbfeff, sa_flags=0x10000004
SIGUSR1: SIG_DFL, sa_mask[0]=0x00000000, sa_flags=0x00000000
SIGUSR2: [libjvm.so+0x6f1d70], sa_mask[0]=0x00000004, sa_flags=0x10000004
SIGHUP: [libjvm.so+0x6f1eb0], sa_mask[0]=0x7ffbfeff, sa_flags=0x10000004
SIGINT: [libjvm.so+0x6f1eb0], sa_mask[0]=0x7ffbfeff, sa_flags=0x10000004
SIGTERM: [libjvm.so+0x6f1eb0], sa_mask[0]=0x7ffbfeff, sa_flags=0x10000004
SIGQUIT: [libjvm.so+0x6f1eb0], sa_mask[0]=0x7ffbfeff, sa_flags=0x10000004


---------------  S Y S T E M  ---------------

OS:Ubuntu 13.04 (raring)
uname:Linux 3.8.0-29-generic #42-Ubuntu SMP Tue Aug 13 19:40:39 UTC 2013 x86_64
libc:glibc 2.17 NPTL 2.17 
rlimit: STACK 8192k, CORE 0k, NPROC 46898, NOFILE 4096, AS infinity
load average:4.45 3.07 1.90

/proc/meminfo:
MemTotal:        6022116 kB
MemFree:         2346448 kB
Buffers:           87868 kB
Cached:          1375036 kB
SwapCached:            0 kB
Active:          2230480 kB
Inactive:        1243764 kB
Active(anon):    2031432 kB
Inactive(anon):   618384 kB
Active(file):     199048 kB
Inactive(file):   625380 kB
Unevictable:         228 kB
Mlocked:             228 kB
SwapTotal:        975868 kB
SwapFree:         975868 kB
Dirty:               316 kB
Writeback:             0 kB
AnonPages:       2011784 kB
Mapped:           219988 kB
Shmem:            638316 kB
Slab:              85140 kB
SReclaimable:      54636 kB
SUnreclaim:        30504 kB
KernelStack:        4976 kB
PageTables:        39392 kB
NFS_Unstable:          0 kB
Bounce:                0 kB
WritebackTmp:          0 kB
CommitLimit:     3986924 kB
Committed_AS:    6259552 kB
VmallocTotal:   34359738367 kB
VmallocUsed:      354364 kB
VmallocChunk:   34359378396 kB
HardwareCorrupted:     0 kB
AnonHugePages:         0 kB
HugePages_Total:       0
HugePages_Free:        0
HugePages_Rsvd:        0
HugePages_Surp:        0
Hugepagesize:       2048 kB
DirectMap4k:       69632 kB
DirectMap2M:     6137856 kB


CPU:total 4 (2 cores per cpu, 2 threads per core) family 6 model 42 stepping 7, cmov, cx8, fxsr, mmx, sse, sse2, sse3, ssse3, sse4.1, sse4.2, popcnt, avx, ht, tsc, tscinvbit

/proc/cpuinfo:
processor	: 0
vendor_id	: GenuineIntel
cpu family	: 6
model		: 42
model name	: Intel(R) Core(TM) i5-2410M CPU @ 2.30GHz
stepping	: 7
microcode	: 0x15
cpu MHz		: 1000.000
cache size	: 3072 KB
physical id	: 0
siblings	: 4
core id		: 0
cpu cores	: 2
apicid		: 0
initial apicid	: 0
fpu		: yes
fpu_exception	: yes
cpuid level	: 13
wp		: yes
flags		: fpu vme de pse tsc msr pae mce cx8 apic sep mtrr pge mca cmov pat pse36 clflush dts acpi mmx fxsr sse sse2 ss ht tm pbe syscall nx rdtscp lm constant_tsc arch_perfmon pebs bts nopl xtopology nonstop_tsc aperfmperf eagerfpu pni pclmulqdq dtes64 monitor ds_cpl vmx est tm2 ssse3 cx16 xtpr pdcm pcid sse4_1 sse4_2 x2apic popcnt tsc_deadline_timer xsave avx lahf_lm ida arat epb xsaveopt pln pts dtherm tpr_shadow vnmi flexpriority ept vpid
bogomips	: 4589.64
clflush size	: 64
cache_alignment	: 64
address sizes	: 36 bits physical, 48 bits virtual
power management:

processor	: 1
vendor_id	: GenuineIntel
cpu family	: 6
model		: 42
model name	: Intel(R) Core(TM) i5-2410M CPU @ 2.30GHz
stepping	: 7
microcode	: 0x15
cpu MHz		: 1200.000
cache size	: 3072 KB
physical id	: 0
siblings	: 4
core id		: 0
cpu cores	: 2
apicid		: 1
initial apicid	: 1
fpu		: yes
fpu_exception	: yes
cpuid level	: 13
wp		: yes
flags		: fpu vme de pse tsc msr pae mce cx8 apic sep mtrr pge mca cmov pat pse36 clflush dts acpi mmx fxsr sse sse2 ss ht tm pbe syscall nx rdtscp lm constant_tsc arch_perfmon pebs bts nopl xtopology nonstop_tsc aperfmperf eagerfpu pni pclmulqdq dtes64 monitor ds_cpl vmx est tm2 ssse3 cx16 xtpr pdcm pcid sse4_1 sse4_2 x2apic popcnt tsc_deadline_timer xsave avx lahf_lm ida arat epb xsaveopt pln pts dtherm tpr_shadow vnmi flexpriority ept vpid
bogomips	: 4589.64
clflush size	: 64
cache_alignment	: 64
address sizes	: 36 bits physical, 48 bits virtual
power management:

processor	: 2
vendor_id	: GenuineIntel
cpu family	: 6
model		: 42
model name	: Intel(R) Core(TM) i5-2410M CPU @ 2.30GHz
stepping	: 7
microcode	: 0x15
cpu MHz		: 800.000
cache size	: 3072 KB
physical id	: 0
siblings	: 4
core id		: 1
cpu cores	: 2
apicid		: 2
initial apicid	: 2
fpu		: yes
fpu_exception	: yes
cpuid level	: 13
wp		: yes
flags		: fpu vme de pse tsc msr pae mce cx8 apic sep mtrr pge mca cmov pat pse36 clflush dts acpi mmx fxsr sse sse2 ss ht tm pbe syscall nx rdtscp lm constant_tsc arch_perfmon pebs bts nopl xtopology nonstop_tsc aperfmperf eagerfpu pni pclmulqdq dtes64 monitor ds_cpl vmx est tm2 ssse3 cx16 xtpr pdcm pcid sse4_1 sse4_2 x2apic popcnt tsc_deadline_timer xsave avx lahf_lm ida arat epb xsaveopt pln pts dtherm tpr_shadow vnmi flexpriority ept vpid
bogomips	: 4589.64
clflush size	: 64
cache_alignment	: 64
address sizes	: 36 bits physical, 48 bits virtual
power management:

processor	: 3
vendor_id	: GenuineIntel
cpu family	: 6
model		: 42
model name	: Intel(R) Core(TM) i5-2410M CPU @ 2.30GHz
stepping	: 7
microcode	: 0x15
cpu MHz		: 1600.000
cache size	: 3072 KB
physical id	: 0
siblings	: 4
core id		: 1
cpu cores	: 2
apicid		: 3
initial apicid	: 3
fpu		: yes
fpu_exception	: yes
cpuid level	: 13
wp		: yes
flags		: fpu vme de pse tsc msr pae mce cx8 apic sep mtrr pge mca cmov pat pse36 clflush dts acpi mmx fxsr sse sse2 ss ht tm pbe syscall nx rdtscp lm constant_tsc arch_perfmon pebs bts nopl xtopology nonstop_tsc aperfmperf eagerfpu pni pclmulqdq dtes64 monitor ds_cpl vmx est tm2 ssse3 cx16 xtpr pdcm pcid sse4_1 sse4_2 x2apic popcnt tsc_deadline_timer xsave avx lahf_lm ida arat epb xsaveopt pln pts dtherm tpr_shadow vnmi flexpriority ept vpid
bogomips	: 4589.64
clflush size	: 64
cache_alignment	: 64
address sizes	: 36 bits physical, 48 bits virtual
power management:



Memory: 4k page, physical 6022116k(2346448k free), swap 975868k(975868k free)

vm_info: OpenJDK 64-Bit Server VM (23.7-b01) for linux-amd64 JRE (1.7.0_25-b30), built on Jul  3 2013 13:50:39 by "buildd" with gcc 4.7.3

time: Wed Sep  4 10:55:12 2013
elapsed time: 108 seconds

