#
# A fatal error has been detected by the Java Runtime Environment:
#
#  SIGSEGV (0xb) at pc=0x00007fad303d22b7, pid=2289, tid=140381064783616
#
# JRE version: 7.0_25-b30
# Java VM: OpenJDK 64-Bit Server VM (23.7-b01 mixed mode linux-amd64 compressed oops)
# Problematic frame:
# C  [libSoar.so+0x1c92b7]  remove_existing_context_and_descendents(agent_struct*, symbol_union*)+0x14f
#
# Failed to write core dump. Core dumps have been disabled. To enable core dumping, try "ulimit -c unlimited" before starting Java again
#
# If you would like to submit a bug report, please include
# instructions on how to reproduce the bug and visit:
#   https://bugs.launchpad.net/ubuntu/+source/openjdk-7/
#

---------------  T H R E A D  ---------------

Current thread is native thread

siginfo:si_signo=SIGSEGV: si_errno=0, si_code=1 (SEGV_MAPERR), si_addr=0x0000000000000057

Registers:
RAX=0xffffffffffffffff, RBX=0x0000000000000000, RCX=0x00007facf0007068, RDX=0x00007facf0664730
RSP=0x00007fad037fcd40, RBP=0x00007fad037fcd70, RSI=0x000000000000001b, RDI=0x00007facf00090d0
R8 =0x0000000000000000, R9 =0x0000000000000001, R10=0x0000000000000021, R11=0x00007facf0000078
R12=0x0000000000000000, R13=0x00007fad41d8c060, R14=0x00007fad41d634e0, R15=0x0000000000001000
RIP=0x00007fad303d22b7, EFLAGS=0x0000000000010286, CSGSFS=0x0000000000000033, ERR=0x0000000000000004
  TRAPNO=0x000000000000000e

Top of Stack: (sp=0x00007fad037fcd40)
0x00007fad037fcd40:   00007facf19b1b60 00007facf0000dd0
0x00007fad037fcd50:   ffffffffffffffff 00007facf0000dd0
0x00007fad037fcd60:   0000000000000000 0000000000000281
0x00007fad037fcd70:   00007fad037fcdb0 00007fad303d21a2
0x00007fad037fcd80:   00007facf06646a0 00007facf0000dd0
0x00007fad037fcd90:   0000000000000000 00077fad30443b23
0x00007fad037fcda0:   0000000000000000 fe021631d7502200
0x00007fad037fcdb0:   00007fad037fcef0 00007fad303d4c4e
0x00007fad037fcdc0:   00007facf19ae578 00007facf0000dd0
0x00007fad037fcdd0:   00007fad037fcdf0 00007fad304563e5
0x00007fad037fcde0:   00007fad037fce28 00007facf0000dd0
0x00007fad037fcdf0:   00007fad037fce30 00007fad3045cd76
0x00007fad037fce00:   00007facf00232c8 00007facf0007390
0x00007fad037fce10:   00007facf193abb8 00007facf0000dd0
0x00007fad037fce20:   0000000000000008 00007facf12bfd80
0x00007fad037fce30:   00007fad037fce50 00007fad30431f7c
0x00007fad037fce40:   00007facf193abb8 00007facf0000dd0
0x00007fad037fce50:   00007fad037fcef0 00007fad303cf7ad
0x00007fad037fce60:   00007fad037fce80 00007fad304563e5
0x00007fad037fce70:   00007f00037fce00 00007fad037fcf38
0x00007fad037fce80:   00007facf193abb8 00007facf0000dd0
0x00007fad037fce90:   00007fad037fcec0 00007facf17e23d0
0x00007fad037fcea0:   00007fac0080f690 00007facf0000dd0
0x00007fad037fceb0:   00007facf06646e0 00007facf123dee0
0x00007fad037fcec0:   00007fad037fcef0 00007fad304392a2
0x00007fad037fced0:   00007facf19ae640 00007facf0000dd0
0x00007fad037fcee0:   0000000000000000 fe021631d7502200
0x00007fad037fcef0:   00007fad037fcf60 00007fad303d1bd4
0x00007fad037fcf00:   00007facf193abb8 00007facf0000dd0
0x00007fad037fcf10:   00007facf17bd5b0 00007facf0000dd0
0x00007fad037fcf20:   01007facf17bd790 00007facf0ea8140
0x00007fad037fcf30:   0000000000000000 0000000000000000 

Instructions: (pc=0x00007fad303d22b7)
0x00007fad303d2297:   8b 45 d0 48 8b 80 a8 00 00 00 48 89 45 e0 eb 0c
0x00007fad303d22a7:   48 8b 45 e0 48 8b 40 58 48 89 45 e0 48 8b 45 e0
0x00007fad303d22b7:   48 8b 40 58 48 85 c0 75 e7 e9 ae 00 00 00 48 8b
0x00007fad303d22c7:   45 e0 48 8b 40 60 48 89 45 f0 48 8b 45 e0 48 8b 

Register to memory mapping:

RAX=0xffffffffffffffff is an unknown value
RBX=0x0000000000000000 is an unknown value
RCX=0x00007facf0007068 is an unknown value
RDX=0x00007facf0664730 is an unknown value
RSP=0x00007fad037fcd40 is an unknown value
RBP=0x00007fad037fcd70 is an unknown value
RSI=0x000000000000001b is an unknown value
RDI=0x00007facf00090d0 is an unknown value
R8 =0x0000000000000000 is an unknown value
R9 =0x0000000000000001 is an unknown value
R10=0x0000000000000021 is an unknown value
R11=0x00007facf0000078 is an unknown value
R12=0x0000000000000000 is an unknown value
R13=0x00007fad41d8c060: _rtld_global+0 in /lib64/ld-linux-x86-64.so.2 at 0x00007fad41b69000
R14=0x00007fad41d634e0 is pointing into the stack for thread: 0x00007fad38009800
R15=0x0000000000001000 is an unknown value


Stack: [0x00007fad02ffe000,0x00007fad037ff000],  sp=0x00007fad037fcd40,  free space=8187k
Native frames: (J=compiled Java code, j=interpreted, Vv=VM code, C=native code)
C  [libSoar.so+0x1c92b7]  remove_existing_context_and_descendents(agent_struct*, symbol_union*)+0x14f
C  [libSoar.so+0x1c91a2]  remove_existing_context_and_descendents(agent_struct*, symbol_union*)+0x3a
C  [libSoar.so+0x1cbc4e]  gds_invalid_so_remove_goal(agent_struct*, wme_struct*)+0x29c
C  [libSoar.so+0x1c8bd4]  decide_non_context_slot(agent_struct*, slot_struct*)+0x18f
C  [libSoar.so+0x1c909b]  decide_non_context_slots(agent_struct*)+0x55
C  [libSoar.so+0x1cac95]  do_working_memory_phase(agent_struct*)+0x105
C  [libSoar.so+0x1e34ad]  do_one_top_level_phase(agent_struct*)+0x7ea
C  [libSoar.so+0x1e4437]  run_for_n_phases(agent_struct*, long)+0x83
C  [libSoar.so+0x36cc8c]  sml::AgentSML::Step(sml::smlRunStepSize)+0xf0
C  [libSoar.so+0x36cadd]  sml::AgentSML::StepInClientThread(sml::smlRunStepSize)+0x43
C  [libSoar.so+0x37d92a]  sml::RunScheduler::RunScheduledAgents(bool, sml::smlRunStepSize, unsigned long, sml::smlRunFlags, sml::smlRunStepSize, bool)+0x344
C  [libSoar.so+0x407a48]  cli::CommandLineInterface::DoRun(std::bitset<10ul> const&, int, cli::Cli::eRunInterleaveMode)+0x332
C  [libSoar.so+0x428ab0]  cli::RunCommand::Parse(std::vector<std::string, std::allocator<std::string> >&)+0x67a
C  [libSoar.so+0x418fe7]  cli::Parser::handle_command(std::vector<std::string, std::allocator<std::string> >&)+0x91
C  [libSoar.so+0x417d0e]  soar::tokenizer::parse_command()+0x1d0
C  [libSoar.so+0x417ab4]  soar::tokenizer::evaluate(char const*)+0x60
C  [libSoar.so+0x40af83]  cli::CommandLineInterface::Source(char const*, bool)+0x61
C  [libSoar.so+0x41528b]  cli::CommandLineInterface::DoCommand(sml::Connection*, sml::AgentSML*, char const*, bool, bool, soarxml::ElementXML*)+0x11d
C  [libSoar.so+0x377d01]  sml::KernelSML::HandleCommandLine(sml::AgentSML*, char const*, sml::Connection*, sml::AnalyzeXML*, soarxml::ElementXML*)+0x483
C  [libSoar.so+0x374157]  sml::KernelSML::ProcessCommand(char const*, sml::Connection*, sml::AnalyzeXML*, soarxml::ElementXML*)+0x325
C  [libSoar.so+0x374423]  sml::KernelSML::ProcessIncomingSML(sml::Connection*, soarxml::ElementXML*)+0x119
C  [libSoar.so+0x36ae62]  ReceivedCall(sml::Connection*, soarxml::ElementXML*, void*)+0x3b
C  [libSoar.so+0x3e1444]  sml::Callback::Invoke(soarxml::ElementXML*)+0x30
C  [libSoar.so+0x3db137]  sml::Connection::InvokeCallbacks(soarxml::ElementXML*)+0x105
C  [libSoar.so+0x3dd177]  sml::EmbeddedConnectionAsynch::ReceiveMessages(bool)+0x69
C  [libSoar.so+0x37139f]  sml::ConnectionManager::ReceiveAllMessages()+0x71
C  [libSoar.so+0x379c7c]  sml::ReceiverThread::Run()+0x2e
C  [libSoar.so+0x3e10e9]  ThreadStartFunction(void*)+0x2b
C  [libSoar.so+0x3e0fa1]  LinuxThreadFunc(void*)+0x28


---------------  P R O C E S S  ---------------

VM state:not at safepoint (normal execution)

VM Mutex/Monitor currently owned by a thread: None

Heap
 PSYoungGen      total 384896K, used 116097K [0x00000000e1560000, 0x00000000f95c0000, 0x0000000100000000)
  eden space 376832K, 29% used [0x00000000e1560000,0x00000000e82e48b0,0x00000000f8560000)
  from space 8064K, 48% used [0x00000000f8de0000,0x00000000f91bbbc8,0x00000000f95c0000)
  to   space 8384K, 0% used [0x00000000f8560000,0x00000000f8560000,0x00000000f8d90000)
 ParOldGen       total 62784K, used 11839K [0x00000000a4000000, 0x00000000a7d50000, 0x00000000e1560000)
  object space 62784K, 18% used [0x00000000a4000000,0x00000000a4b8fcc8,0x00000000a7d50000)
 PSPermGen       total 21248K, used 19361K [0x0000000099a00000, 0x000000009aec0000, 0x00000000a4000000)
  object space 21248K, 91% used [0x0000000099a00000,0x000000009ace8688,0x000000009aec0000)

Card table byte_map: [0x00007fad3e6a7000,0x00007fad3e9db000] byte_map_base: 0x00007fad3e1da000

Polling page: 0x00007fad41d88000

Code Cache  [0x00007fad35000000, 0x00007fad35270000, 0x00007fad38000000)
 total_blobs=1050 nmethods=496 adapters=506 free_code_cache=47299Kb largest_free_block=48381504

Compilation events (10 events):
Event: 135.105 Thread 0x00007fad3810e000  511             probcog.lcmtypes.soar_objects_t::_encodeRecursive (47 bytes)
Event: 135.121 Thread 0x00007fad3810e000 nmethod 511 0x00007fad351ccb10 code [0x00007fad351ccca0, 0x00007fad351cd408]
Event: 135.705 Thread 0x00007fad38111000  512             java.util.HashMap$EntryIterator::<init> (6 bytes)
Event: 135.708 Thread 0x00007fad3810e000  513             java.util.HashMap$EntryIterator::<init> (11 bytes)
Event: 135.712 Thread 0x00007fad38111000 nmethod 512 0x00007fad351cd9d0 code [0x00007fad351cdb20, 0x00007fad351cdd18]
Event: 135.714 Thread 0x00007fad3810e000 nmethod 513 0x00007fad351c8b50 code [0x00007fad351c8ca0, 0x00007fad351c8e98]
Event: 135.810 Thread 0x00007fad38111000  514             sun.misc.FDBigInt::normalizeMe (144 bytes)
Event: 135.816 Thread 0x00007fad38111000 nmethod 514 0x00007fad351cc6d0 code [0x00007fad351cc820, 0x00007fad351cc9a8]
Event: 136.807 Thread 0x00007fad3810e000  515  s          edu.umich.insoar.world.WorldModel::sendObservation (103 bytes)
Event: 136.976 Thread 0x00007fad3810e000 nmethod 515 0x00007fad351d3610 code [0x00007fad351d3c40, 0x00007fad351d72e8]

GC Heap History (10 events):
Event: 3.062 GC heap before
{Heap before GC invocations=4 (full 0):
 PSYoungGen      total 51008K, used 50992K [0x00000000e1560000, 0x00000000e7900000, 0x0000000100000000)
  eden space 47104K, 100% used [0x00000000e1560000,0x00000000e4360000,0x00000000e4360000)
  from space 3904K, 99% used [0x00000000e4360000,0x00000000e472c010,0x00000000e4730000)
  to   space 3904K, 0% used [0x00000000e7530000,0x00000000e7530000,0x00000000e7900000)
 ParOldGen       total 62784K, used 6683K [0x00000000a4000000, 0x00000000a7d50000, 0x00000000e1560000)
  object space 62784K, 10% used [0x00000000a4000000,0x00000000a4686c58,0x00000000a7d50000)
 PSPermGen       total 21248K, used 3569K [0x0000000099a00000, 0x000000009aec0000, 0x00000000a4000000)
  object space 21248K, 16% used [0x0000000099a00000,0x0000000099d7c6b8,0x000000009aec0000)
Event: 3.211 GC heap after
Heap after GC invocations=4 (full 0):
 PSYoungGen      total 98112K, used 3904K [0x00000000e1560000, 0x00000000e7900000, 0x0000000100000000)
  eden space 94208K, 0% used [0x00000000e1560000,0x00000000e1560000,0x00000000e7160000)
  from space 3904K, 100% used [0x00000000e7530000,0x00000000e7900000,0x00000000e7900000)
  to   space 3904K, 0% used [0x00000000e7160000,0x00000000e7160000,0x00000000e7530000)
 ParOldGen       total 62784K, used 7387K [0x00000000a4000000, 0x00000000a7d50000, 0x00000000e1560000)
  object space 62784K, 11% used [0x00000000a4000000,0x00000000a4736c58,0x00000000a7d50000)
 PSPermGen       total 21248K, used 3569K [0x0000000099a00000, 0x000000009aec0000, 0x00000000a4000000)
  object space 21248K, 16% used [0x0000000099a00000,0x0000000099d7c6b8,0x000000009aec0000)
}
Event: 4.085 GC heap before
{Heap before GC invocations=5 (full 0):
 PSYoungGen      total 98112K, used 98112K [0x00000000e1560000, 0x00000000e7900000, 0x0000000100000000)
  eden space 94208K, 100% used [0x00000000e1560000,0x00000000e7160000,0x00000000e7160000)
  from space 3904K, 100% used [0x00000000e7530000,0x00000000e7900000,0x00000000e7900000)
  to   space 3904K, 0% used [0x00000000e7160000,0x00000000e7160000,0x00000000e7530000)
 ParOldGen       total 62784K, used 7387K [0x00000000a4000000, 0x00000000a7d50000, 0x00000000e1560000)
  object space 62784K, 11% used [0x00000000a4000000,0x00000000a4736c58,0x00000000a7d50000)
 PSPermGen       total 21248K, used 3569K [0x0000000099a00000, 0x000000009aec0000, 0x00000000a4000000)
  object space 21248K, 16% used [0x0000000099a00000,0x0000000099d7c6b8,0x000000009aec0000)
Event: 4.110 GC heap after
Heap after GC invocations=5 (full 0):
 PSYoungGen      total 98112K, used 3904K [0x00000000e1560000, 0x00000000eddc0000, 0x0000000100000000)
  eden space 94208K, 0% used [0x00000000e1560000,0x00000000e1560000,0x00000000e7160000)
  from space 3904K, 100% used [0x00000000e7160000,0x00000000e7530000,0x00000000e7530000)
  to   space 8384K, 0% used [0x00000000ed590000,0x00000000ed590000,0x00000000eddc0000)
 ParOldGen       total 62784K, used 8187K [0x00000000a4000000, 0x00000000a7d50000, 0x00000000e1560000)
  object space 62784K, 13% used [0x00000000a4000000,0x00000000a47fec68,0x00000000a7d50000)
 PSPermGen       total 21248K, used 3569K [0x0000000099a00000, 0x000000009aec0000, 0x00000000a4000000)
  object space 21248K, 16% used [0x0000000099a00000,0x0000000099d7c6b8,0x000000009aec0000)
}
Event: 4.619 GC heap before
{Heap before GC invocations=6 (full 0):
 PSYoungGen      total 98112K, used 98112K [0x00000000e1560000, 0x00000000eddc0000, 0x0000000100000000)
  eden space 94208K, 100% used [0x00000000e1560000,0x00000000e7160000,0x00000000e7160000)
  from space 3904K, 100% used [0x00000000e7160000,0x00000000e7530000,0x00000000e7530000)
  to   space 8384K, 0% used [0x00000000ed590000,0x00000000ed590000,0x00000000eddc0000)
 ParOldGen       total 62784K, used 8187K [0x00000000a4000000, 0x00000000a7d50000, 0x00000000e1560000)
  object space 62784K, 13% used [0x00000000a4000000,0x00000000a47fec68,0x00000000a7d50000)
 PSPermGen       total 21248K, used 3569K [0x0000000099a00000, 0x000000009aec0000, 0x00000000a4000000)
  object space 21248K, 16% used [0x0000000099a00000,0x0000000099d7c6b8,0x000000009aec0000)
Event: 4.637 GC heap after
Heap after GC invocations=6 (full 0):
 PSYoungGen      total 196416K, used 4608K [0x00000000e1560000, 0x00000000edd60000, 0x0000000100000000)
  eden space 188416K, 0% used [0x00000000e1560000,0x00000000e1560000,0x00000000ecd60000)
  from space 8000K, 57% used [0x00000000ed590000,0x00000000eda10000,0x00000000edd60000)
  to   space 8192K, 0% used [0x00000000ecd60000,0x00000000ecd60000,0x00000000ed560000)
 ParOldGen       total 62784K, used 8187K [0x00000000a4000000, 0x00000000a7d50000, 0x00000000e1560000)
  object space 62784K, 13% used [0x00000000a4000000,0x00000000a47fec68,0x00000000a7d50000)
 PSPermGen       total 21248K, used 3569K [0x0000000099a00000, 0x000000009aec0000, 0x00000000a4000000)
  object space 21248K, 16% used [0x0000000099a00000,0x0000000099d7c6b8,0x000000009aec0000)
}
Event: 5.678 GC heap before
{Heap before GC invocations=7 (full 0):
 PSYoungGen      total 196416K, used 193024K [0x00000000e1560000, 0x00000000edd60000, 0x0000000100000000)
  eden space 188416K, 100% used [0x00000000e1560000,0x00000000ecd60000,0x00000000ecd60000)
  from space 8000K, 57% used [0x00000000ed590000,0x00000000eda10000,0x00000000edd60000)
  to   space 8192K, 0% used [0x00000000ecd60000,0x00000000ecd60000,0x00000000ed560000)
 ParOldGen       total 62784K, used 8187K [0x00000000a4000000, 0x00000000a7d50000, 0x00000000e1560000)
  object space 62784K, 13% used [0x00000000a4000000,0x00000000a47fec68,0x00000000a7d50000)
 PSPermGen       total 21248K, used 3569K [0x0000000099a00000, 0x000000009aec0000, 0x00000000a4000000)
  object space 21248K, 16% used [0x0000000099a00000,0x0000000099d7c6b8,0x000000009aec0000)
Event: 5.701 GC heap after
Heap after GC invocations=7 (full 0):
 PSYoungGen      total 196608K, used 1216K [0x00000000e1560000, 0x00000000f9660000, 0x0000000100000000)
  eden space 188416K, 0% used [0x00000000e1560000,0x00000000e1560000,0x00000000ecd60000)
  from space 8192K, 14% used [0x00000000ecd60000,0x00000000ece90000,0x00000000ed560000)
  to   space 8704K, 0% used [0x00000000f8de0000,0x00000000f8de0000,0x00000000f9660000)
 ParOldGen       total 62784K, used 11807K [0x00000000a4000000, 0x00000000a7d50000, 0x00000000e1560000)
  object space 62784K, 18% used [0x00000000a4000000,0x00000000a4b87cc8,0x00000000a7d50000)
 PSPermGen       total 21248K, used 3569K [0x0000000099a00000, 0x000000009aec0000, 0x00000000a4000000)
  object space 21248K, 16% used [0x0000000099a00000,0x0000000099d7c6b8,0x000000009aec0000)
}
Event: 87.125 GC heap before
{Heap before GC invocations=8 (full 0):
 PSYoungGen      total 196608K, used 189632K [0x00000000e1560000, 0x00000000f9660000, 0x0000000100000000)
  eden space 188416K, 100% used [0x00000000e1560000,0x00000000ecd60000,0x00000000ecd60000)
  from space 8192K, 14% used [0x00000000ecd60000,0x00000000ece90000,0x00000000ed560000)
  to   space 8704K, 0% used [0x00000000f8de0000,0x00000000f8de0000,0x00000000f9660000)
 ParOldGen       total 62784K, used 11807K [0x00000000a4000000, 0x00000000a7d50000, 0x00000000e1560000)
  object space 62784K, 18% used [0x00000000a4000000,0x00000000a4b87cc8,0x00000000a7d50000)
 PSPermGen       total 21248K, used 19231K [0x0000000099a00000, 0x000000009aec0000, 0x00000000a4000000)
  object space 21248K, 90% used [0x0000000099a00000,0x000000009acc7f28,0x000000009aec0000)
Event: 87.143 GC heap after
Heap after GC invocations=8 (full 0):
 PSYoungGen      total 384896K, used 3950K [0x00000000e1560000, 0x00000000f95c0000, 0x0000000100000000)
  eden space 376832K, 0% used [0x00000000e1560000,0x00000000e1560000,0x00000000f8560000)
  from space 8064K, 48% used [0x00000000f8de0000,0x00000000f91bbbc8,0x00000000f95c0000)
  to   space 8384K, 0% used [0x00000000f8560000,0x00000000f8560000,0x00000000f8d90000)
 ParOldGen       total 62784K, used 11839K [0x00000000a4000000, 0x00000000a7d50000, 0x00000000e1560000)
  object space 62784K, 18% used [0x00000000a4000000,0x00000000a4b8fcc8,0x00000000a7d50000)
 PSPermGen       total 21248K, used 19231K [0x0000000099a00000, 0x000000009aec0000, 0x00000000a4000000)
  object space 21248K, 90% used [0x0000000099a00000,0x000000009acc7f28,0x000000009aec0000)
}

Deoptimization events (10 events):
Event: 97.427 Thread 0x00007facd004a000 Uncommon trap -58 fr.pc 0x00007fad35136a5c
Event: 97.439 Thread 0x00007facd004a000 Uncommon trap -58 fr.pc 0x00007fad35136a5c
Event: 97.439 Thread 0x00007facd004a000 Uncommon trap -58 fr.pc 0x00007fad3513dee8
Event: 97.439 Thread 0x00007facd004a000 Uncommon trap -58 fr.pc 0x00007fad35136a5c
Event: 97.439 Thread 0x00007facd004a000 Uncommon trap -58 fr.pc 0x00007fad3513dee8
Event: 97.441 Thread 0x00007facd004a000 Uncommon trap -58 fr.pc 0x00007fad3513dee8
Event: 120.585 Thread 0x00007facd004a000 Uncommon trap -42 fr.pc 0x00007fad3517dd38
Event: 120.586 Thread 0x00007facd004a000 Uncommon trap -42 fr.pc 0x00007fad3517dd38
Event: 120.586 Thread 0x00007facd004a000 Uncommon trap -42 fr.pc 0x00007fad3517dd38
Event: 120.674 Thread 0x00007facd004a000 Uncommon trap -42 fr.pc 0x00007fad3517dd38

Internal exceptions (10 events):
Event: 97.433 Thread 0x00007facd004a000 Threw 0x00000000e447cb60 at /build/buildd/openjdk-7-7u25-2.3.12/build/openjdk/hotspot/src/share/vm/prims/jvm.cpp:1235
Event: 97.434 Thread 0x00007facd004a000 Threw 0x00000000e4480080 at /build/buildd/openjdk-7-7u25-2.3.12/build/openjdk/hotspot/src/share/vm/prims/jvm.cpp:1235
Event: 97.434 Thread 0x00007facd004a000 Threw 0x00000000e4483618 at /build/buildd/openjdk-7-7u25-2.3.12/build/openjdk/hotspot/src/share/vm/prims/jvm.cpp:1235
Event: 97.435 Thread 0x00007facd004a000 Threw 0x00000000e4486f20 at /build/buildd/openjdk-7-7u25-2.3.12/build/openjdk/hotspot/src/share/vm/prims/jvm.cpp:1235
Event: 97.435 Thread 0x00007facd004a000 Threw 0x00000000e448a098 at /build/buildd/openjdk-7-7u25-2.3.12/build/openjdk/hotspot/src/share/vm/prims/jvm.cpp:1235
Event: 97.436 Thread 0x00007facd004a000 Threw 0x00000000e448d850 at /build/buildd/openjdk-7-7u25-2.3.12/build/openjdk/hotspot/src/share/vm/prims/jvm.cpp:1235
Event: 97.436 Thread 0x00007facd004a000 Threw 0x00000000e4490a80 at /build/buildd/openjdk-7-7u25-2.3.12/build/openjdk/hotspot/src/share/vm/prims/jvm.cpp:1235
Event: 97.437 Thread 0x00007facd004a000 Threw 0x00000000e4493b30 at /build/buildd/openjdk-7-7u25-2.3.12/build/openjdk/hotspot/src/share/vm/prims/jvm.cpp:1235
Event: 97.437 Thread 0x00007facd004a000 Threw 0x00000000e4497400 at /build/buildd/openjdk-7-7u25-2.3.12/build/openjdk/hotspot/src/share/vm/prims/jvm.cpp:1235
Event: 108.267 Thread 0x00007facd004a000 Threw 0x00000000e5252458 at /build/buildd/openjdk-7-7u25-2.3.12/build/openjdk/hotspot/src/share/vm/prims/jvm.cpp:1235

Events (10 events):
Event: 110.970 Thread 0x00007fad3810e000 flushing nmethod 0x00007fad3517aad0
Event: 120.506 Thread 0x00007fad3810e000 flushing nmethod 0x00007fad350d8cd0
Event: 120.585 Thread 0x00007facd004a000 DEOPT PACKING pc=0x00007fad3517dd38 sp=0x00007face399bb10
Event: 120.585 Thread 0x00007facd004a000 DEOPT UNPACKING pc=0x00007fad35039145 sp=0x00007face399bac8 mode 2
Event: 120.586 Thread 0x00007facd004a000 DEOPT PACKING pc=0x00007fad3517dd38 sp=0x00007face399bb10
Event: 120.586 Thread 0x00007facd004a000 DEOPT UNPACKING pc=0x00007fad35039145 sp=0x00007face399bac8 mode 2
Event: 120.586 Thread 0x00007facd004a000 DEOPT PACKING pc=0x00007fad3517dd38 sp=0x00007face399bb10
Event: 120.586 Thread 0x00007facd004a000 DEOPT UNPACKING pc=0x00007fad35039145 sp=0x00007face399bac8 mode 2
Event: 120.674 Thread 0x00007facd004a000 DEOPT PACKING pc=0x00007fad3517dd38 sp=0x00007face399bb10
Event: 120.674 Thread 0x00007facd004a000 DEOPT UNPACKING pc=0x00007fad35039145 sp=0x00007face399bac8 mode 2


Dynamic libraries:
00400000-00401000 r-xp 00000000 08:07 8130224                            /usr/lib/jvm/java-7-openjdk-amd64/jre/bin/java
00600000-00601000 r--p 00000000 08:07 8130224                            /usr/lib/jvm/java-7-openjdk-amd64/jre/bin/java
00601000-00602000 rw-p 00001000 08:07 8130224                            /usr/lib/jvm/java-7-openjdk-amd64/jre/bin/java
01ffe000-0201f000 rw-p 00000000 00:00 0                                  [heap]
99a00000-9aec0000 rw-p 00000000 00:00 0 
9aec0000-a4000000 rw-p 00000000 00:00 0 
a4000000-a7d50000 rw-p 00000000 00:00 0 
a7d50000-e1560000 rw-p 00000000 00:00 0 
e1560000-f95c0000 rw-p 00000000 00:00 0 
f95c0000-f9660000 ---p 00000000 00:00 0 
f9660000-100000000 rw-p 00000000 00:00 0 
7facc0000000-7facc0021000 rw-p 00000000 00:00 0 
7facc0021000-7facc4000000 ---p 00000000 00:00 0 
7facc8000000-7facc8021000 rw-p 00000000 00:00 0 
7facc8021000-7faccc000000 ---p 00000000 00:00 0 
7faccc000000-7faccc021000 rw-p 00000000 00:00 0 
7faccc021000-7facd0000000 ---p 00000000 00:00 0 
7facd0000000-7facd00d8000 rw-p 00000000 00:00 0 
7facd00d8000-7facd4000000 ---p 00000000 00:00 0 
7facd4000000-7facd41b9000 rw-p 00000000 00:00 0 
7facd41b9000-7facd8000000 ---p 00000000 00:00 0 
7facd8000000-7facd8021000 rw-p 00000000 00:00 0 
7facd8021000-7facdc000000 ---p 00000000 00:00 0 
7facdc000000-7facdc025000 rw-p 00000000 00:00 0 
7facdc025000-7face0000000 ---p 00000000 00:00 0 
7face2f5f000-7face3451000 rw-p 00000000 00:00 0 
7face3451000-7face359a000 rw-s 00000000 00:04 310771734                  /SYSV00000000 (deleted)
7face359a000-7face359d000 ---p 00000000 00:00 0 
7face359d000-7face369b000 rw-p 00000000 00:00 0 
7face369b000-7face369e000 ---p 00000000 00:00 0 
7face369e000-7face379c000 rw-p 00000000 00:00 0                          [stack:2392]
7face379c000-7face379f000 ---p 00000000 00:00 0 
7face379f000-7face389d000 rw-p 00000000 00:00 0 
7face389d000-7face38a0000 ---p 00000000 00:00 0 
7face38a0000-7face399e000 rw-p 00000000 00:00 0                          [stack:2387]
7face399e000-7face39ae000 r-xp 00000000 08:07 8130194                    /usr/lib/jvm/java-7-openjdk-amd64/jre/lib/amd64/libnio.so
7face39ae000-7face3bad000 ---p 00010000 08:07 8130194                    /usr/lib/jvm/java-7-openjdk-amd64/jre/lib/amd64/libnio.so
7face3bad000-7face3bae000 r--p 0000f000 08:07 8130194                    /usr/lib/jvm/java-7-openjdk-amd64/jre/lib/amd64/libnio.so
7face3bae000-7face3baf000 rw-p 00010000 08:07 8130194                    /usr/lib/jvm/java-7-openjdk-amd64/jre/lib/amd64/libnio.so
7face3baf000-7face3bfb000 r-xp 00000000 08:07 8130205                    /usr/lib/jvm/java-7-openjdk-amd64/jre/lib/amd64/libfontmanager.so
7face3bfb000-7face3dfa000 ---p 0004c000 08:07 8130205                    /usr/lib/jvm/java-7-openjdk-amd64/jre/lib/amd64/libfontmanager.so
7face3dfa000-7face3dfd000 r--p 0004b000 08:07 8130205                    /usr/lib/jvm/java-7-openjdk-amd64/jre/lib/amd64/libfontmanager.so
7face3dfd000-7face3dfe000 rw-p 0004e000 08:07 8130205                    /usr/lib/jvm/java-7-openjdk-amd64/jre/lib/amd64/libfontmanager.so
7face3dfe000-7face3e01000 ---p 00000000 00:00 0 
7face3e01000-7face3eff000 rw-p 00000000 00:00 0                          [stack:2386]
7face3eff000-7face3f02000 ---p 00000000 00:00 0 
7face3f02000-7face4000000 rw-p 00000000 00:00 0                          [stack:2385]
7face4000000-7face4021000 rw-p 00000000 00:00 0 
7face4021000-7face8000000 ---p 00000000 00:00 0 
7face80a3000-7face80a6000 ---p 00000000 00:00 0 
7face80a6000-7face81a4000 rw-p 00000000 00:00 0                          [stack:2384]
7face81a4000-7face81a7000 ---p 00000000 00:00 0 
7face81a7000-7face82a5000 rw-p 00000000 00:00 0                          [stack:2383]
7face82a5000-7face82a9000 r-xp 00000000 08:07 5242929                    /lib/x86_64-linux-gnu/libgpg-error.so.0.10.0
7face82a9000-7face84a8000 ---p 00004000 08:07 5242929                    /lib/x86_64-linux-gnu/libgpg-error.so.0.10.0
7face84a8000-7face84a9000 r--p 00003000 08:07 5242929                    /lib/x86_64-linux-gnu/libgpg-error.so.0.10.0
7face84a9000-7face84aa000 rw-p 00004000 08:07 5242929                    /lib/x86_64-linux-gnu/libgpg-error.so.0.10.0
7face84aa000-7face84ac000 r-xp 00000000 08:07 5242940                    /lib/x86_64-linux-gnu/libkeyutils.so.1.4
7face84ac000-7face86ac000 ---p 00002000 08:07 5242940                    /lib/x86_64-linux-gnu/libkeyutils.so.1.4
7face86ac000-7face86ad000 r--p 00002000 08:07 5242940                    /lib/x86_64-linux-gnu/libkeyutils.so.1.4
7face86ad000-7face86ae000 rw-p 00003000 08:07 5242940                    /lib/x86_64-linux-gnu/libkeyutils.so.1.4
7face86ae000-7face86c6000 r-xp 00000000 08:07 7864518                    /usr/lib/x86_64-linux-gnu/libgraphite2.so.3.0.1
7face86c6000-7face88c5000 ---p 00018000 08:07 7864518                    /usr/lib/x86_64-linux-gnu/libgraphite2.so.3.0.1
7face88c5000-7face88c7000 r--p 00017000 08:07 7864518                    /usr/lib/x86_64-linux-gnu/libgraphite2.so.3.0.1
7face88c7000-7face88c8000 rw-p 00019000 08:07 7864518                    /usr/lib/x86_64-linux-gnu/libgraphite2.so.3.0.1
7face88c8000-7face88cc000 r-xp 00000000 08:07 7870208                    /usr/lib/x86_64-linux-gnu/libXxf86vm.so.1.0.0
7face88cc000-7face8acc000 ---p 00004000 08:07 7870208                    /usr/lib/x86_64-linux-gnu/libXxf86vm.so.1.0.0
7face8acc000-7face8acd000 r--p 00004000 08:07 7870208                    /usr/lib/x86_64-linux-gnu/libXxf86vm.so.1.0.0
7face8acd000-7face8ace000 rw-p 00005000 08:07 7870208                    /usr/lib/x86_64-linux-gnu/libXxf86vm.so.1.0.0
7face8ace000-7face8ae3000 r-xp 00000000 08:07 7866526                    /usr/lib/x86_64-linux-gnu/libxcb-glx.so.0.0.0
7face8ae3000-7face8ce2000 ---p 00015000 08:07 7866526                    /usr/lib/x86_64-linux-gnu/libxcb-glx.so.0.0.0
7face8ce2000-7face8ce4000 r--p 00014000 08:07 7866526                    /usr/lib/x86_64-linux-gnu/libxcb-glx.so.0.0.0
7face8ce4000-7face8ce5000 rw-p 00016000 08:07 7866526                    /usr/lib/x86_64-linux-gnu/libxcb-glx.so.0.0.0
7face8ce5000-7face8d07000 r-xp 00000000 08:07 7868682                    /usr/lib/x86_64-linux-gnu/libglapi.so.0.0.0
7face8d07000-7face8f07000 ---p 00022000 08:07 7868682                    /usr/lib/x86_64-linux-gnu/libglapi.so.0.0.0
7face8f07000-7face8f0a000 r--p 00022000 08:07 7868682                    /usr/lib/x86_64-linux-gnu/libglapi.so.0.0.0
7face8f0a000-7face8f0b000 rw-p 00025000 08:07 7868682                    /usr/lib/x86_64-linux-gnu/libglapi.so.0.0.0
7face8f0b000-7face8f0c000 rw-p 00000000 00:00 0 
7face8f0c000-7face8f17000 r-xp 00000000 08:07 7864548                    /usr/lib/x86_64-linux-gnu/libdrm.so.2.4.0
7face8f17000-7face9116000 ---p 0000b000 08:07 7864548                    /usr/lib/x86_64-linux-gnu/libdrm.so.2.4.0
7face9116000-7face9117000 r--p 0000a000 08:07 7864548                    /usr/lib/x86_64-linux-gnu/libdrm.so.2.4.0
7face9117000-7face9118000 rw-p 0000b000 08:07 7864548                    /usr/lib/x86_64-linux-gnu/libdrm.so.2.4.0
7face9118000-7face9128000 r-xp 00000000 08:07 5242950                    /lib/x86_64-linux-gnu/libudev.so.1.3.5
7face9128000-7face9327000 ---p 00010000 08:07 5242950                    /lib/x86_64-linux-gnu/libudev.so.1.3.5
7face9327000-7face9328000 r--p 0000f000 08:07 5242950                    /lib/x86_64-linux-gnu/libudev.so.1.3.5
7face9328000-7face9329000 rw-p 00010000 08:07 5242950                    /lib/x86_64-linux-gnu/libudev.so.1.3.5
7face9329000-7face932f000 r-xp 00000000 08:07 7866501                    /usr/lib/x86_64-linux-gnu/libgbm.so.1.0.0
7face932f000-7face952f000 ---p 00006000 08:07 7866501                    /usr/lib/x86_64-linux-gnu/libgbm.so.1.0.0
7face952f000-7face9530000 r--p 00006000 08:07 7866501                    /usr/lib/x86_64-linux-gnu/libgbm.so.1.0.0
7face9530000-7face9531000 rw-p 00007000 08:07 7866501                    /usr/lib/x86_64-linux-gnu/libgbm.so.1.0.0
7face9531000-7face953f000 r-xp 00000000 08:07 7868902                    /usr/lib/x86_64-linux-gnu/libwayland-server.so.0.1.0
7face953f000-7face973e000 ---p 0000e000 08:07 7868902                    /usr/lib/x86_64-linux-gnu/libwayland-server.so.0.1.0
7face973e000-7face9740000 r--p 0000d000 08:07 7868902                    /usr/lib/x86_64-linux-gnu/libwayland-server.so.0.1.0
7face9740000-7face9741000 rw-p 0000f000 08:07 7868902                    /usr/lib/x86_64-linux-gnu/libwayland-server.so.0.1.0
7face9741000-7face974c000 r-xp 00000000 08:07 7864504                    /usr/lib/x86_64-linux-gnu/libwayland-client.so.0.1.0
7face974c000-7face994b000 ---p 0000b000 08:07 7864504                    /usr/lib/x86_64-linux-gnu/libwayland-client.so.0.1.0
7face994b000-7face994d000 r--p 0000a000 08:07 7864504                    /usr/lib/x86_64-linux-gnu/libwayland-client.so.0.1.0
7face994d000-7face994e000 rw-p 0000c000 08:07 7864504                    /usr/lib/x86_64-linux-gnu/libwayland-client.so.0.1.0
7face994e000-7face9953000 r-xp 00000000 08:07 7866542                    /usr/lib/x86_64-linux-gnu/libxcb-xfixes.so.0.0.0
7face9953000-7face9b53000 ---p 00005000 08:07 7866542                    /usr/lib/x86_64-linux-gnu/libxcb-xfixes.so.0.0.0
7face9b53000-7face9b54000 r--p 00005000 08:07 7866542                    /usr/lib/x86_64-linux-gnu/libxcb-xfixes.so.0.0.0
7face9b54000-7face9b55000 rw-p 00006000 08:07 7866542                    /usr/lib/x86_64-linux-gnu/libxcb-xfixes.so.0.0.0
7face9b55000-7face9b58000 r-xp 00000000 08:07 7869896                    /usr/lib/x86_64-linux-gnu/libxcb-dri2.so.0.0.0
7face9b58000-7face9d58000 ---p 00003000 08:07 7869896                    /usr/lib/x86_64-linux-gnu/libxcb-dri2.so.0.0.0
7face9d58000-7face9d59000 r--p 00003000 08:07 7869896                    /usr/lib/x86_64-linux-gnu/libxcb-dri2.so.0.0.0
7face9d59000-7face9d5a000 rw-p 00004000 08:07 7869896                    /usr/lib/x86_64-linux-gnu/libxcb-dri2.so.0.0.0
7face9d5a000-7face9d5b000 r-xp 00000000 08:07 7869904                    /usr/lib/x86_64-linux-gnu/libX11-xcb.so.1.0.0
7face9d5b000-7face9f5a000 ---p 00001000 08:07 7869904                    /usr/lib/x86_64-linux-gnu/libX11-xcb.so.1.0.0
7face9f5a000-7face9f5b000 r--p 00000000 08:07 7869904                    /usr/lib/x86_64-linux-gnu/libX11-xcb.so.1.0.0
7face9f5b000-7face9f5c000 rw-p 00001000 08:07 7869904                    /usr/lib/x86_64-linux-gnu/libX11-xcb.so.1.0.0
7face9f5c000-7face9fa0000 r-xp 00000000 08:07 5242924                    /lib/x86_64-linux-gnu/libdbus-1.so.3.7.4
7face9fa0000-7facea19f000 ---p 00044000 08:07 5242924                    /lib/x86_64-linux-gnu/libdbus-1.so.3.7.4
7facea19f000-7facea1a0000 r--p 00043000 08:07 5242924                    /lib/x86_64-linux-gnu/libdbus-1.so.3.7.4
7facea1a0000-7facea1a1000 rw-p 00044000 08:07 5242924                    /lib/x86_64-linux-gnu/libdbus-1.so.3.7.4
7facea1a1000-7facea1bf000 r-xp 00000000 08:07 7870895                    /usr/lib/x86_64-linux-gnu/libp11-kit.so.0.0.0
7facea1bf000-7facea3be000 ---p 0001e000 08:07 7870895                    /usr/lib/x86_64-linux-gnu/libp11-kit.so.0.0.0
7facea3be000-7facea3c0000 r--p 0001d000 08:07 7870895                    /usr/lib/x86_64-linux-gnu/libp11-kit.so.0.0.0
7facea3c0000-7facea3c1000 rw-p 0001f000 08:07 7870895                    /usr/lib/x86_64-linux-gnu/libp11-kit.so.0.0.0
7facea3c1000-7facea3d1000 r-xp 00000000 08:07 7870891                    /usr/lib/x86_64-linux-gnu/libtasn1.so.3.2.0
7facea3d1000-7facea5d0000 ---p 00010000 08:07 7870891                    /usr/lib/x86_64-linux-gnu/libtasn1.so.3.2.0
7facea5d0000-7facea5d1000 r--p 0000f000 08:07 7870891                    /usr/lib/x86_64-linux-gnu/libtasn1.so.3.2.0
7facea5d1000-7facea5d2000 rw-p 00010000 08:07 7870891                    /usr/lib/x86_64-linux-gnu/libtasn1.so.3.2.0
7facea5d2000-7facea64c000 r-xp 00000000 08:07 5242933                    /lib/x86_64-linux-gnu/libgcrypt.so.11.7.0
7facea64c000-7facea84c000 ---p 0007a000 08:07 5242933                    /lib/x86_64-linux-gnu/libgcrypt.so.11.7.0
7facea84c000-7facea84d000 r--p 0007a000 08:07 5242933                    /lib/x86_64-linux-gnu/libgcrypt.so.11.7.0
7facea84d000-7facea850000 rw-p 0007b000 08:07 5242933                    /lib/x86_64-linux-gnu/libgcrypt.so.11.7.0
7facea850000-7facea857000 r-xp 00000000 08:07 7866378                    /usr/lib/x86_64-linux-gnu/libkrb5support.so.0.1
7facea857000-7faceaa56000 ---p 00007000 08:07 7866378                    /usr/lib/x86_64-linux-gnu/libkrb5support.so.0.1
7faceaa56000-7faceaa57000 r--p 00006000 08:07 7866378                    /usr/lib/x86_64-linux-gnu/libkrb5support.so.0.1
7faceaa57000-7faceaa58000 rw-p 00007000 08:07 7866378                    /usr/lib/x86_64-linux-gnu/libkrb5support.so.0.1
7faceaa58000-7faceaa5b000 r-xp 00000000 08:07 5242904                    /lib/x86_64-linux-gnu/libcom_err.so.2.1
7faceaa5b000-7faceac5a000 ---p 00003000 08:07 5242904                    /lib/x86_64-linux-gnu/libcom_err.so.2.1
7faceac5a000-7faceac5b000 r--p 00002000 08:07 5242904                    /lib/x86_64-linux-gnu/libcom_err.so.2.1
7faceac5b000-7faceac5c000 rw-p 00003000 08:07 5242904                    /lib/x86_64-linux-gnu/libcom_err.so.2.1
7faceac5c000-7faceac82000 r-xp 00000000 08:07 7870911                    /usr/lib/x86_64-linux-gnu/libk5crypto.so.3.1
7faceac82000-7faceae81000 ---p 00026000 08:07 7870911                    /usr/lib/x86_64-linux-gnu/libk5crypto.so.3.1
7faceae81000-7faceae82000 r--p 00025000 08:07 7870911                    /usr/lib/x86_64-linux-gnu/libk5crypto.so.3.1
7faceae82000-7faceae83000 rw-p 00026000 08:07 7870911                    /usr/lib/x86_64-linux-gnu/libk5crypto.so.3.1
7faceae83000-7faceae84000 rw-p 00000000 00:00 0 
7faceae84000-7faceaf49000 r-xp 00000000 08:07 7870927                    /usr/lib/x86_64-linux-gnu/libkrb5.so.3.3
7faceaf49000-7faceb148000 ---p 000c5000 08:07 7870927                    /usr/lib/x86_64-linux-gnu/libkrb5.so.3.3
7faceb148000-7faceb152000 r--p 000c4000 08:07 7870927                    /usr/lib/x86_64-linux-gnu/libkrb5.so.3.3
7faceb152000-7faceb153000 rw-p 000ce000 08:07 7870927                    /usr/lib/x86_64-linux-gnu/libkrb5.so.3.3
7faceb153000-7faceb159000 r-xp 00000000 08:07 7864996                    /usr/lib/x86_64-linux-gnu/libdatrie.so.1.2.0
7faceb159000-7faceb358000 ---p 00006000 08:07 7864996                    /usr/lib/x86_64-linux-gnu/libdatrie.so.1.2.0
7faceb358000-7faceb359000 r--p 00005000 08:07 7864996                    /usr/lib/x86_64-linux-gnu/libdatrie.so.1.2.0
7faceb359000-7faceb35a000 rw-p 00006000 08:07 7864996                    /usr/lib/x86_64-linux-gnu/libdatrie.so.1.2.0
7faceb35a000-7faceb3aa000 r-xp 00000000 08:07 7872140                    /usr/lib/x86_64-linux-gnu/libharfbuzz.so.0.919.0
7faceb3aa000-7faceb5aa000 ---p 00050000 08:07 7872140                    /usr/lib/x86_64-linux-gnu/libharfbuzz.so.0.919.0
7faceb5aa000-7faceb5ab000 r--p 00050000 08:07 7872140                    /usr/lib/x86_64-linux-gnu/libharfbuzz.so.0.919.0
7faceb5ab000-7faceb5ac000 rw-p 00051000 08:07 7872140                    /usr/lib/x86_64-linux-gnu/libharfbuzz.so.0.919.0
7faceb5ac000-7faceb608000 r-xp 00000000 08:07 8258487                    /usr/lib/x86_64-linux-gnu/mesa/libGL.so.1.2.0
7faceb608000-7faceb808000 ---p 0005c000 08:07 8258487                    /usr/lib/x86_64-linux-gnu/mesa/libGL.so.1.2.0
7faceb808000-7faceb80a000 r--p 0005c000 08:07 8258487                    /usr/lib/x86_64-linux-gnu/mesa/libGL.so.1.2.0
7faceb80a000-7faceb80b000 rw-p 0005e000 08:07 8258487                    /usr/lib/x86_64-linux-gnu/mesa/libGL.so.1.2.0
7faceb80b000-7faceb80c000 rw-p 00000000 00:00 0 
7faceb80c000-7faceb814000 r-xp 00000000 08:07 7870007                    /usr/lib/x86_64-linux-gnu/libxcb-render.so.0.0.0
7faceb814000-7faceba13000 ---p 00008000 08:07 7870007                    /usr/lib/x86_64-linux-gnu/libxcb-render.so.0.0.0
7faceba13000-7faceba14000 r--p 00007000 08:07 7870007                    /usr/lib/x86_64-linux-gnu/libxcb-render.so.0.0.0
7faceba14000-7faceba15000 rw-p 00008000 08:07 7870007                    /usr/lib/x86_64-linux-gnu/libxcb-render.so.0.0.0
7faceba15000-7faceba17000 r-xp 00000000 08:07 7870014                    /usr/lib/x86_64-linux-gnu/libxcb-shm.so.0.0.0
7faceba17000-7facebc16000 ---p 00002000 08:07 7870014                    /usr/lib/x86_64-linux-gnu/libxcb-shm.so.0.0.0
7facebc16000-7facebc17000 r--p 00001000 08:07 7870014                    /usr/lib/x86_64-linux-gnu/libxcb-shm.so.0.0.0
7facebc17000-7facebc18000 rw-p 00002000 08:07 7870014                    /usr/lib/x86_64-linux-gnu/libxcb-shm.so.0.0.0
7facebc18000-7facebc3d000 r-xp 00000000 08:07 5242946                    /lib/x86_64-linux-gnu/libpng12.so.0.49.0
7facebc3d000-7facebe3c000 ---p 00025000 08:07 5242946                    /lib/x86_64-linux-gnu/libpng12.so.0.49.0
7facebe3c000-7facebe3d000 r--p 00024000 08:07 5242946                    /lib/x86_64-linux-gnu/libpng12.so.0.49.0
7facebe3d000-7facebe3e000 rw-p 00025000 08:07 5242946                    /lib/x86_64-linux-gnu/libpng12.so.0.49.0
7facebe3e000-7facebe60000 r-xp 00000000 08:07 8258538                    /usr/lib/x86_64-linux-gnu/mesa-egl/libEGL.so.1.0.0
7facebe60000-7facec060000 ---p 00022000 08:07 8258538                    /usr/lib/x86_64-linux-gnu/mesa-egl/libEGL.so.1.0.0
7facec060000-7facec061000 r--p 00022000 08:07 8258538                    /usr/lib/x86_64-linux-gnu/mesa-egl/libEGL.so.1.0.0
7facec061000-7facec062000 rw-p 00023000 08:07 8258538                    /usr/lib/x86_64-linux-gnu/mesa-egl/libEGL.so.1.0.0
7facec062000-7facec103000 r-xp 00000000 08:07 7864906                    /usr/lib/x86_64-linux-gnu/libpixman-1.so.0.30.2
7facec103000-7facec303000 ---p 000a1000 08:07 7864906                    /usr/lib/x86_64-linux-gnu/libpixman-1.so.0.30.2
7facec303000-7facec30a000 r--p 000a1000 08:07 7864906                    /usr/lib/x86_64-linux-gnu/libpixman-1.so.0.30.2
7facec30a000-7facec30b000 rw-p 000a8000 08:07 7864906                    /usr/lib/x86_64-linux-gnu/libpixman-1.so.0.30.2
7facec30b000-7facec310000 r-xp 00000000 08:07 7871525                    /usr/lib/x86_64-linux-gnu/libXdmcp.so.6.0.0
7facec310000-7facec50f000 ---p 00005000 08:07 7871525                    /usr/lib/x86_64-linux-gnu/libXdmcp.so.6.0.0
7facec50f000-7facec510000 r--p 00004000 08:07 7871525                    /usr/lib/x86_64-linux-gnu/libXdmcp.so.6.0.0
7facec510000-7facec511000 rw-p 00005000 08:07 7871525                    /usr/lib/x86_64-linux-gnu/libXdmcp.so.6.0.0
7facec511000-7facec513000 r-xp 00000000 08:07 7875069                    /usr/lib/x86_64-linux-gnu/libXau.so.6.0.0
7facec513000-7facec713000 ---p 00002000 08:07 7875069                    /usr/lib/x86_64-linux-gnu/libXau.so.6.0.0
7facec713000-7facec714000 r--p 00002000 08:07 7875069                    /usr/lib/x86_64-linux-gnu/libXau.so.6.0.0
7facec714000-7facec715000 rw-p 00003000 08:07 7875069                    /usr/lib/x86_64-linux-gnu/libXau.so.6.0.0
7facec715000-7facec724000 r-xp 00000000 08:07 7866479                    /usr/lib/x86_64-linux-gnu/libavahi-client.so.3.2.9
7facec724000-7facec924000 ---p 0000f000 08:07 7866479                    /usr/lib/x86_64-linux-gnu/libavahi-client.so.3.2.9
7facec924000-7facec925000 r--p 0000f000 08:07 7866479                    /usr/lib/x86_64-linux-gnu/libavahi-client.so.3.2.9
7facec925000-7facec926000 rw-p 00010000 08:07 7866479                    /usr/lib/x86_64-linux-gnu/libavahi-client.so.3.2.9
7facec926000-7facec931000 r-xp 00000000 08:07 7864426                    /usr/lib/x86_64-linux-gnu/libavahi-common.so.3.5.3
7facec931000-7facecb30000 ---p 0000b000 08:07 7864426                    /usr/lib/x86_64-linux-gnu/libavahi-common.so.3.5.3
7facecb30000-7facecb31000 r--p 0000a000 08:07 7864426                    /usr/lib/x86_64-linux-gnu/libavahi-common.so.3.5.3
7facecb31000-7facecb32000 rw-p 0000b000 08:07 7864426                    /usr/lib/x86_64-linux-gnu/libavahi-common.so.3.5.3
7facecb32000-7facecbe8000 r-xp 00000000 08:07 7866371                    /usr/lib/x86_64-linux-gnu/libgnutls.so.26.22.6
7facecbe8000-7facecde8000 ---p 000b6000 08:07 7866371                    /usr/lib/x86_64-linux-gnu/libgnutls.so.26.22.6
7facecde8000-7facecdee000 r--p 000b6000 08:07 7866371                    /usr/lib/x86_64-linux-gnu/libgnutls.so.26.22.6
7facecdee000-7facecdef000 rw-p 000bc000 08:07 7866371                    /usr/lib/x86_64-linux-gnu/libgnutls.so.26.22.6
7facecdef000-7facecdf0000 rw-p 00000000 00:00 0 
7facecdf0000-7facece2b000 r-xp 00000000 08:07 7866383                    /usr/lib/x86_64-linux-gnu/libgssapi_krb5.so.2.2
7facece2b000-7faced02b000 ---p 0003b000 08:07 7866383                    /usr/lib/x86_64-linux-gnu/libgssapi_krb5.so.2.2
7faced02b000-7faced02c000 r--p 0003b000 08:07 7866383                    /usr/lib/x86_64-linux-gnu/libgssapi_krb5.so.2.2
7faced02c000-7faced02e000 rw-p 0003c000 08:07 7866383                    /usr/lib/x86_64-linux-gnu/libgssapi_krb5.so.2.2
7faced02e000-7faced055000 r-xp 00000000 08:07 5243699                    /lib/x86_64-linux-gnu/libexpat.so.1.6.0
7faced055000-7faced255000 ---p 00027000 08:07 5243699                    /lib/x86_64-linux-gnu/libexpat.so.1.6.0
7faced255000-7faced257000 r--p 00027000 08:07 5243699                    /lib/x86_64-linux-gnu/libexpat.so.1.6.0
7faced257000-7faced258000 rw-p 00029000 08:07 5243699                    /lib/x86_64-linux-gnu/libexpat.so.1.6.0
7faced258000-7faced2f4000 r-xp 00000000 08:07 7866495                    /usr/lib/x86_64-linux-gnu/libfreetype.so.6.10.1
7faced2f4000-7faced4f4000 ---p 0009c000 08:07 7866495                    /usr/lib/x86_64-linux-gnu/libfreetype.so.6.10.1
7faced4f4000-7faced4f9000 r--p 0009c000 08:07 7866495                    /usr/lib/x86_64-linux-gnu/libfreetype.so.6.10.1
7faced4f9000-7faced4fa000 rw-p 000a1000 08:07 7866495                    /usr/lib/x86_64-linux-gnu/libfreetype.so.6.10.1
7faced4fa000-7faced502000 r-xp 00000000 08:07 7865670                    /usr/lib/x86_64-linux-gnu/libthai.so.0.2.0
7faced502000-7faced701000 ---p 00008000 08:07 7865670                    /usr/lib/x86_64-linux-gnu/libthai.so.0.2.0
7faced701000-7faced702000 r--p 00007000 08:07 7865670                    /usr/lib/x86_64-linux-gnu/libthai.so.0.2.0
7faced702000-7faced703000 rw-p 00008000 08:07 7865670                    /usr/lib/x86_64-linux-gnu/libthai.so.0.2.0
7faced703000-7faced705000 r-xp 00000000 08:07 7870105                    /usr/lib/x86_64-linux-gnu/libXdamage.so.1.1.0
7faced705000-7faced904000 ---p 00002000 08:07 7870105                    /usr/lib/x86_64-linux-gnu/libXdamage.so.1.1.0
7faced904000-7faced905000 r--p 00001000 08:07 7870105                    /usr/lib/x86_64-linux-gnu/libXdamage.so.1.1.0
7faced905000-7faced906000 rw-p 00002000 08:07 7870105                    /usr/lib/x86_64-linux-gnu/libXdamage.so.1.1.0
7faced906000-7faced908000 r-xp 00000000 08:07 7870095                    /usr/lib/x86_64-linux-gnu/libXcomposite.so.1.0.0
7faced908000-7facedb07000 ---p 00002000 08:07 7870095                    /usr/lib/x86_64-linux-gnu/libXcomposite.so.1.0.0
7facedb07000-7facedb08000 r--p 00001000 08:07 7870095                    /usr/lib/x86_64-linux-gnu/libXcomposite.so.1.0.0
7facedb08000-7facedb09000 rw-p 00002000 08:07 7870095                    /usr/lib/x86_64-linux-gnu/libXcomposite.so.1.0.0
7facedb09000-7facedb12000 r-xp 00000000 08:07 7870100                    /usr/lib/x86_64-linux-gnu/libXcursor.so.1.0.2
7facedb12000-7facedd11000 ---p 00009000 08:07 7870100                    /usr/lib/x86_64-linux-gnu/libXcursor.so.1.0.2
7facedd11000-7facedd12000 r--p 00008000 08:07 7870100                    /usr/lib/x86_64-linux-gnu/libXcursor.so.1.0.2
7facedd12000-7facedd13000 rw-p 00009000 08:07 7870100                    /usr/lib/x86_64-linux-gnu/libXcursor.so.1.0.2
7facedd13000-7facedd1c000 r-xp 00000000 08:07 7870144                    /usr/lib/x86_64-linux-gnu/libXrandr.so.2.2.0
7facedd1c000-7facedf1b000 ---p 00009000 08:07 7870144                    /usr/lib/x86_64-linux-gnu/libXrandr.so.2.2.0
7facedf1b000-7facedf1c000 r--p 00008000 08:07 7870144                    /usr/lib/x86_64-linux-gnu/libXrandr.so.2.2.0
7facedf1c000-7facedf1d000 rw-p 00009000 08:07 7870144                    /usr/lib/x86_64-linux-gnu/libXrandr.so.2.2.0
7facedf1d000-7facedf1f000 r-xp 00000000 08:07 7870112                    /usr/lib/x86_64-linux-gnu/libXinerama.so.1.0.0
7facedf1f000-7facee11e000 ---p 00002000 08:07 7870112                    /usr/lib/x86_64-linux-gnu/libXinerama.so.1.0.0
7facee11e000-7facee11f000 r--p 00001000 08:07 7870112                    /usr/lib/x86_64-linux-gnu/libXinerama.so.1.0.0
7facee11f000-7facee120000 rw-p 00002000 08:07 7870112                    /usr/lib/x86_64-linux-gnu/libXinerama.so.1.0.0
7facee120000-7facee134000 r-xp 00000000 08:07 7871143                    /usr/lib/x86_64-linux-gnu/libpangoft2-1.0.so.0.3200.5
7facee134000-7facee333000 ---p 00014000 08:07 7871143                    /usr/lib/x86_64-linux-gnu/libpangoft2-1.0.so.0.3200.5
7facee333000-7facee334000 r--p 00013000 08:07 7871143                    /usr/lib/x86_64-linux-gnu/libpangoft2-1.0.so.0.3200.5
7facee334000-7facee335000 rw-p 00014000 08:07 7871143                    /usr/lib/x86_64-linux-gnu/libpangoft2-1.0.so.0.3200.5
7facee335000-7facee44e000 r-xp 00000000 08:07 7866335                    /usr/lib/x86_64-linux-gnu/libcairo.so.2.11200.16
7facee44e000-7facee64e000 ---p 00119000 08:07 7866335                    /usr/lib/x86_64-linux-gnu/libcairo.so.2.11200.16
7facee64e000-7facee651000 r--p 00119000 08:07 7866335                    /usr/lib/x86_64-linux-gnu/libcairo.so.2.11200.16
7facee651000-7facee653000 rw-p 0011c000 08:07 7866335                    /usr/lib/x86_64-linux-gnu/libcairo.so.2.11200.16
7facee653000-7facee654000 rw-p 00000000 00:00 0 
7facee654000-7facee673000 r-xp 00000000 08:07 7869937                    /usr/lib/x86_64-linux-gnu/libatk-1.0.so.0.21009.1
7facee673000-7facee873000 ---p 0001f000 08:07 7869937                    /usr/lib/x86_64-linux-gnu/libatk-1.0.so.0.21009.1
7facee873000-7facee875000 r--p 0001f000 08:07 7869937                    /usr/lib/x86_64-linux-gnu/libatk-1.0.so.0.21009.1
7facee875000-7facee876000 rw-p 00021000 08:07 7869937                    /usr/lib/x86_64-linux-gnu/libatk-1.0.so.0.21009.1
7facee876000-7facee87b000 r-xp 00000000 08:07 7869474                    /usr/lib/x86_64-linux-gnu/libXfixes.so.3.1.0
7facee87b000-7faceea7a000 ---p 00005000 08:07 7869474                    /usr/lib/x86_64-linux-gnu/libXfixes.so.3.1.0
7faceea7a000-7faceea7b000 r--p 00004000 08:07 7869474                    /usr/lib/x86_64-linux-gnu/libXfixes.so.3.1.0
7faceea7b000-7faceea7c000 rw-p 00005000 08:07 7869474                    /usr/lib/x86_64-linux-gnu/libXfixes.so.3.1.0
7faceea7c000-7faceea87000 r-xp 00000000 08:07 7871123                    /usr/lib/x86_64-linux-gnu/libpangocairo-1.0.so.0.3200.5
7faceea87000-7faceec87000 ---p 0000b000 08:07 7871123                    /usr/lib/x86_64-linux-gnu/libpangocairo-1.0.so.0.3200.5
7faceec87000-7faceec88000 r--p 0000b000 08:07 7871123                    /usr/lib/x86_64-linux-gnu/libpangocairo-1.0.so.0.3200.5
7faceec88000-7faceec89000 rw-p 0000c000 08:07 7871123                    /usr/lib/x86_64-linux-gnu/libpangocairo-1.0.so.0.3200.5
7faceec89000-7faceeca6000 r-xp 00000000 08:07 7866414                    /usr/lib/x86_64-linux-gnu/libxcb.so.1.1.0
7faceeca6000-7faceeea5000 ---p 0001d000 08:07 7866414                    /usr/lib/x86_64-linux-gnu/libxcb.so.1.1.0
7faceeea5000-7faceeea6000 r--p 0001c000 08:07 7866414                    /usr/lib/x86_64-linux-gnu/libxcb.so.1.1.0
7faceeea6000-7faceeea7000 rw-p 0001d000 08:07 7866414                    /usr/lib/x86_64-linux-gnu/libxcb.so.1.1.0
7faceeea7000-7faceef13000 r-xp 00000000 08:07 7864762                    /usr/lib/x86_64-linux-gnu/libcups.so.2
7faceef13000-7facef112000 ---p 0006c000 08:07 7864762                    /usr/lib/x86_64-linux-gnu/libcups.so.2
7facef112000-7facef119000 r--p 0006b000 08:07 7864762                    /usr/lib/x86_64-linux-gnu/libcups.so.2
7facef119000-7facef11a000 rw-p 00072000 08:07 7864762                    /usr/lib/x86_64-linux-gnu/libcups.so.2
7facef11a000-7facef11b000 r-xp 00000000 08:07 7869943                    /usr/lib/x86_64-linux-gnu/libgthread-2.0.so.0.3800.1
7facef11b000-7facef31a000 ---p 00001000 08:07 7869943                    /usr/lib/x86_64-linux-gnu/libgthread-2.0.so.0.3800.1
7facef31a000-7facef31b000 r--p 00000000 08:07 7869943                    /usr/lib/x86_64-linux-gnu/libgthread-2.0.so.0.3800.1
7facef31b000-7facef31c000 rw-p 00001000 08:07 7869943                    /usr/lib/x86_64-linux-gnu/libgthread-2.0.so.0.3800.1
7facef31c000-7facef355000 r-xp 00000000 08:07 7876035                    /usr/lib/x86_64-linux-gnu/libfontconfig.so.1.7.0
7facef355000-7facef555000 ---p 00039000 08:07 7876035                    /usr/lib/x86_64-linux-gnu/libfontconfig.so.1.7.0
7facef555000-7facef557000 r--p 00039000 08:07 7876035                    /usr/lib/x86_64-linux-gnu/libfontconfig.so.1.7.0
7facef557000-7facef558000 rw-p 0003b000 08:07 7876035                    /usr/lib/x86_64-linux-gnu/libfontconfig.so.1.7.0
7facef558000-7facef5a2000 r-xp 00000000 08:07 7871098                    /usr/lib/x86_64-linux-gnu/libpango-1.0.so.0.3200.5
7facef5a2000-7facef7a1000 ---p 0004a000 08:07 7871098                    /usr/lib/x86_64-linux-gnu/libpango-1.0.so.0.3200.5
7facef7a1000-7facef7a3000 r--p 00049000 08:07 7871098                    /usr/lib/x86_64-linux-gnu/libpango-1.0.so.0.3200.5
7facef7a3000-7facef7a4000 rw-p 0004b000 08:07 7871098                    /usr/lib/x86_64-linux-gnu/libpango-1.0.so.0.3200.5
7facef7a4000-7facef7c3000 r-xp 00000000 08:07 7870068                    /usr/lib/x86_64-linux-gnu/libgdk_pixbuf-2.0.so.0.2800.1
7facef7c3000-7facef9c2000 ---p 0001f000 08:07 7870068                    /usr/lib/x86_64-linux-gnu/libgdk_pixbuf-2.0.so.0.2800.1
7facef9c2000-7facef9c3000 r--p 0001e000 08:07 7870068                    /usr/lib/x86_64-linux-gnu/libgdk_pixbuf-2.0.so.0.2800.1
7facef9c3000-7facef9c4000 rw-p 0001f000 08:07 7870068                    /usr/lib/x86_64-linux-gnu/libgdk_pixbuf-2.0.so.0.2800.1
7facef9c4000-7facefdf3000 r-xp 00000000 08:07 7870297                    /usr/lib/x86_64-linux-gnu/libgtk-x11-2.0.so.0.2400.20
7facefdf3000-7facefff2000 ---p 0042f000 08:07 7870297                    /usr/lib/x86_64-linux-gnu/libgtk-x11-2.0.so.0.2400.20
7facefff2000-7facefff9000 r--p 0042e000 08:07 7870297                    /usr/lib/x86_64-linux-gnu/libgtk-x11-2.0.so.0.2400.20
7facefff9000-7facefffd000 rw-p 00435000 08:07 7870297                    /usr/lib/x86_64-linux-gnu/libgtk-x11-2.0.so.0.2400.20
7facefffd000-7facf0000000 rw-p 00000000 00:00 0 
7facf0000000-7facf20b1000 rw-p 00000000 00:00 0 
7facf20b1000-7facf4000000 ---p 00000000 00:00 0 
7facf4000000-7facf4021000 rw-p 00000000 00:00 0 
7facf4021000-7facf8000000 ---p 00000000 00:00 0 
7facf8000000-7facf8021000 rw-p 00000000 00:00 0 
7facf8021000-7facfc000000 ---p 00000000 00:00 0 
7facfc000000-7facfc021000 rw-p 00000000 00:00 0 
7facfc021000-7fad00000000 ---p 00000000 00:00 0 
7fad0006e000-7fad0011b000 r-xp 00000000 08:07 7870298                    /usr/lib/x86_64-linux-gnu/libgdk-x11-2.0.so.0.2400.20
7fad0011b000-7fad0031a000 ---p 000ad000 08:07 7870298                    /usr/lib/x86_64-linux-gnu/libgdk-x11-2.0.so.0.2400.20
7fad0031a000-7fad0031e000 r--p 000ac000 08:07 7870298                    /usr/lib/x86_64-linux-gnu/libgdk-x11-2.0.so.0.2400.20
7fad0031e000-7fad00320000 rw-p 000b0000 08:07 7870298                    /usr/lib/x86_64-linux-gnu/libgdk-x11-2.0.so.0.2400.20
7fad00320000-7fad0032f000 r-xp 00000000 08:07 7867250                    /usr/lib/x86_64-linux-gnu/libXi.so.6.1.0
7fad0032f000-7fad0052e000 ---p 0000f000 08:07 7867250                    /usr/lib/x86_64-linux-gnu/libXi.so.6.1.0
7fad0052e000-7fad0052f000 r--p 0000e000 08:07 7867250                    /usr/lib/x86_64-linux-gnu/libXi.so.6.1.0
7fad0052f000-7fad00530000 rw-p 0000f000 08:07 7867250                    /usr/lib/x86_64-linux-gnu/libXi.so.6.1.0
7fad00530000-7fad00535000 r-xp 00000000 08:07 7869958                    /usr/lib/x86_64-linux-gnu/libXtst.so.6.1.0
7fad00535000-7fad00734000 ---p 00005000 08:07 7869958                    /usr/lib/x86_64-linux-gnu/libXtst.so.6.1.0
7fad00734000-7fad00735000 r--p 00004000 08:07 7869958                    /usr/lib/x86_64-linux-gnu/libXtst.so.6.1.0
7fad00735000-7fad00736000 rw-p 00005000 08:07 7869958                    /usr/lib/x86_64-linux-gnu/libXtst.so.6.1.0
7fad00736000-7fad0073f000 r-xp 00000000 08:07 7870002                    /usr/lib/x86_64-linux-gnu/libXrender.so.1.3.0
7fad0073f000-7fad0093e000 ---p 00009000 08:07 7870002                    /usr/lib/x86_64-linux-gnu/libXrender.so.1.3.0
7fad0093e000-7fad0093f000 r--p 00008000 08:07 7870002                    /usr/lib/x86_64-linux-gnu/libXrender.so.1.3.0
7fad0093f000-7fad00940000 rw-p 00009000 08:07 7870002                    /usr/lib/x86_64-linux-gnu/libXrender.so.1.3.0
7fad00940000-7fad00a70000 r-xp 00000000 08:07 7875046                    /usr/lib/x86_64-linux-gnu/libX11.so.6.3.0
7fad00a70000-7fad00c70000 ---p 00130000 08:07 7875046                    /usr/lib/x86_64-linux-gnu/libX11.so.6.3.0
7fad00c70000-7fad00c71000 r--p 00130000 08:07 7875046                    /usr/lib/x86_64-linux-gnu/libX11.so.6.3.0
7fad00c71000-7fad00c75000 rw-p 00131000 08:07 7875046                    /usr/lib/x86_64-linux-gnu/libX11.so.6.3.0
7fad00c75000-7fad00c86000 r-xp 00000000 08:07 7869451                    /usr/lib/x86_64-linux-gnu/libXext.so.6.4.0
7fad00c86000-7fad00e85000 ---p 00011000 08:07 7869451                    /usr/lib/x86_64-linux-gnu/libXext.so.6.4.0
7fad00e85000-7fad00e86000 r--p 00010000 08:07 7869451                    /usr/lib/x86_64-linux-gnu/libXext.so.6.4.0
7fad00e86000-7fad00e87000 rw-p 00011000 08:07 7869451                    /usr/lib/x86_64-linux-gnu/libXext.so.6.4.0
7fad00e87000-7fad00ed8000 r-xp 00000000 08:07 8128062                    /usr/lib/jvm/java-7-openjdk-amd64/jre/lib/amd64/xawt/libmawt.so
7fad00ed8000-7fad010d7000 ---p 00051000 08:07 8128062                    /usr/lib/jvm/java-7-openjdk-amd64/jre/lib/amd64/xawt/libmawt.so
7fad010d7000-7fad010d8000 r--p 00050000 08:07 8128062                    /usr/lib/jvm/java-7-openjdk-amd64/jre/lib/amd64/xawt/libmawt.so
7fad010d8000-7fad010db000 rw-p 00051000 08:07 8128062                    /usr/lib/jvm/java-7-openjdk-amd64/jre/lib/amd64/xawt/libmawt.so
7fad010db000-7fad010dc000 rw-p 00000000 00:00 0 
7fad010dc000-7fad0117d000 r-xp 00000000 08:07 8130209                    /usr/lib/jvm/java-7-openjdk-amd64/jre/lib/amd64/libawt.so
7fad0117d000-7fad0137c000 ---p 000a1000 08:07 8130209                    /usr/lib/jvm/java-7-openjdk-amd64/jre/lib/amd64/libawt.so
7fad0137c000-7fad0137d000 r--p 000a0000 08:07 8130209                    /usr/lib/jvm/java-7-openjdk-amd64/jre/lib/amd64/libawt.so
7fad0137d000-7fad01388000 rw-p 000a1000 08:07 8130209                    /usr/lib/jvm/java-7-openjdk-amd64/jre/lib/amd64/libawt.so
7fad01388000-7fad013ad000 rw-p 00000000 00:00 0 
7fad013ad000-7fad013b0000 ---p 00000000 00:00 0 
7fad013b0000-7fad014ae000 rw-p 00000000 00:00 0                          [stack:2382]
7fad014ae000-7fad014eb000 r-xp 00000000 08:07 5246690                    /lib/x86_64-linux-gnu/libpcre.so.3.13.1
7fad014eb000-7fad016eb000 ---p 0003d000 08:07 5246690                    /lib/x86_64-linux-gnu/libpcre.so.3.13.1
7fad016eb000-7fad016ec000 r--p 0003d000 08:07 5246690                    /lib/x86_64-linux-gnu/libpcre.so.3.13.1
7fad016ec000-7fad016ed000 rw-p 0003e000 08:07 5246690                    /lib/x86_64-linux-gnu/libpcre.so.3.13.1
7fad016ed000-7fad016f4000 r-xp 00000000 08:07 7866333                    /usr/lib/x86_64-linux-gnu/libffi.so.6.0.1
7fad016f4000-7fad018f3000 ---p 00007000 08:07 7866333                    /usr/lib/x86_64-linux-gnu/libffi.so.6.0.1
7fad018f3000-7fad018f4000 r--p 00006000 08:07 7866333                    /usr/lib/x86_64-linux-gnu/libffi.so.6.0.1
7fad018f4000-7fad018f5000 rw-p 00007000 08:07 7866333                    /usr/lib/x86_64-linux-gnu/libffi.so.6.0.1
7fad018f5000-7fad0190b000 r-xp 00000000 08:07 5246563                    /lib/x86_64-linux-gnu/libresolv-2.17.so
7fad0190b000-7fad01b0b000 ---p 00016000 08:07 5246563                    /lib/x86_64-linux-gnu/libresolv-2.17.so
7fad01b0b000-7fad01b0c000 r--p 00016000 08:07 5246563                    /lib/x86_64-linux-gnu/libresolv-2.17.so
7fad01b0c000-7fad01b0d000 rw-p 00017000 08:07 5246563                    /lib/x86_64-linux-gnu/libresolv-2.17.so
7fad01b0d000-7fad01b0f000 rw-p 00000000 00:00 0 
7fad01b0f000-7fad01b2e000 r-xp 00000000 08:07 5252600                    /lib/x86_64-linux-gnu/libselinux.so.1
7fad01b2e000-7fad01d2e000 ---p 0001f000 08:07 5252600                    /lib/x86_64-linux-gnu/libselinux.so.1
7fad01d2e000-7fad01d2f000 r--p 0001f000 08:07 5252600                    /lib/x86_64-linux-gnu/libselinux.so.1
7fad01d2f000-7fad01d30000 rw-p 00020000 08:07 5252600                    /lib/x86_64-linux-gnu/libselinux.so.1
7fad01d30000-7fad01d31000 rw-p 00000000 00:00 0 
7fad01d31000-7fad01e2f000 r-xp 00000000 08:07 5242917                    /lib/x86_64-linux-gnu/libglib-2.0.so.0.3800.1
7fad01e2f000-7fad0202f000 ---p 000fe000 08:07 5242917                    /lib/x86_64-linux-gnu/libglib-2.0.so.0.3800.1
7fad0202f000-7fad02030000 r--p 000fe000 08:07 5242917                    /lib/x86_64-linux-gnu/libglib-2.0.so.0.3800.1
7fad02030000-7fad02031000 rw-p 000ff000 08:07 5242917                    /lib/x86_64-linux-gnu/libglib-2.0.so.0.3800.1
7fad02031000-7fad02032000 rw-p 00000000 00:00 0 
7fad02032000-7fad02081000 r-xp 00000000 08:07 7869942                    /usr/lib/x86_64-linux-gnu/libgobject-2.0.so.0.3800.1
7fad02081000-7fad02281000 ---p 0004f000 08:07 7869942                    /usr/lib/x86_64-linux-gnu/libgobject-2.0.so.0.3800.1
7fad02281000-7fad02282000 r--p 0004f000 08:07 7869942                    /usr/lib/x86_64-linux-gnu/libgobject-2.0.so.0.3800.1
7fad02282000-7fad02283000 rw-p 00050000 08:07 7869942                    /usr/lib/x86_64-linux-gnu/libgobject-2.0.so.0.3800.1
7fad02283000-7fad023df000 r-xp 00000000 08:07 7869941                    /usr/lib/x86_64-linux-gnu/libgio-2.0.so.0.3800.1
7fad023df000-7fad025de000 ---p 0015c000 08:07 7869941                    /usr/lib/x86_64-linux-gnu/libgio-2.0.so.0.3800.1
7fad025de000-7fad025e2000 r--p 0015b000 08:07 7869941                    /usr/lib/x86_64-linux-gnu/libgio-2.0.so.0.3800.1
7fad025e2000-7fad025e4000 rw-p 0015f000 08:07 7869941                    /usr/lib/x86_64-linux-gnu/libgio-2.0.so.0.3800.1
7fad025e4000-7fad025e6000 rw-p 00000000 00:00 0 
7fad025e6000-7fad025fc000 r-xp 00000000 08:07 8130198                    /usr/lib/jvm/java-7-openjdk-amd64/jre/lib/amd64/libnet.so
7fad025fc000-7fad027fb000 ---p 00016000 08:07 8130198                    /usr/lib/jvm/java-7-openjdk-amd64/jre/lib/amd64/libnet.so
7fad027fb000-7fad027fc000 r--p 00015000 08:07 8130198                    /usr/lib/jvm/java-7-openjdk-amd64/jre/lib/amd64/libnet.so
7fad027fc000-7fad027fd000 rw-p 00016000 08:07 8130198                    /usr/lib/jvm/java-7-openjdk-amd64/jre/lib/amd64/libnet.so
7fad027fd000-7fad027fe000 ---p 00000000 00:00 0 
7fad027fe000-7fad02ffe000 rw-p 00000000 00:00 0                          [stack:2347]
7fad02ffe000-7fad02fff000 ---p 00000000 00:00 0 
7fad02fff000-7fad037ff000 rw-p 00000000 00:00 0                          [stack:2346]
7fad037ff000-7fad03800000 ---p 00000000 00:00 0 
7fad03800000-7fad04000000 rw-p 00000000 00:00 0                          [stack:2345]
7fad04000000-7fad05814000 rw-p 00000000 00:00 0 
7fad05814000-7fad08000000 ---p 00000000 00:00 0 
7fad08000000-7fad08021000 rw-p 00000000 00:00 0 
7fad08021000-7fad0c000000 ---p 00000000 00:00 0 
7fad0c000000-7fad0c021000 rw-p 00000000 00:00 0 
7fad0c021000-7fad10000000 ---p 00000000 00:00 0 
7fad10000000-7fad1087b000 rw-p 00000000 00:00 0 
7fad1087b000-7fad14000000 ---p 00000000 00:00 0 
7fad14000000-7fad14021000 rw-p 00000000 00:00 0 
7fad14021000-7fad18000000 ---p 00000000 00:00 0 
7fad18000000-7fad18021000 rw-p 00000000 00:00 0 
7fad18021000-7fad1c000000 ---p 00000000 00:00 0 
7fad1c000000-7fad1c021000 rw-p 00000000 00:00 0 
7fad1c021000-7fad20000000 ---p 00000000 00:00 0 
7fad20000000-7fad20021000 rw-p 00000000 00:00 0 
7fad20021000-7fad24000000 ---p 00000000 00:00 0 
7fad24000000-7fad24021000 rw-p 00000000 00:00 0 
7fad24021000-7fad28000000 ---p 00000000 00:00 0 
7fad28000000-7fad28021000 rw-p 00000000 00:00 0 
7fad28021000-7fad2c000000 ---p 00000000 00:00 0 
7fad2c000000-7fad2c021000 rw-p 00000000 00:00 0 
7fad2c021000-7fad30000000 ---p 00000000 00:00 0 
7fad30005000-7fad30008000 r-xp 00000000 08:07 7869944                    /usr/lib/x86_64-linux-gnu/libgmodule-2.0.so.0.3800.1
7fad30008000-7fad30207000 ---p 00003000 08:07 7869944                    /usr/lib/x86_64-linux-gnu/libgmodule-2.0.so.0.3800.1
7fad30207000-7fad30208000 r--p 00002000 08:07 7869944                    /usr/lib/x86_64-linux-gnu/libgmodule-2.0.so.0.3800.1
7fad30208000-7fad30209000 rw-p 00003000 08:07 7869944                    /usr/lib/x86_64-linux-gnu/libgmodule-2.0.so.0.3800.1
7fad30209000-7fad30a60000 r-xp 00000000 08:07 3801126                    /home/shiwali/soar/SoarSuite/out/libSoar.so
7fad30a60000-7fad30c60000 ---p 00857000 08:07 3801126                    /home/shiwali/soar/SoarSuite/out/libSoar.so
7fad30c60000-7fad30c71000 r--p 00857000 08:07 3801126                    /home/shiwali/soar/SoarSuite/out/libSoar.so
7fad30c71000-7fad30c87000 rw-p 00868000 08:07 3801126                    /home/shiwali/soar/SoarSuite/out/libSoar.so
7fad30c87000-7fad30c8c000 rw-p 00000000 00:00 0 
7fad30c8c000-7fad30ce5000 r-xp 00000000 08:07 3805190                    /home/shiwali/soar/SoarSuite/out/libJava_sml_ClientInterface.so
7fad30ce5000-7fad30ee5000 ---p 00059000 08:07 3805190                    /home/shiwali/soar/SoarSuite/out/libJava_sml_ClientInterface.so
7fad30ee5000-7fad30ee6000 r--p 00059000 08:07 3805190                    /home/shiwali/soar/SoarSuite/out/libJava_sml_ClientInterface.so
7fad30ee6000-7fad30ee8000 rw-p 0005a000 08:07 3805190                    /home/shiwali/soar/SoarSuite/out/libJava_sml_ClientInterface.so
7fad30ee8000-7fad30ee9000 ---p 00000000 00:00 0 
7fad30ee9000-7fad30fe9000 rw-p 00000000 00:00 0                          [stack:2342]
7fad30fe9000-7fad30fec000 ---p 00000000 00:00 0 
7fad30fec000-7fad310ea000 rw-p 00000000 00:00 0                          [stack:2341]
7fad310ea000-7fad310ed000 ---p 00000000 00:00 0 
7fad310ed000-7fad311eb000 rw-p 00000000 00:00 0                          [stack:2340]
7fad311eb000-7fad311ee000 ---p 00000000 00:00 0 
7fad311ee000-7fad312ec000 rw-p 00000000 00:00 0                          [stack:2337]
7fad312ec000-7fad312ef000 ---p 00000000 00:00 0 
7fad312ef000-7fad313ed000 rw-p 00000000 00:00 0                          [stack:2336]
7fad313ed000-7fad31ace000 r--p 00000000 08:07 7870646                    /usr/lib/locale/locale-archive
7fad31ace000-7fad31ad1000 ---p 00000000 00:00 0 
7fad31ad1000-7fad31bcf000 rw-p 00000000 00:00 0                          [stack:2335]
7fad31bcf000-7fad31bd2000 ---p 00000000 00:00 0 
7fad31bd2000-7fad35000000 rw-p 00000000 00:00 0                          [stack:2328]
7fad35000000-7fad35270000 rwxp 00000000 00:00 0 
7fad35270000-7fad38612000 rw-p 00000000 00:00 0 
7fad38612000-7fad3c000000 ---p 00000000 00:00 0 
7fad3c017000-7fad3c01e000 rw-s 00000000 00:04 311197723                  /SYSV00000000 (deleted)
7fad3c02f000-7fad3c033000 r--s 00039000 08:07 2886744                    /home/shiwali/InstructoSoarII/probcog2/java/probcog.jar
7fad3c033000-7fad3c045000 r--s 00295000 08:07 786580                     /home/shiwali/InstructoSoarII/april/java/april.jar
7fad3c045000-7fad3c04e000 r--s 0005a000 08:07 3805643                    /home/shiwali/soar/SoarSuite/out/java/soar-debugger.jar
7fad3c04e000-7fad3c061000 r--s 00211000 08:07 3805649                    /home/shiwali/soar/SoarSuite/out/java/swt.jar
7fad3c061000-7fad3c0a3000 rw-p 00000000 00:00 0 
7fad3c0a3000-7fad3c0a4000 ---p 00000000 00:00 0 
7fad3c0a4000-7fad3d1c4000 rw-p 00000000 00:00 0                          [stack:2327]
7fad3d1c4000-7fad3d371000 r--s 01cec000 08:07 8130116                    /usr/lib/jvm/java-7-openjdk-amd64/jre/lib/rt.jar
7fad3d371000-7fad3e065000 rw-p 00000000 00:00 0 
7fad3e065000-7fad3e066000 ---p 00000000 00:00 0 
7fad3e066000-7fad3e166000 rw-p 00000000 00:00 0                          [stack:2326]
7fad3e166000-7fad3e167000 ---p 00000000 00:00 0 
7fad3e167000-7fad3e267000 rw-p 00000000 00:00 0                          [stack:2321]
7fad3e267000-7fad3e268000 ---p 00000000 00:00 0 
7fad3e268000-7fad3e368000 rw-p 00000000 00:00 0                          [stack:2315]
7fad3e368000-7fad3e369000 ---p 00000000 00:00 0 
7fad3e369000-7fad3e474000 rw-p 00000000 00:00 0                          [stack:2302]
7fad3e474000-7fad3e4bc000 rw-p 00000000 00:00 0 
7fad3e4bc000-7fad3e4db000 rw-p 00000000 00:00 0 
7fad3e4db000-7fad3e6a7000 rw-p 00000000 00:00 0 
7fad3e6a7000-7fad3e6b2000 rw-p 00000000 00:00 0 
7fad3e6b2000-7fad3e6fa000 rw-p 00000000 00:00 0 
7fad3e6fa000-7fad3e719000 rw-p 00000000 00:00 0 
7fad3e719000-7fad3e8e4000 rw-p 00000000 00:00 0 
7fad3e8e4000-7fad3e9a5000 rw-p 00000000 00:00 0 
7fad3e9a5000-7fad3e9a6000 ---p 00000000 00:00 0 
7fad3e9a6000-7fad3e9da000 rw-p 00000000 00:00 0 
7fad3e9da000-7fad3e9db000 rw-p 00000000 00:00 0 
7fad3e9db000-7fad3e9e3000 r-xp 00000000 08:07 8130223                    /usr/lib/jvm/java-7-openjdk-amd64/jre/lib/amd64/libzip.so
7fad3e9e3000-7fad3ebe2000 ---p 00008000 08:07 8130223                    /usr/lib/jvm/java-7-openjdk-amd64/jre/lib/amd64/libzip.so
7fad3ebe2000-7fad3ebe3000 r--p 00007000 08:07 8130223                    /usr/lib/jvm/java-7-openjdk-amd64/jre/lib/amd64/libzip.so
7fad3ebe3000-7fad3ebe4000 rw-p 00008000 08:07 8130223                    /usr/lib/jvm/java-7-openjdk-amd64/jre/lib/amd64/libzip.so
7fad3ebe4000-7fad3ebf0000 r-xp 00000000 08:07 5252128                    /lib/x86_64-linux-gnu/libnss_files-2.17.so
7fad3ebf0000-7fad3edef000 ---p 0000c000 08:07 5252128                    /lib/x86_64-linux-gnu/libnss_files-2.17.so
7fad3edef000-7fad3edf0000 r--p 0000b000 08:07 5252128                    /lib/x86_64-linux-gnu/libnss_files-2.17.so
7fad3edf0000-7fad3edf1000 rw-p 0000c000 08:07 5252128                    /lib/x86_64-linux-gnu/libnss_files-2.17.so
7fad3edf1000-7fad3edfc000 r-xp 00000000 08:07 5246736                    /lib/x86_64-linux-gnu/libnss_nis-2.17.so
7fad3edfc000-7fad3effb000 ---p 0000b000 08:07 5246736                    /lib/x86_64-linux-gnu/libnss_nis-2.17.so
7fad3effb000-7fad3effc000 r--p 0000a000 08:07 5246736                    /lib/x86_64-linux-gnu/libnss_nis-2.17.so
7fad3effc000-7fad3effd000 rw-p 0000b000 08:07 5246736                    /lib/x86_64-linux-gnu/libnss_nis-2.17.so
7fad3effd000-7fad3f014000 r-xp 00000000 08:07 5243692                    /lib/x86_64-linux-gnu/libnsl-2.17.so
7fad3f014000-7fad3f213000 ---p 00017000 08:07 5243692                    /lib/x86_64-linux-gnu/libnsl-2.17.so
7fad3f213000-7fad3f214000 r--p 00016000 08:07 5243692                    /lib/x86_64-linux-gnu/libnsl-2.17.so
7fad3f214000-7fad3f215000 rw-p 00017000 08:07 5243692                    /lib/x86_64-linux-gnu/libnsl-2.17.so
7fad3f215000-7fad3f217000 rw-p 00000000 00:00 0 
7fad3f217000-7fad3f21f000 r-xp 00000000 08:07 5246561                    /lib/x86_64-linux-gnu/libnss_compat-2.17.so
7fad3f21f000-7fad3f41e000 ---p 00008000 08:07 5246561                    /lib/x86_64-linux-gnu/libnss_compat-2.17.so
7fad3f41e000-7fad3f41f000 r--p 00007000 08:07 5246561                    /lib/x86_64-linux-gnu/libnss_compat-2.17.so
7fad3f41f000-7fad3f420000 rw-p 00008000 08:07 5246561                    /lib/x86_64-linux-gnu/libnss_compat-2.17.so
7fad3f420000-7fad3f44b000 r-xp 00000000 08:07 8130208                    /usr/lib/jvm/java-7-openjdk-amd64/jre/lib/amd64/libjava.so
7fad3f44b000-7fad3f64a000 ---p 0002b000 08:07 8130208                    /usr/lib/jvm/java-7-openjdk-amd64/jre/lib/amd64/libjava.so
7fad3f64a000-7fad3f64b000 r--p 0002a000 08:07 8130208                    /usr/lib/jvm/java-7-openjdk-amd64/jre/lib/amd64/libjava.so
7fad3f64b000-7fad3f64d000 rw-p 0002b000 08:07 8130208                    /usr/lib/jvm/java-7-openjdk-amd64/jre/lib/amd64/libjava.so
7fad3f64d000-7fad3f65d000 r-xp 00000000 08:07 8130207                    /usr/lib/jvm/java-7-openjdk-amd64/jre/lib/amd64/libverify.so
7fad3f65d000-7fad3f85c000 ---p 00010000 08:07 8130207                    /usr/lib/jvm/java-7-openjdk-amd64/jre/lib/amd64/libverify.so
7fad3f85c000-7fad3f85e000 r--p 0000f000 08:07 8130207                    /usr/lib/jvm/java-7-openjdk-amd64/jre/lib/amd64/libverify.so
7fad3f85e000-7fad3f85f000 rw-p 00011000 08:07 8130207                    /usr/lib/jvm/java-7-openjdk-amd64/jre/lib/amd64/libverify.so
7fad3f85f000-7fad3f866000 r-xp 00000000 08:07 5252129                    /lib/x86_64-linux-gnu/librt-2.17.so
7fad3f866000-7fad3fa65000 ---p 00007000 08:07 5252129                    /lib/x86_64-linux-gnu/librt-2.17.so
7fad3fa65000-7fad3fa66000 r--p 00006000 08:07 5252129                    /lib/x86_64-linux-gnu/librt-2.17.so
7fad3fa66000-7fad3fa67000 rw-p 00007000 08:07 5252129                    /lib/x86_64-linux-gnu/librt-2.17.so
7fad3fa67000-7fad3fa7c000 r-xp 00000000 08:07 5243965                    /lib/x86_64-linux-gnu/libgcc_s.so.1
7fad3fa7c000-7fad3fc7b000 ---p 00015000 08:07 5243965                    /lib/x86_64-linux-gnu/libgcc_s.so.1
7fad3fc7b000-7fad3fc7c000 r--p 00014000 08:07 5243965                    /lib/x86_64-linux-gnu/libgcc_s.so.1
7fad3fc7c000-7fad3fc7d000 rw-p 00015000 08:07 5243965                    /lib/x86_64-linux-gnu/libgcc_s.so.1
7fad3fc7d000-7fad3fd80000 r-xp 00000000 08:07 5246566                    /lib/x86_64-linux-gnu/libm-2.17.so
7fad3fd80000-7fad3ff7f000 ---p 00103000 08:07 5246566                    /lib/x86_64-linux-gnu/libm-2.17.so
7fad3ff7f000-7fad3ff80000 r--p 00102000 08:07 5246566                    /lib/x86_64-linux-gnu/libm-2.17.so
7fad3ff80000-7fad3ff81000 rw-p 00103000 08:07 5246566                    /lib/x86_64-linux-gnu/libm-2.17.so
7fad3ff81000-7fad40067000 r-xp 00000000 08:07 7864348                    /usr/lib/x86_64-linux-gnu/libstdc++.so.6.0.18
7fad40067000-7fad40266000 ---p 000e6000 08:07 7864348                    /usr/lib/x86_64-linux-gnu/libstdc++.so.6.0.18
7fad40266000-7fad4026e000 r--p 000e5000 08:07 7864348                    /usr/lib/x86_64-linux-gnu/libstdc++.so.6.0.18
7fad4026e000-7fad40270000 rw-p 000ed000 08:07 7864348                    /usr/lib/x86_64-linux-gnu/libstdc++.so.6.0.18
7fad40270000-7fad40285000 rw-p 00000000 00:00 0 
7fad40285000-7fad40c93000 r-xp 00000000 08:07 8130212                    /usr/lib/jvm/java-7-openjdk-amd64/jre/lib/amd64/server/libjvm.so
7fad40c93000-7fad40e92000 ---p 00a0e000 08:07 8130212                    /usr/lib/jvm/java-7-openjdk-amd64/jre/lib/amd64/server/libjvm.so
7fad40e92000-7fad40f0b000 r--p 00a0d000 08:07 8130212                    /usr/lib/jvm/java-7-openjdk-amd64/jre/lib/amd64/server/libjvm.so
7fad40f0b000-7fad40f2e000 rw-p 00a86000 08:07 8130212                    /usr/lib/jvm/java-7-openjdk-amd64/jre/lib/amd64/server/libjvm.so
7fad40f2e000-7fad40f59000 rw-p 00000000 00:00 0 
7fad40f59000-7fad40f71000 r-xp 00000000 08:07 5243951                    /lib/x86_64-linux-gnu/libz.so.1.2.8
7fad40f71000-7fad41170000 ---p 00018000 08:07 5243951                    /lib/x86_64-linux-gnu/libz.so.1.2.8
7fad41170000-7fad41171000 r--p 00017000 08:07 5243951                    /lib/x86_64-linux-gnu/libz.so.1.2.8
7fad41171000-7fad41172000 rw-p 00018000 08:07 5243951                    /lib/x86_64-linux-gnu/libz.so.1.2.8
7fad41172000-7fad41189000 r-xp 00000000 08:07 5252661                    /lib/x86_64-linux-gnu/libpthread-2.17.so
7fad41189000-7fad41389000 ---p 00017000 08:07 5252661                    /lib/x86_64-linux-gnu/libpthread-2.17.so
7fad41389000-7fad4138a000 r--p 00017000 08:07 5252661                    /lib/x86_64-linux-gnu/libpthread-2.17.so
7fad4138a000-7fad4138b000 rw-p 00018000 08:07 5252661                    /lib/x86_64-linux-gnu/libpthread-2.17.so
7fad4138b000-7fad4138f000 rw-p 00000000 00:00 0 
7fad4138f000-7fad41392000 r-xp 00000000 08:07 5252660                    /lib/x86_64-linux-gnu/libdl-2.17.so
7fad41392000-7fad41591000 ---p 00003000 08:07 5252660                    /lib/x86_64-linux-gnu/libdl-2.17.so
7fad41591000-7fad41592000 r--p 00002000 08:07 5252660                    /lib/x86_64-linux-gnu/libdl-2.17.so
7fad41592000-7fad41593000 rw-p 00003000 08:07 5252660                    /lib/x86_64-linux-gnu/libdl-2.17.so
7fad41593000-7fad41750000 r-xp 00000000 08:07 5252659                    /lib/x86_64-linux-gnu/libc-2.17.so
7fad41750000-7fad41950000 ---p 001bd000 08:07 5252659                    /lib/x86_64-linux-gnu/libc-2.17.so
7fad41950000-7fad41954000 r--p 001bd000 08:07 5252659                    /lib/x86_64-linux-gnu/libc-2.17.so
7fad41954000-7fad41956000 rw-p 001c1000 08:07 5252659                    /lib/x86_64-linux-gnu/libc-2.17.so
7fad41956000-7fad4195b000 rw-p 00000000 00:00 0 
7fad4195b000-7fad41968000 r-xp 00000000 08:07 8130121                    /usr/lib/jvm/java-7-openjdk-amd64/jre/lib/amd64/jli/libjli.so
7fad41968000-7fad41b67000 ---p 0000d000 08:07 8130121                    /usr/lib/jvm/java-7-openjdk-amd64/jre/lib/amd64/jli/libjli.so
7fad41b67000-7fad41b68000 r--p 0000c000 08:07 8130121                    /usr/lib/jvm/java-7-openjdk-amd64/jre/lib/amd64/jli/libjli.so
7fad41b68000-7fad41b69000 rw-p 0000d000 08:07 8130121                    /usr/lib/jvm/java-7-openjdk-amd64/jre/lib/amd64/jli/libjli.so
7fad41b69000-7fad41b8c000 r-xp 00000000 08:07 5246634                    /lib/x86_64-linux-gnu/ld-2.17.so
7fad41b8d000-7fad41b8e000 rw-p 00000000 00:00 0 
7fad41b8e000-7fad41b8f000 r--s 00001000 08:07 3805335                    /home/shiwali/soar/SoarSuite/out/java/soar-debugger-api.jar
7fad41b8f000-7fad41b90000 r--s 00003000 08:07 3805648                    /home/shiwali/soar/SoarSuite/out/java/swtgraphics2d.jar
7fad41b90000-7fad41b92000 r--s 00005000 08:07 3805321                    /home/shiwali/soar/SoarSuite/out/java/soar-smljava.jar
7fad41b92000-7fad41b9b000 r--s 000bc000 08:07 8130271                    /usr/lib/jvm/java-7-openjdk-common/jre/lib/resources.jar
7fad41b9b000-7fad41b9e000 r--s 00018000 08:07 3805299                    /home/shiwali/soar/SoarSuite/out/java/sml.jar
7fad41b9e000-7fad41ba1000 r--s 0001d000 08:07 9833101                    /usr/local/share/java/lcm.jar
7fad41ba1000-7fad41ba4000 r--s 00028000 08:07 1707691                    /home/shiwali/InstructoSoarII/rosie/java/language/lgsoar.jar
7fad41ba4000-7fad41bae000 rw-p 00000000 00:00 0 
7fad41bae000-7fad41c64000 rw-p 00000000 00:00 0 
7fad41c64000-7fad41c67000 ---p 00000000 00:00 0 
7fad41c67000-7fad41d6a000 rw-p 00000000 00:00 0                          [stack:2292]
7fad41d6a000-7fad41d6d000 r--s 0001c000 08:07 1575757                    /home/shiwali/InstructoSoarII/rosie/java/insoar.jar
7fad41d6d000-7fad41d6f000 r--s 00012000 08:07 8130259                    /usr/lib/jvm/java-7-openjdk-common/jre/lib/ext/zipfs.jar
7fad41d6f000-7fad41d71000 r--s 00006000 08:07 8264680                    /usr/share/java/java-atk-wrapper.jar
7fad41d71000-7fad41d74000 r--s 0003c000 08:07 8130265                    /usr/lib/jvm/java-7-openjdk-common/jre/lib/ext/sunpkcs11.jar
7fad41d74000-7fad41d77000 r--s 00032000 08:07 8130261                    /usr/lib/jvm/java-7-openjdk-common/jre/lib/ext/sunjce_provider.jar
7fad41d77000-7fad41d78000 r--s 00002000 08:07 8130267                    /usr/lib/jvm/java-7-openjdk-common/jre/lib/ext/dnsns.jar
7fad41d78000-7fad41d7b000 r--s 0000f000 08:07 8130257                    /usr/lib/jvm/java-7-openjdk-common/jre/lib/ext/pulse-java.jar
7fad41d7b000-7fad41d7f000 r--s 00085000 08:07 8130263                    /usr/lib/jvm/java-7-openjdk-common/jre/lib/ext/localedata.jar
7fad41d7f000-7fad41d87000 rw-s 00000000 08:07 1573091                    /tmp/hsperfdata_shiwali/2289
7fad41d87000-7fad41d88000 rw-p 00000000 00:00 0 
7fad41d88000-7fad41d89000 r--p 00000000 00:00 0 
7fad41d89000-7fad41d8b000 rw-p 00000000 00:00 0 
7fad41d8b000-7fad41d8c000 r--p 00022000 08:07 5246634                    /lib/x86_64-linux-gnu/ld-2.17.so
7fad41d8c000-7fad41d8e000 rw-p 00023000 08:07 5246634                    /lib/x86_64-linux-gnu/ld-2.17.so
7fff96770000-7fff96791000 rw-p 00000000 00:00 0                          [stack]
7fff967fe000-7fff96800000 r-xp 00000000 00:00 0                          [vdso]
ffffffffff600000-ffffffffff601000 r-xp 00000000 00:00 0                  [vsyscall]

VM Arguments:
jvm_args: -Dfile.encoding=UTF-8 
java_command: edu.umich.insoar.InSoar
Launcher Type: SUN_STANDARD

Environment Variables:
PATH=/home/shiwali/bin:/usr/lib/lightdm/lightdm:/usr/local/sbin:/usr/local/bin:/usr/sbin:/usr/bin:/sbin:/bin:/usr/games:/usr/local/games
LD_LIBRARY_PATH=/home/shiwali/soar/SoarSuite/out
SHELL=/bin/bash
DISPLAY=:0

Signal Handlers:
SIGSEGV: [libjvm.so+0x871410], sa_mask[0]=0x7ffbfeff, sa_flags=0x10000004
SIGBUS: [libjvm.so+0x871410], sa_mask[0]=0x7ffbfeff, sa_flags=0x10000004
SIGFPE: [libjvm.so+0x709540], sa_mask[0]=0x7ffbfeff, sa_flags=0x10000004
SIGPIPE: SIG_IGN, sa_mask[0]=0x00000000, sa_flags=0x00000000
SIGXFSZ: [libjvm.so+0x709540], sa_mask[0]=0x7ffbfeff, sa_flags=0x10000004
SIGILL: [libjvm.so+0x709540], sa_mask[0]=0x7ffbfeff, sa_flags=0x10000004
SIGUSR1: SIG_DFL, sa_mask[0]=0x00000000, sa_flags=0x00000000
SIGUSR2: [libjvm.so+0x709270], sa_mask[0]=0x00000004, sa_flags=0x10000004
SIGHUP: [libjvm.so+0x709550], sa_mask[0]=0x7ffbfeff, sa_flags=0x10000004
SIGINT: [libjvm.so+0x709550], sa_mask[0]=0x7ffbfeff, sa_flags=0x10000004
SIGTERM: [libjvm.so+0x709550], sa_mask[0]=0x7ffbfeff, sa_flags=0x10000004
SIGQUIT: [libjvm.so+0x709550], sa_mask[0]=0x7ffbfeff, sa_flags=0x10000004


---------------  S Y S T E M  ---------------

OS:Ubuntu 13.10 (saucy)
uname:Linux 3.11.0-15-generic #23-Ubuntu SMP Mon Dec 9 18:17:04 UTC 2013 x86_64
libc:glibc 2.17 NPTL 2.17 
rlimit: STACK 8192k, CORE 0k, NPROC 46883, NOFILE 4096, AS infinity
load average:3.51 3.30 3.00

/proc/meminfo:
MemTotal:        6021332 kB
MemFree:         1130124 kB
Buffers:           10444 kB
Cached:          1399012 kB
SwapCached:         1224 kB
Active:          3269904 kB
Inactive:        1337128 kB
Active(anon):    3045384 kB
Inactive(anon):  1043064 kB
Active(file):     224520 kB
Inactive(file):   294064 kB
Unevictable:          64 kB
Mlocked:              64 kB
SwapTotal:        975868 kB
SwapFree:         861720 kB
Dirty:                48 kB
Writeback:             0 kB
AnonPages:       3196844 kB
Mapped:           261500 kB
Shmem:            890496 kB
Slab:             146436 kB
SReclaimable:     105808 kB
SUnreclaim:        40628 kB
KernelStack:        5328 kB
PageTables:        54852 kB
NFS_Unstable:          0 kB
Bounce:                0 kB
WritebackTmp:          0 kB
CommitLimit:     3986532 kB
Committed_AS:    9107992 kB
VmallocTotal:   34359738367 kB
VmallocUsed:      354408 kB
VmallocChunk:   34359371388 kB
HardwareCorrupted:     0 kB
AnonHugePages:         0 kB
HugePages_Total:       0
HugePages_Free:        0
HugePages_Rsvd:        0
HugePages_Surp:        0
Hugepagesize:       2048 kB
DirectMap4k:       71296 kB
DirectMap2M:     6129664 kB


CPU:total 4 (2 cores per cpu, 2 threads per core) family 6 model 42 stepping 7, cmov, cx8, fxsr, mmx, sse, sse2, sse3, ssse3, sse4.1, sse4.2, popcnt, avx, ht, tsc, tscinvbit

/proc/cpuinfo:
processor	: 0
vendor_id	: GenuineIntel
cpu family	: 6
model		: 42
model name	: Intel(R) Core(TM) i5-2410M CPU @ 2.30GHz
stepping	: 7
microcode	: 0x15
cpu MHz		: 2300.000
cache size	: 3072 KB
physical id	: 0
siblings	: 4
core id		: 0
cpu cores	: 2
apicid		: 0
initial apicid	: 0
fpu		: yes
fpu_exception	: yes
cpuid level	: 13
wp		: yes
flags		: fpu vme de pse tsc msr pae mce cx8 apic sep mtrr pge mca cmov pat pse36 clflush dts acpi mmx fxsr sse sse2 ss ht tm pbe syscall nx rdtscp lm constant_tsc arch_perfmon pebs bts nopl xtopology nonstop_tsc aperfmperf eagerfpu pni pclmulqdq dtes64 monitor ds_cpl vmx est tm2 ssse3 cx16 xtpr pdcm pcid sse4_1 sse4_2 x2apic popcnt tsc_deadline_timer xsave avx lahf_lm ida arat epb xsaveopt pln pts dtherm tpr_shadow vnmi flexpriority ept vpid
bogomips	: 4589.84
clflush size	: 64
cache_alignment	: 64
address sizes	: 36 bits physical, 48 bits virtual
power management:

processor	: 1
vendor_id	: GenuineIntel
cpu family	: 6
model		: 42
model name	: Intel(R) Core(TM) i5-2410M CPU @ 2.30GHz
stepping	: 7
microcode	: 0x15
cpu MHz		: 800.000
cache size	: 3072 KB
physical id	: 0
siblings	: 4
core id		: 0
cpu cores	: 2
apicid		: 1
initial apicid	: 1
fpu		: yes
fpu_exception	: yes
cpuid level	: 13
wp		: yes
flags		: fpu vme de pse tsc msr pae mce cx8 apic sep mtrr pge mca cmov pat pse36 clflush dts acpi mmx fxsr sse sse2 ss ht tm pbe syscall nx rdtscp lm constant_tsc arch_perfmon pebs bts nopl xtopology nonstop_tsc aperfmperf eagerfpu pni pclmulqdq dtes64 monitor ds_cpl vmx est tm2 ssse3 cx16 xtpr pdcm pcid sse4_1 sse4_2 x2apic popcnt tsc_deadline_timer xsave avx lahf_lm ida arat epb xsaveopt pln pts dtherm tpr_shadow vnmi flexpriority ept vpid
bogomips	: 4589.84
clflush size	: 64
cache_alignment	: 64
address sizes	: 36 bits physical, 48 bits virtual
power management:

processor	: 2
vendor_id	: GenuineIntel
cpu family	: 6
model		: 42
model name	: Intel(R) Core(TM) i5-2410M CPU @ 2.30GHz
stepping	: 7
microcode	: 0x15
cpu MHz		: 800.000
cache size	: 3072 KB
physical id	: 0
siblings	: 4
core id		: 1
cpu cores	: 2
apicid		: 2
initial apicid	: 2
fpu		: yes
fpu_exception	: yes
cpuid level	: 13
wp		: yes
flags		: fpu vme de pse tsc msr pae mce cx8 apic sep mtrr pge mca cmov pat pse36 clflush dts acpi mmx fxsr sse sse2 ss ht tm pbe syscall nx rdtscp lm constant_tsc arch_perfmon pebs bts nopl xtopology nonstop_tsc aperfmperf eagerfpu pni pclmulqdq dtes64 monitor ds_cpl vmx est tm2 ssse3 cx16 xtpr pdcm pcid sse4_1 sse4_2 x2apic popcnt tsc_deadline_timer xsave avx lahf_lm ida arat epb xsaveopt pln pts dtherm tpr_shadow vnmi flexpriority ept vpid
bogomips	: 4589.84
clflush size	: 64
cache_alignment	: 64
address sizes	: 36 bits physical, 48 bits virtual
power management:

processor	: 3
vendor_id	: GenuineIntel
cpu family	: 6
model		: 42
model name	: Intel(R) Core(TM) i5-2410M CPU @ 2.30GHz
stepping	: 7
microcode	: 0x15
cpu MHz		: 2300.000
cache size	: 3072 KB
physical id	: 0
siblings	: 4
core id		: 1
cpu cores	: 2
apicid		: 3
initial apicid	: 3
fpu		: yes
fpu_exception	: yes
cpuid level	: 13
wp		: yes
flags		: fpu vme de pse tsc msr pae mce cx8 apic sep mtrr pge mca cmov pat pse36 clflush dts acpi mmx fxsr sse sse2 ss ht tm pbe syscall nx rdtscp lm constant_tsc arch_perfmon pebs bts nopl xtopology nonstop_tsc aperfmperf eagerfpu pni pclmulqdq dtes64 monitor ds_cpl vmx est tm2 ssse3 cx16 xtpr pdcm pcid sse4_1 sse4_2 x2apic popcnt tsc_deadline_timer xsave avx lahf_lm ida arat epb xsaveopt pln pts dtherm tpr_shadow vnmi flexpriority ept vpid
bogomips	: 4589.84
clflush size	: 64
cache_alignment	: 64
address sizes	: 36 bits physical, 48 bits virtual
power management:



Memory: 4k page, physical 6021332k(1130124k free), swap 975868k(861720k free)

vm_info: OpenJDK 64-Bit Server VM (23.7-b01) for linux-amd64 JRE (1.7.0_25-b30), built on Oct 11 2013 18:04:12 by "buildd" with gcc 4.8.1

time: Mon Jan 20 20:59:38 2014
elapsed time: 138 seconds

