#
# A fatal error has been detected by the Java Runtime Environment:
#
#  SIGSEGV (0xb) at pc=0x00007f5fea7022b7, pid=2473, tid=140049921570560
#
# JRE version: 7.0_25-b30
# Java VM: OpenJDK 64-Bit Server VM (23.7-b01 mixed mode linux-amd64 compressed oops)
# Problematic frame:
# C  [libSoar.so+0x1c92b7]  remove_existing_context_and_descendents(agent_struct*, symbol_union*)+0x14f
#
# Failed to write core dump. Core dumps have been disabled. To enable core dumping, try "ulimit -c unlimited" before starting Java again
#
# If you would like to submit a bug report, please include
# instructions on how to reproduce the bug and visit:
#   https://bugs.launchpad.net/ubuntu/+source/openjdk-7/
#

---------------  T H R E A D  ---------------

Current thread is native thread

siginfo:si_signo=SIGSEGV: si_errno=0, si_code=1 (SEGV_MAPERR), si_addr=0x0000000000000057

Registers:
RAX=0xffffffffffffffff, RBX=0x0000000000000000, RCX=0x00007f5fac007068, RDX=0x00007f5fac6645f0
RSP=0x00007f5fe9d35d40, RBP=0x00007f5fe9d35d70, RSI=0x000000000000001b, RDI=0x00007f5fac0090d0
R8 =0x0000000000000000, R9 =0x0000000000000200, R10=0x0000000000000021, R11=0x00007f5fac000078
R12=0x0000000000000000, R13=0x00007f6000090060, R14=0x00007f60000674e0, R15=0x0000000000001000
RIP=0x00007f5fea7022b7, EFLAGS=0x0000000000010286, CSGSFS=0x0000000000000033, ERR=0x0000000000000004
  TRAPNO=0x000000000000000e

Top of Stack: (sp=0x00007f5fe9d35d40)
0x00007f5fe9d35d40:   00007f5fad95f598 00007f5fac000dd0
0x00007f5fe9d35d50:   ffffffffffffffff 00007f5fac000dd0
0x00007f5fe9d35d60:   0000000000000000 0000000000000281
0x00007f5fe9d35d70:   00007f5fe9d35db0 00007f5fea7021a2
0x00007f5fe9d35d80:   00007f5fac664560 00007f5fac000dd0
0x00007f5fe9d35d90:   0000000000000000 00077f5fea773b23
0x00007f5fe9d35da0:   0000000000000000 40dc68ed0735e400
0x00007f5fe9d35db0:   00007f5fe9d35ef0 00007f5fea704c4e
0x00007f5fe9d35dc0:   00007f5fad95d4c8 00007f5fac000dd0
0x00007f5fe9d35dd0:   00007f5fe9d35df0 00007f5fea7863e5
0x00007f5fe9d35de0:   00007f5fe9d35e28 00007f5fac000dd0
0x00007f5fe9d35df0:   00007f5fe9d35e30 00007f5fea78cd76
0x00007f5fe9d35e00:   00007f5fac0232c8 00007f5fac007390
0x00007f5fe9d35e10:   00007f5fad8e9c78 00007f5fac000dd0
0x00007f5fe9d35e20:   0000000000000008 00007f5fac6a3820
0x00007f5fe9d35e30:   00007f5fe9d35e50 00007f5fea761f7c
0x00007f5fe9d35e40:   00007f5fad8e9c78 00007f5fac000dd0
0x00007f5fe9d35e50:   00007f5fe9d35ef0 00007f5fea6ff7ad
0x00007f5fe9d35e60:   00007f5fe9d35e80 00007f5fea7863e5
0x00007f5fe9d35e70:   00007f00e9d35e00 00007f5fe9d35f38
0x00007f5fe9d35e80:   00007f5fad8e9c78 00007f5fac000dd0
0x00007f5fe9d35e90:   00007f5fe9d35ec0 00007f5fad790ca8
0x00007f5fe9d35ea0:   00007f5f007bd428 00007f5fac000dd0
0x00007f5fe9d35eb0:   00007f5fac6645a0 00007f5fac6a32e0
0x00007f5fe9d35ec0:   00007f5fe9d35ef0 00007f5fea7692a2
0x00007f5fe9d35ed0:   00007f5fad95d590 00007f5fac000dd0
0x00007f5fe9d35ee0:   0000000000000000 40dc68ed0735e400
0x00007f5fe9d35ef0:   00007f5fe9d35f60 00007f5fea701bd4
0x00007f5fe9d35f00:   00007f5fad8e9c78 00007f5fac000dd0
0x00007f5fe9d35f10:   00007f5fad745fb0 00007f5fac000dd0
0x00007f5fe9d35f20:   01007f5fad746190 00007f5face82f08
0x00007f5fe9d35f30:   0000000000000000 0000000000000000 

Instructions: (pc=0x00007f5fea7022b7)
0x00007f5fea702297:   8b 45 d0 48 8b 80 a8 00 00 00 48 89 45 e0 eb 0c
0x00007f5fea7022a7:   48 8b 45 e0 48 8b 40 58 48 89 45 e0 48 8b 45 e0
0x00007f5fea7022b7:   48 8b 40 58 48 85 c0 75 e7 e9 ae 00 00 00 48 8b
0x00007f5fea7022c7:   45 e0 48 8b 40 60 48 89 45 f0 48 8b 45 e0 48 8b 

Register to memory mapping:

RAX=0xffffffffffffffff is an unknown value
RBX=0x0000000000000000 is an unknown value
RCX=0x00007f5fac007068 is an unknown value
RDX=0x00007f5fac6645f0 is an unknown value
RSP=0x00007f5fe9d35d40 is an unknown value
RBP=0x00007f5fe9d35d70 is an unknown value
RSI=0x000000000000001b is an unknown value
RDI=0x00007f5fac0090d0 is an unknown value
R8 =0x0000000000000000 is an unknown value
R9 =0x0000000000000200 is an unknown value
R10=0x0000000000000021 is an unknown value
R11=0x00007f5fac000078 is an unknown value
R12=0x0000000000000000 is an unknown value
R13=0x00007f6000090060: _rtld_global+0 in /lib64/ld-linux-x86-64.so.2 at 0x00007f5fffe6d000
R14=0x00007f60000674e0 is pointing into the stack for thread: 0x00007f5ff8009800
R15=0x0000000000001000 is an unknown value


Stack: [0x00007f5fe9537000,0x00007f5fe9d38000],  sp=0x00007f5fe9d35d40,  free space=8187k
Native frames: (J=compiled Java code, j=interpreted, Vv=VM code, C=native code)
C  [libSoar.so+0x1c92b7]  remove_existing_context_and_descendents(agent_struct*, symbol_union*)+0x14f
C  [libSoar.so+0x1c91a2]  remove_existing_context_and_descendents(agent_struct*, symbol_union*)+0x3a
C  [libSoar.so+0x1cbc4e]  gds_invalid_so_remove_goal(agent_struct*, wme_struct*)+0x29c
C  [libSoar.so+0x1c8bd4]  decide_non_context_slot(agent_struct*, slot_struct*)+0x18f
C  [libSoar.so+0x1c909b]  decide_non_context_slots(agent_struct*)+0x55
C  [libSoar.so+0x1cac95]  do_working_memory_phase(agent_struct*)+0x105
C  [libSoar.so+0x1e34ad]  do_one_top_level_phase(agent_struct*)+0x7ea
C  [libSoar.so+0x1e4437]  run_for_n_phases(agent_struct*, long)+0x83
C  [libSoar.so+0x36cc8c]  sml::AgentSML::Step(sml::smlRunStepSize)+0xf0
C  [libSoar.so+0x36cadd]  sml::AgentSML::StepInClientThread(sml::smlRunStepSize)+0x43
C  [libSoar.so+0x37d92a]  sml::RunScheduler::RunScheduledAgents(bool, sml::smlRunStepSize, unsigned long, sml::smlRunFlags, sml::smlRunStepSize, bool)+0x344
C  [libSoar.so+0x407a48]  cli::CommandLineInterface::DoRun(std::bitset<10ul> const&, int, cli::Cli::eRunInterleaveMode)+0x332
C  [libSoar.so+0x428ab0]  cli::RunCommand::Parse(std::vector<std::string, std::allocator<std::string> >&)+0x67a
C  [libSoar.so+0x418fe7]  cli::Parser::handle_command(std::vector<std::string, std::allocator<std::string> >&)+0x91
C  [libSoar.so+0x417d0e]  soar::tokenizer::parse_command()+0x1d0
C  [libSoar.so+0x417ab4]  soar::tokenizer::evaluate(char const*)+0x60
C  [libSoar.so+0x40af83]  cli::CommandLineInterface::Source(char const*, bool)+0x61
C  [libSoar.so+0x41528b]  cli::CommandLineInterface::DoCommand(sml::Connection*, sml::AgentSML*, char const*, bool, bool, soarxml::ElementXML*)+0x11d
C  [libSoar.so+0x377d01]  sml::KernelSML::HandleCommandLine(sml::AgentSML*, char const*, sml::Connection*, sml::AnalyzeXML*, soarxml::ElementXML*)+0x483
C  [libSoar.so+0x374157]  sml::KernelSML::ProcessCommand(char const*, sml::Connection*, sml::AnalyzeXML*, soarxml::ElementXML*)+0x325
C  [libSoar.so+0x374423]  sml::KernelSML::ProcessIncomingSML(sml::Connection*, soarxml::ElementXML*)+0x119
C  [libSoar.so+0x36ae62]  ReceivedCall(sml::Connection*, soarxml::ElementXML*, void*)+0x3b
C  [libSoar.so+0x3e1444]  sml::Callback::Invoke(soarxml::ElementXML*)+0x30
C  [libSoar.so+0x3db137]  sml::Connection::InvokeCallbacks(soarxml::ElementXML*)+0x105
C  [libSoar.so+0x3dd177]  sml::EmbeddedConnectionAsynch::ReceiveMessages(bool)+0x69
C  [libSoar.so+0x37139f]  sml::ConnectionManager::ReceiveAllMessages()+0x71
C  [libSoar.so+0x379c7c]  sml::ReceiverThread::Run()+0x2e
C  [libSoar.so+0x3e10e9]  ThreadStartFunction(void*)+0x2b
C  [libSoar.so+0x3e0fa1]  LinuxThreadFunc(void*)+0x28


---------------  P R O C E S S  ---------------

VM state:not at safepoint (normal execution)

VM Mutex/Monitor currently owned by a thread: None

Heap
 PSYoungGen      total 308416K, used 31700K [0x00000000e1560000, 0x00000000f4b00000, 0x0000000100000000)
  eden space 300544K, 9% used [0x00000000e1560000,0x00000000e3033f88,0x00000000f3ae0000)
  from space 7872K, 53% used [0x00000000f4350000,0x00000000f47710a0,0x00000000f4b00000)
  to   space 8256K, 0% used [0x00000000f3ae0000,0x00000000f3ae0000,0x00000000f42f0000)
 ParOldGen       total 62784K, used 10603K [0x00000000a4000000, 0x00000000a7d50000, 0x00000000e1560000)
  object space 62784K, 16% used [0x00000000a4000000,0x00000000a4a5acb8,0x00000000a7d50000)
 PSPermGen       total 21248K, used 19360K [0x0000000099a00000, 0x000000009aec0000, 0x00000000a4000000)
  object space 21248K, 91% used [0x0000000099a00000,0x000000009ace8188,0x000000009aec0000)

Card table byte_map: [0x00007f5ffc9ab000,0x00007f5ffccdf000] byte_map_base: 0x00007f5ffc4de000

Polling page: 0x00007f600008c000

Code Cache  [0x00007f5ff5000000, 0x00007f5ff5270000, 0x00007f5ff8000000)
 total_blobs=1046 nmethods=492 adapters=506 free_code_cache=47325Kb largest_free_block=48424192

Compilation events (10 events):
Event: 166.165 Thread 0x00007f5ff8111000  505             javax.swing.text.GlyphView::getStartOffset (33 bytes)
Event: 166.168 Thread 0x00007f5ff8111000 nmethod 505 0x00007f5ff51a32d0 code [0x00007f5ff51a3440, 0x00007f5ff51a35f8]
Event: 166.175 Thread 0x00007f5ff810e000  506             java.util.IdentityHashMap$IdentityHashMapIterator::hasNext (50 bytes)
Event: 166.180 Thread 0x00007f5ff810e000 nmethod 506 0x00007f5ff51a2f10 code [0x00007f5ff51a3060, 0x00007f5ff51a31f8]
Event: 166.678 Thread 0x00007f5ff8111000  507             java.util.Locale::getDefault (13 bytes)
Event: 166.679 Thread 0x00007f5ff8111000 nmethod 507 0x00007f5ff51a2cd0 code [0x00007f5ff51a2e00, 0x00007f5ff51a2e78]
Event: 166.886 Thread 0x00007f5ff810e000  508             javax.swing.text.CompositeView::getLeftInset (5 bytes)
Event: 166.887 Thread 0x00007f5ff810e000 nmethod 508 0x00007f5ff51a2ad0 code [0x00007f5ff51a2c00, 0x00007f5ff51a2c58]
Event: 168.934 Thread 0x00007f5ff8111000  509             javax.swing.text.View::getContainer (18 bytes)
Event: 168.935 Thread 0x00007f5ff8111000 nmethod 509 0x00007f5ff51c5290 code [0x00007f5ff51c53e0, 0x00007f5ff51c5478]

GC Heap History (10 events):
Event: 3.538 GC heap before
{Heap before GC invocations=6 (full 0):
 PSYoungGen      total 51008K, used 50992K [0x00000000e1560000, 0x00000000e8180000, 0x0000000100000000)
  eden space 47104K, 100% used [0x00000000e1560000,0x00000000e4360000,0x00000000e4360000)
  from space 3904K, 99% used [0x00000000e4360000,0x00000000e472c010,0x00000000e4730000)
  to   space 8256K, 0% used [0x00000000e7970000,0x00000000e7970000,0x00000000e8180000)
 ParOldGen       total 62784K, used 7067K [0x00000000a4000000, 0x00000000a7d50000, 0x00000000e1560000)
  object space 62784K, 11% used [0x00000000a4000000,0x00000000a46e6c68,0x00000000a7d50000)
 PSPermGen       total 21248K, used 3569K [0x0000000099a00000, 0x000000009aec0000, 0x00000000a4000000)
  object space 21248K, 16% used [0x0000000099a00000,0x0000000099d7c490,0x000000009aec0000)
Event: 3.568 GC heap after
Heap after GC invocations=6 (full 0):
 PSYoungGen      total 101568K, used 5360K [0x00000000e1560000, 0x00000000e80a0000, 0x0000000100000000)
  eden space 94208K, 0% used [0x00000000e1560000,0x00000000e1560000,0x00000000e7160000)
  from space 7360K, 72% used [0x00000000e7970000,0x00000000e7eac010,0x00000000e80a0000)
  to   space 7808K, 0% used [0x00000000e7160000,0x00000000e7160000,0x00000000e7900000)
 ParOldGen       total 62784K, used 7067K [0x00000000a4000000, 0x00000000a7d50000, 0x00000000e1560000)
  object space 62784K, 11% used [0x00000000a4000000,0x00000000a46e6c68,0x00000000a7d50000)
 PSPermGen       total 21248K, used 3569K [0x0000000099a00000, 0x000000009aec0000, 0x00000000a4000000)
  object space 21248K, 16% used [0x0000000099a00000,0x0000000099d7c490,0x000000009aec0000)
}
Event: 4.138 GC heap before
{Heap before GC invocations=7 (full 0):
 PSYoungGen      total 101568K, used 99568K [0x00000000e1560000, 0x00000000e80a0000, 0x0000000100000000)
  eden space 94208K, 100% used [0x00000000e1560000,0x00000000e7160000,0x00000000e7160000)
  from space 7360K, 72% used [0x00000000e7970000,0x00000000e7eac010,0x00000000e80a0000)
  to   space 7808K, 0% used [0x00000000e7160000,0x00000000e7160000,0x00000000e7900000)
 ParOldGen       total 62784K, used 7067K [0x00000000a4000000, 0x00000000a7d50000, 0x00000000e1560000)
  object space 62784K, 11% used [0x00000000a4000000,0x00000000a46e6c68,0x00000000a7d50000)
 PSPermGen       total 21248K, used 3569K [0x0000000099a00000, 0x000000009aec0000, 0x00000000a4000000)
  object space 21248K, 16% used [0x0000000099a00000,0x0000000099d7c490,0x000000009aec0000)
Event: 4.160 GC heap after
Heap after GC invocations=7 (full 0):
 PSYoungGen      total 102016K, used 1952K [0x00000000e1560000, 0x00000000edd60000, 0x0000000100000000)
  eden space 94208K, 0% used [0x00000000e1560000,0x00000000e1560000,0x00000000e7160000)
  from space 7808K, 25% used [0x00000000e7160000,0x00000000e7348000,0x00000000e7900000)
  to   space 8192K, 0% used [0x00000000ed560000,0x00000000ed560000,0x00000000edd60000)
 ParOldGen       total 62784K, used 10523K [0x00000000a4000000, 0x00000000a7d50000, 0x00000000e1560000)
  object space 62784K, 16% used [0x00000000a4000000,0x00000000a4a46cb8,0x00000000a7d50000)
 PSPermGen       total 21248K, used 3569K [0x0000000099a00000, 0x000000009aec0000, 0x00000000a4000000)
  object space 21248K, 16% used [0x0000000099a00000,0x0000000099d7c490,0x000000009aec0000)
}
Event: 4.689 GC heap before
{Heap before GC invocations=8 (full 0):
 PSYoungGen      total 102016K, used 96160K [0x00000000e1560000, 0x00000000edd60000, 0x0000000100000000)
  eden space 94208K, 100% used [0x00000000e1560000,0x00000000e7160000,0x00000000e7160000)
  from space 7808K, 25% used [0x00000000e7160000,0x00000000e7348000,0x00000000e7900000)
  to   space 8192K, 0% used [0x00000000ed560000,0x00000000ed560000,0x00000000edd60000)
 ParOldGen       total 62784K, used 10523K [0x00000000a4000000, 0x00000000a7d50000, 0x00000000e1560000)
  object space 62784K, 16% used [0x00000000a4000000,0x00000000a4a46cb8,0x00000000a7d50000)
 PSPermGen       total 21248K, used 3569K [0x0000000099a00000, 0x000000009aec0000, 0x00000000a4000000)
  object space 21248K, 16% used [0x0000000099a00000,0x0000000099d7c490,0x000000009aec0000)
Event: 4.693 GC heap after
Heap after GC invocations=8 (full 0):
 PSYoungGen      total 196032K, used 128K [0x00000000e1560000, 0x00000000ede80000, 0x0000000100000000)
  eden space 187840K, 0% used [0x00000000e1560000,0x00000000e1560000,0x00000000eccd0000)
  from space 8192K, 1% used [0x00000000ed560000,0x00000000ed580000,0x00000000edd60000)
  to   space 8768K, 0% used [0x00000000eccd0000,0x00000000eccd0000,0x00000000ed560000)
 ParOldGen       total 62784K, used 10555K [0x00000000a4000000, 0x00000000a7d50000, 0x00000000e1560000)
  object space 62784K, 16% used [0x00000000a4000000,0x00000000a4a4ecb8,0x00000000a7d50000)
 PSPermGen       total 21248K, used 3569K [0x0000000099a00000, 0x000000009aec0000, 0x00000000a4000000)
  object space 21248K, 16% used [0x0000000099a00000,0x0000000099d7c490,0x000000009aec0000)
}
Event: 9.756 GC heap before
{Heap before GC invocations=9 (full 0):
 PSYoungGen      total 196032K, used 187968K [0x00000000e1560000, 0x00000000ede80000, 0x0000000100000000)
  eden space 187840K, 100% used [0x00000000e1560000,0x00000000eccd0000,0x00000000eccd0000)
  from space 8192K, 1% used [0x00000000ed560000,0x00000000ed580000,0x00000000edd60000)
  to   space 8768K, 0% used [0x00000000eccd0000,0x00000000eccd0000,0x00000000ed560000)
 ParOldGen       total 62784K, used 10555K [0x00000000a4000000, 0x00000000a7d50000, 0x00000000e1560000)
  object space 62784K, 16% used [0x00000000a4000000,0x00000000a4a4ecb8,0x00000000a7d50000)
 PSPermGen       total 21248K, used 15325K [0x0000000099a00000, 0x000000009aec0000, 0x00000000a4000000)
  object space 21248K, 72% used [0x0000000099a00000,0x000000009a8f7410,0x000000009aec0000)
Event: 9.766 GC heap after
Heap after GC invocations=9 (full 0):
 PSYoungGen      total 196608K, used 2162K [0x00000000e1560000, 0x00000000f4bc0000, 0x0000000100000000)
  eden space 187840K, 0% used [0x00000000e1560000,0x00000000e1560000,0x00000000eccd0000)
  from space 8768K, 24% used [0x00000000eccd0000,0x00000000eceec880,0x00000000ed560000)
  to   space 8640K, 0% used [0x00000000f4350000,0x00000000f4350000,0x00000000f4bc0000)
 ParOldGen       total 62784K, used 10579K [0x00000000a4000000, 0x00000000a7d50000, 0x00000000e1560000)
  object space 62784K, 16% used [0x00000000a4000000,0x00000000a4a54cb8,0x00000000a7d50000)
 PSPermGen       total 21248K, used 15325K [0x0000000099a00000, 0x000000009aec0000, 0x00000000a4000000)
  object space 21248K, 72% used [0x0000000099a00000,0x000000009a8f7410,0x000000009aec0000)
}
Event: 159.740 GC heap before
{Heap before GC invocations=10 (full 0):
 PSYoungGen      total 196608K, used 190002K [0x00000000e1560000, 0x00000000f4bc0000, 0x0000000100000000)
  eden space 187840K, 100% used [0x00000000e1560000,0x00000000eccd0000,0x00000000eccd0000)
  from space 8768K, 24% used [0x00000000eccd0000,0x00000000eceec880,0x00000000ed560000)
  to   space 8640K, 0% used [0x00000000f4350000,0x00000000f4350000,0x00000000f4bc0000)
 ParOldGen       total 62784K, used 10579K [0x00000000a4000000, 0x00000000a7d50000, 0x00000000e1560000)
  object space 62784K, 16% used [0x00000000a4000000,0x00000000a4a54cb8,0x00000000a7d50000)
 PSPermGen       total 21248K, used 19347K [0x0000000099a00000, 0x000000009aec0000, 0x00000000a4000000)
  object space 21248K, 91% used [0x0000000099a00000,0x000000009ace4c58,0x000000009aec0000)
Event: 159.759 GC heap after
Heap after GC invocations=10 (full 0):
 PSYoungGen      total 308416K, used 4228K [0x00000000e1560000, 0x00000000f4b00000, 0x0000000100000000)
  eden space 300544K, 0% used [0x00000000e1560000,0x00000000e1560000,0x00000000f3ae0000)
  from space 7872K, 53% used [0x00000000f4350000,0x00000000f47710a0,0x00000000f4b00000)
  to   space 8256K, 0% used [0x00000000f3ae0000,0x00000000f3ae0000,0x00000000f42f0000)
 ParOldGen       total 62784K, used 10603K [0x00000000a4000000, 0x00000000a7d50000, 0x00000000e1560000)
  object space 62784K, 16% used [0x00000000a4000000,0x00000000a4a5acb8,0x00000000a7d50000)
 PSPermGen       total 21248K, used 19347K [0x0000000099a00000, 0x000000009aec0000, 0x00000000a4000000)
  object space 21248K, 91% used [0x0000000099a00000,0x000000009ace4c58,0x000000009aec0000)
}

Deoptimization events (10 events):
Event: 83.665 Thread 0x00007f5f90046000 Uncommon trap -58 fr.pc 0x00007f5ff513ba68
Event: 83.665 Thread 0x00007f5f90046000 Uncommon trap -58 fr.pc 0x00007f5ff512b61c
Event: 83.677 Thread 0x00007f5f90046000 Uncommon trap -58 fr.pc 0x00007f5ff512b61c
Event: 83.677 Thread 0x00007f5f90046000 Uncommon trap -58 fr.pc 0x00007f5ff513ba68
Event: 83.677 Thread 0x00007f5f90046000 Uncommon trap -58 fr.pc 0x00007f5ff512b61c
Event: 83.677 Thread 0x00007f5f90046000 Uncommon trap -58 fr.pc 0x00007f5ff513ba68
Event: 83.680 Thread 0x00007f5f90046000 Uncommon trap -58 fr.pc 0x00007f5ff513ba68
Event: 152.215 Thread 0x00007f5f90046000 Uncommon trap -83 fr.pc 0x00007f5ff51a3fec
Event: 152.216 Thread 0x00007f5f90046000 Uncommon trap -83 fr.pc 0x00007f5ff5185e00
Event: 152.346 Thread 0x00007f5f90046000 Uncommon trap -83 fr.pc 0x00007f5ff5185a3c

Internal exceptions (10 events):
Event: 83.672 Thread 0x00007f5f90046000 Threw 0x00000000e97a0830 at /build/buildd/openjdk-7-7u25-2.3.12/build/openjdk/hotspot/src/share/vm/prims/jvm.cpp:1235
Event: 83.673 Thread 0x00007f5f90046000 Threw 0x00000000e97a39a8 at /build/buildd/openjdk-7-7u25-2.3.12/build/openjdk/hotspot/src/share/vm/prims/jvm.cpp:1235
Event: 83.674 Thread 0x00007f5f90046000 Threw 0x00000000e97a7160 at /build/buildd/openjdk-7-7u25-2.3.12/build/openjdk/hotspot/src/share/vm/prims/jvm.cpp:1235
Event: 83.674 Thread 0x00007f5f90046000 Threw 0x00000000e97aa390 at /build/buildd/openjdk-7-7u25-2.3.12/build/openjdk/hotspot/src/share/vm/prims/jvm.cpp:1235
Event: 83.675 Thread 0x00007f5f90046000 Threw 0x00000000e97ad440 at /build/buildd/openjdk-7-7u25-2.3.12/build/openjdk/hotspot/src/share/vm/prims/jvm.cpp:1235
Event: 83.675 Thread 0x00007f5f90046000 Threw 0x00000000e97b0d10 at /build/buildd/openjdk-7-7u25-2.3.12/build/openjdk/hotspot/src/share/vm/prims/jvm.cpp:1235
Event: 91.952 Thread 0x00007f5f90046000 Threw 0x00000000ea9c74c0 at /build/buildd/openjdk-7-7u25-2.3.12/build/openjdk/hotspot/src/share/vm/prims/jvm.cpp:1235
Event: 152.215 Thread 0x00007f5f90046000 Implicit null exception at 0x00007f5ff51a3f47 to 0x00007f5ff51a3fd9
Event: 152.216 Thread 0x00007f5f90046000 Implicit null exception at 0x00007f5ff5185d50 to 0x00007f5ff5185de5
Event: 152.346 Thread 0x00007f5f90046000 Implicit null exception at 0x00007f5ff51859a0 to 0x00007f5ff5185a21

Events (10 events):
Event: 159.769 Executing VM operation: RevokeBias
Event: 159.769 Executing VM operation: RevokeBias done
Event: 159.769 Executing VM operation: RevokeBias
Event: 159.770 Executing VM operation: RevokeBias done
Event: 159.770 Executing VM operation: RevokeBias
Event: 159.770 Executing VM operation: RevokeBias done
Event: 159.770 Executing VM operation: BulkRevokeBias
Event: 159.770 Executing VM operation: BulkRevokeBias done
Event: 159.770 Executing VM operation: RevokeBias
Event: 159.770 Executing VM operation: RevokeBias done


Dynamic libraries:
00400000-00401000 r-xp 00000000 08:07 8130224                            /usr/lib/jvm/java-7-openjdk-amd64/jre/bin/java
00600000-00601000 r--p 00000000 08:07 8130224                            /usr/lib/jvm/java-7-openjdk-amd64/jre/bin/java
00601000-00602000 rw-p 00001000 08:07 8130224                            /usr/lib/jvm/java-7-openjdk-amd64/jre/bin/java
006d2000-006f3000 rw-p 00000000 00:00 0                                  [heap]
99a00000-9aec0000 rw-p 00000000 00:00 0 
9aec0000-a4000000 rw-p 00000000 00:00 0 
a4000000-a7d50000 rw-p 00000000 00:00 0 
a7d50000-e1560000 rw-p 00000000 00:00 0 
e1560000-f4b00000 rw-p 00000000 00:00 0 
f4b00000-f4bc0000 ---p 00000000 00:00 0 
f4bc0000-100000000 rw-p 00000000 00:00 0 
7f5f80000000-7f5f80021000 rw-p 00000000 00:00 0 
7f5f80021000-7f5f84000000 ---p 00000000 00:00 0 
7f5f88000000-7f5f88021000 rw-p 00000000 00:00 0 
7f5f88021000-7f5f8c000000 ---p 00000000 00:00 0 
7f5f8c000000-7f5f8c021000 rw-p 00000000 00:00 0 
7f5f8c021000-7f5f90000000 ---p 00000000 00:00 0 
7f5f90000000-7f5f900d9000 rw-p 00000000 00:00 0 
7f5f900d9000-7f5f94000000 ---p 00000000 00:00 0 
7f5f94000000-7f5f941ad000 rw-p 00000000 00:00 0 
7f5f941ad000-7f5f98000000 ---p 00000000 00:00 0 
7f5f98000000-7f5f98023000 rw-p 00000000 00:00 0 
7f5f98023000-7f5f9c000000 ---p 00000000 00:00 0 
7f5f9c000000-7f5f9c021000 rw-p 00000000 00:00 0 
7f5f9c021000-7f5fa0000000 ---p 00000000 00:00 0 
7f5fa0000000-7f5fa0021000 rw-p 00000000 00:00 0 
7f5fa0021000-7f5fa4000000 ---p 00000000 00:00 0 
7f5fa52ef000-7f5fa57e1000 rw-p 00000000 00:00 0 
7f5fa57e1000-7f5fa592a000 rw-s 00000000 00:04 313065498                  /SYSV00000000 (deleted)
7f5fa592a000-7f5fa592d000 ---p 00000000 00:00 0 
7f5fa592d000-7f5fa5a2b000 rw-p 00000000 00:00 0                          [stack:2530]
7f5fa5a2b000-7f5fa5a2e000 ---p 00000000 00:00 0 
7f5fa5a2e000-7f5fa5b2c000 rw-p 00000000 00:00 0 
7f5fa5b2c000-7f5fa5b2f000 ---p 00000000 00:00 0 
7f5fa5b2f000-7f5fa5c2d000 rw-p 00000000 00:00 0 
7f5fa5c2d000-7f5fa5c30000 ---p 00000000 00:00 0 
7f5fa5c30000-7f5fa5d2e000 rw-p 00000000 00:00 0                          [stack:2535]
7f5fa5d2e000-7f5fa5d3e000 r-xp 00000000 08:07 8130194                    /usr/lib/jvm/java-7-openjdk-amd64/jre/lib/amd64/libnio.so
7f5fa5d3e000-7f5fa5f3d000 ---p 00010000 08:07 8130194                    /usr/lib/jvm/java-7-openjdk-amd64/jre/lib/amd64/libnio.so
7f5fa5f3d000-7f5fa5f3e000 r--p 0000f000 08:07 8130194                    /usr/lib/jvm/java-7-openjdk-amd64/jre/lib/amd64/libnio.so
7f5fa5f3e000-7f5fa5f3f000 rw-p 00010000 08:07 8130194                    /usr/lib/jvm/java-7-openjdk-amd64/jre/lib/amd64/libnio.so
7f5fa5f3f000-7f5fa5f8b000 r-xp 00000000 08:07 8130205                    /usr/lib/jvm/java-7-openjdk-amd64/jre/lib/amd64/libfontmanager.so
7f5fa5f8b000-7f5fa618a000 ---p 0004c000 08:07 8130205                    /usr/lib/jvm/java-7-openjdk-amd64/jre/lib/amd64/libfontmanager.so
7f5fa618a000-7f5fa618d000 r--p 0004b000 08:07 8130205                    /usr/lib/jvm/java-7-openjdk-amd64/jre/lib/amd64/libfontmanager.so
7f5fa618d000-7f5fa618e000 rw-p 0004e000 08:07 8130205                    /usr/lib/jvm/java-7-openjdk-amd64/jre/lib/amd64/libfontmanager.so
7f5fa618e000-7f5fa6191000 ---p 00000000 00:00 0 
7f5fa6191000-7f5fa628f000 rw-p 00000000 00:00 0                          [stack:2524]
7f5fa628f000-7f5fa6292000 ---p 00000000 00:00 0 
7f5fa6292000-7f5fa6390000 rw-p 00000000 00:00 0                          [stack:2523]
7f5fa6390000-7f5fa6393000 ---p 00000000 00:00 0 
7f5fa6393000-7f5fa6491000 rw-p 00000000 00:00 0                          [stack:2522]
7f5fa6491000-7f5fa6494000 ---p 00000000 00:00 0 
7f5fa6494000-7f5fa6592000 rw-p 00000000 00:00 0                          [stack:2521]
7f5fa6592000-7f5fa6596000 r-xp 00000000 08:07 5242929                    /lib/x86_64-linux-gnu/libgpg-error.so.0.10.0
7f5fa6596000-7f5fa6795000 ---p 00004000 08:07 5242929                    /lib/x86_64-linux-gnu/libgpg-error.so.0.10.0
7f5fa6795000-7f5fa6796000 r--p 00003000 08:07 5242929                    /lib/x86_64-linux-gnu/libgpg-error.so.0.10.0
7f5fa6796000-7f5fa6797000 rw-p 00004000 08:07 5242929                    /lib/x86_64-linux-gnu/libgpg-error.so.0.10.0
7f5fa6797000-7f5fa6799000 r-xp 00000000 08:07 5242940                    /lib/x86_64-linux-gnu/libkeyutils.so.1.4
7f5fa6799000-7f5fa6999000 ---p 00002000 08:07 5242940                    /lib/x86_64-linux-gnu/libkeyutils.so.1.4
7f5fa6999000-7f5fa699a000 r--p 00002000 08:07 5242940                    /lib/x86_64-linux-gnu/libkeyutils.so.1.4
7f5fa699a000-7f5fa699b000 rw-p 00003000 08:07 5242940                    /lib/x86_64-linux-gnu/libkeyutils.so.1.4
7f5fa699b000-7f5fa69b3000 r-xp 00000000 08:07 7864518                    /usr/lib/x86_64-linux-gnu/libgraphite2.so.3.0.1
7f5fa69b3000-7f5fa6bb2000 ---p 00018000 08:07 7864518                    /usr/lib/x86_64-linux-gnu/libgraphite2.so.3.0.1
7f5fa6bb2000-7f5fa6bb4000 r--p 00017000 08:07 7864518                    /usr/lib/x86_64-linux-gnu/libgraphite2.so.3.0.1
7f5fa6bb4000-7f5fa6bb5000 rw-p 00019000 08:07 7864518                    /usr/lib/x86_64-linux-gnu/libgraphite2.so.3.0.1
7f5fa6bb5000-7f5fa6bb9000 r-xp 00000000 08:07 7870208                    /usr/lib/x86_64-linux-gnu/libXxf86vm.so.1.0.0
7f5fa6bb9000-7f5fa6db9000 ---p 00004000 08:07 7870208                    /usr/lib/x86_64-linux-gnu/libXxf86vm.so.1.0.0
7f5fa6db9000-7f5fa6dba000 r--p 00004000 08:07 7870208                    /usr/lib/x86_64-linux-gnu/libXxf86vm.so.1.0.0
7f5fa6dba000-7f5fa6dbb000 rw-p 00005000 08:07 7870208                    /usr/lib/x86_64-linux-gnu/libXxf86vm.so.1.0.0
7f5fa6dbb000-7f5fa6dd0000 r-xp 00000000 08:07 7866526                    /usr/lib/x86_64-linux-gnu/libxcb-glx.so.0.0.0
7f5fa6dd0000-7f5fa6fcf000 ---p 00015000 08:07 7866526                    /usr/lib/x86_64-linux-gnu/libxcb-glx.so.0.0.0
7f5fa6fcf000-7f5fa6fd1000 r--p 00014000 08:07 7866526                    /usr/lib/x86_64-linux-gnu/libxcb-glx.so.0.0.0
7f5fa6fd1000-7f5fa6fd2000 rw-p 00016000 08:07 7866526                    /usr/lib/x86_64-linux-gnu/libxcb-glx.so.0.0.0
7f5fa6fd2000-7f5fa6ff4000 r-xp 00000000 08:07 7868682                    /usr/lib/x86_64-linux-gnu/libglapi.so.0.0.0
7f5fa6ff4000-7f5fa71f4000 ---p 00022000 08:07 7868682                    /usr/lib/x86_64-linux-gnu/libglapi.so.0.0.0
7f5fa71f4000-7f5fa71f7000 r--p 00022000 08:07 7868682                    /usr/lib/x86_64-linux-gnu/libglapi.so.0.0.0
7f5fa71f7000-7f5fa71f8000 rw-p 00025000 08:07 7868682                    /usr/lib/x86_64-linux-gnu/libglapi.so.0.0.0
7f5fa71f8000-7f5fa71f9000 rw-p 00000000 00:00 0 
7f5fa71f9000-7f5fa7204000 r-xp 00000000 08:07 7864548                    /usr/lib/x86_64-linux-gnu/libdrm.so.2.4.0
7f5fa7204000-7f5fa7403000 ---p 0000b000 08:07 7864548                    /usr/lib/x86_64-linux-gnu/libdrm.so.2.4.0
7f5fa7403000-7f5fa7404000 r--p 0000a000 08:07 7864548                    /usr/lib/x86_64-linux-gnu/libdrm.so.2.4.0
7f5fa7404000-7f5fa7405000 rw-p 0000b000 08:07 7864548                    /usr/lib/x86_64-linux-gnu/libdrm.so.2.4.0
7f5fa7405000-7f5fa7415000 r-xp 00000000 08:07 5242950                    /lib/x86_64-linux-gnu/libudev.so.1.3.5
7f5fa7415000-7f5fa7614000 ---p 00010000 08:07 5242950                    /lib/x86_64-linux-gnu/libudev.so.1.3.5
7f5fa7614000-7f5fa7615000 r--p 0000f000 08:07 5242950                    /lib/x86_64-linux-gnu/libudev.so.1.3.5
7f5fa7615000-7f5fa7616000 rw-p 00010000 08:07 5242950                    /lib/x86_64-linux-gnu/libudev.so.1.3.5
7f5fa7616000-7f5fa761c000 r-xp 00000000 08:07 7866501                    /usr/lib/x86_64-linux-gnu/libgbm.so.1.0.0
7f5fa761c000-7f5fa781c000 ---p 00006000 08:07 7866501                    /usr/lib/x86_64-linux-gnu/libgbm.so.1.0.0
7f5fa781c000-7f5fa781d000 r--p 00006000 08:07 7866501                    /usr/lib/x86_64-linux-gnu/libgbm.so.1.0.0
7f5fa781d000-7f5fa781e000 rw-p 00007000 08:07 7866501                    /usr/lib/x86_64-linux-gnu/libgbm.so.1.0.0
7f5fa781e000-7f5fa782c000 r-xp 00000000 08:07 7868902                    /usr/lib/x86_64-linux-gnu/libwayland-server.so.0.1.0
7f5fa782c000-7f5fa7a2b000 ---p 0000e000 08:07 7868902                    /usr/lib/x86_64-linux-gnu/libwayland-server.so.0.1.0
7f5fa7a2b000-7f5fa7a2d000 r--p 0000d000 08:07 7868902                    /usr/lib/x86_64-linux-gnu/libwayland-server.so.0.1.0
7f5fa7a2d000-7f5fa7a2e000 rw-p 0000f000 08:07 7868902                    /usr/lib/x86_64-linux-gnu/libwayland-server.so.0.1.0
7f5fa7a2e000-7f5fa7a39000 r-xp 00000000 08:07 7864504                    /usr/lib/x86_64-linux-gnu/libwayland-client.so.0.1.0
7f5fa7a39000-7f5fa7c38000 ---p 0000b000 08:07 7864504                    /usr/lib/x86_64-linux-gnu/libwayland-client.so.0.1.0
7f5fa7c38000-7f5fa7c3a000 r--p 0000a000 08:07 7864504                    /usr/lib/x86_64-linux-gnu/libwayland-client.so.0.1.0
7f5fa7c3a000-7f5fa7c3b000 rw-p 0000c000 08:07 7864504                    /usr/lib/x86_64-linux-gnu/libwayland-client.so.0.1.0
7f5fa7c3b000-7f5fa7c40000 r-xp 00000000 08:07 7866542                    /usr/lib/x86_64-linux-gnu/libxcb-xfixes.so.0.0.0
7f5fa7c40000-7f5fa7e40000 ---p 00005000 08:07 7866542                    /usr/lib/x86_64-linux-gnu/libxcb-xfixes.so.0.0.0
7f5fa7e40000-7f5fa7e41000 r--p 00005000 08:07 7866542                    /usr/lib/x86_64-linux-gnu/libxcb-xfixes.so.0.0.0
7f5fa7e41000-7f5fa7e42000 rw-p 00006000 08:07 7866542                    /usr/lib/x86_64-linux-gnu/libxcb-xfixes.so.0.0.0
7f5fa7e42000-7f5fa7e45000 r-xp 00000000 08:07 7869896                    /usr/lib/x86_64-linux-gnu/libxcb-dri2.so.0.0.0
7f5fa7e45000-7f5fa8045000 ---p 00003000 08:07 7869896                    /usr/lib/x86_64-linux-gnu/libxcb-dri2.so.0.0.0
7f5fa8045000-7f5fa8046000 r--p 00003000 08:07 7869896                    /usr/lib/x86_64-linux-gnu/libxcb-dri2.so.0.0.0
7f5fa8046000-7f5fa8047000 rw-p 00004000 08:07 7869896                    /usr/lib/x86_64-linux-gnu/libxcb-dri2.so.0.0.0
7f5fa8047000-7f5fa8048000 r-xp 00000000 08:07 7869904                    /usr/lib/x86_64-linux-gnu/libX11-xcb.so.1.0.0
7f5fa8048000-7f5fa8247000 ---p 00001000 08:07 7869904                    /usr/lib/x86_64-linux-gnu/libX11-xcb.so.1.0.0
7f5fa8247000-7f5fa8248000 r--p 00000000 08:07 7869904                    /usr/lib/x86_64-linux-gnu/libX11-xcb.so.1.0.0
7f5fa8248000-7f5fa8249000 rw-p 00001000 08:07 7869904                    /usr/lib/x86_64-linux-gnu/libX11-xcb.so.1.0.0
7f5fa8249000-7f5fa828d000 r-xp 00000000 08:07 5242924                    /lib/x86_64-linux-gnu/libdbus-1.so.3.7.4
7f5fa828d000-7f5fa848c000 ---p 00044000 08:07 5242924                    /lib/x86_64-linux-gnu/libdbus-1.so.3.7.4
7f5fa848c000-7f5fa848d000 r--p 00043000 08:07 5242924                    /lib/x86_64-linux-gnu/libdbus-1.so.3.7.4
7f5fa848d000-7f5fa848e000 rw-p 00044000 08:07 5242924                    /lib/x86_64-linux-gnu/libdbus-1.so.3.7.4
7f5fa848e000-7f5fa84ac000 r-xp 00000000 08:07 7870895                    /usr/lib/x86_64-linux-gnu/libp11-kit.so.0.0.0
7f5fa84ac000-7f5fa86ab000 ---p 0001e000 08:07 7870895                    /usr/lib/x86_64-linux-gnu/libp11-kit.so.0.0.0
7f5fa86ab000-7f5fa86ad000 r--p 0001d000 08:07 7870895                    /usr/lib/x86_64-linux-gnu/libp11-kit.so.0.0.0
7f5fa86ad000-7f5fa86ae000 rw-p 0001f000 08:07 7870895                    /usr/lib/x86_64-linux-gnu/libp11-kit.so.0.0.0
7f5fa86ae000-7f5fa86be000 r-xp 00000000 08:07 7870891                    /usr/lib/x86_64-linux-gnu/libtasn1.so.3.2.0
7f5fa86be000-7f5fa88bd000 ---p 00010000 08:07 7870891                    /usr/lib/x86_64-linux-gnu/libtasn1.so.3.2.0
7f5fa88bd000-7f5fa88be000 r--p 0000f000 08:07 7870891                    /usr/lib/x86_64-linux-gnu/libtasn1.so.3.2.0
7f5fa88be000-7f5fa88bf000 rw-p 00010000 08:07 7870891                    /usr/lib/x86_64-linux-gnu/libtasn1.so.3.2.0
7f5fa88bf000-7f5fa8939000 r-xp 00000000 08:07 5242933                    /lib/x86_64-linux-gnu/libgcrypt.so.11.7.0
7f5fa8939000-7f5fa8b39000 ---p 0007a000 08:07 5242933                    /lib/x86_64-linux-gnu/libgcrypt.so.11.7.0
7f5fa8b39000-7f5fa8b3a000 r--p 0007a000 08:07 5242933                    /lib/x86_64-linux-gnu/libgcrypt.so.11.7.0
7f5fa8b3a000-7f5fa8b3d000 rw-p 0007b000 08:07 5242933                    /lib/x86_64-linux-gnu/libgcrypt.so.11.7.0
7f5fa8b3d000-7f5fa8b44000 r-xp 00000000 08:07 7866378                    /usr/lib/x86_64-linux-gnu/libkrb5support.so.0.1
7f5fa8b44000-7f5fa8d43000 ---p 00007000 08:07 7866378                    /usr/lib/x86_64-linux-gnu/libkrb5support.so.0.1
7f5fa8d43000-7f5fa8d44000 r--p 00006000 08:07 7866378                    /usr/lib/x86_64-linux-gnu/libkrb5support.so.0.1
7f5fa8d44000-7f5fa8d45000 rw-p 00007000 08:07 7866378                    /usr/lib/x86_64-linux-gnu/libkrb5support.so.0.1
7f5fa8d45000-7f5fa8d48000 r-xp 00000000 08:07 5242904                    /lib/x86_64-linux-gnu/libcom_err.so.2.1
7f5fa8d48000-7f5fa8f47000 ---p 00003000 08:07 5242904                    /lib/x86_64-linux-gnu/libcom_err.so.2.1
7f5fa8f47000-7f5fa8f48000 r--p 00002000 08:07 5242904                    /lib/x86_64-linux-gnu/libcom_err.so.2.1
7f5fa8f48000-7f5fa8f49000 rw-p 00003000 08:07 5242904                    /lib/x86_64-linux-gnu/libcom_err.so.2.1
7f5fa8f49000-7f5fa8f6f000 r-xp 00000000 08:07 7870911                    /usr/lib/x86_64-linux-gnu/libk5crypto.so.3.1
7f5fa8f6f000-7f5fa916e000 ---p 00026000 08:07 7870911                    /usr/lib/x86_64-linux-gnu/libk5crypto.so.3.1
7f5fa916e000-7f5fa916f000 r--p 00025000 08:07 7870911                    /usr/lib/x86_64-linux-gnu/libk5crypto.so.3.1
7f5fa916f000-7f5fa9170000 rw-p 00026000 08:07 7870911                    /usr/lib/x86_64-linux-gnu/libk5crypto.so.3.1
7f5fa9170000-7f5fa9171000 rw-p 00000000 00:00 0 
7f5fa9171000-7f5fa9236000 r-xp 00000000 08:07 7870927                    /usr/lib/x86_64-linux-gnu/libkrb5.so.3.3
7f5fa9236000-7f5fa9435000 ---p 000c5000 08:07 7870927                    /usr/lib/x86_64-linux-gnu/libkrb5.so.3.3
7f5fa9435000-7f5fa943f000 r--p 000c4000 08:07 7870927                    /usr/lib/x86_64-linux-gnu/libkrb5.so.3.3
7f5fa943f000-7f5fa9440000 rw-p 000ce000 08:07 7870927                    /usr/lib/x86_64-linux-gnu/libkrb5.so.3.3
7f5fa9440000-7f5fa9446000 r-xp 00000000 08:07 7864996                    /usr/lib/x86_64-linux-gnu/libdatrie.so.1.2.0
7f5fa9446000-7f5fa9645000 ---p 00006000 08:07 7864996                    /usr/lib/x86_64-linux-gnu/libdatrie.so.1.2.0
7f5fa9645000-7f5fa9646000 r--p 00005000 08:07 7864996                    /usr/lib/x86_64-linux-gnu/libdatrie.so.1.2.0
7f5fa9646000-7f5fa9647000 rw-p 00006000 08:07 7864996                    /usr/lib/x86_64-linux-gnu/libdatrie.so.1.2.0
7f5fa9647000-7f5fa9697000 r-xp 00000000 08:07 7872140                    /usr/lib/x86_64-linux-gnu/libharfbuzz.so.0.919.0
7f5fa9697000-7f5fa9897000 ---p 00050000 08:07 7872140                    /usr/lib/x86_64-linux-gnu/libharfbuzz.so.0.919.0
7f5fa9897000-7f5fa9898000 r--p 00050000 08:07 7872140                    /usr/lib/x86_64-linux-gnu/libharfbuzz.so.0.919.0
7f5fa9898000-7f5fa9899000 rw-p 00051000 08:07 7872140                    /usr/lib/x86_64-linux-gnu/libharfbuzz.so.0.919.0
7f5fa9899000-7f5fa98f5000 r-xp 00000000 08:07 8258487                    /usr/lib/x86_64-linux-gnu/mesa/libGL.so.1.2.0
7f5fa98f5000-7f5fa9af5000 ---p 0005c000 08:07 8258487                    /usr/lib/x86_64-linux-gnu/mesa/libGL.so.1.2.0
7f5fa9af5000-7f5fa9af7000 r--p 0005c000 08:07 8258487                    /usr/lib/x86_64-linux-gnu/mesa/libGL.so.1.2.0
7f5fa9af7000-7f5fa9af8000 rw-p 0005e000 08:07 8258487                    /usr/lib/x86_64-linux-gnu/mesa/libGL.so.1.2.0
7f5fa9af8000-7f5fa9af9000 rw-p 00000000 00:00 0 
7f5fa9af9000-7f5fa9b01000 r-xp 00000000 08:07 7870007                    /usr/lib/x86_64-linux-gnu/libxcb-render.so.0.0.0
7f5fa9b01000-7f5fa9d00000 ---p 00008000 08:07 7870007                    /usr/lib/x86_64-linux-gnu/libxcb-render.so.0.0.0
7f5fa9d00000-7f5fa9d01000 r--p 00007000 08:07 7870007                    /usr/lib/x86_64-linux-gnu/libxcb-render.so.0.0.0
7f5fa9d01000-7f5fa9d02000 rw-p 00008000 08:07 7870007                    /usr/lib/x86_64-linux-gnu/libxcb-render.so.0.0.0
7f5fa9d02000-7f5fa9d04000 r-xp 00000000 08:07 7870014                    /usr/lib/x86_64-linux-gnu/libxcb-shm.so.0.0.0
7f5fa9d04000-7f5fa9f03000 ---p 00002000 08:07 7870014                    /usr/lib/x86_64-linux-gnu/libxcb-shm.so.0.0.0
7f5fa9f03000-7f5fa9f04000 r--p 00001000 08:07 7870014                    /usr/lib/x86_64-linux-gnu/libxcb-shm.so.0.0.0
7f5fa9f04000-7f5fa9f05000 rw-p 00002000 08:07 7870014                    /usr/lib/x86_64-linux-gnu/libxcb-shm.so.0.0.0
7f5fa9f05000-7f5fa9f2a000 r-xp 00000000 08:07 5242946                    /lib/x86_64-linux-gnu/libpng12.so.0.49.0
7f5fa9f2a000-7f5faa129000 ---p 00025000 08:07 5242946                    /lib/x86_64-linux-gnu/libpng12.so.0.49.0
7f5faa129000-7f5faa12a000 r--p 00024000 08:07 5242946                    /lib/x86_64-linux-gnu/libpng12.so.0.49.0
7f5faa12a000-7f5faa12b000 rw-p 00025000 08:07 5242946                    /lib/x86_64-linux-gnu/libpng12.so.0.49.0
7f5faa12b000-7f5faa14d000 r-xp 00000000 08:07 8258538                    /usr/lib/x86_64-linux-gnu/mesa-egl/libEGL.so.1.0.0
7f5faa14d000-7f5faa34d000 ---p 00022000 08:07 8258538                    /usr/lib/x86_64-linux-gnu/mesa-egl/libEGL.so.1.0.0
7f5faa34d000-7f5faa34e000 r--p 00022000 08:07 8258538                    /usr/lib/x86_64-linux-gnu/mesa-egl/libEGL.so.1.0.0
7f5faa34e000-7f5faa34f000 rw-p 00023000 08:07 8258538                    /usr/lib/x86_64-linux-gnu/mesa-egl/libEGL.so.1.0.0
7f5faa34f000-7f5faa3f0000 r-xp 00000000 08:07 7864906                    /usr/lib/x86_64-linux-gnu/libpixman-1.so.0.30.2
7f5faa3f0000-7f5faa5f0000 ---p 000a1000 08:07 7864906                    /usr/lib/x86_64-linux-gnu/libpixman-1.so.0.30.2
7f5faa5f0000-7f5faa5f7000 r--p 000a1000 08:07 7864906                    /usr/lib/x86_64-linux-gnu/libpixman-1.so.0.30.2
7f5faa5f7000-7f5faa5f8000 rw-p 000a8000 08:07 7864906                    /usr/lib/x86_64-linux-gnu/libpixman-1.so.0.30.2
7f5faa5f8000-7f5faa5fd000 r-xp 00000000 08:07 7871525                    /usr/lib/x86_64-linux-gnu/libXdmcp.so.6.0.0
7f5faa5fd000-7f5faa7fc000 ---p 00005000 08:07 7871525                    /usr/lib/x86_64-linux-gnu/libXdmcp.so.6.0.0
7f5faa7fc000-7f5faa7fd000 r--p 00004000 08:07 7871525                    /usr/lib/x86_64-linux-gnu/libXdmcp.so.6.0.0
7f5faa7fd000-7f5faa7fe000 rw-p 00005000 08:07 7871525                    /usr/lib/x86_64-linux-gnu/libXdmcp.so.6.0.0
7f5faa7fe000-7f5faa800000 r-xp 00000000 08:07 7875069                    /usr/lib/x86_64-linux-gnu/libXau.so.6.0.0
7f5faa800000-7f5faaa00000 ---p 00002000 08:07 7875069                    /usr/lib/x86_64-linux-gnu/libXau.so.6.0.0
7f5faaa00000-7f5faaa01000 r--p 00002000 08:07 7875069                    /usr/lib/x86_64-linux-gnu/libXau.so.6.0.0
7f5faaa01000-7f5faaa02000 rw-p 00003000 08:07 7875069                    /usr/lib/x86_64-linux-gnu/libXau.so.6.0.0
7f5faaa02000-7f5faaa11000 r-xp 00000000 08:07 7866479                    /usr/lib/x86_64-linux-gnu/libavahi-client.so.3.2.9
7f5faaa11000-7f5faac11000 ---p 0000f000 08:07 7866479                    /usr/lib/x86_64-linux-gnu/libavahi-client.so.3.2.9
7f5faac11000-7f5faac12000 r--p 0000f000 08:07 7866479                    /usr/lib/x86_64-linux-gnu/libavahi-client.so.3.2.9
7f5faac12000-7f5faac13000 rw-p 00010000 08:07 7866479                    /usr/lib/x86_64-linux-gnu/libavahi-client.so.3.2.9
7f5faac13000-7f5faac1e000 r-xp 00000000 08:07 7864426                    /usr/lib/x86_64-linux-gnu/libavahi-common.so.3.5.3
7f5faac1e000-7f5faae1d000 ---p 0000b000 08:07 7864426                    /usr/lib/x86_64-linux-gnu/libavahi-common.so.3.5.3
7f5faae1d000-7f5faae1e000 r--p 0000a000 08:07 7864426                    /usr/lib/x86_64-linux-gnu/libavahi-common.so.3.5.3
7f5faae1e000-7f5faae1f000 rw-p 0000b000 08:07 7864426                    /usr/lib/x86_64-linux-gnu/libavahi-common.so.3.5.3
7f5faae1f000-7f5faaed5000 r-xp 00000000 08:07 7866371                    /usr/lib/x86_64-linux-gnu/libgnutls.so.26.22.6
7f5faaed5000-7f5fab0d5000 ---p 000b6000 08:07 7866371                    /usr/lib/x86_64-linux-gnu/libgnutls.so.26.22.6
7f5fab0d5000-7f5fab0db000 r--p 000b6000 08:07 7866371                    /usr/lib/x86_64-linux-gnu/libgnutls.so.26.22.6
7f5fab0db000-7f5fab0dc000 rw-p 000bc000 08:07 7866371                    /usr/lib/x86_64-linux-gnu/libgnutls.so.26.22.6
7f5fab0dc000-7f5fab0dd000 rw-p 00000000 00:00 0 
7f5fab0dd000-7f5fab118000 r-xp 00000000 08:07 7866383                    /usr/lib/x86_64-linux-gnu/libgssapi_krb5.so.2.2
7f5fab118000-7f5fab318000 ---p 0003b000 08:07 7866383                    /usr/lib/x86_64-linux-gnu/libgssapi_krb5.so.2.2
7f5fab318000-7f5fab319000 r--p 0003b000 08:07 7866383                    /usr/lib/x86_64-linux-gnu/libgssapi_krb5.so.2.2
7f5fab319000-7f5fab31b000 rw-p 0003c000 08:07 7866383                    /usr/lib/x86_64-linux-gnu/libgssapi_krb5.so.2.2
7f5fab31b000-7f5fab342000 r-xp 00000000 08:07 5243699                    /lib/x86_64-linux-gnu/libexpat.so.1.6.0
7f5fab342000-7f5fab542000 ---p 00027000 08:07 5243699                    /lib/x86_64-linux-gnu/libexpat.so.1.6.0
7f5fab542000-7f5fab544000 r--p 00027000 08:07 5243699                    /lib/x86_64-linux-gnu/libexpat.so.1.6.0
7f5fab544000-7f5fab545000 rw-p 00029000 08:07 5243699                    /lib/x86_64-linux-gnu/libexpat.so.1.6.0
7f5fab545000-7f5fab5e1000 r-xp 00000000 08:07 7866495                    /usr/lib/x86_64-linux-gnu/libfreetype.so.6.10.1
7f5fab5e1000-7f5fab7e1000 ---p 0009c000 08:07 7866495                    /usr/lib/x86_64-linux-gnu/libfreetype.so.6.10.1
7f5fab7e1000-7f5fab7e6000 r--p 0009c000 08:07 7866495                    /usr/lib/x86_64-linux-gnu/libfreetype.so.6.10.1
7f5fab7e6000-7f5fab7e7000 rw-p 000a1000 08:07 7866495                    /usr/lib/x86_64-linux-gnu/libfreetype.so.6.10.1
7f5fab7e7000-7f5fab7ef000 r-xp 00000000 08:07 7865670                    /usr/lib/x86_64-linux-gnu/libthai.so.0.2.0
7f5fab7ef000-7f5fab9ee000 ---p 00008000 08:07 7865670                    /usr/lib/x86_64-linux-gnu/libthai.so.0.2.0
7f5fab9ee000-7f5fab9ef000 r--p 00007000 08:07 7865670                    /usr/lib/x86_64-linux-gnu/libthai.so.0.2.0
7f5fab9ef000-7f5fab9f0000 rw-p 00008000 08:07 7865670                    /usr/lib/x86_64-linux-gnu/libthai.so.0.2.0
7f5fab9f0000-7f5fab9f2000 r-xp 00000000 08:07 7870105                    /usr/lib/x86_64-linux-gnu/libXdamage.so.1.1.0
7f5fab9f2000-7f5fabbf1000 ---p 00002000 08:07 7870105                    /usr/lib/x86_64-linux-gnu/libXdamage.so.1.1.0
7f5fabbf1000-7f5fabbf2000 r--p 00001000 08:07 7870105                    /usr/lib/x86_64-linux-gnu/libXdamage.so.1.1.0
7f5fabbf2000-7f5fabbf3000 rw-p 00002000 08:07 7870105                    /usr/lib/x86_64-linux-gnu/libXdamage.so.1.1.0
7f5fabbf3000-7f5fabbf5000 r-xp 00000000 08:07 7870095                    /usr/lib/x86_64-linux-gnu/libXcomposite.so.1.0.0
7f5fabbf5000-7f5fabdf4000 ---p 00002000 08:07 7870095                    /usr/lib/x86_64-linux-gnu/libXcomposite.so.1.0.0
7f5fabdf4000-7f5fabdf5000 r--p 00001000 08:07 7870095                    /usr/lib/x86_64-linux-gnu/libXcomposite.so.1.0.0
7f5fabdf5000-7f5fabdf6000 rw-p 00002000 08:07 7870095                    /usr/lib/x86_64-linux-gnu/libXcomposite.so.1.0.0
7f5fabdf6000-7f5fabdff000 r-xp 00000000 08:07 7870100                    /usr/lib/x86_64-linux-gnu/libXcursor.so.1.0.2
7f5fabdff000-7f5fabffe000 ---p 00009000 08:07 7870100                    /usr/lib/x86_64-linux-gnu/libXcursor.so.1.0.2
7f5fabffe000-7f5fabfff000 r--p 00008000 08:07 7870100                    /usr/lib/x86_64-linux-gnu/libXcursor.so.1.0.2
7f5fabfff000-7f5fac000000 rw-p 00009000 08:07 7870100                    /usr/lib/x86_64-linux-gnu/libXcursor.so.1.0.2
7f5fac000000-7f5fae063000 rw-p 00000000 00:00 0 
7f5fae063000-7f5fb0000000 ---p 00000000 00:00 0 
7f5fb0000000-7f5fb0021000 rw-p 00000000 00:00 0 
7f5fb0021000-7f5fb4000000 ---p 00000000 00:00 0 
7f5fb4000000-7f5fb4021000 rw-p 00000000 00:00 0 
7f5fb4021000-7f5fb8000000 ---p 00000000 00:00 0 
7f5fb8000000-7f5fb8021000 rw-p 00000000 00:00 0 
7f5fb8021000-7f5fbc000000 ---p 00000000 00:00 0 
7f5fbc000000-7f5fbd688000 rw-p 00000000 00:00 0 
7f5fbd688000-7f5fc0000000 ---p 00000000 00:00 0 
7f5fc0000000-7f5fc0021000 rw-p 00000000 00:00 0 
7f5fc0021000-7f5fc4000000 ---p 00000000 00:00 0 
7f5fc4000000-7f5fc4021000 rw-p 00000000 00:00 0 
7f5fc4021000-7f5fc8000000 ---p 00000000 00:00 0 
7f5fc8000000-7f5fc8e05000 rw-p 00000000 00:00 0 
7f5fc8e05000-7f5fcc000000 ---p 00000000 00:00 0 
7f5fcc000000-7f5fcc021000 rw-p 00000000 00:00 0 
7f5fcc021000-7f5fd0000000 ---p 00000000 00:00 0 
7f5fd0000000-7f5fd0021000 rw-p 00000000 00:00 0 
7f5fd0021000-7f5fd4000000 ---p 00000000 00:00 0 
7f5fd4000000-7f5fd4021000 rw-p 00000000 00:00 0 
7f5fd4021000-7f5fd8000000 ---p 00000000 00:00 0 
7f5fd8000000-7f5fd8021000 rw-p 00000000 00:00 0 
7f5fd8021000-7f5fdc000000 ---p 00000000 00:00 0 
7f5fdc000000-7f5fdc021000 rw-p 00000000 00:00 0 
7f5fdc021000-7f5fe0000000 ---p 00000000 00:00 0 
7f5fe0050000-7f5fe0059000 r-xp 00000000 08:07 7870144                    /usr/lib/x86_64-linux-gnu/libXrandr.so.2.2.0
7f5fe0059000-7f5fe0258000 ---p 00009000 08:07 7870144                    /usr/lib/x86_64-linux-gnu/libXrandr.so.2.2.0
7f5fe0258000-7f5fe0259000 r--p 00008000 08:07 7870144                    /usr/lib/x86_64-linux-gnu/libXrandr.so.2.2.0
7f5fe0259000-7f5fe025a000 rw-p 00009000 08:07 7870144                    /usr/lib/x86_64-linux-gnu/libXrandr.so.2.2.0
7f5fe025a000-7f5fe025c000 r-xp 00000000 08:07 7870112                    /usr/lib/x86_64-linux-gnu/libXinerama.so.1.0.0
7f5fe025c000-7f5fe045b000 ---p 00002000 08:07 7870112                    /usr/lib/x86_64-linux-gnu/libXinerama.so.1.0.0
7f5fe045b000-7f5fe045c000 r--p 00001000 08:07 7870112                    /usr/lib/x86_64-linux-gnu/libXinerama.so.1.0.0
7f5fe045c000-7f5fe045d000 rw-p 00002000 08:07 7870112                    /usr/lib/x86_64-linux-gnu/libXinerama.so.1.0.0
7f5fe045d000-7f5fe0471000 r-xp 00000000 08:07 7871143                    /usr/lib/x86_64-linux-gnu/libpangoft2-1.0.so.0.3200.5
7f5fe0471000-7f5fe0670000 ---p 00014000 08:07 7871143                    /usr/lib/x86_64-linux-gnu/libpangoft2-1.0.so.0.3200.5
7f5fe0670000-7f5fe0671000 r--p 00013000 08:07 7871143                    /usr/lib/x86_64-linux-gnu/libpangoft2-1.0.so.0.3200.5
7f5fe0671000-7f5fe0672000 rw-p 00014000 08:07 7871143                    /usr/lib/x86_64-linux-gnu/libpangoft2-1.0.so.0.3200.5
7f5fe0672000-7f5fe078b000 r-xp 00000000 08:07 7866335                    /usr/lib/x86_64-linux-gnu/libcairo.so.2.11200.16
7f5fe078b000-7f5fe098b000 ---p 00119000 08:07 7866335                    /usr/lib/x86_64-linux-gnu/libcairo.so.2.11200.16
7f5fe098b000-7f5fe098e000 r--p 00119000 08:07 7866335                    /usr/lib/x86_64-linux-gnu/libcairo.so.2.11200.16
7f5fe098e000-7f5fe0990000 rw-p 0011c000 08:07 7866335                    /usr/lib/x86_64-linux-gnu/libcairo.so.2.11200.16
7f5fe0990000-7f5fe0991000 rw-p 00000000 00:00 0 
7f5fe0991000-7f5fe09b0000 r-xp 00000000 08:07 7869937                    /usr/lib/x86_64-linux-gnu/libatk-1.0.so.0.21009.1
7f5fe09b0000-7f5fe0bb0000 ---p 0001f000 08:07 7869937                    /usr/lib/x86_64-linux-gnu/libatk-1.0.so.0.21009.1
7f5fe0bb0000-7f5fe0bb2000 r--p 0001f000 08:07 7869937                    /usr/lib/x86_64-linux-gnu/libatk-1.0.so.0.21009.1
7f5fe0bb2000-7f5fe0bb3000 rw-p 00021000 08:07 7869937                    /usr/lib/x86_64-linux-gnu/libatk-1.0.so.0.21009.1
7f5fe0bb3000-7f5fe0bb8000 r-xp 00000000 08:07 7869474                    /usr/lib/x86_64-linux-gnu/libXfixes.so.3.1.0
7f5fe0bb8000-7f5fe0db7000 ---p 00005000 08:07 7869474                    /usr/lib/x86_64-linux-gnu/libXfixes.so.3.1.0
7f5fe0db7000-7f5fe0db8000 r--p 00004000 08:07 7869474                    /usr/lib/x86_64-linux-gnu/libXfixes.so.3.1.0
7f5fe0db8000-7f5fe0db9000 rw-p 00005000 08:07 7869474                    /usr/lib/x86_64-linux-gnu/libXfixes.so.3.1.0
7f5fe0db9000-7f5fe0dc4000 r-xp 00000000 08:07 7871123                    /usr/lib/x86_64-linux-gnu/libpangocairo-1.0.so.0.3200.5
7f5fe0dc4000-7f5fe0fc4000 ---p 0000b000 08:07 7871123                    /usr/lib/x86_64-linux-gnu/libpangocairo-1.0.so.0.3200.5
7f5fe0fc4000-7f5fe0fc5000 r--p 0000b000 08:07 7871123                    /usr/lib/x86_64-linux-gnu/libpangocairo-1.0.so.0.3200.5
7f5fe0fc5000-7f5fe0fc6000 rw-p 0000c000 08:07 7871123                    /usr/lib/x86_64-linux-gnu/libpangocairo-1.0.so.0.3200.5
7f5fe0fc6000-7f5fe0fe3000 r-xp 00000000 08:07 7866414                    /usr/lib/x86_64-linux-gnu/libxcb.so.1.1.0
7f5fe0fe3000-7f5fe11e2000 ---p 0001d000 08:07 7866414                    /usr/lib/x86_64-linux-gnu/libxcb.so.1.1.0
7f5fe11e2000-7f5fe11e3000 r--p 0001c000 08:07 7866414                    /usr/lib/x86_64-linux-gnu/libxcb.so.1.1.0
7f5fe11e3000-7f5fe11e4000 rw-p 0001d000 08:07 7866414                    /usr/lib/x86_64-linux-gnu/libxcb.so.1.1.0
7f5fe11e4000-7f5fe1250000 r-xp 00000000 08:07 7864762                    /usr/lib/x86_64-linux-gnu/libcups.so.2
7f5fe1250000-7f5fe144f000 ---p 0006c000 08:07 7864762                    /usr/lib/x86_64-linux-gnu/libcups.so.2
7f5fe144f000-7f5fe1456000 r--p 0006b000 08:07 7864762                    /usr/lib/x86_64-linux-gnu/libcups.so.2
7f5fe1456000-7f5fe1457000 rw-p 00072000 08:07 7864762                    /usr/lib/x86_64-linux-gnu/libcups.so.2
7f5fe1457000-7f5fe1458000 r-xp 00000000 08:07 7869943                    /usr/lib/x86_64-linux-gnu/libgthread-2.0.so.0.3800.1
7f5fe1458000-7f5fe1657000 ---p 00001000 08:07 7869943                    /usr/lib/x86_64-linux-gnu/libgthread-2.0.so.0.3800.1
7f5fe1657000-7f5fe1658000 r--p 00000000 08:07 7869943                    /usr/lib/x86_64-linux-gnu/libgthread-2.0.so.0.3800.1
7f5fe1658000-7f5fe1659000 rw-p 00001000 08:07 7869943                    /usr/lib/x86_64-linux-gnu/libgthread-2.0.so.0.3800.1
7f5fe1659000-7f5fe1692000 r-xp 00000000 08:07 7876035                    /usr/lib/x86_64-linux-gnu/libfontconfig.so.1.7.0
7f5fe1692000-7f5fe1892000 ---p 00039000 08:07 7876035                    /usr/lib/x86_64-linux-gnu/libfontconfig.so.1.7.0
7f5fe1892000-7f5fe1894000 r--p 00039000 08:07 7876035                    /usr/lib/x86_64-linux-gnu/libfontconfig.so.1.7.0
7f5fe1894000-7f5fe1895000 rw-p 0003b000 08:07 7876035                    /usr/lib/x86_64-linux-gnu/libfontconfig.so.1.7.0
7f5fe1895000-7f5fe18df000 r-xp 00000000 08:07 7871098                    /usr/lib/x86_64-linux-gnu/libpango-1.0.so.0.3200.5
7f5fe18df000-7f5fe1ade000 ---p 0004a000 08:07 7871098                    /usr/lib/x86_64-linux-gnu/libpango-1.0.so.0.3200.5
7f5fe1ade000-7f5fe1ae0000 r--p 00049000 08:07 7871098                    /usr/lib/x86_64-linux-gnu/libpango-1.0.so.0.3200.5
7f5fe1ae0000-7f5fe1ae1000 rw-p 0004b000 08:07 7871098                    /usr/lib/x86_64-linux-gnu/libpango-1.0.so.0.3200.5
7f5fe1ae1000-7f5fe1b00000 r-xp 00000000 08:07 7870068                    /usr/lib/x86_64-linux-gnu/libgdk_pixbuf-2.0.so.0.2800.1
7f5fe1b00000-7f5fe1cff000 ---p 0001f000 08:07 7870068                    /usr/lib/x86_64-linux-gnu/libgdk_pixbuf-2.0.so.0.2800.1
7f5fe1cff000-7f5fe1d00000 r--p 0001e000 08:07 7870068                    /usr/lib/x86_64-linux-gnu/libgdk_pixbuf-2.0.so.0.2800.1
7f5fe1d00000-7f5fe1d01000 rw-p 0001f000 08:07 7870068                    /usr/lib/x86_64-linux-gnu/libgdk_pixbuf-2.0.so.0.2800.1
7f5fe1d01000-7f5fe1dae000 r-xp 00000000 08:07 7870298                    /usr/lib/x86_64-linux-gnu/libgdk-x11-2.0.so.0.2400.20
7f5fe1dae000-7f5fe1fad000 ---p 000ad000 08:07 7870298                    /usr/lib/x86_64-linux-gnu/libgdk-x11-2.0.so.0.2400.20
7f5fe1fad000-7f5fe1fb1000 r--p 000ac000 08:07 7870298                    /usr/lib/x86_64-linux-gnu/libgdk-x11-2.0.so.0.2400.20
7f5fe1fb1000-7f5fe1fb3000 rw-p 000b0000 08:07 7870298                    /usr/lib/x86_64-linux-gnu/libgdk-x11-2.0.so.0.2400.20
7f5fe1fb3000-7f5fe23e2000 r-xp 00000000 08:07 7870297                    /usr/lib/x86_64-linux-gnu/libgtk-x11-2.0.so.0.2400.20
7f5fe23e2000-7f5fe25e1000 ---p 0042f000 08:07 7870297                    /usr/lib/x86_64-linux-gnu/libgtk-x11-2.0.so.0.2400.20
7f5fe25e1000-7f5fe25e8000 r--p 0042e000 08:07 7870297                    /usr/lib/x86_64-linux-gnu/libgtk-x11-2.0.so.0.2400.20
7f5fe25e8000-7f5fe25ec000 rw-p 00435000 08:07 7870297                    /usr/lib/x86_64-linux-gnu/libgtk-x11-2.0.so.0.2400.20
7f5fe25ec000-7f5fe25ef000 rw-p 00000000 00:00 0 
7f5fe25ef000-7f5fe25fe000 r-xp 00000000 08:07 7867250                    /usr/lib/x86_64-linux-gnu/libXi.so.6.1.0
7f5fe25fe000-7f5fe27fd000 ---p 0000f000 08:07 7867250                    /usr/lib/x86_64-linux-gnu/libXi.so.6.1.0
7f5fe27fd000-7f5fe27fe000 r--p 0000e000 08:07 7867250                    /usr/lib/x86_64-linux-gnu/libXi.so.6.1.0
7f5fe27fe000-7f5fe27ff000 rw-p 0000f000 08:07 7867250                    /usr/lib/x86_64-linux-gnu/libXi.so.6.1.0
7f5fe27ff000-7f5fe2804000 r-xp 00000000 08:07 7869958                    /usr/lib/x86_64-linux-gnu/libXtst.so.6.1.0
7f5fe2804000-7f5fe2a03000 ---p 00005000 08:07 7869958                    /usr/lib/x86_64-linux-gnu/libXtst.so.6.1.0
7f5fe2a03000-7f5fe2a04000 r--p 00004000 08:07 7869958                    /usr/lib/x86_64-linux-gnu/libXtst.so.6.1.0
7f5fe2a04000-7f5fe2a05000 rw-p 00005000 08:07 7869958                    /usr/lib/x86_64-linux-gnu/libXtst.so.6.1.0
7f5fe2a05000-7f5fe2a0e000 r-xp 00000000 08:07 7870002                    /usr/lib/x86_64-linux-gnu/libXrender.so.1.3.0
7f5fe2a0e000-7f5fe2c0d000 ---p 00009000 08:07 7870002                    /usr/lib/x86_64-linux-gnu/libXrender.so.1.3.0
7f5fe2c0d000-7f5fe2c0e000 r--p 00008000 08:07 7870002                    /usr/lib/x86_64-linux-gnu/libXrender.so.1.3.0
7f5fe2c0e000-7f5fe2c0f000 rw-p 00009000 08:07 7870002                    /usr/lib/x86_64-linux-gnu/libXrender.so.1.3.0
7f5fe2c0f000-7f5fe2d3f000 r-xp 00000000 08:07 7875046                    /usr/lib/x86_64-linux-gnu/libX11.so.6.3.0
7f5fe2d3f000-7f5fe2f3f000 ---p 00130000 08:07 7875046                    /usr/lib/x86_64-linux-gnu/libX11.so.6.3.0
7f5fe2f3f000-7f5fe2f40000 r--p 00130000 08:07 7875046                    /usr/lib/x86_64-linux-gnu/libX11.so.6.3.0
7f5fe2f40000-7f5fe2f44000 rw-p 00131000 08:07 7875046                    /usr/lib/x86_64-linux-gnu/libX11.so.6.3.0
7f5fe2f44000-7f5fe2f55000 r-xp 00000000 08:07 7869451                    /usr/lib/x86_64-linux-gnu/libXext.so.6.4.0
7f5fe2f55000-7f5fe3154000 ---p 00011000 08:07 7869451                    /usr/lib/x86_64-linux-gnu/libXext.so.6.4.0
7f5fe3154000-7f5fe3155000 r--p 00010000 08:07 7869451                    /usr/lib/x86_64-linux-gnu/libXext.so.6.4.0
7f5fe3155000-7f5fe3156000 rw-p 00011000 08:07 7869451                    /usr/lib/x86_64-linux-gnu/libXext.so.6.4.0
7f5fe3156000-7f5fe31a7000 r-xp 00000000 08:07 8128062                    /usr/lib/jvm/java-7-openjdk-amd64/jre/lib/amd64/xawt/libmawt.so
7f5fe31a7000-7f5fe33a6000 ---p 00051000 08:07 8128062                    /usr/lib/jvm/java-7-openjdk-amd64/jre/lib/amd64/xawt/libmawt.so
7f5fe33a6000-7f5fe33a7000 r--p 00050000 08:07 8128062                    /usr/lib/jvm/java-7-openjdk-amd64/jre/lib/amd64/xawt/libmawt.so
7f5fe33a7000-7f5fe33aa000 rw-p 00051000 08:07 8128062                    /usr/lib/jvm/java-7-openjdk-amd64/jre/lib/amd64/xawt/libmawt.so
7f5fe33aa000-7f5fe33ab000 rw-p 00000000 00:00 0 
7f5fe33ab000-7f5fe344c000 r-xp 00000000 08:07 8130209                    /usr/lib/jvm/java-7-openjdk-amd64/jre/lib/amd64/libawt.so
7f5fe344c000-7f5fe364b000 ---p 000a1000 08:07 8130209                    /usr/lib/jvm/java-7-openjdk-amd64/jre/lib/amd64/libawt.so
7f5fe364b000-7f5fe364c000 r--p 000a0000 08:07 8130209                    /usr/lib/jvm/java-7-openjdk-amd64/jre/lib/amd64/libawt.so
7f5fe364c000-7f5fe3657000 rw-p 000a1000 08:07 8130209                    /usr/lib/jvm/java-7-openjdk-amd64/jre/lib/amd64/libawt.so
7f5fe3657000-7f5fe367c000 rw-p 00000000 00:00 0 
7f5fe367c000-7f5fe367f000 ---p 00000000 00:00 0 
7f5fe367f000-7f5fe377d000 rw-p 00000000 00:00 0                          [stack:2519]
7f5fe377d000-7f5fe37ba000 r-xp 00000000 08:07 5246690                    /lib/x86_64-linux-gnu/libpcre.so.3.13.1
7f5fe37ba000-7f5fe39ba000 ---p 0003d000 08:07 5246690                    /lib/x86_64-linux-gnu/libpcre.so.3.13.1
7f5fe39ba000-7f5fe39bb000 r--p 0003d000 08:07 5246690                    /lib/x86_64-linux-gnu/libpcre.so.3.13.1
7f5fe39bb000-7f5fe39bc000 rw-p 0003e000 08:07 5246690                    /lib/x86_64-linux-gnu/libpcre.so.3.13.1
7f5fe39bc000-7f5fe39c3000 r-xp 00000000 08:07 7866333                    /usr/lib/x86_64-linux-gnu/libffi.so.6.0.1
7f5fe39c3000-7f5fe3bc2000 ---p 00007000 08:07 7866333                    /usr/lib/x86_64-linux-gnu/libffi.so.6.0.1
7f5fe3bc2000-7f5fe3bc3000 r--p 00006000 08:07 7866333                    /usr/lib/x86_64-linux-gnu/libffi.so.6.0.1
7f5fe3bc3000-7f5fe3bc4000 rw-p 00007000 08:07 7866333                    /usr/lib/x86_64-linux-gnu/libffi.so.6.0.1
7f5fe3bc4000-7f5fe3bda000 r-xp 00000000 08:07 5246563                    /lib/x86_64-linux-gnu/libresolv-2.17.so
7f5fe3bda000-7f5fe3dda000 ---p 00016000 08:07 5246563                    /lib/x86_64-linux-gnu/libresolv-2.17.so
7f5fe3dda000-7f5fe3ddb000 r--p 00016000 08:07 5246563                    /lib/x86_64-linux-gnu/libresolv-2.17.so
7f5fe3ddb000-7f5fe3ddc000 rw-p 00017000 08:07 5246563                    /lib/x86_64-linux-gnu/libresolv-2.17.so
7f5fe3ddc000-7f5fe3dde000 rw-p 00000000 00:00 0 
7f5fe3dde000-7f5fe3dfd000 r-xp 00000000 08:07 5252600                    /lib/x86_64-linux-gnu/libselinux.so.1
7f5fe3dfd000-7f5fe3ffd000 ---p 0001f000 08:07 5252600                    /lib/x86_64-linux-gnu/libselinux.so.1
7f5fe3ffd000-7f5fe3ffe000 r--p 0001f000 08:07 5252600                    /lib/x86_64-linux-gnu/libselinux.so.1
7f5fe3ffe000-7f5fe3fff000 rw-p 00020000 08:07 5252600                    /lib/x86_64-linux-gnu/libselinux.so.1
7f5fe3fff000-7f5fe4000000 rw-p 00000000 00:00 0 
7f5fe4000000-7f5fe4021000 rw-p 00000000 00:00 0 
7f5fe4021000-7f5fe8000000 ---p 00000000 00:00 0 
7f5fe8047000-7f5fe804a000 r-xp 00000000 08:07 7869944                    /usr/lib/x86_64-linux-gnu/libgmodule-2.0.so.0.3800.1
7f5fe804a000-7f5fe8249000 ---p 00003000 08:07 7869944                    /usr/lib/x86_64-linux-gnu/libgmodule-2.0.so.0.3800.1
7f5fe8249000-7f5fe824a000 r--p 00002000 08:07 7869944                    /usr/lib/x86_64-linux-gnu/libgmodule-2.0.so.0.3800.1
7f5fe824a000-7f5fe824b000 rw-p 00003000 08:07 7869944                    /usr/lib/x86_64-linux-gnu/libgmodule-2.0.so.0.3800.1
7f5fe824b000-7f5fe8349000 r-xp 00000000 08:07 5242917                    /lib/x86_64-linux-gnu/libglib-2.0.so.0.3800.1
7f5fe8349000-7f5fe8549000 ---p 000fe000 08:07 5242917                    /lib/x86_64-linux-gnu/libglib-2.0.so.0.3800.1
7f5fe8549000-7f5fe854a000 r--p 000fe000 08:07 5242917                    /lib/x86_64-linux-gnu/libglib-2.0.so.0.3800.1
7f5fe854a000-7f5fe854b000 rw-p 000ff000 08:07 5242917                    /lib/x86_64-linux-gnu/libglib-2.0.so.0.3800.1
7f5fe854b000-7f5fe854c000 rw-p 00000000 00:00 0 
7f5fe854c000-7f5fe859b000 r-xp 00000000 08:07 7869942                    /usr/lib/x86_64-linux-gnu/libgobject-2.0.so.0.3800.1
7f5fe859b000-7f5fe879b000 ---p 0004f000 08:07 7869942                    /usr/lib/x86_64-linux-gnu/libgobject-2.0.so.0.3800.1
7f5fe879b000-7f5fe879c000 r--p 0004f000 08:07 7869942                    /usr/lib/x86_64-linux-gnu/libgobject-2.0.so.0.3800.1
7f5fe879c000-7f5fe879d000 rw-p 00050000 08:07 7869942                    /usr/lib/x86_64-linux-gnu/libgobject-2.0.so.0.3800.1
7f5fe879d000-7f5fe88f9000 r-xp 00000000 08:07 7869941                    /usr/lib/x86_64-linux-gnu/libgio-2.0.so.0.3800.1
7f5fe88f9000-7f5fe8af8000 ---p 0015c000 08:07 7869941                    /usr/lib/x86_64-linux-gnu/libgio-2.0.so.0.3800.1
7f5fe8af8000-7f5fe8afc000 r--p 0015b000 08:07 7869941                    /usr/lib/x86_64-linux-gnu/libgio-2.0.so.0.3800.1
7f5fe8afc000-7f5fe8afe000 rw-p 0015f000 08:07 7869941                    /usr/lib/x86_64-linux-gnu/libgio-2.0.so.0.3800.1
7f5fe8afe000-7f5fe8b00000 rw-p 00000000 00:00 0 
7f5fe8b0e000-7f5fe8b19000 rw-s 00000000 00:04 313688093                  /SYSV00000000 (deleted)
7f5fe8b1f000-7f5fe8b35000 r-xp 00000000 08:07 8130198                    /usr/lib/jvm/java-7-openjdk-amd64/jre/lib/amd64/libnet.so
7f5fe8b35000-7f5fe8d34000 ---p 00016000 08:07 8130198                    /usr/lib/jvm/java-7-openjdk-amd64/jre/lib/amd64/libnet.so
7f5fe8d34000-7f5fe8d35000 r--p 00015000 08:07 8130198                    /usr/lib/jvm/java-7-openjdk-amd64/jre/lib/amd64/libnet.so
7f5fe8d35000-7f5fe8d36000 rw-p 00016000 08:07 8130198                    /usr/lib/jvm/java-7-openjdk-amd64/jre/lib/amd64/libnet.so
7f5fe8d36000-7f5fe8d37000 ---p 00000000 00:00 0 
7f5fe8d37000-7f5fe9537000 rw-p 00000000 00:00 0                          [stack:2495]
7f5fe9537000-7f5fe9538000 ---p 00000000 00:00 0 
7f5fe9538000-7f5fe9d38000 rw-p 00000000 00:00 0                          [stack:2494]
7f5fe9d38000-7f5fe9d39000 ---p 00000000 00:00 0 
7f5fe9d39000-7f5fea539000 rw-p 00000000 00:00 0                          [stack:2493]
7f5fea539000-7f5fead90000 r-xp 00000000 08:07 3801126                    /home/shiwali/soar/SoarSuite/out/libSoar.so
7f5fead90000-7f5feaf90000 ---p 00857000 08:07 3801126                    /home/shiwali/soar/SoarSuite/out/libSoar.so
7f5feaf90000-7f5feafa1000 r--p 00857000 08:07 3801126                    /home/shiwali/soar/SoarSuite/out/libSoar.so
7f5feafa1000-7f5feafb7000 rw-p 00868000 08:07 3801126                    /home/shiwali/soar/SoarSuite/out/libSoar.so
7f5feafb7000-7f5feafbc000 rw-p 00000000 00:00 0 
7f5feafbc000-7f5feb015000 r-xp 00000000 08:07 3805190                    /home/shiwali/soar/SoarSuite/out/libJava_sml_ClientInterface.so
7f5feb015000-7f5feb215000 ---p 00059000 08:07 3805190                    /home/shiwali/soar/SoarSuite/out/libJava_sml_ClientInterface.so
7f5feb215000-7f5feb216000 r--p 00059000 08:07 3805190                    /home/shiwali/soar/SoarSuite/out/libJava_sml_ClientInterface.so
7f5feb216000-7f5feb218000 rw-p 0005a000 08:07 3805190                    /home/shiwali/soar/SoarSuite/out/libJava_sml_ClientInterface.so
7f5feb218000-7f5feb219000 ---p 00000000 00:00 0 
7f5feb219000-7f5feb319000 rw-p 00000000 00:00 0                          [stack:2491]
7f5feb319000-7f5feb31c000 ---p 00000000 00:00 0 
7f5feb31c000-7f5feb41a000 rw-p 00000000 00:00 0                          [stack:2490]
7f5feb41a000-7f5feb41d000 ---p 00000000 00:00 0 
7f5feb41d000-7f5feb51b000 rw-p 00000000 00:00 0                          [stack:2489]
7f5feb51b000-7f5feb51e000 ---p 00000000 00:00 0 
7f5feb51e000-7f5feb61c000 rw-p 00000000 00:00 0                          [stack:2488]
7f5feb61c000-7f5feb61f000 ---p 00000000 00:00 0 
7f5feb61f000-7f5feb71d000 rw-p 00000000 00:00 0                          [stack:2487]
7f5feb71d000-7f5febdfe000 r--p 00000000 08:07 7870646                    /usr/lib/locale/locale-archive
7f5febdfe000-7f5febe01000 ---p 00000000 00:00 0 
7f5febe01000-7f5febeff000 rw-p 00000000 00:00 0                          [stack:2486]
7f5febeff000-7f5febf02000 ---p 00000000 00:00 0 
7f5febf02000-7f5fec000000 rw-p 00000000 00:00 0                          [stack:2485]
7f5fec000000-7f5fec021000 rw-p 00000000 00:00 0 
7f5fec021000-7f5ff0000000 ---p 00000000 00:00 0 
7f5ff0001000-7f5ff0013000 r--s 00295000 08:07 786580                     /home/shiwali/InstructoSoarII/april/java/april.jar
7f5ff0013000-7f5ff001c000 r--s 0005a000 08:07 3805643                    /home/shiwali/soar/SoarSuite/out/java/soar-debugger.jar
7f5ff001c000-7f5ff002f000 r--s 00211000 08:07 3805649                    /home/shiwali/soar/SoarSuite/out/java/swt.jar
7f5ff002f000-7f5ff0071000 rw-p 00000000 00:00 0 
7f5ff0071000-7f5ff0072000 ---p 00000000 00:00 0 
7f5ff0072000-7f5ff5000000 rw-p 00000000 00:00 0                          [stack:2484]
7f5ff5000000-7f5ff5270000 rwxp 00000000 00:00 0 
7f5ff5270000-7f5ff8600000 rw-p 00000000 00:00 0 
7f5ff8600000-7f5ffc000000 ---p 00000000 00:00 0 
7f5ffc002000-7f5ffc006000 r--s 00039000 08:07 2886744                    /home/shiwali/InstructoSoarII/probcog2/java/probcog.jar
7f5ffc006000-7f5ffc194000 rw-p 00000000 00:00 0 
7f5ffc194000-7f5ffc341000 r--s 01cec000 08:07 8130116                    /usr/lib/jvm/java-7-openjdk-amd64/jre/lib/rt.jar
7f5ffc341000-7f5ffc369000 rw-p 00000000 00:00 0 
7f5ffc369000-7f5ffc36a000 ---p 00000000 00:00 0 
7f5ffc36a000-7f5ffc46a000 rw-p 00000000 00:00 0                          [stack:2483]
7f5ffc46a000-7f5ffc46b000 ---p 00000000 00:00 0 
7f5ffc46b000-7f5ffc56b000 rw-p 00000000 00:00 0                          [stack:2482]
7f5ffc56b000-7f5ffc56c000 ---p 00000000 00:00 0 
7f5ffc56c000-7f5ffc66c000 rw-p 00000000 00:00 0                          [stack:2481]
7f5ffc66c000-7f5ffc66d000 ---p 00000000 00:00 0 
7f5ffc66d000-7f5ffc778000 rw-p 00000000 00:00 0                          [stack:2480]
7f5ffc778000-7f5ffc7c0000 rw-p 00000000 00:00 0 
7f5ffc7c0000-7f5ffc7df000 rw-p 00000000 00:00 0 
7f5ffc7df000-7f5ffc9ab000 rw-p 00000000 00:00 0 
7f5ffc9ab000-7f5ffc9b6000 rw-p 00000000 00:00 0 
7f5ffc9b6000-7f5ffc9fe000 rw-p 00000000 00:00 0 
7f5ffc9fe000-7f5ffca1d000 rw-p 00000000 00:00 0 
7f5ffca1d000-7f5ffcbe8000 rw-p 00000000 00:00 0 
7f5ffcbe8000-7f5ffcc84000 rw-p 00000000 00:00 0 
7f5ffcc84000-7f5ffccde000 rw-p 00000000 00:00 0 
7f5ffccde000-7f5ffccdf000 rw-p 00000000 00:00 0 
7f5ffccdf000-7f5ffcce7000 r-xp 00000000 08:07 8130223                    /usr/lib/jvm/java-7-openjdk-amd64/jre/lib/amd64/libzip.so
7f5ffcce7000-7f5ffcee6000 ---p 00008000 08:07 8130223                    /usr/lib/jvm/java-7-openjdk-amd64/jre/lib/amd64/libzip.so
7f5ffcee6000-7f5ffcee7000 r--p 00007000 08:07 8130223                    /usr/lib/jvm/java-7-openjdk-amd64/jre/lib/amd64/libzip.so
7f5ffcee7000-7f5ffcee8000 rw-p 00008000 08:07 8130223                    /usr/lib/jvm/java-7-openjdk-amd64/jre/lib/amd64/libzip.so
7f5ffcee8000-7f5ffcef4000 r-xp 00000000 08:07 5252128                    /lib/x86_64-linux-gnu/libnss_files-2.17.so
7f5ffcef4000-7f5ffd0f3000 ---p 0000c000 08:07 5252128                    /lib/x86_64-linux-gnu/libnss_files-2.17.so
7f5ffd0f3000-7f5ffd0f4000 r--p 0000b000 08:07 5252128                    /lib/x86_64-linux-gnu/libnss_files-2.17.so
7f5ffd0f4000-7f5ffd0f5000 rw-p 0000c000 08:07 5252128                    /lib/x86_64-linux-gnu/libnss_files-2.17.so
7f5ffd0f5000-7f5ffd100000 r-xp 00000000 08:07 5246736                    /lib/x86_64-linux-gnu/libnss_nis-2.17.so
7f5ffd100000-7f5ffd2ff000 ---p 0000b000 08:07 5246736                    /lib/x86_64-linux-gnu/libnss_nis-2.17.so
7f5ffd2ff000-7f5ffd300000 r--p 0000a000 08:07 5246736                    /lib/x86_64-linux-gnu/libnss_nis-2.17.so
7f5ffd300000-7f5ffd301000 rw-p 0000b000 08:07 5246736                    /lib/x86_64-linux-gnu/libnss_nis-2.17.so
7f5ffd301000-7f5ffd318000 r-xp 00000000 08:07 5243692                    /lib/x86_64-linux-gnu/libnsl-2.17.so
7f5ffd318000-7f5ffd517000 ---p 00017000 08:07 5243692                    /lib/x86_64-linux-gnu/libnsl-2.17.so
7f5ffd517000-7f5ffd518000 r--p 00016000 08:07 5243692                    /lib/x86_64-linux-gnu/libnsl-2.17.so
7f5ffd518000-7f5ffd519000 rw-p 00017000 08:07 5243692                    /lib/x86_64-linux-gnu/libnsl-2.17.so
7f5ffd519000-7f5ffd51b000 rw-p 00000000 00:00 0 
7f5ffd51b000-7f5ffd523000 r-xp 00000000 08:07 5246561                    /lib/x86_64-linux-gnu/libnss_compat-2.17.so
7f5ffd523000-7f5ffd722000 ---p 00008000 08:07 5246561                    /lib/x86_64-linux-gnu/libnss_compat-2.17.so
7f5ffd722000-7f5ffd723000 r--p 00007000 08:07 5246561                    /lib/x86_64-linux-gnu/libnss_compat-2.17.so
7f5ffd723000-7f5ffd724000 rw-p 00008000 08:07 5246561                    /lib/x86_64-linux-gnu/libnss_compat-2.17.so
7f5ffd724000-7f5ffd74f000 r-xp 00000000 08:07 8130208                    /usr/lib/jvm/java-7-openjdk-amd64/jre/lib/amd64/libjava.so
7f5ffd74f000-7f5ffd94e000 ---p 0002b000 08:07 8130208                    /usr/lib/jvm/java-7-openjdk-amd64/jre/lib/amd64/libjava.so
7f5ffd94e000-7f5ffd94f000 r--p 0002a000 08:07 8130208                    /usr/lib/jvm/java-7-openjdk-amd64/jre/lib/amd64/libjava.so
7f5ffd94f000-7f5ffd951000 rw-p 0002b000 08:07 8130208                    /usr/lib/jvm/java-7-openjdk-amd64/jre/lib/amd64/libjava.so
7f5ffd951000-7f5ffd961000 r-xp 00000000 08:07 8130207                    /usr/lib/jvm/java-7-openjdk-amd64/jre/lib/amd64/libverify.so
7f5ffd961000-7f5ffdb60000 ---p 00010000 08:07 8130207                    /usr/lib/jvm/java-7-openjdk-amd64/jre/lib/amd64/libverify.so
7f5ffdb60000-7f5ffdb62000 r--p 0000f000 08:07 8130207                    /usr/lib/jvm/java-7-openjdk-amd64/jre/lib/amd64/libverify.so
7f5ffdb62000-7f5ffdb63000 rw-p 00011000 08:07 8130207                    /usr/lib/jvm/java-7-openjdk-amd64/jre/lib/amd64/libverify.so
7f5ffdb63000-7f5ffdb6a000 r-xp 00000000 08:07 5252129                    /lib/x86_64-linux-gnu/librt-2.17.so
7f5ffdb6a000-7f5ffdd69000 ---p 00007000 08:07 5252129                    /lib/x86_64-linux-gnu/librt-2.17.so
7f5ffdd69000-7f5ffdd6a000 r--p 00006000 08:07 5252129                    /lib/x86_64-linux-gnu/librt-2.17.so
7f5ffdd6a000-7f5ffdd6b000 rw-p 00007000 08:07 5252129                    /lib/x86_64-linux-gnu/librt-2.17.so
7f5ffdd6b000-7f5ffdd80000 r-xp 00000000 08:07 5243965                    /lib/x86_64-linux-gnu/libgcc_s.so.1
7f5ffdd80000-7f5ffdf7f000 ---p 00015000 08:07 5243965                    /lib/x86_64-linux-gnu/libgcc_s.so.1
7f5ffdf7f000-7f5ffdf80000 r--p 00014000 08:07 5243965                    /lib/x86_64-linux-gnu/libgcc_s.so.1
7f5ffdf80000-7f5ffdf81000 rw-p 00015000 08:07 5243965                    /lib/x86_64-linux-gnu/libgcc_s.so.1
7f5ffdf81000-7f5ffe084000 r-xp 00000000 08:07 5246566                    /lib/x86_64-linux-gnu/libm-2.17.so
7f5ffe084000-7f5ffe283000 ---p 00103000 08:07 5246566                    /lib/x86_64-linux-gnu/libm-2.17.so
7f5ffe283000-7f5ffe284000 r--p 00102000 08:07 5246566                    /lib/x86_64-linux-gnu/libm-2.17.so
7f5ffe284000-7f5ffe285000 rw-p 00103000 08:07 5246566                    /lib/x86_64-linux-gnu/libm-2.17.so
7f5ffe285000-7f5ffe36b000 r-xp 00000000 08:07 7864348                    /usr/lib/x86_64-linux-gnu/libstdc++.so.6.0.18
7f5ffe36b000-7f5ffe56a000 ---p 000e6000 08:07 7864348                    /usr/lib/x86_64-linux-gnu/libstdc++.so.6.0.18
7f5ffe56a000-7f5ffe572000 r--p 000e5000 08:07 7864348                    /usr/lib/x86_64-linux-gnu/libstdc++.so.6.0.18
7f5ffe572000-7f5ffe574000 rw-p 000ed000 08:07 7864348                    /usr/lib/x86_64-linux-gnu/libstdc++.so.6.0.18
7f5ffe574000-7f5ffe589000 rw-p 00000000 00:00 0 
7f5ffe589000-7f5ffef97000 r-xp 00000000 08:07 8130212                    /usr/lib/jvm/java-7-openjdk-amd64/jre/lib/amd64/server/libjvm.so
7f5ffef97000-7f5fff196000 ---p 00a0e000 08:07 8130212                    /usr/lib/jvm/java-7-openjdk-amd64/jre/lib/amd64/server/libjvm.so
7f5fff196000-7f5fff20f000 r--p 00a0d000 08:07 8130212                    /usr/lib/jvm/java-7-openjdk-amd64/jre/lib/amd64/server/libjvm.so
7f5fff20f000-7f5fff232000 rw-p 00a86000 08:07 8130212                    /usr/lib/jvm/java-7-openjdk-amd64/jre/lib/amd64/server/libjvm.so
7f5fff232000-7f5fff25d000 rw-p 00000000 00:00 0 
7f5fff25d000-7f5fff275000 r-xp 00000000 08:07 5243951                    /lib/x86_64-linux-gnu/libz.so.1.2.8
7f5fff275000-7f5fff474000 ---p 00018000 08:07 5243951                    /lib/x86_64-linux-gnu/libz.so.1.2.8
7f5fff474000-7f5fff475000 r--p 00017000 08:07 5243951                    /lib/x86_64-linux-gnu/libz.so.1.2.8
7f5fff475000-7f5fff476000 rw-p 00018000 08:07 5243951                    /lib/x86_64-linux-gnu/libz.so.1.2.8
7f5fff476000-7f5fff48d000 r-xp 00000000 08:07 5252661                    /lib/x86_64-linux-gnu/libpthread-2.17.so
7f5fff48d000-7f5fff68d000 ---p 00017000 08:07 5252661                    /lib/x86_64-linux-gnu/libpthread-2.17.so
7f5fff68d000-7f5fff68e000 r--p 00017000 08:07 5252661                    /lib/x86_64-linux-gnu/libpthread-2.17.so
7f5fff68e000-7f5fff68f000 rw-p 00018000 08:07 5252661                    /lib/x86_64-linux-gnu/libpthread-2.17.so
7f5fff68f000-7f5fff693000 rw-p 00000000 00:00 0 
7f5fff693000-7f5fff696000 r-xp 00000000 08:07 5252660                    /lib/x86_64-linux-gnu/libdl-2.17.so
7f5fff696000-7f5fff895000 ---p 00003000 08:07 5252660                    /lib/x86_64-linux-gnu/libdl-2.17.so
7f5fff895000-7f5fff896000 r--p 00002000 08:07 5252660                    /lib/x86_64-linux-gnu/libdl-2.17.so
7f5fff896000-7f5fff897000 rw-p 00003000 08:07 5252660                    /lib/x86_64-linux-gnu/libdl-2.17.so
7f5fff897000-7f5fffa54000 r-xp 00000000 08:07 5252659                    /lib/x86_64-linux-gnu/libc-2.17.so
7f5fffa54000-7f5fffc54000 ---p 001bd000 08:07 5252659                    /lib/x86_64-linux-gnu/libc-2.17.so
7f5fffc54000-7f5fffc58000 r--p 001bd000 08:07 5252659                    /lib/x86_64-linux-gnu/libc-2.17.so
7f5fffc58000-7f5fffc5a000 rw-p 001c1000 08:07 5252659                    /lib/x86_64-linux-gnu/libc-2.17.so
7f5fffc5a000-7f5fffc5f000 rw-p 00000000 00:00 0 
7f5fffc5f000-7f5fffc6c000 r-xp 00000000 08:07 8130121                    /usr/lib/jvm/java-7-openjdk-amd64/jre/lib/amd64/jli/libjli.so
7f5fffc6c000-7f5fffe6b000 ---p 0000d000 08:07 8130121                    /usr/lib/jvm/java-7-openjdk-amd64/jre/lib/amd64/jli/libjli.so
7f5fffe6b000-7f5fffe6c000 r--p 0000c000 08:07 8130121                    /usr/lib/jvm/java-7-openjdk-amd64/jre/lib/amd64/jli/libjli.so
7f5fffe6c000-7f5fffe6d000 rw-p 0000d000 08:07 8130121                    /usr/lib/jvm/java-7-openjdk-amd64/jre/lib/amd64/jli/libjli.so
7f5fffe6d000-7f5fffe90000 r-xp 00000000 08:07 5246634                    /lib/x86_64-linux-gnu/ld-2.17.so
7f5fffe91000-7f5fffe92000 rw-p 00000000 00:00 0 
7f5fffe92000-7f5fffe93000 r--s 00001000 08:07 3805335                    /home/shiwali/soar/SoarSuite/out/java/soar-debugger-api.jar
7f5fffe93000-7f5fffe94000 r--s 00003000 08:07 3805648                    /home/shiwali/soar/SoarSuite/out/java/swtgraphics2d.jar
7f5fffe94000-7f5fffe96000 r--s 00005000 08:07 3805321                    /home/shiwali/soar/SoarSuite/out/java/soar-smljava.jar
7f5fffe96000-7f5fffe9f000 r--s 000bc000 08:07 8130271                    /usr/lib/jvm/java-7-openjdk-common/jre/lib/resources.jar
7f5fffe9f000-7f5fffea2000 r--s 00018000 08:07 3805299                    /home/shiwali/soar/SoarSuite/out/java/sml.jar
7f5fffea2000-7f5fffea5000 r--s 0001d000 08:07 9833101                    /usr/local/share/java/lcm.jar
7f5fffea5000-7f5fffea8000 r--s 00028000 08:07 1707691                    /home/shiwali/InstructoSoarII/rosie/java/language/lgsoar.jar
7f5fffea8000-7f5fffeb2000 rw-p 00000000 00:00 0 
7f5fffeb2000-7f5ffff68000 rw-p 00000000 00:00 0 
7f5ffff68000-7f5ffff6b000 ---p 00000000 00:00 0 
7f5ffff6b000-7f600006e000 rw-p 00000000 00:00 0                          [stack:2475]
7f600006e000-7f6000071000 r--s 0001c000 08:07 1575757                    /home/shiwali/InstructoSoarII/rosie/java/insoar.jar
7f6000071000-7f6000073000 r--s 00012000 08:07 8130259                    /usr/lib/jvm/java-7-openjdk-common/jre/lib/ext/zipfs.jar
7f6000073000-7f6000075000 r--s 00006000 08:07 8264680                    /usr/share/java/java-atk-wrapper.jar
7f6000075000-7f6000078000 r--s 0003c000 08:07 8130265                    /usr/lib/jvm/java-7-openjdk-common/jre/lib/ext/sunpkcs11.jar
7f6000078000-7f600007b000 r--s 00032000 08:07 8130261                    /usr/lib/jvm/java-7-openjdk-common/jre/lib/ext/sunjce_provider.jar
7f600007b000-7f600007c000 r--s 00002000 08:07 8130267                    /usr/lib/jvm/java-7-openjdk-common/jre/lib/ext/dnsns.jar
7f600007c000-7f600007f000 r--s 0000f000 08:07 8130257                    /usr/lib/jvm/java-7-openjdk-common/jre/lib/ext/pulse-java.jar
7f600007f000-7f6000083000 r--s 00085000 08:07 8130263                    /usr/lib/jvm/java-7-openjdk-common/jre/lib/ext/localedata.jar
7f6000083000-7f600008b000 rw-s 00000000 08:07 1573091                    /tmp/hsperfdata_shiwali/2473
7f600008b000-7f600008c000 rw-p 00000000 00:00 0 
7f600008c000-7f600008d000 r--p 00000000 00:00 0 
7f600008d000-7f600008f000 rw-p 00000000 00:00 0 
7f600008f000-7f6000090000 r--p 00022000 08:07 5246634                    /lib/x86_64-linux-gnu/ld-2.17.so
7f6000090000-7f6000092000 rw-p 00023000 08:07 5246634                    /lib/x86_64-linux-gnu/ld-2.17.so
7fff82c74000-7fff82c95000 rw-p 00000000 00:00 0                          [stack]
7fff82d4c000-7fff82d4e000 r-xp 00000000 00:00 0                          [vdso]
ffffffffff600000-ffffffffff601000 r-xp 00000000 00:00 0                  [vsyscall]

VM Arguments:
jvm_args: -Dfile.encoding=UTF-8 
java_command: edu.umich.insoar.InSoar
Launcher Type: SUN_STANDARD

Environment Variables:
PATH=/home/shiwali/bin:/usr/lib/lightdm/lightdm:/usr/local/sbin:/usr/local/bin:/usr/sbin:/usr/bin:/sbin:/bin:/usr/games:/usr/local/games
LD_LIBRARY_PATH=/home/shiwali/soar/SoarSuite/out
SHELL=/bin/bash
DISPLAY=:0

Signal Handlers:
SIGSEGV: [libjvm.so+0x871410], sa_mask[0]=0x7ffbfeff, sa_flags=0x10000004
SIGBUS: [libjvm.so+0x871410], sa_mask[0]=0x7ffbfeff, sa_flags=0x10000004
SIGFPE: [libjvm.so+0x709540], sa_mask[0]=0x7ffbfeff, sa_flags=0x10000004
SIGPIPE: SIG_IGN, sa_mask[0]=0x00000000, sa_flags=0x00000000
SIGXFSZ: [libjvm.so+0x709540], sa_mask[0]=0x7ffbfeff, sa_flags=0x10000004
SIGILL: [libjvm.so+0x709540], sa_mask[0]=0x7ffbfeff, sa_flags=0x10000004
SIGUSR1: SIG_DFL, sa_mask[0]=0x00000000, sa_flags=0x00000000
SIGUSR2: [libjvm.so+0x709270], sa_mask[0]=0x00000004, sa_flags=0x10000004
SIGHUP: [libjvm.so+0x709550], sa_mask[0]=0x7ffbfeff, sa_flags=0x10000004
SIGINT: [libjvm.so+0x709550], sa_mask[0]=0x7ffbfeff, sa_flags=0x10000004
SIGTERM: [libjvm.so+0x709550], sa_mask[0]=0x7ffbfeff, sa_flags=0x10000004
SIGQUIT: [libjvm.so+0x709550], sa_mask[0]=0x7ffbfeff, sa_flags=0x10000004


---------------  S Y S T E M  ---------------

OS:Ubuntu 13.10 (saucy)
uname:Linux 3.11.0-15-generic #23-Ubuntu SMP Mon Dec 9 18:17:04 UTC 2013 x86_64
libc:glibc 2.17 NPTL 2.17 
rlimit: STACK 8192k, CORE 0k, NPROC 46883, NOFILE 4096, AS infinity
load average:2.77 2.53 2.69

/proc/meminfo:
MemTotal:        6021332 kB
MemFree:         1050860 kB
Buffers:           15952 kB
Cached:          1420464 kB
SwapCached:         1280 kB
Active:          3329788 kB
Inactive:        1356768 kB
Active(anon):    3097348 kB
Inactive(anon):  1056980 kB
Active(file):     232440 kB
Inactive(file):   299788 kB
Unevictable:          64 kB
Mlocked:              64 kB
SwapTotal:        975868 kB
SwapFree:         861728 kB
Dirty:               304 kB
Writeback:             0 kB
AnonPages:       3249204 kB
Mapped:           263092 kB
Shmem:            904188 kB
Slab:             146428 kB
SReclaimable:     105808 kB
SUnreclaim:        40620 kB
KernelStack:        5368 kB
PageTables:        55404 kB
NFS_Unstable:          0 kB
Bounce:                0 kB
WritebackTmp:          0 kB
CommitLimit:     3986532 kB
Committed_AS:    9113668 kB
VmallocTotal:   34359738367 kB
VmallocUsed:      354408 kB
VmallocChunk:   34359371388 kB
HardwareCorrupted:     0 kB
AnonHugePages:         0 kB
HugePages_Total:       0
HugePages_Free:        0
HugePages_Rsvd:        0
HugePages_Surp:        0
Hugepagesize:       2048 kB
DirectMap4k:       71296 kB
DirectMap2M:     6129664 kB


CPU:total 4 (2 cores per cpu, 2 threads per core) family 6 model 42 stepping 7, cmov, cx8, fxsr, mmx, sse, sse2, sse3, ssse3, sse4.1, sse4.2, popcnt, avx, ht, tsc, tscinvbit

/proc/cpuinfo:
processor	: 0
vendor_id	: GenuineIntel
cpu family	: 6
model		: 42
model name	: Intel(R) Core(TM) i5-2410M CPU @ 2.30GHz
stepping	: 7
microcode	: 0x15
cpu MHz		: 800.000
cache size	: 3072 KB
physical id	: 0
siblings	: 4
core id		: 0
cpu cores	: 2
apicid		: 0
initial apicid	: 0
fpu		: yes
fpu_exception	: yes
cpuid level	: 13
wp		: yes
flags		: fpu vme de pse tsc msr pae mce cx8 apic sep mtrr pge mca cmov pat pse36 clflush dts acpi mmx fxsr sse sse2 ss ht tm pbe syscall nx rdtscp lm constant_tsc arch_perfmon pebs bts nopl xtopology nonstop_tsc aperfmperf eagerfpu pni pclmulqdq dtes64 monitor ds_cpl vmx est tm2 ssse3 cx16 xtpr pdcm pcid sse4_1 sse4_2 x2apic popcnt tsc_deadline_timer xsave avx lahf_lm ida arat epb xsaveopt pln pts dtherm tpr_shadow vnmi flexpriority ept vpid
bogomips	: 4589.84
clflush size	: 64
cache_alignment	: 64
address sizes	: 36 bits physical, 48 bits virtual
power management:

processor	: 1
vendor_id	: GenuineIntel
cpu family	: 6
model		: 42
model name	: Intel(R) Core(TM) i5-2410M CPU @ 2.30GHz
stepping	: 7
microcode	: 0x15
cpu MHz		: 800.000
cache size	: 3072 KB
physical id	: 0
siblings	: 4
core id		: 0
cpu cores	: 2
apicid		: 1
initial apicid	: 1
fpu		: yes
fpu_exception	: yes
cpuid level	: 13
wp		: yes
flags		: fpu vme de pse tsc msr pae mce cx8 apic sep mtrr pge mca cmov pat pse36 clflush dts acpi mmx fxsr sse sse2 ss ht tm pbe syscall nx rdtscp lm constant_tsc arch_perfmon pebs bts nopl xtopology nonstop_tsc aperfmperf eagerfpu pni pclmulqdq dtes64 monitor ds_cpl vmx est tm2 ssse3 cx16 xtpr pdcm pcid sse4_1 sse4_2 x2apic popcnt tsc_deadline_timer xsave avx lahf_lm ida arat epb xsaveopt pln pts dtherm tpr_shadow vnmi flexpriority ept vpid
bogomips	: 4589.84
clflush size	: 64
cache_alignment	: 64
address sizes	: 36 bits physical, 48 bits virtual
power management:

processor	: 2
vendor_id	: GenuineIntel
cpu family	: 6
model		: 42
model name	: Intel(R) Core(TM) i5-2410M CPU @ 2.30GHz
stepping	: 7
microcode	: 0x15
cpu MHz		: 2300.000
cache size	: 3072 KB
physical id	: 0
siblings	: 4
core id		: 1
cpu cores	: 2
apicid		: 2
initial apicid	: 2
fpu		: yes
fpu_exception	: yes
cpuid level	: 13
wp		: yes
flags		: fpu vme de pse tsc msr pae mce cx8 apic sep mtrr pge mca cmov pat pse36 clflush dts acpi mmx fxsr sse sse2 ss ht tm pbe syscall nx rdtscp lm constant_tsc arch_perfmon pebs bts nopl xtopology nonstop_tsc aperfmperf eagerfpu pni pclmulqdq dtes64 monitor ds_cpl vmx est tm2 ssse3 cx16 xtpr pdcm pcid sse4_1 sse4_2 x2apic popcnt tsc_deadline_timer xsave avx lahf_lm ida arat epb xsaveopt pln pts dtherm tpr_shadow vnmi flexpriority ept vpid
bogomips	: 4589.84
clflush size	: 64
cache_alignment	: 64
address sizes	: 36 bits physical, 48 bits virtual
power management:

processor	: 3
vendor_id	: GenuineIntel
cpu family	: 6
model		: 42
model name	: Intel(R) Core(TM) i5-2410M CPU @ 2.30GHz
stepping	: 7
microcode	: 0x15
cpu MHz		: 2300.000
cache size	: 3072 KB
physical id	: 0
siblings	: 4
core id		: 1
cpu cores	: 2
apicid		: 3
initial apicid	: 3
fpu		: yes
fpu_exception	: yes
cpuid level	: 13
wp		: yes
flags		: fpu vme de pse tsc msr pae mce cx8 apic sep mtrr pge mca cmov pat pse36 clflush dts acpi mmx fxsr sse sse2 ss ht tm pbe syscall nx rdtscp lm constant_tsc arch_perfmon pebs bts nopl xtopology nonstop_tsc aperfmperf eagerfpu pni pclmulqdq dtes64 monitor ds_cpl vmx est tm2 ssse3 cx16 xtpr pdcm pcid sse4_1 sse4_2 x2apic popcnt tsc_deadline_timer xsave avx lahf_lm ida arat epb xsaveopt pln pts dtherm tpr_shadow vnmi flexpriority ept vpid
bogomips	: 4589.84
clflush size	: 64
cache_alignment	: 64
address sizes	: 36 bits physical, 48 bits virtual
power management:



Memory: 4k page, physical 6021332k(1050860k free), swap 975868k(861728k free)

vm_info: OpenJDK 64-Bit Server VM (23.7-b01) for linux-amd64 JRE (1.7.0_25-b30), built on Oct 11 2013 18:04:12 by "buildd" with gcc 4.8.1

time: Mon Jan 20 21:06:41 2014
elapsed time: 171 seconds

