#
# A fatal error has been detected by the Java Runtime Environment:
#
#  SIGSEGV (0xb) at pc=0x00007fc2a1b60b6f, pid=3356, tid=140473540798208
#
# JRE version: 7.0_25-b30
# Java VM: OpenJDK 64-Bit Server VM (23.7-b01 mixed mode linux-amd64 compressed oops)
# Problematic frame:
# C  [libc.so.6+0x98b6f]  envz_strip+0x11af
#
# Failed to write core dump. Core dumps have been disabled. To enable core dumping, try "ulimit -c unlimited" before starting Java again
#
# If you would like to submit a bug report, please include
# instructions on how to reproduce the bug and visit:
#   https://bugs.launchpad.net/ubuntu/+source/openjdk-7/
#

---------------  T H R E A D  ---------------

Current thread is native thread

siginfo:si_signo=SIGSEGV: si_errno=0, si_code=1 (SEGV_MAPERR), si_addr=0x0000000000000000

Registers:
RAX=0x00007fc28b7fcd8f, RBX=0x0000000000000000, RCX=0x0000000000000000, RDX=0x00000000000000f0
RSP=0x00007fc28b7fcaf8, RBP=0x00007fc28b7fcc00, RSI=0x0000000000000000, RDI=0x00007fc28b7fcd8f
R8 =0x00000000000000f0, R9 =0x00000000000c0000, R10=0x0000000000000000, R11=0x00007fc2a1b54c0d
R12=0x0000000000000000, R13=0x00007fc2a22c1060, R14=0x00007fc2a22984e0, R15=0x0000000000001000
RIP=0x00007fc2a1b60b6f, EFLAGS=0x0000000000010283, CSGSFS=0x0000000000000033, ERR=0x0000000000000004
  TRAPNO=0x000000000000000e

Top of Stack: (sp=0x00007fc28b7fcaf8)
0x00007fc28b7fcaf8:   00007fc2908feff4 00007fc28b7fcb30
0x00007fc28b7fcb08:   00007fc290bc46c2 00007fc2a22c1060
0x00007fc28b7fcb18:   00000000000000f0 00007fc28b7fcd8f
0x00007fc28b7fcb28:   0000000100000000 00007fc250664680
0x00007fc28b7fcb38:   00007fc250000dd0 00007fc28b7fcb60
0x00007fc28b7fcb48:   00007fc250c6b610 00007fc200000000
0x00007fc28b7fcb58:   00007fc29097aec8 0000000000000000
0x00007fc28b7fcb68:   00007fc250c6b610 00007fc28b7fcb90
0x00007fc28b7fcb78:   00007fc290964e5e 0000000000000000
0x00007fc28b7fcb88:   00007fc250c6b4c0 00007fc28b7fcbb0
0x00007fc28b7fcb98:   00007fc29097aec8 0000000000000000
0x00007fc28b7fcba8:   00007fc250c6b4c0 00007fc28b7fcbd0
0x00007fc28b7fcbb8:   00007fc290964e5e 0000000000000000
0x00007fc28b7fcbc8:   00007fc250c6b4c0 00007fc28b7fcc00
0x00007fc28b7fcbd8:   00007fc290964ec8 00007fc28b7fcc10
0x00007fc28b7fcbe8:   41509d93b557e100 0000000000000000
0x00007fc28b7fcbf8:   0000000000000000 00007fc28b7fcc50
0x00007fc28b7fcc08:   00007fc2908feb7e 00007fc28b7fcc40
0x00007fc28b7fcc18:   00007fc28b7fcc88 00007fc290d054b7
0x00007fc28b7fcc28:   00000000000000ff 00007fc28b7fcd80
0x00007fc28b7fcc38:   00007fc250000dd0 0000000100000000
0x00007fc28b7fcc48:   00007fc28b7fcd8f 00007fc28b7fcd50
0x00007fc28b7fcc58:   00007fc2908fed6c 00007fc290d054a8
0x00007fc28b7fcc68:   00000000000000ff 00007fc28b7fcd80
0x00007fc28b7fcc78:   00007fc250000dd0 00007fc250c6b550
0x00007fc28b7fcc88:   0000003000000028 00007fc28b7fcd60
0x00007fc28b7fcc98:   00007fc28b7fcca0 00007fc25128c120
0x00007fc28b7fcca8:   00007fc250000dd0 00007fc28b7fcd10
0x00007fc28b7fccb8:   00007fc28b7fcd08 00007fc250664680
0x00007fc28b7fccc8:   00000000000c0000 00007fc28b7fcd10
0x00007fc28b7fccd8:   00007fc2908d2ffa 00007fc28b7fcd10
0x00007fc28b7fcce8:   00007fc25176eda8 00007fc25176eda8 

Instructions: (pc=0x00007fc2a1b60b6f)
0x00007fc2a1b60b4f:   10 f3 0f 7f 77 20 f3 0f 7f 7f 30 49 83 c0 0f 49
0x00007fc2a1b60b5f:   29 d0 48 8d 7c 17 31 e9 95 0b 00 00 66 0f ef c0
0x00007fc2a1b60b6f:   f3 0f 6f 0e f3 0f 6f 56 10 66 0f 74 c1 66 0f d7
0x00007fc2a1b60b7f:   d0 49 83 f8 11 0f 86 92 02 00 00 48 85 d2 75 5d 

Register to memory mapping:

RAX=0x00007fc28b7fcd8f is an unknown value
RBX=0x0000000000000000 is an unknown value
RCX=0x0000000000000000 is an unknown value
RDX=0x00000000000000f0 is an unknown value
RSP=0x00007fc28b7fcaf8 is an unknown value
RBP=0x00007fc28b7fcc00 is an unknown value
RSI=0x0000000000000000 is an unknown value
RDI=0x00007fc28b7fcd8f is an unknown value
R8 =0x00000000000000f0 is an unknown value
R9 =0x00000000000c0000 is an unknown value
R10=0x0000000000000000 is an unknown value
R11=0x00007fc2a1b54c0d: <offset 0x8cc0d> in /lib/x86_64-linux-gnu/libc.so.6 at 0x00007fc2a1ac8000
R12=0x0000000000000000 is an unknown value
R13=0x00007fc2a22c1060: _rtld_global+0 in /lib64/ld-linux-x86-64.so.2 at 0x00007fc2a209e000
R14=0x00007fc2a22984e0 is pointing into the stack for thread: 0x00007fc298009800
R15=0x0000000000001000 is an unknown value


Stack: [0x00007fc28affe000,0x00007fc28b7ff000],  sp=0x00007fc28b7fcaf8,  free space=8186k
Native frames: (J=compiled Java code, j=interpreted, Vv=VM code, C=native code)
C  [libc.so.6+0x98b6f]  envz_strip+0x11af
C  [libSoar.so+0x1f0b7e]  vsnprintf_with_symbols(agent_struct*, char*, unsigned long, char const*, __va_list_tag*)+0xf9
C  [libSoar.so+0x1f0d6c]  snprintf_with_symbols(agent_struct*, char*, unsigned long, char const*, ...)+0xb4
C  [libSoar.so+0x1cba57]  gds_invalid_so_remove_goal(agent_struct*, wme_struct*)+0xa5
C  [libSoar.so+0x1c8bd4]  decide_non_context_slot(agent_struct*, slot_struct*)+0x18f
C  [libSoar.so+0x1c909b]  decide_non_context_slots(agent_struct*)+0x55
C  [libSoar.so+0x1cac95]  do_working_memory_phase(agent_struct*)+0x105
C  [libSoar.so+0x1e34ad]  do_one_top_level_phase(agent_struct*)+0x7ea
C  [libSoar.so+0x1e45a5]  run_for_n_elaboration_cycles(agent_struct*, long)+0xed
C  [libSoar.so+0x36cc73]  sml::AgentSML::Step(sml::smlRunStepSize)+0xd7
C  [libSoar.so+0x36cadd]  sml::AgentSML::StepInClientThread(sml::smlRunStepSize)+0x43
C  [libSoar.so+0x37d92a]  sml::RunScheduler::RunScheduledAgents(bool, sml::smlRunStepSize, unsigned long, sml::smlRunFlags, sml::smlRunStepSize, bool)+0x344
C  [libSoar.so+0x407a48]  cli::CommandLineInterface::DoRun(std::bitset<10ul> const&, int, cli::Cli::eRunInterleaveMode)+0x332
C  [libSoar.so+0x428ab0]  cli::RunCommand::Parse(std::vector<std::string, std::allocator<std::string> >&)+0x67a
C  [libSoar.so+0x418fe7]  cli::Parser::handle_command(std::vector<std::string, std::allocator<std::string> >&)+0x91
C  [libSoar.so+0x417d0e]  soar::tokenizer::parse_command()+0x1d0
C  [libSoar.so+0x417ab4]  soar::tokenizer::evaluate(char const*)+0x60
C  [libSoar.so+0x40af83]  cli::CommandLineInterface::Source(char const*, bool)+0x61
C  [libSoar.so+0x41528b]  cli::CommandLineInterface::DoCommand(sml::Connection*, sml::AgentSML*, char const*, bool, bool, soarxml::ElementXML*)+0x11d
C  [libSoar.so+0x377d01]  sml::KernelSML::HandleCommandLine(sml::AgentSML*, char const*, sml::Connection*, sml::AnalyzeXML*, soarxml::ElementXML*)+0x483
C  [libSoar.so+0x374157]  sml::KernelSML::ProcessCommand(char const*, sml::Connection*, sml::AnalyzeXML*, soarxml::ElementXML*)+0x325
C  [libSoar.so+0x374423]  sml::KernelSML::ProcessIncomingSML(sml::Connection*, soarxml::ElementXML*)+0x119
C  [libSoar.so+0x36ae62]  ReceivedCall(sml::Connection*, soarxml::ElementXML*, void*)+0x3b
C  [libSoar.so+0x3e1444]  sml::Callback::Invoke(soarxml::ElementXML*)+0x30
C  [libSoar.so+0x3db137]  sml::Connection::InvokeCallbacks(soarxml::ElementXML*)+0x105
C  [libSoar.so+0x3de7d9]  sml::RemoteConnection::ReceiveMessages(bool, int, int)+0x229
C  [libSoar.so+0x3de5ad]  sml::RemoteConnection::ReceiveMessages(bool)+0x2b
C  [libSoar.so+0x37139f]  sml::ConnectionManager::ReceiveAllMessages()+0x71
C  [libSoar.so+0x379c7c]  sml::ReceiverThread::Run()+0x2e
C  [libSoar.so+0x3e10e9]  ThreadStartFunction(void*)+0x2b
C  [libSoar.so+0x3e0fa1]  LinuxThreadFunc(void*)+0x28


---------------  P R O C E S S  ---------------

VM state:not at safepoint (normal execution)

VM Mutex/Monitor currently owned by a thread: None

Heap
 PSYoungGen      total 308416K, used 23043K [0x00000000e1560000, 0x00000000f4b00000, 0x0000000100000000)
  eden space 300672K, 6% used [0x00000000e1560000,0x00000000e2834450,0x00000000f3b00000)
  from space 7744K, 48% used [0x00000000f4370000,0x00000000f471c860,0x00000000f4b00000)
  to   space 8192K, 0% used [0x00000000f3b00000,0x00000000f3b00000,0x00000000f4300000)
 ParOldGen       total 62784K, used 10271K [0x00000000a4000000, 0x00000000a7d50000, 0x00000000e1560000)
  object space 62784K, 16% used [0x00000000a4000000,0x00000000a4a07cc8,0x00000000a7d50000)
 PSPermGen       total 21248K, used 19349K [0x0000000099a00000, 0x000000009aec0000, 0x00000000a4000000)
  object space 21248K, 91% used [0x0000000099a00000,0x000000009ace54d0,0x000000009aec0000)

Card table byte_map: [0x00007fc29ebdc000,0x00007fc29ef10000] byte_map_base: 0x00007fc29e70f000

Polling page: 0x00007fc2a22bd000

Code Cache  [0x00007fc295000000, 0x00007fc295270000, 0x00007fc298000000)
 total_blobs=1032 nmethods=478 adapters=506 free_code_cache=47386Kb largest_free_block=48480064

Compilation events (10 events):
Event: 164.610 Thread 0x00007fc29810e000  491             java.util.Locale::getDefault (13 bytes)
Event: 164.611 Thread 0x00007fc29810e000 nmethod 491 0x00007fc2951b1b90 code [0x00007fc2951b1cc0, 0x00007fc2951b1d38]
Event: 178.249 Thread 0x00007fc298111000   13 % !         lcm.lcm.UDPMulticastProvider$ReaderThread::run @ 14 (62 bytes)
Event: 178.312 Thread 0x00007fc298111000 nmethod 13% 0x00007fc2951c1990 code [0x00007fc2951c1c40, 0x00007fc2951c2e30]
Event: 178.901 Thread 0x00007fc29810e000  492             lcm.lcm.UDPMulticastProvider$ReaderThread::handlePacket (85 bytes)
Event: 178.901 Thread 0x00007fc298111000  493             lcm.lcm.UDPMulticastProvider$ReaderThread::handleShortMessage (36 bytes)
Event: 178.911 Thread 0x00007fc298111000 nmethod 493 0x00007fc2951b3a90 code [0x00007fc2951b3c40, 0x00007fc2951b4088]
Event: 178.918 Thread 0x00007fc29810e000 nmethod 492 0x00007fc2951b5090 code [0x00007fc2951b5260, 0x00007fc2951b59f0]
Event: 216.249 Thread 0x00007fc298111000  494             probcog.lcmtypes.robot_action_t::<init> (33 bytes)
Event: 216.252 Thread 0x00007fc298111000 nmethod 494 0x00007fc295107a10 code [0x00007fc295107b80, 0x00007fc295107d68]

GC Heap History (10 events):
Event: 3.435 GC heap before
{Heap before GC invocations=6 (full 0):
 PSYoungGen      total 51008K, used 51008K [0x00000000e1560000, 0x00000000e81a0000, 0x0000000100000000)
  eden space 47104K, 100% used [0x00000000e1560000,0x00000000e4360000,0x00000000e4360000)
  from space 3904K, 100% used [0x00000000e4360000,0x00000000e4730000,0x00000000e4730000)
  to   space 8320K, 0% used [0x00000000e7980000,0x00000000e7980000,0x00000000e81a0000)
 ParOldGen       total 62784K, used 6827K [0x00000000a4000000, 0x00000000a7d50000, 0x00000000e1560000)
  object space 62784K, 10% used [0x00000000a4000000,0x00000000a46aac58,0x00000000a7d50000)
 PSPermGen       total 21248K, used 3569K [0x0000000099a00000, 0x000000009aec0000, 0x00000000a4000000)
  object space 21248K, 16% used [0x0000000099a00000,0x0000000099d7c6b8,0x000000009aec0000)
Event: 3.491 GC heap after
Heap after GC invocations=6 (full 0):
 PSYoungGen      total 101632K, used 5264K [0x00000000e1560000, 0x00000000e80c0000, 0x0000000100000000)
  eden space 94208K, 0% used [0x00000000e1560000,0x00000000e1560000,0x00000000e7160000)
  from space 7424K, 70% used [0x00000000e7980000,0x00000000e7ea4010,0x00000000e80c0000)
  to   space 7872K, 0% used [0x00000000e7160000,0x00000000e7160000,0x00000000e7910000)
 ParOldGen       total 62784K, used 6827K [0x00000000a4000000, 0x00000000a7d50000, 0x00000000e1560000)
  object space 62784K, 10% used [0x00000000a4000000,0x00000000a46aac58,0x00000000a7d50000)
 PSPermGen       total 21248K, used 3569K [0x0000000099a00000, 0x000000009aec0000, 0x00000000a4000000)
  object space 21248K, 16% used [0x0000000099a00000,0x0000000099d7c6b8,0x000000009aec0000)
}
Event: 4.312 GC heap before
{Heap before GC invocations=7 (full 0):
 PSYoungGen      total 101632K, used 99472K [0x00000000e1560000, 0x00000000e80c0000, 0x0000000100000000)
  eden space 94208K, 100% used [0x00000000e1560000,0x00000000e7160000,0x00000000e7160000)
  from space 7424K, 70% used [0x00000000e7980000,0x00000000e7ea4010,0x00000000e80c0000)
  to   space 7872K, 0% used [0x00000000e7160000,0x00000000e7160000,0x00000000e7910000)
 ParOldGen       total 62784K, used 6827K [0x00000000a4000000, 0x00000000a7d50000, 0x00000000e1560000)
  object space 62784K, 10% used [0x00000000a4000000,0x00000000a46aac58,0x00000000a7d50000)
 PSPermGen       total 21248K, used 3569K [0x0000000099a00000, 0x000000009aec0000, 0x00000000a4000000)
  object space 21248K, 16% used [0x0000000099a00000,0x0000000099d7c6b8,0x000000009aec0000)
Event: 4.339 GC heap after
Heap after GC invocations=7 (full 0):
 PSYoungGen      total 102080K, used 1984K [0x00000000e1560000, 0x00000000edd60000, 0x0000000100000000)
  eden space 94208K, 0% used [0x00000000e1560000,0x00000000e1560000,0x00000000e7160000)
  from space 7872K, 25% used [0x00000000e7160000,0x00000000e7350000,0x00000000e7910000)
  to   space 8192K, 0% used [0x00000000ed560000,0x00000000ed560000,0x00000000edd60000)
 ParOldGen       total 62784K, used 10159K [0x00000000a4000000, 0x00000000a7d50000, 0x00000000e1560000)
  object space 62784K, 16% used [0x00000000a4000000,0x00000000a49ebcc8,0x00000000a7d50000)
 PSPermGen       total 21248K, used 3569K [0x0000000099a00000, 0x000000009aec0000, 0x00000000a4000000)
  object space 21248K, 16% used [0x0000000099a00000,0x0000000099d7c6b8,0x000000009aec0000)
}
Event: 4.827 GC heap before
{Heap before GC invocations=8 (full 0):
 PSYoungGen      total 102080K, used 96192K [0x00000000e1560000, 0x00000000edd60000, 0x0000000100000000)
  eden space 94208K, 100% used [0x00000000e1560000,0x00000000e7160000,0x00000000e7160000)
  from space 7872K, 25% used [0x00000000e7160000,0x00000000e7350000,0x00000000e7910000)
  to   space 8192K, 0% used [0x00000000ed560000,0x00000000ed560000,0x00000000edd60000)
 ParOldGen       total 62784K, used 10159K [0x00000000a4000000, 0x00000000a7d50000, 0x00000000e1560000)
  object space 62784K, 16% used [0x00000000a4000000,0x00000000a49ebcc8,0x00000000a7d50000)
 PSPermGen       total 21248K, used 3569K [0x0000000099a00000, 0x000000009aec0000, 0x00000000a4000000)
  object space 21248K, 16% used [0x0000000099a00000,0x0000000099d7c6b8,0x000000009aec0000)
Event: 4.836 GC heap after
Heap after GC invocations=8 (full 0):
 PSYoungGen      total 196096K, used 160K [0x00000000e1560000, 0x00000000ede60000, 0x0000000100000000)
  eden space 187904K, 0% used [0x00000000e1560000,0x00000000e1560000,0x00000000ecce0000)
  from space 8192K, 1% used [0x00000000ed560000,0x00000000ed588000,0x00000000edd60000)
  to   space 8704K, 0% used [0x00000000ecce0000,0x00000000ecce0000,0x00000000ed560000)
 ParOldGen       total 62784K, used 10183K [0x00000000a4000000, 0x00000000a7d50000, 0x00000000e1560000)
  object space 62784K, 16% used [0x00000000a4000000,0x00000000a49f1cc8,0x00000000a7d50000)
 PSPermGen       total 21248K, used 3569K [0x0000000099a00000, 0x000000009aec0000, 0x00000000a4000000)
  object space 21248K, 16% used [0x0000000099a00000,0x0000000099d7c6b8,0x000000009aec0000)
}
Event: 10.948 GC heap before
{Heap before GC invocations=9 (full 0):
 PSYoungGen      total 196096K, used 188064K [0x00000000e1560000, 0x00000000ede60000, 0x0000000100000000)
  eden space 187904K, 100% used [0x00000000e1560000,0x00000000ecce0000,0x00000000ecce0000)
  from space 8192K, 1% used [0x00000000ed560000,0x00000000ed588000,0x00000000edd60000)
  to   space 8704K, 0% used [0x00000000ecce0000,0x00000000ecce0000,0x00000000ed560000)
 ParOldGen       total 62784K, used 10183K [0x00000000a4000000, 0x00000000a7d50000, 0x00000000e1560000)
  object space 62784K, 16% used [0x00000000a4000000,0x00000000a49f1cc8,0x00000000a7d50000)
 PSPermGen       total 21248K, used 15327K [0x0000000099a00000, 0x000000009aec0000, 0x00000000a4000000)
  object space 21248K, 72% used [0x0000000099a00000,0x000000009a8f7df8,0x000000009aec0000)
Event: 10.958 GC heap after
Heap after GC invocations=9 (full 0):
 PSYoungGen      total 196608K, used 2130K [0x00000000e1560000, 0x00000000f4be0000, 0x0000000100000000)
  eden space 187904K, 0% used [0x00000000e1560000,0x00000000e1560000,0x00000000ecce0000)
  from space 8704K, 24% used [0x00000000ecce0000,0x00000000ecef4880,0x00000000ed560000)
  to   space 8640K, 0% used [0x00000000f4370000,0x00000000f4370000,0x00000000f4be0000)
 ParOldGen       total 62784K, used 10247K [0x00000000a4000000, 0x00000000a7d50000, 0x00000000e1560000)
  object space 62784K, 16% used [0x00000000a4000000,0x00000000a4a01cc8,0x00000000a7d50000)
 PSPermGen       total 21248K, used 15327K [0x0000000099a00000, 0x000000009aec0000, 0x00000000a4000000)
  object space 21248K, 72% used [0x0000000099a00000,0x000000009a8f7df8,0x000000009aec0000)
}
Event: 143.457 GC heap before
{Heap before GC invocations=10 (full 0):
 PSYoungGen      total 196608K, used 190034K [0x00000000e1560000, 0x00000000f4be0000, 0x0000000100000000)
  eden space 187904K, 100% used [0x00000000e1560000,0x00000000ecce0000,0x00000000ecce0000)
  from space 8704K, 24% used [0x00000000ecce0000,0x00000000ecef4880,0x00000000ed560000)
  to   space 8640K, 0% used [0x00000000f4370000,0x00000000f4370000,0x00000000f4be0000)
 ParOldGen       total 62784K, used 10247K [0x00000000a4000000, 0x00000000a7d50000, 0x00000000e1560000)
  object space 62784K, 16% used [0x00000000a4000000,0x00000000a4a01cc8,0x00000000a7d50000)
 PSPermGen       total 21248K, used 19344K [0x0000000099a00000, 0x000000009aec0000, 0x00000000a4000000)
  object space 21248K, 91% used [0x0000000099a00000,0x000000009ace4220,0x000000009aec0000)
Event: 143.468 GC heap after
Heap after GC invocations=10 (full 0):
 PSYoungGen      total 308416K, used 3762K [0x00000000e1560000, 0x00000000f4b00000, 0x0000000100000000)
  eden space 300672K, 0% used [0x00000000e1560000,0x00000000e1560000,0x00000000f3b00000)
  from space 7744K, 48% used [0x00000000f4370000,0x00000000f471c860,0x00000000f4b00000)
  to   space 8192K, 0% used [0x00000000f3b00000,0x00000000f3b00000,0x00000000f4300000)
 ParOldGen       total 62784K, used 10271K [0x00000000a4000000, 0x00000000a7d50000, 0x00000000e1560000)
  object space 62784K, 16% used [0x00000000a4000000,0x00000000a4a07cc8,0x00000000a7d50000)
 PSPermGen       total 21248K, used 19344K [0x0000000099a00000, 0x000000009aec0000, 0x00000000a4000000)
  object space 21248K, 91% used [0x0000000099a00000,0x000000009ace4220,0x000000009aec0000)
}

Deoptimization events (10 events):
Event: 73.361 Thread 0x00007fc234048000 Uncommon trap -58 fr.pc 0x00007fc29511e068
Event: 73.361 Thread 0x00007fc234048000 Uncommon trap -58 fr.pc 0x00007fc29511661c
Event: 73.372 Thread 0x00007fc234048000 Uncommon trap -58 fr.pc 0x00007fc29511661c
Event: 73.373 Thread 0x00007fc234048000 Uncommon trap -58 fr.pc 0x00007fc29511e068
Event: 73.373 Thread 0x00007fc234048000 Uncommon trap -58 fr.pc 0x00007fc29511661c
Event: 73.373 Thread 0x00007fc234048000 Uncommon trap -58 fr.pc 0x00007fc29511e068
Event: 73.375 Thread 0x00007fc234048000 Uncommon trap -58 fr.pc 0x00007fc29511e068
Event: 115.156 Thread 0x00007fc230126800 Uncommon trap -83 fr.pc 0x00007fc2951a7a4c
Event: 115.169 Thread 0x00007fc230126800 Uncommon trap -83 fr.pc 0x00007fc29519ebac
Event: 115.170 Thread 0x00007fc230126800 Uncommon trap -83 fr.pc 0x00007fc295194b00

Internal exceptions (10 events):
Event: 73.369 Thread 0x00007fc234048000 Threw 0x00000000e87916f0 at /build/buildd/openjdk-7-7u25-2.3.12/build/openjdk/hotspot/src/share/vm/prims/jvm.cpp:1235
Event: 73.369 Thread 0x00007fc234048000 Threw 0x00000000e8794868 at /build/buildd/openjdk-7-7u25-2.3.12/build/openjdk/hotspot/src/share/vm/prims/jvm.cpp:1235
Event: 73.370 Thread 0x00007fc234048000 Threw 0x00000000e8798020 at /build/buildd/openjdk-7-7u25-2.3.12/build/openjdk/hotspot/src/share/vm/prims/jvm.cpp:1235
Event: 73.370 Thread 0x00007fc234048000 Threw 0x00000000e879b250 at /build/buildd/openjdk-7-7u25-2.3.12/build/openjdk/hotspot/src/share/vm/prims/jvm.cpp:1235
Event: 73.371 Thread 0x00007fc234048000 Threw 0x00000000e879e300 at /build/buildd/openjdk-7-7u25-2.3.12/build/openjdk/hotspot/src/share/vm/prims/jvm.cpp:1235
Event: 73.371 Thread 0x00007fc234048000 Threw 0x00000000e87a1bd0 at /build/buildd/openjdk-7-7u25-2.3.12/build/openjdk/hotspot/src/share/vm/prims/jvm.cpp:1235
Event: 82.095 Thread 0x00007fc234048000 Threw 0x00000000e94a3c98 at /build/buildd/openjdk-7-7u25-2.3.12/build/openjdk/hotspot/src/share/vm/prims/jvm.cpp:1235
Event: 115.156 Thread 0x00007fc230126800 Implicit null exception at 0x00007fc2951a73f6 to 0x00007fc2951a7a31
Event: 115.169 Thread 0x00007fc230126800 Implicit null exception at 0x00007fc29519eb07 to 0x00007fc29519eb99
Event: 115.170 Thread 0x00007fc230126800 Implicit null exception at 0x00007fc295194a50 to 0x00007fc295194ae5

Events (10 events):
Event: 143.482 Executing VM operation: RevokeBias
Event: 143.482 Executing VM operation: RevokeBias done
Event: 143.482 Executing VM operation: RevokeBias
Event: 143.482 Executing VM operation: RevokeBias done
Event: 143.482 Executing VM operation: RevokeBias
Event: 143.482 Executing VM operation: RevokeBias done
Event: 143.482 Executing VM operation: BulkRevokeBias
Event: 143.482 Executing VM operation: BulkRevokeBias done
Event: 143.483 Executing VM operation: RevokeBias
Event: 143.483 Executing VM operation: RevokeBias done


Dynamic libraries:
00400000-00401000 r-xp 00000000 08:07 8130224                            /usr/lib/jvm/java-7-openjdk-amd64/jre/bin/java
00600000-00601000 r--p 00000000 08:07 8130224                            /usr/lib/jvm/java-7-openjdk-amd64/jre/bin/java
00601000-00602000 rw-p 00001000 08:07 8130224                            /usr/lib/jvm/java-7-openjdk-amd64/jre/bin/java
01c63000-01c84000 rw-p 00000000 00:00 0                                  [heap]
99a00000-9aec0000 rw-p 00000000 00:00 0 
9aec0000-a4000000 rw-p 00000000 00:00 0 
a4000000-a7d50000 rw-p 00000000 00:00 0 
a7d50000-e1560000 rw-p 00000000 00:00 0 
e1560000-f4b00000 rw-p 00000000 00:00 0 
f4b00000-f4be0000 ---p 00000000 00:00 0 
f4be0000-100000000 rw-p 00000000 00:00 0 
7fc220000000-7fc220021000 rw-p 00000000 00:00 0 
7fc220021000-7fc224000000 ---p 00000000 00:00 0 
7fc228000000-7fc228021000 rw-p 00000000 00:00 0 
7fc228021000-7fc22c000000 ---p 00000000 00:00 0 
7fc22c000000-7fc22c021000 rw-p 00000000 00:00 0 
7fc22c021000-7fc230000000 ---p 00000000 00:00 0 
7fc230000000-7fc2301b6000 rw-p 00000000 00:00 0 
7fc2301b6000-7fc234000000 ---p 00000000 00:00 0 
7fc234000000-7fc2340fd000 rw-p 00000000 00:00 0 
7fc2340fd000-7fc238000000 ---p 00000000 00:00 0 
7fc23b3b0000-7fc23b8a2000 rw-p 00000000 00:00 0 
7fc23b8a2000-7fc23b9eb000 rw-s 00000000 00:04 326565910                  /SYSV00000000 (deleted)
7fc23b9eb000-7fc23b9ee000 ---p 00000000 00:00 0 
7fc23b9ee000-7fc23baec000 rw-p 00000000 00:00 0                          [stack:3410]
7fc23baec000-7fc23baef000 ---p 00000000 00:00 0 
7fc23baef000-7fc23bbed000 rw-p 00000000 00:00 0 
7fc23bbed000-7fc23bbf0000 ---p 00000000 00:00 0 
7fc23bbf0000-7fc23bcee000 rw-p 00000000 00:00 0 
7fc23bcee000-7fc23bcf1000 ---p 00000000 00:00 0 
7fc23bcf1000-7fc23bdef000 rw-p 00000000 00:00 0 
7fc23bdef000-7fc23bdff000 r-xp 00000000 08:07 8130194                    /usr/lib/jvm/java-7-openjdk-amd64/jre/lib/amd64/libnio.so
7fc23bdff000-7fc23bffe000 ---p 00010000 08:07 8130194                    /usr/lib/jvm/java-7-openjdk-amd64/jre/lib/amd64/libnio.so
7fc23bffe000-7fc23bfff000 r--p 0000f000 08:07 8130194                    /usr/lib/jvm/java-7-openjdk-amd64/jre/lib/amd64/libnio.so
7fc23bfff000-7fc23c000000 rw-p 00010000 08:07 8130194                    /usr/lib/jvm/java-7-openjdk-amd64/jre/lib/amd64/libnio.so
7fc23c000000-7fc23c022000 rw-p 00000000 00:00 0 
7fc23c022000-7fc240000000 ---p 00000000 00:00 0 
7fc240000000-7fc240021000 rw-p 00000000 00:00 0 
7fc240021000-7fc244000000 ---p 00000000 00:00 0 
7fc244000000-7fc244021000 rw-p 00000000 00:00 0 
7fc244021000-7fc248000000 ---p 00000000 00:00 0 
7fc2480dd000-7fc248129000 r-xp 00000000 08:07 8130205                    /usr/lib/jvm/java-7-openjdk-amd64/jre/lib/amd64/libfontmanager.so
7fc248129000-7fc248328000 ---p 0004c000 08:07 8130205                    /usr/lib/jvm/java-7-openjdk-amd64/jre/lib/amd64/libfontmanager.so
7fc248328000-7fc24832b000 r--p 0004b000 08:07 8130205                    /usr/lib/jvm/java-7-openjdk-amd64/jre/lib/amd64/libfontmanager.so
7fc24832b000-7fc24832c000 rw-p 0004e000 08:07 8130205                    /usr/lib/jvm/java-7-openjdk-amd64/jre/lib/amd64/libfontmanager.so
7fc24832c000-7fc24832f000 ---p 00000000 00:00 0 
7fc24832f000-7fc24842d000 rw-p 00000000 00:00 0                          [stack:3404]
7fc24842d000-7fc248430000 ---p 00000000 00:00 0 
7fc248430000-7fc24852e000 rw-p 00000000 00:00 0                          [stack:3403]
7fc24852e000-7fc248531000 ---p 00000000 00:00 0 
7fc248531000-7fc24862f000 rw-p 00000000 00:00 0                          [stack:3402]
7fc24862f000-7fc248633000 r-xp 00000000 08:07 5242929                    /lib/x86_64-linux-gnu/libgpg-error.so.0.10.0
7fc248633000-7fc248832000 ---p 00004000 08:07 5242929                    /lib/x86_64-linux-gnu/libgpg-error.so.0.10.0
7fc248832000-7fc248833000 r--p 00003000 08:07 5242929                    /lib/x86_64-linux-gnu/libgpg-error.so.0.10.0
7fc248833000-7fc248834000 rw-p 00004000 08:07 5242929                    /lib/x86_64-linux-gnu/libgpg-error.so.0.10.0
7fc248834000-7fc248836000 r-xp 00000000 08:07 5242940                    /lib/x86_64-linux-gnu/libkeyutils.so.1.4
7fc248836000-7fc248a36000 ---p 00002000 08:07 5242940                    /lib/x86_64-linux-gnu/libkeyutils.so.1.4
7fc248a36000-7fc248a37000 r--p 00002000 08:07 5242940                    /lib/x86_64-linux-gnu/libkeyutils.so.1.4
7fc248a37000-7fc248a38000 rw-p 00003000 08:07 5242940                    /lib/x86_64-linux-gnu/libkeyutils.so.1.4
7fc248a38000-7fc248a50000 r-xp 00000000 08:07 7864518                    /usr/lib/x86_64-linux-gnu/libgraphite2.so.3.0.1
7fc248a50000-7fc248c4f000 ---p 00018000 08:07 7864518                    /usr/lib/x86_64-linux-gnu/libgraphite2.so.3.0.1
7fc248c4f000-7fc248c51000 r--p 00017000 08:07 7864518                    /usr/lib/x86_64-linux-gnu/libgraphite2.so.3.0.1
7fc248c51000-7fc248c52000 rw-p 00019000 08:07 7864518                    /usr/lib/x86_64-linux-gnu/libgraphite2.so.3.0.1
7fc248c52000-7fc248c56000 r-xp 00000000 08:07 7870208                    /usr/lib/x86_64-linux-gnu/libXxf86vm.so.1.0.0
7fc248c56000-7fc248e56000 ---p 00004000 08:07 7870208                    /usr/lib/x86_64-linux-gnu/libXxf86vm.so.1.0.0
7fc248e56000-7fc248e57000 r--p 00004000 08:07 7870208                    /usr/lib/x86_64-linux-gnu/libXxf86vm.so.1.0.0
7fc248e57000-7fc248e58000 rw-p 00005000 08:07 7870208                    /usr/lib/x86_64-linux-gnu/libXxf86vm.so.1.0.0
7fc248e58000-7fc248e6d000 r-xp 00000000 08:07 7866526                    /usr/lib/x86_64-linux-gnu/libxcb-glx.so.0.0.0
7fc248e6d000-7fc24906c000 ---p 00015000 08:07 7866526                    /usr/lib/x86_64-linux-gnu/libxcb-glx.so.0.0.0
7fc24906c000-7fc24906e000 r--p 00014000 08:07 7866526                    /usr/lib/x86_64-linux-gnu/libxcb-glx.so.0.0.0
7fc24906e000-7fc24906f000 rw-p 00016000 08:07 7866526                    /usr/lib/x86_64-linux-gnu/libxcb-glx.so.0.0.0
7fc24906f000-7fc249091000 r-xp 00000000 08:07 7868682                    /usr/lib/x86_64-linux-gnu/libglapi.so.0.0.0
7fc249091000-7fc249291000 ---p 00022000 08:07 7868682                    /usr/lib/x86_64-linux-gnu/libglapi.so.0.0.0
7fc249291000-7fc249294000 r--p 00022000 08:07 7868682                    /usr/lib/x86_64-linux-gnu/libglapi.so.0.0.0
7fc249294000-7fc249295000 rw-p 00025000 08:07 7868682                    /usr/lib/x86_64-linux-gnu/libglapi.so.0.0.0
7fc249295000-7fc249296000 rw-p 00000000 00:00 0 
7fc249296000-7fc2492a1000 r-xp 00000000 08:07 7864548                    /usr/lib/x86_64-linux-gnu/libdrm.so.2.4.0
7fc2492a1000-7fc2494a0000 ---p 0000b000 08:07 7864548                    /usr/lib/x86_64-linux-gnu/libdrm.so.2.4.0
7fc2494a0000-7fc2494a1000 r--p 0000a000 08:07 7864548                    /usr/lib/x86_64-linux-gnu/libdrm.so.2.4.0
7fc2494a1000-7fc2494a2000 rw-p 0000b000 08:07 7864548                    /usr/lib/x86_64-linux-gnu/libdrm.so.2.4.0
7fc2494a2000-7fc2494b2000 r-xp 00000000 08:07 5242950                    /lib/x86_64-linux-gnu/libudev.so.1.3.5
7fc2494b2000-7fc2496b1000 ---p 00010000 08:07 5242950                    /lib/x86_64-linux-gnu/libudev.so.1.3.5
7fc2496b1000-7fc2496b2000 r--p 0000f000 08:07 5242950                    /lib/x86_64-linux-gnu/libudev.so.1.3.5
7fc2496b2000-7fc2496b3000 rw-p 00010000 08:07 5242950                    /lib/x86_64-linux-gnu/libudev.so.1.3.5
7fc2496b3000-7fc2496b9000 r-xp 00000000 08:07 7866501                    /usr/lib/x86_64-linux-gnu/libgbm.so.1.0.0
7fc2496b9000-7fc2498b9000 ---p 00006000 08:07 7866501                    /usr/lib/x86_64-linux-gnu/libgbm.so.1.0.0
7fc2498b9000-7fc2498ba000 r--p 00006000 08:07 7866501                    /usr/lib/x86_64-linux-gnu/libgbm.so.1.0.0
7fc2498ba000-7fc2498bb000 rw-p 00007000 08:07 7866501                    /usr/lib/x86_64-linux-gnu/libgbm.so.1.0.0
7fc2498bb000-7fc2498c9000 r-xp 00000000 08:07 7868902                    /usr/lib/x86_64-linux-gnu/libwayland-server.so.0.1.0
7fc2498c9000-7fc249ac8000 ---p 0000e000 08:07 7868902                    /usr/lib/x86_64-linux-gnu/libwayland-server.so.0.1.0
7fc249ac8000-7fc249aca000 r--p 0000d000 08:07 7868902                    /usr/lib/x86_64-linux-gnu/libwayland-server.so.0.1.0
7fc249aca000-7fc249acb000 rw-p 0000f000 08:07 7868902                    /usr/lib/x86_64-linux-gnu/libwayland-server.so.0.1.0
7fc249acb000-7fc249ad6000 r-xp 00000000 08:07 7864504                    /usr/lib/x86_64-linux-gnu/libwayland-client.so.0.1.0
7fc249ad6000-7fc249cd5000 ---p 0000b000 08:07 7864504                    /usr/lib/x86_64-linux-gnu/libwayland-client.so.0.1.0
7fc249cd5000-7fc249cd7000 r--p 0000a000 08:07 7864504                    /usr/lib/x86_64-linux-gnu/libwayland-client.so.0.1.0
7fc249cd7000-7fc249cd8000 rw-p 0000c000 08:07 7864504                    /usr/lib/x86_64-linux-gnu/libwayland-client.so.0.1.0
7fc249cd8000-7fc249cdd000 r-xp 00000000 08:07 7866542                    /usr/lib/x86_64-linux-gnu/libxcb-xfixes.so.0.0.0
7fc249cdd000-7fc249edd000 ---p 00005000 08:07 7866542                    /usr/lib/x86_64-linux-gnu/libxcb-xfixes.so.0.0.0
7fc249edd000-7fc249ede000 r--p 00005000 08:07 7866542                    /usr/lib/x86_64-linux-gnu/libxcb-xfixes.so.0.0.0
7fc249ede000-7fc249edf000 rw-p 00006000 08:07 7866542                    /usr/lib/x86_64-linux-gnu/libxcb-xfixes.so.0.0.0
7fc249edf000-7fc249ee2000 r-xp 00000000 08:07 7869896                    /usr/lib/x86_64-linux-gnu/libxcb-dri2.so.0.0.0
7fc249ee2000-7fc24a0e2000 ---p 00003000 08:07 7869896                    /usr/lib/x86_64-linux-gnu/libxcb-dri2.so.0.0.0
7fc24a0e2000-7fc24a0e3000 r--p 00003000 08:07 7869896                    /usr/lib/x86_64-linux-gnu/libxcb-dri2.so.0.0.0
7fc24a0e3000-7fc24a0e4000 rw-p 00004000 08:07 7869896                    /usr/lib/x86_64-linux-gnu/libxcb-dri2.so.0.0.0
7fc24a0e4000-7fc24a0e5000 r-xp 00000000 08:07 7869904                    /usr/lib/x86_64-linux-gnu/libX11-xcb.so.1.0.0
7fc24a0e5000-7fc24a2e4000 ---p 00001000 08:07 7869904                    /usr/lib/x86_64-linux-gnu/libX11-xcb.so.1.0.0
7fc24a2e4000-7fc24a2e5000 r--p 00000000 08:07 7869904                    /usr/lib/x86_64-linux-gnu/libX11-xcb.so.1.0.0
7fc24a2e5000-7fc24a2e6000 rw-p 00001000 08:07 7869904                    /usr/lib/x86_64-linux-gnu/libX11-xcb.so.1.0.0
7fc24a2e6000-7fc24a32a000 r-xp 00000000 08:07 5242924                    /lib/x86_64-linux-gnu/libdbus-1.so.3.7.4
7fc24a32a000-7fc24a529000 ---p 00044000 08:07 5242924                    /lib/x86_64-linux-gnu/libdbus-1.so.3.7.4
7fc24a529000-7fc24a52a000 r--p 00043000 08:07 5242924                    /lib/x86_64-linux-gnu/libdbus-1.so.3.7.4
7fc24a52a000-7fc24a52b000 rw-p 00044000 08:07 5242924                    /lib/x86_64-linux-gnu/libdbus-1.so.3.7.4
7fc24a52b000-7fc24a549000 r-xp 00000000 08:07 7870895                    /usr/lib/x86_64-linux-gnu/libp11-kit.so.0.0.0
7fc24a549000-7fc24a748000 ---p 0001e000 08:07 7870895                    /usr/lib/x86_64-linux-gnu/libp11-kit.so.0.0.0
7fc24a748000-7fc24a74a000 r--p 0001d000 08:07 7870895                    /usr/lib/x86_64-linux-gnu/libp11-kit.so.0.0.0
7fc24a74a000-7fc24a74b000 rw-p 0001f000 08:07 7870895                    /usr/lib/x86_64-linux-gnu/libp11-kit.so.0.0.0
7fc24a74b000-7fc24a75b000 r-xp 00000000 08:07 7870891                    /usr/lib/x86_64-linux-gnu/libtasn1.so.3.2.0
7fc24a75b000-7fc24a95a000 ---p 00010000 08:07 7870891                    /usr/lib/x86_64-linux-gnu/libtasn1.so.3.2.0
7fc24a95a000-7fc24a95b000 r--p 0000f000 08:07 7870891                    /usr/lib/x86_64-linux-gnu/libtasn1.so.3.2.0
7fc24a95b000-7fc24a95c000 rw-p 00010000 08:07 7870891                    /usr/lib/x86_64-linux-gnu/libtasn1.so.3.2.0
7fc24a95c000-7fc24a9d6000 r-xp 00000000 08:07 5242933                    /lib/x86_64-linux-gnu/libgcrypt.so.11.7.0
7fc24a9d6000-7fc24abd6000 ---p 0007a000 08:07 5242933                    /lib/x86_64-linux-gnu/libgcrypt.so.11.7.0
7fc24abd6000-7fc24abd7000 r--p 0007a000 08:07 5242933                    /lib/x86_64-linux-gnu/libgcrypt.so.11.7.0
7fc24abd7000-7fc24abda000 rw-p 0007b000 08:07 5242933                    /lib/x86_64-linux-gnu/libgcrypt.so.11.7.0
7fc24abda000-7fc24abe1000 r-xp 00000000 08:07 7866378                    /usr/lib/x86_64-linux-gnu/libkrb5support.so.0.1
7fc24abe1000-7fc24ade0000 ---p 00007000 08:07 7866378                    /usr/lib/x86_64-linux-gnu/libkrb5support.so.0.1
7fc24ade0000-7fc24ade1000 r--p 00006000 08:07 7866378                    /usr/lib/x86_64-linux-gnu/libkrb5support.so.0.1
7fc24ade1000-7fc24ade2000 rw-p 00007000 08:07 7866378                    /usr/lib/x86_64-linux-gnu/libkrb5support.so.0.1
7fc24ade2000-7fc24ade5000 r-xp 00000000 08:07 5242904                    /lib/x86_64-linux-gnu/libcom_err.so.2.1
7fc24ade5000-7fc24afe4000 ---p 00003000 08:07 5242904                    /lib/x86_64-linux-gnu/libcom_err.so.2.1
7fc24afe4000-7fc24afe5000 r--p 00002000 08:07 5242904                    /lib/x86_64-linux-gnu/libcom_err.so.2.1
7fc24afe5000-7fc24afe6000 rw-p 00003000 08:07 5242904                    /lib/x86_64-linux-gnu/libcom_err.so.2.1
7fc24afe6000-7fc24b00c000 r-xp 00000000 08:07 7870911                    /usr/lib/x86_64-linux-gnu/libk5crypto.so.3.1
7fc24b00c000-7fc24b20b000 ---p 00026000 08:07 7870911                    /usr/lib/x86_64-linux-gnu/libk5crypto.so.3.1
7fc24b20b000-7fc24b20c000 r--p 00025000 08:07 7870911                    /usr/lib/x86_64-linux-gnu/libk5crypto.so.3.1
7fc24b20c000-7fc24b20d000 rw-p 00026000 08:07 7870911                    /usr/lib/x86_64-linux-gnu/libk5crypto.so.3.1
7fc24b20d000-7fc24b20e000 rw-p 00000000 00:00 0 
7fc24b20e000-7fc24b2d3000 r-xp 00000000 08:07 7870927                    /usr/lib/x86_64-linux-gnu/libkrb5.so.3.3
7fc24b2d3000-7fc24b4d2000 ---p 000c5000 08:07 7870927                    /usr/lib/x86_64-linux-gnu/libkrb5.so.3.3
7fc24b4d2000-7fc24b4dc000 r--p 000c4000 08:07 7870927                    /usr/lib/x86_64-linux-gnu/libkrb5.so.3.3
7fc24b4dc000-7fc24b4dd000 rw-p 000ce000 08:07 7870927                    /usr/lib/x86_64-linux-gnu/libkrb5.so.3.3
7fc24b4dd000-7fc24b4e3000 r-xp 00000000 08:07 7864996                    /usr/lib/x86_64-linux-gnu/libdatrie.so.1.2.0
7fc24b4e3000-7fc24b6e2000 ---p 00006000 08:07 7864996                    /usr/lib/x86_64-linux-gnu/libdatrie.so.1.2.0
7fc24b6e2000-7fc24b6e3000 r--p 00005000 08:07 7864996                    /usr/lib/x86_64-linux-gnu/libdatrie.so.1.2.0
7fc24b6e3000-7fc24b6e4000 rw-p 00006000 08:07 7864996                    /usr/lib/x86_64-linux-gnu/libdatrie.so.1.2.0
7fc24b6e4000-7fc24b734000 r-xp 00000000 08:07 7872140                    /usr/lib/x86_64-linux-gnu/libharfbuzz.so.0.919.0
7fc24b734000-7fc24b934000 ---p 00050000 08:07 7872140                    /usr/lib/x86_64-linux-gnu/libharfbuzz.so.0.919.0
7fc24b934000-7fc24b935000 r--p 00050000 08:07 7872140                    /usr/lib/x86_64-linux-gnu/libharfbuzz.so.0.919.0
7fc24b935000-7fc24b936000 rw-p 00051000 08:07 7872140                    /usr/lib/x86_64-linux-gnu/libharfbuzz.so.0.919.0
7fc24b936000-7fc24b992000 r-xp 00000000 08:07 8258487                    /usr/lib/x86_64-linux-gnu/mesa/libGL.so.1.2.0
7fc24b992000-7fc24bb92000 ---p 0005c000 08:07 8258487                    /usr/lib/x86_64-linux-gnu/mesa/libGL.so.1.2.0
7fc24bb92000-7fc24bb94000 r--p 0005c000 08:07 8258487                    /usr/lib/x86_64-linux-gnu/mesa/libGL.so.1.2.0
7fc24bb94000-7fc24bb95000 rw-p 0005e000 08:07 8258487                    /usr/lib/x86_64-linux-gnu/mesa/libGL.so.1.2.0
7fc24bb95000-7fc24bb96000 rw-p 00000000 00:00 0 
7fc24bb96000-7fc24bb9e000 r-xp 00000000 08:07 7870007                    /usr/lib/x86_64-linux-gnu/libxcb-render.so.0.0.0
7fc24bb9e000-7fc24bd9d000 ---p 00008000 08:07 7870007                    /usr/lib/x86_64-linux-gnu/libxcb-render.so.0.0.0
7fc24bd9d000-7fc24bd9e000 r--p 00007000 08:07 7870007                    /usr/lib/x86_64-linux-gnu/libxcb-render.so.0.0.0
7fc24bd9e000-7fc24bd9f000 rw-p 00008000 08:07 7870007                    /usr/lib/x86_64-linux-gnu/libxcb-render.so.0.0.0
7fc24bd9f000-7fc24bda1000 r-xp 00000000 08:07 7870014                    /usr/lib/x86_64-linux-gnu/libxcb-shm.so.0.0.0
7fc24bda1000-7fc24bfa0000 ---p 00002000 08:07 7870014                    /usr/lib/x86_64-linux-gnu/libxcb-shm.so.0.0.0
7fc24bfa0000-7fc24bfa1000 r--p 00001000 08:07 7870014                    /usr/lib/x86_64-linux-gnu/libxcb-shm.so.0.0.0
7fc24bfa1000-7fc24bfa2000 rw-p 00002000 08:07 7870014                    /usr/lib/x86_64-linux-gnu/libxcb-shm.so.0.0.0
7fc24bfa2000-7fc24bfc7000 r-xp 00000000 08:07 5242946                    /lib/x86_64-linux-gnu/libpng12.so.0.49.0
7fc24bfc7000-7fc24c1c6000 ---p 00025000 08:07 5242946                    /lib/x86_64-linux-gnu/libpng12.so.0.49.0
7fc24c1c6000-7fc24c1c7000 r--p 00024000 08:07 5242946                    /lib/x86_64-linux-gnu/libpng12.so.0.49.0
7fc24c1c7000-7fc24c1c8000 rw-p 00025000 08:07 5242946                    /lib/x86_64-linux-gnu/libpng12.so.0.49.0
7fc24c1c8000-7fc24c1ea000 r-xp 00000000 08:07 8258538                    /usr/lib/x86_64-linux-gnu/mesa-egl/libEGL.so.1.0.0
7fc24c1ea000-7fc24c3ea000 ---p 00022000 08:07 8258538                    /usr/lib/x86_64-linux-gnu/mesa-egl/libEGL.so.1.0.0
7fc24c3ea000-7fc24c3eb000 r--p 00022000 08:07 8258538                    /usr/lib/x86_64-linux-gnu/mesa-egl/libEGL.so.1.0.0
7fc24c3eb000-7fc24c3ec000 rw-p 00023000 08:07 8258538                    /usr/lib/x86_64-linux-gnu/mesa-egl/libEGL.so.1.0.0
7fc24c3ec000-7fc24c48d000 r-xp 00000000 08:07 7864906                    /usr/lib/x86_64-linux-gnu/libpixman-1.so.0.30.2
7fc24c48d000-7fc24c68d000 ---p 000a1000 08:07 7864906                    /usr/lib/x86_64-linux-gnu/libpixman-1.so.0.30.2
7fc24c68d000-7fc24c694000 r--p 000a1000 08:07 7864906                    /usr/lib/x86_64-linux-gnu/libpixman-1.so.0.30.2
7fc24c694000-7fc24c695000 rw-p 000a8000 08:07 7864906                    /usr/lib/x86_64-linux-gnu/libpixman-1.so.0.30.2
7fc24c695000-7fc24c69a000 r-xp 00000000 08:07 7871525                    /usr/lib/x86_64-linux-gnu/libXdmcp.so.6.0.0
7fc24c69a000-7fc24c899000 ---p 00005000 08:07 7871525                    /usr/lib/x86_64-linux-gnu/libXdmcp.so.6.0.0
7fc24c899000-7fc24c89a000 r--p 00004000 08:07 7871525                    /usr/lib/x86_64-linux-gnu/libXdmcp.so.6.0.0
7fc24c89a000-7fc24c89b000 rw-p 00005000 08:07 7871525                    /usr/lib/x86_64-linux-gnu/libXdmcp.so.6.0.0
7fc24c89b000-7fc24c89d000 r-xp 00000000 08:07 7875069                    /usr/lib/x86_64-linux-gnu/libXau.so.6.0.0
7fc24c89d000-7fc24ca9d000 ---p 00002000 08:07 7875069                    /usr/lib/x86_64-linux-gnu/libXau.so.6.0.0
7fc24ca9d000-7fc24ca9e000 r--p 00002000 08:07 7875069                    /usr/lib/x86_64-linux-gnu/libXau.so.6.0.0
7fc24ca9e000-7fc24ca9f000 rw-p 00003000 08:07 7875069                    /usr/lib/x86_64-linux-gnu/libXau.so.6.0.0
7fc24ca9f000-7fc24caae000 r-xp 00000000 08:07 7866479                    /usr/lib/x86_64-linux-gnu/libavahi-client.so.3.2.9
7fc24caae000-7fc24ccae000 ---p 0000f000 08:07 7866479                    /usr/lib/x86_64-linux-gnu/libavahi-client.so.3.2.9
7fc24ccae000-7fc24ccaf000 r--p 0000f000 08:07 7866479                    /usr/lib/x86_64-linux-gnu/libavahi-client.so.3.2.9
7fc24ccaf000-7fc24ccb0000 rw-p 00010000 08:07 7866479                    /usr/lib/x86_64-linux-gnu/libavahi-client.so.3.2.9
7fc24ccb0000-7fc24ccbb000 r-xp 00000000 08:07 7864426                    /usr/lib/x86_64-linux-gnu/libavahi-common.so.3.5.3
7fc24ccbb000-7fc24ceba000 ---p 0000b000 08:07 7864426                    /usr/lib/x86_64-linux-gnu/libavahi-common.so.3.5.3
7fc24ceba000-7fc24cebb000 r--p 0000a000 08:07 7864426                    /usr/lib/x86_64-linux-gnu/libavahi-common.so.3.5.3
7fc24cebb000-7fc24cebc000 rw-p 0000b000 08:07 7864426                    /usr/lib/x86_64-linux-gnu/libavahi-common.so.3.5.3
7fc24cebc000-7fc24cf72000 r-xp 00000000 08:07 7866371                    /usr/lib/x86_64-linux-gnu/libgnutls.so.26.22.6
7fc24cf72000-7fc24d172000 ---p 000b6000 08:07 7866371                    /usr/lib/x86_64-linux-gnu/libgnutls.so.26.22.6
7fc24d172000-7fc24d178000 r--p 000b6000 08:07 7866371                    /usr/lib/x86_64-linux-gnu/libgnutls.so.26.22.6
7fc24d178000-7fc24d179000 rw-p 000bc000 08:07 7866371                    /usr/lib/x86_64-linux-gnu/libgnutls.so.26.22.6
7fc24d179000-7fc24d17a000 rw-p 00000000 00:00 0 
7fc24d17a000-7fc24d1b5000 r-xp 00000000 08:07 7866383                    /usr/lib/x86_64-linux-gnu/libgssapi_krb5.so.2.2
7fc24d1b5000-7fc24d3b5000 ---p 0003b000 08:07 7866383                    /usr/lib/x86_64-linux-gnu/libgssapi_krb5.so.2.2
7fc24d3b5000-7fc24d3b6000 r--p 0003b000 08:07 7866383                    /usr/lib/x86_64-linux-gnu/libgssapi_krb5.so.2.2
7fc24d3b6000-7fc24d3b8000 rw-p 0003c000 08:07 7866383                    /usr/lib/x86_64-linux-gnu/libgssapi_krb5.so.2.2
7fc24d3b8000-7fc24d3df000 r-xp 00000000 08:07 5243699                    /lib/x86_64-linux-gnu/libexpat.so.1.6.0
7fc24d3df000-7fc24d5df000 ---p 00027000 08:07 5243699                    /lib/x86_64-linux-gnu/libexpat.so.1.6.0
7fc24d5df000-7fc24d5e1000 r--p 00027000 08:07 5243699                    /lib/x86_64-linux-gnu/libexpat.so.1.6.0
7fc24d5e1000-7fc24d5e2000 rw-p 00029000 08:07 5243699                    /lib/x86_64-linux-gnu/libexpat.so.1.6.0
7fc24d5e2000-7fc24d67e000 r-xp 00000000 08:07 7866495                    /usr/lib/x86_64-linux-gnu/libfreetype.so.6.10.1
7fc24d67e000-7fc24d87e000 ---p 0009c000 08:07 7866495                    /usr/lib/x86_64-linux-gnu/libfreetype.so.6.10.1
7fc24d87e000-7fc24d883000 r--p 0009c000 08:07 7866495                    /usr/lib/x86_64-linux-gnu/libfreetype.so.6.10.1
7fc24d883000-7fc24d884000 rw-p 000a1000 08:07 7866495                    /usr/lib/x86_64-linux-gnu/libfreetype.so.6.10.1
7fc24d884000-7fc24d88c000 r-xp 00000000 08:07 7865670                    /usr/lib/x86_64-linux-gnu/libthai.so.0.2.0
7fc24d88c000-7fc24da8b000 ---p 00008000 08:07 7865670                    /usr/lib/x86_64-linux-gnu/libthai.so.0.2.0
7fc24da8b000-7fc24da8c000 r--p 00007000 08:07 7865670                    /usr/lib/x86_64-linux-gnu/libthai.so.0.2.0
7fc24da8c000-7fc24da8d000 rw-p 00008000 08:07 7865670                    /usr/lib/x86_64-linux-gnu/libthai.so.0.2.0
7fc24da8d000-7fc24da8f000 r-xp 00000000 08:07 7870105                    /usr/lib/x86_64-linux-gnu/libXdamage.so.1.1.0
7fc24da8f000-7fc24dc8e000 ---p 00002000 08:07 7870105                    /usr/lib/x86_64-linux-gnu/libXdamage.so.1.1.0
7fc24dc8e000-7fc24dc8f000 r--p 00001000 08:07 7870105                    /usr/lib/x86_64-linux-gnu/libXdamage.so.1.1.0
7fc24dc8f000-7fc24dc90000 rw-p 00002000 08:07 7870105                    /usr/lib/x86_64-linux-gnu/libXdamage.so.1.1.0
7fc24dc90000-7fc24dc92000 r-xp 00000000 08:07 7870095                    /usr/lib/x86_64-linux-gnu/libXcomposite.so.1.0.0
7fc24dc92000-7fc24de91000 ---p 00002000 08:07 7870095                    /usr/lib/x86_64-linux-gnu/libXcomposite.so.1.0.0
7fc24de91000-7fc24de92000 r--p 00001000 08:07 7870095                    /usr/lib/x86_64-linux-gnu/libXcomposite.so.1.0.0
7fc24de92000-7fc24de93000 rw-p 00002000 08:07 7870095                    /usr/lib/x86_64-linux-gnu/libXcomposite.so.1.0.0
7fc24de93000-7fc24de9c000 r-xp 00000000 08:07 7870100                    /usr/lib/x86_64-linux-gnu/libXcursor.so.1.0.2
7fc24de9c000-7fc24e09b000 ---p 00009000 08:07 7870100                    /usr/lib/x86_64-linux-gnu/libXcursor.so.1.0.2
7fc24e09b000-7fc24e09c000 r--p 00008000 08:07 7870100                    /usr/lib/x86_64-linux-gnu/libXcursor.so.1.0.2
7fc24e09c000-7fc24e09d000 rw-p 00009000 08:07 7870100                    /usr/lib/x86_64-linux-gnu/libXcursor.so.1.0.2
7fc24e09d000-7fc24e0a6000 r-xp 00000000 08:07 7870144                    /usr/lib/x86_64-linux-gnu/libXrandr.so.2.2.0
7fc24e0a6000-7fc24e2a5000 ---p 00009000 08:07 7870144                    /usr/lib/x86_64-linux-gnu/libXrandr.so.2.2.0
7fc24e2a5000-7fc24e2a6000 r--p 00008000 08:07 7870144                    /usr/lib/x86_64-linux-gnu/libXrandr.so.2.2.0
7fc24e2a6000-7fc24e2a7000 rw-p 00009000 08:07 7870144                    /usr/lib/x86_64-linux-gnu/libXrandr.so.2.2.0
7fc24e2a7000-7fc24e2a9000 r-xp 00000000 08:07 7870112                    /usr/lib/x86_64-linux-gnu/libXinerama.so.1.0.0
7fc24e2a9000-7fc24e4a8000 ---p 00002000 08:07 7870112                    /usr/lib/x86_64-linux-gnu/libXinerama.so.1.0.0
7fc24e4a8000-7fc24e4a9000 r--p 00001000 08:07 7870112                    /usr/lib/x86_64-linux-gnu/libXinerama.so.1.0.0
7fc24e4a9000-7fc24e4aa000 rw-p 00002000 08:07 7870112                    /usr/lib/x86_64-linux-gnu/libXinerama.so.1.0.0
7fc24e4aa000-7fc24e4be000 r-xp 00000000 08:07 7871143                    /usr/lib/x86_64-linux-gnu/libpangoft2-1.0.so.0.3200.5
7fc24e4be000-7fc24e6bd000 ---p 00014000 08:07 7871143                    /usr/lib/x86_64-linux-gnu/libpangoft2-1.0.so.0.3200.5
7fc24e6bd000-7fc24e6be000 r--p 00013000 08:07 7871143                    /usr/lib/x86_64-linux-gnu/libpangoft2-1.0.so.0.3200.5
7fc24e6be000-7fc24e6bf000 rw-p 00014000 08:07 7871143                    /usr/lib/x86_64-linux-gnu/libpangoft2-1.0.so.0.3200.5
7fc24e6bf000-7fc24e7d8000 r-xp 00000000 08:07 7866335                    /usr/lib/x86_64-linux-gnu/libcairo.so.2.11200.16
7fc24e7d8000-7fc24e9d8000 ---p 00119000 08:07 7866335                    /usr/lib/x86_64-linux-gnu/libcairo.so.2.11200.16
7fc24e9d8000-7fc24e9db000 r--p 00119000 08:07 7866335                    /usr/lib/x86_64-linux-gnu/libcairo.so.2.11200.16
7fc24e9db000-7fc24e9dd000 rw-p 0011c000 08:07 7866335                    /usr/lib/x86_64-linux-gnu/libcairo.so.2.11200.16
7fc24e9dd000-7fc24e9de000 rw-p 00000000 00:00 0 
7fc24e9de000-7fc24e9fd000 r-xp 00000000 08:07 7869937                    /usr/lib/x86_64-linux-gnu/libatk-1.0.so.0.21009.1
7fc24e9fd000-7fc24ebfd000 ---p 0001f000 08:07 7869937                    /usr/lib/x86_64-linux-gnu/libatk-1.0.so.0.21009.1
7fc24ebfd000-7fc24ebff000 r--p 0001f000 08:07 7869937                    /usr/lib/x86_64-linux-gnu/libatk-1.0.so.0.21009.1
7fc24ebff000-7fc24ec00000 rw-p 00021000 08:07 7869937                    /usr/lib/x86_64-linux-gnu/libatk-1.0.so.0.21009.1
7fc24ec00000-7fc24ec05000 r-xp 00000000 08:07 7869474                    /usr/lib/x86_64-linux-gnu/libXfixes.so.3.1.0
7fc24ec05000-7fc24ee04000 ---p 00005000 08:07 7869474                    /usr/lib/x86_64-linux-gnu/libXfixes.so.3.1.0
7fc24ee04000-7fc24ee05000 r--p 00004000 08:07 7869474                    /usr/lib/x86_64-linux-gnu/libXfixes.so.3.1.0
7fc24ee05000-7fc24ee06000 rw-p 00005000 08:07 7869474                    /usr/lib/x86_64-linux-gnu/libXfixes.so.3.1.0
7fc24ee06000-7fc24ee11000 r-xp 00000000 08:07 7871123                    /usr/lib/x86_64-linux-gnu/libpangocairo-1.0.so.0.3200.5
7fc24ee11000-7fc24f011000 ---p 0000b000 08:07 7871123                    /usr/lib/x86_64-linux-gnu/libpangocairo-1.0.so.0.3200.5
7fc24f011000-7fc24f012000 r--p 0000b000 08:07 7871123                    /usr/lib/x86_64-linux-gnu/libpangocairo-1.0.so.0.3200.5
7fc24f012000-7fc24f013000 rw-p 0000c000 08:07 7871123                    /usr/lib/x86_64-linux-gnu/libpangocairo-1.0.so.0.3200.5
7fc24f013000-7fc24f030000 r-xp 00000000 08:07 7866414                    /usr/lib/x86_64-linux-gnu/libxcb.so.1.1.0
7fc24f030000-7fc24f22f000 ---p 0001d000 08:07 7866414                    /usr/lib/x86_64-linux-gnu/libxcb.so.1.1.0
7fc24f22f000-7fc24f230000 r--p 0001c000 08:07 7866414                    /usr/lib/x86_64-linux-gnu/libxcb.so.1.1.0
7fc24f230000-7fc24f231000 rw-p 0001d000 08:07 7866414                    /usr/lib/x86_64-linux-gnu/libxcb.so.1.1.0
7fc24f231000-7fc24f29d000 r-xp 00000000 08:07 7864762                    /usr/lib/x86_64-linux-gnu/libcups.so.2
7fc24f29d000-7fc24f49c000 ---p 0006c000 08:07 7864762                    /usr/lib/x86_64-linux-gnu/libcups.so.2
7fc24f49c000-7fc24f4a3000 r--p 0006b000 08:07 7864762                    /usr/lib/x86_64-linux-gnu/libcups.so.2
7fc24f4a3000-7fc24f4a4000 rw-p 00072000 08:07 7864762                    /usr/lib/x86_64-linux-gnu/libcups.so.2
7fc24f4a4000-7fc24f4a5000 r-xp 00000000 08:07 7869943                    /usr/lib/x86_64-linux-gnu/libgthread-2.0.so.0.3800.1
7fc24f4a5000-7fc24f6a4000 ---p 00001000 08:07 7869943                    /usr/lib/x86_64-linux-gnu/libgthread-2.0.so.0.3800.1
7fc24f6a4000-7fc24f6a5000 r--p 00000000 08:07 7869943                    /usr/lib/x86_64-linux-gnu/libgthread-2.0.so.0.3800.1
7fc24f6a5000-7fc24f6a6000 rw-p 00001000 08:07 7869943                    /usr/lib/x86_64-linux-gnu/libgthread-2.0.so.0.3800.1
7fc24f6a6000-7fc24f6df000 r-xp 00000000 08:07 7876035                    /usr/lib/x86_64-linux-gnu/libfontconfig.so.1.7.0
7fc24f6df000-7fc24f8df000 ---p 00039000 08:07 7876035                    /usr/lib/x86_64-linux-gnu/libfontconfig.so.1.7.0
7fc24f8df000-7fc24f8e1000 r--p 00039000 08:07 7876035                    /usr/lib/x86_64-linux-gnu/libfontconfig.so.1.7.0
7fc24f8e1000-7fc24f8e2000 rw-p 0003b000 08:07 7876035                    /usr/lib/x86_64-linux-gnu/libfontconfig.so.1.7.0
7fc24f8e2000-7fc24f92c000 r-xp 00000000 08:07 7871098                    /usr/lib/x86_64-linux-gnu/libpango-1.0.so.0.3200.5
7fc24f92c000-7fc24fb2b000 ---p 0004a000 08:07 7871098                    /usr/lib/x86_64-linux-gnu/libpango-1.0.so.0.3200.5
7fc24fb2b000-7fc24fb2d000 r--p 00049000 08:07 7871098                    /usr/lib/x86_64-linux-gnu/libpango-1.0.so.0.3200.5
7fc24fb2d000-7fc24fb2e000 rw-p 0004b000 08:07 7871098                    /usr/lib/x86_64-linux-gnu/libpango-1.0.so.0.3200.5
7fc24fb2e000-7fc24fb4d000 r-xp 00000000 08:07 7870068                    /usr/lib/x86_64-linux-gnu/libgdk_pixbuf-2.0.so.0.2800.1
7fc24fb4d000-7fc24fd4c000 ---p 0001f000 08:07 7870068                    /usr/lib/x86_64-linux-gnu/libgdk_pixbuf-2.0.so.0.2800.1
7fc24fd4c000-7fc24fd4d000 r--p 0001e000 08:07 7870068                    /usr/lib/x86_64-linux-gnu/libgdk_pixbuf-2.0.so.0.2800.1
7fc24fd4d000-7fc24fd4e000 rw-p 0001f000 08:07 7870068                    /usr/lib/x86_64-linux-gnu/libgdk_pixbuf-2.0.so.0.2800.1
7fc24fd4e000-7fc24fdfb000 r-xp 00000000 08:07 7870298                    /usr/lib/x86_64-linux-gnu/libgdk-x11-2.0.so.0.2400.20
7fc24fdfb000-7fc24fffa000 ---p 000ad000 08:07 7870298                    /usr/lib/x86_64-linux-gnu/libgdk-x11-2.0.so.0.2400.20
7fc24fffa000-7fc24fffe000 r--p 000ac000 08:07 7870298                    /usr/lib/x86_64-linux-gnu/libgdk-x11-2.0.so.0.2400.20
7fc24fffe000-7fc250000000 rw-p 000b0000 08:07 7870298                    /usr/lib/x86_64-linux-gnu/libgdk-x11-2.0.so.0.2400.20
7fc250000000-7fc25234a000 rw-p 00000000 00:00 0 
7fc25234a000-7fc254000000 ---p 00000000 00:00 0 
7fc254000000-7fc254021000 rw-p 00000000 00:00 0 
7fc254021000-7fc258000000 ---p 00000000 00:00 0 
7fc258000000-7fc258021000 rw-p 00000000 00:00 0 
7fc258021000-7fc25c000000 ---p 00000000 00:00 0 
7fc25c000000-7fc25c021000 rw-p 00000000 00:00 0 
7fc25c021000-7fc260000000 ---p 00000000 00:00 0 
7fc260000000-7fc261803000 rw-p 00000000 00:00 0 
7fc261803000-7fc264000000 ---p 00000000 00:00 0 
7fc264000000-7fc264021000 rw-p 00000000 00:00 0 
7fc264021000-7fc268000000 ---p 00000000 00:00 0 
7fc268000000-7fc268021000 rw-p 00000000 00:00 0 
7fc268021000-7fc26c000000 ---p 00000000 00:00 0 
7fc26c000000-7fc26ca01000 rw-p 00000000 00:00 0 
7fc26ca01000-7fc270000000 ---p 00000000 00:00 0 
7fc270000000-7fc270021000 rw-p 00000000 00:00 0 
7fc270021000-7fc274000000 ---p 00000000 00:00 0 
7fc274000000-7fc274021000 rw-p 00000000 00:00 0 
7fc274021000-7fc278000000 ---p 00000000 00:00 0 
7fc278000000-7fc278021000 rw-p 00000000 00:00 0 
7fc278021000-7fc27c000000 ---p 00000000 00:00 0 
7fc27c000000-7fc27c021000 rw-p 00000000 00:00 0 
7fc27c021000-7fc280000000 ---p 00000000 00:00 0 
7fc280000000-7fc280021000 rw-p 00000000 00:00 0 
7fc280021000-7fc284000000 ---p 00000000 00:00 0 
7fc284000000-7fc284021000 rw-p 00000000 00:00 0 
7fc284021000-7fc288000000 ---p 00000000 00:00 0 
7fc28805a000-7fc28805d000 ---p 00000000 00:00 0 
7fc28805d000-7fc28815b000 rw-p 00000000 00:00 0                          [stack:3401]
7fc28815b000-7fc28858a000 r-xp 00000000 08:07 7870297                    /usr/lib/x86_64-linux-gnu/libgtk-x11-2.0.so.0.2400.20
7fc28858a000-7fc288789000 ---p 0042f000 08:07 7870297                    /usr/lib/x86_64-linux-gnu/libgtk-x11-2.0.so.0.2400.20
7fc288789000-7fc288790000 r--p 0042e000 08:07 7870297                    /usr/lib/x86_64-linux-gnu/libgtk-x11-2.0.so.0.2400.20
7fc288790000-7fc288794000 rw-p 00435000 08:07 7870297                    /usr/lib/x86_64-linux-gnu/libgtk-x11-2.0.so.0.2400.20
7fc288794000-7fc288797000 rw-p 00000000 00:00 0 
7fc288797000-7fc2887a6000 r-xp 00000000 08:07 7867250                    /usr/lib/x86_64-linux-gnu/libXi.so.6.1.0
7fc2887a6000-7fc2889a5000 ---p 0000f000 08:07 7867250                    /usr/lib/x86_64-linux-gnu/libXi.so.6.1.0
7fc2889a5000-7fc2889a6000 r--p 0000e000 08:07 7867250                    /usr/lib/x86_64-linux-gnu/libXi.so.6.1.0
7fc2889a6000-7fc2889a7000 rw-p 0000f000 08:07 7867250                    /usr/lib/x86_64-linux-gnu/libXi.so.6.1.0
7fc2889a7000-7fc2889ac000 r-xp 00000000 08:07 7869958                    /usr/lib/x86_64-linux-gnu/libXtst.so.6.1.0
7fc2889ac000-7fc288bab000 ---p 00005000 08:07 7869958                    /usr/lib/x86_64-linux-gnu/libXtst.so.6.1.0
7fc288bab000-7fc288bac000 r--p 00004000 08:07 7869958                    /usr/lib/x86_64-linux-gnu/libXtst.so.6.1.0
7fc288bac000-7fc288bad000 rw-p 00005000 08:07 7869958                    /usr/lib/x86_64-linux-gnu/libXtst.so.6.1.0
7fc288bad000-7fc288bb6000 r-xp 00000000 08:07 7870002                    /usr/lib/x86_64-linux-gnu/libXrender.so.1.3.0
7fc288bb6000-7fc288db5000 ---p 00009000 08:07 7870002                    /usr/lib/x86_64-linux-gnu/libXrender.so.1.3.0
7fc288db5000-7fc288db6000 r--p 00008000 08:07 7870002                    /usr/lib/x86_64-linux-gnu/libXrender.so.1.3.0
7fc288db6000-7fc288db7000 rw-p 00009000 08:07 7870002                    /usr/lib/x86_64-linux-gnu/libXrender.so.1.3.0
7fc288db7000-7fc288ee7000 r-xp 00000000 08:07 7875046                    /usr/lib/x86_64-linux-gnu/libX11.so.6.3.0
7fc288ee7000-7fc2890e7000 ---p 00130000 08:07 7875046                    /usr/lib/x86_64-linux-gnu/libX11.so.6.3.0
7fc2890e7000-7fc2890e8000 r--p 00130000 08:07 7875046                    /usr/lib/x86_64-linux-gnu/libX11.so.6.3.0
7fc2890e8000-7fc2890ec000 rw-p 00131000 08:07 7875046                    /usr/lib/x86_64-linux-gnu/libX11.so.6.3.0
7fc2890ec000-7fc2890fd000 r-xp 00000000 08:07 7869451                    /usr/lib/x86_64-linux-gnu/libXext.so.6.4.0
7fc2890fd000-7fc2892fc000 ---p 00011000 08:07 7869451                    /usr/lib/x86_64-linux-gnu/libXext.so.6.4.0
7fc2892fc000-7fc2892fd000 r--p 00010000 08:07 7869451                    /usr/lib/x86_64-linux-gnu/libXext.so.6.4.0
7fc2892fd000-7fc2892fe000 rw-p 00011000 08:07 7869451                    /usr/lib/x86_64-linux-gnu/libXext.so.6.4.0
7fc2892fe000-7fc28934f000 r-xp 00000000 08:07 8128062                    /usr/lib/jvm/java-7-openjdk-amd64/jre/lib/amd64/xawt/libmawt.so
7fc28934f000-7fc28954e000 ---p 00051000 08:07 8128062                    /usr/lib/jvm/java-7-openjdk-amd64/jre/lib/amd64/xawt/libmawt.so
7fc28954e000-7fc28954f000 r--p 00050000 08:07 8128062                    /usr/lib/jvm/java-7-openjdk-amd64/jre/lib/amd64/xawt/libmawt.so
7fc28954f000-7fc289552000 rw-p 00051000 08:07 8128062                    /usr/lib/jvm/java-7-openjdk-amd64/jre/lib/amd64/xawt/libmawt.so
7fc289552000-7fc289553000 rw-p 00000000 00:00 0 
7fc289553000-7fc2895f4000 r-xp 00000000 08:07 8130209                    /usr/lib/jvm/java-7-openjdk-amd64/jre/lib/amd64/libawt.so
7fc2895f4000-7fc2897f3000 ---p 000a1000 08:07 8130209                    /usr/lib/jvm/java-7-openjdk-amd64/jre/lib/amd64/libawt.so
7fc2897f3000-7fc2897f4000 r--p 000a0000 08:07 8130209                    /usr/lib/jvm/java-7-openjdk-amd64/jre/lib/amd64/libawt.so
7fc2897f4000-7fc2897ff000 rw-p 000a1000 08:07 8130209                    /usr/lib/jvm/java-7-openjdk-amd64/jre/lib/amd64/libawt.so
7fc2897ff000-7fc289824000 rw-p 00000000 00:00 0 
7fc289824000-7fc289861000 r-xp 00000000 08:07 5246690                    /lib/x86_64-linux-gnu/libpcre.so.3.13.1
7fc289861000-7fc289a61000 ---p 0003d000 08:07 5246690                    /lib/x86_64-linux-gnu/libpcre.so.3.13.1
7fc289a61000-7fc289a62000 r--p 0003d000 08:07 5246690                    /lib/x86_64-linux-gnu/libpcre.so.3.13.1
7fc289a62000-7fc289a63000 rw-p 0003e000 08:07 5246690                    /lib/x86_64-linux-gnu/libpcre.so.3.13.1
7fc289a63000-7fc289a6a000 r-xp 00000000 08:07 7866333                    /usr/lib/x86_64-linux-gnu/libffi.so.6.0.1
7fc289a6a000-7fc289c69000 ---p 00007000 08:07 7866333                    /usr/lib/x86_64-linux-gnu/libffi.so.6.0.1
7fc289c69000-7fc289c6a000 r--p 00006000 08:07 7866333                    /usr/lib/x86_64-linux-gnu/libffi.so.6.0.1
7fc289c6a000-7fc289c6b000 rw-p 00007000 08:07 7866333                    /usr/lib/x86_64-linux-gnu/libffi.so.6.0.1
7fc289c6b000-7fc289c81000 r-xp 00000000 08:07 5246563                    /lib/x86_64-linux-gnu/libresolv-2.17.so
7fc289c81000-7fc289e81000 ---p 00016000 08:07 5246563                    /lib/x86_64-linux-gnu/libresolv-2.17.so
7fc289e81000-7fc289e82000 r--p 00016000 08:07 5246563                    /lib/x86_64-linux-gnu/libresolv-2.17.so
7fc289e82000-7fc289e83000 rw-p 00017000 08:07 5246563                    /lib/x86_64-linux-gnu/libresolv-2.17.so
7fc289e83000-7fc289e85000 rw-p 00000000 00:00 0 
7fc289e85000-7fc289ea4000 r-xp 00000000 08:07 5252600                    /lib/x86_64-linux-gnu/libselinux.so.1
7fc289ea4000-7fc28a0a4000 ---p 0001f000 08:07 5252600                    /lib/x86_64-linux-gnu/libselinux.so.1
7fc28a0a4000-7fc28a0a5000 r--p 0001f000 08:07 5252600                    /lib/x86_64-linux-gnu/libselinux.so.1
7fc28a0a5000-7fc28a0a6000 rw-p 00020000 08:07 5252600                    /lib/x86_64-linux-gnu/libselinux.so.1
7fc28a0a6000-7fc28a0a7000 rw-p 00000000 00:00 0 
7fc28a0a7000-7fc28a0aa000 r-xp 00000000 08:07 7869944                    /usr/lib/x86_64-linux-gnu/libgmodule-2.0.so.0.3800.1
7fc28a0aa000-7fc28a2a9000 ---p 00003000 08:07 7869944                    /usr/lib/x86_64-linux-gnu/libgmodule-2.0.so.0.3800.1
7fc28a2a9000-7fc28a2aa000 r--p 00002000 08:07 7869944                    /usr/lib/x86_64-linux-gnu/libgmodule-2.0.so.0.3800.1
7fc28a2aa000-7fc28a2ab000 rw-p 00003000 08:07 7869944                    /usr/lib/x86_64-linux-gnu/libgmodule-2.0.so.0.3800.1
7fc28a2ab000-7fc28a3a9000 r-xp 00000000 08:07 5242917                    /lib/x86_64-linux-gnu/libglib-2.0.so.0.3800.1
7fc28a3a9000-7fc28a5a9000 ---p 000fe000 08:07 5242917                    /lib/x86_64-linux-gnu/libglib-2.0.so.0.3800.1
7fc28a5a9000-7fc28a5aa000 r--p 000fe000 08:07 5242917                    /lib/x86_64-linux-gnu/libglib-2.0.so.0.3800.1
7fc28a5aa000-7fc28a5ab000 rw-p 000ff000 08:07 5242917                    /lib/x86_64-linux-gnu/libglib-2.0.so.0.3800.1
7fc28a5ab000-7fc28a5ac000 rw-p 00000000 00:00 0 
7fc28a5ac000-7fc28a5fb000 r-xp 00000000 08:07 7869942                    /usr/lib/x86_64-linux-gnu/libgobject-2.0.so.0.3800.1
7fc28a5fb000-7fc28a7fb000 ---p 0004f000 08:07 7869942                    /usr/lib/x86_64-linux-gnu/libgobject-2.0.so.0.3800.1
7fc28a7fb000-7fc28a7fc000 r--p 0004f000 08:07 7869942                    /usr/lib/x86_64-linux-gnu/libgobject-2.0.so.0.3800.1
7fc28a7fc000-7fc28a7fd000 rw-p 00050000 08:07 7869942                    /usr/lib/x86_64-linux-gnu/libgobject-2.0.so.0.3800.1
7fc28a7fd000-7fc28a800000 ---p 00000000 00:00 0 
7fc28a800000-7fc28affe000 rw-p 00000000 00:00 0                          [stack:3376]
7fc28affe000-7fc28afff000 ---p 00000000 00:00 0 
7fc28afff000-7fc28b7ff000 rw-p 00000000 00:00 0                          [stack:3375]
7fc28b7ff000-7fc28b800000 ---p 00000000 00:00 0 
7fc28b800000-7fc28c000000 rw-p 00000000 00:00 0                          [stack:3374]
7fc28c000000-7fc28c021000 rw-p 00000000 00:00 0 
7fc28c021000-7fc290000000 ---p 00000000 00:00 0 
7fc290093000-7fc290096000 ---p 00000000 00:00 0 
7fc290096000-7fc290194000 rw-p 00000000 00:00 0                          [stack:3400]
7fc290194000-7fc2902f0000 r-xp 00000000 08:07 7869941                    /usr/lib/x86_64-linux-gnu/libgio-2.0.so.0.3800.1
7fc2902f0000-7fc2904ef000 ---p 0015c000 08:07 7869941                    /usr/lib/x86_64-linux-gnu/libgio-2.0.so.0.3800.1
7fc2904ef000-7fc2904f3000 r--p 0015b000 08:07 7869941                    /usr/lib/x86_64-linux-gnu/libgio-2.0.so.0.3800.1
7fc2904f3000-7fc2904f5000 rw-p 0015f000 08:07 7869941                    /usr/lib/x86_64-linux-gnu/libgio-2.0.so.0.3800.1
7fc2904f5000-7fc2904f7000 rw-p 00000000 00:00 0 
7fc2904f7000-7fc29050d000 r-xp 00000000 08:07 8130198                    /usr/lib/jvm/java-7-openjdk-amd64/jre/lib/amd64/libnet.so
7fc29050d000-7fc29070c000 ---p 00016000 08:07 8130198                    /usr/lib/jvm/java-7-openjdk-amd64/jre/lib/amd64/libnet.so
7fc29070c000-7fc29070d000 r--p 00015000 08:07 8130198                    /usr/lib/jvm/java-7-openjdk-amd64/jre/lib/amd64/libnet.so
7fc29070d000-7fc29070e000 rw-p 00016000 08:07 8130198                    /usr/lib/jvm/java-7-openjdk-amd64/jre/lib/amd64/libnet.so
7fc29070e000-7fc290f65000 r-xp 00000000 08:07 3801126                    /home/shiwali/soar/SoarSuite/out/libSoar.so
7fc290f65000-7fc291165000 ---p 00857000 08:07 3801126                    /home/shiwali/soar/SoarSuite/out/libSoar.so
7fc291165000-7fc291176000 r--p 00857000 08:07 3801126                    /home/shiwali/soar/SoarSuite/out/libSoar.so
7fc291176000-7fc29118c000 rw-p 00868000 08:07 3801126                    /home/shiwali/soar/SoarSuite/out/libSoar.so
7fc29118c000-7fc291191000 rw-p 00000000 00:00 0 
7fc291191000-7fc2911ea000 r-xp 00000000 08:07 3805190                    /home/shiwali/soar/SoarSuite/out/libJava_sml_ClientInterface.so
7fc2911ea000-7fc2913ea000 ---p 00059000 08:07 3805190                    /home/shiwali/soar/SoarSuite/out/libJava_sml_ClientInterface.so
7fc2913ea000-7fc2913eb000 r--p 00059000 08:07 3805190                    /home/shiwali/soar/SoarSuite/out/libJava_sml_ClientInterface.so
7fc2913eb000-7fc2913ed000 rw-p 0005a000 08:07 3805190                    /home/shiwali/soar/SoarSuite/out/libJava_sml_ClientInterface.so
7fc2913ed000-7fc2913ee000 ---p 00000000 00:00 0 
7fc2913ee000-7fc2914ee000 rw-p 00000000 00:00 0                          [stack:3373]
7fc2914ee000-7fc2914f1000 ---p 00000000 00:00 0 
7fc2914f1000-7fc2915ef000 rw-p 00000000 00:00 0                          [stack:3372]
7fc2915ef000-7fc291cd0000 r--p 00000000 08:07 7870646                    /usr/lib/locale/locale-archive
7fc291cd0000-7fc295000000 rw-p 00000000 00:00 0 
7fc295000000-7fc295270000 rwxp 00000000 00:00 0 
7fc295270000-7fc29860d000 rw-p 00000000 00:00 0 
7fc29860d000-7fc29c000000 ---p 00000000 00:00 0 
7fc29c059000-7fc29c05f000 rw-s 00000000 00:04 327221265                  /SYSV00000000 (deleted)
7fc29c05f000-7fc29c063000 r--s 00039000 08:07 2886744                    /home/shiwali/InstructoSoarII/probcog2/java/probcog.jar
7fc29c063000-7fc29c075000 r--s 00295000 08:07 786580                     /home/shiwali/InstructoSoarII/april/java/april.jar
7fc29c075000-7fc29c07e000 r--s 0005a000 08:07 3805643                    /home/shiwali/soar/SoarSuite/out/java/soar-debugger.jar
7fc29c07e000-7fc29c091000 r--s 00211000 08:07 3805649                    /home/shiwali/soar/SoarSuite/out/java/swt.jar
7fc29c091000-7fc29c0d3000 rw-p 00000000 00:00 0 
7fc29c0d3000-7fc29c0d6000 ---p 00000000 00:00 0 
7fc29c0d6000-7fc29c1d4000 rw-p 00000000 00:00 0                          [stack:3371]
7fc29c1d4000-7fc29c1d7000 ---p 00000000 00:00 0 
7fc29c1d7000-7fc29c2d5000 rw-p 00000000 00:00 0                          [stack:3370]
7fc29c2d5000-7fc29c2d8000 ---p 00000000 00:00 0 
7fc29c2d8000-7fc29c3d6000 rw-p 00000000 00:00 0                          [stack:3369]
7fc29c3d6000-7fc29c3d9000 ---p 00000000 00:00 0 
7fc29c3d9000-7fc29c4d7000 rw-p 00000000 00:00 0                          [stack:3368]
7fc29c4d7000-7fc29c4da000 ---p 00000000 00:00 0 
7fc29c4da000-7fc29c5d8000 rw-p 00000000 00:00 0                          [stack:3367]
7fc29c5d8000-7fc29c5d9000 ---p 00000000 00:00 0 
7fc29c5d9000-7fc29d6f9000 rw-p 00000000 00:00 0                          [stack:3366]
7fc29d6f9000-7fc29d8a6000 r--s 01cec000 08:07 8130116                    /usr/lib/jvm/java-7-openjdk-amd64/jre/lib/rt.jar
7fc29d8a6000-7fc29e59a000 rw-p 00000000 00:00 0 
7fc29e59a000-7fc29e59b000 ---p 00000000 00:00 0 
7fc29e59b000-7fc29e69b000 rw-p 00000000 00:00 0                          [stack:3361]
7fc29e69b000-7fc29e69c000 ---p 00000000 00:00 0 
7fc29e69c000-7fc29e79c000 rw-p 00000000 00:00 0                          [stack:3360]
7fc29e79c000-7fc29e79d000 ---p 00000000 00:00 0 
7fc29e79d000-7fc29e89d000 rw-p 00000000 00:00 0                          [stack:3359]
7fc29e89d000-7fc29e89e000 ---p 00000000 00:00 0 
7fc29e89e000-7fc29e9a9000 rw-p 00000000 00:00 0                          [stack:3358]
7fc29e9a9000-7fc29e9f1000 rw-p 00000000 00:00 0 
7fc29e9f1000-7fc29ea10000 rw-p 00000000 00:00 0 
7fc29ea10000-7fc29ebdc000 rw-p 00000000 00:00 0 
7fc29ebdc000-7fc29ebe7000 rw-p 00000000 00:00 0 
7fc29ebe7000-7fc29ec2f000 rw-p 00000000 00:00 0 
7fc29ec2f000-7fc29ec4e000 rw-p 00000000 00:00 0 
7fc29ec4e000-7fc29ee19000 rw-p 00000000 00:00 0 
7fc29ee19000-7fc29eeb5000 rw-p 00000000 00:00 0 
7fc29eeb5000-7fc29ef0f000 rw-p 00000000 00:00 0 
7fc29ef0f000-7fc29ef10000 rw-p 00000000 00:00 0 
7fc29ef10000-7fc29ef18000 r-xp 00000000 08:07 8130223                    /usr/lib/jvm/java-7-openjdk-amd64/jre/lib/amd64/libzip.so
7fc29ef18000-7fc29f117000 ---p 00008000 08:07 8130223                    /usr/lib/jvm/java-7-openjdk-amd64/jre/lib/amd64/libzip.so
7fc29f117000-7fc29f118000 r--p 00007000 08:07 8130223                    /usr/lib/jvm/java-7-openjdk-amd64/jre/lib/amd64/libzip.so
7fc29f118000-7fc29f119000 rw-p 00008000 08:07 8130223                    /usr/lib/jvm/java-7-openjdk-amd64/jre/lib/amd64/libzip.so
7fc29f119000-7fc29f125000 r-xp 00000000 08:07 5252128                    /lib/x86_64-linux-gnu/libnss_files-2.17.so
7fc29f125000-7fc29f324000 ---p 0000c000 08:07 5252128                    /lib/x86_64-linux-gnu/libnss_files-2.17.so
7fc29f324000-7fc29f325000 r--p 0000b000 08:07 5252128                    /lib/x86_64-linux-gnu/libnss_files-2.17.so
7fc29f325000-7fc29f326000 rw-p 0000c000 08:07 5252128                    /lib/x86_64-linux-gnu/libnss_files-2.17.so
7fc29f326000-7fc29f331000 r-xp 00000000 08:07 5246736                    /lib/x86_64-linux-gnu/libnss_nis-2.17.so
7fc29f331000-7fc29f530000 ---p 0000b000 08:07 5246736                    /lib/x86_64-linux-gnu/libnss_nis-2.17.so
7fc29f530000-7fc29f531000 r--p 0000a000 08:07 5246736                    /lib/x86_64-linux-gnu/libnss_nis-2.17.so
7fc29f531000-7fc29f532000 rw-p 0000b000 08:07 5246736                    /lib/x86_64-linux-gnu/libnss_nis-2.17.so
7fc29f532000-7fc29f549000 r-xp 00000000 08:07 5243692                    /lib/x86_64-linux-gnu/libnsl-2.17.so
7fc29f549000-7fc29f748000 ---p 00017000 08:07 5243692                    /lib/x86_64-linux-gnu/libnsl-2.17.so
7fc29f748000-7fc29f749000 r--p 00016000 08:07 5243692                    /lib/x86_64-linux-gnu/libnsl-2.17.so
7fc29f749000-7fc29f74a000 rw-p 00017000 08:07 5243692                    /lib/x86_64-linux-gnu/libnsl-2.17.so
7fc29f74a000-7fc29f74c000 rw-p 00000000 00:00 0 
7fc29f74c000-7fc29f754000 r-xp 00000000 08:07 5246561                    /lib/x86_64-linux-gnu/libnss_compat-2.17.so
7fc29f754000-7fc29f953000 ---p 00008000 08:07 5246561                    /lib/x86_64-linux-gnu/libnss_compat-2.17.so
7fc29f953000-7fc29f954000 r--p 00007000 08:07 5246561                    /lib/x86_64-linux-gnu/libnss_compat-2.17.so
7fc29f954000-7fc29f955000 rw-p 00008000 08:07 5246561                    /lib/x86_64-linux-gnu/libnss_compat-2.17.so
7fc29f955000-7fc29f980000 r-xp 00000000 08:07 8130208                    /usr/lib/jvm/java-7-openjdk-amd64/jre/lib/amd64/libjava.so
7fc29f980000-7fc29fb7f000 ---p 0002b000 08:07 8130208                    /usr/lib/jvm/java-7-openjdk-amd64/jre/lib/amd64/libjava.so
7fc29fb7f000-7fc29fb80000 r--p 0002a000 08:07 8130208                    /usr/lib/jvm/java-7-openjdk-amd64/jre/lib/amd64/libjava.so
7fc29fb80000-7fc29fb82000 rw-p 0002b000 08:07 8130208                    /usr/lib/jvm/java-7-openjdk-amd64/jre/lib/amd64/libjava.so
7fc29fb82000-7fc29fb92000 r-xp 00000000 08:07 8130207                    /usr/lib/jvm/java-7-openjdk-amd64/jre/lib/amd64/libverify.so
7fc29fb92000-7fc29fd91000 ---p 00010000 08:07 8130207                    /usr/lib/jvm/java-7-openjdk-amd64/jre/lib/amd64/libverify.so
7fc29fd91000-7fc29fd93000 r--p 0000f000 08:07 8130207                    /usr/lib/jvm/java-7-openjdk-amd64/jre/lib/amd64/libverify.so
7fc29fd93000-7fc29fd94000 rw-p 00011000 08:07 8130207                    /usr/lib/jvm/java-7-openjdk-amd64/jre/lib/amd64/libverify.so
7fc29fd94000-7fc29fd9b000 r-xp 00000000 08:07 5252129                    /lib/x86_64-linux-gnu/librt-2.17.so
7fc29fd9b000-7fc29ff9a000 ---p 00007000 08:07 5252129                    /lib/x86_64-linux-gnu/librt-2.17.so
7fc29ff9a000-7fc29ff9b000 r--p 00006000 08:07 5252129                    /lib/x86_64-linux-gnu/librt-2.17.so
7fc29ff9b000-7fc29ff9c000 rw-p 00007000 08:07 5252129                    /lib/x86_64-linux-gnu/librt-2.17.so
7fc29ff9c000-7fc29ffb1000 r-xp 00000000 08:07 5243965                    /lib/x86_64-linux-gnu/libgcc_s.so.1
7fc29ffb1000-7fc2a01b0000 ---p 00015000 08:07 5243965                    /lib/x86_64-linux-gnu/libgcc_s.so.1
7fc2a01b0000-7fc2a01b1000 r--p 00014000 08:07 5243965                    /lib/x86_64-linux-gnu/libgcc_s.so.1
7fc2a01b1000-7fc2a01b2000 rw-p 00015000 08:07 5243965                    /lib/x86_64-linux-gnu/libgcc_s.so.1
7fc2a01b2000-7fc2a02b5000 r-xp 00000000 08:07 5246566                    /lib/x86_64-linux-gnu/libm-2.17.so
7fc2a02b5000-7fc2a04b4000 ---p 00103000 08:07 5246566                    /lib/x86_64-linux-gnu/libm-2.17.so
7fc2a04b4000-7fc2a04b5000 r--p 00102000 08:07 5246566                    /lib/x86_64-linux-gnu/libm-2.17.so
7fc2a04b5000-7fc2a04b6000 rw-p 00103000 08:07 5246566                    /lib/x86_64-linux-gnu/libm-2.17.so
7fc2a04b6000-7fc2a059c000 r-xp 00000000 08:07 7864348                    /usr/lib/x86_64-linux-gnu/libstdc++.so.6.0.18
7fc2a059c000-7fc2a079b000 ---p 000e6000 08:07 7864348                    /usr/lib/x86_64-linux-gnu/libstdc++.so.6.0.18
7fc2a079b000-7fc2a07a3000 r--p 000e5000 08:07 7864348                    /usr/lib/x86_64-linux-gnu/libstdc++.so.6.0.18
7fc2a07a3000-7fc2a07a5000 rw-p 000ed000 08:07 7864348                    /usr/lib/x86_64-linux-gnu/libstdc++.so.6.0.18
7fc2a07a5000-7fc2a07ba000 rw-p 00000000 00:00 0 
7fc2a07ba000-7fc2a11c8000 r-xp 00000000 08:07 8130212                    /usr/lib/jvm/java-7-openjdk-amd64/jre/lib/amd64/server/libjvm.so
7fc2a11c8000-7fc2a13c7000 ---p 00a0e000 08:07 8130212                    /usr/lib/jvm/java-7-openjdk-amd64/jre/lib/amd64/server/libjvm.so
7fc2a13c7000-7fc2a1440000 r--p 00a0d000 08:07 8130212                    /usr/lib/jvm/java-7-openjdk-amd64/jre/lib/amd64/server/libjvm.so
7fc2a1440000-7fc2a1463000 rw-p 00a86000 08:07 8130212                    /usr/lib/jvm/java-7-openjdk-amd64/jre/lib/amd64/server/libjvm.so
7fc2a1463000-7fc2a148e000 rw-p 00000000 00:00 0 
7fc2a148e000-7fc2a14a6000 r-xp 00000000 08:07 5243951                    /lib/x86_64-linux-gnu/libz.so.1.2.8
7fc2a14a6000-7fc2a16a5000 ---p 00018000 08:07 5243951                    /lib/x86_64-linux-gnu/libz.so.1.2.8
7fc2a16a5000-7fc2a16a6000 r--p 00017000 08:07 5243951                    /lib/x86_64-linux-gnu/libz.so.1.2.8
7fc2a16a6000-7fc2a16a7000 rw-p 00018000 08:07 5243951                    /lib/x86_64-linux-gnu/libz.so.1.2.8
7fc2a16a7000-7fc2a16be000 r-xp 00000000 08:07 5252661                    /lib/x86_64-linux-gnu/libpthread-2.17.so
7fc2a16be000-7fc2a18be000 ---p 00017000 08:07 5252661                    /lib/x86_64-linux-gnu/libpthread-2.17.so
7fc2a18be000-7fc2a18bf000 r--p 00017000 08:07 5252661                    /lib/x86_64-linux-gnu/libpthread-2.17.so
7fc2a18bf000-7fc2a18c0000 rw-p 00018000 08:07 5252661                    /lib/x86_64-linux-gnu/libpthread-2.17.so
7fc2a18c0000-7fc2a18c4000 rw-p 00000000 00:00 0 
7fc2a18c4000-7fc2a18c7000 r-xp 00000000 08:07 5252660                    /lib/x86_64-linux-gnu/libdl-2.17.so
7fc2a18c7000-7fc2a1ac6000 ---p 00003000 08:07 5252660                    /lib/x86_64-linux-gnu/libdl-2.17.so
7fc2a1ac6000-7fc2a1ac7000 r--p 00002000 08:07 5252660                    /lib/x86_64-linux-gnu/libdl-2.17.so
7fc2a1ac7000-7fc2a1ac8000 rw-p 00003000 08:07 5252660                    /lib/x86_64-linux-gnu/libdl-2.17.so
7fc2a1ac8000-7fc2a1c85000 r-xp 00000000 08:07 5252659                    /lib/x86_64-linux-gnu/libc-2.17.so
7fc2a1c85000-7fc2a1e85000 ---p 001bd000 08:07 5252659                    /lib/x86_64-linux-gnu/libc-2.17.so
7fc2a1e85000-7fc2a1e89000 r--p 001bd000 08:07 5252659                    /lib/x86_64-linux-gnu/libc-2.17.so
7fc2a1e89000-7fc2a1e8b000 rw-p 001c1000 08:07 5252659                    /lib/x86_64-linux-gnu/libc-2.17.so
7fc2a1e8b000-7fc2a1e90000 rw-p 00000000 00:00 0 
7fc2a1e90000-7fc2a1e9d000 r-xp 00000000 08:07 8130121                    /usr/lib/jvm/java-7-openjdk-amd64/jre/lib/amd64/jli/libjli.so
7fc2a1e9d000-7fc2a209c000 ---p 0000d000 08:07 8130121                    /usr/lib/jvm/java-7-openjdk-amd64/jre/lib/amd64/jli/libjli.so
7fc2a209c000-7fc2a209d000 r--p 0000c000 08:07 8130121                    /usr/lib/jvm/java-7-openjdk-amd64/jre/lib/amd64/jli/libjli.so
7fc2a209d000-7fc2a209e000 rw-p 0000d000 08:07 8130121                    /usr/lib/jvm/java-7-openjdk-amd64/jre/lib/amd64/jli/libjli.so
7fc2a209e000-7fc2a20c1000 r-xp 00000000 08:07 5246634                    /lib/x86_64-linux-gnu/ld-2.17.so
7fc2a20c1000-7fc2a20c3000 rw-p 00000000 00:00 0 
7fc2a20c3000-7fc2a20c4000 r--s 00001000 08:07 3805335                    /home/shiwali/soar/SoarSuite/out/java/soar-debugger-api.jar
7fc2a20c4000-7fc2a20c5000 r--s 00003000 08:07 3805648                    /home/shiwali/soar/SoarSuite/out/java/swtgraphics2d.jar
7fc2a20c5000-7fc2a20c7000 r--s 00005000 08:07 3805321                    /home/shiwali/soar/SoarSuite/out/java/soar-smljava.jar
7fc2a20c7000-7fc2a20d0000 r--s 000bc000 08:07 8130271                    /usr/lib/jvm/java-7-openjdk-common/jre/lib/resources.jar
7fc2a20d0000-7fc2a20d3000 r--s 00018000 08:07 3805299                    /home/shiwali/soar/SoarSuite/out/java/sml.jar
7fc2a20d3000-7fc2a20d6000 r--s 0001d000 08:07 9833101                    /usr/local/share/java/lcm.jar
7fc2a20d6000-7fc2a20d9000 r--s 00028000 08:07 1707691                    /home/shiwali/InstructoSoarII/rosie/java/language/lgsoar.jar
7fc2a20d9000-7fc2a20e3000 rw-p 00000000 00:00 0 
7fc2a20e3000-7fc2a2199000 rw-p 00000000 00:00 0 
7fc2a2199000-7fc2a219c000 ---p 00000000 00:00 0 
7fc2a219c000-7fc2a229f000 rw-p 00000000 00:00 0                          [stack:3357]
7fc2a229f000-7fc2a22a2000 r--s 0001c000 08:07 1575757                    /home/shiwali/InstructoSoarII/rosie/java/insoar.jar
7fc2a22a2000-7fc2a22a4000 r--s 00012000 08:07 8130259                    /usr/lib/jvm/java-7-openjdk-common/jre/lib/ext/zipfs.jar
7fc2a22a4000-7fc2a22a6000 r--s 00006000 08:07 8264680                    /usr/share/java/java-atk-wrapper.jar
7fc2a22a6000-7fc2a22a9000 r--s 0003c000 08:07 8130265                    /usr/lib/jvm/java-7-openjdk-common/jre/lib/ext/sunpkcs11.jar
7fc2a22a9000-7fc2a22ac000 r--s 00032000 08:07 8130261                    /usr/lib/jvm/java-7-openjdk-common/jre/lib/ext/sunjce_provider.jar
7fc2a22ac000-7fc2a22ad000 r--s 00002000 08:07 8130267                    /usr/lib/jvm/java-7-openjdk-common/jre/lib/ext/dnsns.jar
7fc2a22ad000-7fc2a22b0000 r--s 0000f000 08:07 8130257                    /usr/lib/jvm/java-7-openjdk-common/jre/lib/ext/pulse-java.jar
7fc2a22b0000-7fc2a22b4000 r--s 00085000 08:07 8130263                    /usr/lib/jvm/java-7-openjdk-common/jre/lib/ext/localedata.jar
7fc2a22b4000-7fc2a22bc000 rw-s 00000000 08:07 1573089                    /tmp/hsperfdata_shiwali/3356
7fc2a22bc000-7fc2a22bd000 rw-p 00000000 00:00 0 
7fc2a22bd000-7fc2a22be000 r--p 00000000 00:00 0 
7fc2a22be000-7fc2a22c0000 rw-p 00000000 00:00 0 
7fc2a22c0000-7fc2a22c1000 r--p 00022000 08:07 5246634                    /lib/x86_64-linux-gnu/ld-2.17.so
7fc2a22c1000-7fc2a22c3000 rw-p 00023000 08:07 5246634                    /lib/x86_64-linux-gnu/ld-2.17.so
7fffc45c8000-7fffc45e9000 rw-p 00000000 00:00 0                          [stack]
7fffc45fe000-7fffc4600000 r-xp 00000000 00:00 0                          [vdso]
ffffffffff600000-ffffffffff601000 r-xp 00000000 00:00 0                  [vsyscall]

VM Arguments:
jvm_args: -Dfile.encoding=UTF-8 
java_command: edu.umich.insoar.InSoar
Launcher Type: SUN_STANDARD

Environment Variables:
PATH=/home/shiwali/bin:/usr/lib/lightdm/lightdm:/usr/local/sbin:/usr/local/bin:/usr/sbin:/usr/bin:/sbin:/bin:/usr/games:/usr/local/games
LD_LIBRARY_PATH=/home/shiwali/soar/SoarSuite/out
SHELL=/bin/bash
DISPLAY=:0

Signal Handlers:
SIGSEGV: [libjvm.so+0x871410], sa_mask[0]=0x7ffbfeff, sa_flags=0x10000004
SIGBUS: [libjvm.so+0x871410], sa_mask[0]=0x7ffbfeff, sa_flags=0x10000004
SIGFPE: [libjvm.so+0x709540], sa_mask[0]=0x7ffbfeff, sa_flags=0x10000004
SIGPIPE: SIG_IGN, sa_mask[0]=0x00000000, sa_flags=0x00000000
SIGXFSZ: [libjvm.so+0x709540], sa_mask[0]=0x7ffbfeff, sa_flags=0x10000004
SIGILL: [libjvm.so+0x709540], sa_mask[0]=0x7ffbfeff, sa_flags=0x10000004
SIGUSR1: SIG_DFL, sa_mask[0]=0x00000000, sa_flags=0x00000000
SIGUSR2: [libjvm.so+0x709270], sa_mask[0]=0x00000004, sa_flags=0x10000004
SIGHUP: [libjvm.so+0x709550], sa_mask[0]=0x7ffbfeff, sa_flags=0x10000004
SIGINT: [libjvm.so+0x709550], sa_mask[0]=0x7ffbfeff, sa_flags=0x10000004
SIGTERM: [libjvm.so+0x709550], sa_mask[0]=0x7ffbfeff, sa_flags=0x10000004
SIGQUIT: [libjvm.so+0x709550], sa_mask[0]=0x7ffbfeff, sa_flags=0x10000004


---------------  S Y S T E M  ---------------

OS:Ubuntu 13.10 (saucy)
uname:Linux 3.11.0-15-generic #23-Ubuntu SMP Mon Dec 9 18:17:04 UTC 2013 x86_64
libc:glibc 2.17 NPTL 2.17 
rlimit: STACK 8192k, CORE 0k, NPROC 46883, NOFILE 4096, AS infinity
load average:2.67 2.87 2.61

/proc/meminfo:
MemTotal:        6021332 kB
MemFree:         1023636 kB
Buffers:           24420 kB
Cached:          1556860 kB
SwapCached:         1324 kB
Active:          3285164 kB
Inactive:        1430640 kB
Active(anon):    2981612 kB
Inactive(anon):  1008028 kB
Active(file):     303552 kB
Inactive(file):   422612 kB
Unevictable:          64 kB
Mlocked:              64 kB
SwapTotal:        975868 kB
SwapFree:         861748 kB
Dirty:               188 kB
Writeback:             0 kB
AnonPages:       3133612 kB
Mapped:           250284 kB
Shmem:            855116 kB
Slab:             146196 kB
SReclaimable:     105724 kB
SUnreclaim:        40472 kB
KernelStack:        5288 kB
PageTables:        53420 kB
NFS_Unstable:          0 kB
Bounce:                0 kB
WritebackTmp:          0 kB
CommitLimit:     3986532 kB
Committed_AS:    9045960 kB
VmallocTotal:   34359738367 kB
VmallocUsed:      354408 kB
VmallocChunk:   34359371388 kB
HardwareCorrupted:     0 kB
AnonHugePages:         0 kB
HugePages_Total:       0
HugePages_Free:        0
HugePages_Rsvd:        0
HugePages_Surp:        0
Hugepagesize:       2048 kB
DirectMap4k:       71296 kB
DirectMap2M:     6129664 kB


CPU:total 4 (2 cores per cpu, 2 threads per core) family 6 model 42 stepping 7, cmov, cx8, fxsr, mmx, sse, sse2, sse3, ssse3, sse4.1, sse4.2, popcnt, avx, ht, tsc, tscinvbit

/proc/cpuinfo:
processor	: 0
vendor_id	: GenuineIntel
cpu family	: 6
model		: 42
model name	: Intel(R) Core(TM) i5-2410M CPU @ 2.30GHz
stepping	: 7
microcode	: 0x15
cpu MHz		: 1800.000
cache size	: 3072 KB
physical id	: 0
siblings	: 4
core id		: 0
cpu cores	: 2
apicid		: 0
initial apicid	: 0
fpu		: yes
fpu_exception	: yes
cpuid level	: 13
wp		: yes
flags		: fpu vme de pse tsc msr pae mce cx8 apic sep mtrr pge mca cmov pat pse36 clflush dts acpi mmx fxsr sse sse2 ss ht tm pbe syscall nx rdtscp lm constant_tsc arch_perfmon pebs bts nopl xtopology nonstop_tsc aperfmperf eagerfpu pni pclmulqdq dtes64 monitor ds_cpl vmx est tm2 ssse3 cx16 xtpr pdcm pcid sse4_1 sse4_2 x2apic popcnt tsc_deadline_timer xsave avx lahf_lm ida arat epb xsaveopt pln pts dtherm tpr_shadow vnmi flexpriority ept vpid
bogomips	: 4589.84
clflush size	: 64
cache_alignment	: 64
address sizes	: 36 bits physical, 48 bits virtual
power management:

processor	: 1
vendor_id	: GenuineIntel
cpu family	: 6
model		: 42
model name	: Intel(R) Core(TM) i5-2410M CPU @ 2.30GHz
stepping	: 7
microcode	: 0x15
cpu MHz		: 800.000
cache size	: 3072 KB
physical id	: 0
siblings	: 4
core id		: 0
cpu cores	: 2
apicid		: 1
initial apicid	: 1
fpu		: yes
fpu_exception	: yes
cpuid level	: 13
wp		: yes
flags		: fpu vme de pse tsc msr pae mce cx8 apic sep mtrr pge mca cmov pat pse36 clflush dts acpi mmx fxsr sse sse2 ss ht tm pbe syscall nx rdtscp lm constant_tsc arch_perfmon pebs bts nopl xtopology nonstop_tsc aperfmperf eagerfpu pni pclmulqdq dtes64 monitor ds_cpl vmx est tm2 ssse3 cx16 xtpr pdcm pcid sse4_1 sse4_2 x2apic popcnt tsc_deadline_timer xsave avx lahf_lm ida arat epb xsaveopt pln pts dtherm tpr_shadow vnmi flexpriority ept vpid
bogomips	: 4589.84
clflush size	: 64
cache_alignment	: 64
address sizes	: 36 bits physical, 48 bits virtual
power management:

processor	: 2
vendor_id	: GenuineIntel
cpu family	: 6
model		: 42
model name	: Intel(R) Core(TM) i5-2410M CPU @ 2.30GHz
stepping	: 7
microcode	: 0x15
cpu MHz		: 2300.000
cache size	: 3072 KB
physical id	: 0
siblings	: 4
core id		: 1
cpu cores	: 2
apicid		: 2
initial apicid	: 2
fpu		: yes
fpu_exception	: yes
cpuid level	: 13
wp		: yes
flags		: fpu vme de pse tsc msr pae mce cx8 apic sep mtrr pge mca cmov pat pse36 clflush dts acpi mmx fxsr sse sse2 ss ht tm pbe syscall nx rdtscp lm constant_tsc arch_perfmon pebs bts nopl xtopology nonstop_tsc aperfmperf eagerfpu pni pclmulqdq dtes64 monitor ds_cpl vmx est tm2 ssse3 cx16 xtpr pdcm pcid sse4_1 sse4_2 x2apic popcnt tsc_deadline_timer xsave avx lahf_lm ida arat epb xsaveopt pln pts dtherm tpr_shadow vnmi flexpriority ept vpid
bogomips	: 4589.84
clflush size	: 64
cache_alignment	: 64
address sizes	: 36 bits physical, 48 bits virtual
power management:

processor	: 3
vendor_id	: GenuineIntel
cpu family	: 6
model		: 42
model name	: Intel(R) Core(TM) i5-2410M CPU @ 2.30GHz
stepping	: 7
microcode	: 0x15
cpu MHz		: 2300.000
cache size	: 3072 KB
physical id	: 0
siblings	: 4
core id		: 1
cpu cores	: 2
apicid		: 3
initial apicid	: 3
fpu		: yes
fpu_exception	: yes
cpuid level	: 13
wp		: yes
flags		: fpu vme de pse tsc msr pae mce cx8 apic sep mtrr pge mca cmov pat pse36 clflush dts acpi mmx fxsr sse sse2 ss ht tm pbe syscall nx rdtscp lm constant_tsc arch_perfmon pebs bts nopl xtopology nonstop_tsc aperfmperf eagerfpu pni pclmulqdq dtes64 monitor ds_cpl vmx est tm2 ssse3 cx16 xtpr pdcm pcid sse4_1 sse4_2 x2apic popcnt tsc_deadline_timer xsave avx lahf_lm ida arat epb xsaveopt pln pts dtherm tpr_shadow vnmi flexpriority ept vpid
bogomips	: 4589.84
clflush size	: 64
cache_alignment	: 64
address sizes	: 36 bits physical, 48 bits virtual
power management:



Memory: 4k page, physical 6021332k(1023636k free), swap 975868k(861748k free)

vm_info: OpenJDK 64-Bit Server VM (23.7-b01) for linux-amd64 JRE (1.7.0_25-b30), built on Oct 11 2013 18:04:12 by "buildd" with gcc 4.8.1

time: Mon Jan 20 21:55:46 2014
elapsed time: 218 seconds

