#
# A fatal error has been detected by the Java Runtime Environment:
#
#  SIGSEGV (0xb) at pc=0x00007fc023509e3b, pid=20946, tid=140463192450816
#
# JRE version: 7.0_25-b30
# Java VM: OpenJDK 64-Bit Server VM (23.7-b01 mixed mode linux-amd64 compressed oops)
# Problematic frame:
# C  [libSoar.so+0x1fde3b]  symbol_to_string(agent_struct*, symbol_union*, char, char*, unsigned long)+0x46
#
# Failed to write core dump. Core dumps have been disabled. To enable core dumping, try "ulimit -c unlimited" before starting Java again
#
# If you would like to submit a bug report, please include
# instructions on how to reproduce the bug and visit:
#   https://bugs.launchpad.net/ubuntu/+source/openjdk-7/
#

---------------  T H R E A D  ---------------

Current thread is native thread

siginfo:si_signo=SIGSEGV: si_errno=0, si_code=128 (), si_addr=0x0000000000000000

Registers:
RAX=0x0bf000007fbfe4f0, RBX=0x0000000000000000, RCX=0x00007fc022b07f00, RDX=0x0000000000000001
RSP=0x00007fc022b07d70, RBP=0x00007fc022b07e70, RSI=0x0bf000007fbfe4f0, RDI=0x00007fbfe4000dd0
R8 =0x0000000000001388, R9 =0x00007fc046b131e4, R10=0x0000000000000000, R11=0x00007fc046c51d40
R12=0x0000000000000000, R13=0x00007fc0472be060, R14=0x00007fc04729c4f0, R15=0x0000000000001000
RIP=0x00007fc023509e3b, EFLAGS=0x0000000000010246, CSGSFS=0x0000000000000033, ERR=0x0000000000000000
  TRAPNO=0x000000000000000d

Top of Stack: (sp=0x00007fc022b07d70)
0x00007fc022b07d70:   3237393133313033 00007fc022b07dc0
0x00007fc022b07d80:   00007fc022b07f00 0000000000001388
0x00007fc022b07d90:   00007fc022b07f00 00007f0123699452
0x00007fc022b07da0:   0bf000007fbfe4f0 00007fbfe4000dd0
0x00007fc022b07db0:   0000002f2393e546 00007fbfe4017660
0x00007fc022b07dc0:   00007fc0fbad8001 00007fc022b07f00
0x00007fc022b07dd0:   00007fc022b07e00 00007fc023699422
0x00007fc022b07de0:   00007fc022b07f00 00007fbfe4017460
0x00007fc022b07df0:   0000002fffffffff 00007fbfe4017660
0x00007fc022b07e00:   00007fc022b07e40 00007fc023692135
0x00007fc022b07e10:   00007fc022b07f00 00007fbfe4017660
0x00007fc022b07e20:   0000002f00000000 00007fbfe4000dd0
0x00007fc022b07e30:   0000000000000000 00007fbfe4017660
0x00007fc022b07e40:   00007fc022b07e90 00007fc0234d77bd
0x00007fc022b07e50:   0000000000000000 30cdf99a834b7600
0x00007fc022b07e60:   0000002b00000000 0000000000000000
0x00007fc022b07e70:   00007fc022b07ec0 00007fc023509a3b
0x00007fc022b07e80:   00000000ffffffff 00007fc022b07ee8
0x00007fc022b07e90:   00007fc02393e4f7 0000000000001388
0x00007fc022b07ea0:   00007fc022b07f00 00007fbfe4000dd0
0x00007fc022b07eb0:   0000000000000000 00007fc022b07f00
0x00007fc022b07ec0:   00007fc022b09340 00007fc023509b3c
0x00007fc022b07ed0:   00007fc02393e4f7 00007fbfe4000dd0
0x00007fc022b07ee0:   0000000000000000 0000003000000018
0x00007fc022b07ef0:   00007fc022b09350 00007fc022b09290
0x00007fc022b07f00:   2020202020202020 2020202020202020
0x00007fc022b07f10:   3934323434343828 3237393133313033
0x00007fc022b07f20:   000000000000203a 0000000000000000
0x00007fc022b07f30:   0000000000000000 0000000000000000
0x00007fc022b07f40:   0000000000000000 0000000000000000
0x00007fc022b07f50:   0000000000000000 0000000000000000
0x00007fc022b07f60:   0000000000000000 0000000000000000 

Instructions: (pc=0x00007fc023509e3b)
0x00007fc023509e1b:   18 ff ff ff 88 85 2c ff ff ff 64 48 8b 04 25 28
0x00007fc023509e2b:   00 00 00 48 89 45 e8 31 c0 48 8b 85 30 ff ff ff
0x00007fc023509e3b:   0f b6 40 10 0f b6 c0 83 f8 04 0f 87 db 04 00 00
0x00007fc023509e4b:   89 c0 48 8d 14 85 00 00 00 00 48 8d 05 ac 3a 41 

Register to memory mapping:

RAX=0x0bf000007fbfe4f0 is an unknown value
RBX=0x0000000000000000 is an unknown value
RCX=0x00007fc022b07f00 is an unknown value
RDX=0x0000000000000001 is an unknown value
RSP=0x00007fc022b07d70 is an unknown value
RBP=0x00007fc022b07e70 is an unknown value
RSI=0x0bf000007fbfe4f0 is an unknown value
RDI=0x00007fbfe4000dd0 is an unknown value
R8 =0x0000000000001388 is an unknown value
R9 =0x00007fc046b131e4: _IO_vfprintf+0x49b4 in /lib/x86_64-linux-gnu/libc.so.6 at 0x00007fc046ac5000
R10=0x0000000000000000 is an unknown value
R11=0x00007fc046c51d40: <offset 0x18cd40> in /lib/x86_64-linux-gnu/libc.so.6 at 0x00007fc046ac5000
R12=0x0000000000000000 is an unknown value
R13=0x00007fc0472be060: _rtld_global+0 in /lib64/ld-linux-x86-64.so.2 at 0x00007fc04709b000
R14=0x00007fc04729c4f0 is pointing into the stack for thread: 0x00007fc040009800
R15=0x0000000000001000 is an unknown value


Stack: [0x00007fc02230a000,0x00007fc022b0b000],  sp=0x00007fc022b07d70,  free space=8183k
Native frames: (J=compiled Java code, j=interpreted, Vv=VM code, C=native code)
C  [libSoar.so+0x1fde3b]  symbol_to_string(agent_struct*, symbol_union*, char, char*, unsigned long)+0x46
C  [libSoar.so+0x1fda3b]  vsnprintf_with_symbols(agent_struct*, char*, unsigned long, char const*, __va_list_tag*)+0x105
C  [libSoar.so+0x1fdb3c]  print_with_symbols(agent_struct*, char const*, ...)+0xc7
C  [libSoar.so+0x40b9c0]  cli::CommandLineInterface::DoGDSPrint()+0x264
C  [libSoar.so+0x43543b]  cli::GDSPrintCommand::Parse(std::vector<std::string, std::allocator<std::string> >&)+0x31
C  [libSoar.so+0x42e86f]  cli::Parser::handle_command(std::vector<std::string, std::allocator<std::string> >&)+0x91
C  [libSoar.so+0x42d596]  soar::tokenizer::parse_command()+0x1d0
C  [libSoar.so+0x42d33c]  soar::tokenizer::evaluate(char const*)+0x60
C  [libSoar.so+0x42080b]  cli::CommandLineInterface::Source(char const*, bool)+0x61
C  [libSoar.so+0x42ab13]  cli::CommandLineInterface::DoCommand(sml::Connection*, sml::AgentSML*, char const*, bool, bool, soarxml::ElementXML*)+0x11d
C  [libSoar.so+0x38c0e9]  sml::KernelSML::HandleCommandLine(sml::AgentSML*, char const*, sml::Connection*, sml::AnalyzeXML*, soarxml::ElementXML*)+0x481
C  [libSoar.so+0x3883c3]  sml::KernelSML::ProcessCommand(char const*, sml::Connection*, sml::AnalyzeXML*, soarxml::ElementXML*)+0x325
C  [libSoar.so+0x38868f]  sml::KernelSML::ProcessIncomingSML(sml::Connection*, soarxml::ElementXML*)+0x119
C  [libSoar.so+0x37f1c0]  ReceivedCall(sml::Connection*, soarxml::ElementXML*, void*)+0x3b
C  [libSoar.so+0x3f70d8]  sml::Callback::Invoke(soarxml::ElementXML*)+0x30
C  [libSoar.so+0x3f0dcb]  sml::Connection::InvokeCallbacks(soarxml::ElementXML*)+0x105
C  [libSoar.so+0x3f446d]  sml::RemoteConnection::ReceiveMessages(bool, int, int)+0x229
C  [libSoar.so+0x3f4241]  sml::RemoteConnection::ReceiveMessages(bool)+0x2b
C  [libSoar.so+0x385655]  sml::ConnectionManager::ReceiveAllMessages()+0x6f
C  [libSoar.so+0x38e062]  sml::ReceiverThread::Run()+0x2e
C  [libSoar.so+0x3f6d7d]  ThreadStartFunction(void*)+0x2b
C  [libSoar.so+0x3f6c35]  LinuxThreadFunc(void*)+0x28


---------------  P R O C E S S  ---------------

VM state:not at safepoint (normal execution)

VM Mutex/Monitor currently owned by a thread: None

Heap
 PSYoungGen      total 261824K, used 109018K [0x00000007d6c00000, 0x00000007f6b60000, 0x0000000800000000)
  eden space 253440K, 40% used [0x00000007d6c00000,0x00000007dd14cd80,0x00000007e6380000)
  from space 8384K, 63% used [0x00000007e6380000,0x00000007e68a9cf0,0x00000007e6bb0000)
  to   space 8384K, 0% used [0x00000007f6330000,0x00000007f6330000,0x00000007f6b60000)
 ParOldGen       total 84480K, used 11506K [0x0000000784400000, 0x0000000789680000, 0x00000007d6c00000)
  object space 84480K, 13% used [0x0000000784400000,0x0000000784f3cbd0,0x0000000789680000)
 PSPermGen       total 21248K, used 19098K [0x0000000779e00000, 0x000000077b2c0000, 0x0000000784400000)
  object space 21248K, 89% used [0x0000000779e00000,0x000000077b0a68c0,0x000000077b2c0000)

Card table byte_map: [0x00007fc03c9c5000,0x00007fc03cdf7000] byte_map_base: 0x00007fc038df6000

Polling page: 0x00007fc0472ba000

Code Cache  [0x00007fc03cdf7000, 0x00007fc03d067000, 0x00007fc03fdf7000)
 total_blobs=1007 nmethods=456 adapters=503 free_code_cache=47345Kb largest_free_block=48429568

Compilation events (10 events):
Event: 120.709 Thread 0x00007fc040116800  469  s!         java.net.DatagramSocket::receive (306 bytes)
Event: 120.709 Thread 0x00007fc040119800  470             lcm.lcm.UDPMulticastProvider$ReaderThread::handlePacket (85 bytes)
Event: 120.717 Thread 0x00007fc040119800 nmethod 470 0x00007fc03cfb54d0 code [0x00007fc03cfb56a0, 0x00007fc03cfb5e70]
Event: 120.718 Thread 0x00007fc040119800  471             lcm.lcm.UDPMulticastProvider$ReaderThread::handleShortMessage (36 bytes)
Event: 120.722 Thread 0x00007fc040119800 nmethod 471 0x00007fc03cfc6a50 code [0x00007fc03cfc6c00, 0x00007fc03cfc7088]
Event: 120.723 Thread 0x00007fc040116800 nmethod 469 0x00007fc03cfb7410 code [0x00007fc03cfb7620, 0x00007fc03cfb8950]
Event: 155.697 Thread 0x00007fc040119800  473             java.util.Locale::getDefault (13 bytes)
Event: 155.697 Thread 0x00007fc040119800 nmethod 473 0x00007fc03cfb3290 code [0x00007fc03cfb33c0, 0x00007fc03cfb3438]
Event: 174.602 Thread 0x00007fc040116800   14 % !         lcm.lcm.UDPMulticastProvider$ReaderThread::run @ 14 (62 bytes)
Event: 174.605 Thread 0x00007fc040116800 nmethod 14% 0x00007fc03cfb4e50 code [0x00007fc03cfb4fe0, 0x00007fc03cfb5250]

GC Heap History (10 events):
Event: 1.354 GC heap before
{Heap before GC invocations=3 (full 0):
 PSYoungGen      total 68608K, used 68608K [0x00000007d6c00000, 0x00000007db420000, 0x0000000800000000)
  eden space 63360K, 100% used [0x00000007d6c00000,0x00000007da9e0000,0x00000007da9e0000)
  from space 5248K, 100% used [0x00000007daf00000,0x00000007db420000,0x00000007db420000)
  to   space 5248K, 0% used [0x00000007da9e0000,0x00000007da9e0000,0x00000007daf00000)
 ParOldGen       total 84480K, used 3710K [0x0000000784400000, 0x0000000789680000, 0x00000007d6c00000)
  object space 84480K, 4% used [0x0000000784400000,0x000000078479fb60,0x0000000789680000)
 PSPermGen       total 21248K, used 3568K [0x0000000779e00000, 0x000000077b2c0000, 0x0000000784400000)
  object space 21248K, 16% used [0x0000000779e00000,0x000000077a17c2f8,0x000000077b2c0000)
Event: 1.371 GC heap after
Heap after GC invocations=3 (full 0):
 PSYoungGen      total 68608K, used 5216K [0x00000007d6c00000, 0x00000007df200000, 0x0000000800000000)
  eden space 63360K, 0% used [0x00000007d6c00000,0x00000007d6c00000,0x00000007da9e0000)
  from space 5248K, 99% used [0x00000007da9e0000,0x00000007daef8000,0x00000007daf00000)
  to   space 5248K, 0% used [0x00000007dece0000,0x00000007dece0000,0x00000007df200000)
 ParOldGen       total 84480K, used 3718K [0x0000000784400000, 0x0000000789680000, 0x00000007d6c00000)
  object space 84480K, 4% used [0x0000000784400000,0x00000007847a1b60,0x0000000789680000)
 PSPermGen       total 21248K, used 3568K [0x0000000779e00000, 0x000000077b2c0000, 0x0000000784400000)
  object space 21248K, 16% used [0x0000000779e00000,0x000000077a17c2f8,0x000000077b2c0000)
}
Event: 1.597 GC heap before
{Heap before GC invocations=4 (full 0):
 PSYoungGen      total 68608K, used 68576K [0x00000007d6c00000, 0x00000007df200000, 0x0000000800000000)
  eden space 63360K, 100% used [0x00000007d6c00000,0x00000007da9e0000,0x00000007da9e0000)
  from space 5248K, 99% used [0x00000007da9e0000,0x00000007daef8000,0x00000007daf00000)
  to   space 5248K, 0% used [0x00000007dece0000,0x00000007dece0000,0x00000007df200000)
 ParOldGen       total 84480K, used 3718K [0x0000000784400000, 0x0000000789680000, 0x00000007d6c00000)
  object space 84480K, 4% used [0x0000000784400000,0x00000007847a1b60,0x0000000789680000)
 PSPermGen       total 21248K, used 3568K [0x0000000779e00000, 0x000000077b2c0000, 0x0000000784400000)
  object space 21248K, 16% used [0x0000000779e00000,0x000000077a17c2f8,0x000000077b2c0000)
Event: 1.614 GC heap after
Heap after GC invocations=4 (full 0):
 PSYoungGen      total 131968K, used 5248K [0x00000007d6c00000, 0x00000007df200000, 0x0000000800000000)
  eden space 126720K, 0% used [0x00000007d6c00000,0x00000007d6c00000,0x00000007de7c0000)
  from space 5248K, 100% used [0x00000007dece0000,0x00000007df200000,0x00000007df200000)
  to   space 5248K, 0% used [0x00000007de7c0000,0x00000007de7c0000,0x00000007dece0000)
 ParOldGen       total 84480K, used 4822K [0x0000000784400000, 0x0000000789680000, 0x00000007d6c00000)
  object space 84480K, 5% used [0x0000000784400000,0x00000007848b5b60,0x0000000789680000)
 PSPermGen       total 21248K, used 3568K [0x0000000779e00000, 0x000000077b2c0000, 0x0000000784400000)
  object space 21248K, 16% used [0x0000000779e00000,0x000000077a17c2f8,0x000000077b2c0000)
}
Event: 2.061 GC heap before
{Heap before GC invocations=5 (full 0):
 PSYoungGen      total 131968K, used 131968K [0x00000007d6c00000, 0x00000007df200000, 0x0000000800000000)
  eden space 126720K, 100% used [0x00000007d6c00000,0x00000007de7c0000,0x00000007de7c0000)
  from space 5248K, 100% used [0x00000007dece0000,0x00000007df200000,0x00000007df200000)
  to   space 5248K, 0% used [0x00000007de7c0000,0x00000007de7c0000,0x00000007dece0000)
 ParOldGen       total 84480K, used 4822K [0x0000000784400000, 0x0000000789680000, 0x00000007d6c00000)
  object space 84480K, 5% used [0x0000000784400000,0x00000007848b5b60,0x0000000789680000)
 PSPermGen       total 21248K, used 3568K [0x0000000779e00000, 0x000000077b2c0000, 0x0000000784400000)
  object space 21248K, 16% used [0x0000000779e00000,0x000000077a17c2f8,0x000000077b2c0000)
Event: 2.086 GC heap after
Heap after GC invocations=5 (full 0):
 PSYoungGen      total 131968K, used 5248K [0x00000007d6c00000, 0x00000007e7400000, 0x0000000800000000)
  eden space 126720K, 0% used [0x00000007d6c00000,0x00000007d6c00000,0x00000007de7c0000)
  from space 5248K, 100% used [0x00000007de7c0000,0x00000007dece0000,0x00000007dece0000)
  to   space 8448K, 0% used [0x00000007e6bc0000,0x00000007e6bc0000,0x00000007e7400000)
 ParOldGen       total 84480K, used 6454K [0x0000000784400000, 0x0000000789680000, 0x00000007d6c00000)
  object space 84480K, 7% used [0x0000000784400000,0x0000000784a4db60,0x0000000789680000)
 PSPermGen       total 21248K, used 3568K [0x0000000779e00000, 0x000000077b2c0000, 0x0000000784400000)
  object space 21248K, 16% used [0x0000000779e00000,0x000000077a17c2f8,0x000000077b2c0000)
}
Event: 2.505 GC heap before
{Heap before GC invocations=6 (full 0):
 PSYoungGen      total 131968K, used 131968K [0x00000007d6c00000, 0x00000007e7400000, 0x0000000800000000)
  eden space 126720K, 100% used [0x00000007d6c00000,0x00000007de7c0000,0x00000007de7c0000)
  from space 5248K, 100% used [0x00000007de7c0000,0x00000007dece0000,0x00000007dece0000)
  to   space 8448K, 0% used [0x00000007e6bc0000,0x00000007e6bc0000,0x00000007e7400000)
 ParOldGen       total 84480K, used 6454K [0x0000000784400000, 0x0000000789680000, 0x00000007d6c00000)
  object space 84480K, 7% used [0x0000000784400000,0x0000000784a4db60,0x0000000789680000)
 PSPermGen       total 21248K, used 3568K [0x0000000779e00000, 0x000000077b2c0000, 0x0000000784400000)
  object space 21248K, 16% used [0x0000000779e00000,0x000000077a17c2f8,0x000000077b2c0000)
Event: 2.514 GC heap after
Heap after GC invocations=6 (full 0):
 PSYoungGen      total 261760K, used 5600K [0x00000007d6c00000, 0x00000007e73e0000, 0x0000000800000000)
  eden space 253440K, 0% used [0x00000007d6c00000,0x00000007d6c00000,0x00000007e6380000)
  from space 8320K, 67% used [0x00000007e6bc0000,0x00000007e7138000,0x00000007e73e0000)
  to   space 8384K, 0% used [0x00000007e6380000,0x00000007e6380000,0x00000007e6bb0000)
 ParOldGen       total 84480K, used 6454K [0x0000000784400000, 0x0000000789680000, 0x00000007d6c00000)
  object space 84480K, 7% used [0x0000000784400000,0x0000000784a4db60,0x0000000789680000)
 PSPermGen       total 21248K, used 3568K [0x0000000779e00000, 0x000000077b2c0000, 0x0000000784400000)
  object space 21248K, 16% used [0x0000000779e00000,0x000000077a17c2f8,0x000000077b2c0000)
}
Event: 53.966 GC heap before
{Heap before GC invocations=7 (full 0):
 PSYoungGen      total 261760K, used 259040K [0x00000007d6c00000, 0x00000007e73e0000, 0x0000000800000000)
  eden space 253440K, 100% used [0x00000007d6c00000,0x00000007e6380000,0x00000007e6380000)
  from space 8320K, 67% used [0x00000007e6bc0000,0x00000007e7138000,0x00000007e73e0000)
  to   space 8384K, 0% used [0x00000007e6380000,0x00000007e6380000,0x00000007e6bb0000)
 ParOldGen       total 84480K, used 6454K [0x0000000784400000, 0x0000000789680000, 0x00000007d6c00000)
  object space 84480K, 7% used [0x0000000784400000,0x0000000784a4db60,0x0000000789680000)
 PSPermGen       total 21248K, used 19049K [0x0000000779e00000, 0x000000077b2c0000, 0x0000000784400000)
  object space 21248K, 89% used [0x0000000779e00000,0x000000077b09a570,0x000000077b2c0000)
Event: 53.981 GC heap after
Heap after GC invocations=7 (full 0):
 PSYoungGen      total 261824K, used 5287K [0x00000007d6c00000, 0x00000007f6b60000, 0x0000000800000000)
  eden space 253440K, 0% used [0x00000007d6c00000,0x00000007d6c00000,0x00000007e6380000)
  from space 8384K, 63% used [0x00000007e6380000,0x00000007e68a9cf0,0x00000007e6bb0000)
  to   space 8384K, 0% used [0x00000007f6330000,0x00000007f6330000,0x00000007f6b60000)
 ParOldGen       total 84480K, used 11506K [0x0000000784400000, 0x0000000789680000, 0x00000007d6c00000)
  object space 84480K, 13% used [0x0000000784400000,0x0000000784f3cbd0,0x0000000789680000)
 PSPermGen       total 21248K, used 19049K [0x0000000779e00000, 0x000000077b2c0000, 0x0000000784400000)
  object space 21248K, 89% used [0x0000000779e00000,0x000000077b09a570,0x000000077b2c0000)
}

Deoptimization events (10 events):
Event: 47.211 Thread 0x00007fbfc40e1800 Uncommon trap -58 fr.pc 0x00007fc03cf230c8
Event: 47.212 Thread 0x00007fbfc40e1800 Uncommon trap -58 fr.pc 0x00007fc03cf230c8
Event: 71.433 Thread 0x00007fbfc40e1800 Uncommon trap -83 fr.pc 0x00007fc03cf8dfa8
Event: 74.482 Thread 0x00007fc04051f800 Uncommon trap -34 fr.pc 0x00007fc03cf70c14
Event: 74.482 Thread 0x00007fc04051f800 Uncommon trap -34 fr.pc 0x00007fc03cf70c14
Event: 74.482 Thread 0x00007fc04051f800 Uncommon trap -34 fr.pc 0x00007fc03cf70c14
Event: 74.482 Thread 0x00007fc04051f800 Uncommon trap -34 fr.pc 0x00007fc03cf70c14
Event: 76.472 Thread 0x00007fbfc813d000 Uncommon trap -83 fr.pc 0x00007fc03cfad3ac
Event: 76.484 Thread 0x00007fbfc813d000 Uncommon trap -83 fr.pc 0x00007fc03cf6e014
Event: 76.484 Thread 0x00007fbfc813d000 Uncommon trap -83 fr.pc 0x00007fc03cf6211c

Internal exceptions (10 events):
Event: 47.209 Thread 0x00007fbfc40e1800 Threw 0x00000007e545bd98 at /build/buildd/openjdk-7-7u25-2.3.10/build/openjdk/hotspot/src/share/vm/prims/jvm.cpp:1235
Event: 47.209 Thread 0x00007fbfc40e1800 Threw 0x00000007e545f3f0 at /build/buildd/openjdk-7-7u25-2.3.10/build/openjdk/hotspot/src/share/vm/prims/jvm.cpp:1235
Event: 47.209 Thread 0x00007fbfc40e1800 Threw 0x00000007e54622b8 at /build/buildd/openjdk-7-7u25-2.3.10/build/openjdk/hotspot/src/share/vm/prims/jvm.cpp:1235
Event: 47.210 Thread 0x00007fbfc40e1800 Threw 0x00000007e5465380 at /build/buildd/openjdk-7-7u25-2.3.10/build/openjdk/hotspot/src/share/vm/prims/jvm.cpp:1235
Event: 47.210 Thread 0x00007fbfc40e1800 Threw 0x00000007e54684c0 at /build/buildd/openjdk-7-7u25-2.3.10/build/openjdk/hotspot/src/share/vm/prims/jvm.cpp:1235
Event: 47.210 Thread 0x00007fbfc40e1800 Threw 0x00000007e546b498 at /build/buildd/openjdk-7-7u25-2.3.10/build/openjdk/hotspot/src/share/vm/prims/jvm.cpp:1235
Event: 52.142 Thread 0x00007fbfc40e1800 Threw 0x00000007e5ec2570 at /build/buildd/openjdk-7-7u25-2.3.10/build/openjdk/hotspot/src/share/vm/prims/jvm.cpp:1235
Event: 76.472 Thread 0x00007fbfc813d000 Implicit null exception at 0x00007fc03cfacd4e to 0x00007fc03cfad391
Event: 76.484 Thread 0x00007fbfc813d000 Implicit null exception at 0x00007fc03cf6df75 to 0x00007fc03cf6dff9
Event: 76.484 Thread 0x00007fbfc813d000 Implicit null exception at 0x00007fc03cf5d7b8 to 0x00007fc03cf6209d

Events (10 events):
Event: 76.484 Thread 0x00007fbfc813d000 DEOPT UNPACKING pc=0x00007fc03ce30145 sp=0x00007fc0223083d8 mode 2
Event: 76.484 Thread 0x00007fbfc813d000 DEOPT PACKING pc=0x00007fc03cf6211c sp=0x00007fc022308460
Event: 76.484 Thread 0x00007fbfc813d000 DEOPT UNPACKING pc=0x00007fc03ce30145 sp=0x00007fc022308258 mode 2
Event: 76.948 loading class 0x00007fc040072470
Event: 76.949 loading class 0x00007fc040072470 done
Event: 108.276 loading class 0x00007fc0400bdd30
Event: 108.276 loading class 0x00007fc0400bdd30 done
Event: 120.723 Thread 0x00007fc040116800 flushing nmethod 0x00007fc03cefc610
Event: 174.605 Thread 0x00007fc040116800 flushing nmethod 0x00007fc03cf187d0
Event: 174.605 Thread 0x00007fc040116800 flushing nmethod 0x00007fc03cf22d90


Dynamic libraries:
00400000-00401000 r-xp 00000000 08:01 4466528                            /usr/lib/jvm/java-7-openjdk-amd64/jre/bin/java
00600000-00601000 r--p 00000000 08:01 4466528                            /usr/lib/jvm/java-7-openjdk-amd64/jre/bin/java
00601000-00602000 rw-p 00001000 08:01 4466528                            /usr/lib/jvm/java-7-openjdk-amd64/jre/bin/java
015ac000-015cd000 rw-p 00000000 00:00 0                                  [heap]
779e00000-77b2c0000 rw-p 00000000 00:00 0 
77b2c0000-784400000 rw-p 00000000 00:00 0 
784400000-789680000 rw-p 00000000 00:00 0 
789680000-7d6c00000 rw-p 00000000 00:00 0 
7d6c00000-7f6b60000 rw-p 00000000 00:00 0 
7f6b60000-800000000 rw-p 00000000 00:00 0 
7fbfb4000000-7fbfb4021000 rw-p 00000000 00:00 0 
7fbfb4021000-7fbfb8000000 ---p 00000000 00:00 0 
7fbfbc000000-7fbfbc021000 rw-p 00000000 00:00 0 
7fbfbc021000-7fbfc0000000 ---p 00000000 00:00 0 
7fbfc0000000-7fbfc0021000 rw-p 00000000 00:00 0 
7fbfc0021000-7fbfc4000000 ---p 00000000 00:00 0 
7fbfc4000000-7fbfc41af000 rw-p 00000000 00:00 0 
7fbfc41af000-7fbfc8000000 ---p 00000000 00:00 0 
7fbfc8000000-7fbfc81b5000 rw-p 00000000 00:00 0 
7fbfc81b5000-7fbfcc000000 ---p 00000000 00:00 0 
7fbfcc000000-7fbfcc021000 rw-p 00000000 00:00 0 
7fbfcc021000-7fbfd0000000 ---p 00000000 00:00 0 
7fbfd0000000-7fbfd0021000 rw-p 00000000 00:00 0 
7fbfd0021000-7fbfd4000000 ---p 00000000 00:00 0 
7fbfd4000000-7fbfd4021000 rw-p 00000000 00:00 0 
7fbfd4021000-7fbfd8000000 ---p 00000000 00:00 0 
7fbfd8000000-7fbfd8021000 rw-p 00000000 00:00 0 
7fbfd8021000-7fbfdc000000 ---p 00000000 00:00 0 
7fbfde69a000-7fbfdeb8f000 rw-p 00000000 00:00 0 
7fbfdeb8f000-7fbfdeb92000 ---p 00000000 00:00 0 
7fbfdeb92000-7fbfdec90000 rw-p 00000000 00:00 0                          [stack:21005]
7fbfdec90000-7fbfdfdff000 r-xp 00000000 08:01 4463905                    /usr/lib/x86_64-linux-gnu/libicudata.so.48.1.1
7fbfdfdff000-7fbfdfffe000 ---p 0116f000 08:01 4463905                    /usr/lib/x86_64-linux-gnu/libicudata.so.48.1.1
7fbfdfffe000-7fbfdffff000 r--p 0116e000 08:01 4463905                    /usr/lib/x86_64-linux-gnu/libicudata.so.48.1.1
7fbfdffff000-7fbfe0000000 rw-p 0116f000 08:01 4463905                    /usr/lib/x86_64-linux-gnu/libicudata.so.48.1.1
7fbfe0000000-7fbfe0021000 rw-p 00000000 00:00 0 
7fbfe0021000-7fbfe4000000 ---p 00000000 00:00 0 
7fbfe4000000-7fbfe6f64000 rw-p 00000000 00:00 0 
7fbfe6f64000-7fbfe8000000 ---p 00000000 00:00 0 
7fbfe8000000-7fbfe8021000 rw-p 00000000 00:00 0 
7fbfe8021000-7fbfec000000 ---p 00000000 00:00 0 
7fbfec000000-7fbfec021000 rw-p 00000000 00:00 0 
7fbfec021000-7fbff0000000 ---p 00000000 00:00 0 
7fbff0000000-7fbff0d7b000 rw-p 00000000 00:00 0 
7fbff0d7b000-7fbff4000000 ---p 00000000 00:00 0 
7fbff4000000-7fbff5608000 rw-p 00000000 00:00 0 
7fbff5608000-7fbff8000000 ---p 00000000 00:00 0 
7fbff8000000-7fbff8021000 rw-p 00000000 00:00 0 
7fbff8021000-7fbffc000000 ---p 00000000 00:00 0 
7fbffc000000-7fbffc021000 rw-p 00000000 00:00 0 
7fbffc021000-7fc000000000 ---p 00000000 00:00 0 
7fc000000000-7fc000021000 rw-p 00000000 00:00 0 
7fc000021000-7fc004000000 ---p 00000000 00:00 0 
7fc004075000-7fc004078000 ---p 00000000 00:00 0 
7fc004078000-7fc004176000 rw-p 00000000 00:00 0 
7fc004176000-7fc004179000 ---p 00000000 00:00 0 
7fc004179000-7fc004277000 rw-p 00000000 00:00 0 
7fc004277000-7fc00427a000 ---p 00000000 00:00 0 
7fc00427a000-7fc004378000 rw-p 00000000 00:00 0 
7fc004378000-7fc0044c1000 rw-s 00000000 00:04 652050506                  /SYSV00000000 (deleted)
7fc0044c1000-7fc0044d1000 r-xp 00000000 08:01 4466495                    /usr/lib/jvm/java-7-openjdk-amd64/jre/lib/amd64/libnio.so
7fc0044d1000-7fc0046d1000 ---p 00010000 08:01 4466495                    /usr/lib/jvm/java-7-openjdk-amd64/jre/lib/amd64/libnio.so
7fc0046d1000-7fc0046d2000 r--p 00010000 08:01 4466495                    /usr/lib/jvm/java-7-openjdk-amd64/jre/lib/amd64/libnio.so
7fc0046d2000-7fc0046d3000 rw-p 00011000 08:01 4466495                    /usr/lib/jvm/java-7-openjdk-amd64/jre/lib/amd64/libnio.so
7fc0046d3000-7fc00471f000 r-xp 00000000 08:01 4466507                    /usr/lib/jvm/java-7-openjdk-amd64/jre/lib/amd64/libfontmanager.so
7fc00471f000-7fc00491e000 ---p 0004c000 08:01 4466507                    /usr/lib/jvm/java-7-openjdk-amd64/jre/lib/amd64/libfontmanager.so
7fc00491e000-7fc004921000 r--p 0004b000 08:01 4466507                    /usr/lib/jvm/java-7-openjdk-amd64/jre/lib/amd64/libfontmanager.so
7fc004921000-7fc004922000 rw-p 0004e000 08:01 4466507                    /usr/lib/jvm/java-7-openjdk-amd64/jre/lib/amd64/libfontmanager.so
7fc004922000-7fc004925000 ---p 00000000 00:00 0 
7fc004925000-7fc004a23000 rw-p 00000000 00:00 0                          [stack:20999]
7fc004a23000-7fc004a26000 ---p 00000000 00:00 0 
7fc004a26000-7fc004b24000 rw-p 00000000 00:00 0                          [stack:20998]
7fc004b24000-7fc004b27000 ---p 00000000 00:00 0 
7fc004b27000-7fc004c25000 rw-p 00000000 00:00 0                          [stack:20997]
7fc004c25000-7fc004c28000 ---p 00000000 00:00 0 
7fc004c28000-7fc004d26000 rw-p 00000000 00:00 0                          [stack:20996]
7fc004d26000-7fc004d29000 r-xp 00000000 08:01 6033033                    /lib/x86_64-linux-gnu/libgpg-error.so.0.8.0
7fc004d29000-7fc004f28000 ---p 00003000 08:01 6033033                    /lib/x86_64-linux-gnu/libgpg-error.so.0.8.0
7fc004f28000-7fc004f29000 r--p 00002000 08:01 6033033                    /lib/x86_64-linux-gnu/libgpg-error.so.0.8.0
7fc004f29000-7fc004f2a000 rw-p 00003000 08:01 6033033                    /lib/x86_64-linux-gnu/libgpg-error.so.0.8.0
7fc004f2a000-7fc004f2c000 r-xp 00000000 08:01 6033044                    /lib/x86_64-linux-gnu/libkeyutils.so.1.4
7fc004f2c000-7fc00512c000 ---p 00002000 08:01 6033044                    /lib/x86_64-linux-gnu/libkeyutils.so.1.4
7fc00512c000-7fc00512d000 r--p 00002000 08:01 6033044                    /lib/x86_64-linux-gnu/libkeyutils.so.1.4
7fc00512d000-7fc00512e000 rw-p 00003000 08:01 6033044                    /lib/x86_64-linux-gnu/libkeyutils.so.1.4
7fc00512e000-7fc005284000 r-xp 00000000 08:01 4463919                    /usr/lib/x86_64-linux-gnu/libicuuc.so.48.1.1
7fc005284000-7fc005483000 ---p 00156000 08:01 4463919                    /usr/lib/x86_64-linux-gnu/libicuuc.so.48.1.1
7fc005483000-7fc005494000 r--p 00155000 08:01 4463919                    /usr/lib/x86_64-linux-gnu/libicuuc.so.48.1.1
7fc005494000-7fc005495000 rw-p 00166000 08:01 4463919                    /usr/lib/x86_64-linux-gnu/libicuuc.so.48.1.1
7fc005495000-7fc005499000 rw-p 00000000 00:00 0 
7fc005499000-7fc0054cb000 r-xp 00000000 08:01 4463911                    /usr/lib/x86_64-linux-gnu/libicule.so.48.1.1
7fc0054cb000-7fc0056cb000 ---p 00032000 08:01 4463911                    /usr/lib/x86_64-linux-gnu/libicule.so.48.1.1
7fc0056cb000-7fc0056cd000 r--p 00032000 08:01 4463911                    /usr/lib/x86_64-linux-gnu/libicule.so.48.1.1
7fc0056cd000-7fc0056ce000 rw-p 00034000 08:01 4463911                    /usr/lib/x86_64-linux-gnu/libicule.so.48.1.1
7fc0056ce000-7fc005711000 r-xp 00000000 08:01 6029336                    /lib/x86_64-linux-gnu/libdbus-1.so.3.7.2
7fc005711000-7fc005910000 ---p 00043000 08:01 6029336                    /lib/x86_64-linux-gnu/libdbus-1.so.3.7.2
7fc005910000-7fc005911000 r--p 00042000 08:01 6029336                    /lib/x86_64-linux-gnu/libdbus-1.so.3.7.2
7fc005911000-7fc005912000 rw-p 00043000 08:01 6029336                    /lib/x86_64-linux-gnu/libdbus-1.so.3.7.2
7fc005912000-7fc005924000 r-xp 00000000 08:01 4464044                    /usr/lib/x86_64-linux-gnu/libp11-kit.so.0.0.0
7fc005924000-7fc005b24000 ---p 00012000 08:01 4464044                    /usr/lib/x86_64-linux-gnu/libp11-kit.so.0.0.0
7fc005b24000-7fc005b25000 r--p 00012000 08:01 4464044                    /usr/lib/x86_64-linux-gnu/libp11-kit.so.0.0.0
7fc005b25000-7fc005b26000 rw-p 00013000 08:01 4464044                    /usr/lib/x86_64-linux-gnu/libp11-kit.so.0.0.0
7fc005b26000-7fc005b35000 r-xp 00000000 08:01 4464202                    /usr/lib/x86_64-linux-gnu/libtasn1.so.3.2.0
7fc005b35000-7fc005d35000 ---p 0000f000 08:01 4464202                    /usr/lib/x86_64-linux-gnu/libtasn1.so.3.2.0
7fc005d35000-7fc005d36000 r--p 0000f000 08:01 4464202                    /usr/lib/x86_64-linux-gnu/libtasn1.so.3.2.0
7fc005d36000-7fc005d37000 rw-p 00010000 08:01 4464202                    /usr/lib/x86_64-linux-gnu/libtasn1.so.3.2.0
7fc005d37000-7fc005db1000 r-xp 00000000 08:01 6031341                    /lib/x86_64-linux-gnu/libgcrypt.so.11.7.0
7fc005db1000-7fc005fb1000 ---p 0007a000 08:01 6031341                    /lib/x86_64-linux-gnu/libgcrypt.so.11.7.0
7fc005fb1000-7fc005fb2000 r--p 0007a000 08:01 6031341                    /lib/x86_64-linux-gnu/libgcrypt.so.11.7.0
7fc005fb2000-7fc005fb5000 rw-p 0007b000 08:01 6031341                    /lib/x86_64-linux-gnu/libgcrypt.so.11.7.0
7fc005fb5000-7fc005fbc000 r-xp 00000000 08:01 4463954                    /usr/lib/x86_64-linux-gnu/libkrb5support.so.0.1
7fc005fbc000-7fc0061bb000 ---p 00007000 08:01 4463954                    /usr/lib/x86_64-linux-gnu/libkrb5support.so.0.1
7fc0061bb000-7fc0061bc000 r--p 00006000 08:01 4463954                    /usr/lib/x86_64-linux-gnu/libkrb5support.so.0.1
7fc0061bc000-7fc0061bd000 rw-p 00007000 08:01 4463954                    /usr/lib/x86_64-linux-gnu/libkrb5support.so.0.1
7fc0061bd000-7fc0061c0000 r-xp 00000000 08:01 6033009                    /lib/x86_64-linux-gnu/libcom_err.so.2.1
7fc0061c0000-7fc0063bf000 ---p 00003000 08:01 6033009                    /lib/x86_64-linux-gnu/libcom_err.so.2.1
7fc0063bf000-7fc0063c0000 r--p 00002000 08:01 6033009                    /lib/x86_64-linux-gnu/libcom_err.so.2.1
7fc0063c0000-7fc0063c1000 rw-p 00003000 08:01 6033009                    /lib/x86_64-linux-gnu/libcom_err.so.2.1
7fc0063c1000-7fc0063e7000 r-xp 00000000 08:01 4463948                    /usr/lib/x86_64-linux-gnu/libk5crypto.so.3.1
7fc0063e7000-7fc0065e7000 ---p 00026000 08:01 4463948                    /usr/lib/x86_64-linux-gnu/libk5crypto.so.3.1
7fc0065e7000-7fc0065e8000 r--p 00026000 08:01 4463948                    /usr/lib/x86_64-linux-gnu/libk5crypto.so.3.1
7fc0065e8000-7fc0065e9000 rw-p 00027000 08:01 4463948                    /usr/lib/x86_64-linux-gnu/libk5crypto.so.3.1
7fc0065e9000-7fc0065ea000 rw-p 00000000 00:00 0 
7fc0065ea000-7fc0066ae000 r-xp 00000000 08:01 4463952                    /usr/lib/x86_64-linux-gnu/libkrb5.so.3.3
7fc0066ae000-7fc0068ad000 ---p 000c4000 08:01 4463952                    /usr/lib/x86_64-linux-gnu/libkrb5.so.3.3
7fc0068ad000-7fc0068b7000 r--p 000c3000 08:01 4463952                    /usr/lib/x86_64-linux-gnu/libkrb5.so.3.3
7fc0068b7000-7fc0068b8000 rw-p 000cd000 08:01 4463952                    /usr/lib/x86_64-linux-gnu/libkrb5.so.3.3
7fc0068b8000-7fc00694d000 r-xp 00000000 08:01 4463889                    /usr/lib/x86_64-linux-gnu/libharfbuzz.so.0.913.0
7fc00694d000-7fc006b4c000 ---p 00095000 08:01 4463889                    /usr/lib/x86_64-linux-gnu/libharfbuzz.so.0.913.0
7fc006b4c000-7fc006b4e000 r--p 00094000 08:01 4463889                    /usr/lib/x86_64-linux-gnu/libharfbuzz.so.0.913.0
7fc006b4e000-7fc006b4f000 rw-p 00096000 08:01 4463889                    /usr/lib/x86_64-linux-gnu/libharfbuzz.so.0.913.0
7fc006b4f000-7fc006b57000 r-xp 00000000 08:01 4463414                    /usr/lib/x86_64-linux-gnu/libxcb-render.so.0.0.0
7fc006b57000-7fc006d57000 ---p 00008000 08:01 4463414                    /usr/lib/x86_64-linux-gnu/libxcb-render.so.0.0.0
7fc006d57000-7fc006d58000 r--p 00008000 08:01 4463414                    /usr/lib/x86_64-linux-gnu/libxcb-render.so.0.0.0
7fc006d58000-7fc006d59000 rw-p 00009000 08:01 4463414                    /usr/lib/x86_64-linux-gnu/libxcb-render.so.0.0.0
7fc006d59000-7fc006d5b000 r-xp 00000000 08:01 4464126                    /usr/lib/x86_64-linux-gnu/libxcb-shm.so.0.0.0
7fc006d5b000-7fc006f5a000 ---p 00002000 08:01 4464126                    /usr/lib/x86_64-linux-gnu/libxcb-shm.so.0.0.0
7fc006f5a000-7fc006f5b000 r--p 00001000 08:01 4464126                    /usr/lib/x86_64-linux-gnu/libxcb-shm.so.0.0.0
7fc006f5b000-7fc006f5c000 rw-p 00002000 08:01 4464126                    /usr/lib/x86_64-linux-gnu/libxcb-shm.so.0.0.0
7fc006f5c000-7fc006f81000 r-xp 00000000 08:01 6033109                    /lib/x86_64-linux-gnu/libpng12.so.0.49.0
7fc006f81000-7fc007180000 ---p 00025000 08:01 6033109                    /lib/x86_64-linux-gnu/libpng12.so.0.49.0
7fc007180000-7fc007181000 r--p 00024000 08:01 6033109                    /lib/x86_64-linux-gnu/libpng12.so.0.49.0
7fc007181000-7fc007182000 rw-p 00025000 08:01 6033109                    /lib/x86_64-linux-gnu/libpng12.so.0.49.0
7fc007182000-7fc007212000 r-xp 00000000 08:01 4464074                    /usr/lib/x86_64-linux-gnu/libpixman-1.so.0.28.2
7fc007212000-7fc007411000 ---p 00090000 08:01 4464074                    /usr/lib/x86_64-linux-gnu/libpixman-1.so.0.28.2
7fc007411000-7fc007418000 r--p 0008f000 08:01 4464074                    /usr/lib/x86_64-linux-gnu/libpixman-1.so.0.28.2
7fc007418000-7fc007419000 rw-p 00096000 08:01 4464074                    /usr/lib/x86_64-linux-gnu/libpixman-1.so.0.28.2
7fc007419000-7fc00741e000 r-xp 00000000 08:01 4463438                    /usr/lib/x86_64-linux-gnu/libXdmcp.so.6.0.0
7fc00741e000-7fc00761d000 ---p 00005000 08:01 4463438                    /usr/lib/x86_64-linux-gnu/libXdmcp.so.6.0.0
7fc00761d000-7fc00761e000 r--p 00004000 08:01 4463438                    /usr/lib/x86_64-linux-gnu/libXdmcp.so.6.0.0
7fc00761e000-7fc00761f000 rw-p 00005000 08:01 4463438                    /usr/lib/x86_64-linux-gnu/libXdmcp.so.6.0.0
7fc00761f000-7fc007621000 r-xp 00000000 08:01 4463427                    /usr/lib/x86_64-linux-gnu/libXau.so.6.0.0
7fc007621000-7fc007821000 ---p 00002000 08:01 4463427                    /usr/lib/x86_64-linux-gnu/libXau.so.6.0.0
7fc007821000-7fc007822000 r--p 00002000 08:01 4463427                    /usr/lib/x86_64-linux-gnu/libXau.so.6.0.0
7fc007822000-7fc007823000 rw-p 00003000 08:01 4463427                    /usr/lib/x86_64-linux-gnu/libXau.so.6.0.0
7fc007823000-7fc007832000 r-xp 00000000 08:01 4463513                    /usr/lib/x86_64-linux-gnu/libavahi-client.so.3.2.9
7fc007832000-7fc007a32000 ---p 0000f000 08:01 4463513                    /usr/lib/x86_64-linux-gnu/libavahi-client.so.3.2.9
7fc007a32000-7fc007a33000 r--p 0000f000 08:01 4463513                    /usr/lib/x86_64-linux-gnu/libavahi-client.so.3.2.9
7fc007a33000-7fc007a34000 rw-p 00010000 08:01 4463513                    /usr/lib/x86_64-linux-gnu/libavahi-client.so.3.2.9
7fc007a34000-7fc007ae9000 r-xp 00000000 08:01 4463233                    /usr/lib/x86_64-linux-gnu/libgnutls.so.26.22.6
7fc007ae9000-7fc007ce8000 ---p 000b5000 08:01 4463233                    /usr/lib/x86_64-linux-gnu/libgnutls.so.26.22.6
7fc007ce8000-7fc007cee000 r--p 000b4000 08:01 4463233                    /usr/lib/x86_64-linux-gnu/libgnutls.so.26.22.6
7fc007cee000-7fc007cef000 rw-p 000ba000 08:01 4463233                    /usr/lib/x86_64-linux-gnu/libgnutls.so.26.22.6
7fc007cef000-7fc00c000000 rw-p 00000000 00:00 0 
7fc00c000000-7fc00c021000 rw-p 00000000 00:00 0 
7fc00c021000-7fc010000000 ---p 00000000 00:00 0 
7fc010000000-7fc010021000 rw-p 00000000 00:00 0 
7fc010021000-7fc014000000 ---p 00000000 00:00 0 
7fc014000000-7fc014021000 rw-p 00000000 00:00 0 
7fc014021000-7fc018000000 ---p 00000000 00:00 0 
7fc018009000-7fc018014000 r-xp 00000000 08:01 4463515                    /usr/lib/x86_64-linux-gnu/libavahi-common.so.3.5.3
7fc018014000-7fc018213000 ---p 0000b000 08:01 4463515                    /usr/lib/x86_64-linux-gnu/libavahi-common.so.3.5.3
7fc018213000-7fc018214000 r--p 0000a000 08:01 4463515                    /usr/lib/x86_64-linux-gnu/libavahi-common.so.3.5.3
7fc018214000-7fc018215000 rw-p 0000b000 08:01 4463515                    /usr/lib/x86_64-linux-gnu/libavahi-common.so.3.5.3
7fc018215000-7fc018250000 r-xp 00000000 08:01 4463791                    /usr/lib/x86_64-linux-gnu/libgssapi_krb5.so.2.2
7fc018250000-7fc018450000 ---p 0003b000 08:01 4463791                    /usr/lib/x86_64-linux-gnu/libgssapi_krb5.so.2.2
7fc018450000-7fc018451000 r--p 0003b000 08:01 4463791                    /usr/lib/x86_64-linux-gnu/libgssapi_krb5.so.2.2
7fc018451000-7fc018453000 rw-p 0003c000 08:01 4463791                    /usr/lib/x86_64-linux-gnu/libgssapi_krb5.so.2.2
7fc018453000-7fc018479000 r-xp 00000000 08:01 6033022                    /lib/x86_64-linux-gnu/libexpat.so.1.6.0
7fc018479000-7fc018679000 ---p 00026000 08:01 6033022                    /lib/x86_64-linux-gnu/libexpat.so.1.6.0
7fc018679000-7fc01867b000 r--p 00026000 08:01 6033022                    /lib/x86_64-linux-gnu/libexpat.so.1.6.0
7fc01867b000-7fc01867c000 rw-p 00028000 08:01 6033022                    /lib/x86_64-linux-gnu/libexpat.so.1.6.0
7fc01867c000-7fc018713000 r-xp 00000000 08:01 4463701                    /usr/lib/x86_64-linux-gnu/libfreetype.so.6.10.0
7fc018713000-7fc018912000 ---p 00097000 08:01 4463701                    /usr/lib/x86_64-linux-gnu/libfreetype.so.6.10.0
7fc018912000-7fc018918000 r--p 00096000 08:01 4463701                    /usr/lib/x86_64-linux-gnu/libfreetype.so.6.10.0
7fc018918000-7fc018919000 rw-p 0009c000 08:01 4463701                    /usr/lib/x86_64-linux-gnu/libfreetype.so.6.10.0
7fc018919000-7fc01891b000 r-xp 00000000 08:01 4463436                    /usr/lib/x86_64-linux-gnu/libXdamage.so.1.1.0
7fc01891b000-7fc018b1a000 ---p 00002000 08:01 4463436                    /usr/lib/x86_64-linux-gnu/libXdamage.so.1.1.0
7fc018b1a000-7fc018b1b000 r--p 00001000 08:01 4463436                    /usr/lib/x86_64-linux-gnu/libXdamage.so.1.1.0
7fc018b1b000-7fc018b1c000 rw-p 00002000 08:01 4463436                    /usr/lib/x86_64-linux-gnu/libXdamage.so.1.1.0
7fc018b1c000-7fc018b1e000 r-xp 00000000 08:01 4463432                    /usr/lib/x86_64-linux-gnu/libXcomposite.so.1.0.0
7fc018b1e000-7fc018d1d000 ---p 00002000 08:01 4463432                    /usr/lib/x86_64-linux-gnu/libXcomposite.so.1.0.0
7fc018d1d000-7fc018d1e000 r--p 00001000 08:01 4463432                    /usr/lib/x86_64-linux-gnu/libXcomposite.so.1.0.0
7fc018d1e000-7fc018d1f000 rw-p 00002000 08:01 4463432                    /usr/lib/x86_64-linux-gnu/libXcomposite.so.1.0.0
7fc018d1f000-7fc018d28000 r-xp 00000000 08:01 4464222                    /usr/lib/x86_64-linux-gnu/libXcursor.so.1.0.2
7fc018d28000-7fc018f28000 ---p 00009000 08:01 4464222                    /usr/lib/x86_64-linux-gnu/libXcursor.so.1.0.2
7fc018f28000-7fc018f29000 r--p 00009000 08:01 4464222                    /usr/lib/x86_64-linux-gnu/libXcursor.so.1.0.2
7fc018f29000-7fc018f2a000 rw-p 0000a000 08:01 4464222                    /usr/lib/x86_64-linux-gnu/libXcursor.so.1.0.2
7fc018f2a000-7fc018f33000 r-xp 00000000 08:01 4463453                    /usr/lib/x86_64-linux-gnu/libXrandr.so.2.2.0
7fc018f33000-7fc019132000 ---p 00009000 08:01 4463453                    /usr/lib/x86_64-linux-gnu/libXrandr.so.2.2.0
7fc019132000-7fc019133000 r--p 00008000 08:01 4463453                    /usr/lib/x86_64-linux-gnu/libXrandr.so.2.2.0
7fc019133000-7fc019134000 rw-p 00009000 08:01 4463453                    /usr/lib/x86_64-linux-gnu/libXrandr.so.2.2.0
7fc019134000-7fc019136000 r-xp 00000000 08:01 4463765                    /usr/lib/x86_64-linux-gnu/libXinerama.so.1.0.0
7fc019136000-7fc019335000 ---p 00002000 08:01 4463765                    /usr/lib/x86_64-linux-gnu/libXinerama.so.1.0.0
7fc019335000-7fc019336000 r--p 00001000 08:01 4463765                    /usr/lib/x86_64-linux-gnu/libXinerama.so.1.0.0
7fc019336000-7fc019337000 rw-p 00002000 08:01 4463765                    /usr/lib/x86_64-linux-gnu/libXinerama.so.1.0.0
7fc019337000-7fc01934a000 r-xp 00000000 08:01 4464056                    /usr/lib/x86_64-linux-gnu/libpangoft2-1.0.so.0.3200.5
7fc01934a000-7fc019549000 ---p 00013000 08:01 4464056                    /usr/lib/x86_64-linux-gnu/libpangoft2-1.0.so.0.3200.5
7fc019549000-7fc01954a000 r--p 00012000 08:01 4464056                    /usr/lib/x86_64-linux-gnu/libpangoft2-1.0.so.0.3200.5
7fc01954a000-7fc01954b000 rw-p 00013000 08:01 4464056                    /usr/lib/x86_64-linux-gnu/libpangoft2-1.0.so.0.3200.5
7fc01954b000-7fc019649000 r-xp 00000000 08:01 4463539                    /usr/lib/x86_64-linux-gnu/libcairo.so.2.11200.14
7fc019649000-7fc019849000 ---p 000fe000 08:01 4463539                    /usr/lib/x86_64-linux-gnu/libcairo.so.2.11200.14
7fc019849000-7fc01984c000 r--p 000fe000 08:01 4463539                    /usr/lib/x86_64-linux-gnu/libcairo.so.2.11200.14
7fc01984c000-7fc01984d000 rw-p 00101000 08:01 4463539                    /usr/lib/x86_64-linux-gnu/libcairo.so.2.11200.14
7fc01984d000-7fc01984f000 rw-p 00000000 00:00 0 
7fc01984f000-7fc01986f000 r-xp 00000000 08:01 4463503                    /usr/lib/x86_64-linux-gnu/libatk-1.0.so.0.20809.1
7fc01986f000-7fc019a6e000 ---p 00020000 08:01 4463503                    /usr/lib/x86_64-linux-gnu/libatk-1.0.so.0.20809.1
7fc019a6e000-7fc019a70000 r--p 0001f000 08:01 4463503                    /usr/lib/x86_64-linux-gnu/libatk-1.0.so.0.20809.1
7fc019a70000-7fc019a71000 rw-p 00021000 08:01 4463503                    /usr/lib/x86_64-linux-gnu/libatk-1.0.so.0.20809.1
7fc019a71000-7fc019a76000 r-xp 00000000 08:01 4463594                    /usr/lib/x86_64-linux-gnu/libXfixes.so.3.1.0
7fc019a76000-7fc019c75000 ---p 00005000 08:01 4463594                    /usr/lib/x86_64-linux-gnu/libXfixes.so.3.1.0
7fc019c75000-7fc019c76000 r--p 00004000 08:01 4463594                    /usr/lib/x86_64-linux-gnu/libXfixes.so.3.1.0
7fc019c76000-7fc019c77000 rw-p 00005000 08:01 4463594                    /usr/lib/x86_64-linux-gnu/libXfixes.so.3.1.0
7fc019c77000-7fc019c82000 r-xp 00000000 08:01 4464054                    /usr/lib/x86_64-linux-gnu/libpangocairo-1.0.so.0.3200.5
7fc019c82000-7fc019e82000 ---p 0000b000 08:01 4464054                    /usr/lib/x86_64-linux-gnu/libpangocairo-1.0.so.0.3200.5
7fc019e82000-7fc019e83000 r--p 0000b000 08:01 4464054                    /usr/lib/x86_64-linux-gnu/libpangocairo-1.0.so.0.3200.5
7fc019e83000-7fc019e84000 rw-p 0000c000 08:01 4464054                    /usr/lib/x86_64-linux-gnu/libpangocairo-1.0.so.0.3200.5
7fc019e84000-7fc019ea1000 r-xp 00000000 08:01 4463244                    /usr/lib/x86_64-linux-gnu/libxcb.so.1.1.0
7fc019ea1000-7fc01a0a0000 ---p 0001d000 08:01 4463244                    /usr/lib/x86_64-linux-gnu/libxcb.so.1.1.0
7fc01a0a0000-7fc01a0a1000 r--p 0001c000 08:01 4463244                    /usr/lib/x86_64-linux-gnu/libxcb.so.1.1.0
7fc01a0a1000-7fc01a0a2000 rw-p 0001d000 08:01 4463244                    /usr/lib/x86_64-linux-gnu/libxcb.so.1.1.0
7fc01a0a2000-7fc01a0fc000 r-xp 00000000 08:01 4463592                    /usr/lib/x86_64-linux-gnu/libcups.so.2
7fc01a0fc000-7fc01a2fc000 ---p 0005a000 08:01 4463592                    /usr/lib/x86_64-linux-gnu/libcups.so.2
7fc01a2fc000-7fc01a301000 r--p 0005a000 08:01 4463592                    /usr/lib/x86_64-linux-gnu/libcups.so.2
7fc01a301000-7fc01a302000 rw-p 0005f000 08:01 4463592                    /usr/lib/x86_64-linux-gnu/libcups.so.2
7fc01a302000-7fc01a303000 r-xp 00000000 08:01 4463869                    /usr/lib/x86_64-linux-gnu/libgthread-2.0.so.0.3600.0
7fc01a303000-7fc01a502000 ---p 00001000 08:01 4463869                    /usr/lib/x86_64-linux-gnu/libgthread-2.0.so.0.3600.0
7fc01a502000-7fc01a503000 r--p 00000000 08:01 4463869                    /usr/lib/x86_64-linux-gnu/libgthread-2.0.so.0.3600.0
7fc01a503000-7fc01a504000 rw-p 00001000 08:01 4463869                    /usr/lib/x86_64-linux-gnu/libgthread-2.0.so.0.3600.0
7fc01a504000-7fc01a53b000 r-xp 00000000 08:01 4463673                    /usr/lib/x86_64-linux-gnu/libfontconfig.so.1.6.2
7fc01a53b000-7fc01a73b000 ---p 00037000 08:01 4463673                    /usr/lib/x86_64-linux-gnu/libfontconfig.so.1.6.2
7fc01a73b000-7fc01a73c000 r--p 00037000 08:01 4463673                    /usr/lib/x86_64-linux-gnu/libfontconfig.so.1.6.2
7fc01a73c000-7fc01a73d000 rw-p 00038000 08:01 4463673                    /usr/lib/x86_64-linux-gnu/libfontconfig.so.1.6.2
7fc01a73d000-7fc01a73e000 rw-p 00000000 00:00 0 
7fc01a73e000-7fc01a786000 r-xp 00000000 08:01 4464052                    /usr/lib/x86_64-linux-gnu/libpango-1.0.so.0.3200.5
7fc01a786000-7fc01a986000 ---p 00048000 08:01 4464052                    /usr/lib/x86_64-linux-gnu/libpango-1.0.so.0.3200.5
7fc01a986000-7fc01a988000 r--p 00048000 08:01 4464052                    /usr/lib/x86_64-linux-gnu/libpango-1.0.so.0.3200.5
7fc01a988000-7fc01a989000 rw-p 0004a000 08:01 4464052                    /usr/lib/x86_64-linux-gnu/libpango-1.0.so.0.3200.5
7fc01a989000-7fc01a9a7000 r-xp 00000000 08:01 4463732                    /usr/lib/x86_64-linux-gnu/libgdk_pixbuf-2.0.so.0.2800.0
7fc01a9a7000-7fc01aba7000 ---p 0001e000 08:01 4463732                    /usr/lib/x86_64-linux-gnu/libgdk_pixbuf-2.0.so.0.2800.0
7fc01aba7000-7fc01aba8000 r--p 0001e000 08:01 4463732                    /usr/lib/x86_64-linux-gnu/libgdk_pixbuf-2.0.so.0.2800.0
7fc01aba8000-7fc01aba9000 rw-p 0001f000 08:01 4463732                    /usr/lib/x86_64-linux-gnu/libgdk_pixbuf-2.0.so.0.2800.0
7fc01aba9000-7fc01ac56000 r-xp 00000000 08:01 4463730                    /usr/lib/x86_64-linux-gnu/libgdk-x11-2.0.so.0.2400.17
7fc01ac56000-7fc01ae55000 ---p 000ad000 08:01 4463730                    /usr/lib/x86_64-linux-gnu/libgdk-x11-2.0.so.0.2400.17
7fc01ae55000-7fc01ae59000 r--p 000ac000 08:01 4463730                    /usr/lib/x86_64-linux-gnu/libgdk-x11-2.0.so.0.2400.17
7fc01ae59000-7fc01ae5b000 rw-p 000b0000 08:01 4463730                    /usr/lib/x86_64-linux-gnu/libgdk-x11-2.0.so.0.2400.17
7fc01ae5b000-7fc01b288000 r-xp 00000000 08:01 4463873                    /usr/lib/x86_64-linux-gnu/libgtk-x11-2.0.so.0.2400.17
7fc01b288000-7fc01b487000 ---p 0042d000 08:01 4463873                    /usr/lib/x86_64-linux-gnu/libgtk-x11-2.0.so.0.2400.17
7fc01b487000-7fc01b48e000 r--p 0042c000 08:01 4463873                    /usr/lib/x86_64-linux-gnu/libgtk-x11-2.0.so.0.2400.17
7fc01b48e000-7fc01b492000 rw-p 00433000 08:01 4463873                    /usr/lib/x86_64-linux-gnu/libgtk-x11-2.0.so.0.2400.17
7fc01b492000-7fc01b494000 rw-p 00000000 00:00 0 
7fc01b494000-7fc01b4a2000 r-xp 00000000 08:01 4463255                    /usr/lib/x86_64-linux-gnu/libXi.so.6.1.0
7fc01b4a2000-7fc01b6a2000 ---p 0000e000 08:01 4463255                    /usr/lib/x86_64-linux-gnu/libXi.so.6.1.0
7fc01b6a2000-7fc01b6a3000 r--p 0000e000 08:01 4463255                    /usr/lib/x86_64-linux-gnu/libXi.so.6.1.0
7fc01b6a3000-7fc01b6a4000 rw-p 0000f000 08:01 4463255                    /usr/lib/x86_64-linux-gnu/libXi.so.6.1.0
7fc01b6a4000-7fc01b6a9000 r-xp 00000000 08:01 4463461                    /usr/lib/x86_64-linux-gnu/libXtst.so.6.1.0
7fc01b6a9000-7fc01b8a8000 ---p 00005000 08:01 4463461                    /usr/lib/x86_64-linux-gnu/libXtst.so.6.1.0
7fc01b8a8000-7fc01b8a9000 r--p 00004000 08:01 4463461                    /usr/lib/x86_64-linux-gnu/libXtst.so.6.1.0
7fc01b8a9000-7fc01b8aa000 rw-p 00005000 08:01 4463461                    /usr/lib/x86_64-linux-gnu/libXtst.so.6.1.0
7fc01b8aa000-7fc01b8b3000 r-xp 00000000 08:01 4463395                    /usr/lib/x86_64-linux-gnu/libXrender.so.1.3.0
7fc01b8b3000-7fc01bab2000 ---p 00009000 08:01 4463395                    /usr/lib/x86_64-linux-gnu/libXrender.so.1.3.0
7fc01bab2000-7fc01bab3000 r--p 00008000 08:01 4463395                    /usr/lib/x86_64-linux-gnu/libXrender.so.1.3.0
7fc01bab3000-7fc01bab4000 rw-p 00009000 08:01 4463395                    /usr/lib/x86_64-linux-gnu/libXrender.so.1.3.0
7fc01bab4000-7fc01bbe8000 r-xp 00000000 08:01 4463247                    /usr/lib/x86_64-linux-gnu/libX11.so.6.3.0
7fc01bbe8000-7fc01bde8000 ---p 00134000 08:01 4463247                    /usr/lib/x86_64-linux-gnu/libX11.so.6.3.0
7fc01bde8000-7fc01bde9000 r--p 00134000 08:01 4463247                    /usr/lib/x86_64-linux-gnu/libX11.so.6.3.0
7fc01bde9000-7fc01bdee000 rw-p 00135000 08:01 4463247                    /usr/lib/x86_64-linux-gnu/libX11.so.6.3.0
7fc01bdee000-7fc01bdff000 r-xp 00000000 08:01 4463249                    /usr/lib/x86_64-linux-gnu/libXext.so.6.4.0
7fc01bdff000-7fc01bffe000 ---p 00011000 08:01 4463249                    /usr/lib/x86_64-linux-gnu/libXext.so.6.4.0
7fc01bffe000-7fc01bfff000 r--p 00010000 08:01 4463249                    /usr/lib/x86_64-linux-gnu/libXext.so.6.4.0
7fc01bfff000-7fc01c000000 rw-p 00011000 08:01 4463249                    /usr/lib/x86_64-linux-gnu/libXext.so.6.4.0
7fc01c000000-7fc01c021000 rw-p 00000000 00:00 0 
7fc01c021000-7fc020000000 ---p 00000000 00:00 0 
7fc0200a0000-7fc0200f3000 r-xp 00000000 08:01 4467641                    /usr/lib/jvm/java-7-openjdk-amd64/jre/lib/amd64/xawt/libmawt.so
7fc0200f3000-7fc0202f2000 ---p 00053000 08:01 4467641                    /usr/lib/jvm/java-7-openjdk-amd64/jre/lib/amd64/xawt/libmawt.so
7fc0202f2000-7fc0202f3000 r--p 00052000 08:01 4467641                    /usr/lib/jvm/java-7-openjdk-amd64/jre/lib/amd64/xawt/libmawt.so
7fc0202f3000-7fc0202f6000 rw-p 00053000 08:01 4467641                    /usr/lib/jvm/java-7-openjdk-amd64/jre/lib/amd64/xawt/libmawt.so
7fc0202f6000-7fc0202f7000 rw-p 00000000 00:00 0 
7fc0202f7000-7fc020398000 r-xp 00000000 08:01 4466511                    /usr/lib/jvm/java-7-openjdk-amd64/jre/lib/amd64/libawt.so
7fc020398000-7fc020598000 ---p 000a1000 08:01 4466511                    /usr/lib/jvm/java-7-openjdk-amd64/jre/lib/amd64/libawt.so
7fc020598000-7fc020599000 r--p 000a1000 08:01 4466511                    /usr/lib/jvm/java-7-openjdk-amd64/jre/lib/amd64/libawt.so
7fc020599000-7fc0205a4000 rw-p 000a2000 08:01 4466511                    /usr/lib/jvm/java-7-openjdk-amd64/jre/lib/amd64/libawt.so
7fc0205a4000-7fc0205c9000 rw-p 00000000 00:00 0 
7fc0205c9000-7fc020606000 r-xp 00000000 08:01 6033097                    /lib/x86_64-linux-gnu/libpcre.so.3.13.1
7fc020606000-7fc020806000 ---p 0003d000 08:01 6033097                    /lib/x86_64-linux-gnu/libpcre.so.3.13.1
7fc020806000-7fc020807000 r--p 0003d000 08:01 6033097                    /lib/x86_64-linux-gnu/libpcre.so.3.13.1
7fc020807000-7fc020808000 rw-p 0003e000 08:01 6033097                    /lib/x86_64-linux-gnu/libpcre.so.3.13.1
7fc020808000-7fc02080f000 r-xp 00000000 08:01 4463665                    /usr/lib/x86_64-linux-gnu/libffi.so.6.0.1
7fc02080f000-7fc020a0e000 ---p 00007000 08:01 4463665                    /usr/lib/x86_64-linux-gnu/libffi.so.6.0.1
7fc020a0e000-7fc020a0f000 r--p 00006000 08:01 4463665                    /usr/lib/x86_64-linux-gnu/libffi.so.6.0.1
7fc020a0f000-7fc020a10000 rw-p 00007000 08:01 4463665                    /usr/lib/x86_64-linux-gnu/libffi.so.6.0.1
7fc020a10000-7fc020a26000 r-xp 00000000 08:01 6033120                    /lib/x86_64-linux-gnu/libresolv-2.17.so
7fc020a26000-7fc020c26000 ---p 00016000 08:01 6033120                    /lib/x86_64-linux-gnu/libresolv-2.17.so
7fc020c26000-7fc020c27000 r--p 00016000 08:01 6033120                    /lib/x86_64-linux-gnu/libresolv-2.17.so
7fc020c27000-7fc020c28000 rw-p 00017000 08:01 6033120                    /lib/x86_64-linux-gnu/libresolv-2.17.so
7fc020c28000-7fc020c2a000 rw-p 00000000 00:00 0 
7fc020c2a000-7fc020c47000 r-xp 00000000 08:01 6033124                    /lib/x86_64-linux-gnu/libselinux.so.1
7fc020c47000-7fc020e46000 ---p 0001d000 08:01 6033124                    /lib/x86_64-linux-gnu/libselinux.so.1
7fc020e46000-7fc020e47000 r--p 0001c000 08:01 6033124                    /lib/x86_64-linux-gnu/libselinux.so.1
7fc020e47000-7fc020e48000 rw-p 0001d000 08:01 6033124                    /lib/x86_64-linux-gnu/libselinux.so.1
7fc020e48000-7fc020e49000 rw-p 00000000 00:00 0 
7fc020e49000-7fc020e4c000 r-xp 00000000 08:01 4463758                    /usr/lib/x86_64-linux-gnu/libgmodule-2.0.so.0.3600.0
7fc020e4c000-7fc02104b000 ---p 00003000 08:01 4463758                    /usr/lib/x86_64-linux-gnu/libgmodule-2.0.so.0.3600.0
7fc02104b000-7fc02104c000 r--p 00002000 08:01 4463758                    /usr/lib/x86_64-linux-gnu/libgmodule-2.0.so.0.3600.0
7fc02104c000-7fc02104d000 rw-p 00003000 08:01 4463758                    /usr/lib/x86_64-linux-gnu/libgmodule-2.0.so.0.3600.0
7fc02104d000-7fc021146000 r-xp 00000000 08:01 6033031                    /lib/x86_64-linux-gnu/libglib-2.0.so.0.3600.0
7fc021146000-7fc021346000 ---p 000f9000 08:01 6033031                    /lib/x86_64-linux-gnu/libglib-2.0.so.0.3600.0
7fc021346000-7fc021347000 r--p 000f9000 08:01 6033031                    /lib/x86_64-linux-gnu/libglib-2.0.so.0.3600.0
7fc021347000-7fc021348000 rw-p 000fa000 08:01 6033031                    /lib/x86_64-linux-gnu/libglib-2.0.so.0.3600.0
7fc021348000-7fc021349000 rw-p 00000000 00:00 0 
7fc021349000-7fc021396000 r-xp 00000000 08:01 4463774                    /usr/lib/x86_64-linux-gnu/libgobject-2.0.so.0.3600.0
7fc021396000-7fc021596000 ---p 0004d000 08:01 4463774                    /usr/lib/x86_64-linux-gnu/libgobject-2.0.so.0.3600.0
7fc021596000-7fc021597000 r--p 0004d000 08:01 4463774                    /usr/lib/x86_64-linux-gnu/libgobject-2.0.so.0.3600.0
7fc021597000-7fc021598000 rw-p 0004e000 08:01 4463774                    /usr/lib/x86_64-linux-gnu/libgobject-2.0.so.0.3600.0
7fc021598000-7fc0216eb000 r-xp 00000000 08:01 4463748                    /usr/lib/x86_64-linux-gnu/libgio-2.0.so.0.3600.0
7fc0216eb000-7fc0218ea000 ---p 00153000 08:01 4463748                    /usr/lib/x86_64-linux-gnu/libgio-2.0.so.0.3600.0
7fc0218ea000-7fc0218ee000 r--p 00152000 08:01 4463748                    /usr/lib/x86_64-linux-gnu/libgio-2.0.so.0.3600.0
7fc0218ee000-7fc0218f0000 rw-p 00156000 08:01 4463748                    /usr/lib/x86_64-linux-gnu/libgio-2.0.so.0.3600.0
7fc0218f0000-7fc0218f2000 rw-p 00000000 00:00 0 
7fc0218f2000-7fc021908000 r-xp 00000000 08:01 4466499                    /usr/lib/jvm/java-7-openjdk-amd64/jre/lib/amd64/libnet.so
7fc021908000-7fc021b07000 ---p 00016000 08:01 4466499                    /usr/lib/jvm/java-7-openjdk-amd64/jre/lib/amd64/libnet.so
7fc021b07000-7fc021b08000 r--p 00015000 08:01 4466499                    /usr/lib/jvm/java-7-openjdk-amd64/jre/lib/amd64/libnet.so
7fc021b08000-7fc021b09000 rw-p 00016000 08:01 4466499                    /usr/lib/jvm/java-7-openjdk-amd64/jre/lib/amd64/libnet.so
7fc021b09000-7fc021b0c000 ---p 00000000 00:00 0 
7fc021b0c000-7fc02230a000 rw-p 00000000 00:00 0                          [stack:20970]
7fc02230a000-7fc02230b000 ---p 00000000 00:00 0 
7fc02230b000-7fc022b0b000 rw-p 00000000 00:00 0                          [stack:20969]
7fc022b0b000-7fc022b0c000 ---p 00000000 00:00 0 
7fc022b0c000-7fc02330c000 rw-p 00000000 00:00 0                          [stack:20968]
7fc02330c000-7fc023b79000 r-xp 00000000 08:01 17042183                   /home/shiwali/soar/SoarSuite/out/libSoar.so
7fc023b79000-7fc023d78000 ---p 0086d000 08:01 17042183                   /home/shiwali/soar/SoarSuite/out/libSoar.so
7fc023d78000-7fc023d89000 r--p 0086c000 08:01 17042183                   /home/shiwali/soar/SoarSuite/out/libSoar.so
7fc023d89000-7fc023da0000 rw-p 0087d000 08:01 17042183                   /home/shiwali/soar/SoarSuite/out/libSoar.so
7fc023da0000-7fc023da4000 rw-p 00000000 00:00 0 
7fc023da4000-7fc023dfd000 r-xp 00000000 08:01 17042226                   /home/shiwali/soar/SoarSuite/out/libJava_sml_ClientInterface.so
7fc023dfd000-7fc023ffd000 ---p 00059000 08:01 17042226                   /home/shiwali/soar/SoarSuite/out/libJava_sml_ClientInterface.so
7fc023ffd000-7fc023ffe000 r--p 00059000 08:01 17042226                   /home/shiwali/soar/SoarSuite/out/libJava_sml_ClientInterface.so
7fc023ffe000-7fc024000000 rw-p 0005a000 08:01 17042226                   /home/shiwali/soar/SoarSuite/out/libJava_sml_ClientInterface.so
7fc024000000-7fc024021000 rw-p 00000000 00:00 0 
7fc024021000-7fc028000000 ---p 00000000 00:00 0 
7fc028000000-7fc028021000 rw-p 00000000 00:00 0 
7fc028021000-7fc02c000000 ---p 00000000 00:00 0 
7fc02c000000-7fc02c021000 rw-p 00000000 00:00 0 
7fc02c021000-7fc030000000 ---p 00000000 00:00 0 
7fc030000000-7fc030021000 rw-p 00000000 00:00 0 
7fc030021000-7fc034000000 ---p 00000000 00:00 0 
7fc034000000-7fc034021000 rw-p 00000000 00:00 0 
7fc034021000-7fc038000000 ---p 00000000 00:00 0 
7fc038065000-7fc038068000 ---p 00000000 00:00 0 
7fc038068000-7fc038166000 rw-p 00000000 00:00 0                          [stack:20995]
7fc038166000-7fc038178000 r--s 00294000 08:01 16910059                   /home/shiwali/InstructoSoarII/april/java/april.jar
7fc038178000-7fc03818b000 r--s 00211000 08:01 17171916                   /home/shiwali/soar/SoarSuite/out/java/swt.jar
7fc03818b000-7fc0381cd000 rw-p 00000000 00:00 0 
7fc0381cd000-7fc0381ce000 ---p 00000000 00:00 0 
7fc0381ce000-7fc0382ce000 rw-p 00000000 00:00 0                          [stack:20967]
7fc0382ce000-7fc0382d1000 ---p 00000000 00:00 0 
7fc0382d1000-7fc0383cf000 rw-p 00000000 00:00 0                          [stack:20966]
7fc0383cf000-7fc0383d2000 ---p 00000000 00:00 0 
7fc0383d2000-7fc0384d0000 rw-p 00000000 00:00 0                          [stack:20965]
7fc0384d0000-7fc0384d3000 ---p 00000000 00:00 0 
7fc0384d3000-7fc0385d1000 rw-p 00000000 00:00 0                          [stack:20964]
7fc0385d1000-7fc0385d4000 ---p 00000000 00:00 0 
7fc0385d4000-7fc0386d2000 rw-p 00000000 00:00 0                          [stack:20963]
7fc0386d2000-7fc038db3000 r--p 00000000 08:01 4462580                    /usr/lib/locale/locale-archive
7fc038db3000-7fc038db6000 ---p 00000000 00:00 0 
7fc038db6000-7fc038eb4000 rw-p 00000000 00:00 0                          [stack:20962]
7fc038eb4000-7fc038eb7000 ---p 00000000 00:00 0 
7fc038eb7000-7fc038fb5000 rw-p 00000000 00:00 0                          [stack:20961]
7fc038fb5000-7fc038fb6000 ---p 00000000 00:00 0 
7fc038fb6000-7fc03acb8000 rw-p 00000000 00:00 0                          [stack:20960]
7fc03acb8000-7fc03ae65000 r--s 01cec000 08:01 4466481                    /usr/lib/jvm/java-7-openjdk-amd64/jre/lib/rt.jar
7fc03ae65000-7fc03bf29000 rw-p 00000000 00:00 0 
7fc03bf29000-7fc03bf2a000 ---p 00000000 00:00 0 
7fc03bf2a000-7fc03c02a000 rw-p 00000000 00:00 0                          [stack:20959]
7fc03c02a000-7fc03c02b000 ---p 00000000 00:00 0 
7fc03c02b000-7fc03c12b000 rw-p 00000000 00:00 0                          [stack:20958]
7fc03c12b000-7fc03c12c000 ---p 00000000 00:00 0 
7fc03c12c000-7fc03c22c000 rw-p 00000000 00:00 0                          [stack:20957]
7fc03c22c000-7fc03c22d000 ---p 00000000 00:00 0 
7fc03c22d000-7fc03c32d000 rw-p 00000000 00:00 0                          [stack:20956]
7fc03c32d000-7fc03c32e000 ---p 00000000 00:00 0 
7fc03c32e000-7fc03c42e000 rw-p 00000000 00:00 0                          [stack:20955]
7fc03c42e000-7fc03c42f000 ---p 00000000 00:00 0 
7fc03c42f000-7fc03c52f000 rw-p 00000000 00:00 0                          [stack:20954]
7fc03c52f000-7fc03c530000 ---p 00000000 00:00 0 
7fc03c530000-7fc03c630000 rw-p 00000000 00:00 0                          [stack:20953]
7fc03c630000-7fc03c631000 ---p 00000000 00:00 0 
7fc03c631000-7fc03c75b000 rw-p 00000000 00:00 0                          [stack:20952]
7fc03c75b000-7fc03c9c5000 rw-p 00000000 00:00 0 
7fc03c9c5000-7fc03c9d0000 rw-p 00000000 00:00 0 
7fc03c9d0000-7fc03ca18000 rw-p 00000000 00:00 0 
7fc03ca18000-7fc03ca42000 rw-p 00000000 00:00 0 
7fc03ca42000-7fc03ccac000 rw-p 00000000 00:00 0 
7fc03ccac000-7fc03cdac000 rw-p 00000000 00:00 0 
7fc03cdac000-7fc03cdf6000 rw-p 00000000 00:00 0 
7fc03cdf6000-7fc03cdf7000 rw-p 00000000 00:00 0 
7fc03cdf7000-7fc03d067000 rwxp 00000000 00:00 0 
7fc03d067000-7fc03fdf7000 rw-p 00000000 00:00 0 
7fc03fdf7000-7fc03fdff000 r-xp 00000000 08:01 4466526                    /usr/lib/jvm/java-7-openjdk-amd64/jre/lib/amd64/libzip.so
7fc03fdff000-7fc03fffe000 ---p 00008000 08:01 4466526                    /usr/lib/jvm/java-7-openjdk-amd64/jre/lib/amd64/libzip.so
7fc03fffe000-7fc03ffff000 r--p 00007000 08:01 4466526                    /usr/lib/jvm/java-7-openjdk-amd64/jre/lib/amd64/libzip.so
7fc03ffff000-7fc040000000 rw-p 00008000 08:01 4466526                    /usr/lib/jvm/java-7-openjdk-amd64/jre/lib/amd64/libzip.so
7fc040000000-7fc040602000 rw-p 00000000 00:00 0 
7fc040602000-7fc044000000 ---p 00000000 00:00 0 
7fc044001000-7fc044005000 r--s 00035000 08:01 17957274                   /home/shiwali/InstructoSoarII/probcog2/java/probcog.jar
7fc044005000-7fc044008000 r--s 0001d000 08:01 5378582                    /usr/local/share/java/lcm.jar
7fc044008000-7fc0440e9000 rw-p 00000000 00:00 0 
7fc0440e9000-7fc044131000 rw-p 00000000 00:00 0 
7fc044131000-7fc04413d000 r-xp 00000000 08:01 6033075                    /lib/x86_64-linux-gnu/libnss_files-2.17.so
7fc04413d000-7fc04433c000 ---p 0000c000 08:01 6033075                    /lib/x86_64-linux-gnu/libnss_files-2.17.so
7fc04433c000-7fc04433d000 r--p 0000b000 08:01 6033075                    /lib/x86_64-linux-gnu/libnss_files-2.17.so
7fc04433d000-7fc04433e000 rw-p 0000c000 08:01 6033075                    /lib/x86_64-linux-gnu/libnss_files-2.17.so
7fc04433e000-7fc044349000 r-xp 00000000 08:01 6033079                    /lib/x86_64-linux-gnu/libnss_nis-2.17.so
7fc044349000-7fc044548000 ---p 0000b000 08:01 6033079                    /lib/x86_64-linux-gnu/libnss_nis-2.17.so
7fc044548000-7fc044549000 r--p 0000a000 08:01 6033079                    /lib/x86_64-linux-gnu/libnss_nis-2.17.so
7fc044549000-7fc04454a000 rw-p 0000b000 08:01 6033079                    /lib/x86_64-linux-gnu/libnss_nis-2.17.so
7fc04454a000-7fc044561000 r-xp 00000000 08:01 6033069                    /lib/x86_64-linux-gnu/libnsl-2.17.so
7fc044561000-7fc044760000 ---p 00017000 08:01 6033069                    /lib/x86_64-linux-gnu/libnsl-2.17.so
7fc044760000-7fc044761000 r--p 00016000 08:01 6033069                    /lib/x86_64-linux-gnu/libnsl-2.17.so
7fc044761000-7fc044762000 rw-p 00017000 08:01 6033069                    /lib/x86_64-linux-gnu/libnsl-2.17.so
7fc044762000-7fc044764000 rw-p 00000000 00:00 0 
7fc044764000-7fc04476c000 r-xp 00000000 08:01 6033071                    /lib/x86_64-linux-gnu/libnss_compat-2.17.so
7fc04476c000-7fc04496b000 ---p 00008000 08:01 6033071                    /lib/x86_64-linux-gnu/libnss_compat-2.17.so
7fc04496b000-7fc04496c000 r--p 00007000 08:01 6033071                    /lib/x86_64-linux-gnu/libnss_compat-2.17.so
7fc04496c000-7fc04496d000 rw-p 00008000 08:01 6033071                    /lib/x86_64-linux-gnu/libnss_compat-2.17.so
7fc04496d000-7fc044998000 r-xp 00000000 08:01 4466510                    /usr/lib/jvm/java-7-openjdk-amd64/jre/lib/amd64/libjava.so
7fc044998000-7fc044b97000 ---p 0002b000 08:01 4466510                    /usr/lib/jvm/java-7-openjdk-amd64/jre/lib/amd64/libjava.so
7fc044b97000-7fc044b98000 r--p 0002a000 08:01 4466510                    /usr/lib/jvm/java-7-openjdk-amd64/jre/lib/amd64/libjava.so
7fc044b98000-7fc044b9a000 rw-p 0002b000 08:01 4466510                    /usr/lib/jvm/java-7-openjdk-amd64/jre/lib/amd64/libjava.so
7fc044b9a000-7fc044ba9000 r-xp 00000000 08:01 4466509                    /usr/lib/jvm/java-7-openjdk-amd64/jre/lib/amd64/libverify.so
7fc044ba9000-7fc044da8000 ---p 0000f000 08:01 4466509                    /usr/lib/jvm/java-7-openjdk-amd64/jre/lib/amd64/libverify.so
7fc044da8000-7fc044daa000 r--p 0000e000 08:01 4466509                    /usr/lib/jvm/java-7-openjdk-amd64/jre/lib/amd64/libverify.so
7fc044daa000-7fc044dab000 rw-p 00010000 08:01 4466509                    /usr/lib/jvm/java-7-openjdk-amd64/jre/lib/amd64/libverify.so
7fc044dab000-7fc044db2000 r-xp 00000000 08:01 6033122                    /lib/x86_64-linux-gnu/librt-2.17.so
7fc044db2000-7fc044fb1000 ---p 00007000 08:01 6033122                    /lib/x86_64-linux-gnu/librt-2.17.so
7fc044fb1000-7fc044fb2000 r--p 00006000 08:01 6033122                    /lib/x86_64-linux-gnu/librt-2.17.so
7fc044fb2000-7fc044fb3000 rw-p 00007000 08:01 6033122                    /lib/x86_64-linux-gnu/librt-2.17.so
7fc044fb3000-7fc044fc7000 r-xp 00000000 08:01 6033027                    /lib/x86_64-linux-gnu/libgcc_s.so.1
7fc044fc7000-7fc0451c7000 ---p 00014000 08:01 6033027                    /lib/x86_64-linux-gnu/libgcc_s.so.1
7fc0451c7000-7fc0451c8000 r--p 00014000 08:01 6033027                    /lib/x86_64-linux-gnu/libgcc_s.so.1
7fc0451c8000-7fc0451c9000 rw-p 00015000 08:01 6033027                    /lib/x86_64-linux-gnu/libgcc_s.so.1
7fc0451c9000-7fc0452cc000 r-xp 00000000 08:01 6033050                    /lib/x86_64-linux-gnu/libm-2.17.so
7fc0452cc000-7fc0454cc000 ---p 00103000 08:01 6033050                    /lib/x86_64-linux-gnu/libm-2.17.so
7fc0454cc000-7fc0454cd000 r--p 00103000 08:01 6033050                    /lib/x86_64-linux-gnu/libm-2.17.so
7fc0454cd000-7fc0454ce000 rw-p 00104000 08:01 6033050                    /lib/x86_64-linux-gnu/libm-2.17.so
7fc0454ce000-7fc0455b3000 r-xp 00000000 08:01 4464194                    /usr/lib/x86_64-linux-gnu/libstdc++.so.6.0.17
7fc0455b3000-7fc0457b2000 ---p 000e5000 08:01 4464194                    /usr/lib/x86_64-linux-gnu/libstdc++.so.6.0.17
7fc0457b2000-7fc0457ba000 r--p 000e4000 08:01 4464194                    /usr/lib/x86_64-linux-gnu/libstdc++.so.6.0.17
7fc0457ba000-7fc0457bc000 rw-p 000ec000 08:01 4464194                    /usr/lib/x86_64-linux-gnu/libstdc++.so.6.0.17
7fc0457bc000-7fc0457d1000 rw-p 00000000 00:00 0 
7fc0457d1000-7fc0461c1000 r-xp 00000000 08:01 4466515                    /usr/lib/jvm/java-7-openjdk-amd64/jre/lib/amd64/server/libjvm.so
7fc0461c1000-7fc0463c0000 ---p 009f0000 08:01 4466515                    /usr/lib/jvm/java-7-openjdk-amd64/jre/lib/amd64/server/libjvm.so
7fc0463c0000-7fc04643f000 r--p 009ef000 08:01 4466515                    /usr/lib/jvm/java-7-openjdk-amd64/jre/lib/amd64/server/libjvm.so
7fc04643f000-7fc046462000 rw-p 00a6e000 08:01 4466515                    /usr/lib/jvm/java-7-openjdk-amd64/jre/lib/amd64/server/libjvm.so
7fc046462000-7fc04648d000 rw-p 00000000 00:00 0 
7fc04648d000-7fc0464a3000 r-xp 00000000 08:01 6033155                    /lib/x86_64-linux-gnu/libz.so.1.2.7
7fc0464a3000-7fc0466a2000 ---p 00016000 08:01 6033155                    /lib/x86_64-linux-gnu/libz.so.1.2.7
7fc0466a2000-7fc0466a3000 r--p 00015000 08:01 6033155                    /lib/x86_64-linux-gnu/libz.so.1.2.7
7fc0466a3000-7fc0466a4000 rw-p 00016000 08:01 6033155                    /lib/x86_64-linux-gnu/libz.so.1.2.7
7fc0466a4000-7fc0466bc000 r-xp 00000000 08:01 6033114                    /lib/x86_64-linux-gnu/libpthread-2.17.so
7fc0466bc000-7fc0468bb000 ---p 00018000 08:01 6033114                    /lib/x86_64-linux-gnu/libpthread-2.17.so
7fc0468bb000-7fc0468bc000 r--p 00017000 08:01 6033114                    /lib/x86_64-linux-gnu/libpthread-2.17.so
7fc0468bc000-7fc0468bd000 rw-p 00018000 08:01 6033114                    /lib/x86_64-linux-gnu/libpthread-2.17.so
7fc0468bd000-7fc0468c1000 rw-p 00000000 00:00 0 
7fc0468c1000-7fc0468c4000 r-xp 00000000 08:01 6033017                    /lib/x86_64-linux-gnu/libdl-2.17.so
7fc0468c4000-7fc046ac3000 ---p 00003000 08:01 6033017                    /lib/x86_64-linux-gnu/libdl-2.17.so
7fc046ac3000-7fc046ac4000 r--p 00002000 08:01 6033017                    /lib/x86_64-linux-gnu/libdl-2.17.so
7fc046ac4000-7fc046ac5000 rw-p 00003000 08:01 6033017                    /lib/x86_64-linux-gnu/libdl-2.17.so
7fc046ac5000-7fc046c83000 r-xp 00000000 08:01 6033002                    /lib/x86_64-linux-gnu/libc-2.17.so
7fc046c83000-7fc046e82000 ---p 001be000 08:01 6033002                    /lib/x86_64-linux-gnu/libc-2.17.so
7fc046e82000-7fc046e86000 r--p 001bd000 08:01 6033002                    /lib/x86_64-linux-gnu/libc-2.17.so
7fc046e86000-7fc046e88000 rw-p 001c1000 08:01 6033002                    /lib/x86_64-linux-gnu/libc-2.17.so
7fc046e88000-7fc046e8d000 rw-p 00000000 00:00 0 
7fc046e8d000-7fc046e9a000 r-xp 00000000 08:01 4466492                    /usr/lib/jvm/java-7-openjdk-amd64/jre/lib/amd64/jli/libjli.so
7fc046e9a000-7fc047099000 ---p 0000d000 08:01 4466492                    /usr/lib/jvm/java-7-openjdk-amd64/jre/lib/amd64/jli/libjli.so
7fc047099000-7fc04709a000 r--p 0000c000 08:01 4466492                    /usr/lib/jvm/java-7-openjdk-amd64/jre/lib/amd64/jli/libjli.so
7fc04709a000-7fc04709b000 rw-p 0000d000 08:01 4466492                    /usr/lib/jvm/java-7-openjdk-amd64/jre/lib/amd64/jli/libjli.so
7fc04709b000-7fc0470be000 r-xp 00000000 08:01 6032978                    /lib/x86_64-linux-gnu/ld-2.17.so
7fc0470bf000-7fc0470c0000 rw-p 00000000 00:00 0 
7fc0470c0000-7fc0470c9000 r--s 0005a000 08:01 17171911                   /home/shiwali/soar/SoarSuite/out/java/soar-debugger.jar
7fc0470c9000-7fc0470ca000 r--s 00001000 08:01 17171909                   /home/shiwali/soar/SoarSuite/out/java/soar-debugger-api.jar
7fc0470ca000-7fc0470cb000 r--s 00003000 08:01 17171915                   /home/shiwali/soar/SoarSuite/out/java/swtgraphics2d.jar
7fc0470cb000-7fc0470cd000 r--s 00005000 08:01 17171902                   /home/shiwali/soar/SoarSuite/out/java/soar-smljava.jar
7fc0470cd000-7fc0470d6000 r--s 000bc000 08:01 4465943                    /usr/lib/jvm/java-7-openjdk-common/jre/lib/resources.jar
7fc0470d6000-7fc0470d9000 r--s 00018000 08:01 17171891                   /home/shiwali/soar/SoarSuite/out/java/sml.jar
7fc0470d9000-7fc0470dd000 r--s 00085000 08:01 4465946                    /usr/lib/jvm/java-7-openjdk-common/jre/lib/ext/localedata.jar
7fc0470dd000-7fc0470e7000 rw-p 00000000 00:00 0 
7fc0470e7000-7fc04719d000 rw-p 00000000 00:00 0 
7fc04719d000-7fc0471a0000 ---p 00000000 00:00 0 
7fc0471a0000-7fc0472a3000 rw-p 00000000 00:00 0                          [stack:20951]
7fc0472a3000-7fc0472a6000 r--s 00032000 08:01 4465947                    /usr/lib/jvm/java-7-openjdk-common/jre/lib/ext/sunjce_provider.jar
7fc0472a6000-7fc0472a9000 r--s 0003c000 08:01 4465945                    /usr/lib/jvm/java-7-openjdk-common/jre/lib/ext/sunpkcs11.jar
7fc0472a9000-7fc0472aa000 r--s 00002000 08:01 4465949                    /usr/lib/jvm/java-7-openjdk-common/jre/lib/ext/dnsns.jar
7fc0472aa000-7fc0472ad000 r--s 0000f000 08:01 4465948                    /usr/lib/jvm/java-7-openjdk-common/jre/lib/ext/pulse-java.jar
7fc0472ad000-7fc0472af000 r--s 00006000 08:01 4855577                    /usr/share/java/java-atk-wrapper.jar
7fc0472af000-7fc0472b1000 r--s 00012000 08:01 4465950                    /usr/lib/jvm/java-7-openjdk-common/jre/lib/ext/zipfs.jar
7fc0472b1000-7fc0472b9000 rw-s 00000000 08:01 6160647                    /tmp/hsperfdata_shiwali/20946
7fc0472b9000-7fc0472ba000 rw-p 00000000 00:00 0 
7fc0472ba000-7fc0472bb000 r--p 00000000 00:00 0 
7fc0472bb000-7fc0472bd000 rw-p 00000000 00:00 0 
7fc0472bd000-7fc0472be000 r--p 00022000 08:01 6032978                    /lib/x86_64-linux-gnu/ld-2.17.so
7fc0472be000-7fc0472c0000 rw-p 00023000 08:01 6032978                    /lib/x86_64-linux-gnu/ld-2.17.so
7ffffb107000-7ffffb128000 rw-p 00000000 00:00 0                          [stack]
7ffffb1fe000-7ffffb200000 r-xp 00000000 00:00 0                          [vdso]
ffffffffff600000-ffffffffff601000 r-xp 00000000 00:00 0                  [vsyscall]

VM Arguments:
jvm_args: -Dfile.encoding=UTF-8 
java_command: edu.umich.insoar.InSoar
Launcher Type: SUN_STANDARD

Environment Variables:
PATH=/usr/lib/lightdm/lightdm:/usr/local/sbin:/usr/local/bin:/usr/sbin:/usr/bin:/sbin:/bin:/usr/games:/usr/local/games
LD_LIBRARY_PATH=/home/shiwali/soar/SoarSuite/out
SHELL=/bin/bash
DISPLAY=:0

Signal Handlers:
SIGSEGV: [libjvm.so+0x84f410], sa_mask[0]=0x7ffbfeff, sa_flags=0x10000004
SIGBUS: [libjvm.so+0x84f410], sa_mask[0]=0x7ffbfeff, sa_flags=0x10000004
SIGFPE: [libjvm.so+0x6f19a0], sa_mask[0]=0x7ffbfeff, sa_flags=0x10000004
SIGPIPE: SIG_IGN, sa_mask[0]=0x00000000, sa_flags=0x00000000
SIGXFSZ: [libjvm.so+0x6f19a0], sa_mask[0]=0x7ffbfeff, sa_flags=0x10000004
SIGILL: [libjvm.so+0x6f19a0], sa_mask[0]=0x7ffbfeff, sa_flags=0x10000004
SIGUSR1: SIG_DFL, sa_mask[0]=0x00000000, sa_flags=0x00000000
SIGUSR2: [libjvm.so+0x6f1d70], sa_mask[0]=0x00000004, sa_flags=0x10000004
SIGHUP: [libjvm.so+0x6f1eb0], sa_mask[0]=0x7ffbfeff, sa_flags=0x10000004
SIGINT: [libjvm.so+0x6f1eb0], sa_mask[0]=0x7ffbfeff, sa_flags=0x10000004
SIGTERM: [libjvm.so+0x6f1eb0], sa_mask[0]=0x7ffbfeff, sa_flags=0x10000004
SIGQUIT: [libjvm.so+0x6f1eb0], sa_mask[0]=0x7ffbfeff, sa_flags=0x10000004


---------------  S Y S T E M  ---------------

OS:Ubuntu 13.04 (raring)
uname:Linux 3.8.0-27-generic #40-Ubuntu SMP Tue Jul 9 00:17:05 UTC 2013 x86_64
libc:glibc 2.17 NPTL 2.17 
rlimit: STACK 8192k, CORE 0k, NPROC 63152, NOFILE 4096, AS infinity
load average:1.71 1.88 1.86

/proc/meminfo:
MemTotal:        8102568 kB
MemFree:         1104028 kB
Buffers:          244176 kB
Cached:          1750020 kB
SwapCached:            0 kB
Active:          4561748 kB
Inactive:        1568836 kB
Active(anon):    3546876 kB
Inactive(anon):   648588 kB
Active(file):    1014872 kB
Inactive(file):   920248 kB
Unevictable:         100 kB
Mlocked:             100 kB
SwapTotal:       8311804 kB
SwapFree:        8311712 kB
Dirty:               448 kB
Writeback:             0 kB
AnonPages:       4136772 kB
Mapped:           319260 kB
Shmem:             59076 kB
Slab:             215044 kB
SReclaimable:     164752 kB
SUnreclaim:        50292 kB
KernelStack:        5872 kB
PageTables:        55464 kB
NFS_Unstable:          0 kB
Bounce:                0 kB
WritebackTmp:          0 kB
CommitLimit:    12363088 kB
Committed_AS:    9148532 kB
VmallocTotal:   34359738367 kB
VmallocUsed:      101648 kB
VmallocChunk:   34359625924 kB
HardwareCorrupted:     0 kB
AnonHugePages:         0 kB
HugePages_Total:       0
HugePages_Free:        0
HugePages_Rsvd:        0
HugePages_Surp:        0
Hugepagesize:       2048 kB
DirectMap4k:       68412 kB
DirectMap2M:     8245248 kB


CPU:total 8 (4 cores per cpu, 2 threads per core) family 6 model 30 stepping 5, cmov, cx8, fxsr, mmx, sse, sse2, sse3, ssse3, sse4.1, sse4.2, popcnt, ht, tsc, tscinvbit

/proc/cpuinfo:
processor	: 0
vendor_id	: GenuineIntel
cpu family	: 6
model		: 30
model name	: Intel(R) Core(TM) i7 CPU         860  @ 2.80GHz
stepping	: 5
microcode	: 0x5
cpu MHz		: 1197.000
cache size	: 8192 KB
physical id	: 0
siblings	: 8
core id		: 0
cpu cores	: 4
apicid		: 0
initial apicid	: 0
fpu		: yes
fpu_exception	: yes
cpuid level	: 11
wp		: yes
flags		: fpu vme de pse tsc msr pae mce cx8 apic sep mtrr pge mca cmov pat pse36 clflush dts acpi mmx fxsr sse sse2 ss ht tm pbe syscall nx rdtscp lm constant_tsc arch_perfmon pebs bts rep_good nopl xtopology nonstop_tsc aperfmperf pni dtes64 monitor ds_cpl vmx smx est tm2 ssse3 cx16 xtpr pdcm sse4_1 sse4_2 popcnt lahf_lm ida dtherm tpr_shadow vnmi flexpriority ept vpid
bogomips	: 5585.99
clflush size	: 64
cache_alignment	: 64
address sizes	: 36 bits physical, 48 bits virtual
power management:

processor	: 1
vendor_id	: GenuineIntel
cpu family	: 6
model		: 30
model name	: Intel(R) Core(TM) i7 CPU         860  @ 2.80GHz
stepping	: 5
microcode	: 0x5
cpu MHz		: 1197.000
cache size	: 8192 KB
physical id	: 0
siblings	: 8
core id		: 1
cpu cores	: 4
apicid		: 2
initial apicid	: 2
fpu		: yes
fpu_exception	: yes
cpuid level	: 11
wp		: yes
flags		: fpu vme de pse tsc msr pae mce cx8 apic sep mtrr pge mca cmov pat pse36 clflush dts acpi mmx fxsr sse sse2 ss ht tm pbe syscall nx rdtscp lm constant_tsc arch_perfmon pebs bts rep_good nopl xtopology nonstop_tsc aperfmperf pni dtes64 monitor ds_cpl vmx smx est tm2 ssse3 cx16 xtpr pdcm sse4_1 sse4_2 popcnt lahf_lm ida dtherm tpr_shadow vnmi flexpriority ept vpid
bogomips	: 5585.99
clflush size	: 64
cache_alignment	: 64
address sizes	: 36 bits physical, 48 bits virtual
power management:

processor	: 2
vendor_id	: GenuineIntel
cpu family	: 6
model		: 30
model name	: Intel(R) Core(TM) i7 CPU         860  @ 2.80GHz
stepping	: 5
microcode	: 0x5
cpu MHz		: 2794.000
cache size	: 8192 KB
physical id	: 0
siblings	: 8
core id		: 2
cpu cores	: 4
apicid		: 4
initial apicid	: 4
fpu		: yes
fpu_exception	: yes
cpuid level	: 11
wp		: yes
flags		: fpu vme de pse tsc msr pae mce cx8 apic sep mtrr pge mca cmov pat pse36 clflush dts acpi mmx fxsr sse sse2 ss ht tm pbe syscall nx rdtscp lm constant_tsc arch_perfmon pebs bts rep_good nopl xtopology nonstop_tsc aperfmperf pni dtes64 monitor ds_cpl vmx smx est tm2 ssse3 cx16 xtpr pdcm sse4_1 sse4_2 popcnt lahf_lm ida dtherm tpr_shadow vnmi flexpriority ept vpid
bogomips	: 5585.99
clflush size	: 64
cache_alignment	: 64
address sizes	: 36 bits physical, 48 bits virtual
power management:

processor	: 3
vendor_id	: GenuineIntel
cpu family	: 6
model		: 30
model name	: Intel(R) Core(TM) i7 CPU         860  @ 2.80GHz
stepping	: 5
microcode	: 0x5
cpu MHz		: 2794.000
cache size	: 8192 KB
physical id	: 0
siblings	: 8
core id		: 3
cpu cores	: 4
apicid		: 6
initial apicid	: 6
fpu		: yes
fpu_exception	: yes
cpuid level	: 11
wp		: yes
flags		: fpu vme de pse tsc msr pae mce cx8 apic sep mtrr pge mca cmov pat pse36 clflush dts acpi mmx fxsr sse sse2 ss ht tm pbe syscall nx rdtscp lm constant_tsc arch_perfmon pebs bts rep_good nopl xtopology nonstop_tsc aperfmperf pni dtes64 monitor ds_cpl vmx smx est tm2 ssse3 cx16 xtpr pdcm sse4_1 sse4_2 popcnt lahf_lm ida dtherm tpr_shadow vnmi flexpriority ept vpid
bogomips	: 5585.99
clflush size	: 64
cache_alignment	: 64
address sizes	: 36 bits physical, 48 bits virtual
power management:

processor	: 4
vendor_id	: GenuineIntel
cpu family	: 6
model		: 30
model name	: Intel(R) Core(TM) i7 CPU         860  @ 2.80GHz
stepping	: 5
microcode	: 0x5
cpu MHz		: 1197.000
cache size	: 8192 KB
physical id	: 0
siblings	: 8
core id		: 0
cpu cores	: 4
apicid		: 1
initial apicid	: 1
fpu		: yes
fpu_exception	: yes
cpuid level	: 11
wp		: yes
flags		: fpu vme de pse tsc msr pae mce cx8 apic sep mtrr pge mca cmov pat pse36 clflush dts acpi mmx fxsr sse sse2 ss ht tm pbe syscall nx rdtscp lm constant_tsc arch_perfmon pebs bts rep_good nopl xtopology nonstop_tsc aperfmperf pni dtes64 monitor ds_cpl vmx smx est tm2 ssse3 cx16 xtpr pdcm sse4_1 sse4_2 popcnt lahf_lm ida dtherm tpr_shadow vnmi flexpriority ept vpid
bogomips	: 5585.99
clflush size	: 64
cache_alignment	: 64
address sizes	: 36 bits physical, 48 bits virtual
power management:

processor	: 5
vendor_id	: GenuineIntel
cpu family	: 6
model		: 30
model name	: Intel(R) Core(TM) i7 CPU         860  @ 2.80GHz
stepping	: 5
microcode	: 0x5
cpu MHz		: 1197.000
cache size	: 8192 KB
physical id	: 0
siblings	: 8
core id		: 1
cpu cores	: 4
apicid		: 3
initial apicid	: 3
fpu		: yes
fpu_exception	: yes
cpuid level	: 11
wp		: yes
flags		: fpu vme de pse tsc msr pae mce cx8 apic sep mtrr pge mca cmov pat pse36 clflush dts acpi mmx fxsr sse sse2 ss ht tm pbe syscall nx rdtscp lm constant_tsc arch_perfmon pebs bts rep_good nopl xtopology nonstop_tsc aperfmperf pni dtes64 monitor ds_cpl vmx smx est tm2 ssse3 cx16 xtpr pdcm sse4_1 sse4_2 popcnt lahf_lm ida dtherm tpr_shadow vnmi flexpriority ept vpid
bogomips	: 5585.99
clflush size	: 64
cache_alignment	: 64
address sizes	: 36 bits physical, 48 bits virtual
power management:

processor	: 6
vendor_id	: GenuineIntel
cpu family	: 6
model		: 30
model name	: Intel(R) Core(TM) i7 CPU         860  @ 2.80GHz
stepping	: 5
microcode	: 0x5
cpu MHz		: 1197.000
cache size	: 8192 KB
physical id	: 0
siblings	: 8
core id		: 2
cpu cores	: 4
apicid		: 5
initial apicid	: 5
fpu		: yes
fpu_exception	: yes
cpuid level	: 11
wp		: yes
flags		: fpu vme de pse tsc msr pae mce cx8 apic sep mtrr pge mca cmov pat pse36 clflush dts acpi mmx fxsr sse sse2 ss ht tm pbe syscall nx rdtscp lm constant_tsc arch_perfmon pebs bts rep_good nopl xtopology nonstop_tsc aperfmperf pni dtes64 monitor ds_cpl vmx smx est tm2 ssse3 cx16 xtpr pdcm sse4_1 sse4_2 popcnt lahf_lm ida dtherm tpr_shadow vnmi flexpriority ept vpid
bogomips	: 5585.99
clflush size	: 64
cache_alignment	: 64
address sizes	: 36 bits physical, 48 bits virtual
power management:

processor	: 7
vendor_id	: GenuineIntel
cpu family	: 6
model		: 30
model name	: Intel(R) Core(TM) i7 CPU         860  @ 2.80GHz
stepping	: 5
microcode	: 0x5
cpu MHz		: 1197.000
cache size	: 8192 KB
physical id	: 0
siblings	: 8
core id		: 3
cpu cores	: 4
apicid		: 7
initial apicid	: 7
fpu		: yes
fpu_exception	: yes
cpuid level	: 11
wp		: yes
flags		: fpu vme de pse tsc msr pae mce cx8 apic sep mtrr pge mca cmov pat pse36 clflush dts acpi mmx fxsr sse sse2 ss ht tm pbe syscall nx rdtscp lm constant_tsc arch_perfmon pebs bts rep_good nopl xtopology nonstop_tsc aperfmperf pni dtes64 monitor ds_cpl vmx smx est tm2 ssse3 cx16 xtpr pdcm sse4_1 sse4_2 popcnt lahf_lm ida dtherm tpr_shadow vnmi flexpriority ept vpid
bogomips	: 5585.99
clflush size	: 64
cache_alignment	: 64
address sizes	: 36 bits physical, 48 bits virtual
power management:



Memory: 4k page, physical 8102568k(1104028k free), swap 8311804k(8311712k free)

vm_info: OpenJDK 64-Bit Server VM (23.7-b01) for linux-amd64 JRE (1.7.0_25-b30), built on Jul  3 2013 13:50:39 by "buildd" with gcc 4.7.3

time: Tue Aug 20 12:27:21 2013
elapsed time: 200 seconds

