#
# A fatal error has been detected by the Java Runtime Environment:
#
#  SIGSEGV (0xb) at pc=0x00007f651c3c3b6f, pid=1409, tid=140071340721920
#
# JRE version: 7.0_25-b30
# Java VM: OpenJDK 64-Bit Server VM (23.7-b01 mixed mode linux-amd64 compressed oops)
# Problematic frame:
# C  [libc.so.6+0x98b6f]  envz_strip+0x11af
#
# Failed to write core dump. Core dumps have been disabled. To enable core dumping, try "ulimit -c unlimited" before starting Java again
#
# If you would like to submit a bug report, please include
# instructions on how to reproduce the bug and visit:
#   https://bugs.launchpad.net/ubuntu/+source/openjdk-7/
#

---------------  T H R E A D  ---------------

Current thread is native thread

siginfo:si_signo=SIGSEGV: si_errno=0, si_code=1 (SEGV_MAPERR), si_addr=0x0000000000000000

Registers:
RAX=0x00007f64e6819f0c, RBX=0x0000000000000000, RCX=0x0000000000000000, RDX=0x000000000000137c
RSP=0x00007f64e6819d68, RBP=0x00007f64e6819e70, RSI=0x0000000000000000, RDI=0x00007f64e6819f0c
R8 =0x000000000000137c, R9 =0x6572612074616874, R10=0x64672061206e6920, R11=0x00007f651c4b8720
R12=0x0000000000000000, R13=0x00007f651cb24060, R14=0x00007f651cafb4e0, R15=0x0000000000001000
RIP=0x00007f651c3c3b6f, EFLAGS=0x0000000000010283, CSGSFS=0x0000000000000033, ERR=0x0000000000000004
  TRAPNO=0x000000000000000e

Top of Stack: (sp=0x00007f64e6819d68)
0x00007f64e6819d68:   00007f64e720eff4 0000002f00000000
0x00007f64e6819d78:   00007f65141cea80 00007f64e6819f00
0x00007f64e6819d88:   000000000000137c 00007f64e6819f0c
0x00007f64e6819d98:   00007f01d4017660 00007f64d4664460
0x00007f64e6819da8:   00007f64d4000dd0 00007f64e6819f00
0x00007f64e6819db8:   00007f64d4017460 0000002ffbad8001
0x00007f64e6819dc8:   00007f64d4017660 00007f64e6819f00
0x00007f64e6819dd8:   00007f64e6819f00 00007f64e6819e10
0x00007f64e6819de8:   00007f64e7397038 00007f64e6819f00
0x00007f64e6819df8:   00007f64d4017460 0000002fffffffff
0x00007f64e6819e08:   00007f64d4017660 00007f64e6819e50
0x00007f64e6819e18:   00007f64e738fe63 00007f64e6819f00
0x00007f64e6819e28:   00007f64d4017660 0000002f00000000
0x00007f64e6819e38:   00007f64d4000dd0 0000000000000000
0x00007f64e6819e48:   00007f64d4017660 00007f64e6819e90
0x00007f64e6819e58:   19a43b838a645700 0000000000000000
0x00007f64e6819e68:   0000000000000000 00007f64e6819ec0
0x00007f64e6819e78:   00007f64e720eb7e 0000000000000000
0x00007f64e6819e88:   00007f64e6819ee8 00007f64e763d21a
0x00007f64e6819e98:   0000000000001388 00007f64e6819f00
0x00007f64e6819ea8:   00007f64d4000dd0 0000000000000000
0x00007f64e6819eb8:   00007f64e6819f0c 00007f64e681b340
0x00007f64e6819ec8:   00007f64e720ec7c 00007f64e763d20e
0x00007f64e6819ed8:   00007f64d4000dd0 0000000000000000
0x00007f64e6819ee8:   0000003000000018 00007f64e681b350
0x00007f64e6819ef8:   00007f64e681b290 6f4720726f462020
0x00007f64e6819f08:   6c61207520206c61 692073656d77206c
0x00007f64e6819f18:   202c65746572206e 20676e696b6f6f6c
0x00007f64e6819f28:   20796e6120726f66 6572612074616874
0x00007f64e6819f38:   64672061206e6920 0000000a2e2e2e73
0x00007f64e6819f48:   0000000000000000 0000000000000000
0x00007f64e6819f58:   0000000000000000 0000000000000000 

Instructions: (pc=0x00007f651c3c3b6f)
0x00007f651c3c3b4f:   10 f3 0f 7f 77 20 f3 0f 7f 7f 30 49 83 c0 0f 49
0x00007f651c3c3b5f:   29 d0 48 8d 7c 17 31 e9 95 0b 00 00 66 0f ef c0
0x00007f651c3c3b6f:   f3 0f 6f 0e f3 0f 6f 56 10 66 0f 74 c1 66 0f d7
0x00007f651c3c3b7f:   d0 49 83 f8 11 0f 86 92 02 00 00 48 85 d2 75 5d 

Register to memory mapping:

RAX=0x00007f64e6819f0c is an unknown value
RBX=0x0000000000000000 is an unknown value
RCX=0x0000000000000000 is an unknown value
RDX=0x000000000000137c is an unknown value
RSP=0x00007f64e6819d68 is an unknown value
RBP=0x00007f64e6819e70 is an unknown value
RSI=0x0000000000000000 is an unknown value
RDI=0x00007f64e6819f0c is an unknown value
R8 =0x000000000000137c is an unknown value
R9 =0x6572612074616874 is an unknown value
R10=0x64672061206e6920 is an unknown value
R11=0x00007f651c4b8720: <offset 0x18d720> in /lib/x86_64-linux-gnu/libc.so.6 at 0x00007f651c32b000
R12=0x0000000000000000 is an unknown value
R13=0x00007f651cb24060: _rtld_global+0 in /lib64/ld-linux-x86-64.so.2 at 0x00007f651c901000
R14=0x00007f651cafb4e0 is pointing into the stack for thread: 0x00007f6514009800
R15=0x0000000000001000 is an unknown value


Stack: [0x00007f64e601c000,0x00007f64e681d000],  sp=0x00007f64e6819d68,  free space=8183k
Native frames: (J=compiled Java code, j=interpreted, Vv=VM code, C=native code)
C  [libc.so.6+0x98b6f]  envz_strip+0x11af
C  [libSoar.so+0x1f0b7e]  vsnprintf_with_symbols(agent_struct*, char*, unsigned long, char const*, __va_list_tag*)+0xf9
C  [libSoar.so+0x1f0c7c]  print_with_symbols(agent_struct*, char const*, ...)+0xc7
C  [libSoar.so+0x3f5f88]  cli::CommandLineInterface::DoGDSPrint()+0xb4
C  [libSoar.so+0x41fbb3]  cli::GDSPrintCommand::Parse(std::vector<std::string, std::allocator<std::string> >&)+0x31
C  [libSoar.so+0x418fe7]  cli::Parser::handle_command(std::vector<std::string, std::allocator<std::string> >&)+0x91
C  [libSoar.so+0x417d0e]  soar::tokenizer::parse_command()+0x1d0
C  [libSoar.so+0x417ab4]  soar::tokenizer::evaluate(char const*)+0x60
C  [libSoar.so+0x40af83]  cli::CommandLineInterface::Source(char const*, bool)+0x61
C  [libSoar.so+0x41528b]  cli::CommandLineInterface::DoCommand(sml::Connection*, sml::AgentSML*, char const*, bool, bool, soarxml::ElementXML*)+0x11d
C  [libSoar.so+0x377d01]  sml::KernelSML::HandleCommandLine(sml::AgentSML*, char const*, sml::Connection*, sml::AnalyzeXML*, soarxml::ElementXML*)+0x483
C  [libSoar.so+0x374157]  sml::KernelSML::ProcessCommand(char const*, sml::Connection*, sml::AnalyzeXML*, soarxml::ElementXML*)+0x325
C  [libSoar.so+0x374423]  sml::KernelSML::ProcessIncomingSML(sml::Connection*, soarxml::ElementXML*)+0x119
C  [libSoar.so+0x36ae62]  ReceivedCall(sml::Connection*, soarxml::ElementXML*, void*)+0x3b
C  [libSoar.so+0x3e1444]  sml::Callback::Invoke(soarxml::ElementXML*)+0x30
C  [libSoar.so+0x3db137]  sml::Connection::InvokeCallbacks(soarxml::ElementXML*)+0x105
C  [libSoar.so+0x3de7d9]  sml::RemoteConnection::ReceiveMessages(bool, int, int)+0x229
C  [libSoar.so+0x3de5ad]  sml::RemoteConnection::ReceiveMessages(bool)+0x2b
C  [libSoar.so+0x37139f]  sml::ConnectionManager::ReceiveAllMessages()+0x71
C  [libSoar.so+0x379c7c]  sml::ReceiverThread::Run()+0x2e
C  [libSoar.so+0x3e10e9]  ThreadStartFunction(void*)+0x2b
C  [libSoar.so+0x3e0fa1]  LinuxThreadFunc(void*)+0x28


---------------  P R O C E S S  ---------------

VM state:not at safepoint (normal execution)

VM Mutex/Monitor currently owned by a thread: None

Heap
 PSYoungGen      total 385088K, used 22950K [0x00000000e1560000, 0x0000000100000000, 0x0000000100000000)
  eden space 376832K, 5% used [0x00000000e1560000,0x00000000e28e1d28,0x00000000f8560000)
  from space 8256K, 36% used [0x00000000f8560000,0x00000000f8847bd8,0x00000000f8d70000)
  to   space 8192K, 0% used [0x00000000ff800000,0x00000000ff800000,0x0000000100000000)
 ParOldGen       total 62784K, used 11435K [0x00000000a4000000, 0x00000000a7d50000, 0x00000000e1560000)
  object space 62784K, 18% used [0x00000000a4000000,0x00000000a4b2acb8,0x00000000a7d50000)
 PSPermGen       total 21248K, used 19591K [0x0000000099a00000, 0x000000009aec0000, 0x00000000a4000000)
  object space 21248K, 92% used [0x0000000099a00000,0x000000009ad21c90,0x000000009aec0000)

Card table byte_map: [0x00007f651943f000,0x00007f6519773000] byte_map_base: 0x00007f6518f72000

Polling page: 0x00007f651cb20000

Code Cache  [0x00007f6511000000, 0x00007f6511270000, 0x00007f6514000000)
 total_blobs=1087 nmethods=531 adapters=508 free_code_cache=47175Kb largest_free_block=48267840

Compilation events (10 events):
Event: 1048.209 Thread 0x00007f6514111000  544             lcm.lcm.UDPMulticastProvider::publishEx (452 bytes)
Event: 1048.251 Thread 0x00007f6514111000 nmethod 544 0x00007f65111ee710 code [0x00007f65111ee9a0, 0x00007f65111effd0]
Event: 1577.313 Thread 0x00007f651410e000  545             java.util.AbstractCollection::toArray (116 bytes)
Event: 1577.334 Thread 0x00007f651410e000 nmethod 545 0x00007f65111eba10 code [0x00007f65111ebbc0, 0x00007f65111ec2d8]
Event: 1622.124 Thread 0x00007f6514111000  546             sun.misc.FloatingDecimal::getChars (515 bytes)
Event: 1622.146 Thread 0x00007f6514111000 nmethod 546 0x00007f65111ed2d0 code [0x00007f65111ed4a0, 0x00007f65111edff8]
Event: 1628.371 Thread 0x00007f651410e000  547             sun.misc.FloatingDecimal::dtoa (1421 bytes)
Event: 1628.371 Thread 0x00007f6514111000  548             sun.misc.FloatingDecimal::developLongDigits (380 bytes)
Event: 1628.400 Thread 0x00007f6514111000 nmethod 548 0x00007f65111f36d0 code [0x00007f65111f3880, 0x00007f65111f4088]
Event: 1628.436 Thread 0x00007f651410e000 nmethod 547 0x00007f65111f4890 code [0x00007f65111f4bc0, 0x00007f65111f64f0]

GC Heap History (10 events):
Event: 3.474 GC heap before
{Heap before GC invocations=5 (full 0):
 PSYoungGen      total 98112K, used 98112K [0x00000000e1560000, 0x00000000e7900000, 0x0000000100000000)
  eden space 94208K, 100% used [0x00000000e1560000,0x00000000e7160000,0x00000000e7160000)
  from space 3904K, 100% used [0x00000000e7530000,0x00000000e7900000,0x00000000e7900000)
  to   space 3904K, 0% used [0x00000000e7160000,0x00000000e7160000,0x00000000e7530000)
 ParOldGen       total 62784K, used 7123K [0x00000000a4000000, 0x00000000a7d50000, 0x00000000e1560000)
  object space 62784K, 11% used [0x00000000a4000000,0x00000000a46f4c58,0x00000000a7d50000)
 PSPermGen       total 21248K, used 3569K [0x0000000099a00000, 0x000000009aec0000, 0x00000000a4000000)
  object space 21248K, 16% used [0x0000000099a00000,0x0000000099d7c6b8,0x000000009aec0000)
Event: 3.495 GC heap after
Heap after GC invocations=5 (full 0):
 PSYoungGen      total 98112K, used 3904K [0x00000000e1560000, 0x00000000edde0000, 0x0000000100000000)
  eden space 94208K, 0% used [0x00000000e1560000,0x00000000e1560000,0x00000000e7160000)
  from space 3904K, 100% used [0x00000000e7160000,0x00000000e7530000,0x00000000e7530000)
  to   space 8448K, 0% used [0x00000000ed5a0000,0x00000000ed5a0000,0x00000000edde0000)
 ParOldGen       total 62784K, used 7731K [0x00000000a4000000, 0x00000000a7d50000, 0x00000000e1560000)
  object space 62784K, 12% used [0x00000000a4000000,0x00000000a478cc58,0x00000000a7d50000)
 PSPermGen       total 21248K, used 3569K [0x0000000099a00000, 0x000000009aec0000, 0x00000000a4000000)
  object space 21248K, 16% used [0x0000000099a00000,0x0000000099d7c6b8,0x000000009aec0000)
}
Event: 3.921 GC heap before
{Heap before GC invocations=6 (full 0):
 PSYoungGen      total 98112K, used 98112K [0x00000000e1560000, 0x00000000edde0000, 0x0000000100000000)
  eden space 94208K, 100% used [0x00000000e1560000,0x00000000e7160000,0x00000000e7160000)
  from space 3904K, 100% used [0x00000000e7160000,0x00000000e7530000,0x00000000e7530000)
  to   space 8448K, 0% used [0x00000000ed5a0000,0x00000000ed5a0000,0x00000000edde0000)
 ParOldGen       total 62784K, used 7731K [0x00000000a4000000, 0x00000000a7d50000, 0x00000000e1560000)
  object space 62784K, 12% used [0x00000000a4000000,0x00000000a478cc58,0x00000000a7d50000)
 PSPermGen       total 21248K, used 3569K [0x0000000099a00000, 0x000000009aec0000, 0x00000000a4000000)
  object space 21248K, 16% used [0x0000000099a00000,0x0000000099d7c6b8,0x000000009aec0000)
Event: 3.953 GC heap after
Heap after GC invocations=6 (full 0):
 PSYoungGen      total 196352K, used 4640K [0x00000000e1560000, 0x00000000edd60000, 0x0000000100000000)
  eden space 188416K, 0% used [0x00000000e1560000,0x00000000e1560000,0x00000000ecd60000)
  from space 7936K, 58% used [0x00000000ed5a0000,0x00000000eda28000,0x00000000edd60000)
  to   space 8192K, 0% used [0x00000000ecd60000,0x00000000ecd60000,0x00000000ed560000)
 ParOldGen       total 62784K, used 7731K [0x00000000a4000000, 0x00000000a7d50000, 0x00000000e1560000)
  object space 62784K, 12% used [0x00000000a4000000,0x00000000a478cc58,0x00000000a7d50000)
 PSPermGen       total 21248K, used 3569K [0x0000000099a00000, 0x000000009aec0000, 0x00000000a4000000)
  object space 21248K, 16% used [0x0000000099a00000,0x0000000099d7c6b8,0x000000009aec0000)
}
Event: 4.834 GC heap before
{Heap before GC invocations=7 (full 0):
 PSYoungGen      total 196352K, used 193056K [0x00000000e1560000, 0x00000000edd60000, 0x0000000100000000)
  eden space 188416K, 100% used [0x00000000e1560000,0x00000000ecd60000,0x00000000ecd60000)
  from space 7936K, 58% used [0x00000000ed5a0000,0x00000000eda28000,0x00000000edd60000)
  to   space 8192K, 0% used [0x00000000ecd60000,0x00000000ecd60000,0x00000000ed560000)
 ParOldGen       total 62784K, used 7731K [0x00000000a4000000, 0x00000000a7d50000, 0x00000000e1560000)
  object space 62784K, 12% used [0x00000000a4000000,0x00000000a478cc58,0x00000000a7d50000)
 PSPermGen       total 21248K, used 3569K [0x0000000099a00000, 0x000000009aec0000, 0x00000000a4000000)
  object space 21248K, 16% used [0x0000000099a00000,0x0000000099d7c6b8,0x000000009aec0000)
Event: 4.849 GC heap after
Heap after GC invocations=7 (full 0):
 PSYoungGen      total 196608K, used 1280K [0x00000000e1560000, 0x00000000f9660000, 0x0000000100000000)
  eden space 188416K, 0% used [0x00000000e1560000,0x00000000e1560000,0x00000000ecd60000)
  from space 8192K, 15% used [0x00000000ecd60000,0x00000000ecea0000,0x00000000ed560000)
  to   space 8704K, 0% used [0x00000000f8de0000,0x00000000f8de0000,0x00000000f9660000)
 ParOldGen       total 62784K, used 11291K [0x00000000a4000000, 0x00000000a7d50000, 0x00000000e1560000)
  object space 62784K, 17% used [0x00000000a4000000,0x00000000a4b06cb8,0x00000000a7d50000)
 PSPermGen       total 21248K, used 3569K [0x0000000099a00000, 0x000000009aec0000, 0x00000000a4000000)
  object space 21248K, 16% used [0x0000000099a00000,0x0000000099d7c6b8,0x000000009aec0000)
}
Event: 77.030 GC heap before
{Heap before GC invocations=8 (full 0):
 PSYoungGen      total 196608K, used 189696K [0x00000000e1560000, 0x00000000f9660000, 0x0000000100000000)
  eden space 188416K, 100% used [0x00000000e1560000,0x00000000ecd60000,0x00000000ecd60000)
  from space 8192K, 15% used [0x00000000ecd60000,0x00000000ecea0000,0x00000000ed560000)
  to   space 8704K, 0% used [0x00000000f8de0000,0x00000000f8de0000,0x00000000f9660000)
 ParOldGen       total 62784K, used 11291K [0x00000000a4000000, 0x00000000a7d50000, 0x00000000e1560000)
  object space 62784K, 17% used [0x00000000a4000000,0x00000000a4b06cb8,0x00000000a7d50000)
 PSPermGen       total 21248K, used 19415K [0x0000000099a00000, 0x000000009aec0000, 0x00000000a4000000)
  object space 21248K, 91% used [0x0000000099a00000,0x000000009acf5c68,0x000000009aec0000)
Event: 77.045 GC heap after
Heap after GC invocations=8 (full 0):
 PSYoungGen      total 384640K, used 4572K [0x00000000e1560000, 0x00000000f9580000, 0x0000000100000000)
  eden space 376832K, 0% used [0x00000000e1560000,0x00000000e1560000,0x00000000f8560000)
  from space 7808K, 58% used [0x00000000f8de0000,0x00000000f92570b0,0x00000000f9580000)
  to   space 8256K, 0% used [0x00000000f8560000,0x00000000f8560000,0x00000000f8d70000)
 ParOldGen       total 62784K, used 11355K [0x00000000a4000000, 0x00000000a7d50000, 0x00000000e1560000)
  object space 62784K, 18% used [0x00000000a4000000,0x00000000a4b16cb8,0x00000000a7d50000)
 PSPermGen       total 21248K, used 19415K [0x0000000099a00000, 0x000000009aec0000, 0x00000000a4000000)
  object space 21248K, 91% used [0x0000000099a00000,0x000000009acf5c68,0x000000009aec0000)
}
Event: 1928.035 GC heap before
{Heap before GC invocations=9 (full 0):
 PSYoungGen      total 384640K, used 381404K [0x00000000e1560000, 0x00000000f9580000, 0x0000000100000000)
  eden space 376832K, 100% used [0x00000000e1560000,0x00000000f8560000,0x00000000f8560000)
  from space 7808K, 58% used [0x00000000f8de0000,0x00000000f92570b0,0x00000000f9580000)
  to   space 8256K, 0% used [0x00000000f8560000,0x00000000f8560000,0x00000000f8d70000)
 ParOldGen       total 62784K, used 11355K [0x00000000a4000000, 0x00000000a7d50000, 0x00000000e1560000)
  object space 62784K, 18% used [0x00000000a4000000,0x00000000a4b16cb8,0x00000000a7d50000)
 PSPermGen       total 21248K, used 19591K [0x0000000099a00000, 0x000000009aec0000, 0x00000000a4000000)
  object space 21248K, 92% used [0x0000000099a00000,0x000000009ad21c90,0x000000009aec0000)
Event: 1928.049 GC heap after
Heap after GC invocations=9 (full 0):
 PSYoungGen      total 385088K, used 2974K [0x00000000e1560000, 0x0000000100000000, 0x0000000100000000)
  eden space 376832K, 0% used [0x00000000e1560000,0x00000000e1560000,0x00000000f8560000)
  from space 8256K, 36% used [0x00000000f8560000,0x00000000f8847bd8,0x00000000f8d70000)
  to   space 8192K, 0% used [0x00000000ff800000,0x00000000ff800000,0x0000000100000000)
 ParOldGen       total 62784K, used 11435K [0x00000000a4000000, 0x00000000a7d50000, 0x00000000e1560000)
  object space 62784K, 18% used [0x00000000a4000000,0x00000000a4b2acb8,0x00000000a7d50000)
 PSPermGen       total 21248K, used 19591K [0x0000000099a00000, 0x000000009aec0000, 0x00000000a4000000)
  object space 21248K, 92% used [0x0000000099a00000,0x000000009ad21c90,0x000000009aec0000)
}

Deoptimization events (10 events):
Event: 87.654 Thread 0x00007f64ac044000 Uncommon trap -58 fr.pc 0x00007f651117e1a8
Event: 120.581 Thread 0x00007f6514516800 Uncommon trap -34 fr.pc 0x00007f65111bdff8
Event: 120.582 Thread 0x00007f6514516800 Uncommon trap -34 fr.pc 0x00007f65111bdff8
Event: 120.582 Thread 0x00007f6514516800 Uncommon trap -34 fr.pc 0x00007f65111bdff8
Event: 120.582 Thread 0x00007f6514516800 Uncommon trap -34 fr.pc 0x00007f65111bdff8
Event: 1567.804 Thread 0x00007f64b0142000 Uncommon trap -83 fr.pc 0x00007f65111bf814
Event: 1577.871 Thread 0x00007f64b0142000 Uncommon trap -42 fr.pc 0x00007f65111ec078
Event: 1577.871 Thread 0x00007f64b0142000 Uncommon trap -42 fr.pc 0x00007f65111ec078
Event: 1577.871 Thread 0x00007f64b0142000 Uncommon trap -42 fr.pc 0x00007f65111ec078
Event: 1578.466 Thread 0x00007f64b0142000 Uncommon trap -42 fr.pc 0x00007f65111ec078

Internal exceptions (10 events):
Event: 87.650 Thread 0x00007f64ac044000 Threw 0x00000000e3e17330 at /build/buildd/openjdk-7-7u25-2.3.12/build/openjdk/hotspot/src/share/vm/prims/jvm.cpp:1235
Event: 87.651 Thread 0x00007f64ac044000 Threw 0x00000000e3e1a8c8 at /build/buildd/openjdk-7-7u25-2.3.12/build/openjdk/hotspot/src/share/vm/prims/jvm.cpp:1235
Event: 87.651 Thread 0x00007f64ac044000 Threw 0x00000000e3e1e1d0 at /build/buildd/openjdk-7-7u25-2.3.12/build/openjdk/hotspot/src/share/vm/prims/jvm.cpp:1235
Event: 87.651 Thread 0x00007f64ac044000 Threw 0x00000000e3e21348 at /build/buildd/openjdk-7-7u25-2.3.12/build/openjdk/hotspot/src/share/vm/prims/jvm.cpp:1235
Event: 87.651 Thread 0x00007f64ac044000 Threw 0x00000000e3e24b00 at /build/buildd/openjdk-7-7u25-2.3.12/build/openjdk/hotspot/src/share/vm/prims/jvm.cpp:1235
Event: 87.652 Thread 0x00007f64ac044000 Threw 0x00000000e3e27d30 at /build/buildd/openjdk-7-7u25-2.3.12/build/openjdk/hotspot/src/share/vm/prims/jvm.cpp:1235
Event: 87.652 Thread 0x00007f64ac044000 Threw 0x00000000e3e2ade0 at /build/buildd/openjdk-7-7u25-2.3.12/build/openjdk/hotspot/src/share/vm/prims/jvm.cpp:1235
Event: 87.652 Thread 0x00007f64ac044000 Threw 0x00000000e3e2e6b0 at /build/buildd/openjdk-7-7u25-2.3.12/build/openjdk/hotspot/src/share/vm/prims/jvm.cpp:1235
Event: 95.142 Thread 0x00007f64ac044000 Threw 0x00000000e4bb8bc8 at /build/buildd/openjdk-7-7u25-2.3.12/build/openjdk/hotspot/src/share/vm/prims/jvm.cpp:1235
Event: 1567.804 Thread 0x00007f64b0142000 Implicit null exception at 0x00007f65111bf1b6 to 0x00007f65111bf7f9

Events (10 events):
Event: 1928.051 Executing VM operation: RevokeBias
Event: 1928.051 Executing VM operation: RevokeBias done
Event: 1928.051 Executing VM operation: RevokeBias
Event: 1928.051 Executing VM operation: RevokeBias done
Event: 1928.051 Executing VM operation: BulkRevokeBias
Event: 1928.051 Executing VM operation: BulkRevokeBias done
Event: 1928.051 Executing VM operation: RevokeBias
Event: 1928.051 Executing VM operation: RevokeBias done
Event: 1928.051 Executing VM operation: RevokeBias
Event: 1928.051 Executing VM operation: RevokeBias done


Dynamic libraries:
00400000-00401000 r-xp 00000000 08:07 8130224                            /usr/lib/jvm/java-7-openjdk-amd64/jre/bin/java
00600000-00601000 r--p 00000000 08:07 8130224                            /usr/lib/jvm/java-7-openjdk-amd64/jre/bin/java
00601000-00602000 rw-p 00001000 08:07 8130224                            /usr/lib/jvm/java-7-openjdk-amd64/jre/bin/java
014c4000-014e5000 rw-p 00000000 00:00 0                                  [heap]
99a00000-9aec0000 rw-p 00000000 00:00 0 
9aec0000-a4000000 rw-p 00000000 00:00 0 
a4000000-a7d50000 rw-p 00000000 00:00 0 
a7d50000-e1560000 rw-p 00000000 00:00 0 
e1560000-100000000 rw-p 00000000 00:00 0 
7f649c000000-7f649c021000 rw-p 00000000 00:00 0 
7f649c021000-7f64a0000000 ---p 00000000 00:00 0 
7f64a0000000-7f64a0021000 rw-p 00000000 00:00 0 
7f64a0021000-7f64a4000000 ---p 00000000 00:00 0 
7f64a4000000-7f64a4021000 rw-p 00000000 00:00 0 
7f64a4021000-7f64a8000000 ---p 00000000 00:00 0 
7f64a8000000-7f64a8021000 rw-p 00000000 00:00 0 
7f64a8021000-7f64ac000000 ---p 00000000 00:00 0 
7f64ac000000-7f64ac0ea000 rw-p 00000000 00:00 0 
7f64ac0ea000-7f64b0000000 ---p 00000000 00:00 0 
7f64b0000000-7f64b01cd000 rw-p 00000000 00:00 0 
7f64b01cd000-7f64b4000000 ---p 00000000 00:00 0 
7f64b4000000-7f64b4021000 rw-p 00000000 00:00 0 
7f64b4021000-7f64b8000000 ---p 00000000 00:00 0 
7f64b8000000-7f64b8021000 rw-p 00000000 00:00 0 
7f64b8021000-7f64bc000000 ---p 00000000 00:00 0 
7f64bc000000-7f64bc021000 rw-p 00000000 00:00 0 
7f64bc021000-7f64c0000000 ---p 00000000 00:00 0 
7f64c1c09000-7f64c20fb000 rw-p 00000000 00:00 0 
7f64c20fb000-7f64c2244000 rw-s 00000000 00:04 292618265                  /SYSV00000000 (deleted)
7f64c2244000-7f64c2247000 ---p 00000000 00:00 0 
7f64c2247000-7f64c2345000 rw-p 00000000 00:00 0 
7f64c2345000-7f64c2348000 ---p 00000000 00:00 0 
7f64c2348000-7f64c2446000 rw-p 00000000 00:00 0 
7f64c2446000-7f64c2449000 ---p 00000000 00:00 0 
7f64c2449000-7f64c2547000 rw-p 00000000 00:00 0 
7f64c2547000-7f64c254a000 ---p 00000000 00:00 0 
7f64c254a000-7f64c2648000 rw-p 00000000 00:00 0                          [stack:1526]
7f64c2648000-7f64c264b000 ---p 00000000 00:00 0 
7f64c264b000-7f64c2749000 rw-p 00000000 00:00 0 
7f64c2749000-7f64c2759000 r-xp 00000000 08:07 8130194                    /usr/lib/jvm/java-7-openjdk-amd64/jre/lib/amd64/libnio.so
7f64c2759000-7f64c2958000 ---p 00010000 08:07 8130194                    /usr/lib/jvm/java-7-openjdk-amd64/jre/lib/amd64/libnio.so
7f64c2958000-7f64c2959000 r--p 0000f000 08:07 8130194                    /usr/lib/jvm/java-7-openjdk-amd64/jre/lib/amd64/libnio.so
7f64c2959000-7f64c295a000 rw-p 00010000 08:07 8130194                    /usr/lib/jvm/java-7-openjdk-amd64/jre/lib/amd64/libnio.so
7f64c295a000-7f64c29a6000 r-xp 00000000 08:07 8130205                    /usr/lib/jvm/java-7-openjdk-amd64/jre/lib/amd64/libfontmanager.so
7f64c29a6000-7f64c2ba5000 ---p 0004c000 08:07 8130205                    /usr/lib/jvm/java-7-openjdk-amd64/jre/lib/amd64/libfontmanager.so
7f64c2ba5000-7f64c2ba8000 r--p 0004b000 08:07 8130205                    /usr/lib/jvm/java-7-openjdk-amd64/jre/lib/amd64/libfontmanager.so
7f64c2ba8000-7f64c2ba9000 rw-p 0004e000 08:07 8130205                    /usr/lib/jvm/java-7-openjdk-amd64/jre/lib/amd64/libfontmanager.so
7f64c2ba9000-7f64c2bac000 ---p 00000000 00:00 0 
7f64c2bac000-7f64c2caa000 rw-p 00000000 00:00 0                          [stack:1524]
7f64c2caa000-7f64c2cad000 ---p 00000000 00:00 0 
7f64c2cad000-7f64c2dab000 rw-p 00000000 00:00 0                          [stack:1523]
7f64c2dab000-7f64c2daf000 r-xp 00000000 08:07 5242929                    /lib/x86_64-linux-gnu/libgpg-error.so.0.10.0
7f64c2daf000-7f64c2fae000 ---p 00004000 08:07 5242929                    /lib/x86_64-linux-gnu/libgpg-error.so.0.10.0
7f64c2fae000-7f64c2faf000 r--p 00003000 08:07 5242929                    /lib/x86_64-linux-gnu/libgpg-error.so.0.10.0
7f64c2faf000-7f64c2fb0000 rw-p 00004000 08:07 5242929                    /lib/x86_64-linux-gnu/libgpg-error.so.0.10.0
7f64c2fb0000-7f64c2fb2000 r-xp 00000000 08:07 5242940                    /lib/x86_64-linux-gnu/libkeyutils.so.1.4
7f64c2fb2000-7f64c31b2000 ---p 00002000 08:07 5242940                    /lib/x86_64-linux-gnu/libkeyutils.so.1.4
7f64c31b2000-7f64c31b3000 r--p 00002000 08:07 5242940                    /lib/x86_64-linux-gnu/libkeyutils.so.1.4
7f64c31b3000-7f64c31b4000 rw-p 00003000 08:07 5242940                    /lib/x86_64-linux-gnu/libkeyutils.so.1.4
7f64c31b4000-7f64c31cc000 r-xp 00000000 08:07 7864518                    /usr/lib/x86_64-linux-gnu/libgraphite2.so.3.0.1
7f64c31cc000-7f64c33cb000 ---p 00018000 08:07 7864518                    /usr/lib/x86_64-linux-gnu/libgraphite2.so.3.0.1
7f64c33cb000-7f64c33cd000 r--p 00017000 08:07 7864518                    /usr/lib/x86_64-linux-gnu/libgraphite2.so.3.0.1
7f64c33cd000-7f64c33ce000 rw-p 00019000 08:07 7864518                    /usr/lib/x86_64-linux-gnu/libgraphite2.so.3.0.1
7f64c33ce000-7f64c33d2000 r-xp 00000000 08:07 7870208                    /usr/lib/x86_64-linux-gnu/libXxf86vm.so.1.0.0
7f64c33d2000-7f64c35d2000 ---p 00004000 08:07 7870208                    /usr/lib/x86_64-linux-gnu/libXxf86vm.so.1.0.0
7f64c35d2000-7f64c35d3000 r--p 00004000 08:07 7870208                    /usr/lib/x86_64-linux-gnu/libXxf86vm.so.1.0.0
7f64c35d3000-7f64c35d4000 rw-p 00005000 08:07 7870208                    /usr/lib/x86_64-linux-gnu/libXxf86vm.so.1.0.0
7f64c35d4000-7f64c35e9000 r-xp 00000000 08:07 7866526                    /usr/lib/x86_64-linux-gnu/libxcb-glx.so.0.0.0
7f64c35e9000-7f64c37e8000 ---p 00015000 08:07 7866526                    /usr/lib/x86_64-linux-gnu/libxcb-glx.so.0.0.0
7f64c37e8000-7f64c37ea000 r--p 00014000 08:07 7866526                    /usr/lib/x86_64-linux-gnu/libxcb-glx.so.0.0.0
7f64c37ea000-7f64c37eb000 rw-p 00016000 08:07 7866526                    /usr/lib/x86_64-linux-gnu/libxcb-glx.so.0.0.0
7f64c37eb000-7f64c380d000 r-xp 00000000 08:07 7868682                    /usr/lib/x86_64-linux-gnu/libglapi.so.0.0.0
7f64c380d000-7f64c3a0d000 ---p 00022000 08:07 7868682                    /usr/lib/x86_64-linux-gnu/libglapi.so.0.0.0
7f64c3a0d000-7f64c3a10000 r--p 00022000 08:07 7868682                    /usr/lib/x86_64-linux-gnu/libglapi.so.0.0.0
7f64c3a10000-7f64c3a11000 rw-p 00025000 08:07 7868682                    /usr/lib/x86_64-linux-gnu/libglapi.so.0.0.0
7f64c3a11000-7f64c3a12000 rw-p 00000000 00:00 0 
7f64c3a12000-7f64c3a1d000 r-xp 00000000 08:07 7864548                    /usr/lib/x86_64-linux-gnu/libdrm.so.2.4.0
7f64c3a1d000-7f64c3c1c000 ---p 0000b000 08:07 7864548                    /usr/lib/x86_64-linux-gnu/libdrm.so.2.4.0
7f64c3c1c000-7f64c3c1d000 r--p 0000a000 08:07 7864548                    /usr/lib/x86_64-linux-gnu/libdrm.so.2.4.0
7f64c3c1d000-7f64c3c1e000 rw-p 0000b000 08:07 7864548                    /usr/lib/x86_64-linux-gnu/libdrm.so.2.4.0
7f64c3c1e000-7f64c3c2e000 r-xp 00000000 08:07 5242950                    /lib/x86_64-linux-gnu/libudev.so.1.3.5
7f64c3c2e000-7f64c3e2d000 ---p 00010000 08:07 5242950                    /lib/x86_64-linux-gnu/libudev.so.1.3.5
7f64c3e2d000-7f64c3e2e000 r--p 0000f000 08:07 5242950                    /lib/x86_64-linux-gnu/libudev.so.1.3.5
7f64c3e2e000-7f64c3e2f000 rw-p 00010000 08:07 5242950                    /lib/x86_64-linux-gnu/libudev.so.1.3.5
7f64c3e2f000-7f64c3e35000 r-xp 00000000 08:07 7866501                    /usr/lib/x86_64-linux-gnu/libgbm.so.1.0.0
7f64c3e35000-7f64c4035000 ---p 00006000 08:07 7866501                    /usr/lib/x86_64-linux-gnu/libgbm.so.1.0.0
7f64c4035000-7f64c4036000 r--p 00006000 08:07 7866501                    /usr/lib/x86_64-linux-gnu/libgbm.so.1.0.0
7f64c4036000-7f64c4037000 rw-p 00007000 08:07 7866501                    /usr/lib/x86_64-linux-gnu/libgbm.so.1.0.0
7f64c4037000-7f64c4045000 r-xp 00000000 08:07 7868902                    /usr/lib/x86_64-linux-gnu/libwayland-server.so.0.1.0
7f64c4045000-7f64c4244000 ---p 0000e000 08:07 7868902                    /usr/lib/x86_64-linux-gnu/libwayland-server.so.0.1.0
7f64c4244000-7f64c4246000 r--p 0000d000 08:07 7868902                    /usr/lib/x86_64-linux-gnu/libwayland-server.so.0.1.0
7f64c4246000-7f64c4247000 rw-p 0000f000 08:07 7868902                    /usr/lib/x86_64-linux-gnu/libwayland-server.so.0.1.0
7f64c4247000-7f64c4252000 r-xp 00000000 08:07 7864504                    /usr/lib/x86_64-linux-gnu/libwayland-client.so.0.1.0
7f64c4252000-7f64c4451000 ---p 0000b000 08:07 7864504                    /usr/lib/x86_64-linux-gnu/libwayland-client.so.0.1.0
7f64c4451000-7f64c4453000 r--p 0000a000 08:07 7864504                    /usr/lib/x86_64-linux-gnu/libwayland-client.so.0.1.0
7f64c4453000-7f64c4454000 rw-p 0000c000 08:07 7864504                    /usr/lib/x86_64-linux-gnu/libwayland-client.so.0.1.0
7f64c4454000-7f64c4459000 r-xp 00000000 08:07 7866542                    /usr/lib/x86_64-linux-gnu/libxcb-xfixes.so.0.0.0
7f64c4459000-7f64c4659000 ---p 00005000 08:07 7866542                    /usr/lib/x86_64-linux-gnu/libxcb-xfixes.so.0.0.0
7f64c4659000-7f64c465a000 r--p 00005000 08:07 7866542                    /usr/lib/x86_64-linux-gnu/libxcb-xfixes.so.0.0.0
7f64c465a000-7f64c465b000 rw-p 00006000 08:07 7866542                    /usr/lib/x86_64-linux-gnu/libxcb-xfixes.so.0.0.0
7f64c465b000-7f64c465e000 r-xp 00000000 08:07 7869896                    /usr/lib/x86_64-linux-gnu/libxcb-dri2.so.0.0.0
7f64c465e000-7f64c485e000 ---p 00003000 08:07 7869896                    /usr/lib/x86_64-linux-gnu/libxcb-dri2.so.0.0.0
7f64c485e000-7f64c485f000 r--p 00003000 08:07 7869896                    /usr/lib/x86_64-linux-gnu/libxcb-dri2.so.0.0.0
7f64c485f000-7f64c4860000 rw-p 00004000 08:07 7869896                    /usr/lib/x86_64-linux-gnu/libxcb-dri2.so.0.0.0
7f64c4860000-7f64c4861000 r-xp 00000000 08:07 7869904                    /usr/lib/x86_64-linux-gnu/libX11-xcb.so.1.0.0
7f64c4861000-7f64c4a60000 ---p 00001000 08:07 7869904                    /usr/lib/x86_64-linux-gnu/libX11-xcb.so.1.0.0
7f64c4a60000-7f64c4a61000 r--p 00000000 08:07 7869904                    /usr/lib/x86_64-linux-gnu/libX11-xcb.so.1.0.0
7f64c4a61000-7f64c4a62000 rw-p 00001000 08:07 7869904                    /usr/lib/x86_64-linux-gnu/libX11-xcb.so.1.0.0
7f64c4a62000-7f64c4aa6000 r-xp 00000000 08:07 5242924                    /lib/x86_64-linux-gnu/libdbus-1.so.3.7.4
7f64c4aa6000-7f64c4ca5000 ---p 00044000 08:07 5242924                    /lib/x86_64-linux-gnu/libdbus-1.so.3.7.4
7f64c4ca5000-7f64c4ca6000 r--p 00043000 08:07 5242924                    /lib/x86_64-linux-gnu/libdbus-1.so.3.7.4
7f64c4ca6000-7f64c4ca7000 rw-p 00044000 08:07 5242924                    /lib/x86_64-linux-gnu/libdbus-1.so.3.7.4
7f64c4ca7000-7f64c4cc5000 r-xp 00000000 08:07 7870895                    /usr/lib/x86_64-linux-gnu/libp11-kit.so.0.0.0
7f64c4cc5000-7f64c4ec4000 ---p 0001e000 08:07 7870895                    /usr/lib/x86_64-linux-gnu/libp11-kit.so.0.0.0
7f64c4ec4000-7f64c4ec6000 r--p 0001d000 08:07 7870895                    /usr/lib/x86_64-linux-gnu/libp11-kit.so.0.0.0
7f64c4ec6000-7f64c4ec7000 rw-p 0001f000 08:07 7870895                    /usr/lib/x86_64-linux-gnu/libp11-kit.so.0.0.0
7f64c4ec7000-7f64c4ed7000 r-xp 00000000 08:07 7870891                    /usr/lib/x86_64-linux-gnu/libtasn1.so.3.2.0
7f64c4ed7000-7f64c50d6000 ---p 00010000 08:07 7870891                    /usr/lib/x86_64-linux-gnu/libtasn1.so.3.2.0
7f64c50d6000-7f64c50d7000 r--p 0000f000 08:07 7870891                    /usr/lib/x86_64-linux-gnu/libtasn1.so.3.2.0
7f64c50d7000-7f64c50d8000 rw-p 00010000 08:07 7870891                    /usr/lib/x86_64-linux-gnu/libtasn1.so.3.2.0
7f64c50d8000-7f64c5152000 r-xp 00000000 08:07 5242933                    /lib/x86_64-linux-gnu/libgcrypt.so.11.7.0
7f64c5152000-7f64c5352000 ---p 0007a000 08:07 5242933                    /lib/x86_64-linux-gnu/libgcrypt.so.11.7.0
7f64c5352000-7f64c5353000 r--p 0007a000 08:07 5242933                    /lib/x86_64-linux-gnu/libgcrypt.so.11.7.0
7f64c5353000-7f64c5356000 rw-p 0007b000 08:07 5242933                    /lib/x86_64-linux-gnu/libgcrypt.so.11.7.0
7f64c5356000-7f64c535d000 r-xp 00000000 08:07 7866378                    /usr/lib/x86_64-linux-gnu/libkrb5support.so.0.1
7f64c535d000-7f64c555c000 ---p 00007000 08:07 7866378                    /usr/lib/x86_64-linux-gnu/libkrb5support.so.0.1
7f64c555c000-7f64c555d000 r--p 00006000 08:07 7866378                    /usr/lib/x86_64-linux-gnu/libkrb5support.so.0.1
7f64c555d000-7f64c555e000 rw-p 00007000 08:07 7866378                    /usr/lib/x86_64-linux-gnu/libkrb5support.so.0.1
7f64c555e000-7f64c5561000 r-xp 00000000 08:07 5242904                    /lib/x86_64-linux-gnu/libcom_err.so.2.1
7f64c5561000-7f64c5760000 ---p 00003000 08:07 5242904                    /lib/x86_64-linux-gnu/libcom_err.so.2.1
7f64c5760000-7f64c5761000 r--p 00002000 08:07 5242904                    /lib/x86_64-linux-gnu/libcom_err.so.2.1
7f64c5761000-7f64c5762000 rw-p 00003000 08:07 5242904                    /lib/x86_64-linux-gnu/libcom_err.so.2.1
7f64c5762000-7f64c5788000 r-xp 00000000 08:07 7870911                    /usr/lib/x86_64-linux-gnu/libk5crypto.so.3.1
7f64c5788000-7f64c5987000 ---p 00026000 08:07 7870911                    /usr/lib/x86_64-linux-gnu/libk5crypto.so.3.1
7f64c5987000-7f64c5988000 r--p 00025000 08:07 7870911                    /usr/lib/x86_64-linux-gnu/libk5crypto.so.3.1
7f64c5988000-7f64c5989000 rw-p 00026000 08:07 7870911                    /usr/lib/x86_64-linux-gnu/libk5crypto.so.3.1
7f64c5989000-7f64c598a000 rw-p 00000000 00:00 0 
7f64c598a000-7f64c5a4f000 r-xp 00000000 08:07 7870927                    /usr/lib/x86_64-linux-gnu/libkrb5.so.3.3
7f64c5a4f000-7f64c5c4e000 ---p 000c5000 08:07 7870927                    /usr/lib/x86_64-linux-gnu/libkrb5.so.3.3
7f64c5c4e000-7f64c5c58000 r--p 000c4000 08:07 7870927                    /usr/lib/x86_64-linux-gnu/libkrb5.so.3.3
7f64c5c58000-7f64c5c59000 rw-p 000ce000 08:07 7870927                    /usr/lib/x86_64-linux-gnu/libkrb5.so.3.3
7f64c5c59000-7f64c5c5f000 r-xp 00000000 08:07 7864996                    /usr/lib/x86_64-linux-gnu/libdatrie.so.1.2.0
7f64c5c5f000-7f64c5e5e000 ---p 00006000 08:07 7864996                    /usr/lib/x86_64-linux-gnu/libdatrie.so.1.2.0
7f64c5e5e000-7f64c5e5f000 r--p 00005000 08:07 7864996                    /usr/lib/x86_64-linux-gnu/libdatrie.so.1.2.0
7f64c5e5f000-7f64c5e60000 rw-p 00006000 08:07 7864996                    /usr/lib/x86_64-linux-gnu/libdatrie.so.1.2.0
7f64c5e60000-7f64c5eb0000 r-xp 00000000 08:07 7872140                    /usr/lib/x86_64-linux-gnu/libharfbuzz.so.0.919.0
7f64c5eb0000-7f64c60b0000 ---p 00050000 08:07 7872140                    /usr/lib/x86_64-linux-gnu/libharfbuzz.so.0.919.0
7f64c60b0000-7f64c60b1000 r--p 00050000 08:07 7872140                    /usr/lib/x86_64-linux-gnu/libharfbuzz.so.0.919.0
7f64c60b1000-7f64c60b2000 rw-p 00051000 08:07 7872140                    /usr/lib/x86_64-linux-gnu/libharfbuzz.so.0.919.0
7f64c60b2000-7f64c610e000 r-xp 00000000 08:07 8258487                    /usr/lib/x86_64-linux-gnu/mesa/libGL.so.1.2.0
7f64c610e000-7f64c630e000 ---p 0005c000 08:07 8258487                    /usr/lib/x86_64-linux-gnu/mesa/libGL.so.1.2.0
7f64c630e000-7f64c6310000 r--p 0005c000 08:07 8258487                    /usr/lib/x86_64-linux-gnu/mesa/libGL.so.1.2.0
7f64c6310000-7f64c6311000 rw-p 0005e000 08:07 8258487                    /usr/lib/x86_64-linux-gnu/mesa/libGL.so.1.2.0
7f64c6311000-7f64c6312000 rw-p 00000000 00:00 0 
7f64c6312000-7f64c631a000 r-xp 00000000 08:07 7870007                    /usr/lib/x86_64-linux-gnu/libxcb-render.so.0.0.0
7f64c631a000-7f64c6519000 ---p 00008000 08:07 7870007                    /usr/lib/x86_64-linux-gnu/libxcb-render.so.0.0.0
7f64c6519000-7f64c651a000 r--p 00007000 08:07 7870007                    /usr/lib/x86_64-linux-gnu/libxcb-render.so.0.0.0
7f64c651a000-7f64c651b000 rw-p 00008000 08:07 7870007                    /usr/lib/x86_64-linux-gnu/libxcb-render.so.0.0.0
7f64c651b000-7f64c651d000 r-xp 00000000 08:07 7870014                    /usr/lib/x86_64-linux-gnu/libxcb-shm.so.0.0.0
7f64c651d000-7f64c671c000 ---p 00002000 08:07 7870014                    /usr/lib/x86_64-linux-gnu/libxcb-shm.so.0.0.0
7f64c671c000-7f64c671d000 r--p 00001000 08:07 7870014                    /usr/lib/x86_64-linux-gnu/libxcb-shm.so.0.0.0
7f64c671d000-7f64c671e000 rw-p 00002000 08:07 7870014                    /usr/lib/x86_64-linux-gnu/libxcb-shm.so.0.0.0
7f64c671e000-7f64c6743000 r-xp 00000000 08:07 5242946                    /lib/x86_64-linux-gnu/libpng12.so.0.49.0
7f64c6743000-7f64c6942000 ---p 00025000 08:07 5242946                    /lib/x86_64-linux-gnu/libpng12.so.0.49.0
7f64c6942000-7f64c6943000 r--p 00024000 08:07 5242946                    /lib/x86_64-linux-gnu/libpng12.so.0.49.0
7f64c6943000-7f64c6944000 rw-p 00025000 08:07 5242946                    /lib/x86_64-linux-gnu/libpng12.so.0.49.0
7f64c6944000-7f64c6966000 r-xp 00000000 08:07 8258538                    /usr/lib/x86_64-linux-gnu/mesa-egl/libEGL.so.1.0.0
7f64c6966000-7f64c6b66000 ---p 00022000 08:07 8258538                    /usr/lib/x86_64-linux-gnu/mesa-egl/libEGL.so.1.0.0
7f64c6b66000-7f64c6b67000 r--p 00022000 08:07 8258538                    /usr/lib/x86_64-linux-gnu/mesa-egl/libEGL.so.1.0.0
7f64c6b67000-7f64c6b68000 rw-p 00023000 08:07 8258538                    /usr/lib/x86_64-linux-gnu/mesa-egl/libEGL.so.1.0.0
7f64c6b68000-7f64c6c09000 r-xp 00000000 08:07 7864906                    /usr/lib/x86_64-linux-gnu/libpixman-1.so.0.30.2
7f64c6c09000-7f64c6e09000 ---p 000a1000 08:07 7864906                    /usr/lib/x86_64-linux-gnu/libpixman-1.so.0.30.2
7f64c6e09000-7f64c6e10000 r--p 000a1000 08:07 7864906                    /usr/lib/x86_64-linux-gnu/libpixman-1.so.0.30.2
7f64c6e10000-7f64c6e11000 rw-p 000a8000 08:07 7864906                    /usr/lib/x86_64-linux-gnu/libpixman-1.so.0.30.2
7f64c6e11000-7f64c6e16000 r-xp 00000000 08:07 7871525                    /usr/lib/x86_64-linux-gnu/libXdmcp.so.6.0.0
7f64c6e16000-7f64c7015000 ---p 00005000 08:07 7871525                    /usr/lib/x86_64-linux-gnu/libXdmcp.so.6.0.0
7f64c7015000-7f64c7016000 r--p 00004000 08:07 7871525                    /usr/lib/x86_64-linux-gnu/libXdmcp.so.6.0.0
7f64c7016000-7f64c7017000 rw-p 00005000 08:07 7871525                    /usr/lib/x86_64-linux-gnu/libXdmcp.so.6.0.0
7f64c7017000-7f64c7019000 r-xp 00000000 08:07 7875069                    /usr/lib/x86_64-linux-gnu/libXau.so.6.0.0
7f64c7019000-7f64c7219000 ---p 00002000 08:07 7875069                    /usr/lib/x86_64-linux-gnu/libXau.so.6.0.0
7f64c7219000-7f64c721a000 r--p 00002000 08:07 7875069                    /usr/lib/x86_64-linux-gnu/libXau.so.6.0.0
7f64c721a000-7f64c721b000 rw-p 00003000 08:07 7875069                    /usr/lib/x86_64-linux-gnu/libXau.so.6.0.0
7f64c721b000-7f64c722a000 r-xp 00000000 08:07 7866479                    /usr/lib/x86_64-linux-gnu/libavahi-client.so.3.2.9
7f64c722a000-7f64c742a000 ---p 0000f000 08:07 7866479                    /usr/lib/x86_64-linux-gnu/libavahi-client.so.3.2.9
7f64c742a000-7f64c742b000 r--p 0000f000 08:07 7866479                    /usr/lib/x86_64-linux-gnu/libavahi-client.so.3.2.9
7f64c742b000-7f64c742c000 rw-p 00010000 08:07 7866479                    /usr/lib/x86_64-linux-gnu/libavahi-client.so.3.2.9
7f64c742c000-7f64c7437000 r-xp 00000000 08:07 7864426                    /usr/lib/x86_64-linux-gnu/libavahi-common.so.3.5.3
7f64c7437000-7f64c7636000 ---p 0000b000 08:07 7864426                    /usr/lib/x86_64-linux-gnu/libavahi-common.so.3.5.3
7f64c7636000-7f64c7637000 r--p 0000a000 08:07 7864426                    /usr/lib/x86_64-linux-gnu/libavahi-common.so.3.5.3
7f64c7637000-7f64c7638000 rw-p 0000b000 08:07 7864426                    /usr/lib/x86_64-linux-gnu/libavahi-common.so.3.5.3
7f64c7638000-7f64c76ee000 r-xp 00000000 08:07 7866371                    /usr/lib/x86_64-linux-gnu/libgnutls.so.26.22.6
7f64c76ee000-7f64c78ee000 ---p 000b6000 08:07 7866371                    /usr/lib/x86_64-linux-gnu/libgnutls.so.26.22.6
7f64c78ee000-7f64c78f4000 r--p 000b6000 08:07 7866371                    /usr/lib/x86_64-linux-gnu/libgnutls.so.26.22.6
7f64c78f4000-7f64c78f5000 rw-p 000bc000 08:07 7866371                    /usr/lib/x86_64-linux-gnu/libgnutls.so.26.22.6
7f64c78f5000-7f64c78f6000 rw-p 00000000 00:00 0 
7f64c78f6000-7f64c7931000 r-xp 00000000 08:07 7866383                    /usr/lib/x86_64-linux-gnu/libgssapi_krb5.so.2.2
7f64c7931000-7f64c7b31000 ---p 0003b000 08:07 7866383                    /usr/lib/x86_64-linux-gnu/libgssapi_krb5.so.2.2
7f64c7b31000-7f64c7b32000 r--p 0003b000 08:07 7866383                    /usr/lib/x86_64-linux-gnu/libgssapi_krb5.so.2.2
7f64c7b32000-7f64c7b34000 rw-p 0003c000 08:07 7866383                    /usr/lib/x86_64-linux-gnu/libgssapi_krb5.so.2.2
7f64c7b34000-7f64c7b5b000 r-xp 00000000 08:07 5243699                    /lib/x86_64-linux-gnu/libexpat.so.1.6.0
7f64c7b5b000-7f64c7d5b000 ---p 00027000 08:07 5243699                    /lib/x86_64-linux-gnu/libexpat.so.1.6.0
7f64c7d5b000-7f64c7d5d000 r--p 00027000 08:07 5243699                    /lib/x86_64-linux-gnu/libexpat.so.1.6.0
7f64c7d5d000-7f64c7d5e000 rw-p 00029000 08:07 5243699                    /lib/x86_64-linux-gnu/libexpat.so.1.6.0
7f64c7d5e000-7f64c7dfa000 r-xp 00000000 08:07 7866495                    /usr/lib/x86_64-linux-gnu/libfreetype.so.6.10.1
7f64c7dfa000-7f64c7ffa000 ---p 0009c000 08:07 7866495                    /usr/lib/x86_64-linux-gnu/libfreetype.so.6.10.1
7f64c7ffa000-7f64c7fff000 r--p 0009c000 08:07 7866495                    /usr/lib/x86_64-linux-gnu/libfreetype.so.6.10.1
7f64c7fff000-7f64c8000000 rw-p 000a1000 08:07 7866495                    /usr/lib/x86_64-linux-gnu/libfreetype.so.6.10.1
7f64c8000000-7f64c8021000 rw-p 00000000 00:00 0 
7f64c8021000-7f64cc000000 ---p 00000000 00:00 0 
7f64cc0ba000-7f64cc0bd000 ---p 00000000 00:00 0 
7f64cc0bd000-7f64cc1bb000 rw-p 00000000 00:00 0                          [stack:1522]
7f64cc1bb000-7f64cc1c3000 r-xp 00000000 08:07 7865670                    /usr/lib/x86_64-linux-gnu/libthai.so.0.2.0
7f64cc1c3000-7f64cc3c2000 ---p 00008000 08:07 7865670                    /usr/lib/x86_64-linux-gnu/libthai.so.0.2.0
7f64cc3c2000-7f64cc3c3000 r--p 00007000 08:07 7865670                    /usr/lib/x86_64-linux-gnu/libthai.so.0.2.0
7f64cc3c3000-7f64cc3c4000 rw-p 00008000 08:07 7865670                    /usr/lib/x86_64-linux-gnu/libthai.so.0.2.0
7f64cc3c4000-7f64cc3c6000 r-xp 00000000 08:07 7870105                    /usr/lib/x86_64-linux-gnu/libXdamage.so.1.1.0
7f64cc3c6000-7f64cc5c5000 ---p 00002000 08:07 7870105                    /usr/lib/x86_64-linux-gnu/libXdamage.so.1.1.0
7f64cc5c5000-7f64cc5c6000 r--p 00001000 08:07 7870105                    /usr/lib/x86_64-linux-gnu/libXdamage.so.1.1.0
7f64cc5c6000-7f64cc5c7000 rw-p 00002000 08:07 7870105                    /usr/lib/x86_64-linux-gnu/libXdamage.so.1.1.0
7f64cc5c7000-7f64cc5c9000 r-xp 00000000 08:07 7870095                    /usr/lib/x86_64-linux-gnu/libXcomposite.so.1.0.0
7f64cc5c9000-7f64cc7c8000 ---p 00002000 08:07 7870095                    /usr/lib/x86_64-linux-gnu/libXcomposite.so.1.0.0
7f64cc7c8000-7f64cc7c9000 r--p 00001000 08:07 7870095                    /usr/lib/x86_64-linux-gnu/libXcomposite.so.1.0.0
7f64cc7c9000-7f64cc7ca000 rw-p 00002000 08:07 7870095                    /usr/lib/x86_64-linux-gnu/libXcomposite.so.1.0.0
7f64cc7ca000-7f64cc7d3000 r-xp 00000000 08:07 7870100                    /usr/lib/x86_64-linux-gnu/libXcursor.so.1.0.2
7f64cc7d3000-7f64cc9d2000 ---p 00009000 08:07 7870100                    /usr/lib/x86_64-linux-gnu/libXcursor.so.1.0.2
7f64cc9d2000-7f64cc9d3000 r--p 00008000 08:07 7870100                    /usr/lib/x86_64-linux-gnu/libXcursor.so.1.0.2
7f64cc9d3000-7f64cc9d4000 rw-p 00009000 08:07 7870100                    /usr/lib/x86_64-linux-gnu/libXcursor.so.1.0.2
7f64cc9d4000-7f64cc9dd000 r-xp 00000000 08:07 7870144                    /usr/lib/x86_64-linux-gnu/libXrandr.so.2.2.0
7f64cc9dd000-7f64ccbdc000 ---p 00009000 08:07 7870144                    /usr/lib/x86_64-linux-gnu/libXrandr.so.2.2.0
7f64ccbdc000-7f64ccbdd000 r--p 00008000 08:07 7870144                    /usr/lib/x86_64-linux-gnu/libXrandr.so.2.2.0
7f64ccbdd000-7f64ccbde000 rw-p 00009000 08:07 7870144                    /usr/lib/x86_64-linux-gnu/libXrandr.so.2.2.0
7f64ccbde000-7f64ccbe0000 r-xp 00000000 08:07 7870112                    /usr/lib/x86_64-linux-gnu/libXinerama.so.1.0.0
7f64ccbe0000-7f64ccddf000 ---p 00002000 08:07 7870112                    /usr/lib/x86_64-linux-gnu/libXinerama.so.1.0.0
7f64ccddf000-7f64ccde0000 r--p 00001000 08:07 7870112                    /usr/lib/x86_64-linux-gnu/libXinerama.so.1.0.0
7f64ccde0000-7f64ccde1000 rw-p 00002000 08:07 7870112                    /usr/lib/x86_64-linux-gnu/libXinerama.so.1.0.0
7f64ccde1000-7f64ccdf5000 r-xp 00000000 08:07 7871143                    /usr/lib/x86_64-linux-gnu/libpangoft2-1.0.so.0.3200.5
7f64ccdf5000-7f64ccff4000 ---p 00014000 08:07 7871143                    /usr/lib/x86_64-linux-gnu/libpangoft2-1.0.so.0.3200.5
7f64ccff4000-7f64ccff5000 r--p 00013000 08:07 7871143                    /usr/lib/x86_64-linux-gnu/libpangoft2-1.0.so.0.3200.5
7f64ccff5000-7f64ccff6000 rw-p 00014000 08:07 7871143                    /usr/lib/x86_64-linux-gnu/libpangoft2-1.0.so.0.3200.5
7f64ccff6000-7f64cd10f000 r-xp 00000000 08:07 7866335                    /usr/lib/x86_64-linux-gnu/libcairo.so.2.11200.16
7f64cd10f000-7f64cd30f000 ---p 00119000 08:07 7866335                    /usr/lib/x86_64-linux-gnu/libcairo.so.2.11200.16
7f64cd30f000-7f64cd312000 r--p 00119000 08:07 7866335                    /usr/lib/x86_64-linux-gnu/libcairo.so.2.11200.16
7f64cd312000-7f64cd314000 rw-p 0011c000 08:07 7866335                    /usr/lib/x86_64-linux-gnu/libcairo.so.2.11200.16
7f64cd314000-7f64cd315000 rw-p 00000000 00:00 0 
7f64cd315000-7f64cd334000 r-xp 00000000 08:07 7869937                    /usr/lib/x86_64-linux-gnu/libatk-1.0.so.0.21009.1
7f64cd334000-7f64cd534000 ---p 0001f000 08:07 7869937                    /usr/lib/x86_64-linux-gnu/libatk-1.0.so.0.21009.1
7f64cd534000-7f64cd536000 r--p 0001f000 08:07 7869937                    /usr/lib/x86_64-linux-gnu/libatk-1.0.so.0.21009.1
7f64cd536000-7f64cd537000 rw-p 00021000 08:07 7869937                    /usr/lib/x86_64-linux-gnu/libatk-1.0.so.0.21009.1
7f64cd537000-7f64cd53c000 r-xp 00000000 08:07 7869474                    /usr/lib/x86_64-linux-gnu/libXfixes.so.3.1.0
7f64cd53c000-7f64cd73b000 ---p 00005000 08:07 7869474                    /usr/lib/x86_64-linux-gnu/libXfixes.so.3.1.0
7f64cd73b000-7f64cd73c000 r--p 00004000 08:07 7869474                    /usr/lib/x86_64-linux-gnu/libXfixes.so.3.1.0
7f64cd73c000-7f64cd73d000 rw-p 00005000 08:07 7869474                    /usr/lib/x86_64-linux-gnu/libXfixes.so.3.1.0
7f64cd73d000-7f64cd748000 r-xp 00000000 08:07 7871123                    /usr/lib/x86_64-linux-gnu/libpangocairo-1.0.so.0.3200.5
7f64cd748000-7f64cd948000 ---p 0000b000 08:07 7871123                    /usr/lib/x86_64-linux-gnu/libpangocairo-1.0.so.0.3200.5
7f64cd948000-7f64cd949000 r--p 0000b000 08:07 7871123                    /usr/lib/x86_64-linux-gnu/libpangocairo-1.0.so.0.3200.5
7f64cd949000-7f64cd94a000 rw-p 0000c000 08:07 7871123                    /usr/lib/x86_64-linux-gnu/libpangocairo-1.0.so.0.3200.5
7f64cd94a000-7f64cd967000 r-xp 00000000 08:07 7866414                    /usr/lib/x86_64-linux-gnu/libxcb.so.1.1.0
7f64cd967000-7f64cdb66000 ---p 0001d000 08:07 7866414                    /usr/lib/x86_64-linux-gnu/libxcb.so.1.1.0
7f64cdb66000-7f64cdb67000 r--p 0001c000 08:07 7866414                    /usr/lib/x86_64-linux-gnu/libxcb.so.1.1.0
7f64cdb67000-7f64cdb68000 rw-p 0001d000 08:07 7866414                    /usr/lib/x86_64-linux-gnu/libxcb.so.1.1.0
7f64cdb68000-7f64cdbd4000 r-xp 00000000 08:07 7864762                    /usr/lib/x86_64-linux-gnu/libcups.so.2
7f64cdbd4000-7f64cddd3000 ---p 0006c000 08:07 7864762                    /usr/lib/x86_64-linux-gnu/libcups.so.2
7f64cddd3000-7f64cddda000 r--p 0006b000 08:07 7864762                    /usr/lib/x86_64-linux-gnu/libcups.so.2
7f64cddda000-7f64cdddb000 rw-p 00072000 08:07 7864762                    /usr/lib/x86_64-linux-gnu/libcups.so.2
7f64cdddb000-7f64cdddc000 r-xp 00000000 08:07 7869943                    /usr/lib/x86_64-linux-gnu/libgthread-2.0.so.0.3800.1
7f64cdddc000-7f64cdfdb000 ---p 00001000 08:07 7869943                    /usr/lib/x86_64-linux-gnu/libgthread-2.0.so.0.3800.1
7f64cdfdb000-7f64cdfdc000 r--p 00000000 08:07 7869943                    /usr/lib/x86_64-linux-gnu/libgthread-2.0.so.0.3800.1
7f64cdfdc000-7f64cdfdd000 rw-p 00001000 08:07 7869943                    /usr/lib/x86_64-linux-gnu/libgthread-2.0.so.0.3800.1
7f64cdfdd000-7f64ce016000 r-xp 00000000 08:07 7876035                    /usr/lib/x86_64-linux-gnu/libfontconfig.so.1.7.0
7f64ce016000-7f64ce216000 ---p 00039000 08:07 7876035                    /usr/lib/x86_64-linux-gnu/libfontconfig.so.1.7.0
7f64ce216000-7f64ce218000 r--p 00039000 08:07 7876035                    /usr/lib/x86_64-linux-gnu/libfontconfig.so.1.7.0
7f64ce218000-7f64ce219000 rw-p 0003b000 08:07 7876035                    /usr/lib/x86_64-linux-gnu/libfontconfig.so.1.7.0
7f64ce219000-7f64ce263000 r-xp 00000000 08:07 7871098                    /usr/lib/x86_64-linux-gnu/libpango-1.0.so.0.3200.5
7f64ce263000-7f64ce462000 ---p 0004a000 08:07 7871098                    /usr/lib/x86_64-linux-gnu/libpango-1.0.so.0.3200.5
7f64ce462000-7f64ce464000 r--p 00049000 08:07 7871098                    /usr/lib/x86_64-linux-gnu/libpango-1.0.so.0.3200.5
7f64ce464000-7f64ce465000 rw-p 0004b000 08:07 7871098                    /usr/lib/x86_64-linux-gnu/libpango-1.0.so.0.3200.5
7f64ce465000-7f64ce484000 r-xp 00000000 08:07 7870068                    /usr/lib/x86_64-linux-gnu/libgdk_pixbuf-2.0.so.0.2800.1
7f64ce484000-7f64ce683000 ---p 0001f000 08:07 7870068                    /usr/lib/x86_64-linux-gnu/libgdk_pixbuf-2.0.so.0.2800.1
7f64ce683000-7f64ce684000 r--p 0001e000 08:07 7870068                    /usr/lib/x86_64-linux-gnu/libgdk_pixbuf-2.0.so.0.2800.1
7f64ce684000-7f64ce685000 rw-p 0001f000 08:07 7870068                    /usr/lib/x86_64-linux-gnu/libgdk_pixbuf-2.0.so.0.2800.1
7f64ce685000-7f64ce732000 r-xp 00000000 08:07 7870298                    /usr/lib/x86_64-linux-gnu/libgdk-x11-2.0.so.0.2400.20
7f64ce732000-7f64ce931000 ---p 000ad000 08:07 7870298                    /usr/lib/x86_64-linux-gnu/libgdk-x11-2.0.so.0.2400.20
7f64ce931000-7f64ce935000 r--p 000ac000 08:07 7870298                    /usr/lib/x86_64-linux-gnu/libgdk-x11-2.0.so.0.2400.20
7f64ce935000-7f64ce937000 rw-p 000b0000 08:07 7870298                    /usr/lib/x86_64-linux-gnu/libgdk-x11-2.0.so.0.2400.20
7f64ce937000-7f64ced66000 r-xp 00000000 08:07 7870297                    /usr/lib/x86_64-linux-gnu/libgtk-x11-2.0.so.0.2400.20
7f64ced66000-7f64cef65000 ---p 0042f000 08:07 7870297                    /usr/lib/x86_64-linux-gnu/libgtk-x11-2.0.so.0.2400.20
7f64cef65000-7f64cef6c000 r--p 0042e000 08:07 7870297                    /usr/lib/x86_64-linux-gnu/libgtk-x11-2.0.so.0.2400.20
7f64cef6c000-7f64cef70000 rw-p 00435000 08:07 7870297                    /usr/lib/x86_64-linux-gnu/libgtk-x11-2.0.so.0.2400.20
7f64cef70000-7f64cef73000 rw-p 00000000 00:00 0 
7f64cef73000-7f64cef82000 r-xp 00000000 08:07 7867250                    /usr/lib/x86_64-linux-gnu/libXi.so.6.1.0
7f64cef82000-7f64cf181000 ---p 0000f000 08:07 7867250                    /usr/lib/x86_64-linux-gnu/libXi.so.6.1.0
7f64cf181000-7f64cf182000 r--p 0000e000 08:07 7867250                    /usr/lib/x86_64-linux-gnu/libXi.so.6.1.0
7f64cf182000-7f64cf183000 rw-p 0000f000 08:07 7867250                    /usr/lib/x86_64-linux-gnu/libXi.so.6.1.0
7f64cf183000-7f64cf188000 r-xp 00000000 08:07 7869958                    /usr/lib/x86_64-linux-gnu/libXtst.so.6.1.0
7f64cf188000-7f64cf387000 ---p 00005000 08:07 7869958                    /usr/lib/x86_64-linux-gnu/libXtst.so.6.1.0
7f64cf387000-7f64cf388000 r--p 00004000 08:07 7869958                    /usr/lib/x86_64-linux-gnu/libXtst.so.6.1.0
7f64cf388000-7f64cf389000 rw-p 00005000 08:07 7869958                    /usr/lib/x86_64-linux-gnu/libXtst.so.6.1.0
7f64cf389000-7f64cf392000 r-xp 00000000 08:07 7870002                    /usr/lib/x86_64-linux-gnu/libXrender.so.1.3.0
7f64cf392000-7f64cf591000 ---p 00009000 08:07 7870002                    /usr/lib/x86_64-linux-gnu/libXrender.so.1.3.0
7f64cf591000-7f64cf592000 r--p 00008000 08:07 7870002                    /usr/lib/x86_64-linux-gnu/libXrender.so.1.3.0
7f64cf592000-7f64cf593000 rw-p 00009000 08:07 7870002                    /usr/lib/x86_64-linux-gnu/libXrender.so.1.3.0
7f64cf593000-7f64cf6c3000 r-xp 00000000 08:07 7875046                    /usr/lib/x86_64-linux-gnu/libX11.so.6.3.0
7f64cf6c3000-7f64cf8c3000 ---p 00130000 08:07 7875046                    /usr/lib/x86_64-linux-gnu/libX11.so.6.3.0
7f64cf8c3000-7f64cf8c4000 r--p 00130000 08:07 7875046                    /usr/lib/x86_64-linux-gnu/libX11.so.6.3.0
7f64cf8c4000-7f64cf8c8000 rw-p 00131000 08:07 7875046                    /usr/lib/x86_64-linux-gnu/libX11.so.6.3.0
7f64cf8c8000-7f64cf8d9000 r-xp 00000000 08:07 7869451                    /usr/lib/x86_64-linux-gnu/libXext.so.6.4.0
7f64cf8d9000-7f64cfad8000 ---p 00011000 08:07 7869451                    /usr/lib/x86_64-linux-gnu/libXext.so.6.4.0
7f64cfad8000-7f64cfad9000 r--p 00010000 08:07 7869451                    /usr/lib/x86_64-linux-gnu/libXext.so.6.4.0
7f64cfad9000-7f64cfada000 rw-p 00011000 08:07 7869451                    /usr/lib/x86_64-linux-gnu/libXext.so.6.4.0
7f64cfada000-7f64cfb2b000 r-xp 00000000 08:07 8128062                    /usr/lib/jvm/java-7-openjdk-amd64/jre/lib/amd64/xawt/libmawt.so
7f64cfb2b000-7f64cfd2a000 ---p 00051000 08:07 8128062                    /usr/lib/jvm/java-7-openjdk-amd64/jre/lib/amd64/xawt/libmawt.so
7f64cfd2a000-7f64cfd2b000 r--p 00050000 08:07 8128062                    /usr/lib/jvm/java-7-openjdk-amd64/jre/lib/amd64/xawt/libmawt.so
7f64cfd2b000-7f64cfd2e000 rw-p 00051000 08:07 8128062                    /usr/lib/jvm/java-7-openjdk-amd64/jre/lib/amd64/xawt/libmawt.so
7f64cfd2e000-7f64cfd2f000 rw-p 00000000 00:00 0 
7f64cfd2f000-7f64cfdd0000 r-xp 00000000 08:07 8130209                    /usr/lib/jvm/java-7-openjdk-amd64/jre/lib/amd64/libawt.so
7f64cfdd0000-7f64cffcf000 ---p 000a1000 08:07 8130209                    /usr/lib/jvm/java-7-openjdk-amd64/jre/lib/amd64/libawt.so
7f64cffcf000-7f64cffd0000 r--p 000a0000 08:07 8130209                    /usr/lib/jvm/java-7-openjdk-amd64/jre/lib/amd64/libawt.so
7f64cffd0000-7f64cffdb000 rw-p 000a1000 08:07 8130209                    /usr/lib/jvm/java-7-openjdk-amd64/jre/lib/amd64/libawt.so
7f64cffdb000-7f64d0000000 rw-p 00000000 00:00 0 
7f64d0000000-7f64d0021000 rw-p 00000000 00:00 0 
7f64d0021000-7f64d4000000 ---p 00000000 00:00 0 
7f64d4000000-7f64d66a4000 rw-p 00000000 00:00 0 
7f64d66a4000-7f64d8000000 ---p 00000000 00:00 0 
7f64d8000000-7f64d8021000 rw-p 00000000 00:00 0 
7f64d8021000-7f64dc000000 ---p 00000000 00:00 0 
7f64dc000000-7f64dc021000 rw-p 00000000 00:00 0 
7f64dc021000-7f64e0000000 ---p 00000000 00:00 0 
7f64e0000000-7f64e18f0000 rw-p 00000000 00:00 0 
7f64e18f0000-7f64e4000000 ---p 00000000 00:00 0 
7f64e4053000-7f64e4056000 ---p 00000000 00:00 0 
7f64e4056000-7f64e4154000 rw-p 00000000 00:00 0                          [stack:1521]
7f64e4154000-7f64e4157000 ---p 00000000 00:00 0 
7f64e4157000-7f64e4255000 rw-p 00000000 00:00 0                          [stack:1520]
7f64e4255000-7f64e4292000 r-xp 00000000 08:07 5246690                    /lib/x86_64-linux-gnu/libpcre.so.3.13.1
7f64e4292000-7f64e4492000 ---p 0003d000 08:07 5246690                    /lib/x86_64-linux-gnu/libpcre.so.3.13.1
7f64e4492000-7f64e4493000 r--p 0003d000 08:07 5246690                    /lib/x86_64-linux-gnu/libpcre.so.3.13.1
7f64e4493000-7f64e4494000 rw-p 0003e000 08:07 5246690                    /lib/x86_64-linux-gnu/libpcre.so.3.13.1
7f64e4494000-7f64e449b000 r-xp 00000000 08:07 7866333                    /usr/lib/x86_64-linux-gnu/libffi.so.6.0.1
7f64e449b000-7f64e469a000 ---p 00007000 08:07 7866333                    /usr/lib/x86_64-linux-gnu/libffi.so.6.0.1
7f64e469a000-7f64e469b000 r--p 00006000 08:07 7866333                    /usr/lib/x86_64-linux-gnu/libffi.so.6.0.1
7f64e469b000-7f64e469c000 rw-p 00007000 08:07 7866333                    /usr/lib/x86_64-linux-gnu/libffi.so.6.0.1
7f64e469c000-7f64e46b2000 r-xp 00000000 08:07 5246563                    /lib/x86_64-linux-gnu/libresolv-2.17.so
7f64e46b2000-7f64e48b2000 ---p 00016000 08:07 5246563                    /lib/x86_64-linux-gnu/libresolv-2.17.so
7f64e48b2000-7f64e48b3000 r--p 00016000 08:07 5246563                    /lib/x86_64-linux-gnu/libresolv-2.17.so
7f64e48b3000-7f64e48b4000 rw-p 00017000 08:07 5246563                    /lib/x86_64-linux-gnu/libresolv-2.17.so
7f64e48b4000-7f64e48b6000 rw-p 00000000 00:00 0 
7f64e48b6000-7f64e48d5000 r-xp 00000000 08:07 5252600                    /lib/x86_64-linux-gnu/libselinux.so.1
7f64e48d5000-7f64e4ad5000 ---p 0001f000 08:07 5252600                    /lib/x86_64-linux-gnu/libselinux.so.1
7f64e4ad5000-7f64e4ad6000 r--p 0001f000 08:07 5252600                    /lib/x86_64-linux-gnu/libselinux.so.1
7f64e4ad6000-7f64e4ad7000 rw-p 00020000 08:07 5252600                    /lib/x86_64-linux-gnu/libselinux.so.1
7f64e4ad7000-7f64e4ad8000 rw-p 00000000 00:00 0 
7f64e4ad8000-7f64e4adb000 r-xp 00000000 08:07 7869944                    /usr/lib/x86_64-linux-gnu/libgmodule-2.0.so.0.3800.1
7f64e4adb000-7f64e4cda000 ---p 00003000 08:07 7869944                    /usr/lib/x86_64-linux-gnu/libgmodule-2.0.so.0.3800.1
7f64e4cda000-7f64e4cdb000 r--p 00002000 08:07 7869944                    /usr/lib/x86_64-linux-gnu/libgmodule-2.0.so.0.3800.1
7f64e4cdb000-7f64e4cdc000 rw-p 00003000 08:07 7869944                    /usr/lib/x86_64-linux-gnu/libgmodule-2.0.so.0.3800.1
7f64e4cdc000-7f64e4dda000 r-xp 00000000 08:07 5242917                    /lib/x86_64-linux-gnu/libglib-2.0.so.0.3800.1
7f64e4dda000-7f64e4fda000 ---p 000fe000 08:07 5242917                    /lib/x86_64-linux-gnu/libglib-2.0.so.0.3800.1
7f64e4fda000-7f64e4fdb000 r--p 000fe000 08:07 5242917                    /lib/x86_64-linux-gnu/libglib-2.0.so.0.3800.1
7f64e4fdb000-7f64e4fdc000 rw-p 000ff000 08:07 5242917                    /lib/x86_64-linux-gnu/libglib-2.0.so.0.3800.1
7f64e4fdc000-7f64e4fdd000 rw-p 00000000 00:00 0 
7f64e4fdd000-7f64e502c000 r-xp 00000000 08:07 7869942                    /usr/lib/x86_64-linux-gnu/libgobject-2.0.so.0.3800.1
7f64e502c000-7f64e522c000 ---p 0004f000 08:07 7869942                    /usr/lib/x86_64-linux-gnu/libgobject-2.0.so.0.3800.1
7f64e522c000-7f64e522d000 r--p 0004f000 08:07 7869942                    /usr/lib/x86_64-linux-gnu/libgobject-2.0.so.0.3800.1
7f64e522d000-7f64e522e000 rw-p 00050000 08:07 7869942                    /usr/lib/x86_64-linux-gnu/libgobject-2.0.so.0.3800.1
7f64e522e000-7f64e538a000 r-xp 00000000 08:07 7869941                    /usr/lib/x86_64-linux-gnu/libgio-2.0.so.0.3800.1
7f64e538a000-7f64e5589000 ---p 0015c000 08:07 7869941                    /usr/lib/x86_64-linux-gnu/libgio-2.0.so.0.3800.1
7f64e5589000-7f64e558d000 r--p 0015b000 08:07 7869941                    /usr/lib/x86_64-linux-gnu/libgio-2.0.so.0.3800.1
7f64e558d000-7f64e558f000 rw-p 0015f000 08:07 7869941                    /usr/lib/x86_64-linux-gnu/libgio-2.0.so.0.3800.1
7f64e558f000-7f64e5591000 rw-p 00000000 00:00 0 
7f64e5598000-7f64e559f000 rw-s 00000000 00:04 293273624                  /SYSV00000000 (deleted)
7f64e55b0000-7f64e55c6000 r-xp 00000000 08:07 8130198                    /usr/lib/jvm/java-7-openjdk-amd64/jre/lib/amd64/libnet.so
7f64e55c6000-7f64e57c5000 ---p 00016000 08:07 8130198                    /usr/lib/jvm/java-7-openjdk-amd64/jre/lib/amd64/libnet.so
7f64e57c5000-7f64e57c6000 r--p 00015000 08:07 8130198                    /usr/lib/jvm/java-7-openjdk-amd64/jre/lib/amd64/libnet.so
7f64e57c6000-7f64e57c7000 rw-p 00016000 08:07 8130198                    /usr/lib/jvm/java-7-openjdk-amd64/jre/lib/amd64/libnet.so
7f64e57c7000-7f64e57d9000 r--s 00295000 08:07 786580                     /home/shiwali/InstructoSoarII/april/java/april.jar
7f64e57d9000-7f64e581b000 rw-p 00000000 00:00 0 
7f64e581b000-7f64e581e000 ---p 00000000 00:00 0 
7f64e581e000-7f64e601c000 rw-p 00000000 00:00 0                          [stack:1497]
7f64e601c000-7f64e601d000 ---p 00000000 00:00 0 
7f64e601d000-7f64e681d000 rw-p 00000000 00:00 0                          [stack:1496]
7f64e681d000-7f64e681e000 ---p 00000000 00:00 0 
7f64e681e000-7f64e701e000 rw-p 00000000 00:00 0                          [stack:1495]
7f64e701e000-7f64e7875000 r-xp 00000000 08:07 3801126                    /home/shiwali/soar/SoarSuite/out/libSoar.so
7f64e7875000-7f64e7a75000 ---p 00857000 08:07 3801126                    /home/shiwali/soar/SoarSuite/out/libSoar.so
7f64e7a75000-7f64e7a86000 r--p 00857000 08:07 3801126                    /home/shiwali/soar/SoarSuite/out/libSoar.so
7f64e7a86000-7f64e7a9c000 rw-p 00868000 08:07 3801126                    /home/shiwali/soar/SoarSuite/out/libSoar.so
7f64e7a9c000-7f64e7aa1000 rw-p 00000000 00:00 0 
7f64e7aa1000-7f64e7afa000 r-xp 00000000 08:07 3805190                    /home/shiwali/soar/SoarSuite/out/libJava_sml_ClientInterface.so
7f64e7afa000-7f64e7cfa000 ---p 00059000 08:07 3805190                    /home/shiwali/soar/SoarSuite/out/libJava_sml_ClientInterface.so
7f64e7cfa000-7f64e7cfb000 r--p 00059000 08:07 3805190                    /home/shiwali/soar/SoarSuite/out/libJava_sml_ClientInterface.so
7f64e7cfb000-7f64e7cfd000 rw-p 0005a000 08:07 3805190                    /home/shiwali/soar/SoarSuite/out/libJava_sml_ClientInterface.so
7f64e7cfd000-7f64e7cfe000 ---p 00000000 00:00 0 
7f64e7cfe000-7f64e7dfe000 rw-p 00000000 00:00 0                          [stack:1494]
7f64e7dfe000-7f64e7e01000 ---p 00000000 00:00 0 
7f64e7e01000-7f64e7eff000 rw-p 00000000 00:00 0                          [stack:1493]
7f64e7eff000-7f64e7f02000 ---p 00000000 00:00 0 
7f64e7f02000-7f64e8000000 rw-p 00000000 00:00 0                          [stack:1492]
7f64e8000000-7f64e8021000 rw-p 00000000 00:00 0 
7f64e8021000-7f64ec000000 ---p 00000000 00:00 0 
7f64ec000000-7f64ecfef000 rw-p 00000000 00:00 0 
7f64ecfef000-7f64f0000000 ---p 00000000 00:00 0 
7f64f0000000-7f64f0021000 rw-p 00000000 00:00 0 
7f64f0021000-7f64f4000000 ---p 00000000 00:00 0 
7f64f4000000-7f64f4021000 rw-p 00000000 00:00 0 
7f64f4021000-7f64f8000000 ---p 00000000 00:00 0 
7f64f8000000-7f64f8021000 rw-p 00000000 00:00 0 
7f64f8021000-7f64fc000000 ---p 00000000 00:00 0 
7f64fc000000-7f64fc021000 rw-p 00000000 00:00 0 
7f64fc021000-7f6500000000 ---p 00000000 00:00 0 
7f6500000000-7f6500021000 rw-p 00000000 00:00 0 
7f6500021000-7f6504000000 ---p 00000000 00:00 0 
7f6504000000-7f6504021000 rw-p 00000000 00:00 0 
7f6504021000-7f6508000000 ---p 00000000 00:00 0 
7f6508000000-7f6508021000 rw-p 00000000 00:00 0 
7f6508021000-7f650c000000 ---p 00000000 00:00 0 
7f650c004000-7f650c00d000 r--s 0005a000 08:07 3805643                    /home/shiwali/soar/SoarSuite/out/java/soar-debugger.jar
7f650c00d000-7f650c010000 ---p 00000000 00:00 0 
7f650c010000-7f650c10e000 rw-p 00000000 00:00 0                          [stack:1491]
7f650c10e000-7f650c111000 ---p 00000000 00:00 0 
7f650c111000-7f650c20f000 rw-p 00000000 00:00 0                          [stack:1490]
7f650c20f000-7f650c8f0000 r--p 00000000 08:07 7870646                    /usr/lib/locale/locale-archive
7f650c8f0000-7f650c8f3000 ---p 00000000 00:00 0 
7f650c8f3000-7f650c9f1000 rw-p 00000000 00:00 0                          [stack:1489]
7f650c9f1000-7f650c9f4000 ---p 00000000 00:00 0 
7f650c9f4000-7f650caf2000 rw-p 00000000 00:00 0                          [stack:1487]
7f650caf2000-7f650caf3000 ---p 00000000 00:00 0 
7f650caf3000-7f650db23000 rw-p 00000000 00:00 0                          [stack:1486]
7f650db23000-7f650dcd0000 r--s 01cec000 08:07 8130116                    /usr/lib/jvm/java-7-openjdk-amd64/jre/lib/rt.jar
7f650dcd0000-7f6511000000 rw-p 00000000 00:00 0 
7f6511000000-7f6511270000 rwxp 00000000 00:00 0 
7f6511270000-7f65145f1000 rw-p 00000000 00:00 0 
7f65145f1000-7f6518000000 ---p 00000000 00:00 0 
7f6518002000-7f6518006000 r--s 00039000 08:07 2886744                    /home/shiwali/InstructoSoarII/probcog2/java/probcog.jar
7f6518006000-7f6518019000 r--s 00211000 08:07 3805649                    /home/shiwali/soar/SoarSuite/out/java/swt.jar
7f6518019000-7f6518dfd000 rw-p 00000000 00:00 0 
7f6518dfd000-7f6518dfe000 ---p 00000000 00:00 0 
7f6518dfe000-7f6518efe000 rw-p 00000000 00:00 0                          [stack:1482]
7f6518efe000-7f6518eff000 ---p 00000000 00:00 0 
7f6518eff000-7f6518fff000 rw-p 00000000 00:00 0                          [stack:1417]
7f6518fff000-7f6519000000 ---p 00000000 00:00 0 
7f6519000000-7f6519100000 rw-p 00000000 00:00 0                          [stack:1416]
7f6519100000-7f6519101000 ---p 00000000 00:00 0 
7f6519101000-7f651920c000 rw-p 00000000 00:00 0                          [stack:1415]
7f651920c000-7f6519254000 rw-p 00000000 00:00 0 
7f6519254000-7f6519273000 rw-p 00000000 00:00 0 
7f6519273000-7f651943f000 rw-p 00000000 00:00 0 
7f651943f000-7f651944a000 rw-p 00000000 00:00 0 
7f651944a000-7f6519492000 rw-p 00000000 00:00 0 
7f6519492000-7f65194b1000 rw-p 00000000 00:00 0 
7f65194b1000-7f651967c000 rw-p 00000000 00:00 0 
7f651967c000-7f6519772000 rw-p 00000000 00:00 0 
7f6519772000-7f6519773000 rw-p 00000000 00:00 0 
7f6519773000-7f651977b000 r-xp 00000000 08:07 8130223                    /usr/lib/jvm/java-7-openjdk-amd64/jre/lib/amd64/libzip.so
7f651977b000-7f651997a000 ---p 00008000 08:07 8130223                    /usr/lib/jvm/java-7-openjdk-amd64/jre/lib/amd64/libzip.so
7f651997a000-7f651997b000 r--p 00007000 08:07 8130223                    /usr/lib/jvm/java-7-openjdk-amd64/jre/lib/amd64/libzip.so
7f651997b000-7f651997c000 rw-p 00008000 08:07 8130223                    /usr/lib/jvm/java-7-openjdk-amd64/jre/lib/amd64/libzip.so
7f651997c000-7f6519988000 r-xp 00000000 08:07 5252128                    /lib/x86_64-linux-gnu/libnss_files-2.17.so
7f6519988000-7f6519b87000 ---p 0000c000 08:07 5252128                    /lib/x86_64-linux-gnu/libnss_files-2.17.so
7f6519b87000-7f6519b88000 r--p 0000b000 08:07 5252128                    /lib/x86_64-linux-gnu/libnss_files-2.17.so
7f6519b88000-7f6519b89000 rw-p 0000c000 08:07 5252128                    /lib/x86_64-linux-gnu/libnss_files-2.17.so
7f6519b89000-7f6519b94000 r-xp 00000000 08:07 5246736                    /lib/x86_64-linux-gnu/libnss_nis-2.17.so
7f6519b94000-7f6519d93000 ---p 0000b000 08:07 5246736                    /lib/x86_64-linux-gnu/libnss_nis-2.17.so
7f6519d93000-7f6519d94000 r--p 0000a000 08:07 5246736                    /lib/x86_64-linux-gnu/libnss_nis-2.17.so
7f6519d94000-7f6519d95000 rw-p 0000b000 08:07 5246736                    /lib/x86_64-linux-gnu/libnss_nis-2.17.so
7f6519d95000-7f6519dac000 r-xp 00000000 08:07 5243692                    /lib/x86_64-linux-gnu/libnsl-2.17.so
7f6519dac000-7f6519fab000 ---p 00017000 08:07 5243692                    /lib/x86_64-linux-gnu/libnsl-2.17.so
7f6519fab000-7f6519fac000 r--p 00016000 08:07 5243692                    /lib/x86_64-linux-gnu/libnsl-2.17.so
7f6519fac000-7f6519fad000 rw-p 00017000 08:07 5243692                    /lib/x86_64-linux-gnu/libnsl-2.17.so
7f6519fad000-7f6519faf000 rw-p 00000000 00:00 0 
7f6519faf000-7f6519fb7000 r-xp 00000000 08:07 5246561                    /lib/x86_64-linux-gnu/libnss_compat-2.17.so
7f6519fb7000-7f651a1b6000 ---p 00008000 08:07 5246561                    /lib/x86_64-linux-gnu/libnss_compat-2.17.so
7f651a1b6000-7f651a1b7000 r--p 00007000 08:07 5246561                    /lib/x86_64-linux-gnu/libnss_compat-2.17.so
7f651a1b7000-7f651a1b8000 rw-p 00008000 08:07 5246561                    /lib/x86_64-linux-gnu/libnss_compat-2.17.so
7f651a1b8000-7f651a1e3000 r-xp 00000000 08:07 8130208                    /usr/lib/jvm/java-7-openjdk-amd64/jre/lib/amd64/libjava.so
7f651a1e3000-7f651a3e2000 ---p 0002b000 08:07 8130208                    /usr/lib/jvm/java-7-openjdk-amd64/jre/lib/amd64/libjava.so
7f651a3e2000-7f651a3e3000 r--p 0002a000 08:07 8130208                    /usr/lib/jvm/java-7-openjdk-amd64/jre/lib/amd64/libjava.so
7f651a3e3000-7f651a3e5000 rw-p 0002b000 08:07 8130208                    /usr/lib/jvm/java-7-openjdk-amd64/jre/lib/amd64/libjava.so
7f651a3e5000-7f651a3f5000 r-xp 00000000 08:07 8130207                    /usr/lib/jvm/java-7-openjdk-amd64/jre/lib/amd64/libverify.so
7f651a3f5000-7f651a5f4000 ---p 00010000 08:07 8130207                    /usr/lib/jvm/java-7-openjdk-amd64/jre/lib/amd64/libverify.so
7f651a5f4000-7f651a5f6000 r--p 0000f000 08:07 8130207                    /usr/lib/jvm/java-7-openjdk-amd64/jre/lib/amd64/libverify.so
7f651a5f6000-7f651a5f7000 rw-p 00011000 08:07 8130207                    /usr/lib/jvm/java-7-openjdk-amd64/jre/lib/amd64/libverify.so
7f651a5f7000-7f651a5fe000 r-xp 00000000 08:07 5252129                    /lib/x86_64-linux-gnu/librt-2.17.so
7f651a5fe000-7f651a7fd000 ---p 00007000 08:07 5252129                    /lib/x86_64-linux-gnu/librt-2.17.so
7f651a7fd000-7f651a7fe000 r--p 00006000 08:07 5252129                    /lib/x86_64-linux-gnu/librt-2.17.so
7f651a7fe000-7f651a7ff000 rw-p 00007000 08:07 5252129                    /lib/x86_64-linux-gnu/librt-2.17.so
7f651a7ff000-7f651a814000 r-xp 00000000 08:07 5243965                    /lib/x86_64-linux-gnu/libgcc_s.so.1
7f651a814000-7f651aa13000 ---p 00015000 08:07 5243965                    /lib/x86_64-linux-gnu/libgcc_s.so.1
7f651aa13000-7f651aa14000 r--p 00014000 08:07 5243965                    /lib/x86_64-linux-gnu/libgcc_s.so.1
7f651aa14000-7f651aa15000 rw-p 00015000 08:07 5243965                    /lib/x86_64-linux-gnu/libgcc_s.so.1
7f651aa15000-7f651ab18000 r-xp 00000000 08:07 5246566                    /lib/x86_64-linux-gnu/libm-2.17.so
7f651ab18000-7f651ad17000 ---p 00103000 08:07 5246566                    /lib/x86_64-linux-gnu/libm-2.17.so
7f651ad17000-7f651ad18000 r--p 00102000 08:07 5246566                    /lib/x86_64-linux-gnu/libm-2.17.so
7f651ad18000-7f651ad19000 rw-p 00103000 08:07 5246566                    /lib/x86_64-linux-gnu/libm-2.17.so
7f651ad19000-7f651adff000 r-xp 00000000 08:07 7864348                    /usr/lib/x86_64-linux-gnu/libstdc++.so.6.0.18
7f651adff000-7f651affe000 ---p 000e6000 08:07 7864348                    /usr/lib/x86_64-linux-gnu/libstdc++.so.6.0.18
7f651affe000-7f651b006000 r--p 000e5000 08:07 7864348                    /usr/lib/x86_64-linux-gnu/libstdc++.so.6.0.18
7f651b006000-7f651b008000 rw-p 000ed000 08:07 7864348                    /usr/lib/x86_64-linux-gnu/libstdc++.so.6.0.18
7f651b008000-7f651b01d000 rw-p 00000000 00:00 0 
7f651b01d000-7f651ba2b000 r-xp 00000000 08:07 8130212                    /usr/lib/jvm/java-7-openjdk-amd64/jre/lib/amd64/server/libjvm.so
7f651ba2b000-7f651bc2a000 ---p 00a0e000 08:07 8130212                    /usr/lib/jvm/java-7-openjdk-amd64/jre/lib/amd64/server/libjvm.so
7f651bc2a000-7f651bca3000 r--p 00a0d000 08:07 8130212                    /usr/lib/jvm/java-7-openjdk-amd64/jre/lib/amd64/server/libjvm.so
7f651bca3000-7f651bcc6000 rw-p 00a86000 08:07 8130212                    /usr/lib/jvm/java-7-openjdk-amd64/jre/lib/amd64/server/libjvm.so
7f651bcc6000-7f651bcf1000 rw-p 00000000 00:00 0 
7f651bcf1000-7f651bd09000 r-xp 00000000 08:07 5243951                    /lib/x86_64-linux-gnu/libz.so.1.2.8
7f651bd09000-7f651bf08000 ---p 00018000 08:07 5243951                    /lib/x86_64-linux-gnu/libz.so.1.2.8
7f651bf08000-7f651bf09000 r--p 00017000 08:07 5243951                    /lib/x86_64-linux-gnu/libz.so.1.2.8
7f651bf09000-7f651bf0a000 rw-p 00018000 08:07 5243951                    /lib/x86_64-linux-gnu/libz.so.1.2.8
7f651bf0a000-7f651bf21000 r-xp 00000000 08:07 5252661                    /lib/x86_64-linux-gnu/libpthread-2.17.so
7f651bf21000-7f651c121000 ---p 00017000 08:07 5252661                    /lib/x86_64-linux-gnu/libpthread-2.17.so
7f651c121000-7f651c122000 r--p 00017000 08:07 5252661                    /lib/x86_64-linux-gnu/libpthread-2.17.so
7f651c122000-7f651c123000 rw-p 00018000 08:07 5252661                    /lib/x86_64-linux-gnu/libpthread-2.17.so
7f651c123000-7f651c127000 rw-p 00000000 00:00 0 
7f651c127000-7f651c12a000 r-xp 00000000 08:07 5252660                    /lib/x86_64-linux-gnu/libdl-2.17.so
7f651c12a000-7f651c329000 ---p 00003000 08:07 5252660                    /lib/x86_64-linux-gnu/libdl-2.17.so
7f651c329000-7f651c32a000 r--p 00002000 08:07 5252660                    /lib/x86_64-linux-gnu/libdl-2.17.so
7f651c32a000-7f651c32b000 rw-p 00003000 08:07 5252660                    /lib/x86_64-linux-gnu/libdl-2.17.so
7f651c32b000-7f651c4e8000 r-xp 00000000 08:07 5252659                    /lib/x86_64-linux-gnu/libc-2.17.so
7f651c4e8000-7f651c6e8000 ---p 001bd000 08:07 5252659                    /lib/x86_64-linux-gnu/libc-2.17.so
7f651c6e8000-7f651c6ec000 r--p 001bd000 08:07 5252659                    /lib/x86_64-linux-gnu/libc-2.17.so
7f651c6ec000-7f651c6ee000 rw-p 001c1000 08:07 5252659                    /lib/x86_64-linux-gnu/libc-2.17.so
7f651c6ee000-7f651c6f3000 rw-p 00000000 00:00 0 
7f651c6f3000-7f651c700000 r-xp 00000000 08:07 8130121                    /usr/lib/jvm/java-7-openjdk-amd64/jre/lib/amd64/jli/libjli.so
7f651c700000-7f651c8ff000 ---p 0000d000 08:07 8130121                    /usr/lib/jvm/java-7-openjdk-amd64/jre/lib/amd64/jli/libjli.so
7f651c8ff000-7f651c900000 r--p 0000c000 08:07 8130121                    /usr/lib/jvm/java-7-openjdk-amd64/jre/lib/amd64/jli/libjli.so
7f651c900000-7f651c901000 rw-p 0000d000 08:07 8130121                    /usr/lib/jvm/java-7-openjdk-amd64/jre/lib/amd64/jli/libjli.so
7f651c901000-7f651c924000 r-xp 00000000 08:07 5246634                    /lib/x86_64-linux-gnu/ld-2.17.so
7f651c924000-7f651c926000 rw-p 00000000 00:00 0 
7f651c926000-7f651c927000 r--s 00001000 08:07 3805335                    /home/shiwali/soar/SoarSuite/out/java/soar-debugger-api.jar
7f651c927000-7f651c928000 r--s 00003000 08:07 3805648                    /home/shiwali/soar/SoarSuite/out/java/swtgraphics2d.jar
7f651c928000-7f651c92a000 r--s 00005000 08:07 3805321                    /home/shiwali/soar/SoarSuite/out/java/soar-smljava.jar
7f651c92a000-7f651c933000 r--s 000bc000 08:07 8130271                    /usr/lib/jvm/java-7-openjdk-common/jre/lib/resources.jar
7f651c933000-7f651c936000 r--s 00018000 08:07 3805299                    /home/shiwali/soar/SoarSuite/out/java/sml.jar
7f651c936000-7f651c939000 r--s 0001d000 08:07 9833101                    /usr/local/share/java/lcm.jar
7f651c939000-7f651c93c000 r--s 00028000 08:07 1707691                    /home/shiwali/InstructoSoarII/rosie/java/language/lgsoar.jar
7f651c93c000-7f651c946000 rw-p 00000000 00:00 0 
7f651c946000-7f651c9fc000 rw-p 00000000 00:00 0 
7f651c9fc000-7f651c9ff000 ---p 00000000 00:00 0 
7f651c9ff000-7f651cb02000 rw-p 00000000 00:00 0                          [stack:1411]
7f651cb02000-7f651cb05000 r--s 0001c000 08:07 1575757                    /home/shiwali/InstructoSoarII/rosie/java/insoar.jar
7f651cb05000-7f651cb07000 r--s 00012000 08:07 8130259                    /usr/lib/jvm/java-7-openjdk-common/jre/lib/ext/zipfs.jar
7f651cb07000-7f651cb09000 r--s 00006000 08:07 8264680                    /usr/share/java/java-atk-wrapper.jar
7f651cb09000-7f651cb0c000 r--s 0003c000 08:07 8130265                    /usr/lib/jvm/java-7-openjdk-common/jre/lib/ext/sunpkcs11.jar
7f651cb0c000-7f651cb0f000 r--s 00032000 08:07 8130261                    /usr/lib/jvm/java-7-openjdk-common/jre/lib/ext/sunjce_provider.jar
7f651cb0f000-7f651cb10000 r--s 00002000 08:07 8130267                    /usr/lib/jvm/java-7-openjdk-common/jre/lib/ext/dnsns.jar
7f651cb10000-7f651cb13000 r--s 0000f000 08:07 8130257                    /usr/lib/jvm/java-7-openjdk-common/jre/lib/ext/pulse-java.jar
7f651cb13000-7f651cb17000 r--s 00085000 08:07 8130263                    /usr/lib/jvm/java-7-openjdk-common/jre/lib/ext/localedata.jar
7f651cb17000-7f651cb1f000 rw-s 00000000 08:07 1573091                    /tmp/hsperfdata_shiwali/1409
7f651cb1f000-7f651cb20000 rw-p 00000000 00:00 0 
7f651cb20000-7f651cb21000 r--p 00000000 00:00 0 
7f651cb21000-7f651cb23000 rw-p 00000000 00:00 0 
7f651cb23000-7f651cb24000 r--p 00022000 08:07 5246634                    /lib/x86_64-linux-gnu/ld-2.17.so
7f651cb24000-7f651cb26000 rw-p 00023000 08:07 5246634                    /lib/x86_64-linux-gnu/ld-2.17.so
7fffce8d3000-7fffce8f4000 rw-p 00000000 00:00 0                          [stack]
7fffce931000-7fffce933000 r-xp 00000000 00:00 0                          [vdso]
ffffffffff600000-ffffffffff601000 r-xp 00000000 00:00 0                  [vsyscall]

VM Arguments:
jvm_args: -Dfile.encoding=UTF-8 
java_command: edu.umich.insoar.InSoar
Launcher Type: SUN_STANDARD

Environment Variables:
PATH=/home/shiwali/bin:/usr/lib/lightdm/lightdm:/usr/local/sbin:/usr/local/bin:/usr/sbin:/usr/bin:/sbin:/bin:/usr/games:/usr/local/games
LD_LIBRARY_PATH=/home/shiwali/soar/SoarSuite/out
SHELL=/bin/bash
DISPLAY=:0

Signal Handlers:
SIGSEGV: [libjvm.so+0x871410], sa_mask[0]=0x7ffbfeff, sa_flags=0x10000004
SIGBUS: [libjvm.so+0x871410], sa_mask[0]=0x7ffbfeff, sa_flags=0x10000004
SIGFPE: [libjvm.so+0x709540], sa_mask[0]=0x7ffbfeff, sa_flags=0x10000004
SIGPIPE: SIG_IGN, sa_mask[0]=0x00000000, sa_flags=0x00000000
SIGXFSZ: [libjvm.so+0x709540], sa_mask[0]=0x7ffbfeff, sa_flags=0x10000004
SIGILL: [libjvm.so+0x709540], sa_mask[0]=0x7ffbfeff, sa_flags=0x10000004
SIGUSR1: SIG_DFL, sa_mask[0]=0x00000000, sa_flags=0x00000000
SIGUSR2: [libjvm.so+0x709270], sa_mask[0]=0x00000004, sa_flags=0x10000004
SIGHUP: [libjvm.so+0x709550], sa_mask[0]=0x7ffbfeff, sa_flags=0x10000004
SIGINT: [libjvm.so+0x709550], sa_mask[0]=0x7ffbfeff, sa_flags=0x10000004
SIGTERM: [libjvm.so+0x709550], sa_mask[0]=0x7ffbfeff, sa_flags=0x10000004
SIGQUIT: [libjvm.so+0x709550], sa_mask[0]=0x7ffbfeff, sa_flags=0x10000004


---------------  S Y S T E M  ---------------

OS:Ubuntu 13.10 (saucy)
uname:Linux 3.11.0-15-generic #23-Ubuntu SMP Mon Dec 9 18:17:04 UTC 2013 x86_64
libc:glibc 2.17 NPTL 2.17 
rlimit: STACK 8192k, CORE 0k, NPROC 46883, NOFILE 4096, AS infinity
load average:1.65 1.76 1.60

/proc/meminfo:
MemTotal:        6021332 kB
MemFree:          185868 kB
Buffers:          100520 kB
Cached:          1909760 kB
SwapCached:         2628 kB
Active:          3938384 kB
Inactive:        1587788 kB
Active(anon):    3377348 kB
Inactive(anon):  1037760 kB
Active(file):     561036 kB
Inactive(file):   550028 kB
Unevictable:          64 kB
Mlocked:              64 kB
SwapTotal:        975868 kB
SwapFree:         928376 kB
Dirty:               760 kB
Writeback:             0 kB
AnonPages:       3513460 kB
Mapped:           290232 kB
Shmem:            899216 kB
Slab:             169752 kB
SReclaimable:     129856 kB
SUnreclaim:        39896 kB
KernelStack:        5320 kB
PageTables:        55672 kB
NFS_Unstable:          0 kB
Bounce:                0 kB
WritebackTmp:          0 kB
CommitLimit:     3986532 kB
Committed_AS:    9223724 kB
VmallocTotal:   34359738367 kB
VmallocUsed:      354408 kB
VmallocChunk:   34359371388 kB
HardwareCorrupted:     0 kB
AnonHugePages:         0 kB
HugePages_Total:       0
HugePages_Free:        0
HugePages_Rsvd:        0
HugePages_Surp:        0
Hugepagesize:       2048 kB
DirectMap4k:       71296 kB
DirectMap2M:     6129664 kB


CPU:total 4 (2 cores per cpu, 2 threads per core) family 6 model 42 stepping 7, cmov, cx8, fxsr, mmx, sse, sse2, sse3, ssse3, sse4.1, sse4.2, popcnt, avx, ht, tsc, tscinvbit

/proc/cpuinfo:
processor	: 0
vendor_id	: GenuineIntel
cpu family	: 6
model		: 42
model name	: Intel(R) Core(TM) i5-2410M CPU @ 2.30GHz
stepping	: 7
microcode	: 0x15
cpu MHz		: 800.000
cache size	: 3072 KB
physical id	: 0
siblings	: 4
core id		: 0
cpu cores	: 2
apicid		: 0
initial apicid	: 0
fpu		: yes
fpu_exception	: yes
cpuid level	: 13
wp		: yes
flags		: fpu vme de pse tsc msr pae mce cx8 apic sep mtrr pge mca cmov pat pse36 clflush dts acpi mmx fxsr sse sse2 ss ht tm pbe syscall nx rdtscp lm constant_tsc arch_perfmon pebs bts nopl xtopology nonstop_tsc aperfmperf eagerfpu pni pclmulqdq dtes64 monitor ds_cpl vmx est tm2 ssse3 cx16 xtpr pdcm pcid sse4_1 sse4_2 x2apic popcnt tsc_deadline_timer xsave avx lahf_lm ida arat epb xsaveopt pln pts dtherm tpr_shadow vnmi flexpriority ept vpid
bogomips	: 4589.84
clflush size	: 64
cache_alignment	: 64
address sizes	: 36 bits physical, 48 bits virtual
power management:

processor	: 1
vendor_id	: GenuineIntel
cpu family	: 6
model		: 42
model name	: Intel(R) Core(TM) i5-2410M CPU @ 2.30GHz
stepping	: 7
microcode	: 0x15
cpu MHz		: 2300.000
cache size	: 3072 KB
physical id	: 0
siblings	: 4
core id		: 0
cpu cores	: 2
apicid		: 1
initial apicid	: 1
fpu		: yes
fpu_exception	: yes
cpuid level	: 13
wp		: yes
flags		: fpu vme de pse tsc msr pae mce cx8 apic sep mtrr pge mca cmov pat pse36 clflush dts acpi mmx fxsr sse sse2 ss ht tm pbe syscall nx rdtscp lm constant_tsc arch_perfmon pebs bts nopl xtopology nonstop_tsc aperfmperf eagerfpu pni pclmulqdq dtes64 monitor ds_cpl vmx est tm2 ssse3 cx16 xtpr pdcm pcid sse4_1 sse4_2 x2apic popcnt tsc_deadline_timer xsave avx lahf_lm ida arat epb xsaveopt pln pts dtherm tpr_shadow vnmi flexpriority ept vpid
bogomips	: 4589.84
clflush size	: 64
cache_alignment	: 64
address sizes	: 36 bits physical, 48 bits virtual
power management:

processor	: 2
vendor_id	: GenuineIntel
cpu family	: 6
model		: 42
model name	: Intel(R) Core(TM) i5-2410M CPU @ 2.30GHz
stepping	: 7
microcode	: 0x15
cpu MHz		: 800.000
cache size	: 3072 KB
physical id	: 0
siblings	: 4
core id		: 1
cpu cores	: 2
apicid		: 2
initial apicid	: 2
fpu		: yes
fpu_exception	: yes
cpuid level	: 13
wp		: yes
flags		: fpu vme de pse tsc msr pae mce cx8 apic sep mtrr pge mca cmov pat pse36 clflush dts acpi mmx fxsr sse sse2 ss ht tm pbe syscall nx rdtscp lm constant_tsc arch_perfmon pebs bts nopl xtopology nonstop_tsc aperfmperf eagerfpu pni pclmulqdq dtes64 monitor ds_cpl vmx est tm2 ssse3 cx16 xtpr pdcm pcid sse4_1 sse4_2 x2apic popcnt tsc_deadline_timer xsave avx lahf_lm ida arat epb xsaveopt pln pts dtherm tpr_shadow vnmi flexpriority ept vpid
bogomips	: 4589.84
clflush size	: 64
cache_alignment	: 64
address sizes	: 36 bits physical, 48 bits virtual
power management:

processor	: 3
vendor_id	: GenuineIntel
cpu family	: 6
model		: 42
model name	: Intel(R) Core(TM) i5-2410M CPU @ 2.30GHz
stepping	: 7
microcode	: 0x15
cpu MHz		: 2300.000
cache size	: 3072 KB
physical id	: 0
siblings	: 4
core id		: 1
cpu cores	: 2
apicid		: 3
initial apicid	: 3
fpu		: yes
fpu_exception	: yes
cpuid level	: 13
wp		: yes
flags		: fpu vme de pse tsc msr pae mce cx8 apic sep mtrr pge mca cmov pat pse36 clflush dts acpi mmx fxsr sse sse2 ss ht tm pbe syscall nx rdtscp lm constant_tsc arch_perfmon pebs bts nopl xtopology nonstop_tsc aperfmperf eagerfpu pni pclmulqdq dtes64 monitor ds_cpl vmx est tm2 ssse3 cx16 xtpr pdcm pcid sse4_1 sse4_2 x2apic popcnt tsc_deadline_timer xsave avx lahf_lm ida arat epb xsaveopt pln pts dtherm tpr_shadow vnmi flexpriority ept vpid
bogomips	: 4589.84
clflush size	: 64
cache_alignment	: 64
address sizes	: 36 bits physical, 48 bits virtual
power management:



Memory: 4k page, physical 6021332k(185868k free), swap 975868k(928376k free)

vm_info: OpenJDK 64-Bit Server VM (23.7-b01) for linux-amd64 JRE (1.7.0_25-b30), built on Oct 11 2013 18:04:12 by "buildd" with gcc 4.8.1

time: Mon Jan 20 20:23:19 2014
elapsed time: 1995 seconds

