#
# A fatal error has been detected by the Java Runtime Environment:
#
#  SIGSEGV (0xb) at pc=0x00007fc4c63795cd, pid=11205, tid=140483104937728
#
# JRE version: 7.0_25-b30
# Java VM: OpenJDK 64-Bit Server VM (23.7-b01 mixed mode linux-amd64 compressed oops)
# Problematic frame:
# C  [libSoar.so+0x2665cd]  std::_List_base<preference_struct*, soar_module::soar_memory_pool_allocator<preference_struct*> >::_M_clear()+0x11
#
# Failed to write core dump. Core dumps have been disabled. To enable core dumping, try "ulimit -c unlimited" before starting Java again
#
# If you would like to submit a bug report, please include
# instructions on how to reproduce the bug and visit:
#   https://bugs.launchpad.net/ubuntu/+source/openjdk-7/
#

---------------  T H R E A D  ---------------

Current thread is native thread

siginfo:si_signo=SIGSEGV: si_errno=0, si_code=1 (SEGV_MAPERR), si_addr=0x0000000000000018

Registers:
RAX=0x0000000000000000, RBX=0x0000000000000000, RCX=0x00007fc498624630, RDX=0x00007fc498624630
RSP=0x00007fc4c590fc70, RBP=0x00007fc4c590fcc0, RSI=0x00007fc498624630, RDI=0x0000000000000000
R8 =0x0000000000000000, R9 =0x0000000000000200, R10=0x0000000000000021, R11=0x00007fc498000078
R12=0x0000000000000000, R13=0x00007fc4fa307060, R14=0x00007fc4fa2e54f0, R15=0x0000000000001000
RIP=0x00007fc4c63795cd, EFLAGS=0x0000000000010202, CSGSFS=0x0000000000000033, ERR=0x0000000000000004
  TRAPNO=0x000000000000000e

Top of Stack: (sp=0x00007fc4c590fc70)
0x00007fc4c590fc70:   00007fc4c590fcb0 0000000000000000
0x00007fc4c590fc80:   00007fc400000000 00007fc498007310
0x00007fc4c590fc90:   00007fc498624710 00007fc498000dd0
0x00007fc4c590fca0:   00007fc4986247b0 00007fc4980029a0
0x00007fc4c590fcb0:   00007fc4c590fce0 0000000000000000
0x00007fc4c590fcc0:   00007fc4c590fce0 00007fc4c63683a4
0x00007fc4c590fcd0:   0000000200000000 0000000000000000
0x00007fc4c590fce0:   00007fc4c590fd10 00007fc4c62f0c4a
0x00007fc4c590fcf0:   00007fc498624630 00007fc498000dd0
0x00007fc4c590fd00:   0000000000000000 00007fc498624720
0x00007fc4c590fd10:   00007fc4c590fd50 00007fc4c62e861f
0x00007fc4c590fd20:   00007fc498624630 00007fc498000dd0
0x00007fc4c590fd30:   00007fc4c590ff10 00007fc498000dd0
0x00007fc4c590fd40:   00007fc498046008 0000000000000000
0x00007fc4c590fd50:   00007fc4c590fe90 00007fc4c62eaf04
0x00007fc4c590fd60:   00007fc4991ccc20 00007fc498000dd0
0x00007fc4c590fd70:   00007fc4c590fd90 00007fc4c636ec77
0x00007fc4c590fd80:   00007fc4c590fdc8 00007fc498000dd0
0x00007fc4c590fd90:   00007fc4c590fdd0 00007fc4c63756e4
0x00007fc4c590fda0:   00007fc4c590fdc0 00007fc498007390
0x00007fc4c590fdb0:   00007fc4990aa710 00007fc498000dd0
0x00007fc4c590fdc0:   00007fc4c590fdf0 00007fc49843fbb0
0x00007fc4c590fdd0:   00007fc4c590fdf0 00007fc4c6349f89
0x00007fc4c590fde0:   00007fc4990aa710 00007fc498000dd0
0x00007fc4c590fdf0:   00007fc4c590fe90 00007fc4c62e58bd
0x00007fc4c590fe00:   00007fc4c590ff28 00007fc498000dd0
0x00007fc4c590fe10:   00007f00c590fe00 00007fc4c590fed8
0x00007fc4c590fe20:   00007fc4990aa710 00007fc498000dd0
0x00007fc4c590fe30:   00007fc499175c30 0000000000000001
0x00007fc4c590fe40:   00007fc40090fe60 00007fc4c6365d70
0x00007fc4c590fe50:   00007fc499175c30 00007fc4c590ff10
0x00007fc4c590fe60:   00007fc4c590fe80 00007fc4c63572a8 

Instructions: (pc=0x00007fc4c63795cd)
0x00007fc4c63795ad:   c0 0f 95 c0 84 c0 75 92 48 83 c4 48 5b 5d c3 55
0x00007fc4c63795bd:   48 89 e5 53 48 83 ec 48 48 89 7d b8 48 8b 45 b8
0x00007fc4c63795cd:   48 8b 40 18 48 89 45 c0 eb 5b 48 8b 45 c0 48 89
0x00007fc4c63795dd:   45 c8 48 8b 45 c0 48 8b 00 48 89 45 c0 48 8b 45 

Register to memory mapping:

RAX=0x0000000000000000 is an unknown value
RBX=0x0000000000000000 is an unknown value
RCX=0x00007fc498624630 is an unknown value
RDX=0x00007fc498624630 is an unknown value
RSP=0x00007fc4c590fc70 is an unknown value
RBP=0x00007fc4c590fcc0 is an unknown value
RSI=0x00007fc498624630 is an unknown value
RDI=0x0000000000000000 is an unknown value
R8 =0x0000000000000000 is an unknown value
R9 =0x0000000000000200 is an unknown value
R10=0x0000000000000021 is an unknown value
R11=0x00007fc498000078 is an unknown value
R12=0x0000000000000000 is an unknown value
R13=0x00007fc4fa307060: _rtld_global+0 in /lib64/ld-linux-x86-64.so.2 at 0x00007fc4fa0e4000
R14=0x00007fc4fa2e54f0 is pointing into the stack for thread: 0x00007fc4f0009800
R15=0x0000000000001000 is an unknown value


Stack: [0x00007fc4c5111000,0x00007fc4c5912000],  sp=0x00007fc4c590fc70,  free space=8187k
Native frames: (J=compiled Java code, j=interpreted, Vv=VM code, C=native code)
C  [libSoar.so+0x2665cd]  std::_List_base<preference_struct*, soar_module::soar_memory_pool_allocator<preference_struct*> >::_M_clear()+0x11
C  [libSoar.so+0x2553a4]  std::list<preference_struct*, soar_module::soar_memory_pool_allocator<preference_struct*> >::clear()+0x18
C  [libSoar.so+0x1ddc4a]  epmem_reset(agent_struct*, symbol_union*)+0x76
C  [libSoar.so+0x1d561f]  remove_existing_context_and_descendents(agent_struct*, symbol_union*)+0x265
C  [libSoar.so+0x1d7f04]  gds_invalid_so_remove_goal(agent_struct*, wme_struct*)+0x2a1
C  [libSoar.so+0x1d4e0d]  decide_non_context_slot(agent_struct*, slot_struct*)+0x199
C  [libSoar.so+0x1d52e3]  decide_non_context_slots(agent_struct*)+0x55
C  [libSoar.so+0x1d6f18]  do_working_memory_phase(agent_struct*)+0x105
C  [libSoar.so+0x1eff55]  do_one_top_level_phase(agent_struct*)+0x7f9
C  [libSoar.so+0x1f1318]  run_for_n_decision_cycles(agent_struct*, long)+0xb8
C  [libSoar.so+0x380f5d]  sml::AgentSML::Step(sml::smlRunStepSize)+0x109
C  [libSoar.so+0x380d95]  sml::AgentSML::StepInClientThread(sml::smlRunStepSize)+0x43
C  [libSoar.so+0x391d66]  sml::RunScheduler::RunScheduledAgents(bool, sml::smlRunStepSize, unsigned long, sml::smlRunFlags, sml::smlRunStepSize, bool)+0x348
C  [libSoar.so+0x41d2d0]  cli::CommandLineInterface::DoRun(std::bitset<10ul> const&, int, cli::Cli::eRunInterleaveMode)+0x332
C  [libSoar.so+0x43e338]  cli::RunCommand::Parse(std::vector<std::string, std::allocator<std::string> >&)+0x67a
C  [libSoar.so+0x42e86f]  cli::Parser::handle_command(std::vector<std::string, std::allocator<std::string> >&)+0x91
C  [libSoar.so+0x42d596]  soar::tokenizer::parse_command()+0x1d0
C  [libSoar.so+0x42d33c]  soar::tokenizer::evaluate(char const*)+0x60
C  [libSoar.so+0x42080b]  cli::CommandLineInterface::Source(char const*, bool)+0x61
C  [libSoar.so+0x42ab13]  cli::CommandLineInterface::DoCommand(sml::Connection*, sml::AgentSML*, char const*, bool, bool, soarxml::ElementXML*)+0x11d
C  [libSoar.so+0x38c0e9]  sml::KernelSML::HandleCommandLine(sml::AgentSML*, char const*, sml::Connection*, sml::AnalyzeXML*, soarxml::ElementXML*)+0x481
C  [libSoar.so+0x3883c3]  sml::KernelSML::ProcessCommand(char const*, sml::Connection*, sml::AnalyzeXML*, soarxml::ElementXML*)+0x325
C  [libSoar.so+0x38868f]  sml::KernelSML::ProcessIncomingSML(sml::Connection*, soarxml::ElementXML*)+0x119
C  [libSoar.so+0x37f1c0]  ReceivedCall(sml::Connection*, soarxml::ElementXML*, void*)+0x3b
C  [libSoar.so+0x3f70d8]  sml::Callback::Invoke(soarxml::ElementXML*)+0x30
C  [libSoar.so+0x3f0dcb]  sml::Connection::InvokeCallbacks(soarxml::ElementXML*)+0x105
C  [libSoar.so+0x3f446d]  sml::RemoteConnection::ReceiveMessages(bool, int, int)+0x229
C  [libSoar.so+0x3f4241]  sml::RemoteConnection::ReceiveMessages(bool)+0x2b
C  [libSoar.so+0x385655]  sml::ConnectionManager::ReceiveAllMessages()+0x6f
C  [libSoar.so+0x38e062]  sml::ReceiverThread::Run()+0x2e
C  [libSoar.so+0x3f6d7d]  ThreadStartFunction(void*)+0x2b
C  [libSoar.so+0x3f6c35]  LinuxThreadFunc(void*)+0x28


---------------  P R O C E S S  ---------------

VM state:not at safepoint (normal execution)

VM Mutex/Monitor currently owned by a thread: None

Heap
 PSYoungGen      total 262464K, used 103411K [0x00000007d6c00000, 0x00000007f0900000, 0x0000000800000000)
  eden space 253120K, 38% used [0x00000007d6c00000,0x00000007dcbe9d60,0x00000007e6330000)
  from space 9344K, 55% used [0x00000007e6330000,0x00000007e68431e8,0x00000007e6c50000)
  to   space 8960K, 0% used [0x00000007f0040000,0x00000007f0040000,0x00000007f0900000)
 ParOldGen       total 84480K, used 9766K [0x0000000784400000, 0x0000000789680000, 0x00000007d6c00000)
  object space 84480K, 11% used [0x0000000784400000,0x0000000784d89bc0,0x0000000789680000)
 PSPermGen       total 21248K, used 19108K [0x0000000779e00000, 0x000000077b2c0000, 0x0000000784400000)
  object space 21248K, 89% used [0x0000000779e00000,0x000000077b0a90c8,0x000000077b2c0000)

Card table byte_map: [0x00007fc4f6b3f000,0x00007fc4f6f71000] byte_map_base: 0x00007fc4f2f70000

Polling page: 0x00007fc4fa303000

Code Cache  [0x00007fc4ed000000, 0x00007fc4ed270000, 0x00007fc4f0000000)
 total_blobs=1014 nmethods=463 adapters=503 free_code_cache=47335Kb largest_free_block=48440128

Compilation events (10 events):
Event: 405.726 Thread 0x00007fc4f0119800  476  s!         edu.umich.insoar.MotorSystemConnector::messageReceived (36 bytes)
Event: 405.726 Thread 0x00007fc4f0116800  477             edu.umich.insoar.MotorSystemConnector::newRobotStatus (19 bytes)
Event: 405.726 Thread 0x00007fc4f0116800 nmethod 477 0x00007fc4ed1c98d0 code [0x00007fc4ed1c9a00, 0x00007fc4ed1c9a98]
Event: 405.730 Thread 0x00007fc4f0119800 nmethod 476 0x00007fc4ed1bc990 code [0x00007fc4ed1bcb20, 0x00007fc4ed1bd258]
Event: 503.303 Thread 0x00007fc4f0116800  478  s          lcm.lcm.LCM::publish (62 bytes)
Event: 503.309 Thread 0x00007fc4f0116800 nmethod 478 0x00007fc4ed1ca050 code [0x00007fc4ed1ca1e0, 0x00007fc4ed1cab08]
Event: 515.767 Thread 0x00007fc4f0119800  479             java.util.HashSet::remove (20 bytes)
Event: 515.772 Thread 0x00007fc4f0119800 nmethod 479 0x00007fc4ed1cd0d0 code [0x00007fc4ed1cd260, 0x00007fc4ed1cd808]
Event: 516.355 Thread 0x00007fc4f0116800  480             java.util.HashMap$KeySet::size (8 bytes)
Event: 516.356 Thread 0x00007fc4f0116800 nmethod 480 0x00007fc4ed1c9e10 code [0x00007fc4ed1c9f40, 0x00007fc4ed1c9fb8]

GC Heap History (10 events):
Event: 1.721 GC heap before
{Heap before GC invocations=5 (full 0):
 PSYoungGen      total 68608K, used 68480K [0x00000007d6c00000, 0x00000007db420000, 0x0000000800000000)
  eden space 63360K, 100% used [0x00000007d6c00000,0x00000007da9e0000,0x00000007da9e0000)
  from space 5248K, 97% used [0x00000007daf00000,0x00000007db400020,0x00000007db420000)
  to   space 5248K, 0% used [0x00000007da9e0000,0x00000007da9e0000,0x00000007daf00000)
 ParOldGen       total 84480K, used 3894K [0x0000000784400000, 0x0000000789680000, 0x00000007d6c00000)
  object space 84480K, 4% used [0x0000000784400000,0x00000007847cdb60,0x0000000789680000)
 PSPermGen       total 21248K, used 3568K [0x0000000779e00000, 0x000000077b2c0000, 0x0000000784400000)
  object space 21248K, 16% used [0x0000000779e00000,0x000000077a17c2f8,0x000000077b2c0000)
Event: 1.748 GC heap after
Heap after GC invocations=5 (full 0):
 PSYoungGen      total 68608K, used 5232K [0x00000007d6c00000, 0x00000007df840000, 0x0000000800000000)
  eden space 63360K, 0% used [0x00000007d6c00000,0x00000007d6c00000,0x00000007da9e0000)
  from space 5248K, 99% used [0x00000007da9e0000,0x00000007daefc010,0x00000007daf00000)
  to   space 8448K, 0% used [0x00000007df000000,0x00000007df000000,0x00000007df840000)
 ParOldGen       total 84480K, used 4926K [0x0000000784400000, 0x0000000789680000, 0x00000007d6c00000)
  object space 84480K, 5% used [0x0000000784400000,0x00000007848cfb60,0x0000000789680000)
 PSPermGen       total 21248K, used 3568K [0x0000000779e00000, 0x000000077b2c0000, 0x0000000784400000)
  object space 21248K, 16% used [0x0000000779e00000,0x000000077a17c2f8,0x000000077b2c0000)
}
Event: 1.963 GC heap before
{Heap before GC invocations=6 (full 0):
 PSYoungGen      total 68608K, used 68592K [0x00000007d6c00000, 0x00000007df840000, 0x0000000800000000)
  eden space 63360K, 100% used [0x00000007d6c00000,0x00000007da9e0000,0x00000007da9e0000)
  from space 5248K, 99% used [0x00000007da9e0000,0x00000007daefc010,0x00000007daf00000)
  to   space 8448K, 0% used [0x00000007df000000,0x00000007df000000,0x00000007df840000)
 ParOldGen       total 84480K, used 4926K [0x0000000784400000, 0x0000000789680000, 0x00000007d6c00000)
  object space 84480K, 5% used [0x0000000784400000,0x00000007848cfb60,0x0000000789680000)
 PSPermGen       total 21248K, used 3568K [0x0000000779e00000, 0x000000077b2c0000, 0x0000000784400000)
  object space 21248K, 16% used [0x0000000779e00000,0x000000077a17c2f8,0x000000077b2c0000)
Event: 1.973 GC heap after
Heap after GC invocations=6 (full 0):
 PSYoungGen      total 134784K, used 5488K [0x00000007d6c00000, 0x00000007df7e0000, 0x0000000800000000)
  eden space 126720K, 0% used [0x00000007d6c00000,0x00000007d6c00000,0x00000007de7c0000)
  from space 8064K, 68% used [0x00000007df000000,0x00000007df55c010,0x00000007df7e0000)
  to   space 8256K, 0% used [0x00000007de7c0000,0x00000007de7c0000,0x00000007defd0000)
 ParOldGen       total 84480K, used 4926K [0x0000000784400000, 0x0000000789680000, 0x00000007d6c00000)
  object space 84480K, 5% used [0x0000000784400000,0x00000007848cfb60,0x0000000789680000)
 PSPermGen       total 21248K, used 3568K [0x0000000779e00000, 0x000000077b2c0000, 0x0000000784400000)
  object space 21248K, 16% used [0x0000000779e00000,0x000000077a17c2f8,0x000000077b2c0000)
}
Event: 2.454 GC heap before
{Heap before GC invocations=7 (full 0):
 PSYoungGen      total 134784K, used 132208K [0x00000007d6c00000, 0x00000007df7e0000, 0x0000000800000000)
  eden space 126720K, 100% used [0x00000007d6c00000,0x00000007de7c0000,0x00000007de7c0000)
  from space 8064K, 68% used [0x00000007df000000,0x00000007df55c010,0x00000007df7e0000)
  to   space 8256K, 0% used [0x00000007de7c0000,0x00000007de7c0000,0x00000007defd0000)
 ParOldGen       total 84480K, used 4926K [0x0000000784400000, 0x0000000789680000, 0x00000007d6c00000)
  object space 84480K, 5% used [0x0000000784400000,0x00000007848cfb60,0x0000000789680000)
 PSPermGen       total 21248K, used 3568K [0x0000000779e00000, 0x000000077b2c0000, 0x0000000784400000)
  object space 21248K, 16% used [0x0000000779e00000,0x000000077a17c2f8,0x000000077b2c0000)
Event: 2.473 GC heap after
Heap after GC invocations=7 (full 0):
 PSYoungGen      total 134976K, used 1216K [0x00000007d6c00000, 0x00000007e7520000, 0x0000000800000000)
  eden space 126720K, 0% used [0x00000007d6c00000,0x00000007d6c00000,0x00000007de7c0000)
  from space 8256K, 14% used [0x00000007de7c0000,0x00000007de8f0000,0x00000007defd0000)
  to   space 9024K, 0% used [0x00000007e6c50000,0x00000007e6c50000,0x00000007e7520000)
 ParOldGen       total 84480K, used 9718K [0x0000000784400000, 0x0000000789680000, 0x00000007d6c00000)
  object space 84480K, 11% used [0x0000000784400000,0x0000000784d7dbc0,0x0000000789680000)
 PSPermGen       total 21248K, used 3568K [0x0000000779e00000, 0x000000077b2c0000, 0x0000000784400000)
  object space 21248K, 16% used [0x0000000779e00000,0x000000077a17c2f8,0x000000077b2c0000)
}
Event: 2.891 GC heap before
{Heap before GC invocations=8 (full 0):
 PSYoungGen      total 134976K, used 127936K [0x00000007d6c00000, 0x00000007e7520000, 0x0000000800000000)
  eden space 126720K, 100% used [0x00000007d6c00000,0x00000007de7c0000,0x00000007de7c0000)
  from space 8256K, 14% used [0x00000007de7c0000,0x00000007de8f0000,0x00000007defd0000)
  to   space 9024K, 0% used [0x00000007e6c50000,0x00000007e6c50000,0x00000007e7520000)
 ParOldGen       total 84480K, used 9718K [0x0000000784400000, 0x0000000789680000, 0x00000007d6c00000)
  object space 84480K, 11% used [0x0000000784400000,0x0000000784d7dbc0,0x0000000789680000)
 PSPermGen       total 21248K, used 3568K [0x0000000779e00000, 0x000000077b2c0000, 0x0000000784400000)
  object space 21248K, 16% used [0x0000000779e00000,0x000000077a17c2f8,0x000000077b2c0000)
Event: 2.897 GC heap after
Heap after GC invocations=8 (full 0):
 PSYoungGen      total 262144K, used 1696K [0x00000007d6c00000, 0x00000007e75c0000, 0x0000000800000000)
  eden space 253120K, 0% used [0x00000007d6c00000,0x00000007d6c00000,0x00000007e6330000)
  from space 9024K, 18% used [0x00000007e6c50000,0x00000007e6df8000,0x00000007e7520000)
  to   space 9344K, 0% used [0x00000007e6330000,0x00000007e6330000,0x00000007e6c50000)
 ParOldGen       total 84480K, used 9742K [0x0000000784400000, 0x0000000789680000, 0x00000007d6c00000)
  object space 84480K, 11% used [0x0000000784400000,0x0000000784d83bc0,0x0000000789680000)
 PSPermGen       total 21248K, used 3568K [0x0000000779e00000, 0x000000077b2c0000, 0x0000000784400000)
  object space 21248K, 16% used [0x0000000779e00000,0x000000077a17c2f8,0x000000077b2c0000)
}
Event: 136.042 GC heap before
{Heap before GC invocations=9 (full 0):
 PSYoungGen      total 262144K, used 254816K [0x00000007d6c00000, 0x00000007e75c0000, 0x0000000800000000)
  eden space 253120K, 100% used [0x00000007d6c00000,0x00000007e6330000,0x00000007e6330000)
  from space 9024K, 18% used [0x00000007e6c50000,0x00000007e6df8000,0x00000007e7520000)
  to   space 9344K, 0% used [0x00000007e6330000,0x00000007e6330000,0x00000007e6c50000)
 ParOldGen       total 84480K, used 9742K [0x0000000784400000, 0x0000000789680000, 0x00000007d6c00000)
  object space 84480K, 11% used [0x0000000784400000,0x0000000784d83bc0,0x0000000789680000)
 PSPermGen       total 21248K, used 19093K [0x0000000779e00000, 0x000000077b2c0000, 0x0000000784400000)
  object space 21248K, 89% used [0x0000000779e00000,0x000000077b0a5558,0x000000077b2c0000)
Event: 136.050 GC heap after
Heap after GC invocations=9 (full 0):
 PSYoungGen      total 262464K, used 5196K [0x00000007d6c00000, 0x00000007f0900000, 0x0000000800000000)
  eden space 253120K, 0% used [0x00000007d6c00000,0x00000007d6c00000,0x00000007e6330000)
  from space 9344K, 55% used [0x00000007e6330000,0x00000007e68431e8,0x00000007e6c50000)
  to   space 8960K, 0% used [0x00000007f0040000,0x00000007f0040000,0x00000007f0900000)
 ParOldGen       total 84480K, used 9766K [0x0000000784400000, 0x0000000789680000, 0x00000007d6c00000)
  object space 84480K, 11% used [0x0000000784400000,0x0000000784d89bc0,0x0000000789680000)
 PSPermGen       total 21248K, used 19093K [0x0000000779e00000, 0x000000077b2c0000, 0x0000000784400000)
  object space 21248K, 89% used [0x0000000779e00000,0x000000077b0a5558,0x000000077b2c0000)
}

Deoptimization events (10 events):
Event: 49.801 Thread 0x00007fc4780e0800 Uncommon trap -58 fr.pc 0x00007fc4ed114c54
Event: 49.801 Thread 0x00007fc4780e0800 Uncommon trap -58 fr.pc 0x00007fc4ed129d3c
Event: 49.801 Thread 0x00007fc4780e0800 Uncommon trap -58 fr.pc 0x00007fc4ed134288
Event: 49.801 Thread 0x00007fc4780e0800 Uncommon trap -58 fr.pc 0x00007fc4ed129d3c
Event: 49.809 Thread 0x00007fc4780e0800 Uncommon trap -58 fr.pc 0x00007fc4ed129d3c
Event: 49.809 Thread 0x00007fc4780e0800 Uncommon trap -58 fr.pc 0x00007fc4ed134288
Event: 49.809 Thread 0x00007fc4780e0800 Uncommon trap -58 fr.pc 0x00007fc4ed129d3c
Event: 49.809 Thread 0x00007fc4780e0800 Uncommon trap -58 fr.pc 0x00007fc4ed134288
Event: 49.811 Thread 0x00007fc4780e0800 Uncommon trap -58 fr.pc 0x00007fc4ed134288
Event: 77.766 Thread 0x00007fc47c136800 Uncommon trap -83 fr.pc 0x00007fc4ed15fa1c

Internal exceptions (10 events):
Event: 49.805 Thread 0x00007fc4780e0800 Threw 0x00000007e209fee0 at /build/buildd/openjdk-7-7u25-2.3.10/build/openjdk/hotspot/src/share/vm/prims/jvm.cpp:1235
Event: 49.806 Thread 0x00007fc4780e0800 Threw 0x00000007e20a3168 at /build/buildd/openjdk-7-7u25-2.3.10/build/openjdk/hotspot/src/share/vm/prims/jvm.cpp:1235
Event: 49.806 Thread 0x00007fc4780e0800 Threw 0x00000007e20a6480 at /build/buildd/openjdk-7-7u25-2.3.10/build/openjdk/hotspot/src/share/vm/prims/jvm.cpp:1235
Event: 49.807 Thread 0x00007fc4780e0800 Threw 0x00000007e20a9ad8 at /build/buildd/openjdk-7-7u25-2.3.10/build/openjdk/hotspot/src/share/vm/prims/jvm.cpp:1235
Event: 49.807 Thread 0x00007fc4780e0800 Threw 0x00000007e20ac9a0 at /build/buildd/openjdk-7-7u25-2.3.10/build/openjdk/hotspot/src/share/vm/prims/jvm.cpp:1235
Event: 49.807 Thread 0x00007fc4780e0800 Threw 0x00000007e20afa68 at /build/buildd/openjdk-7-7u25-2.3.10/build/openjdk/hotspot/src/share/vm/prims/jvm.cpp:1235
Event: 49.808 Thread 0x00007fc4780e0800 Threw 0x00000007e20b2ba8 at /build/buildd/openjdk-7-7u25-2.3.10/build/openjdk/hotspot/src/share/vm/prims/jvm.cpp:1235
Event: 49.808 Thread 0x00007fc4780e0800 Threw 0x00000007e20b5b80 at /build/buildd/openjdk-7-7u25-2.3.10/build/openjdk/hotspot/src/share/vm/prims/jvm.cpp:1235
Event: 55.162 Thread 0x00007fc4780e0800 Threw 0x00000007e2bc98e8 at /build/buildd/openjdk-7-7u25-2.3.10/build/openjdk/hotspot/src/share/vm/prims/jvm.cpp:1235
Event: 77.766 Thread 0x00007fc47c136800 Implicit null exception at 0x00007fc4ed15a300 to 0x00007fc4ed15f9a1

Events (10 events):
Event: 136.057 Executing VM operation: RevokeBias
Event: 136.057 Executing VM operation: RevokeBias done
Event: 136.057 Executing VM operation: RevokeBias
Event: 136.057 Executing VM operation: RevokeBias done
Event: 136.057 Executing VM operation: RevokeBias
Event: 136.057 Executing VM operation: RevokeBias done
Event: 136.057 Executing VM operation: BulkRevokeBias
Event: 136.057 Executing VM operation: BulkRevokeBias done
Event: 136.058 Executing VM operation: RevokeBias
Event: 136.058 Executing VM operation: RevokeBias done


Dynamic libraries:
00400000-00401000 r-xp 00000000 08:01 4466528                            /usr/lib/jvm/java-7-openjdk-amd64/jre/bin/java
00600000-00601000 r--p 00000000 08:01 4466528                            /usr/lib/jvm/java-7-openjdk-amd64/jre/bin/java
00601000-00602000 rw-p 00001000 08:01 4466528                            /usr/lib/jvm/java-7-openjdk-amd64/jre/bin/java
016d7000-016f8000 rw-p 00000000 00:00 0                                  [heap]
779e00000-77b2c0000 rw-p 00000000 00:00 0 
77b2c0000-784400000 rw-p 00000000 00:00 0 
784400000-789680000 rw-p 00000000 00:00 0 
789680000-7d6c00000 rw-p 00000000 00:00 0 
7d6c00000-7f0900000 rw-p 00000000 00:00 0 
7f0900000-800000000 rw-p 00000000 00:00 0 
7fc468000000-7fc468021000 rw-p 00000000 00:00 0 
7fc468021000-7fc46c000000 ---p 00000000 00:00 0 
7fc46c000000-7fc46c021000 rw-p 00000000 00:00 0 
7fc46c021000-7fc470000000 ---p 00000000 00:00 0 
7fc470000000-7fc470021000 rw-p 00000000 00:00 0 
7fc470021000-7fc474000000 ---p 00000000 00:00 0 
7fc474000000-7fc474021000 rw-p 00000000 00:00 0 
7fc474021000-7fc478000000 ---p 00000000 00:00 0 
7fc478000000-7fc4781ae000 rw-p 00000000 00:00 0 
7fc4781ae000-7fc47c000000 ---p 00000000 00:00 0 
7fc47c000000-7fc47c1b2000 rw-p 00000000 00:00 0 
7fc47c1b2000-7fc480000000 ---p 00000000 00:00 0 
7fc480000000-7fc480021000 rw-p 00000000 00:00 0 
7fc480021000-7fc484000000 ---p 00000000 00:00 0 
7fc484000000-7fc484021000 rw-p 00000000 00:00 0 
7fc484021000-7fc488000000 ---p 00000000 00:00 0 
7fc488000000-7fc488021000 rw-p 00000000 00:00 0 
7fc488021000-7fc48c000000 ---p 00000000 00:00 0 
7fc48d5f0000-7fc48dae5000 rw-p 00000000 00:00 0 
7fc48dae5000-7fc48dae8000 ---p 00000000 00:00 0 
7fc48dae8000-7fc48dbe6000 rw-p 00000000 00:00 0 
7fc48dbe6000-7fc48dbe9000 ---p 00000000 00:00 0 
7fc48dbe9000-7fc48dce7000 rw-p 00000000 00:00 0 
7fc48dce7000-7fc48dcea000 ---p 00000000 00:00 0 
7fc48dcea000-7fc48dde8000 rw-p 00000000 00:00 0 
7fc48dde8000-7fc48ddeb000 ---p 00000000 00:00 0 
7fc48ddeb000-7fc48dee9000 rw-p 00000000 00:00 0                          [stack:11260]
7fc48dee9000-7fc48deec000 ---p 00000000 00:00 0 
7fc48deec000-7fc48dfea000 rw-p 00000000 00:00 0 
7fc48dfea000-7fc48e133000 rw-s 00000000 00:04 1598685255                 /SYSV00000000 (deleted)
7fc48e133000-7fc48e143000 r-xp 00000000 08:01 4466495                    /usr/lib/jvm/java-7-openjdk-amd64/jre/lib/amd64/libnio.so
7fc48e143000-7fc48e343000 ---p 00010000 08:01 4466495                    /usr/lib/jvm/java-7-openjdk-amd64/jre/lib/amd64/libnio.so
7fc48e343000-7fc48e344000 r--p 00010000 08:01 4466495                    /usr/lib/jvm/java-7-openjdk-amd64/jre/lib/amd64/libnio.so
7fc48e344000-7fc48e345000 rw-p 00011000 08:01 4466495                    /usr/lib/jvm/java-7-openjdk-amd64/jre/lib/amd64/libnio.so
7fc48e345000-7fc48e391000 r-xp 00000000 08:01 4466507                    /usr/lib/jvm/java-7-openjdk-amd64/jre/lib/amd64/libfontmanager.so
7fc48e391000-7fc48e590000 ---p 0004c000 08:01 4466507                    /usr/lib/jvm/java-7-openjdk-amd64/jre/lib/amd64/libfontmanager.so
7fc48e590000-7fc48e593000 r--p 0004b000 08:01 4466507                    /usr/lib/jvm/java-7-openjdk-amd64/jre/lib/amd64/libfontmanager.so
7fc48e593000-7fc48e594000 rw-p 0004e000 08:01 4466507                    /usr/lib/jvm/java-7-openjdk-amd64/jre/lib/amd64/libfontmanager.so
7fc48e594000-7fc48e597000 ---p 00000000 00:00 0 
7fc48e597000-7fc48e695000 rw-p 00000000 00:00 0                          [stack:11258]
7fc48e695000-7fc48e698000 ---p 00000000 00:00 0 
7fc48e698000-7fc48e796000 rw-p 00000000 00:00 0                          [stack:11257]
7fc48e796000-7fc48e799000 ---p 00000000 00:00 0 
7fc48e799000-7fc48e897000 rw-p 00000000 00:00 0                          [stack:11256]
7fc48e897000-7fc48e89a000 ---p 00000000 00:00 0 
7fc48e89a000-7fc48e998000 rw-p 00000000 00:00 0                          [stack:11255]
7fc48e998000-7fc48fb07000 r-xp 00000000 08:01 4463905                    /usr/lib/x86_64-linux-gnu/libicudata.so.48.1.1
7fc48fb07000-7fc48fd06000 ---p 0116f000 08:01 4463905                    /usr/lib/x86_64-linux-gnu/libicudata.so.48.1.1
7fc48fd06000-7fc48fd07000 r--p 0116e000 08:01 4463905                    /usr/lib/x86_64-linux-gnu/libicudata.so.48.1.1
7fc48fd07000-7fc48fd08000 rw-p 0116f000 08:01 4463905                    /usr/lib/x86_64-linux-gnu/libicudata.so.48.1.1
7fc48fd08000-7fc48fd0b000 r-xp 00000000 08:01 6033033                    /lib/x86_64-linux-gnu/libgpg-error.so.0.8.0
7fc48fd0b000-7fc48ff0a000 ---p 00003000 08:01 6033033                    /lib/x86_64-linux-gnu/libgpg-error.so.0.8.0
7fc48ff0a000-7fc48ff0b000 r--p 00002000 08:01 6033033                    /lib/x86_64-linux-gnu/libgpg-error.so.0.8.0
7fc48ff0b000-7fc48ff0c000 rw-p 00003000 08:01 6033033                    /lib/x86_64-linux-gnu/libgpg-error.so.0.8.0
7fc48ff0c000-7fc48ff0e000 r-xp 00000000 08:01 6033044                    /lib/x86_64-linux-gnu/libkeyutils.so.1.4
7fc48ff0e000-7fc49010e000 ---p 00002000 08:01 6033044                    /lib/x86_64-linux-gnu/libkeyutils.so.1.4
7fc49010e000-7fc49010f000 r--p 00002000 08:01 6033044                    /lib/x86_64-linux-gnu/libkeyutils.so.1.4
7fc49010f000-7fc490110000 rw-p 00003000 08:01 6033044                    /lib/x86_64-linux-gnu/libkeyutils.so.1.4
7fc490110000-7fc490266000 r-xp 00000000 08:01 4463919                    /usr/lib/x86_64-linux-gnu/libicuuc.so.48.1.1
7fc490266000-7fc490465000 ---p 00156000 08:01 4463919                    /usr/lib/x86_64-linux-gnu/libicuuc.so.48.1.1
7fc490465000-7fc490476000 r--p 00155000 08:01 4463919                    /usr/lib/x86_64-linux-gnu/libicuuc.so.48.1.1
7fc490476000-7fc490477000 rw-p 00166000 08:01 4463919                    /usr/lib/x86_64-linux-gnu/libicuuc.so.48.1.1
7fc490477000-7fc49047b000 rw-p 00000000 00:00 0 
7fc49047b000-7fc4904ad000 r-xp 00000000 08:01 4463911                    /usr/lib/x86_64-linux-gnu/libicule.so.48.1.1
7fc4904ad000-7fc4906ad000 ---p 00032000 08:01 4463911                    /usr/lib/x86_64-linux-gnu/libicule.so.48.1.1
7fc4906ad000-7fc4906af000 r--p 00032000 08:01 4463911                    /usr/lib/x86_64-linux-gnu/libicule.so.48.1.1
7fc4906af000-7fc4906b0000 rw-p 00034000 08:01 4463911                    /usr/lib/x86_64-linux-gnu/libicule.so.48.1.1
7fc4906b0000-7fc4906f3000 r-xp 00000000 08:01 6029336                    /lib/x86_64-linux-gnu/libdbus-1.so.3.7.2
7fc4906f3000-7fc4908f2000 ---p 00043000 08:01 6029336                    /lib/x86_64-linux-gnu/libdbus-1.so.3.7.2
7fc4908f2000-7fc4908f3000 r--p 00042000 08:01 6029336                    /lib/x86_64-linux-gnu/libdbus-1.so.3.7.2
7fc4908f3000-7fc4908f4000 rw-p 00043000 08:01 6029336                    /lib/x86_64-linux-gnu/libdbus-1.so.3.7.2
7fc4908f4000-7fc490906000 r-xp 00000000 08:01 4464044                    /usr/lib/x86_64-linux-gnu/libp11-kit.so.0.0.0
7fc490906000-7fc490b06000 ---p 00012000 08:01 4464044                    /usr/lib/x86_64-linux-gnu/libp11-kit.so.0.0.0
7fc490b06000-7fc490b07000 r--p 00012000 08:01 4464044                    /usr/lib/x86_64-linux-gnu/libp11-kit.so.0.0.0
7fc490b07000-7fc490b08000 rw-p 00013000 08:01 4464044                    /usr/lib/x86_64-linux-gnu/libp11-kit.so.0.0.0
7fc490b08000-7fc490b17000 r-xp 00000000 08:01 4464202                    /usr/lib/x86_64-linux-gnu/libtasn1.so.3.2.0
7fc490b17000-7fc490d17000 ---p 0000f000 08:01 4464202                    /usr/lib/x86_64-linux-gnu/libtasn1.so.3.2.0
7fc490d17000-7fc490d18000 r--p 0000f000 08:01 4464202                    /usr/lib/x86_64-linux-gnu/libtasn1.so.3.2.0
7fc490d18000-7fc490d19000 rw-p 00010000 08:01 4464202                    /usr/lib/x86_64-linux-gnu/libtasn1.so.3.2.0
7fc490d19000-7fc490d93000 r-xp 00000000 08:01 6031341                    /lib/x86_64-linux-gnu/libgcrypt.so.11.7.0
7fc490d93000-7fc490f93000 ---p 0007a000 08:01 6031341                    /lib/x86_64-linux-gnu/libgcrypt.so.11.7.0
7fc490f93000-7fc490f94000 r--p 0007a000 08:01 6031341                    /lib/x86_64-linux-gnu/libgcrypt.so.11.7.0
7fc490f94000-7fc490f97000 rw-p 0007b000 08:01 6031341                    /lib/x86_64-linux-gnu/libgcrypt.so.11.7.0
7fc490f97000-7fc490f9e000 r-xp 00000000 08:01 4463954                    /usr/lib/x86_64-linux-gnu/libkrb5support.so.0.1
7fc490f9e000-7fc49119d000 ---p 00007000 08:01 4463954                    /usr/lib/x86_64-linux-gnu/libkrb5support.so.0.1
7fc49119d000-7fc49119e000 r--p 00006000 08:01 4463954                    /usr/lib/x86_64-linux-gnu/libkrb5support.so.0.1
7fc49119e000-7fc49119f000 rw-p 00007000 08:01 4463954                    /usr/lib/x86_64-linux-gnu/libkrb5support.so.0.1
7fc49119f000-7fc4911a2000 r-xp 00000000 08:01 6033009                    /lib/x86_64-linux-gnu/libcom_err.so.2.1
7fc4911a2000-7fc4913a1000 ---p 00003000 08:01 6033009                    /lib/x86_64-linux-gnu/libcom_err.so.2.1
7fc4913a1000-7fc4913a2000 r--p 00002000 08:01 6033009                    /lib/x86_64-linux-gnu/libcom_err.so.2.1
7fc4913a2000-7fc4913a3000 rw-p 00003000 08:01 6033009                    /lib/x86_64-linux-gnu/libcom_err.so.2.1
7fc4913a3000-7fc4913c9000 r-xp 00000000 08:01 4463948                    /usr/lib/x86_64-linux-gnu/libk5crypto.so.3.1
7fc4913c9000-7fc4915c9000 ---p 00026000 08:01 4463948                    /usr/lib/x86_64-linux-gnu/libk5crypto.so.3.1
7fc4915c9000-7fc4915ca000 r--p 00026000 08:01 4463948                    /usr/lib/x86_64-linux-gnu/libk5crypto.so.3.1
7fc4915ca000-7fc4915cb000 rw-p 00027000 08:01 4463948                    /usr/lib/x86_64-linux-gnu/libk5crypto.so.3.1
7fc4915cb000-7fc4915cc000 rw-p 00000000 00:00 0 
7fc4915cc000-7fc491690000 r-xp 00000000 08:01 4463952                    /usr/lib/x86_64-linux-gnu/libkrb5.so.3.3
7fc491690000-7fc49188f000 ---p 000c4000 08:01 4463952                    /usr/lib/x86_64-linux-gnu/libkrb5.so.3.3
7fc49188f000-7fc491899000 r--p 000c3000 08:01 4463952                    /usr/lib/x86_64-linux-gnu/libkrb5.so.3.3
7fc491899000-7fc49189a000 rw-p 000cd000 08:01 4463952                    /usr/lib/x86_64-linux-gnu/libkrb5.so.3.3
7fc49189a000-7fc49192f000 r-xp 00000000 08:01 4463889                    /usr/lib/x86_64-linux-gnu/libharfbuzz.so.0.913.0
7fc49192f000-7fc491b2e000 ---p 00095000 08:01 4463889                    /usr/lib/x86_64-linux-gnu/libharfbuzz.so.0.913.0
7fc491b2e000-7fc491b30000 r--p 00094000 08:01 4463889                    /usr/lib/x86_64-linux-gnu/libharfbuzz.so.0.913.0
7fc491b30000-7fc491b31000 rw-p 00096000 08:01 4463889                    /usr/lib/x86_64-linux-gnu/libharfbuzz.so.0.913.0
7fc491b31000-7fc491b39000 r-xp 00000000 08:01 4463414                    /usr/lib/x86_64-linux-gnu/libxcb-render.so.0.0.0
7fc491b39000-7fc491d39000 ---p 00008000 08:01 4463414                    /usr/lib/x86_64-linux-gnu/libxcb-render.so.0.0.0
7fc491d39000-7fc491d3a000 r--p 00008000 08:01 4463414                    /usr/lib/x86_64-linux-gnu/libxcb-render.so.0.0.0
7fc491d3a000-7fc491d3b000 rw-p 00009000 08:01 4463414                    /usr/lib/x86_64-linux-gnu/libxcb-render.so.0.0.0
7fc491d3b000-7fc491d3d000 r-xp 00000000 08:01 4464126                    /usr/lib/x86_64-linux-gnu/libxcb-shm.so.0.0.0
7fc491d3d000-7fc491f3c000 ---p 00002000 08:01 4464126                    /usr/lib/x86_64-linux-gnu/libxcb-shm.so.0.0.0
7fc491f3c000-7fc491f3d000 r--p 00001000 08:01 4464126                    /usr/lib/x86_64-linux-gnu/libxcb-shm.so.0.0.0
7fc491f3d000-7fc491f3e000 rw-p 00002000 08:01 4464126                    /usr/lib/x86_64-linux-gnu/libxcb-shm.so.0.0.0
7fc491f3e000-7fc491f63000 r-xp 00000000 08:01 6033109                    /lib/x86_64-linux-gnu/libpng12.so.0.49.0
7fc491f63000-7fc492162000 ---p 00025000 08:01 6033109                    /lib/x86_64-linux-gnu/libpng12.so.0.49.0
7fc492162000-7fc492163000 r--p 00024000 08:01 6033109                    /lib/x86_64-linux-gnu/libpng12.so.0.49.0
7fc492163000-7fc492164000 rw-p 00025000 08:01 6033109                    /lib/x86_64-linux-gnu/libpng12.so.0.49.0
7fc492164000-7fc4921f4000 r-xp 00000000 08:01 4464074                    /usr/lib/x86_64-linux-gnu/libpixman-1.so.0.28.2
7fc4921f4000-7fc4923f3000 ---p 00090000 08:01 4464074                    /usr/lib/x86_64-linux-gnu/libpixman-1.so.0.28.2
7fc4923f3000-7fc4923fa000 r--p 0008f000 08:01 4464074                    /usr/lib/x86_64-linux-gnu/libpixman-1.so.0.28.2
7fc4923fa000-7fc4923fb000 rw-p 00096000 08:01 4464074                    /usr/lib/x86_64-linux-gnu/libpixman-1.so.0.28.2
7fc4923fb000-7fc492400000 r-xp 00000000 08:01 4463438                    /usr/lib/x86_64-linux-gnu/libXdmcp.so.6.0.0
7fc492400000-7fc4925ff000 ---p 00005000 08:01 4463438                    /usr/lib/x86_64-linux-gnu/libXdmcp.so.6.0.0
7fc4925ff000-7fc492600000 r--p 00004000 08:01 4463438                    /usr/lib/x86_64-linux-gnu/libXdmcp.so.6.0.0
7fc492600000-7fc492601000 rw-p 00005000 08:01 4463438                    /usr/lib/x86_64-linux-gnu/libXdmcp.so.6.0.0
7fc492601000-7fc492603000 r-xp 00000000 08:01 4463427                    /usr/lib/x86_64-linux-gnu/libXau.so.6.0.0
7fc492603000-7fc492803000 ---p 00002000 08:01 4463427                    /usr/lib/x86_64-linux-gnu/libXau.so.6.0.0
7fc492803000-7fc492804000 r--p 00002000 08:01 4463427                    /usr/lib/x86_64-linux-gnu/libXau.so.6.0.0
7fc492804000-7fc492805000 rw-p 00003000 08:01 4463427                    /usr/lib/x86_64-linux-gnu/libXau.so.6.0.0
7fc492805000-7fc492814000 r-xp 00000000 08:01 4463513                    /usr/lib/x86_64-linux-gnu/libavahi-client.so.3.2.9
7fc492814000-7fc492a14000 ---p 0000f000 08:01 4463513                    /usr/lib/x86_64-linux-gnu/libavahi-client.so.3.2.9
7fc492a14000-7fc492a15000 r--p 0000f000 08:01 4463513                    /usr/lib/x86_64-linux-gnu/libavahi-client.so.3.2.9
7fc492a15000-7fc492a16000 rw-p 00010000 08:01 4463513                    /usr/lib/x86_64-linux-gnu/libavahi-client.so.3.2.9
7fc492a16000-7fc492a21000 r-xp 00000000 08:01 4463515                    /usr/lib/x86_64-linux-gnu/libavahi-common.so.3.5.3
7fc492a21000-7fc492c20000 ---p 0000b000 08:01 4463515                    /usr/lib/x86_64-linux-gnu/libavahi-common.so.3.5.3
7fc492c20000-7fc492c21000 r--p 0000a000 08:01 4463515                    /usr/lib/x86_64-linux-gnu/libavahi-common.so.3.5.3
7fc492c21000-7fc492c22000 rw-p 0000b000 08:01 4463515                    /usr/lib/x86_64-linux-gnu/libavahi-common.so.3.5.3
7fc492c22000-7fc492cd7000 r-xp 00000000 08:01 4463233                    /usr/lib/x86_64-linux-gnu/libgnutls.so.26.22.6
7fc492cd7000-7fc492ed6000 ---p 000b5000 08:01 4463233                    /usr/lib/x86_64-linux-gnu/libgnutls.so.26.22.6
7fc492ed6000-7fc492edc000 r--p 000b4000 08:01 4463233                    /usr/lib/x86_64-linux-gnu/libgnutls.so.26.22.6
7fc492edc000-7fc492edd000 rw-p 000ba000 08:01 4463233                    /usr/lib/x86_64-linux-gnu/libgnutls.so.26.22.6
7fc492edd000-7fc492ede000 rw-p 00000000 00:00 0 
7fc492ede000-7fc492f19000 r-xp 00000000 08:01 4463791                    /usr/lib/x86_64-linux-gnu/libgssapi_krb5.so.2.2
7fc492f19000-7fc493119000 ---p 0003b000 08:01 4463791                    /usr/lib/x86_64-linux-gnu/libgssapi_krb5.so.2.2
7fc493119000-7fc49311a000 r--p 0003b000 08:01 4463791                    /usr/lib/x86_64-linux-gnu/libgssapi_krb5.so.2.2
7fc49311a000-7fc49311c000 rw-p 0003c000 08:01 4463791                    /usr/lib/x86_64-linux-gnu/libgssapi_krb5.so.2.2
7fc49311c000-7fc493142000 r-xp 00000000 08:01 6033022                    /lib/x86_64-linux-gnu/libexpat.so.1.6.0
7fc493142000-7fc493342000 ---p 00026000 08:01 6033022                    /lib/x86_64-linux-gnu/libexpat.so.1.6.0
7fc493342000-7fc493344000 r--p 00026000 08:01 6033022                    /lib/x86_64-linux-gnu/libexpat.so.1.6.0
7fc493344000-7fc493345000 rw-p 00028000 08:01 6033022                    /lib/x86_64-linux-gnu/libexpat.so.1.6.0
7fc493345000-7fc4933dc000 r-xp 00000000 08:01 4463701                    /usr/lib/x86_64-linux-gnu/libfreetype.so.6.10.0
7fc4933dc000-7fc4935db000 ---p 00097000 08:01 4463701                    /usr/lib/x86_64-linux-gnu/libfreetype.so.6.10.0
7fc4935db000-7fc4935e1000 r--p 00096000 08:01 4463701                    /usr/lib/x86_64-linux-gnu/libfreetype.so.6.10.0
7fc4935e1000-7fc4935e2000 rw-p 0009c000 08:01 4463701                    /usr/lib/x86_64-linux-gnu/libfreetype.so.6.10.0
7fc4935e2000-7fc4935e4000 r-xp 00000000 08:01 4463436                    /usr/lib/x86_64-linux-gnu/libXdamage.so.1.1.0
7fc4935e4000-7fc4937e3000 ---p 00002000 08:01 4463436                    /usr/lib/x86_64-linux-gnu/libXdamage.so.1.1.0
7fc4937e3000-7fc4937e4000 r--p 00001000 08:01 4463436                    /usr/lib/x86_64-linux-gnu/libXdamage.so.1.1.0
7fc4937e4000-7fc4937e5000 rw-p 00002000 08:01 4463436                    /usr/lib/x86_64-linux-gnu/libXdamage.so.1.1.0
7fc4937e5000-7fc4937e7000 r-xp 00000000 08:01 4463432                    /usr/lib/x86_64-linux-gnu/libXcomposite.so.1.0.0
7fc4937e7000-7fc4939e6000 ---p 00002000 08:01 4463432                    /usr/lib/x86_64-linux-gnu/libXcomposite.so.1.0.0
7fc4939e6000-7fc4939e7000 r--p 00001000 08:01 4463432                    /usr/lib/x86_64-linux-gnu/libXcomposite.so.1.0.0
7fc4939e7000-7fc4939e8000 rw-p 00002000 08:01 4463432                    /usr/lib/x86_64-linux-gnu/libXcomposite.so.1.0.0
7fc4939e8000-7fc4939f1000 r-xp 00000000 08:01 4464222                    /usr/lib/x86_64-linux-gnu/libXcursor.so.1.0.2
7fc4939f1000-7fc493bf1000 ---p 00009000 08:01 4464222                    /usr/lib/x86_64-linux-gnu/libXcursor.so.1.0.2
7fc493bf1000-7fc493bf2000 r--p 00009000 08:01 4464222                    /usr/lib/x86_64-linux-gnu/libXcursor.so.1.0.2
7fc493bf2000-7fc493bf3000 rw-p 0000a000 08:01 4464222                    /usr/lib/x86_64-linux-gnu/libXcursor.so.1.0.2
7fc493bf3000-7fc493bfc000 r-xp 00000000 08:01 4463453                    /usr/lib/x86_64-linux-gnu/libXrandr.so.2.2.0
7fc493bfc000-7fc493dfb000 ---p 00009000 08:01 4463453                    /usr/lib/x86_64-linux-gnu/libXrandr.so.2.2.0
7fc493dfb000-7fc493dfc000 r--p 00008000 08:01 4463453                    /usr/lib/x86_64-linux-gnu/libXrandr.so.2.2.0
7fc493dfc000-7fc493dfd000 rw-p 00009000 08:01 4463453                    /usr/lib/x86_64-linux-gnu/libXrandr.so.2.2.0
7fc493dfd000-7fc493dff000 r-xp 00000000 08:01 4463765                    /usr/lib/x86_64-linux-gnu/libXinerama.so.1.0.0
7fc493dff000-7fc493ffe000 ---p 00002000 08:01 4463765                    /usr/lib/x86_64-linux-gnu/libXinerama.so.1.0.0
7fc493ffe000-7fc493fff000 r--p 00001000 08:01 4463765                    /usr/lib/x86_64-linux-gnu/libXinerama.so.1.0.0
7fc493fff000-7fc494000000 rw-p 00002000 08:01 4463765                    /usr/lib/x86_64-linux-gnu/libXinerama.so.1.0.0
7fc494000000-7fc494021000 rw-p 00000000 00:00 0 
7fc494021000-7fc498000000 ---p 00000000 00:00 0 
7fc498000000-7fc499d29000 rw-p 00000000 00:00 0 
7fc499d29000-7fc49c000000 ---p 00000000 00:00 0 
7fc49c08e000-7fc49c0a1000 r-xp 00000000 08:01 4464056                    /usr/lib/x86_64-linux-gnu/libpangoft2-1.0.so.0.3200.5
7fc49c0a1000-7fc49c2a0000 ---p 00013000 08:01 4464056                    /usr/lib/x86_64-linux-gnu/libpangoft2-1.0.so.0.3200.5
7fc49c2a0000-7fc49c2a1000 r--p 00012000 08:01 4464056                    /usr/lib/x86_64-linux-gnu/libpangoft2-1.0.so.0.3200.5
7fc49c2a1000-7fc49c2a2000 rw-p 00013000 08:01 4464056                    /usr/lib/x86_64-linux-gnu/libpangoft2-1.0.so.0.3200.5
7fc49c2a2000-7fc49c3a0000 r-xp 00000000 08:01 4463539                    /usr/lib/x86_64-linux-gnu/libcairo.so.2.11200.14
7fc49c3a0000-7fc49c5a0000 ---p 000fe000 08:01 4463539                    /usr/lib/x86_64-linux-gnu/libcairo.so.2.11200.14
7fc49c5a0000-7fc49c5a3000 r--p 000fe000 08:01 4463539                    /usr/lib/x86_64-linux-gnu/libcairo.so.2.11200.14
7fc49c5a3000-7fc49c5a4000 rw-p 00101000 08:01 4463539                    /usr/lib/x86_64-linux-gnu/libcairo.so.2.11200.14
7fc49c5a4000-7fc49c5a6000 rw-p 00000000 00:00 0 
7fc49c5a6000-7fc49c5c6000 r-xp 00000000 08:01 4463503                    /usr/lib/x86_64-linux-gnu/libatk-1.0.so.0.20809.1
7fc49c5c6000-7fc49c7c5000 ---p 00020000 08:01 4463503                    /usr/lib/x86_64-linux-gnu/libatk-1.0.so.0.20809.1
7fc49c7c5000-7fc49c7c7000 r--p 0001f000 08:01 4463503                    /usr/lib/x86_64-linux-gnu/libatk-1.0.so.0.20809.1
7fc49c7c7000-7fc49c7c8000 rw-p 00021000 08:01 4463503                    /usr/lib/x86_64-linux-gnu/libatk-1.0.so.0.20809.1
7fc49c7c8000-7fc49c7cd000 r-xp 00000000 08:01 4463594                    /usr/lib/x86_64-linux-gnu/libXfixes.so.3.1.0
7fc49c7cd000-7fc49c9cc000 ---p 00005000 08:01 4463594                    /usr/lib/x86_64-linux-gnu/libXfixes.so.3.1.0
7fc49c9cc000-7fc49c9cd000 r--p 00004000 08:01 4463594                    /usr/lib/x86_64-linux-gnu/libXfixes.so.3.1.0
7fc49c9cd000-7fc49c9ce000 rw-p 00005000 08:01 4463594                    /usr/lib/x86_64-linux-gnu/libXfixes.so.3.1.0
7fc49c9ce000-7fc49c9d9000 r-xp 00000000 08:01 4464054                    /usr/lib/x86_64-linux-gnu/libpangocairo-1.0.so.0.3200.5
7fc49c9d9000-7fc49cbd9000 ---p 0000b000 08:01 4464054                    /usr/lib/x86_64-linux-gnu/libpangocairo-1.0.so.0.3200.5
7fc49cbd9000-7fc49cbda000 r--p 0000b000 08:01 4464054                    /usr/lib/x86_64-linux-gnu/libpangocairo-1.0.so.0.3200.5
7fc49cbda000-7fc49cbdb000 rw-p 0000c000 08:01 4464054                    /usr/lib/x86_64-linux-gnu/libpangocairo-1.0.so.0.3200.5
7fc49cbdb000-7fc49cbf8000 r-xp 00000000 08:01 4463244                    /usr/lib/x86_64-linux-gnu/libxcb.so.1.1.0
7fc49cbf8000-7fc49cdf7000 ---p 0001d000 08:01 4463244                    /usr/lib/x86_64-linux-gnu/libxcb.so.1.1.0
7fc49cdf7000-7fc49cdf8000 r--p 0001c000 08:01 4463244                    /usr/lib/x86_64-linux-gnu/libxcb.so.1.1.0
7fc49cdf8000-7fc49cdf9000 rw-p 0001d000 08:01 4463244                    /usr/lib/x86_64-linux-gnu/libxcb.so.1.1.0
7fc49cdf9000-7fc49ce53000 r-xp 00000000 08:01 4463592                    /usr/lib/x86_64-linux-gnu/libcups.so.2
7fc49ce53000-7fc49d053000 ---p 0005a000 08:01 4463592                    /usr/lib/x86_64-linux-gnu/libcups.so.2
7fc49d053000-7fc49d058000 r--p 0005a000 08:01 4463592                    /usr/lib/x86_64-linux-gnu/libcups.so.2
7fc49d058000-7fc49d059000 rw-p 0005f000 08:01 4463592                    /usr/lib/x86_64-linux-gnu/libcups.so.2
7fc49d059000-7fc49d05a000 r-xp 00000000 08:01 4463869                    /usr/lib/x86_64-linux-gnu/libgthread-2.0.so.0.3600.0
7fc49d05a000-7fc49d259000 ---p 00001000 08:01 4463869                    /usr/lib/x86_64-linux-gnu/libgthread-2.0.so.0.3600.0
7fc49d259000-7fc49d25a000 r--p 00000000 08:01 4463869                    /usr/lib/x86_64-linux-gnu/libgthread-2.0.so.0.3600.0
7fc49d25a000-7fc49d25b000 rw-p 00001000 08:01 4463869                    /usr/lib/x86_64-linux-gnu/libgthread-2.0.so.0.3600.0
7fc49d25b000-7fc49d292000 r-xp 00000000 08:01 4463673                    /usr/lib/x86_64-linux-gnu/libfontconfig.so.1.6.2
7fc49d292000-7fc49d492000 ---p 00037000 08:01 4463673                    /usr/lib/x86_64-linux-gnu/libfontconfig.so.1.6.2
7fc49d492000-7fc49d493000 r--p 00037000 08:01 4463673                    /usr/lib/x86_64-linux-gnu/libfontconfig.so.1.6.2
7fc49d493000-7fc49d494000 rw-p 00038000 08:01 4463673                    /usr/lib/x86_64-linux-gnu/libfontconfig.so.1.6.2
7fc49d494000-7fc49d495000 rw-p 00000000 00:00 0 
7fc49d495000-7fc49d4dd000 r-xp 00000000 08:01 4464052                    /usr/lib/x86_64-linux-gnu/libpango-1.0.so.0.3200.5
7fc49d4dd000-7fc49d6dd000 ---p 00048000 08:01 4464052                    /usr/lib/x86_64-linux-gnu/libpango-1.0.so.0.3200.5
7fc49d6dd000-7fc49d6df000 r--p 00048000 08:01 4464052                    /usr/lib/x86_64-linux-gnu/libpango-1.0.so.0.3200.5
7fc49d6df000-7fc49d6e0000 rw-p 0004a000 08:01 4464052                    /usr/lib/x86_64-linux-gnu/libpango-1.0.so.0.3200.5
7fc49d6e0000-7fc49d6fe000 r-xp 00000000 08:01 4463732                    /usr/lib/x86_64-linux-gnu/libgdk_pixbuf-2.0.so.0.2800.0
7fc49d6fe000-7fc49d8fe000 ---p 0001e000 08:01 4463732                    /usr/lib/x86_64-linux-gnu/libgdk_pixbuf-2.0.so.0.2800.0
7fc49d8fe000-7fc49d8ff000 r--p 0001e000 08:01 4463732                    /usr/lib/x86_64-linux-gnu/libgdk_pixbuf-2.0.so.0.2800.0
7fc49d8ff000-7fc49d900000 rw-p 0001f000 08:01 4463732                    /usr/lib/x86_64-linux-gnu/libgdk_pixbuf-2.0.so.0.2800.0
7fc49d900000-7fc49d9ad000 r-xp 00000000 08:01 4463730                    /usr/lib/x86_64-linux-gnu/libgdk-x11-2.0.so.0.2400.17
7fc49d9ad000-7fc49dbac000 ---p 000ad000 08:01 4463730                    /usr/lib/x86_64-linux-gnu/libgdk-x11-2.0.so.0.2400.17
7fc49dbac000-7fc49dbb0000 r--p 000ac000 08:01 4463730                    /usr/lib/x86_64-linux-gnu/libgdk-x11-2.0.so.0.2400.17
7fc49dbb0000-7fc49dbb2000 rw-p 000b0000 08:01 4463730                    /usr/lib/x86_64-linux-gnu/libgdk-x11-2.0.so.0.2400.17
7fc49dbb2000-7fc49dfdf000 r-xp 00000000 08:01 4463873                    /usr/lib/x86_64-linux-gnu/libgtk-x11-2.0.so.0.2400.17
7fc49dfdf000-7fc49e1de000 ---p 0042d000 08:01 4463873                    /usr/lib/x86_64-linux-gnu/libgtk-x11-2.0.so.0.2400.17
7fc49e1de000-7fc49e1e5000 r--p 0042c000 08:01 4463873                    /usr/lib/x86_64-linux-gnu/libgtk-x11-2.0.so.0.2400.17
7fc49e1e5000-7fc49e1e9000 rw-p 00433000 08:01 4463873                    /usr/lib/x86_64-linux-gnu/libgtk-x11-2.0.so.0.2400.17
7fc49e1e9000-7fc49e1eb000 rw-p 00000000 00:00 0 
7fc49e1eb000-7fc49e1f9000 r-xp 00000000 08:01 4463255                    /usr/lib/x86_64-linux-gnu/libXi.so.6.1.0
7fc49e1f9000-7fc49e3f9000 ---p 0000e000 08:01 4463255                    /usr/lib/x86_64-linux-gnu/libXi.so.6.1.0
7fc49e3f9000-7fc49e3fa000 r--p 0000e000 08:01 4463255                    /usr/lib/x86_64-linux-gnu/libXi.so.6.1.0
7fc49e3fa000-7fc49e3fb000 rw-p 0000f000 08:01 4463255                    /usr/lib/x86_64-linux-gnu/libXi.so.6.1.0
7fc49e3fb000-7fc49e400000 r-xp 00000000 08:01 4463461                    /usr/lib/x86_64-linux-gnu/libXtst.so.6.1.0
7fc49e400000-7fc49e5ff000 ---p 00005000 08:01 4463461                    /usr/lib/x86_64-linux-gnu/libXtst.so.6.1.0
7fc49e5ff000-7fc49e600000 r--p 00004000 08:01 4463461                    /usr/lib/x86_64-linux-gnu/libXtst.so.6.1.0
7fc49e600000-7fc49e601000 rw-p 00005000 08:01 4463461                    /usr/lib/x86_64-linux-gnu/libXtst.so.6.1.0
7fc49e601000-7fc49e60a000 r-xp 00000000 08:01 4463395                    /usr/lib/x86_64-linux-gnu/libXrender.so.1.3.0
7fc49e60a000-7fc49e809000 ---p 00009000 08:01 4463395                    /usr/lib/x86_64-linux-gnu/libXrender.so.1.3.0
7fc49e809000-7fc49e80a000 r--p 00008000 08:01 4463395                    /usr/lib/x86_64-linux-gnu/libXrender.so.1.3.0
7fc49e80a000-7fc49e80b000 rw-p 00009000 08:01 4463395                    /usr/lib/x86_64-linux-gnu/libXrender.so.1.3.0
7fc49e80b000-7fc49e93f000 r-xp 00000000 08:01 4463247                    /usr/lib/x86_64-linux-gnu/libX11.so.6.3.0
7fc49e93f000-7fc49eb3f000 ---p 00134000 08:01 4463247                    /usr/lib/x86_64-linux-gnu/libX11.so.6.3.0
7fc49eb3f000-7fc49eb40000 r--p 00134000 08:01 4463247                    /usr/lib/x86_64-linux-gnu/libX11.so.6.3.0
7fc49eb40000-7fc49eb45000 rw-p 00135000 08:01 4463247                    /usr/lib/x86_64-linux-gnu/libX11.so.6.3.0
7fc49eb45000-7fc49eb56000 r-xp 00000000 08:01 4463249                    /usr/lib/x86_64-linux-gnu/libXext.so.6.4.0
7fc49eb56000-7fc49ed55000 ---p 00011000 08:01 4463249                    /usr/lib/x86_64-linux-gnu/libXext.so.6.4.0
7fc49ed55000-7fc49ed56000 r--p 00010000 08:01 4463249                    /usr/lib/x86_64-linux-gnu/libXext.so.6.4.0
7fc49ed56000-7fc49ed57000 rw-p 00011000 08:01 4463249                    /usr/lib/x86_64-linux-gnu/libXext.so.6.4.0
7fc49ed57000-7fc49edaa000 r-xp 00000000 08:01 4467641                    /usr/lib/jvm/java-7-openjdk-amd64/jre/lib/amd64/xawt/libmawt.so
7fc49edaa000-7fc49efa9000 ---p 00053000 08:01 4467641                    /usr/lib/jvm/java-7-openjdk-amd64/jre/lib/amd64/xawt/libmawt.so
7fc49efa9000-7fc49efaa000 r--p 00052000 08:01 4467641                    /usr/lib/jvm/java-7-openjdk-amd64/jre/lib/amd64/xawt/libmawt.so
7fc49efaa000-7fc49efad000 rw-p 00053000 08:01 4467641                    /usr/lib/jvm/java-7-openjdk-amd64/jre/lib/amd64/xawt/libmawt.so
7fc49efad000-7fc49efae000 rw-p 00000000 00:00 0 
7fc49efae000-7fc49f04f000 r-xp 00000000 08:01 4466511                    /usr/lib/jvm/java-7-openjdk-amd64/jre/lib/amd64/libawt.so
7fc49f04f000-7fc49f24f000 ---p 000a1000 08:01 4466511                    /usr/lib/jvm/java-7-openjdk-amd64/jre/lib/amd64/libawt.so
7fc49f24f000-7fc49f250000 r--p 000a1000 08:01 4466511                    /usr/lib/jvm/java-7-openjdk-amd64/jre/lib/amd64/libawt.so
7fc49f250000-7fc49f25b000 rw-p 000a2000 08:01 4466511                    /usr/lib/jvm/java-7-openjdk-amd64/jre/lib/amd64/libawt.so
7fc49f25b000-7fc49f280000 rw-p 00000000 00:00 0 
7fc49f280000-7fc49f2bd000 r-xp 00000000 08:01 6033097                    /lib/x86_64-linux-gnu/libpcre.so.3.13.1
7fc49f2bd000-7fc49f4bd000 ---p 0003d000 08:01 6033097                    /lib/x86_64-linux-gnu/libpcre.so.3.13.1
7fc49f4bd000-7fc49f4be000 r--p 0003d000 08:01 6033097                    /lib/x86_64-linux-gnu/libpcre.so.3.13.1
7fc49f4be000-7fc49f4bf000 rw-p 0003e000 08:01 6033097                    /lib/x86_64-linux-gnu/libpcre.so.3.13.1
7fc49f4bf000-7fc49f4c6000 r-xp 00000000 08:01 4463665                    /usr/lib/x86_64-linux-gnu/libffi.so.6.0.1
7fc49f4c6000-7fc49f6c5000 ---p 00007000 08:01 4463665                    /usr/lib/x86_64-linux-gnu/libffi.so.6.0.1
7fc49f6c5000-7fc49f6c6000 r--p 00006000 08:01 4463665                    /usr/lib/x86_64-linux-gnu/libffi.so.6.0.1
7fc49f6c6000-7fc49f6c7000 rw-p 00007000 08:01 4463665                    /usr/lib/x86_64-linux-gnu/libffi.so.6.0.1
7fc49f6c7000-7fc49f6dd000 r-xp 00000000 08:01 6033120                    /lib/x86_64-linux-gnu/libresolv-2.17.so
7fc49f6dd000-7fc49f8dd000 ---p 00016000 08:01 6033120                    /lib/x86_64-linux-gnu/libresolv-2.17.so
7fc49f8dd000-7fc49f8de000 r--p 00016000 08:01 6033120                    /lib/x86_64-linux-gnu/libresolv-2.17.so
7fc49f8de000-7fc49f8df000 rw-p 00017000 08:01 6033120                    /lib/x86_64-linux-gnu/libresolv-2.17.so
7fc49f8df000-7fc49f8e1000 rw-p 00000000 00:00 0 
7fc49f8e1000-7fc49f8fe000 r-xp 00000000 08:01 6033124                    /lib/x86_64-linux-gnu/libselinux.so.1
7fc49f8fe000-7fc49fafd000 ---p 0001d000 08:01 6033124                    /lib/x86_64-linux-gnu/libselinux.so.1
7fc49fafd000-7fc49fafe000 r--p 0001c000 08:01 6033124                    /lib/x86_64-linux-gnu/libselinux.so.1
7fc49fafe000-7fc49faff000 rw-p 0001d000 08:01 6033124                    /lib/x86_64-linux-gnu/libselinux.so.1
7fc49faff000-7fc49fb00000 rw-p 00000000 00:00 0 
7fc49fb00000-7fc49fb03000 r-xp 00000000 08:01 4463758                    /usr/lib/x86_64-linux-gnu/libgmodule-2.0.so.0.3600.0
7fc49fb03000-7fc49fd02000 ---p 00003000 08:01 4463758                    /usr/lib/x86_64-linux-gnu/libgmodule-2.0.so.0.3600.0
7fc49fd02000-7fc49fd03000 r--p 00002000 08:01 4463758                    /usr/lib/x86_64-linux-gnu/libgmodule-2.0.so.0.3600.0
7fc49fd03000-7fc49fd04000 rw-p 00003000 08:01 4463758                    /usr/lib/x86_64-linux-gnu/libgmodule-2.0.so.0.3600.0
7fc49fd04000-7fc49fdfd000 r-xp 00000000 08:01 6033031                    /lib/x86_64-linux-gnu/libglib-2.0.so.0.3600.0
7fc49fdfd000-7fc49fffd000 ---p 000f9000 08:01 6033031                    /lib/x86_64-linux-gnu/libglib-2.0.so.0.3600.0
7fc49fffd000-7fc49fffe000 r--p 000f9000 08:01 6033031                    /lib/x86_64-linux-gnu/libglib-2.0.so.0.3600.0
7fc49fffe000-7fc49ffff000 rw-p 000fa000 08:01 6033031                    /lib/x86_64-linux-gnu/libglib-2.0.so.0.3600.0
7fc49ffff000-7fc4a0000000 rw-p 00000000 00:00 0 
7fc4a0000000-7fc4a0021000 rw-p 00000000 00:00 0 
7fc4a0021000-7fc4a4000000 ---p 00000000 00:00 0 
7fc4a4000000-7fc4a4021000 rw-p 00000000 00:00 0 
7fc4a4021000-7fc4a8000000 ---p 00000000 00:00 0 
7fc4a8000000-7fc4a95ac000 rw-p 00000000 00:00 0 
7fc4a95ac000-7fc4ac000000 ---p 00000000 00:00 0 
7fc4ac000000-7fc4ac021000 rw-p 00000000 00:00 0 
7fc4ac021000-7fc4b0000000 ---p 00000000 00:00 0 
7fc4b0000000-7fc4b0021000 rw-p 00000000 00:00 0 
7fc4b0021000-7fc4b4000000 ---p 00000000 00:00 0 
7fc4b4000000-7fc4b574c000 rw-p 00000000 00:00 0 
7fc4b574c000-7fc4b8000000 ---p 00000000 00:00 0 
7fc4b8000000-7fc4b8021000 rw-p 00000000 00:00 0 
7fc4b8021000-7fc4bc000000 ---p 00000000 00:00 0 
7fc4bc000000-7fc4bc021000 rw-p 00000000 00:00 0 
7fc4bc021000-7fc4c0000000 ---p 00000000 00:00 0 
7fc4c0000000-7fc4c0021000 rw-p 00000000 00:00 0 
7fc4c0021000-7fc4c4000000 ---p 00000000 00:00 0 
7fc4c404f000-7fc4c4052000 ---p 00000000 00:00 0 
7fc4c4052000-7fc4c4150000 rw-p 00000000 00:00 0                          [stack:11254]
7fc4c4150000-7fc4c419d000 r-xp 00000000 08:01 4463774                    /usr/lib/x86_64-linux-gnu/libgobject-2.0.so.0.3600.0
7fc4c419d000-7fc4c439d000 ---p 0004d000 08:01 4463774                    /usr/lib/x86_64-linux-gnu/libgobject-2.0.so.0.3600.0
7fc4c439d000-7fc4c439e000 r--p 0004d000 08:01 4463774                    /usr/lib/x86_64-linux-gnu/libgobject-2.0.so.0.3600.0
7fc4c439e000-7fc4c439f000 rw-p 0004e000 08:01 4463774                    /usr/lib/x86_64-linux-gnu/libgobject-2.0.so.0.3600.0
7fc4c439f000-7fc4c44f2000 r-xp 00000000 08:01 4463748                    /usr/lib/x86_64-linux-gnu/libgio-2.0.so.0.3600.0
7fc4c44f2000-7fc4c46f1000 ---p 00153000 08:01 4463748                    /usr/lib/x86_64-linux-gnu/libgio-2.0.so.0.3600.0
7fc4c46f1000-7fc4c46f5000 r--p 00152000 08:01 4463748                    /usr/lib/x86_64-linux-gnu/libgio-2.0.so.0.3600.0
7fc4c46f5000-7fc4c46f7000 rw-p 00156000 08:01 4463748                    /usr/lib/x86_64-linux-gnu/libgio-2.0.so.0.3600.0
7fc4c46f7000-7fc4c46f9000 rw-p 00000000 00:00 0 
7fc4c46f9000-7fc4c470f000 r-xp 00000000 08:01 4466499                    /usr/lib/jvm/java-7-openjdk-amd64/jre/lib/amd64/libnet.so
7fc4c470f000-7fc4c490e000 ---p 00016000 08:01 4466499                    /usr/lib/jvm/java-7-openjdk-amd64/jre/lib/amd64/libnet.so
7fc4c490e000-7fc4c490f000 r--p 00015000 08:01 4466499                    /usr/lib/jvm/java-7-openjdk-amd64/jre/lib/amd64/libnet.so
7fc4c490f000-7fc4c4910000 rw-p 00016000 08:01 4466499                    /usr/lib/jvm/java-7-openjdk-amd64/jre/lib/amd64/libnet.so
7fc4c4910000-7fc4c4913000 ---p 00000000 00:00 0 
7fc4c4913000-7fc4c5111000 rw-p 00000000 00:00 0                          [stack:11229]
7fc4c5111000-7fc4c5112000 ---p 00000000 00:00 0 
7fc4c5112000-7fc4c5912000 rw-p 00000000 00:00 0                          [stack:11228]
7fc4c5912000-7fc4c5913000 ---p 00000000 00:00 0 
7fc4c5913000-7fc4c6113000 rw-p 00000000 00:00 0                          [stack:11227]
7fc4c6113000-7fc4c6980000 r-xp 00000000 08:01 17042183                   /home/shiwali/soar/SoarSuite/out/libSoar.so
7fc4c6980000-7fc4c6b7f000 ---p 0086d000 08:01 17042183                   /home/shiwali/soar/SoarSuite/out/libSoar.so
7fc4c6b7f000-7fc4c6b90000 r--p 0086c000 08:01 17042183                   /home/shiwali/soar/SoarSuite/out/libSoar.so
7fc4c6b90000-7fc4c6ba7000 rw-p 0087d000 08:01 17042183                   /home/shiwali/soar/SoarSuite/out/libSoar.so
7fc4c6ba7000-7fc4c6bab000 rw-p 00000000 00:00 0 
7fc4c6bab000-7fc4c6c04000 r-xp 00000000 08:01 17042226                   /home/shiwali/soar/SoarSuite/out/libJava_sml_ClientInterface.so
7fc4c6c04000-7fc4c6e04000 ---p 00059000 08:01 17042226                   /home/shiwali/soar/SoarSuite/out/libJava_sml_ClientInterface.so
7fc4c6e04000-7fc4c6e05000 r--p 00059000 08:01 17042226                   /home/shiwali/soar/SoarSuite/out/libJava_sml_ClientInterface.so
7fc4c6e05000-7fc4c6e07000 rw-p 0005a000 08:01 17042226                   /home/shiwali/soar/SoarSuite/out/libJava_sml_ClientInterface.so
7fc4c6e07000-7fc4c6e08000 ---p 00000000 00:00 0 
7fc4c6e08000-7fc4c6f08000 rw-p 00000000 00:00 0                          [stack:11226]
7fc4c6f08000-7fc4c6f0b000 ---p 00000000 00:00 0 
7fc4c6f0b000-7fc4c7009000 rw-p 00000000 00:00 0                          [stack:11225]
7fc4c7009000-7fc4c700c000 ---p 00000000 00:00 0 
7fc4c700c000-7fc4c710a000 rw-p 00000000 00:00 0                          [stack:11224]
7fc4c710a000-7fc4c710d000 ---p 00000000 00:00 0 
7fc4c710d000-7fc4c720b000 rw-p 00000000 00:00 0                          [stack:11223]
7fc4c720b000-7fc4c720e000 ---p 00000000 00:00 0 
7fc4c720e000-7fc4c730c000 rw-p 00000000 00:00 0                          [stack:11222]
7fc4c730c000-7fc4c79ed000 r--p 00000000 08:01 4462580                    /usr/lib/locale/locale-archive
7fc4c79ed000-7fc4c79f0000 ---p 00000000 00:00 0 
7fc4c79f0000-7fc4c7aee000 rw-p 00000000 00:00 0                          [stack:11221]
7fc4c7aee000-7fc4c7af1000 ---p 00000000 00:00 0 
7fc4c7af1000-7fc4c7bef000 rw-p 00000000 00:00 0                          [stack:11220]
7fc4c7bef000-7fc4c7bf0000 ---p 00000000 00:00 0 
7fc4c7bf0000-7fc4cc000000 rw-p 00000000 00:00 0                          [stack:11219]
7fc4cc000000-7fc4cc021000 rw-p 00000000 00:00 0 
7fc4cc021000-7fc4d0000000 ---p 00000000 00:00 0 
7fc4d0000000-7fc4d0021000 rw-p 00000000 00:00 0 
7fc4d0021000-7fc4d4000000 ---p 00000000 00:00 0 
7fc4d4000000-7fc4d4021000 rw-p 00000000 00:00 0 
7fc4d4021000-7fc4d8000000 ---p 00000000 00:00 0 
7fc4d8000000-7fc4d8021000 rw-p 00000000 00:00 0 
7fc4d8021000-7fc4dc000000 ---p 00000000 00:00 0 
7fc4dc000000-7fc4dc021000 rw-p 00000000 00:00 0 
7fc4dc021000-7fc4e0000000 ---p 00000000 00:00 0 
7fc4e0000000-7fc4e0021000 rw-p 00000000 00:00 0 
7fc4e0021000-7fc4e4000000 ---p 00000000 00:00 0 
7fc4e4000000-7fc4e4021000 rw-p 00000000 00:00 0 
7fc4e4021000-7fc4e8000000 ---p 00000000 00:00 0 
7fc4e8000000-7fc4e8021000 rw-p 00000000 00:00 0 
7fc4e8021000-7fc4ec000000 ---p 00000000 00:00 0 
7fc4ec099000-7fc4ec09d000 r--s 00035000 08:01 17957274                   /home/shiwali/InstructoSoarII/probcog2/java/probcog.jar
7fc4ec09d000-7fc4ec0af000 r--s 00294000 08:01 16910059                   /home/shiwali/InstructoSoarII/april/java/april.jar
7fc4ec0af000-7fc4ed000000 rw-p 00000000 00:00 0 
7fc4ed000000-7fc4ed270000 rwxp 00000000 00:00 0 
7fc4ed270000-7fc4f061c000 rw-p 00000000 00:00 0 
7fc4f061c000-7fc4f4000000 ---p 00000000 00:00 0 
7fc4f4000000-7fc4f4003000 r--s 0001d000 08:01 5378582                    /usr/local/share/java/lcm.jar
7fc4f4003000-7fc4f4016000 r--s 00211000 08:01 17171916                   /home/shiwali/soar/SoarSuite/out/java/swt.jar
7fc4f4016000-7fc4f4db7000 rw-p 00000000 00:00 0 
7fc4f4db7000-7fc4f4f64000 r--s 01cec000 08:01 4466481                    /usr/lib/jvm/java-7-openjdk-amd64/jre/lib/rt.jar
7fc4f4f64000-7fc4f6050000 rw-p 00000000 00:00 0 
7fc4f6050000-7fc4f6051000 ---p 00000000 00:00 0 
7fc4f6051000-7fc4f6151000 rw-p 00000000 00:00 0                          [stack:11218]
7fc4f6151000-7fc4f6152000 ---p 00000000 00:00 0 
7fc4f6152000-7fc4f6252000 rw-p 00000000 00:00 0                          [stack:11217]
7fc4f6252000-7fc4f6253000 ---p 00000000 00:00 0 
7fc4f6253000-7fc4f6353000 rw-p 00000000 00:00 0                          [stack:11216]
7fc4f6353000-7fc4f6354000 ---p 00000000 00:00 0 
7fc4f6354000-7fc4f6454000 rw-p 00000000 00:00 0                          [stack:11215]
7fc4f6454000-7fc4f6455000 ---p 00000000 00:00 0 
7fc4f6455000-7fc4f6555000 rw-p 00000000 00:00 0                          [stack:11214]
7fc4f6555000-7fc4f6556000 ---p 00000000 00:00 0 
7fc4f6556000-7fc4f6656000 rw-p 00000000 00:00 0                          [stack:11213]
7fc4f6656000-7fc4f6657000 ---p 00000000 00:00 0 
7fc4f6657000-7fc4f6757000 rw-p 00000000 00:00 0                          [stack:11212]
7fc4f6757000-7fc4f6758000 ---p 00000000 00:00 0 
7fc4f6758000-7fc4f6863000 rw-p 00000000 00:00 0                          [stack:11211]
7fc4f6863000-7fc4f68ab000 rw-p 00000000 00:00 0 
7fc4f68ab000-7fc4f68d5000 rw-p 00000000 00:00 0 
7fc4f68d5000-7fc4f6b3f000 rw-p 00000000 00:00 0 
7fc4f6b3f000-7fc4f6b4a000 rw-p 00000000 00:00 0 
7fc4f6b4a000-7fc4f6b92000 rw-p 00000000 00:00 0 
7fc4f6b92000-7fc4f6bbc000 rw-p 00000000 00:00 0 
7fc4f6bbc000-7fc4f6e26000 rw-p 00000000 00:00 0 
7fc4f6e26000-7fc4f6ef5000 rw-p 00000000 00:00 0 
7fc4f6ef5000-7fc4f6f70000 rw-p 00000000 00:00 0 
7fc4f6f70000-7fc4f6f71000 rw-p 00000000 00:00 0 
7fc4f6f71000-7fc4f6f79000 r-xp 00000000 08:01 4466526                    /usr/lib/jvm/java-7-openjdk-amd64/jre/lib/amd64/libzip.so
7fc4f6f79000-7fc4f7178000 ---p 00008000 08:01 4466526                    /usr/lib/jvm/java-7-openjdk-amd64/jre/lib/amd64/libzip.so
7fc4f7178000-7fc4f7179000 r--p 00007000 08:01 4466526                    /usr/lib/jvm/java-7-openjdk-amd64/jre/lib/amd64/libzip.so
7fc4f7179000-7fc4f717a000 rw-p 00008000 08:01 4466526                    /usr/lib/jvm/java-7-openjdk-amd64/jre/lib/amd64/libzip.so
7fc4f717a000-7fc4f7186000 r-xp 00000000 08:01 6033075                    /lib/x86_64-linux-gnu/libnss_files-2.17.so
7fc4f7186000-7fc4f7385000 ---p 0000c000 08:01 6033075                    /lib/x86_64-linux-gnu/libnss_files-2.17.so
7fc4f7385000-7fc4f7386000 r--p 0000b000 08:01 6033075                    /lib/x86_64-linux-gnu/libnss_files-2.17.so
7fc4f7386000-7fc4f7387000 rw-p 0000c000 08:01 6033075                    /lib/x86_64-linux-gnu/libnss_files-2.17.so
7fc4f7387000-7fc4f7392000 r-xp 00000000 08:01 6033079                    /lib/x86_64-linux-gnu/libnss_nis-2.17.so
7fc4f7392000-7fc4f7591000 ---p 0000b000 08:01 6033079                    /lib/x86_64-linux-gnu/libnss_nis-2.17.so
7fc4f7591000-7fc4f7592000 r--p 0000a000 08:01 6033079                    /lib/x86_64-linux-gnu/libnss_nis-2.17.so
7fc4f7592000-7fc4f7593000 rw-p 0000b000 08:01 6033079                    /lib/x86_64-linux-gnu/libnss_nis-2.17.so
7fc4f7593000-7fc4f75aa000 r-xp 00000000 08:01 6033069                    /lib/x86_64-linux-gnu/libnsl-2.17.so
7fc4f75aa000-7fc4f77a9000 ---p 00017000 08:01 6033069                    /lib/x86_64-linux-gnu/libnsl-2.17.so
7fc4f77a9000-7fc4f77aa000 r--p 00016000 08:01 6033069                    /lib/x86_64-linux-gnu/libnsl-2.17.so
7fc4f77aa000-7fc4f77ab000 rw-p 00017000 08:01 6033069                    /lib/x86_64-linux-gnu/libnsl-2.17.so
7fc4f77ab000-7fc4f77ad000 rw-p 00000000 00:00 0 
7fc4f77ad000-7fc4f77b5000 r-xp 00000000 08:01 6033071                    /lib/x86_64-linux-gnu/libnss_compat-2.17.so
7fc4f77b5000-7fc4f79b4000 ---p 00008000 08:01 6033071                    /lib/x86_64-linux-gnu/libnss_compat-2.17.so
7fc4f79b4000-7fc4f79b5000 r--p 00007000 08:01 6033071                    /lib/x86_64-linux-gnu/libnss_compat-2.17.so
7fc4f79b5000-7fc4f79b6000 rw-p 00008000 08:01 6033071                    /lib/x86_64-linux-gnu/libnss_compat-2.17.so
7fc4f79b6000-7fc4f79e1000 r-xp 00000000 08:01 4466510                    /usr/lib/jvm/java-7-openjdk-amd64/jre/lib/amd64/libjava.so
7fc4f79e1000-7fc4f7be0000 ---p 0002b000 08:01 4466510                    /usr/lib/jvm/java-7-openjdk-amd64/jre/lib/amd64/libjava.so
7fc4f7be0000-7fc4f7be1000 r--p 0002a000 08:01 4466510                    /usr/lib/jvm/java-7-openjdk-amd64/jre/lib/amd64/libjava.so
7fc4f7be1000-7fc4f7be3000 rw-p 0002b000 08:01 4466510                    /usr/lib/jvm/java-7-openjdk-amd64/jre/lib/amd64/libjava.so
7fc4f7be3000-7fc4f7bf2000 r-xp 00000000 08:01 4466509                    /usr/lib/jvm/java-7-openjdk-amd64/jre/lib/amd64/libverify.so
7fc4f7bf2000-7fc4f7df1000 ---p 0000f000 08:01 4466509                    /usr/lib/jvm/java-7-openjdk-amd64/jre/lib/amd64/libverify.so
7fc4f7df1000-7fc4f7df3000 r--p 0000e000 08:01 4466509                    /usr/lib/jvm/java-7-openjdk-amd64/jre/lib/amd64/libverify.so
7fc4f7df3000-7fc4f7df4000 rw-p 00010000 08:01 4466509                    /usr/lib/jvm/java-7-openjdk-amd64/jre/lib/amd64/libverify.so
7fc4f7df4000-7fc4f7dfb000 r-xp 00000000 08:01 6033122                    /lib/x86_64-linux-gnu/librt-2.17.so
7fc4f7dfb000-7fc4f7ffa000 ---p 00007000 08:01 6033122                    /lib/x86_64-linux-gnu/librt-2.17.so
7fc4f7ffa000-7fc4f7ffb000 r--p 00006000 08:01 6033122                    /lib/x86_64-linux-gnu/librt-2.17.so
7fc4f7ffb000-7fc4f7ffc000 rw-p 00007000 08:01 6033122                    /lib/x86_64-linux-gnu/librt-2.17.so
7fc4f7ffc000-7fc4f8010000 r-xp 00000000 08:01 6033027                    /lib/x86_64-linux-gnu/libgcc_s.so.1
7fc4f8010000-7fc4f8210000 ---p 00014000 08:01 6033027                    /lib/x86_64-linux-gnu/libgcc_s.so.1
7fc4f8210000-7fc4f8211000 r--p 00014000 08:01 6033027                    /lib/x86_64-linux-gnu/libgcc_s.so.1
7fc4f8211000-7fc4f8212000 rw-p 00015000 08:01 6033027                    /lib/x86_64-linux-gnu/libgcc_s.so.1
7fc4f8212000-7fc4f8315000 r-xp 00000000 08:01 6033050                    /lib/x86_64-linux-gnu/libm-2.17.so
7fc4f8315000-7fc4f8515000 ---p 00103000 08:01 6033050                    /lib/x86_64-linux-gnu/libm-2.17.so
7fc4f8515000-7fc4f8516000 r--p 00103000 08:01 6033050                    /lib/x86_64-linux-gnu/libm-2.17.so
7fc4f8516000-7fc4f8517000 rw-p 00104000 08:01 6033050                    /lib/x86_64-linux-gnu/libm-2.17.so
7fc4f8517000-7fc4f85fc000 r-xp 00000000 08:01 4464194                    /usr/lib/x86_64-linux-gnu/libstdc++.so.6.0.17
7fc4f85fc000-7fc4f87fb000 ---p 000e5000 08:01 4464194                    /usr/lib/x86_64-linux-gnu/libstdc++.so.6.0.17
7fc4f87fb000-7fc4f8803000 r--p 000e4000 08:01 4464194                    /usr/lib/x86_64-linux-gnu/libstdc++.so.6.0.17
7fc4f8803000-7fc4f8805000 rw-p 000ec000 08:01 4464194                    /usr/lib/x86_64-linux-gnu/libstdc++.so.6.0.17
7fc4f8805000-7fc4f881a000 rw-p 00000000 00:00 0 
7fc4f881a000-7fc4f920a000 r-xp 00000000 08:01 4466515                    /usr/lib/jvm/java-7-openjdk-amd64/jre/lib/amd64/server/libjvm.so
7fc4f920a000-7fc4f9409000 ---p 009f0000 08:01 4466515                    /usr/lib/jvm/java-7-openjdk-amd64/jre/lib/amd64/server/libjvm.so
7fc4f9409000-7fc4f9488000 r--p 009ef000 08:01 4466515                    /usr/lib/jvm/java-7-openjdk-amd64/jre/lib/amd64/server/libjvm.so
7fc4f9488000-7fc4f94ab000 rw-p 00a6e000 08:01 4466515                    /usr/lib/jvm/java-7-openjdk-amd64/jre/lib/amd64/server/libjvm.so
7fc4f94ab000-7fc4f94d6000 rw-p 00000000 00:00 0 
7fc4f94d6000-7fc4f94ec000 r-xp 00000000 08:01 6033155                    /lib/x86_64-linux-gnu/libz.so.1.2.7
7fc4f94ec000-7fc4f96eb000 ---p 00016000 08:01 6033155                    /lib/x86_64-linux-gnu/libz.so.1.2.7
7fc4f96eb000-7fc4f96ec000 r--p 00015000 08:01 6033155                    /lib/x86_64-linux-gnu/libz.so.1.2.7
7fc4f96ec000-7fc4f96ed000 rw-p 00016000 08:01 6033155                    /lib/x86_64-linux-gnu/libz.so.1.2.7
7fc4f96ed000-7fc4f9705000 r-xp 00000000 08:01 6033114                    /lib/x86_64-linux-gnu/libpthread-2.17.so
7fc4f9705000-7fc4f9904000 ---p 00018000 08:01 6033114                    /lib/x86_64-linux-gnu/libpthread-2.17.so
7fc4f9904000-7fc4f9905000 r--p 00017000 08:01 6033114                    /lib/x86_64-linux-gnu/libpthread-2.17.so
7fc4f9905000-7fc4f9906000 rw-p 00018000 08:01 6033114                    /lib/x86_64-linux-gnu/libpthread-2.17.so
7fc4f9906000-7fc4f990a000 rw-p 00000000 00:00 0 
7fc4f990a000-7fc4f990d000 r-xp 00000000 08:01 6033017                    /lib/x86_64-linux-gnu/libdl-2.17.so
7fc4f990d000-7fc4f9b0c000 ---p 00003000 08:01 6033017                    /lib/x86_64-linux-gnu/libdl-2.17.so
7fc4f9b0c000-7fc4f9b0d000 r--p 00002000 08:01 6033017                    /lib/x86_64-linux-gnu/libdl-2.17.so
7fc4f9b0d000-7fc4f9b0e000 rw-p 00003000 08:01 6033017                    /lib/x86_64-linux-gnu/libdl-2.17.so
7fc4f9b0e000-7fc4f9ccc000 r-xp 00000000 08:01 6033002                    /lib/x86_64-linux-gnu/libc-2.17.so
7fc4f9ccc000-7fc4f9ecb000 ---p 001be000 08:01 6033002                    /lib/x86_64-linux-gnu/libc-2.17.so
7fc4f9ecb000-7fc4f9ecf000 r--p 001bd000 08:01 6033002                    /lib/x86_64-linux-gnu/libc-2.17.so
7fc4f9ecf000-7fc4f9ed1000 rw-p 001c1000 08:01 6033002                    /lib/x86_64-linux-gnu/libc-2.17.so
7fc4f9ed1000-7fc4f9ed6000 rw-p 00000000 00:00 0 
7fc4f9ed6000-7fc4f9ee3000 r-xp 00000000 08:01 4466492                    /usr/lib/jvm/java-7-openjdk-amd64/jre/lib/amd64/jli/libjli.so
7fc4f9ee3000-7fc4fa0e2000 ---p 0000d000 08:01 4466492                    /usr/lib/jvm/java-7-openjdk-amd64/jre/lib/amd64/jli/libjli.so
7fc4fa0e2000-7fc4fa0e3000 r--p 0000c000 08:01 4466492                    /usr/lib/jvm/java-7-openjdk-amd64/jre/lib/amd64/jli/libjli.so
7fc4fa0e3000-7fc4fa0e4000 rw-p 0000d000 08:01 4466492                    /usr/lib/jvm/java-7-openjdk-amd64/jre/lib/amd64/jli/libjli.so
7fc4fa0e4000-7fc4fa107000 r-xp 00000000 08:01 6032978                    /lib/x86_64-linux-gnu/ld-2.17.so
7fc4fa108000-7fc4fa109000 rw-p 00000000 00:00 0 
7fc4fa109000-7fc4fa112000 r--s 0005a000 08:01 17171911                   /home/shiwali/soar/SoarSuite/out/java/soar-debugger.jar
7fc4fa112000-7fc4fa113000 r--s 00001000 08:01 17171909                   /home/shiwali/soar/SoarSuite/out/java/soar-debugger-api.jar
7fc4fa113000-7fc4fa114000 r--s 00003000 08:01 17171915                   /home/shiwali/soar/SoarSuite/out/java/swtgraphics2d.jar
7fc4fa114000-7fc4fa116000 r--s 00005000 08:01 17171902                   /home/shiwali/soar/SoarSuite/out/java/soar-smljava.jar
7fc4fa116000-7fc4fa11f000 r--s 000bc000 08:01 4465943                    /usr/lib/jvm/java-7-openjdk-common/jre/lib/resources.jar
7fc4fa11f000-7fc4fa122000 r--s 00018000 08:01 17171891                   /home/shiwali/soar/SoarSuite/out/java/sml.jar
7fc4fa122000-7fc4fa126000 r--s 00085000 08:01 4465946                    /usr/lib/jvm/java-7-openjdk-common/jre/lib/ext/localedata.jar
7fc4fa126000-7fc4fa130000 rw-p 00000000 00:00 0 
7fc4fa130000-7fc4fa1e6000 rw-p 00000000 00:00 0 
7fc4fa1e6000-7fc4fa1e9000 ---p 00000000 00:00 0 
7fc4fa1e9000-7fc4fa2ec000 rw-p 00000000 00:00 0                          [stack:11210]
7fc4fa2ec000-7fc4fa2ef000 r--s 00032000 08:01 4465947                    /usr/lib/jvm/java-7-openjdk-common/jre/lib/ext/sunjce_provider.jar
7fc4fa2ef000-7fc4fa2f2000 r--s 0003c000 08:01 4465945                    /usr/lib/jvm/java-7-openjdk-common/jre/lib/ext/sunpkcs11.jar
7fc4fa2f2000-7fc4fa2f3000 r--s 00002000 08:01 4465949                    /usr/lib/jvm/java-7-openjdk-common/jre/lib/ext/dnsns.jar
7fc4fa2f3000-7fc4fa2f6000 r--s 0000f000 08:01 4465948                    /usr/lib/jvm/java-7-openjdk-common/jre/lib/ext/pulse-java.jar
7fc4fa2f6000-7fc4fa2f8000 r--s 00006000 08:01 4855577                    /usr/share/java/java-atk-wrapper.jar
7fc4fa2f8000-7fc4fa2fa000 r--s 00012000 08:01 4465950                    /usr/lib/jvm/java-7-openjdk-common/jre/lib/ext/zipfs.jar
7fc4fa2fa000-7fc4fa302000 rw-s 00000000 08:01 6160697                    /tmp/hsperfdata_shiwali/11205
7fc4fa302000-7fc4fa303000 rw-p 00000000 00:00 0 
7fc4fa303000-7fc4fa304000 r--p 00000000 00:00 0 
7fc4fa304000-7fc4fa306000 rw-p 00000000 00:00 0 
7fc4fa306000-7fc4fa307000 r--p 00022000 08:01 6032978                    /lib/x86_64-linux-gnu/ld-2.17.so
7fc4fa307000-7fc4fa309000 rw-p 00023000 08:01 6032978                    /lib/x86_64-linux-gnu/ld-2.17.so
7fff4e802000-7fff4e823000 rw-p 00000000 00:00 0                          [stack]
7fff4e934000-7fff4e936000 r-xp 00000000 00:00 0                          [vdso]
ffffffffff600000-ffffffffff601000 r-xp 00000000 00:00 0                  [vsyscall]

VM Arguments:
jvm_args: -Dfile.encoding=UTF-8 
java_command: edu.umich.insoar.InSoar
Launcher Type: SUN_STANDARD

Environment Variables:
PATH=/usr/lib/lightdm/lightdm:/usr/local/sbin:/usr/local/bin:/usr/sbin:/usr/bin:/sbin:/bin:/usr/games:/usr/local/games
LD_LIBRARY_PATH=/home/shiwali/soar/SoarSuite/out
SHELL=/bin/bash
DISPLAY=:0

Signal Handlers:
SIGSEGV: [libjvm.so+0x84f410], sa_mask[0]=0x7ffbfeff, sa_flags=0x10000004
SIGBUS: [libjvm.so+0x84f410], sa_mask[0]=0x7ffbfeff, sa_flags=0x10000004
SIGFPE: [libjvm.so+0x6f19a0], sa_mask[0]=0x7ffbfeff, sa_flags=0x10000004
SIGPIPE: SIG_IGN, sa_mask[0]=0x00000000, sa_flags=0x00000000
SIGXFSZ: [libjvm.so+0x6f19a0], sa_mask[0]=0x7ffbfeff, sa_flags=0x10000004
SIGILL: [libjvm.so+0x6f19a0], sa_mask[0]=0x7ffbfeff, sa_flags=0x10000004
SIGUSR1: SIG_DFL, sa_mask[0]=0x00000000, sa_flags=0x00000000
SIGUSR2: [libjvm.so+0x6f1d70], sa_mask[0]=0x00000004, sa_flags=0x10000004
SIGHUP: [libjvm.so+0x6f1eb0], sa_mask[0]=0x7ffbfeff, sa_flags=0x10000004
SIGINT: [libjvm.so+0x6f1eb0], sa_mask[0]=0x7ffbfeff, sa_flags=0x10000004
SIGTERM: [libjvm.so+0x6f1eb0], sa_mask[0]=0x7ffbfeff, sa_flags=0x10000004
SIGQUIT: [libjvm.so+0x6f1eb0], sa_mask[0]=0x7ffbfeff, sa_flags=0x10000004


---------------  S Y S T E M  ---------------

OS:Ubuntu 13.04 (raring)
uname:Linux 3.8.0-27-generic #40-Ubuntu SMP Tue Jul 9 00:17:05 UTC 2013 x86_64
libc:glibc 2.17 NPTL 2.17 
rlimit: STACK 8192k, CORE 0k, NPROC 63152, NOFILE 4096, AS infinity
load average:2.31 2.27 2.24

/proc/meminfo:
MemTotal:        8102568 kB
MemFree:         1049268 kB
Buffers:          136996 kB
Cached:          1717200 kB
SwapCached:            0 kB
Active:          5200960 kB
Inactive:        1178200 kB
Active(anon):    4529252 kB
Inactive(anon):    83128 kB
Active(file):     671708 kB
Inactive(file):  1095072 kB
Unevictable:         100 kB
Mlocked:             100 kB
SwapTotal:       8311804 kB
SwapFree:        8311804 kB
Dirty:              1640 kB
Writeback:             0 kB
AnonPages:       4524488 kB
Mapped:           292292 kB
Shmem:             87420 kB
Slab:             153000 kB
SReclaimable:     106360 kB
SUnreclaim:        46640 kB
KernelStack:        6384 kB
PageTables:        55976 kB
NFS_Unstable:          0 kB
Bounce:                0 kB
WritebackTmp:          0 kB
CommitLimit:    12363088 kB
Committed_AS:   10104468 kB
VmallocTotal:   34359738367 kB
VmallocUsed:      101216 kB
VmallocChunk:   34359609784 kB
HardwareCorrupted:     0 kB
AnonHugePages:         0 kB
HugePages_Total:       0
HugePages_Free:        0
HugePages_Rsvd:        0
HugePages_Surp:        0
Hugepagesize:       2048 kB
DirectMap4k:       68412 kB
DirectMap2M:     8245248 kB


CPU:total 8 (4 cores per cpu, 2 threads per core) family 6 model 30 stepping 5, cmov, cx8, fxsr, mmx, sse, sse2, sse3, ssse3, sse4.1, sse4.2, popcnt, ht, tsc, tscinvbit

/proc/cpuinfo:
processor	: 0
vendor_id	: GenuineIntel
cpu family	: 6
model		: 30
model name	: Intel(R) Core(TM) i7 CPU         860  @ 2.80GHz
stepping	: 5
microcode	: 0x5
cpu MHz		: 1197.000
cache size	: 8192 KB
physical id	: 0
siblings	: 8
core id		: 0
cpu cores	: 4
apicid		: 0
initial apicid	: 0
fpu		: yes
fpu_exception	: yes
cpuid level	: 11
wp		: yes
flags		: fpu vme de pse tsc msr pae mce cx8 apic sep mtrr pge mca cmov pat pse36 clflush dts acpi mmx fxsr sse sse2 ss ht tm pbe syscall nx rdtscp lm constant_tsc arch_perfmon pebs bts rep_good nopl xtopology nonstop_tsc aperfmperf pni dtes64 monitor ds_cpl vmx smx est tm2 ssse3 cx16 xtpr pdcm sse4_1 sse4_2 popcnt lahf_lm ida dtherm tpr_shadow vnmi flexpriority ept vpid
bogomips	: 5585.99
clflush size	: 64
cache_alignment	: 64
address sizes	: 36 bits physical, 48 bits virtual
power management:

processor	: 1
vendor_id	: GenuineIntel
cpu family	: 6
model		: 30
model name	: Intel(R) Core(TM) i7 CPU         860  @ 2.80GHz
stepping	: 5
microcode	: 0x5
cpu MHz		: 2794.000
cache size	: 8192 KB
physical id	: 0
siblings	: 8
core id		: 1
cpu cores	: 4
apicid		: 2
initial apicid	: 2
fpu		: yes
fpu_exception	: yes
cpuid level	: 11
wp		: yes
flags		: fpu vme de pse tsc msr pae mce cx8 apic sep mtrr pge mca cmov pat pse36 clflush dts acpi mmx fxsr sse sse2 ss ht tm pbe syscall nx rdtscp lm constant_tsc arch_perfmon pebs bts rep_good nopl xtopology nonstop_tsc aperfmperf pni dtes64 monitor ds_cpl vmx smx est tm2 ssse3 cx16 xtpr pdcm sse4_1 sse4_2 popcnt lahf_lm ida dtherm tpr_shadow vnmi flexpriority ept vpid
bogomips	: 5585.99
clflush size	: 64
cache_alignment	: 64
address sizes	: 36 bits physical, 48 bits virtual
power management:

processor	: 2
vendor_id	: GenuineIntel
cpu family	: 6
model		: 30
model name	: Intel(R) Core(TM) i7 CPU         860  @ 2.80GHz
stepping	: 5
microcode	: 0x5
cpu MHz		: 1197.000
cache size	: 8192 KB
physical id	: 0
siblings	: 8
core id		: 2
cpu cores	: 4
apicid		: 4
initial apicid	: 4
fpu		: yes
fpu_exception	: yes
cpuid level	: 11
wp		: yes
flags		: fpu vme de pse tsc msr pae mce cx8 apic sep mtrr pge mca cmov pat pse36 clflush dts acpi mmx fxsr sse sse2 ss ht tm pbe syscall nx rdtscp lm constant_tsc arch_perfmon pebs bts rep_good nopl xtopology nonstop_tsc aperfmperf pni dtes64 monitor ds_cpl vmx smx est tm2 ssse3 cx16 xtpr pdcm sse4_1 sse4_2 popcnt lahf_lm ida dtherm tpr_shadow vnmi flexpriority ept vpid
bogomips	: 5585.99
clflush size	: 64
cache_alignment	: 64
address sizes	: 36 bits physical, 48 bits virtual
power management:

processor	: 3
vendor_id	: GenuineIntel
cpu family	: 6
model		: 30
model name	: Intel(R) Core(TM) i7 CPU         860  @ 2.80GHz
stepping	: 5
microcode	: 0x5
cpu MHz		: 1197.000
cache size	: 8192 KB
physical id	: 0
siblings	: 8
core id		: 3
cpu cores	: 4
apicid		: 6
initial apicid	: 6
fpu		: yes
fpu_exception	: yes
cpuid level	: 11
wp		: yes
flags		: fpu vme de pse tsc msr pae mce cx8 apic sep mtrr pge mca cmov pat pse36 clflush dts acpi mmx fxsr sse sse2 ss ht tm pbe syscall nx rdtscp lm constant_tsc arch_perfmon pebs bts rep_good nopl xtopology nonstop_tsc aperfmperf pni dtes64 monitor ds_cpl vmx smx est tm2 ssse3 cx16 xtpr pdcm sse4_1 sse4_2 popcnt lahf_lm ida dtherm tpr_shadow vnmi flexpriority ept vpid
bogomips	: 5585.99
clflush size	: 64
cache_alignment	: 64
address sizes	: 36 bits physical, 48 bits virtual
power management:

processor	: 4
vendor_id	: GenuineIntel
cpu family	: 6
model		: 30
model name	: Intel(R) Core(TM) i7 CPU         860  @ 2.80GHz
stepping	: 5
microcode	: 0x5
cpu MHz		: 1197.000
cache size	: 8192 KB
physical id	: 0
siblings	: 8
core id		: 0
cpu cores	: 4
apicid		: 1
initial apicid	: 1
fpu		: yes
fpu_exception	: yes
cpuid level	: 11
wp		: yes
flags		: fpu vme de pse tsc msr pae mce cx8 apic sep mtrr pge mca cmov pat pse36 clflush dts acpi mmx fxsr sse sse2 ss ht tm pbe syscall nx rdtscp lm constant_tsc arch_perfmon pebs bts rep_good nopl xtopology nonstop_tsc aperfmperf pni dtes64 monitor ds_cpl vmx smx est tm2 ssse3 cx16 xtpr pdcm sse4_1 sse4_2 popcnt lahf_lm ida dtherm tpr_shadow vnmi flexpriority ept vpid
bogomips	: 5585.99
clflush size	: 64
cache_alignment	: 64
address sizes	: 36 bits physical, 48 bits virtual
power management:

processor	: 5
vendor_id	: GenuineIntel
cpu family	: 6
model		: 30
model name	: Intel(R) Core(TM) i7 CPU         860  @ 2.80GHz
stepping	: 5
microcode	: 0x5
cpu MHz		: 1197.000
cache size	: 8192 KB
physical id	: 0
siblings	: 8
core id		: 1
cpu cores	: 4
apicid		: 3
initial apicid	: 3
fpu		: yes
fpu_exception	: yes
cpuid level	: 11
wp		: yes
flags		: fpu vme de pse tsc msr pae mce cx8 apic sep mtrr pge mca cmov pat pse36 clflush dts acpi mmx fxsr sse sse2 ss ht tm pbe syscall nx rdtscp lm constant_tsc arch_perfmon pebs bts rep_good nopl xtopology nonstop_tsc aperfmperf pni dtes64 monitor ds_cpl vmx smx est tm2 ssse3 cx16 xtpr pdcm sse4_1 sse4_2 popcnt lahf_lm ida dtherm tpr_shadow vnmi flexpriority ept vpid
bogomips	: 5585.99
clflush size	: 64
cache_alignment	: 64
address sizes	: 36 bits physical, 48 bits virtual
power management:

processor	: 6
vendor_id	: GenuineIntel
cpu family	: 6
model		: 30
model name	: Intel(R) Core(TM) i7 CPU         860  @ 2.80GHz
stepping	: 5
microcode	: 0x5
cpu MHz		: 2794.000
cache size	: 8192 KB
physical id	: 0
siblings	: 8
core id		: 2
cpu cores	: 4
apicid		: 5
initial apicid	: 5
fpu		: yes
fpu_exception	: yes
cpuid level	: 11
wp		: yes
flags		: fpu vme de pse tsc msr pae mce cx8 apic sep mtrr pge mca cmov pat pse36 clflush dts acpi mmx fxsr sse sse2 ss ht tm pbe syscall nx rdtscp lm constant_tsc arch_perfmon pebs bts rep_good nopl xtopology nonstop_tsc aperfmperf pni dtes64 monitor ds_cpl vmx smx est tm2 ssse3 cx16 xtpr pdcm sse4_1 sse4_2 popcnt lahf_lm ida dtherm tpr_shadow vnmi flexpriority ept vpid
bogomips	: 5585.99
clflush size	: 64
cache_alignment	: 64
address sizes	: 36 bits physical, 48 bits virtual
power management:

processor	: 7
vendor_id	: GenuineIntel
cpu family	: 6
model		: 30
model name	: Intel(R) Core(TM) i7 CPU         860  @ 2.80GHz
stepping	: 5
microcode	: 0x5
cpu MHz		: 2794.000
cache size	: 8192 KB
physical id	: 0
siblings	: 8
core id		: 3
cpu cores	: 4
apicid		: 7
initial apicid	: 7
fpu		: yes
fpu_exception	: yes
cpuid level	: 11
wp		: yes
flags		: fpu vme de pse tsc msr pae mce cx8 apic sep mtrr pge mca cmov pat pse36 clflush dts acpi mmx fxsr sse sse2 ss ht tm pbe syscall nx rdtscp lm constant_tsc arch_perfmon pebs bts rep_good nopl xtopology nonstop_tsc aperfmperf pni dtes64 monitor ds_cpl vmx smx est tm2 ssse3 cx16 xtpr pdcm sse4_1 sse4_2 popcnt lahf_lm ida dtherm tpr_shadow vnmi flexpriority ept vpid
bogomips	: 5585.99
clflush size	: 64
cache_alignment	: 64
address sizes	: 36 bits physical, 48 bits virtual
power management:



Memory: 4k page, physical 8102568k(1049268k free), swap 8311804k(8311804k free)

vm_info: OpenJDK 64-Bit Server VM (23.7-b01) for linux-amd64 JRE (1.7.0_25-b30), built on Jul  3 2013 13:50:39 by "buildd" with gcc 4.7.3

time: Mon Aug 19 16:18:35 2013
elapsed time: 520 seconds

