#
# A fatal error has been detected by the Java Runtime Environment:
#
#  SIGSEGV (0xb) at pc=0x00007f65e905afba, pid=13238, tid=140074856486656
#
# JRE version: OpenJDK Runtime Environment (7.0_51) (build 1.7.0_51-b00)
# Java VM: OpenJDK 64-Bit Server VM (24.45-b08 mixed mode linux-amd64 compressed oops)
# Problematic frame:
# v  ~BufferBlob::jni_fast_GetLongField
#
# Failed to write core dump. Core dumps have been disabled. To enable core dumping, try "ulimit -c unlimited" before starting Java again
#
# If you would like to submit a bug report, please include
# instructions on how to reproduce the bug and visit:
#   http://icedtea.classpath.org/bugzilla
# The crash happened outside the Java Virtual Machine in native code.
# See problematic frame for where to report the bug.
#

---------------  T H R E A D  ---------------

Current thread (0x00007f65ec2d1800):  JavaThread "AWT-XAWT" daemon [_thread_in_native, id=13291, stack(0x00007f65b8001000,0x00007f65b8102000)]

siginfo:si_signo=SIGSEGV: si_errno=0, si_code=1 (SEGV_MAPERR), si_addr=0x0000000000000000

Registers:
RAX=0x00007f65f2c5fec0, RBX=0x00007f65ec2d19d8, RCX=0x00007f65f30d52e0, RDX=0x0000000000000042
RSP=0x00007f65b8100778, RBP=0x00007f65b81007a0, RSI=0x0000000000000000, RDI=0x00007f65ec2d19d8
R8 =0x0000000000000005, R9 =0x0000000000000000, R10=0x00000000000003a6, R11=0x00007f65f270f340
R12=0x00007f6574025520, R13=0x0000000000000000, R14=0x00007f65c55534a0, R15=0x00007f65ec2d1800
RIP=0x00007f65e905afba, EFLAGS=0x0000000000010246, CSGSFS=0x0000000000000033, ERR=0x0000000000000004
  TRAPNO=0x000000000000000e

Top of Stack: (sp=0x00007f65b8100778)
0x00007f65b8100778:   00007f65c531f584 000000077a7e71a8
0x00007f65b8100788:   00007f6574025520 000000077a7e71a8
0x00007f65b8100798:   00007f65b8100890 0000000000000000
0x00007f65b81007a8:   00007f65c4e19cc8 000000077a7e71a8
0x00007f65b81007b8:   00007f65b81007e0 0000000000000000
0x00007f65b81007c8:   00007f65c4e11ba3 000000077a7e71a8
0x00007f65b81007d8:   00007f65c531409f 00007f65b8100858
0x00007f65b81007e8:   00007f65e9012738 0000000000000000
0x00007f65b81007f8:   00000007851552b8 0000000785155360
0x00007f65b8100808:   00007f65b8100808 000000077acf804e
0x00007f65b8100818:   00007f65b8100818 0000000000000000
0x00007f65b8100828:   00007f65b8100890 000000077a7ed328
0x00007f65b8100838:   0000000000000000 000000077a7e71a8
0x00007f65b8100848:   0000000000000000 00007f65b81008a0
0x00007f65b8100858:   00000000f0a65a9f 00007f65e9189cc0
0x00007f65b8100868:   000000078512e2f8 00007f65e900ecc0
0x00007f65b8100878:   0000000000000000 0000000000000000
0x00007f65b8100888:   00007f657c002dc0 00000000f0a65a9f
0x00007f65b8100898:   00007f65e9189cc0 f0a65a9f8517ed30
0x00007f65b81008a8:   0000000500000000 0000000785155258
0x00007f65b81008b8:   0000000000000000 000000078532d4f8
0x00007f65b81008c8:   00007f65f09ffcc9 0000000000000000
0x00007f65b81008d8:   00000007851552b8 00007f65f09ffcc9
0x00007f65b81008e8:   00007f657c002dc0 00007f657c002dc0
0x00007f65b81008f8:   0000000000000000 0000000000000019
0x00007f65b8100908:   0000000000000000 00007f65b8100970
0x00007f65b8100918:   00007f65e9006058 deaddeaf00000000
0x00007f65b8100928:   0000000785155258 00007f65b8100930
0x00007f65b8100938:   000000077a7d2f0d 00007f65b8100980
0x00007f65b8100948:   000000077a7dfef8 0000000000000000
0x00007f65b8100958:   000000077a7d2f28 00007f65b8100920
0x00007f65b8100968:   00007f65b8100980 00007f65b81009c8 

Instructions: (pc=0x00007f65e905afba)
0x00007f65e905af9a:   00 00 00 00 00 00 44 8b 15 3d f2 c2 09 4c 8b ce
0x00007f65e905afaa:   41 f6 c2 01 0f 85 2e 00 00 00 4d 33 ca 4d 33 ca
0x00007f65e905afba:   4d 8b 09 4c 8b da 49 c1 eb 02 4b 8b 04 19 49 bb
0x00007f65e905afca:   e4 a1 c8 f2 65 7f 00 00 4c 33 d8 4c 33 d8 45 3b 

Register to memory mapping:

RAX=0x00007f65f2c5fec0: <offset 0xd7bec0> in /usr/lib/jvm/java-7-openjdk-amd64/jre/lib/amd64/server/libjvm.so at 0x00007f65f1ee4000
RBX=0x00007f65ec2d19d8 is an unknown value
RCX=0x00007f65f30d52e0: <offset 0x2182e0> in /lib/x86_64-linux-gnu/libpthread.so.0 at 0x00007f65f2ebd000
RDX=0x0000000000000042 is an unknown value
RSP=0x00007f65b8100778 is pointing into the stack for thread: 0x00007f65ec2d1800
RBP=0x00007f65b81007a0 is pointing into the stack for thread: 0x00007f65ec2d1800
RSI=0x0000000000000000 is an unknown value
RDI=0x00007f65ec2d19d8 is an unknown value
R8 =0x0000000000000005 is an unknown value
R9 =0x0000000000000000 is an unknown value
R10=0x00000000000003a6 is an unknown value
R11=0x00007f65f270f340: <offset 0x82b340> in /usr/lib/jvm/java-7-openjdk-amd64/jre/lib/amd64/server/libjvm.so at 0x00007f65f1ee4000
R12=0x00007f6574025520 is an unknown value
R13=0x0000000000000000 is an unknown value
R14=0x00007f65c55534a0: <offset 0x2544a0> in /usr/lib/jvm/java-7-openjdk-amd64/jre/lib/amd64/xawt/libmawt.so at 0x00007f65c52ff000
R15=0x00007f65ec2d1800 is a thread


Stack: [0x00007f65b8001000,0x00007f65b8102000],  sp=0x00007f65b8100778,  free space=1021k
Native frames: (J=compiled Java code, j=interpreted, Vv=VM code, C=native code)
v  ~BufferBlob::jni_fast_GetLongField

Java frames: (J=compiled Java code, j=interpreted, Vv=VM code)
j  sun.awt.X11.XlibWrapper.XFilterEvent(JJ)Z+0
J  sun.awt.X11.XToolkit.run(Z)V
j  sun.awt.X11.XToolkit.run()V+5
j  java.lang.Thread.run()V+11
v  ~StubRoutines::call_stub

---------------  P R O C E S S  ---------------

Java Threads: ( => current thread )
  0x00007f6578034800 JavaThread "Thread-3" [_thread_in_native, id=13262, stack(0x00007f65c67fd000,0x00007f65c6ffe000)]
  0x00007f6578074800 JavaThread "TimerQueue" daemon [_thread_blocked, id=13295, stack(0x00007f65893a8000,0x00007f65894a9000)]
  0x00007f65ec00a000 JavaThread "DestroyJavaVM" [_thread_blocked, id=13239, stack(0x00007f65f39ad000,0x00007f65f3aae000)]
  0x00007f65ec31f800 JavaThread "AWT-EventQueue-0" [_thread_blocked, id=13293, stack(0x00007f6589b59000,0x00007f6589c5a000)]
  0x00007f65ec2fa000 JavaThread "AWT-Shutdown" [_thread_blocked, id=13292, stack(0x00007f6589c5a000,0x00007f6589d5b000)]
=>0x00007f65ec2d1800 JavaThread "AWT-XAWT" daemon [_thread_in_native, id=13291, stack(0x00007f65b8001000,0x00007f65b8102000)]
  0x00007f65ec2ae800 JavaThread "Java2D Disposer" daemon [_thread_blocked, id=13290, stack(0x00007f65c405b000,0x00007f65c415c000)]
  0x00007f65ec21e800 JavaThread "Thread-0" daemon [_thread_in_native, id=13289, stack(0x00007f65d009b000,0x00007f65d019c000)]
  0x00007f65ec0af000 JavaThread "Service Thread" daemon [_thread_blocked, id=13258, stack(0x00007f65d158c000,0x00007f65d168d000)]
  0x00007f65ec0ac800 JavaThread "C2 CompilerThread1" daemon [_thread_blocked, id=13257, stack(0x00007f65d168d000,0x00007f65d178e000)]
  0x00007f65ec0aa000 JavaThread "C2 CompilerThread0" daemon [_thread_blocked, id=13256, stack(0x00007f65d178e000,0x00007f65d188f000)]
  0x00007f65ec0a7800 JavaThread "Signal Dispatcher" daemon [_thread_blocked, id=13255, stack(0x00007f65d188f000,0x00007f65d1990000)]
  0x00007f65ec084800 JavaThread "Finalizer" daemon [_thread_blocked, id=13254, stack(0x00007f65d2071000,0x00007f65d2172000)]
  0x00007f65ec082800 JavaThread "Reference Handler" daemon [_thread_blocked, id=13253, stack(0x00007f65d2172000,0x00007f65d2273000)]

Other Threads:
  0x00007f65ec07e000 VMThread [stack: 0x00007f65d2273000,0x00007f65d2374000] [id=13252]
  0x00007f65ec0ba000 WatcherThread [stack: 0x00007f65d148b000,0x00007f65d158c000] [id=13259]

VM state:not at safepoint (normal execution)

VM Mutex/Monitor currently owned by a thread: None

Heap
 PSYoungGen      total 24064K, used 11256K [0x00000007d6c80000, 0x00000007f9880000, 0x0000000800000000)
  eden space 23552K, 47% used [0x00000007d6c80000,0x00000007d776e2c8,0x00000007d8380000)
  from space 512K, 12% used [0x00000007f9780000,0x00000007f9790000,0x00000007f9800000)
  to   space 512K, 0% used [0x00000007f9800000,0x00000007f9800000,0x00000007f9880000)
 ParOldGen       total 83968K, used 16355K [0x0000000784600000, 0x0000000789800000, 0x00000007d6c80000)
  object space 83968K, 19% used [0x0000000784600000,0x00000007855f8ed0,0x0000000789800000)
 PSPermGen       total 21504K, used 16670K [0x000000077a000000, 0x000000077b500000, 0x0000000784600000)
  object space 21504K, 77% used [0x000000077a000000,0x000000077b047950,0x000000077b500000)

Card table byte_map: [0x00007f65f0209000,0x00007f65f063a000] byte_map_base: 0x00007f65ec639000

Polling page: 0x00007f65f3ad3000

Code Cache  [0x00007f65e9000000, 0x00007f65e9270000, 0x00007f65ec000000)
 total_blobs=909 nmethods=368 adapters=495 free_code_cache=47588Kb largest_free_block=48681856

Compilation events (10 events):
Event: 75874.516 Thread 0x00007f65ec0ac800  381             sun.awt.X11.XWrapperBase::<init> (5 bytes)
Event: 75874.517 Thread 0x00007f65ec0ac800 nmethod 381 0x00007f65e9171250 code [0x00007f65e9171380, 0x00007f65e91713d8]
Event: 77974.783 Thread 0x00007f65ec0aa000  382             java.awt.Component$1::getParent (5 bytes)
Event: 77974.798 Thread 0x00007f65ec0ac800  383             java.awt.Component::getCursor_NoClientCode (30 bytes)
Event: 77974.871 Thread 0x00007f65ec0aa000 nmethod 382 0x00007f65e9171450 code [0x00007f65e9171580, 0x00007f65e91715f8]
Event: 77974.871 Thread 0x00007f65ec0ac800 nmethod 383 0x00007f65e916e010 code [0x00007f65e916e160, 0x00007f65e916e228]
Event: 98298.903 Thread 0x00007f65ec0ac800  384             sun.awt.X11.XAtom::getAtom (5 bytes)
Event: 98298.903 Thread 0x00007f65ec0ac800 nmethod 384 0x00007f65e916d810 code [0x00007f65e916d940, 0x00007f65e916d998]
Event: 146991.687 Thread 0x00007f65ec0aa000  385             sun.awt.X11.XDropTargetEventProcessor::doProcessEvent (221 bytes)
Event: 146991.940 Thread 0x00007f65ec0aa000 nmethod 385 0x00007f65e917bd10 code [0x00007f65e917c080, 0x00007f65e917cf38]

GC Heap History (10 events):
Event: 146293.122 GC heap before
{Heap before GC invocations=381 (full 0):
 PSYoungGen      total 24064K, used 23616K [0x00000007d6c80000, 0x00000007f9880000, 0x0000000800000000)
  eden space 23552K, 100% used [0x00000007d6c80000,0x00000007d8380000,0x00000007d8380000)
  from space 512K, 12% used [0x00000007f9800000,0x00000007f9810000,0x00000007f9880000)
  to   space 512K, 0% used [0x00000007f9780000,0x00000007f9780000,0x00000007f9800000)
 ParOldGen       total 83968K, used 16355K [0x0000000784600000, 0x0000000789800000, 0x00000007d6c80000)
  object space 83968K, 19% used [0x0000000784600000,0x00000007855f8ed0,0x0000000789800000)
 PSPermGen       total 21504K, used 16636K [0x000000077a000000, 0x000000077b500000, 0x0000000784600000)
  object space 21504K, 77% used [0x000000077a000000,0x000000077b03f320,0x000000077b500000)
Event: 146293.124 GC heap after
Heap after GC invocations=381 (full 0):
 PSYoungGen      total 24064K, used 64K [0x00000007d6c80000, 0x00000007f9880000, 0x0000000800000000)
  eden space 23552K, 0% used [0x00000007d6c80000,0x00000007d6c80000,0x00000007d8380000)
  from space 512K, 12% used [0x00000007f9780000,0x00000007f9790000,0x00000007f9800000)
  to   space 512K, 0% used [0x00000007f9800000,0x00000007f9800000,0x00000007f9880000)
 ParOldGen       total 83968K, used 16355K [0x0000000784600000, 0x0000000789800000, 0x00000007d6c80000)
  object space 83968K, 19% used [0x0000000784600000,0x00000007855f8ed0,0x0000000789800000)
 PSPermGen       total 21504K, used 16636K [0x000000077a000000, 0x000000077b500000, 0x0000000784600000)
  object space 21504K, 77% used [0x000000077a000000,0x000000077b03f320,0x000000077b500000)
}
Event: 146434.348 GC heap before
{Heap before GC invocations=382 (full 0):
 PSYoungGen      total 24064K, used 23616K [0x00000007d6c80000, 0x00000007f9880000, 0x0000000800000000)
  eden space 23552K, 100% used [0x00000007d6c80000,0x00000007d8380000,0x00000007d8380000)
  from space 512K, 12% used [0x00000007f9780000,0x00000007f9790000,0x00000007f9800000)
  to   space 512K, 0% used [0x00000007f9800000,0x00000007f9800000,0x00000007f9880000)
 ParOldGen       total 83968K, used 16355K [0x0000000784600000, 0x0000000789800000, 0x00000007d6c80000)
  object space 83968K, 19% used [0x0000000784600000,0x00000007855f8ed0,0x0000000789800000)
 PSPermGen       total 21504K, used 16636K [0x000000077a000000, 0x000000077b500000, 0x0000000784600000)
  object space 21504K, 77% used [0x000000077a000000,0x000000077b03f320,0x000000077b500000)
Event: 146434.349 GC heap after
Heap after GC invocations=382 (full 0):
 PSYoungGen      total 24064K, used 64K [0x00000007d6c80000, 0x00000007f9880000, 0x0000000800000000)
  eden space 23552K, 0% used [0x00000007d6c80000,0x00000007d6c80000,0x00000007d8380000)
  from space 512K, 12% used [0x00000007f9800000,0x00000007f9810000,0x00000007f9880000)
  to   space 512K, 0% used [0x00000007f9780000,0x00000007f9780000,0x00000007f9800000)
 ParOldGen       total 83968K, used 16355K [0x0000000784600000, 0x0000000789800000, 0x00000007d6c80000)
  object space 83968K, 19% used [0x0000000784600000,0x00000007855f8ed0,0x0000000789800000)
 PSPermGen       total 21504K, used 16636K [0x000000077a000000, 0x000000077b500000, 0x0000000784600000)
  object space 21504K, 77% used [0x000000077a000000,0x000000077b03f320,0x000000077b500000)
}
Event: 146575.580 GC heap before
{Heap before GC invocations=383 (full 0):
 PSYoungGen      total 24064K, used 23616K [0x00000007d6c80000, 0x00000007f9880000, 0x0000000800000000)
  eden space 23552K, 100% used [0x00000007d6c80000,0x00000007d8380000,0x00000007d8380000)
  from space 512K, 12% used [0x00000007f9800000,0x00000007f9810000,0x00000007f9880000)
  to   space 512K, 0% used [0x00000007f9780000,0x00000007f9780000,0x00000007f9800000)
 ParOldGen       total 83968K, used 16355K [0x0000000784600000, 0x0000000789800000, 0x00000007d6c80000)
  object space 83968K, 19% used [0x0000000784600000,0x00000007855f8ed0,0x0000000789800000)
 PSPermGen       total 21504K, used 16636K [0x000000077a000000, 0x000000077b500000, 0x0000000784600000)
  object space 21504K, 77% used [0x000000077a000000,0x000000077b03f320,0x000000077b500000)
Event: 146575.581 GC heap after
Heap after GC invocations=383 (full 0):
 PSYoungGen      total 24064K, used 96K [0x00000007d6c80000, 0x00000007f9880000, 0x0000000800000000)
  eden space 23552K, 0% used [0x00000007d6c80000,0x00000007d6c80000,0x00000007d8380000)
  from space 512K, 18% used [0x00000007f9780000,0x00000007f9798000,0x00000007f9800000)
  to   space 512K, 0% used [0x00000007f9800000,0x00000007f9800000,0x00000007f9880000)
 ParOldGen       total 83968K, used 16355K [0x0000000784600000, 0x0000000789800000, 0x00000007d6c80000)
  object space 83968K, 19% used [0x0000000784600000,0x00000007855f8ed0,0x0000000789800000)
 PSPermGen       total 21504K, used 16636K [0x000000077a000000, 0x000000077b500000, 0x0000000784600000)
  object space 21504K, 77% used [0x000000077a000000,0x000000077b03f320,0x000000077b500000)
}
Event: 146716.809 GC heap before
{Heap before GC invocations=384 (full 0):
 PSYoungGen      total 24064K, used 23648K [0x00000007d6c80000, 0x00000007f9880000, 0x0000000800000000)
  eden space 23552K, 100% used [0x00000007d6c80000,0x00000007d8380000,0x00000007d8380000)
  from space 512K, 18% used [0x00000007f9780000,0x00000007f9798000,0x00000007f9800000)
  to   space 512K, 0% used [0x00000007f9800000,0x00000007f9800000,0x00000007f9880000)
 ParOldGen       total 83968K, used 16355K [0x0000000784600000, 0x0000000789800000, 0x00000007d6c80000)
  object space 83968K, 19% used [0x0000000784600000,0x00000007855f8ed0,0x0000000789800000)
 PSPermGen       total 21504K, used 16636K [0x000000077a000000, 0x000000077b500000, 0x0000000784600000)
  object space 21504K, 77% used [0x000000077a000000,0x000000077b03f320,0x000000077b500000)
Event: 146716.810 GC heap after
Heap after GC invocations=384 (full 0):
 PSYoungGen      total 24064K, used 96K [0x00000007d6c80000, 0x00000007f9880000, 0x0000000800000000)
  eden space 23552K, 0% used [0x00000007d6c80000,0x00000007d6c80000,0x00000007d8380000)
  from space 512K, 18% used [0x00000007f9800000,0x00000007f9818000,0x00000007f9880000)
  to   space 512K, 0% used [0x00000007f9780000,0x00000007f9780000,0x00000007f9800000)
 ParOldGen       total 83968K, used 16355K [0x0000000784600000, 0x0000000789800000, 0x00000007d6c80000)
  object space 83968K, 19% used [0x0000000784600000,0x00000007855f8ed0,0x0000000789800000)
 PSPermGen       total 21504K, used 16636K [0x000000077a000000, 0x000000077b500000, 0x0000000784600000)
  object space 21504K, 77% used [0x000000077a000000,0x000000077b03f320,0x000000077b500000)
}
Event: 146858.059 GC heap before
{Heap before GC invocations=385 (full 0):
 PSYoungGen      total 24064K, used 23648K [0x00000007d6c80000, 0x00000007f9880000, 0x0000000800000000)
  eden space 23552K, 100% used [0x00000007d6c80000,0x00000007d8380000,0x00000007d8380000)
  from space 512K, 18% used [0x00000007f9800000,0x00000007f9818000,0x00000007f9880000)
  to   space 512K, 0% used [0x00000007f9780000,0x00000007f9780000,0x00000007f9800000)
 ParOldGen       total 83968K, used 16355K [0x0000000784600000, 0x0000000789800000, 0x00000007d6c80000)
  object space 83968K, 19% used [0x0000000784600000,0x00000007855f8ed0,0x0000000789800000)
 PSPermGen       total 21504K, used 16636K [0x000000077a000000, 0x000000077b500000, 0x0000000784600000)
  object space 21504K, 77% used [0x000000077a000000,0x000000077b03f320,0x000000077b500000)
Event: 146858.060 GC heap after
Heap after GC invocations=385 (full 0):
 PSYoungGen      total 24064K, used 64K [0x00000007d6c80000, 0x00000007f9880000, 0x0000000800000000)
  eden space 23552K, 0% used [0x00000007d6c80000,0x00000007d6c80000,0x00000007d8380000)
  from space 512K, 12% used [0x00000007f9780000,0x00000007f9790000,0x00000007f9800000)
  to   space 512K, 0% used [0x00000007f9800000,0x00000007f9800000,0x00000007f9880000)
 ParOldGen       total 83968K, used 16355K [0x0000000784600000, 0x0000000789800000, 0x00000007d6c80000)
  object space 83968K, 19% used [0x0000000784600000,0x00000007855f8ed0,0x0000000789800000)
 PSPermGen       total 21504K, used 16636K [0x000000077a000000, 0x000000077b500000, 0x0000000784600000)
  object space 21504K, 77% used [0x000000077a000000,0x000000077b03f320,0x000000077b500000)
}

Deoptimization events (10 events):
Event: 551.222 Thread 0x00007f6574031800 Uncommon trap: reason=array_check action=maybe_recompile pc=0x00007f65e91228f4 method=java.util.Arrays.fill([Ljava/lang/Object;Ljava/lang/Object;)V @ 13
Event: 551.222 Thread 0x00007f6574031800 Uncommon trap: reason=array_check action=maybe_recompile pc=0x00007f65e91228f4 method=java.util.Arrays.fill([Ljava/lang/Object;Ljava/lang/Object;)V @ 13
Event: 551.224 Thread 0x00007f6574031800 Uncommon trap: reason=bimorphic action=maybe_recompile pc=0x00007f65e9085484 method=java.util.regex.Pattern$GroupTail.match(Ljava/util/regex/Matcher;ILjava/lang/CharSequence;)Z @ 70
Event: 551.224 Thread 0x00007f6574031800 Uncommon trap: reason=bimorphic action=maybe_recompile pc=0x00007f65e9085484 method=java.util.regex.Pattern$GroupTail.match(Ljava/util/regex/Matcher;ILjava/lang/CharSequence;)Z @ 70
Event: 551.224 Thread 0x00007f6574031800 Uncommon trap: reason=bimorphic action=maybe_recompile pc=0x00007f65e9085484 method=java.util.regex.Pattern$GroupTail.match(Ljava/util/regex/Matcher;ILjava/lang/CharSequence;)Z @ 70
Event: 551.225 Thread 0x00007f6574031800 Uncommon trap: reason=bimorphic action=maybe_recompile pc=0x00007f65e9085484 method=java.util.regex.Pattern$GroupTail.match(Ljava/util/regex/Matcher;ILjava/lang/CharSequence;)Z @ 70
Event: 553.621 Thread 0x00007f65ec21e800 Uncommon trap: reason=null_check action=make_not_entrant pc=0x00007f65e9081600 method=lcm.lcm.LCM.receiveMessage(Ljava/lang/String;[BII)V @ 31
Event: 561.071 Thread 0x00007f65ec31f800 Uncommon trap: reason=class_check action=maybe_recompile pc=0x00007f65e90db120 method=java.util.regex.Matcher.search(I)Z @ 86
Event: 561.174 Thread 0x00007f6574031800 Uncommon trap: reason=unreached action=reinterpret pc=0x00007f65e90e6cd8 method=net.sf.jlinkgrammar.ParseInfo.verify_set()Z @ 61
Event: 52190.860 Thread 0x00007f65ec2d1800 Uncommon trap: reason=null_check action=make_not_entrant pc=0x00007f65e9182838 method=sun.awt.X11.XToolkit.dispatchEvent(Lsun/awt/X11/XEvent;)V @ 99

Internal exceptions (10 events):
Event: 551.207 Thread 0x00007f6574031800 Threw 0x00000007e57c7140 at /build/buildd/openjdk-7-7u51-2.4.4/build/openjdk/hotspot/src/share/vm/prims/jvm.cpp:1244
Event: 551.207 Thread 0x00007f6574031800 Threw 0x00000007e57ca2c8 at /build/buildd/openjdk-7-7u51-2.4.4/build/openjdk/hotspot/src/share/vm/prims/jvm.cpp:1244
Event: 551.207 Thread 0x00007f6574031800 Threw 0x00000007e57cd808 at /build/buildd/openjdk-7-7u51-2.4.4/build/openjdk/hotspot/src/share/vm/prims/jvm.cpp:1244
Event: 551.208 Thread 0x00007f6574031800 Threw 0x00000007e57d0a68 at /build/buildd/openjdk-7-7u51-2.4.4/build/openjdk/hotspot/src/share/vm/prims/jvm.cpp:1244
Event: 551.208 Thread 0x00007f6574031800 Threw 0x00000007e57d32c0 at /build/buildd/openjdk-7-7u51-2.4.4/build/openjdk/hotspot/src/share/vm/prims/jvm.cpp:1244
Event: 551.209 Thread 0x00007f6574031800 Threw 0x00000007e57f8da0 at /build/buildd/openjdk-7-7u51-2.4.4/build/openjdk/hotspot/src/share/vm/prims/jvm.cpp:1244
Event: 553.615 Thread 0x00007f6574031800 Threw 0x00000007e6106190 at /build/buildd/openjdk-7-7u51-2.4.4/build/openjdk/hotspot/src/share/vm/prims/jvm.cpp:1244
Event: 553.620 Thread 0x00007f6574031800 Threw 0x00000007e6124488 at /build/buildd/openjdk-7-7u51-2.4.4/build/openjdk/hotspot/src/share/vm/prims/jvm.cpp:1244
Event: 553.621 Thread 0x00007f65ec21e800 Implicit null exception at 0x00007f65e9080f6b to 0x00007f65e90815d9
Event: 52190.860 Thread 0x00007f65ec2d1800 Implicit null exception at 0x00007f65e917fd2f to 0x00007f65e9182825

Events (10 events):
Event: 146895.622 loading class 0x00007f659c1edd30
Event: 146895.641 loading class 0x00007f659c1edd30 done
Event: 146895.641 loading class 0x00007f659c1ef740
Event: 146895.647 loading class 0x00007f659c1ef740 done
Event: 146980.500 loading class 0x00007f659c097f60
Event: 146980.867 loading class 0x00007f659c097f60 done
Event: 146989.206 loading class 0x00007f659c305020
Event: 146989.221 loading class 0x00007f659c305020 done
Event: 146989.429 loading class 0x00007f659c3047d0
Event: 146990.001 loading class 0x00007f659c3047d0 done


Dynamic libraries:
00400000-00401000 r-xp 00000000 08:01 4466548                            /usr/lib/jvm/java-7-openjdk-amd64/jre/bin/java
00600000-00601000 r--p 00000000 08:01 4466548                            /usr/lib/jvm/java-7-openjdk-amd64/jre/bin/java
00601000-00602000 rw-p 00001000 08:01 4466548                            /usr/lib/jvm/java-7-openjdk-amd64/jre/bin/java
007d7000-007f8000 rw-p 00000000 00:00 0                                  [heap]
77a000000-77b500000 rw-p 00000000 00:00 0 
77b500000-784600000 rw-p 00000000 00:00 0 
784600000-789800000 rw-p 00000000 00:00 0 
789800000-7d6c80000 rw-p 00000000 00:00 0 
7d6c80000-7f9880000 rw-p 00000000 00:00 0 
7f9880000-800000000 ---p 00000000 00:00 0 
7f656c000000-7f656c021000 rw-p 00000000 00:00 0 
7f656c021000-7f6570000000 ---p 00000000 00:00 0 
7f6574000000-7f6574060000 rw-p 00000000 00:00 0 
7f6574060000-7f6578000000 ---p 00000000 00:00 0 
7f6578000000-7f6578153000 rw-p 00000000 00:00 0 
7f6578153000-7f657c000000 ---p 00000000 00:00 0 
7f657c000000-7f657c02e000 rw-p 00000000 00:00 0 
7f657c02e000-7f6580000000 ---p 00000000 00:00 0 
7f6580000000-7f6580021000 rw-p 00000000 00:00 0 
7f6580021000-7f6584000000 ---p 00000000 00:00 0 
7f6584000000-7f6584021000 rw-p 00000000 00:00 0 
7f6584021000-7f6588000000 ---p 00000000 00:00 0 
7f65893a8000-7f65893ab000 ---p 00000000 00:00 0 
7f65893ab000-7f65894a9000 rw-p 00000000 00:00 0                          [stack:13295]
7f65894a9000-7f65894ac000 ---p 00000000 00:00 0 
7f65894ac000-7f65895aa000 rw-p 00000000 00:00 0 
7f65895aa000-7f65896f3000 rw-s 00000000 00:04 457113616                  /SYSV00000000 (deleted)
7f65896f3000-7f6589703000 r-xp 00000000 08:01 4460012                    /usr/lib/jvm/java-7-openjdk-amd64/jre/lib/amd64/libnio.so
7f6589703000-7f6589903000 ---p 00010000 08:01 4460012                    /usr/lib/jvm/java-7-openjdk-amd64/jre/lib/amd64/libnio.so
7f6589903000-7f6589904000 r--p 00010000 08:01 4460012                    /usr/lib/jvm/java-7-openjdk-amd64/jre/lib/amd64/libnio.so
7f6589904000-7f6589905000 rw-p 00011000 08:01 4460012                    /usr/lib/jvm/java-7-openjdk-amd64/jre/lib/amd64/libnio.so
7f6589905000-7f6589956000 r-xp 00000000 08:01 4459997                    /usr/lib/jvm/java-7-openjdk-amd64/jre/lib/amd64/libfontmanager.so
7f6589956000-7f6589b55000 ---p 00051000 08:01 4459997                    /usr/lib/jvm/java-7-openjdk-amd64/jre/lib/amd64/libfontmanager.so
7f6589b55000-7f6589b58000 r--p 00050000 08:01 4459997                    /usr/lib/jvm/java-7-openjdk-amd64/jre/lib/amd64/libfontmanager.so
7f6589b58000-7f6589b59000 rw-p 00053000 08:01 4459997                    /usr/lib/jvm/java-7-openjdk-amd64/jre/lib/amd64/libfontmanager.so
7f6589b59000-7f6589b5c000 ---p 00000000 00:00 0 
7f6589b5c000-7f6589c5a000 rw-p 00000000 00:00 0                          [stack:13293]
7f6589c5a000-7f6589c5d000 ---p 00000000 00:00 0 
7f6589c5d000-7f6589d5b000 rw-p 00000000 00:00 0                          [stack:13292]
7f6589d5b000-7f6589d5f000 r-xp 00000000 08:01 6029360                    /lib/x86_64-linux-gnu/libgpg-error.so.0.10.0
7f6589d5f000-7f6589f5e000 ---p 00004000 08:01 6029360                    /lib/x86_64-linux-gnu/libgpg-error.so.0.10.0
7f6589f5e000-7f6589f5f000 r--p 00003000 08:01 6029360                    /lib/x86_64-linux-gnu/libgpg-error.so.0.10.0
7f6589f5f000-7f6589f60000 rw-p 00004000 08:01 6029360                    /lib/x86_64-linux-gnu/libgpg-error.so.0.10.0
7f6589f60000-7f6589f62000 r-xp 00000000 08:01 6029372                    /lib/x86_64-linux-gnu/libkeyutils.so.1.4
7f6589f62000-7f658a162000 ---p 00002000 08:01 6029372                    /lib/x86_64-linux-gnu/libkeyutils.so.1.4
7f658a162000-7f658a163000 r--p 00002000 08:01 6029372                    /lib/x86_64-linux-gnu/libkeyutils.so.1.4
7f658a163000-7f658a164000 rw-p 00003000 08:01 6029372                    /lib/x86_64-linux-gnu/libkeyutils.so.1.4
7f658a164000-7f658a17c000 r-xp 00000000 08:01 4456646                    /usr/lib/x86_64-linux-gnu/libgraphite2.so.3.0.1
7f658a17c000-7f658a37b000 ---p 00018000 08:01 4456646                    /usr/lib/x86_64-linux-gnu/libgraphite2.so.3.0.1
7f658a37b000-7f658a37d000 r--p 00017000 08:01 4456646                    /usr/lib/x86_64-linux-gnu/libgraphite2.so.3.0.1
7f658a37d000-7f658a37e000 rw-p 00019000 08:01 4456646                    /usr/lib/x86_64-linux-gnu/libgraphite2.so.3.0.1
7f658a37e000-7f658a3c2000 r-xp 00000000 08:01 6029356                    /lib/x86_64-linux-gnu/libdbus-1.so.3.7.4
7f658a3c2000-7f658a5c1000 ---p 00044000 08:01 6029356                    /lib/x86_64-linux-gnu/libdbus-1.so.3.7.4
7f658a5c1000-7f658a5c2000 r--p 00043000 08:01 6029356                    /lib/x86_64-linux-gnu/libdbus-1.so.3.7.4
7f658a5c2000-7f658a5c3000 rw-p 00044000 08:01 6029356                    /lib/x86_64-linux-gnu/libdbus-1.so.3.7.4
7f658a5c3000-7f658a5e1000 r-xp 00000000 08:01 4463512                    /usr/lib/x86_64-linux-gnu/libp11-kit.so.0.0.0
7f658a5e1000-7f658a7e0000 ---p 0001e000 08:01 4463512                    /usr/lib/x86_64-linux-gnu/libp11-kit.so.0.0.0
7f658a7e0000-7f658a7e2000 r--p 0001d000 08:01 4463512                    /usr/lib/x86_64-linux-gnu/libp11-kit.so.0.0.0
7f658a7e2000-7f658a7e3000 rw-p 0001f000 08:01 4463512                    /usr/lib/x86_64-linux-gnu/libp11-kit.so.0.0.0
7f658a7e3000-7f658a7f3000 r-xp 00000000 08:01 4465063                    /usr/lib/x86_64-linux-gnu/libtasn1.so.3.2.0
7f658a7f3000-7f658a9f2000 ---p 00010000 08:01 4465063                    /usr/lib/x86_64-linux-gnu/libtasn1.so.3.2.0
7f658a9f2000-7f658a9f3000 r--p 0000f000 08:01 4465063                    /usr/lib/x86_64-linux-gnu/libtasn1.so.3.2.0
7f658a9f3000-7f658a9f4000 rw-p 00010000 08:01 4465063                    /usr/lib/x86_64-linux-gnu/libtasn1.so.3.2.0
7f658a9f4000-7f658aa6e000 r-xp 00000000 08:01 6029366                    /lib/x86_64-linux-gnu/libgcrypt.so.11.7.0
7f658aa6e000-7f658ac6e000 ---p 0007a000 08:01 6029366                    /lib/x86_64-linux-gnu/libgcrypt.so.11.7.0
7f658ac6e000-7f658ac6f000 r--p 0007a000 08:01 6029366                    /lib/x86_64-linux-gnu/libgcrypt.so.11.7.0
7f658ac6f000-7f658ac72000 rw-p 0007b000 08:01 6029366                    /lib/x86_64-linux-gnu/libgcrypt.so.11.7.0
7f658ac72000-7f658ac79000 r-xp 00000000 08:01 4465095                    /usr/lib/x86_64-linux-gnu/libkrb5support.so.0.1
7f658ac79000-7f658ae78000 ---p 00007000 08:01 4465095                    /usr/lib/x86_64-linux-gnu/libkrb5support.so.0.1
7f658ae78000-7f658ae79000 r--p 00006000 08:01 4465095                    /usr/lib/x86_64-linux-gnu/libkrb5support.so.0.1
7f658ae79000-7f658ae7a000 rw-p 00007000 08:01 4465095                    /usr/lib/x86_64-linux-gnu/libkrb5support.so.0.1
7f658ae7a000-7f658ae7d000 r-xp 00000000 08:01 6029368                    /lib/x86_64-linux-gnu/libcom_err.so.2.1
7f658ae7d000-7f658b07c000 ---p 00003000 08:01 6029368                    /lib/x86_64-linux-gnu/libcom_err.so.2.1
7f658b07c000-7f658b07d000 r--p 00002000 08:01 6029368                    /lib/x86_64-linux-gnu/libcom_err.so.2.1
7f658b07d000-7f658b07e000 rw-p 00003000 08:01 6029368                    /lib/x86_64-linux-gnu/libcom_err.so.2.1
7f658b07e000-7f658b0a4000 r-xp 00000000 08:01 4463236                    /usr/lib/x86_64-linux-gnu/libk5crypto.so.3.1
7f658b0a4000-7f658b2a3000 ---p 00026000 08:01 4463236                    /usr/lib/x86_64-linux-gnu/libk5crypto.so.3.1
7f658b2a3000-7f658b2a4000 r--p 00025000 08:01 4463236                    /usr/lib/x86_64-linux-gnu/libk5crypto.so.3.1
7f658b2a4000-7f658b2a5000 rw-p 00026000 08:01 4463236                    /usr/lib/x86_64-linux-gnu/libk5crypto.so.3.1
7f658b2a5000-7f658b2a6000 rw-p 00000000 00:00 0 
7f658b2a6000-7f658b36b000 r-xp 00000000 08:01 4463790                    /usr/lib/x86_64-linux-gnu/libkrb5.so.3.3
7f658b36b000-7f658b56a000 ---p 000c5000 08:01 4463790                    /usr/lib/x86_64-linux-gnu/libkrb5.so.3.3
7f658b56a000-7f658b574000 r--p 000c4000 08:01 4463790                    /usr/lib/x86_64-linux-gnu/libkrb5.so.3.3
7f658b574000-7f658b575000 rw-p 000ce000 08:01 4463790                    /usr/lib/x86_64-linux-gnu/libkrb5.so.3.3
7f658b575000-7f658b57b000 r-xp 00000000 08:01 4457686                    /usr/lib/x86_64-linux-gnu/libdatrie.so.1.2.0
7f658b57b000-7f658b77a000 ---p 00006000 08:01 4457686                    /usr/lib/x86_64-linux-gnu/libdatrie.so.1.2.0
7f658b77a000-7f658b77b000 r--p 00005000 08:01 4457686                    /usr/lib/x86_64-linux-gnu/libdatrie.so.1.2.0
7f658b77b000-7f658b77c000 rw-p 00006000 08:01 4457686                    /usr/lib/x86_64-linux-gnu/libdatrie.so.1.2.0
7f658b77c000-7f658b7cc000 r-xp 00000000 08:01 4464061                    /usr/lib/x86_64-linux-gnu/libharfbuzz.so.0.919.0
7f658b7cc000-7f658b9cc000 ---p 00050000 08:01 4464061                    /usr/lib/x86_64-linux-gnu/libharfbuzz.so.0.919.0
7f658b9cc000-7f658b9cd000 r--p 00050000 08:01 4464061                    /usr/lib/x86_64-linux-gnu/libharfbuzz.so.0.919.0
7f658b9cd000-7f658b9ce000 rw-p 00051000 08:01 4464061                    /usr/lib/x86_64-linux-gnu/libharfbuzz.so.0.919.0
7f658b9ce000-7f658b9d6000 r-xp 00000000 08:01 4456739                    /usr/lib/x86_64-linux-gnu/libxcb-render.so.0.0.0
7f658b9d6000-7f658bbd5000 ---p 00008000 08:01 4456739                    /usr/lib/x86_64-linux-gnu/libxcb-render.so.0.0.0
7f658bbd5000-7f658bbd6000 r--p 00007000 08:01 4456739                    /usr/lib/x86_64-linux-gnu/libxcb-render.so.0.0.0
7f658bbd6000-7f658bbd7000 rw-p 00008000 08:01 4456739                    /usr/lib/x86_64-linux-gnu/libxcb-render.so.0.0.0
7f658bbd7000-7f658bbd9000 r-xp 00000000 08:01 4464122                    /usr/lib/x86_64-linux-gnu/libxcb-shm.so.0.0.0
7f658bbd9000-7f658bdd8000 ---p 00002000 08:01 4464122                    /usr/lib/x86_64-linux-gnu/libxcb-shm.so.0.0.0
7f658bdd8000-7f658bdd9000 r--p 00001000 08:01 4464122                    /usr/lib/x86_64-linux-gnu/libxcb-shm.so.0.0.0
7f658bdd9000-7f658bdda000 rw-p 00002000 08:01 4464122                    /usr/lib/x86_64-linux-gnu/libxcb-shm.so.0.0.0
7f658bdda000-7f658bdff000 r-xp 00000000 08:01 6029378                    /lib/x86_64-linux-gnu/libpng12.so.0.49.0
7f658bdff000-7f658bffe000 ---p 00025000 08:01 6029378                    /lib/x86_64-linux-gnu/libpng12.so.0.49.0
7f658bffe000-7f658bfff000 r--p 00024000 08:01 6029378                    /lib/x86_64-linux-gnu/libpng12.so.0.49.0
7f658bfff000-7f658c000000 rw-p 00025000 08:01 6029378                    /lib/x86_64-linux-gnu/libpng12.so.0.49.0
7f658c000000-7f658d1eb000 rw-p 00000000 00:00 0 
7f658d1eb000-7f6590000000 ---p 00000000 00:00 0 
7f6590000000-7f6590021000 rw-p 00000000 00:00 0 
7f6590021000-7f6594000000 ---p 00000000 00:00 0 
7f6594000000-7f6594021000 rw-p 00000000 00:00 0 
7f6594021000-7f6598000000 ---p 00000000 00:00 0 
7f6598000000-7f6598021000 rw-p 00000000 00:00 0 
7f6598021000-7f659c000000 ---p 00000000 00:00 0 
7f659c000000-7f659d5d2000 rw-p 00000000 00:00 0 
7f659d5d2000-7f65a0000000 ---p 00000000 00:00 0 
7f65a0000000-7f65a0021000 rw-p 00000000 00:00 0 
7f65a0021000-7f65a4000000 ---p 00000000 00:00 0 
7f65a4000000-7f65a4021000 rw-p 00000000 00:00 0 
7f65a4021000-7f65a8000000 ---p 00000000 00:00 0 
7f65a8000000-7f65a8abc000 rw-p 00000000 00:00 0 
7f65a8abc000-7f65ac000000 ---p 00000000 00:00 0 
7f65ac000000-7f65ac021000 rw-p 00000000 00:00 0 
7f65ac021000-7f65b0000000 ---p 00000000 00:00 0 
7f65b0000000-7f65b0021000 rw-p 00000000 00:00 0 
7f65b0021000-7f65b4000000 ---p 00000000 00:00 0 
7f65b4000000-7f65b4021000 rw-p 00000000 00:00 0 
7f65b4021000-7f65b8000000 ---p 00000000 00:00 0 
7f65b8001000-7f65b8004000 ---p 00000000 00:00 0 
7f65b8004000-7f65b8102000 rw-p 00000000 00:00 0                          [stack:13291]
7f65b8102000-7f65b81a3000 r-xp 00000000 08:01 4463256                    /usr/lib/x86_64-linux-gnu/libpixman-1.so.0.30.2
7f65b81a3000-7f65b83a3000 ---p 000a1000 08:01 4463256                    /usr/lib/x86_64-linux-gnu/libpixman-1.so.0.30.2
7f65b83a3000-7f65b83aa000 r--p 000a1000 08:01 4463256                    /usr/lib/x86_64-linux-gnu/libpixman-1.so.0.30.2
7f65b83aa000-7f65b83ab000 rw-p 000a8000 08:01 4463256                    /usr/lib/x86_64-linux-gnu/libpixman-1.so.0.30.2
7f65b83ab000-7f65b83b0000 r-xp 00000000 08:01 4463438                    /usr/lib/x86_64-linux-gnu/libXdmcp.so.6.0.0
7f65b83b0000-7f65b85af000 ---p 00005000 08:01 4463438                    /usr/lib/x86_64-linux-gnu/libXdmcp.so.6.0.0
7f65b85af000-7f65b85b0000 r--p 00004000 08:01 4463438                    /usr/lib/x86_64-linux-gnu/libXdmcp.so.6.0.0
7f65b85b0000-7f65b85b1000 rw-p 00005000 08:01 4463438                    /usr/lib/x86_64-linux-gnu/libXdmcp.so.6.0.0
7f65b85b1000-7f65b85b3000 r-xp 00000000 08:01 4460342                    /usr/lib/x86_64-linux-gnu/libXau.so.6.0.0
7f65b85b3000-7f65b87b3000 ---p 00002000 08:01 4460342                    /usr/lib/x86_64-linux-gnu/libXau.so.6.0.0
7f65b87b3000-7f65b87b4000 r--p 00002000 08:01 4460342                    /usr/lib/x86_64-linux-gnu/libXau.so.6.0.0
7f65b87b4000-7f65b87b5000 rw-p 00003000 08:01 4460342                    /usr/lib/x86_64-linux-gnu/libXau.so.6.0.0
7f65b87b5000-7f65b87c4000 r-xp 00000000 08:01 4464082                    /usr/lib/x86_64-linux-gnu/libavahi-client.so.3.2.9
7f65b87c4000-7f65b89c4000 ---p 0000f000 08:01 4464082                    /usr/lib/x86_64-linux-gnu/libavahi-client.so.3.2.9
7f65b89c4000-7f65b89c5000 r--p 0000f000 08:01 4464082                    /usr/lib/x86_64-linux-gnu/libavahi-client.so.3.2.9
7f65b89c5000-7f65b89c6000 rw-p 00010000 08:01 4464082                    /usr/lib/x86_64-linux-gnu/libavahi-client.so.3.2.9
7f65b89c6000-7f65b89d1000 r-xp 00000000 08:01 4456554                    /usr/lib/x86_64-linux-gnu/libavahi-common.so.3.5.3
7f65b89d1000-7f65b8bd0000 ---p 0000b000 08:01 4456554                    /usr/lib/x86_64-linux-gnu/libavahi-common.so.3.5.3
7f65b8bd0000-7f65b8bd1000 r--p 0000a000 08:01 4456554                    /usr/lib/x86_64-linux-gnu/libavahi-common.so.3.5.3
7f65b8bd1000-7f65b8bd2000 rw-p 0000b000 08:01 4456554                    /usr/lib/x86_64-linux-gnu/libavahi-common.so.3.5.3
7f65b8bd2000-7f65b8c88000 r-xp 00000000 08:01 4456604                    /usr/lib/x86_64-linux-gnu/libgnutls.so.26.22.6
7f65b8c88000-7f65b8e88000 ---p 000b6000 08:01 4456604                    /usr/lib/x86_64-linux-gnu/libgnutls.so.26.22.6
7f65b8e88000-7f65b8e8e000 r--p 000b6000 08:01 4456604                    /usr/lib/x86_64-linux-gnu/libgnutls.so.26.22.6
7f65b8e8e000-7f65b8e8f000 rw-p 000bc000 08:01 4456604                    /usr/lib/x86_64-linux-gnu/libgnutls.so.26.22.6
7f65b8e8f000-7f65b8e90000 rw-p 00000000 00:00 0 
7f65b8e90000-7f65b8ecb000 r-xp 00000000 08:01 4465094                    /usr/lib/x86_64-linux-gnu/libgssapi_krb5.so.2.2
7f65b8ecb000-7f65b90cb000 ---p 0003b000 08:01 4465094                    /usr/lib/x86_64-linux-gnu/libgssapi_krb5.so.2.2
7f65b90cb000-7f65b90cc000 r--p 0003b000 08:01 4465094                    /usr/lib/x86_64-linux-gnu/libgssapi_krb5.so.2.2
7f65b90cc000-7f65b90ce000 rw-p 0003c000 08:01 4465094                    /usr/lib/x86_64-linux-gnu/libgssapi_krb5.so.2.2
7f65b90ce000-7f65b90f5000 r-xp 00000000 08:01 6030750                    /lib/x86_64-linux-gnu/libexpat.so.1.6.0
7f65b90f5000-7f65b92f5000 ---p 00027000 08:01 6030750                    /lib/x86_64-linux-gnu/libexpat.so.1.6.0
7f65b92f5000-7f65b92f7000 r--p 00027000 08:01 6030750                    /lib/x86_64-linux-gnu/libexpat.so.1.6.0
7f65b92f7000-7f65b92f8000 rw-p 00029000 08:01 6030750                    /lib/x86_64-linux-gnu/libexpat.so.1.6.0
7f65b92f8000-7f65b9394000 r-xp 00000000 08:01 4457416                    /usr/lib/x86_64-linux-gnu/libfreetype.so.6.10.1
7f65b9394000-7f65b9594000 ---p 0009c000 08:01 4457416                    /usr/lib/x86_64-linux-gnu/libfreetype.so.6.10.1
7f65b9594000-7f65b9599000 r--p 0009c000 08:01 4457416                    /usr/lib/x86_64-linux-gnu/libfreetype.so.6.10.1
7f65b9599000-7f65b959a000 rw-p 000a1000 08:01 4457416                    /usr/lib/x86_64-linux-gnu/libfreetype.so.6.10.1
7f65b959a000-7f65b95a2000 r-xp 00000000 08:01 4461391                    /usr/lib/x86_64-linux-gnu/libthai.so.0.2.0
7f65b95a2000-7f65b97a1000 ---p 00008000 08:01 4461391                    /usr/lib/x86_64-linux-gnu/libthai.so.0.2.0
7f65b97a1000-7f65b97a2000 r--p 00007000 08:01 4461391                    /usr/lib/x86_64-linux-gnu/libthai.so.0.2.0
7f65b97a2000-7f65b97a3000 rw-p 00008000 08:01 4461391                    /usr/lib/x86_64-linux-gnu/libthai.so.0.2.0
7f65b97a3000-7f65b97a5000 r-xp 00000000 08:01 4462116                    /usr/lib/x86_64-linux-gnu/libXdamage.so.1.1.0
7f65b97a5000-7f65b99a4000 ---p 00002000 08:01 4462116                    /usr/lib/x86_64-linux-gnu/libXdamage.so.1.1.0
7f65b99a4000-7f65b99a5000 r--p 00001000 08:01 4462116                    /usr/lib/x86_64-linux-gnu/libXdamage.so.1.1.0
7f65b99a5000-7f65b99a6000 rw-p 00002000 08:01 4462116                    /usr/lib/x86_64-linux-gnu/libXdamage.so.1.1.0
7f65b99a6000-7f65b99a8000 r-xp 00000000 08:01 4462092                    /usr/lib/x86_64-linux-gnu/libXcomposite.so.1.0.0
7f65b99a8000-7f65b9ba7000 ---p 00002000 08:01 4462092                    /usr/lib/x86_64-linux-gnu/libXcomposite.so.1.0.0
7f65b9ba7000-7f65b9ba8000 r--p 00001000 08:01 4462092                    /usr/lib/x86_64-linux-gnu/libXcomposite.so.1.0.0
7f65b9ba8000-7f65b9ba9000 rw-p 00002000 08:01 4462092                    /usr/lib/x86_64-linux-gnu/libXcomposite.so.1.0.0
7f65b9ba9000-7f65b9bb2000 r-xp 00000000 08:01 4462101                    /usr/lib/x86_64-linux-gnu/libXcursor.so.1.0.2
7f65b9bb2000-7f65b9db1000 ---p 00009000 08:01 4462101                    /usr/lib/x86_64-linux-gnu/libXcursor.so.1.0.2
7f65b9db1000-7f65b9db2000 r--p 00008000 08:01 4462101                    /usr/lib/x86_64-linux-gnu/libXcursor.so.1.0.2
7f65b9db2000-7f65b9db3000 rw-p 00009000 08:01 4462101                    /usr/lib/x86_64-linux-gnu/libXcursor.so.1.0.2
7f65b9db3000-7f65b9dbc000 r-xp 00000000 08:01 4462126                    /usr/lib/x86_64-linux-gnu/libXrandr.so.2.2.0
7f65b9dbc000-7f65b9fbb000 ---p 00009000 08:01 4462126                    /usr/lib/x86_64-linux-gnu/libXrandr.so.2.2.0
7f65b9fbb000-7f65b9fbc000 r--p 00008000 08:01 4462126                    /usr/lib/x86_64-linux-gnu/libXrandr.so.2.2.0
7f65b9fbc000-7f65b9fbd000 rw-p 00009000 08:01 4462126                    /usr/lib/x86_64-linux-gnu/libXrandr.so.2.2.0
7f65b9fbd000-7f65b9fbf000 r-xp 00000000 08:01 4462120                    /usr/lib/x86_64-linux-gnu/libXinerama.so.1.0.0
7f65b9fbf000-7f65ba1be000 ---p 00002000 08:01 4462120                    /usr/lib/x86_64-linux-gnu/libXinerama.so.1.0.0
7f65ba1be000-7f65ba1bf000 r--p 00001000 08:01 4462120                    /usr/lib/x86_64-linux-gnu/libXinerama.so.1.0.0
7f65ba1bf000-7f65ba1c0000 rw-p 00002000 08:01 4462120                    /usr/lib/x86_64-linux-gnu/libXinerama.so.1.0.0
7f65ba1c0000-7f65ba1d4000 r-xp 00000000 08:01 4464055                    /usr/lib/x86_64-linux-gnu/libpangoft2-1.0.so.0.3200.5
7f65ba1d4000-7f65ba3d3000 ---p 00014000 08:01 4464055                    /usr/lib/x86_64-linux-gnu/libpangoft2-1.0.so.0.3200.5
7f65ba3d3000-7f65ba3d4000 r--p 00013000 08:01 4464055                    /usr/lib/x86_64-linux-gnu/libpangoft2-1.0.so.0.3200.5
7f65ba3d4000-7f65ba3d5000 rw-p 00014000 08:01 4464055                    /usr/lib/x86_64-linux-gnu/libpangoft2-1.0.so.0.3200.5
7f65ba3d5000-7f65ba4d9000 r-xp 00000000 08:01 4459528                    /usr/lib/x86_64-linux-gnu/libcairo.so.2.11200.16
7f65ba4d9000-7f65ba6d8000 ---p 00104000 08:01 4459528                    /usr/lib/x86_64-linux-gnu/libcairo.so.2.11200.16
7f65ba6d8000-7f65ba6db000 r--p 00103000 08:01 4459528                    /usr/lib/x86_64-linux-gnu/libcairo.so.2.11200.16
7f65ba6db000-7f65ba6dc000 rw-p 00106000 08:01 4459528                    /usr/lib/x86_64-linux-gnu/libcairo.so.2.11200.16
7f65ba6dc000-7f65ba6de000 rw-p 00000000 00:00 0 
7f65ba6de000-7f65ba6fd000 r-xp 00000000 08:01 4461992                    /usr/lib/x86_64-linux-gnu/libatk-1.0.so.0.21009.1
7f65ba6fd000-7f65ba8fd000 ---p 0001f000 08:01 4461992                    /usr/lib/x86_64-linux-gnu/libatk-1.0.so.0.21009.1
7f65ba8fd000-7f65ba8ff000 r--p 0001f000 08:01 4461992                    /usr/lib/x86_64-linux-gnu/libatk-1.0.so.0.21009.1
7f65ba8ff000-7f65ba900000 rw-p 00021000 08:01 4461992                    /usr/lib/x86_64-linux-gnu/libatk-1.0.so.0.21009.1
7f65ba900000-7f65ba905000 r-xp 00000000 08:01 4461600                    /usr/lib/x86_64-linux-gnu/libXfixes.so.3.1.0
7f65ba905000-7f65bab04000 ---p 00005000 08:01 4461600                    /usr/lib/x86_64-linux-gnu/libXfixes.so.3.1.0
7f65bab04000-7f65bab05000 r--p 00004000 08:01 4461600                    /usr/lib/x86_64-linux-gnu/libXfixes.so.3.1.0
7f65bab05000-7f65bab06000 rw-p 00005000 08:01 4461600                    /usr/lib/x86_64-linux-gnu/libXfixes.so.3.1.0
7f65bab06000-7f65bab11000 r-xp 00000000 08:01 4462916                    /usr/lib/x86_64-linux-gnu/libpangocairo-1.0.so.0.3200.5
7f65bab11000-7f65bad11000 ---p 0000b000 08:01 4462916                    /usr/lib/x86_64-linux-gnu/libpangocairo-1.0.so.0.3200.5
7f65bad11000-7f65bad12000 r--p 0000b000 08:01 4462916                    /usr/lib/x86_64-linux-gnu/libpangocairo-1.0.so.0.3200.5
7f65bad12000-7f65bad13000 rw-p 0000c000 08:01 4462916                    /usr/lib/x86_64-linux-gnu/libpangocairo-1.0.so.0.3200.5
7f65bad13000-7f65bad30000 r-xp 00000000 08:01 4465106                    /usr/lib/x86_64-linux-gnu/libxcb.so.1.1.0
7f65bad30000-7f65baf2f000 ---p 0001d000 08:01 4465106                    /usr/lib/x86_64-linux-gnu/libxcb.so.1.1.0
7f65baf2f000-7f65baf30000 r--p 0001c000 08:01 4465106                    /usr/lib/x86_64-linux-gnu/libxcb.so.1.1.0
7f65baf30000-7f65baf31000 rw-p 0001d000 08:01 4465106                    /usr/lib/x86_64-linux-gnu/libxcb.so.1.1.0
7f65baf31000-7f65baf9d000 r-xp 00000000 08:01 4456936                    /usr/lib/x86_64-linux-gnu/libcups.so.2
7f65baf9d000-7f65bb19c000 ---p 0006c000 08:01 4456936                    /usr/lib/x86_64-linux-gnu/libcups.so.2
7f65bb19c000-7f65bb1a3000 r--p 0006b000 08:01 4456936                    /usr/lib/x86_64-linux-gnu/libcups.so.2
7f65bb1a3000-7f65bb1a4000 rw-p 00072000 08:01 4456936                    /usr/lib/x86_64-linux-gnu/libcups.so.2
7f65bb1a4000-7f65bb1a5000 r-xp 00000000 08:01 4462008                    /usr/lib/x86_64-linux-gnu/libgthread-2.0.so.0.3800.1
7f65bb1a5000-7f65bb3a4000 ---p 00001000 08:01 4462008                    /usr/lib/x86_64-linux-gnu/libgthread-2.0.so.0.3800.1
7f65bb3a4000-7f65bb3a5000 r--p 00000000 08:01 4462008                    /usr/lib/x86_64-linux-gnu/libgthread-2.0.so.0.3800.1
7f65bb3a5000-7f65bb3a6000 rw-p 00001000 08:01 4462008                    /usr/lib/x86_64-linux-gnu/libgthread-2.0.so.0.3800.1
7f65bb3a6000-7f65bb3df000 r-xp 00000000 08:01 4463700                    /usr/lib/x86_64-linux-gnu/libfontconfig.so.1.7.0
7f65bb3df000-7f65bb5df000 ---p 00039000 08:01 4463700                    /usr/lib/x86_64-linux-gnu/libfontconfig.so.1.7.0
7f65bb5df000-7f65bb5e1000 r--p 00039000 08:01 4463700                    /usr/lib/x86_64-linux-gnu/libfontconfig.so.1.7.0
7f65bb5e1000-7f65bb5e2000 rw-p 0003b000 08:01 4463700                    /usr/lib/x86_64-linux-gnu/libfontconfig.so.1.7.0
7f65bb5e2000-7f65bb62c000 r-xp 00000000 08:01 4457927                    /usr/lib/x86_64-linux-gnu/libpango-1.0.so.0.3200.5
7f65bb62c000-7f65bb82b000 ---p 0004a000 08:01 4457927                    /usr/lib/x86_64-linux-gnu/libpango-1.0.so.0.3200.5
7f65bb82b000-7f65bb82d000 r--p 00049000 08:01 4457927                    /usr/lib/x86_64-linux-gnu/libpango-1.0.so.0.3200.5
7f65bb82d000-7f65bb82e000 rw-p 0004b000 08:01 4457927                    /usr/lib/x86_64-linux-gnu/libpango-1.0.so.0.3200.5
7f65bb82e000-7f65bb84d000 r-xp 00000000 08:01 4460100                    /usr/lib/x86_64-linux-gnu/libgdk_pixbuf-2.0.so.0.2800.1
7f65bb84d000-7f65bba4c000 ---p 0001f000 08:01 4460100                    /usr/lib/x86_64-linux-gnu/libgdk_pixbuf-2.0.so.0.2800.1
7f65bba4c000-7f65bba4d000 r--p 0001e000 08:01 4460100                    /usr/lib/x86_64-linux-gnu/libgdk_pixbuf-2.0.so.0.2800.1
7f65bba4d000-7f65bba4e000 rw-p 0001f000 08:01 4460100                    /usr/lib/x86_64-linux-gnu/libgdk_pixbuf-2.0.so.0.2800.1
7f65bba4e000-7f65bbafb000 r-xp 00000000 08:01 4462240                    /usr/lib/x86_64-linux-gnu/libgdk-x11-2.0.so.0.2400.20
7f65bbafb000-7f65bbcfa000 ---p 000ad000 08:01 4462240                    /usr/lib/x86_64-linux-gnu/libgdk-x11-2.0.so.0.2400.20
7f65bbcfa000-7f65bbcfe000 r--p 000ac000 08:01 4462240                    /usr/lib/x86_64-linux-gnu/libgdk-x11-2.0.so.0.2400.20
7f65bbcfe000-7f65bbd00000 rw-p 000b0000 08:01 4462240                    /usr/lib/x86_64-linux-gnu/libgdk-x11-2.0.so.0.2400.20
7f65bbd00000-7f65c0000000 rw-p 00000000 00:00 0 
7f65c0000000-7f65c0021000 rw-p 00000000 00:00 0 
7f65c0021000-7f65c4000000 ---p 00000000 00:00 0 
7f65c405b000-7f65c405e000 ---p 00000000 00:00 0 
7f65c405e000-7f65c415c000 rw-p 00000000 00:00 0                          [stack:13290]
7f65c415c000-7f65c458b000 r-xp 00000000 08:01 4462238                    /usr/lib/x86_64-linux-gnu/libgtk-x11-2.0.so.0.2400.20
7f65c458b000-7f65c478a000 ---p 0042f000 08:01 4462238                    /usr/lib/x86_64-linux-gnu/libgtk-x11-2.0.so.0.2400.20
7f65c478a000-7f65c4791000 r--p 0042e000 08:01 4462238                    /usr/lib/x86_64-linux-gnu/libgtk-x11-2.0.so.0.2400.20
7f65c4791000-7f65c4795000 rw-p 00435000 08:01 4462238                    /usr/lib/x86_64-linux-gnu/libgtk-x11-2.0.so.0.2400.20
7f65c4795000-7f65c4798000 rw-p 00000000 00:00 0 
7f65c4798000-7f65c47a7000 r-xp 00000000 08:01 4461598                    /usr/lib/x86_64-linux-gnu/libXi.so.6.1.0
7f65c47a7000-7f65c49a6000 ---p 0000f000 08:01 4461598                    /usr/lib/x86_64-linux-gnu/libXi.so.6.1.0
7f65c49a6000-7f65c49a7000 r--p 0000e000 08:01 4461598                    /usr/lib/x86_64-linux-gnu/libXi.so.6.1.0
7f65c49a7000-7f65c49a8000 rw-p 0000f000 08:01 4461598                    /usr/lib/x86_64-linux-gnu/libXi.so.6.1.0
7f65c49a8000-7f65c49ad000 r-xp 00000000 08:01 4462016                    /usr/lib/x86_64-linux-gnu/libXtst.so.6.1.0
7f65c49ad000-7f65c4bac000 ---p 00005000 08:01 4462016                    /usr/lib/x86_64-linux-gnu/libXtst.so.6.1.0
7f65c4bac000-7f65c4bad000 r--p 00004000 08:01 4462016                    /usr/lib/x86_64-linux-gnu/libXtst.so.6.1.0
7f65c4bad000-7f65c4bae000 rw-p 00005000 08:01 4462016                    /usr/lib/x86_64-linux-gnu/libXtst.so.6.1.0
7f65c4bae000-7f65c4bb7000 r-xp 00000000 08:01 4462098                    /usr/lib/x86_64-linux-gnu/libXrender.so.1.3.0
7f65c4bb7000-7f65c4db6000 ---p 00009000 08:01 4462098                    /usr/lib/x86_64-linux-gnu/libXrender.so.1.3.0
7f65c4db6000-7f65c4db7000 r--p 00008000 08:01 4462098                    /usr/lib/x86_64-linux-gnu/libXrender.so.1.3.0
7f65c4db7000-7f65c4db8000 rw-p 00009000 08:01 4462098                    /usr/lib/x86_64-linux-gnu/libXrender.so.1.3.0
7f65c4db8000-7f65c4ee8000 r-xp 00000000 08:01 4466882                    /usr/lib/x86_64-linux-gnu/libX11.so.6.3.0
7f65c4ee8000-7f65c50e8000 ---p 00130000 08:01 4466882                    /usr/lib/x86_64-linux-gnu/libX11.so.6.3.0
7f65c50e8000-7f65c50e9000 r--p 00130000 08:01 4466882                    /usr/lib/x86_64-linux-gnu/libX11.so.6.3.0
7f65c50e9000-7f65c50ed000 rw-p 00131000 08:01 4466882                    /usr/lib/x86_64-linux-gnu/libX11.so.6.3.0
7f65c50ed000-7f65c50fe000 r-xp 00000000 08:01 4459664                    /usr/lib/x86_64-linux-gnu/libXext.so.6.4.0
7f65c50fe000-7f65c52fd000 ---p 00011000 08:01 4459664                    /usr/lib/x86_64-linux-gnu/libXext.so.6.4.0
7f65c52fd000-7f65c52fe000 r--p 00010000 08:01 4459664                    /usr/lib/x86_64-linux-gnu/libXext.so.6.4.0
7f65c52fe000-7f65c52ff000 rw-p 00011000 08:01 4459664                    /usr/lib/x86_64-linux-gnu/libXext.so.6.4.0
7f65c52ff000-7f65c5350000 r-xp 00000000 08:01 4718596                    /usr/lib/jvm/java-7-openjdk-amd64/jre/lib/amd64/xawt/libmawt.so
7f65c5350000-7f65c554f000 ---p 00051000 08:01 4718596                    /usr/lib/jvm/java-7-openjdk-amd64/jre/lib/amd64/xawt/libmawt.so
7f65c554f000-7f65c5550000 r--p 00050000 08:01 4718596                    /usr/lib/jvm/java-7-openjdk-amd64/jre/lib/amd64/xawt/libmawt.so
7f65c5550000-7f65c5553000 rw-p 00051000 08:01 4718596                    /usr/lib/jvm/java-7-openjdk-amd64/jre/lib/amd64/xawt/libmawt.so
7f65c5553000-7f65c5554000 rw-p 00000000 00:00 0 
7f65c5554000-7f65c55f4000 r-xp 00000000 08:01 4463214                    /usr/lib/jvm/java-7-openjdk-amd64/jre/lib/amd64/libawt.so
7f65c55f4000-7f65c57f3000 ---p 000a0000 08:01 4463214                    /usr/lib/jvm/java-7-openjdk-amd64/jre/lib/amd64/libawt.so
7f65c57f3000-7f65c57f4000 r--p 0009f000 08:01 4463214                    /usr/lib/jvm/java-7-openjdk-amd64/jre/lib/amd64/libawt.so
7f65c57f4000-7f65c57ff000 rw-p 000a0000 08:01 4463214                    /usr/lib/jvm/java-7-openjdk-amd64/jre/lib/amd64/libawt.so
7f65c57ff000-7f65c5824000 rw-p 00000000 00:00 0 
7f65c5824000-7f65c5861000 r-xp 00000000 08:01 6033097                    /lib/x86_64-linux-gnu/libpcre.so.3.13.1
7f65c5861000-7f65c5a61000 ---p 0003d000 08:01 6033097                    /lib/x86_64-linux-gnu/libpcre.so.3.13.1
7f65c5a61000-7f65c5a62000 r--p 0003d000 08:01 6033097                    /lib/x86_64-linux-gnu/libpcre.so.3.13.1
7f65c5a62000-7f65c5a63000 rw-p 0003e000 08:01 6033097                    /lib/x86_64-linux-gnu/libpcre.so.3.13.1
7f65c5a63000-7f65c5a6a000 r-xp 00000000 08:01 4456709                    /usr/lib/x86_64-linux-gnu/libffi.so.6.0.1
7f65c5a6a000-7f65c5c69000 ---p 00007000 08:01 4456709                    /usr/lib/x86_64-linux-gnu/libffi.so.6.0.1
7f65c5c69000-7f65c5c6a000 r--p 00006000 08:01 4456709                    /usr/lib/x86_64-linux-gnu/libffi.so.6.0.1
7f65c5c6a000-7f65c5c6b000 rw-p 00007000 08:01 4456709                    /usr/lib/x86_64-linux-gnu/libffi.so.6.0.1
7f65c5c6b000-7f65c5c81000 r-xp 00000000 08:01 6032132                    /lib/x86_64-linux-gnu/libresolv-2.17.so
7f65c5c81000-7f65c5e81000 ---p 00016000 08:01 6032132                    /lib/x86_64-linux-gnu/libresolv-2.17.so
7f65c5e81000-7f65c5e82000 r--p 00016000 08:01 6032132                    /lib/x86_64-linux-gnu/libresolv-2.17.so
7f65c5e82000-7f65c5e83000 rw-p 00017000 08:01 6032132                    /lib/x86_64-linux-gnu/libresolv-2.17.so
7f65c5e83000-7f65c5e85000 rw-p 00000000 00:00 0 
7f65c5e85000-7f65c5ea4000 r-xp 00000000 08:01 6030733                    /lib/x86_64-linux-gnu/libselinux.so.1
7f65c5ea4000-7f65c60a4000 ---p 0001f000 08:01 6030733                    /lib/x86_64-linux-gnu/libselinux.so.1
7f65c60a4000-7f65c60a5000 r--p 0001f000 08:01 6030733                    /lib/x86_64-linux-gnu/libselinux.so.1
7f65c60a5000-7f65c60a6000 rw-p 00020000 08:01 6030733                    /lib/x86_64-linux-gnu/libselinux.so.1
7f65c60a6000-7f65c60a7000 rw-p 00000000 00:00 0 
7f65c60a7000-7f65c60aa000 r-xp 00000000 08:01 4462010                    /usr/lib/x86_64-linux-gnu/libgmodule-2.0.so.0.3800.1
7f65c60aa000-7f65c62a9000 ---p 00003000 08:01 4462010                    /usr/lib/x86_64-linux-gnu/libgmodule-2.0.so.0.3800.1
7f65c62a9000-7f65c62aa000 r--p 00002000 08:01 4462010                    /usr/lib/x86_64-linux-gnu/libgmodule-2.0.so.0.3800.1
7f65c62aa000-7f65c62ab000 rw-p 00003000 08:01 4462010                    /usr/lib/x86_64-linux-gnu/libgmodule-2.0.so.0.3800.1
7f65c62ab000-7f65c63a9000 r-xp 00000000 08:01 6031331                    /lib/x86_64-linux-gnu/libglib-2.0.so.0.3800.1
7f65c63a9000-7f65c65a9000 ---p 000fe000 08:01 6031331                    /lib/x86_64-linux-gnu/libglib-2.0.so.0.3800.1
7f65c65a9000-7f65c65aa000 r--p 000fe000 08:01 6031331                    /lib/x86_64-linux-gnu/libglib-2.0.so.0.3800.1
7f65c65aa000-7f65c65ab000 rw-p 000ff000 08:01 6031331                    /lib/x86_64-linux-gnu/libglib-2.0.so.0.3800.1
7f65c65ab000-7f65c65ac000 rw-p 00000000 00:00 0 
7f65c65ac000-7f65c65fb000 r-xp 00000000 08:01 4462006                    /usr/lib/x86_64-linux-gnu/libgobject-2.0.so.0.3800.1
7f65c65fb000-7f65c67fb000 ---p 0004f000 08:01 4462006                    /usr/lib/x86_64-linux-gnu/libgobject-2.0.so.0.3800.1
7f65c67fb000-7f65c67fc000 r--p 0004f000 08:01 4462006                    /usr/lib/x86_64-linux-gnu/libgobject-2.0.so.0.3800.1
7f65c67fc000-7f65c67fd000 rw-p 00050000 08:01 4462006                    /usr/lib/x86_64-linux-gnu/libgobject-2.0.so.0.3800.1
7f65c67fd000-7f65c6800000 ---p 00000000 00:00 0 
7f65c6800000-7f65c6ffe000 rw-p 00000000 00:00 0                          [stack:13262]
7f65c6ffe000-7f65c6fff000 ---p 00000000 00:00 0 
7f65c6fff000-7f65c77ff000 rw-p 00000000 00:00 0                          [stack:13261]
7f65c77ff000-7f65c7800000 ---p 00000000 00:00 0 
7f65c7800000-7f65c8000000 rw-p 00000000 00:00 0                          [stack:13260]
7f65c8000000-7f65c8021000 rw-p 00000000 00:00 0 
7f65c8021000-7f65cc000000 ---p 00000000 00:00 0 
7f65cc000000-7f65cc021000 rw-p 00000000 00:00 0 
7f65cc021000-7f65d0000000 ---p 00000000 00:00 0 
7f65d009b000-7f65d009e000 ---p 00000000 00:00 0 
7f65d009e000-7f65d019c000 rw-p 00000000 00:00 0                          [stack:13289]
7f65d019c000-7f65d02f8000 r-xp 00000000 08:01 4462004                    /usr/lib/x86_64-linux-gnu/libgio-2.0.so.0.3800.1
7f65d02f8000-7f65d04f7000 ---p 0015c000 08:01 4462004                    /usr/lib/x86_64-linux-gnu/libgio-2.0.so.0.3800.1
7f65d04f7000-7f65d04fb000 r--p 0015b000 08:01 4462004                    /usr/lib/x86_64-linux-gnu/libgio-2.0.so.0.3800.1
7f65d04fb000-7f65d04fd000 rw-p 0015f000 08:01 4462004                    /usr/lib/x86_64-linux-gnu/libgio-2.0.so.0.3800.1
7f65d04fd000-7f65d04ff000 rw-p 00000000 00:00 0 
7f65d0520000-7f65d0536000 r-xp 00000000 08:01 4459713                    /usr/lib/jvm/java-7-openjdk-amd64/jre/lib/amd64/libnet.so
7f65d0536000-7f65d0735000 ---p 00016000 08:01 4459713                    /usr/lib/jvm/java-7-openjdk-amd64/jre/lib/amd64/libnet.so
7f65d0735000-7f65d0736000 r--p 00015000 08:01 4459713                    /usr/lib/jvm/java-7-openjdk-amd64/jre/lib/amd64/libnet.so
7f65d0736000-7f65d0737000 rw-p 00016000 08:01 4459713                    /usr/lib/jvm/java-7-openjdk-amd64/jre/lib/amd64/libnet.so
7f65d0737000-7f65d0741000 r--s 000b8000 08:01 4463219                    /usr/lib/jvm/java-7-openjdk-amd64/jre/lib/resources.jar
7f65d0741000-7f65d0753000 r--s 00295000 08:01 16910062                   /home/shiwali/InstructoSoarII/april/java/april.jar
7f65d0753000-7f65d0795000 rw-p 00000000 00:00 0 
7f65d0795000-7f65d1003000 r-xp 00000000 08:01 18088668                   /home/shiwali/soar/SoarSuite/out/libSoar.so
7f65d1003000-7f65d1203000 ---p 0086e000 08:01 18088668                   /home/shiwali/soar/SoarSuite/out/libSoar.so
7f65d1203000-7f65d1214000 r--p 0086e000 08:01 18088668                   /home/shiwali/soar/SoarSuite/out/libSoar.so
7f65d1214000-7f65d122b000 rw-p 0087f000 08:01 18088668                   /home/shiwali/soar/SoarSuite/out/libSoar.so
7f65d122b000-7f65d122f000 rw-p 00000000 00:00 0 
7f65d122f000-7f65d1288000 r-xp 00000000 08:01 18088216                   /home/shiwali/soar/SoarSuite/out/libJava_sml_ClientInterface.so
7f65d1288000-7f65d1488000 ---p 00059000 08:01 18088216                   /home/shiwali/soar/SoarSuite/out/libJava_sml_ClientInterface.so
7f65d1488000-7f65d1489000 r--p 00059000 08:01 18088216                   /home/shiwali/soar/SoarSuite/out/libJava_sml_ClientInterface.so
7f65d1489000-7f65d148b000 rw-p 0005a000 08:01 18088216                   /home/shiwali/soar/SoarSuite/out/libJava_sml_ClientInterface.so
7f65d148b000-7f65d148c000 ---p 00000000 00:00 0 
7f65d148c000-7f65d158c000 rw-p 00000000 00:00 0                          [stack:13259]
7f65d158c000-7f65d158f000 ---p 00000000 00:00 0 
7f65d158f000-7f65d168d000 rw-p 00000000 00:00 0                          [stack:13258]
7f65d168d000-7f65d1690000 ---p 00000000 00:00 0 
7f65d1690000-7f65d178e000 rw-p 00000000 00:00 0                          [stack:13257]
7f65d178e000-7f65d1791000 ---p 00000000 00:00 0 
7f65d1791000-7f65d188f000 rw-p 00000000 00:00 0                          [stack:13256]
7f65d188f000-7f65d1892000 ---p 00000000 00:00 0 
7f65d1892000-7f65d1990000 rw-p 00000000 00:00 0                          [stack:13255]
7f65d1990000-7f65d2071000 r--p 00000000 08:01 4462580                    /usr/lib/locale/locale-archive
7f65d2071000-7f65d2074000 ---p 00000000 00:00 0 
7f65d2074000-7f65d2172000 rw-p 00000000 00:00 0                          [stack:13254]
7f65d2172000-7f65d2175000 ---p 00000000 00:00 0 
7f65d2175000-7f65d2273000 rw-p 00000000 00:00 0                          [stack:13253]
7f65d2273000-7f65d2274000 ---p 00000000 00:00 0 
7f65d2274000-7f65d4000000 rw-p 00000000 00:00 0                          [stack:13252]
7f65d4000000-7f65d4021000 rw-p 00000000 00:00 0 
7f65d4021000-7f65d8000000 ---p 00000000 00:00 0 
7f65d8000000-7f65d8021000 rw-p 00000000 00:00 0 
7f65d8021000-7f65dc000000 ---p 00000000 00:00 0 
7f65dc000000-7f65dc021000 rw-p 00000000 00:00 0 
7f65dc021000-7f65e0000000 ---p 00000000 00:00 0 
7f65e0000000-7f65e0021000 rw-p 00000000 00:00 0 
7f65e0021000-7f65e4000000 ---p 00000000 00:00 0 
7f65e4000000-7f65e4021000 rw-p 00000000 00:00 0 
7f65e4021000-7f65e8000000 ---p 00000000 00:00 0 
7f65e8008000-7f65e8011000 r--s 0005a000 08:01 18088659                   /home/shiwali/soar/SoarSuite/out/java/soar-debugger.jar
7f65e8011000-7f65e81bf000 r--s 01cf4000 08:01 4464977                    /usr/lib/jvm/java-7-openjdk-amd64/jre/lib/rt.jar
7f65e81bf000-7f65e8665000 rw-p 00000000 00:00 0 
7f65e8665000-7f65e8666000 ---p 00000000 00:00 0 
7f65e8666000-7f65e8766000 rw-p 00000000 00:00 0                          [stack:13251]
7f65e8766000-7f65e8767000 ---p 00000000 00:00 0 
7f65e8767000-7f65e8867000 rw-p 00000000 00:00 0                          [stack:13250]
7f65e8867000-7f65e8868000 ---p 00000000 00:00 0 
7f65e8868000-7f65e8968000 rw-p 00000000 00:00 0                          [stack:13249]
7f65e8968000-7f65e8969000 ---p 00000000 00:00 0 
7f65e8969000-7f65e8a69000 rw-p 00000000 00:00 0                          [stack:13248]
7f65e8a69000-7f65e8a6a000 ---p 00000000 00:00 0 
7f65e8a6a000-7f65e8b6a000 rw-p 00000000 00:00 0                          [stack:13247]
7f65e8b6a000-7f65e8b6b000 ---p 00000000 00:00 0 
7f65e8b6b000-7f65e8c6b000 rw-p 00000000 00:00 0                          [stack:13246]
7f65e8c6b000-7f65e8c6c000 ---p 00000000 00:00 0 
7f65e8c6c000-7f65e8d95000 rw-p 00000000 00:00 0                          [stack:13245]
7f65e8d95000-7f65e9000000 rw-p 00000000 00:00 0 
7f65e9000000-7f65e9270000 rwxp 00000000 00:00 0 
7f65e9270000-7f65ec394000 rw-p 00000000 00:00 0 
7f65ec394000-7f65f0000000 ---p 00000000 00:00 0 
7f65f0001000-7f65f0005000 r--s 0003a000 08:01 17700006                   /home/shiwali/InstructoSoarII/probcog2/java/probcog.jar
7f65f0005000-7f65f0008000 r--s 0001d000 08:01 5375430                    /usr/local/share/java/lcm.jar
7f65f0008000-7f65f00b5000 rw-p 00000000 00:00 0 
7f65f00b5000-7f65f00b6000 ---p 00000000 00:00 0 
7f65f00b6000-7f65f01c1000 rw-p 00000000 00:00 0                          [stack:13244]
7f65f01c1000-7f65f0209000 rw-p 00000000 00:00 0 
7f65f0209000-7f65f0214000 rw-p 00000000 00:00 0 
7f65f0214000-7f65f025c000 rw-p 00000000 00:00 0 
7f65f025c000-7f65f0285000 rw-p 00000000 00:00 0 
7f65f0285000-7f65f04ef000 rw-p 00000000 00:00 0 
7f65f04ef000-7f65f0606000 rw-p 00000000 00:00 0 
7f65f0606000-7f65f0639000 ---p 00000000 00:00 0 
7f65f0639000-7f65f063a000 rw-p 00000000 00:00 0 
7f65f063a000-7f65f0642000 r-xp 00000000 08:01 4459654                    /usr/lib/jvm/java-7-openjdk-amd64/jre/lib/amd64/libzip.so
7f65f0642000-7f65f0841000 ---p 00008000 08:01 4459654                    /usr/lib/jvm/java-7-openjdk-amd64/jre/lib/amd64/libzip.so
7f65f0841000-7f65f0842000 r--p 00007000 08:01 4459654                    /usr/lib/jvm/java-7-openjdk-amd64/jre/lib/amd64/libzip.so
7f65f0842000-7f65f0843000 rw-p 00008000 08:01 4459654                    /usr/lib/jvm/java-7-openjdk-amd64/jre/lib/amd64/libzip.so
7f65f0843000-7f65f084f000 r-xp 00000000 08:01 6032143                    /lib/x86_64-linux-gnu/libnss_files-2.17.so
7f65f084f000-7f65f0a4e000 ---p 0000c000 08:01 6032143                    /lib/x86_64-linux-gnu/libnss_files-2.17.so
7f65f0a4e000-7f65f0a4f000 r--p 0000b000 08:01 6032143                    /lib/x86_64-linux-gnu/libnss_files-2.17.so
7f65f0a4f000-7f65f0a50000 rw-p 0000c000 08:01 6032143                    /lib/x86_64-linux-gnu/libnss_files-2.17.so
7f65f0a50000-7f65f0a5b000 r-xp 00000000 08:01 6032141                    /lib/x86_64-linux-gnu/libnss_nis-2.17.so
7f65f0a5b000-7f65f0c5a000 ---p 0000b000 08:01 6032141                    /lib/x86_64-linux-gnu/libnss_nis-2.17.so
7f65f0c5a000-7f65f0c5b000 r--p 0000a000 08:01 6032141                    /lib/x86_64-linux-gnu/libnss_nis-2.17.so
7f65f0c5b000-7f65f0c5c000 rw-p 0000b000 08:01 6032141                    /lib/x86_64-linux-gnu/libnss_nis-2.17.so
7f65f0c5c000-7f65f0c73000 r-xp 00000000 08:01 6030124                    /lib/x86_64-linux-gnu/libnsl-2.17.so
7f65f0c73000-7f65f0e72000 ---p 00017000 08:01 6030124                    /lib/x86_64-linux-gnu/libnsl-2.17.so
7f65f0e72000-7f65f0e73000 r--p 00016000 08:01 6030124                    /lib/x86_64-linux-gnu/libnsl-2.17.so
7f65f0e73000-7f65f0e74000 rw-p 00017000 08:01 6030124                    /lib/x86_64-linux-gnu/libnsl-2.17.so
7f65f0e74000-7f65f0e76000 rw-p 00000000 00:00 0 
7f65f0e76000-7f65f0e7e000 r-xp 00000000 08:01 6032131                    /lib/x86_64-linux-gnu/libnss_compat-2.17.so
7f65f0e7e000-7f65f107d000 ---p 00008000 08:01 6032131                    /lib/x86_64-linux-gnu/libnss_compat-2.17.so
7f65f107d000-7f65f107e000 r--p 00007000 08:01 6032131                    /lib/x86_64-linux-gnu/libnss_compat-2.17.so
7f65f107e000-7f65f107f000 rw-p 00008000 08:01 6032131                    /lib/x86_64-linux-gnu/libnss_compat-2.17.so
7f65f107f000-7f65f10aa000 r-xp 00000000 08:01 4459536                    /usr/lib/jvm/java-7-openjdk-amd64/jre/lib/amd64/libjava.so
7f65f10aa000-7f65f12a9000 ---p 0002b000 08:01 4459536                    /usr/lib/jvm/java-7-openjdk-amd64/jre/lib/amd64/libjava.so
7f65f12a9000-7f65f12aa000 r--p 0002a000 08:01 4459536                    /usr/lib/jvm/java-7-openjdk-amd64/jre/lib/amd64/libjava.so
7f65f12aa000-7f65f12ac000 rw-p 0002b000 08:01 4459536                    /usr/lib/jvm/java-7-openjdk-amd64/jre/lib/amd64/libjava.so
7f65f12ac000-7f65f12bc000 r-xp 00000000 08:01 4459994                    /usr/lib/jvm/java-7-openjdk-amd64/jre/lib/amd64/libverify.so
7f65f12bc000-7f65f14bb000 ---p 00010000 08:01 4459994                    /usr/lib/jvm/java-7-openjdk-amd64/jre/lib/amd64/libverify.so
7f65f14bb000-7f65f14bd000 r--p 0000f000 08:01 4459994                    /usr/lib/jvm/java-7-openjdk-amd64/jre/lib/amd64/libverify.so
7f65f14bd000-7f65f14be000 rw-p 00011000 08:01 4459994                    /usr/lib/jvm/java-7-openjdk-amd64/jre/lib/amd64/libverify.so
7f65f14be000-7f65f14c5000 r-xp 00000000 08:01 6032144                    /lib/x86_64-linux-gnu/librt-2.17.so
7f65f14c5000-7f65f16c4000 ---p 00007000 08:01 6032144                    /lib/x86_64-linux-gnu/librt-2.17.so
7f65f16c4000-7f65f16c5000 r--p 00006000 08:01 6032144                    /lib/x86_64-linux-gnu/librt-2.17.so
7f65f16c5000-7f65f16c6000 rw-p 00007000 08:01 6032144                    /lib/x86_64-linux-gnu/librt-2.17.so
7f65f16c6000-7f65f16db000 r-xp 00000000 08:01 6031231                    /lib/x86_64-linux-gnu/libgcc_s.so.1
7f65f16db000-7f65f18da000 ---p 00015000 08:01 6031231                    /lib/x86_64-linux-gnu/libgcc_s.so.1
7f65f18da000-7f65f18db000 r--p 00014000 08:01 6031231                    /lib/x86_64-linux-gnu/libgcc_s.so.1
7f65f18db000-7f65f18dc000 rw-p 00015000 08:01 6031231                    /lib/x86_64-linux-gnu/libgcc_s.so.1
7f65f18dc000-7f65f19df000 r-xp 00000000 08:01 6032134                    /lib/x86_64-linux-gnu/libm-2.17.so
7f65f19df000-7f65f1bde000 ---p 00103000 08:01 6032134                    /lib/x86_64-linux-gnu/libm-2.17.so
7f65f1bde000-7f65f1bdf000 r--p 00102000 08:01 6032134                    /lib/x86_64-linux-gnu/libm-2.17.so
7f65f1bdf000-7f65f1be0000 rw-p 00103000 08:01 6032134                    /lib/x86_64-linux-gnu/libm-2.17.so
7f65f1be0000-7f65f1cc6000 r-xp 00000000 08:01 4456978                    /usr/lib/x86_64-linux-gnu/libstdc++.so.6.0.18
7f65f1cc6000-7f65f1ec5000 ---p 000e6000 08:01 4456978                    /usr/lib/x86_64-linux-gnu/libstdc++.so.6.0.18
7f65f1ec5000-7f65f1ecd000 r--p 000e5000 08:01 4456978                    /usr/lib/x86_64-linux-gnu/libstdc++.so.6.0.18
7f65f1ecd000-7f65f1ecf000 rw-p 000ed000 08:01 4456978                    /usr/lib/x86_64-linux-gnu/libstdc++.so.6.0.18
7f65f1ecf000-7f65f1ee4000 rw-p 00000000 00:00 0 
7f65f1ee4000-7f65f29c3000 r-xp 00000000 08:01 4460009                    /usr/lib/jvm/java-7-openjdk-amd64/jre/lib/amd64/server/libjvm.so
7f65f29c3000-7f65f2bc2000 ---p 00adf000 08:01 4460009                    /usr/lib/jvm/java-7-openjdk-amd64/jre/lib/amd64/server/libjvm.so
7f65f2bc2000-7f65f2c54000 r--p 00ade000 08:01 4460009                    /usr/lib/jvm/java-7-openjdk-amd64/jre/lib/amd64/server/libjvm.so
7f65f2c54000-7f65f2c77000 rw-p 00b70000 08:01 4460009                    /usr/lib/jvm/java-7-openjdk-amd64/jre/lib/amd64/server/libjvm.so
7f65f2c77000-7f65f2ca4000 rw-p 00000000 00:00 0 
7f65f2ca4000-7f65f2cbc000 r-xp 00000000 08:01 6030756                    /lib/x86_64-linux-gnu/libz.so.1.2.8
7f65f2cbc000-7f65f2ebb000 ---p 00018000 08:01 6030756                    /lib/x86_64-linux-gnu/libz.so.1.2.8
7f65f2ebb000-7f65f2ebc000 r--p 00017000 08:01 6030756                    /lib/x86_64-linux-gnu/libz.so.1.2.8
7f65f2ebc000-7f65f2ebd000 rw-p 00018000 08:01 6030756                    /lib/x86_64-linux-gnu/libz.so.1.2.8
7f65f2ebd000-7f65f2ed4000 r-xp 00000000 08:01 6032196                    /lib/x86_64-linux-gnu/libpthread-2.17.so
7f65f2ed4000-7f65f30d4000 ---p 00017000 08:01 6032196                    /lib/x86_64-linux-gnu/libpthread-2.17.so
7f65f30d4000-7f65f30d5000 r--p 00017000 08:01 6032196                    /lib/x86_64-linux-gnu/libpthread-2.17.so
7f65f30d5000-7f65f30d6000 rw-p 00018000 08:01 6032196                    /lib/x86_64-linux-gnu/libpthread-2.17.so
7f65f30d6000-7f65f30da000 rw-p 00000000 00:00 0 
7f65f30da000-7f65f30dd000 r-xp 00000000 08:01 6032195                    /lib/x86_64-linux-gnu/libdl-2.17.so
7f65f30dd000-7f65f32dc000 ---p 00003000 08:01 6032195                    /lib/x86_64-linux-gnu/libdl-2.17.so
7f65f32dc000-7f65f32dd000 r--p 00002000 08:01 6032195                    /lib/x86_64-linux-gnu/libdl-2.17.so
7f65f32dd000-7f65f32de000 rw-p 00003000 08:01 6032195                    /lib/x86_64-linux-gnu/libdl-2.17.so
7f65f32de000-7f65f349b000 r-xp 00000000 08:01 6032194                    /lib/x86_64-linux-gnu/libc-2.17.so
7f65f349b000-7f65f369b000 ---p 001bd000 08:01 6032194                    /lib/x86_64-linux-gnu/libc-2.17.so
7f65f369b000-7f65f369f000 r--p 001bd000 08:01 6032194                    /lib/x86_64-linux-gnu/libc-2.17.so
7f65f369f000-7f65f36a1000 rw-p 001c1000 08:01 6032194                    /lib/x86_64-linux-gnu/libc-2.17.so
7f65f36a1000-7f65f36a6000 rw-p 00000000 00:00 0 
7f65f36a6000-7f65f36b3000 r-xp 00000000 08:01 4460769                    /usr/lib/jvm/java-7-openjdk-amd64/jre/lib/amd64/jli/libjli.so
7f65f36b3000-7f65f38b2000 ---p 0000d000 08:01 4460769                    /usr/lib/jvm/java-7-openjdk-amd64/jre/lib/amd64/jli/libjli.so
7f65f38b2000-7f65f38b3000 r--p 0000c000 08:01 4460769                    /usr/lib/jvm/java-7-openjdk-amd64/jre/lib/amd64/jli/libjli.so
7f65f38b3000-7f65f38b4000 rw-p 0000d000 08:01 4460769                    /usr/lib/jvm/java-7-openjdk-amd64/jre/lib/amd64/jli/libjli.so
7f65f38b4000-7f65f38d7000 r-xp 00000000 08:01 6032137                    /lib/x86_64-linux-gnu/ld-2.17.so
7f65f38d7000-7f65f38d8000 r--s 00001000 08:01 18088351                   /home/shiwali/soar/SoarSuite/out/java/soar-debugger-api.jar
7f65f38d8000-7f65f38eb000 r--s 00211000 08:01 18088666                   /home/shiwali/soar/SoarSuite/out/java/swt.jar
7f65f38eb000-7f65f38ed000 r--s 00005000 08:01 18088338                   /home/shiwali/soar/SoarSuite/out/java/soar-smljava.jar
7f65f38ed000-7f65f38f7000 rw-p 00000000 00:00 0 
7f65f38f7000-7f65f39ad000 rw-p 00000000 00:00 0 
7f65f39ad000-7f65f39b0000 ---p 00000000 00:00 0 
7f65f39b0000-7f65f3ab3000 rw-p 00000000 00:00 0                          [stack:13239]
7f65f3ab3000-7f65f3ab4000 r--s 00003000 08:01 18088665                   /home/shiwali/soar/SoarSuite/out/java/swtgraphics2d.jar
7f65f3ab4000-7f65f3ab7000 r--s 00018000 08:01 18088316                   /home/shiwali/soar/SoarSuite/out/java/sml.jar
7f65f3ab7000-7f65f3abb000 r--s 00085000 08:01 4463245                    /usr/lib/jvm/java-7-openjdk-amd64/jre/lib/ext/localedata.jar
7f65f3abb000-7f65f3abe000 r--s 00032000 08:01 4463484                    /usr/lib/jvm/java-7-openjdk-amd64/jre/lib/ext/sunjce_provider.jar
7f65f3abe000-7f65f3ac2000 r--s 0003b000 08:01 4463904                    /usr/lib/jvm/java-7-openjdk-amd64/jre/lib/ext/sunpkcs11.jar
7f65f3ac2000-7f65f3ac3000 r--s 00002000 08:01 4463485                    /usr/lib/jvm/java-7-openjdk-amd64/jre/lib/ext/dnsns.jar
7f65f3ac3000-7f65f3ac6000 r--s 0000f000 08:01 4463265                    /usr/lib/jvm/java-7-openjdk-amd64/jre/lib/ext/pulse-java.jar
7f65f3ac6000-7f65f3ac8000 r--s 00006000 08:01 4855577                    /usr/share/java/java-atk-wrapper.jar
7f65f3ac8000-7f65f3aca000 r--s 00012000 08:01 4463267                    /usr/lib/jvm/java-7-openjdk-amd64/jre/lib/ext/zipfs.jar
7f65f3aca000-7f65f3ad2000 rw-s 00000000 08:01 6298537                    /tmp/hsperfdata_shiwali/13238
7f65f3ad2000-7f65f3ad3000 rw-p 00000000 00:00 0 
7f65f3ad3000-7f65f3ad4000 r--p 00000000 00:00 0 
7f65f3ad4000-7f65f3ad6000 rw-p 00000000 00:00 0 
7f65f3ad6000-7f65f3ad7000 r--p 00022000 08:01 6032137                    /lib/x86_64-linux-gnu/ld-2.17.so
7f65f3ad7000-7f65f3ad9000 rw-p 00023000 08:01 6032137                    /lib/x86_64-linux-gnu/ld-2.17.so
7ffff2961000-7ffff2982000 rw-p 00000000 00:00 0                          [stack]
7ffff29f6000-7ffff29f8000 r-xp 00000000 00:00 0                          [vdso]
ffffffffff600000-ffffffffff601000 r-xp 00000000 00:00 0                  [vsyscall]

VM Arguments:
jvm_args: -Dfile.encoding=UTF-8 
java_command: edu.umich.insoar.InSoar
Launcher Type: SUN_STANDARD

Environment Variables:
JAVA_HOME=/usr/lib/jvm/java-7-oracle
PATH=/usr/lib/lightdm/lightdm:/usr/local/sbin:/usr/local/bin:/usr/sbin:/usr/bin:/sbin:/bin:/usr/games:/usr/local/games:/usr/lib/jvm/java-7-oracle/bin:/usr/lib/jvm/java-7-oracle/db/bin:/usr/lib/jvm/java-7-oracle/jre/bin
LD_LIBRARY_PATH=/home/shiwali/soar/SoarSuite/out
SHELL=/bin/bash
DISPLAY=:0

Signal Handlers:
SIGSEGV: [libjvm.so+0x916ea0], sa_mask[0]=0x7ffbfeff, sa_flags=0x10000004
SIGBUS: [libjvm.so+0x916ea0], sa_mask[0]=0x7ffbfeff, sa_flags=0x10000004
SIGFPE: [libjvm.so+0x794800], sa_mask[0]=0x7ffbfeff, sa_flags=0x10000004
SIGPIPE: SIG_IGN, sa_mask[0]=0x00000000, sa_flags=0x00000000
SIGXFSZ: [libjvm.so+0x794800], sa_mask[0]=0x7ffbfeff, sa_flags=0x10000004
SIGILL: [libjvm.so+0x794800], sa_mask[0]=0x7ffbfeff, sa_flags=0x10000004
SIGUSR1: SIG_DFL, sa_mask[0]=0x00000000, sa_flags=0x00000000
SIGUSR2: [libjvm.so+0x7946a0], sa_mask[0]=0x00000004, sa_flags=0x10000004
SIGHUP: [libjvm.so+0x794880], sa_mask[0]=0x7ffbfeff, sa_flags=0x10000004
SIGINT: [libjvm.so+0x794880], sa_mask[0]=0x7ffbfeff, sa_flags=0x10000004
SIGTERM: [libjvm.so+0x794880], sa_mask[0]=0x7ffbfeff, sa_flags=0x10000004
SIGQUIT: [libjvm.so+0x794880], sa_mask[0]=0x7ffbfeff, sa_flags=0x10000004


---------------  S Y S T E M  ---------------

OS:Ubuntu 13.10 (saucy)
uname:Linux 3.11.0-031100-generic #201309021735 SMP Mon Sep 2 21:36:21 UTC 2013 x86_64
libc:glibc 2.17 NPTL 2.17 
rlimit: STACK 8192k, CORE 0k, NPROC 63142, NOFILE 4096, AS infinity
load average:3.04 2.18 1.82

/proc/meminfo:
MemTotal:        8101364 kB
MemFree:         5362416 kB
Buffers:          212308 kB
Cached:           914928 kB
SwapCached:        64056 kB
Active:          1025452 kB
Inactive:        1368068 kB
Active(anon):     516472 kB
Inactive(anon):   756568 kB
Active(file):     508980 kB
Inactive(file):   611500 kB
Unevictable:          64 kB
Mlocked:              64 kB
SwapTotal:       8311804 kB
SwapFree:        8142064 kB
Dirty:              1480 kB
Writeback:          1020 kB
AnonPages:       1225052 kB
Mapped:            95708 kB
Shmem:              6412 kB
Slab:             172640 kB
SReclaimable:     128772 kB
SUnreclaim:        43868 kB
KernelStack:        3824 kB
PageTables:        18592 kB
NFS_Unstable:          0 kB
Bounce:                0 kB
WritebackTmp:          0 kB
CommitLimit:    12362484 kB
Committed_AS:    3103124 kB
VmallocTotal:   34359738367 kB
VmallocUsed:      107940 kB
VmallocChunk:   34359624408 kB
HardwareCorrupted:     0 kB
AnonHugePages:         0 kB
HugePages_Total:       0
HugePages_Free:        0
HugePages_Rsvd:        0
HugePages_Surp:        0
Hugepagesize:       2048 kB
DirectMap4k:       60220 kB
DirectMap2M:     8253440 kB


CPU:total 8 (4 cores per cpu, 2 threads per core) family 6 model 30 stepping 5, cmov, cx8, fxsr, mmx, sse, sse2, sse3, ssse3, sse4.1, sse4.2, popcnt, ht, tsc, tscinvbit

/proc/cpuinfo:
processor	: 0
vendor_id	: GenuineIntel
cpu family	: 6
model		: 30
model name	: Intel(R) Core(TM) i7 CPU         860  @ 2.80GHz
stepping	: 5
microcode	: 0x5
cpu MHz		: 2527.000
cache size	: 8192 KB
physical id	: 0
siblings	: 8
core id		: 0
cpu cores	: 4
apicid		: 0
initial apicid	: 0
fpu		: yes
fpu_exception	: yes
cpuid level	: 11
wp		: yes
flags		: fpu vme de pse tsc msr pae mce cx8 apic sep mtrr pge mca cmov pat pse36 clflush dts acpi mmx fxsr sse sse2 ss ht tm pbe syscall nx rdtscp lm constant_tsc arch_perfmon pebs bts rep_good nopl xtopology nonstop_tsc aperfmperf pni dtes64 monitor ds_cpl vmx smx est tm2 ssse3 cx16 xtpr pdcm sse4_1 sse4_2 popcnt lahf_lm ida dtherm tpr_shadow vnmi flexpriority ept vpid
bogomips	: 5585.91
clflush size	: 64
cache_alignment	: 64
address sizes	: 36 bits physical, 48 bits virtual
power management:

processor	: 1
vendor_id	: GenuineIntel
cpu family	: 6
model		: 30
model name	: Intel(R) Core(TM) i7 CPU         860  @ 2.80GHz
stepping	: 5
microcode	: 0x5
cpu MHz		: 2794.000
cache size	: 8192 KB
physical id	: 0
siblings	: 8
core id		: 1
cpu cores	: 4
apicid		: 2
initial apicid	: 2
fpu		: yes
fpu_exception	: yes
cpuid level	: 11
wp		: yes
flags		: fpu vme de pse tsc msr pae mce cx8 apic sep mtrr pge mca cmov pat pse36 clflush dts acpi mmx fxsr sse sse2 ss ht tm pbe syscall nx rdtscp lm constant_tsc arch_perfmon pebs bts rep_good nopl xtopology nonstop_tsc aperfmperf pni dtes64 monitor ds_cpl vmx smx est tm2 ssse3 cx16 xtpr pdcm sse4_1 sse4_2 popcnt lahf_lm ida dtherm tpr_shadow vnmi flexpriority ept vpid
bogomips	: 5585.91
clflush size	: 64
cache_alignment	: 64
address sizes	: 36 bits physical, 48 bits virtual
power management:

processor	: 2
vendor_id	: GenuineIntel
cpu family	: 6
model		: 30
model name	: Intel(R) Core(TM) i7 CPU         860  @ 2.80GHz
stepping	: 5
microcode	: 0x5
cpu MHz		: 2794.000
cache size	: 8192 KB
physical id	: 0
siblings	: 8
core id		: 2
cpu cores	: 4
apicid		: 4
initial apicid	: 4
fpu		: yes
fpu_exception	: yes
cpuid level	: 11
wp		: yes
flags		: fpu vme de pse tsc msr pae mce cx8 apic sep mtrr pge mca cmov pat pse36 clflush dts acpi mmx fxsr sse sse2 ss ht tm pbe syscall nx rdtscp lm constant_tsc arch_perfmon pebs bts rep_good nopl xtopology nonstop_tsc aperfmperf pni dtes64 monitor ds_cpl vmx smx est tm2 ssse3 cx16 xtpr pdcm sse4_1 sse4_2 popcnt lahf_lm ida dtherm tpr_shadow vnmi flexpriority ept vpid
bogomips	: 5585.91
clflush size	: 64
cache_alignment	: 64
address sizes	: 36 bits physical, 48 bits virtual
power management:

processor	: 3
vendor_id	: GenuineIntel
cpu family	: 6
model		: 30
model name	: Intel(R) Core(TM) i7 CPU         860  @ 2.80GHz
stepping	: 5
microcode	: 0x5
cpu MHz		: 2793.000
cache size	: 8192 KB
physical id	: 0
siblings	: 8
core id		: 3
cpu cores	: 4
apicid		: 6
initial apicid	: 6
fpu		: yes
fpu_exception	: yes
cpuid level	: 11
wp		: yes
flags		: fpu vme de pse tsc msr pae mce cx8 apic sep mtrr pge mca cmov pat pse36 clflush dts acpi mmx fxsr sse sse2 ss ht tm pbe syscall nx rdtscp lm constant_tsc arch_perfmon pebs bts rep_good nopl xtopology nonstop_tsc aperfmperf pni dtes64 monitor ds_cpl vmx smx est tm2 ssse3 cx16 xtpr pdcm sse4_1 sse4_2 popcnt lahf_lm ida dtherm tpr_shadow vnmi flexpriority ept vpid
bogomips	: 5585.91
clflush size	: 64
cache_alignment	: 64
address sizes	: 36 bits physical, 48 bits virtual
power management:

processor	: 4
vendor_id	: GenuineIntel
cpu family	: 6
model		: 30
model name	: Intel(R) Core(TM) i7 CPU         860  @ 2.80GHz
stepping	: 5
microcode	: 0x5
cpu MHz		: 1197.000
cache size	: 8192 KB
physical id	: 0
siblings	: 8
core id		: 0
cpu cores	: 4
apicid		: 1
initial apicid	: 1
fpu		: yes
fpu_exception	: yes
cpuid level	: 11
wp		: yes
flags		: fpu vme de pse tsc msr pae mce cx8 apic sep mtrr pge mca cmov pat pse36 clflush dts acpi mmx fxsr sse sse2 ss ht tm pbe syscall nx rdtscp lm constant_tsc arch_perfmon pebs bts rep_good nopl xtopology nonstop_tsc aperfmperf pni dtes64 monitor ds_cpl vmx smx est tm2 ssse3 cx16 xtpr pdcm sse4_1 sse4_2 popcnt lahf_lm ida dtherm tpr_shadow vnmi flexpriority ept vpid
bogomips	: 5585.91
clflush size	: 64
cache_alignment	: 64
address sizes	: 36 bits physical, 48 bits virtual
power management:

processor	: 5
vendor_id	: GenuineIntel
cpu family	: 6
model		: 30
model name	: Intel(R) Core(TM) i7 CPU         860  @ 2.80GHz
stepping	: 5
microcode	: 0x5
cpu MHz		: 2794.000
cache size	: 8192 KB
physical id	: 0
siblings	: 8
core id		: 1
cpu cores	: 4
apicid		: 3
initial apicid	: 3
fpu		: yes
fpu_exception	: yes
cpuid level	: 11
wp		: yes
flags		: fpu vme de pse tsc msr pae mce cx8 apic sep mtrr pge mca cmov pat pse36 clflush dts acpi mmx fxsr sse sse2 ss ht tm pbe syscall nx rdtscp lm constant_tsc arch_perfmon pebs bts rep_good nopl xtopology nonstop_tsc aperfmperf pni dtes64 monitor ds_cpl vmx smx est tm2 ssse3 cx16 xtpr pdcm sse4_1 sse4_2 popcnt lahf_lm ida dtherm tpr_shadow vnmi flexpriority ept vpid
bogomips	: 5585.91
clflush size	: 64
cache_alignment	: 64
address sizes	: 36 bits physical, 48 bits virtual
power management:

processor	: 6
vendor_id	: GenuineIntel
cpu family	: 6
model		: 30
model name	: Intel(R) Core(TM) i7 CPU         860  @ 2.80GHz
stepping	: 5
microcode	: 0x5
cpu MHz		: 2794.000
cache size	: 8192 KB
physical id	: 0
siblings	: 8
core id		: 2
cpu cores	: 4
apicid		: 5
initial apicid	: 5
fpu		: yes
fpu_exception	: yes
cpuid level	: 11
wp		: yes
flags		: fpu vme de pse tsc msr pae mce cx8 apic sep mtrr pge mca cmov pat pse36 clflush dts acpi mmx fxsr sse sse2 ss ht tm pbe syscall nx rdtscp lm constant_tsc arch_perfmon pebs bts rep_good nopl xtopology nonstop_tsc aperfmperf pni dtes64 monitor ds_cpl vmx smx est tm2 ssse3 cx16 xtpr pdcm sse4_1 sse4_2 popcnt lahf_lm ida dtherm tpr_shadow vnmi flexpriority ept vpid
bogomips	: 5585.91
clflush size	: 64
cache_alignment	: 64
address sizes	: 36 bits physical, 48 bits virtual
power management:

processor	: 7
vendor_id	: GenuineIntel
cpu family	: 6
model		: 30
model name	: Intel(R) Core(TM) i7 CPU         860  @ 2.80GHz
stepping	: 5
microcode	: 0x5
cpu MHz		: 1197.000
cache size	: 8192 KB
physical id	: 0
siblings	: 8
core id		: 3
cpu cores	: 4
apicid		: 7
initial apicid	: 7
fpu		: yes
fpu_exception	: yes
cpuid level	: 11
wp		: yes
flags		: fpu vme de pse tsc msr pae mce cx8 apic sep mtrr pge mca cmov pat pse36 clflush dts acpi mmx fxsr sse sse2 ss ht tm pbe syscall nx rdtscp lm constant_tsc arch_perfmon pebs bts rep_good nopl xtopology nonstop_tsc aperfmperf pni dtes64 monitor ds_cpl vmx smx est tm2 ssse3 cx16 xtpr pdcm sse4_1 sse4_2 popcnt lahf_lm ida dtherm tpr_shadow vnmi flexpriority ept vpid
bogomips	: 5585.91
clflush size	: 64
cache_alignment	: 64
address sizes	: 36 bits physical, 48 bits virtual
power management:



Memory: 4k page, physical 8101364k(5362416k free), swap 8311804k(8142064k free)

vm_info: OpenJDK 64-Bit Server VM (24.45-b08) for linux-amd64 JRE (1.7.0_51-b00), built on Jan 15 2014 22:02:57 by "buildd" with gcc 4.8.1

time: Thu Mar 27 10:17:29 2014
elapsed time: 147069 seconds

