#
# A fatal error has been detected by the Java Runtime Environment:
#
#  SIGSEGV (0xb) at pc=0x00007f1d24fbea7f, pid=28949, tid=139762396559104
#
# JRE version: 7.0_25-b30
# Java VM: OpenJDK 64-Bit Server VM (23.7-b01 mixed mode linux-amd64 compressed oops)
# Problematic frame:
# C  [libSoar.so+0x257a7f]  std::_List_base<preference_struct*, soar_module::soar_memory_pool_allocator<preference_struct*> >::_M_clear()+0x11
#
# Failed to write core dump. Core dumps have been disabled. To enable core dumping, try "ulimit -c unlimited" before starting Java again
#
# If you would like to submit a bug report, please include
# instructions on how to reproduce the bug and visit:
#   https://bugs.launchpad.net/ubuntu/+source/openjdk-7/
#

---------------  T H R E A D  ---------------

Current thread is native thread

siginfo:si_signo=SIGSEGV: si_errno=0, si_code=1 (SEGV_MAPERR), si_addr=0x0000000000000018

Registers:
RAX=0x0000000000000000, RBX=0x0000000000000000, RCX=0x00007f1ce4665080, RDX=0x00007f1ce4665080
RSP=0x00007f1cf7ffdc90, RBP=0x00007f1cf7ffdce0, RSI=0x00007f1ce4665080, RDI=0x0000000000000000
R8 =0x0000000000000000, R9 =0x00000000000c0000, R10=0x0000000000000000, R11=0x00007f1d360ddc0d
R12=0x0000000000000000, R13=0x00007f1d3684a060, R14=0x00007f1d368214e0, R15=0x0000000000001000
RIP=0x00007f1d24fbea7f, EFLAGS=0x0000000000010206, CSGSFS=0x0000000000000033, ERR=0x0000000000000004
  TRAPNO=0x000000000000000e

Top of Stack: (sp=0x00007f1cf7ffdc90)
0x00007f1cf7ffdc90:   00007f1cf7ffdcd0 0000000000000000
0x00007f1cf7ffdca0:   00007f1ce5984280 00007f1ce4007310
0x00007f1cf7ffdcb0:   00007f1ce4665160 00007f1ce4000dd0
0x00007f1cf7ffdcc0:   00007f1ce4665200 00007f1ce40029a0
0x00007f1cf7ffdcd0:   00007f1cf7ffdd00 0000000000000000
0x00007f1cf7ffdce0:   00007f1cf7ffdd00 00007f1d24fadd1a
0x00007f1cf7ffdcf0:   0000000200000000 0000000000000000
0x00007f1cf7ffdd00:   00007f1cf7ffdd30 00007f1d24f38948
0x00007f1cf7ffdd10:   00007f1ce4665080 00007f1ce4000dd0
0x00007f1cf7ffdd20:   0000000000000000 00007f1ce4665170
0x00007f1cf7ffdd30:   00007f1cf7ffdd70 00007f1d24f30425
0x00007f1cf7ffdd40:   00007f1ce4665080 00007f1ce4000dd0
0x00007f1cf7ffdd50:   0000000000000000 00007f1ce4000dd0
0x00007f1cf7ffdd60:   0000000000000000 00007f1d24f6144f
0x00007f1cf7ffdd70:   00007f1cf7ffdeb0 00007f1d24f32cb0
0x00007f1cf7ffdd80:   00007f1ce5ba3208 00007f1ce4000dd0
0x00007f1cf7ffdd90:   00007f1cf7ffddb0 00007f1d24fb4447
0x00007f1cf7ffdda0:   00007f1cf7ffdde8 00007f1ce4000dd0
0x00007f1cf7ffddb0:   00007f1cf7ffddf0 00007f1d24fbadd8
0x00007f1cf7ffddc0:   00007f1ce59c5990 00007f1ce4007390
0x00007f1cf7ffddd0:   00007f1ce5b2ca10 00007f1ce4000dd0
0x00007f1cf7ffdde0:   00007f1cf7ffde00 00007f1ce46a4630
0x00007f1cf7ffddf0:   00007f1cf7ffde10 00007f1d24f8ffde
0x00007f1cf7ffde00:   00007f1ce5b2ca10 00007f1ce4000dd0
0x00007f1cf7ffde10:   00007f1cf7ffdeb0 00007f1d24f2d80f
0x00007f1cf7ffde20:   00007f1cf7ffde40 00007f1d24fb4447
0x00007f1cf7ffde30:   00007f00f7ffde00 00007f1cf7ffdef8
0x00007f1cf7ffde40:   00007f1ce5b2ca10 00007f1ce4000dd0
0x00007f1cf7ffde50:   00007f1cf7ffde80 00007f1ce404aaf0
0x00007f1cf7ffde60:   00007f1c0058bf60 00007f1ce4000dd0
0x00007f1cf7ffde70:   00007f1ce4665080 00007f1ce5990f50
0x00007f1cf7ffde80:   00007f1cf7ffdeb0 00007f1d24f97304 

Instructions: (pc=0x00007f1d24fbea7f)
0x00007f1d24fbea5f:   18 48 3b 45 c0 75 97 48 83 c4 48 5b 5d c3 90 55
0x00007f1d24fbea6f:   48 89 e5 53 48 83 ec 48 48 89 7d b8 48 8b 45 b8
0x00007f1d24fbea7f:   48 8b 40 18 48 89 45 c0 eb 5b 48 8b 45 c0 48 89
0x00007f1d24fbea8f:   45 c8 48 8b 45 c0 48 8b 00 48 89 45 c0 48 8b 45 

Register to memory mapping:

RAX=0x0000000000000000 is an unknown value
RBX=0x0000000000000000 is an unknown value
RCX=0x00007f1ce4665080 is an unknown value
RDX=0x00007f1ce4665080 is an unknown value
RSP=0x00007f1cf7ffdc90 is an unknown value
RBP=0x00007f1cf7ffdce0 is an unknown value
RSI=0x00007f1ce4665080 is an unknown value
RDI=0x0000000000000000 is an unknown value
R8 =0x0000000000000000 is an unknown value
R9 =0x00000000000c0000 is an unknown value
R10=0x0000000000000000 is an unknown value
R11=0x00007f1d360ddc0d: <offset 0x8cc0d> in /lib/x86_64-linux-gnu/libc.so.6 at 0x00007f1d36051000
R12=0x0000000000000000 is an unknown value
R13=0x00007f1d3684a060: _rtld_global+0 in /lib64/ld-linux-x86-64.so.2 at 0x00007f1d36627000
R14=0x00007f1d368214e0 is pointing into the stack for thread: 0x00007f1d30009800
R15=0x0000000000001000 is an unknown value


Stack: [0x00007f1cf77ff000,0x00007f1cf8000000],  sp=0x00007f1cf7ffdc90,  free space=8187k
Native frames: (J=compiled Java code, j=interpreted, Vv=VM code, C=native code)
C  [libSoar.so+0x257a7f]  std::_List_base<preference_struct*, soar_module::soar_memory_pool_allocator<preference_struct*> >::_M_clear()+0x11
C  [libSoar.so+0x246d1a]  std::list<preference_struct*, soar_module::soar_memory_pool_allocator<preference_struct*> >::clear()+0x18
C  [libSoar.so+0x1d1948]  epmem_reset(agent_struct*, symbol_union*)+0x76
C  [libSoar.so+0x1c9425]  remove_existing_context_and_descendents(agent_struct*, symbol_union*)+0x25b
C  [libSoar.so+0x1cbcb0]  gds_invalid_so_remove_goal(agent_struct*, wme_struct*)+0x29c
C  [libSoar.so+0x1c8c36]  decide_non_context_slot(agent_struct*, slot_struct*)+0x18f
C  [libSoar.so+0x1c90fd]  decide_non_context_slots(agent_struct*)+0x55
C  [libSoar.so+0x1cacf7]  do_working_memory_phase(agent_struct*)+0x105
C  [libSoar.so+0x1e350f]  do_one_top_level_phase(agent_struct*)+0x7ea
C  [libSoar.so+0x1e4499]  run_for_n_phases(agent_struct*, long)+0x83
C  [libSoar.so+0x36ccec]  sml::AgentSML::Step(sml::smlRunStepSize)+0xf0
C  [libSoar.so+0x36cb3d]  sml::AgentSML::StepInClientThread(sml::smlRunStepSize)+0x43
C  [libSoar.so+0x37d98a]  sml::RunScheduler::RunScheduledAgents(bool, sml::smlRunStepSize, unsigned long, sml::smlRunFlags, sml::smlRunStepSize, bool)+0x344
C  [libSoar.so+0x407aa8]  cli::CommandLineInterface::DoRun(std::bitset<10ul> const&, int, cli::Cli::eRunInterleaveMode)+0x332
C  [libSoar.so+0x428b10]  cli::RunCommand::Parse(std::vector<std::string, std::allocator<std::string> >&)+0x67a
C  [libSoar.so+0x419047]  cli::Parser::handle_command(std::vector<std::string, std::allocator<std::string> >&)+0x91
C  [libSoar.so+0x417d6e]  soar::tokenizer::parse_command()+0x1d0
C  [libSoar.so+0x417b14]  soar::tokenizer::evaluate(char const*)+0x60
C  [libSoar.so+0x40afe3]  cli::CommandLineInterface::Source(char const*, bool)+0x61
C  [libSoar.so+0x4152eb]  cli::CommandLineInterface::DoCommand(sml::Connection*, sml::AgentSML*, char const*, bool, bool, soarxml::ElementXML*)+0x11d
C  [libSoar.so+0x377d61]  sml::KernelSML::HandleCommandLine(sml::AgentSML*, char const*, sml::Connection*, sml::AnalyzeXML*, soarxml::ElementXML*)+0x483
C  [libSoar.so+0x3741b7]  sml::KernelSML::ProcessCommand(char const*, sml::Connection*, sml::AnalyzeXML*, soarxml::ElementXML*)+0x325
C  [libSoar.so+0x374483]  sml::KernelSML::ProcessIncomingSML(sml::Connection*, soarxml::ElementXML*)+0x119
C  [libSoar.so+0x36aec2]  ReceivedCall(sml::Connection*, soarxml::ElementXML*, void*)+0x3b
C  [libSoar.so+0x3e14a4]  sml::Callback::Invoke(soarxml::ElementXML*)+0x30
C  [libSoar.so+0x3db197]  sml::Connection::InvokeCallbacks(soarxml::ElementXML*)+0x105
C  [libSoar.so+0x3de839]  sml::RemoteConnection::ReceiveMessages(bool, int, int)+0x229
C  [libSoar.so+0x3de60d]  sml::RemoteConnection::ReceiveMessages(bool)+0x2b
C  [libSoar.so+0x3713ff]  sml::ConnectionManager::ReceiveAllMessages()+0x71
C  [libSoar.so+0x379cdc]  sml::ReceiverThread::Run()+0x2e
C  [libSoar.so+0x3e1149]  ThreadStartFunction(void*)+0x2b
C  [libSoar.so+0x3e1001]  LinuxThreadFunc(void*)+0x28


---------------  P R O C E S S  ---------------

VM state:not at safepoint (normal execution)

VM Mutex/Monitor currently owned by a thread: None

Heap
 PSYoungGen      total 385024K, used 321177K [0x00000000e1560000, 0x00000000f95e0000, 0x0000000100000000)
  eden space 376832K, 84% used [0x00000000e1560000,0x00000000f4b4f408,0x00000000f8560000)
  from space 8192K, 46% used [0x00000000f8de0000,0x00000000f91973c8,0x00000000f95e0000)
  to   space 8448K, 0% used [0x00000000f8560000,0x00000000f8560000,0x00000000f8da0000)
 ParOldGen       total 62784K, used 11931K [0x00000000a4000000, 0x00000000a7d50000, 0x00000000e1560000)
  object space 62784K, 19% used [0x00000000a4000000,0x00000000a4ba6cb8,0x00000000a7d50000)
 PSPermGen       total 21248K, used 19362K [0x0000000099a00000, 0x000000009aec0000, 0x00000000a4000000)
  object space 21248K, 91% used [0x0000000099a00000,0x000000009ace89a8,0x000000009aec0000)

Card table byte_map: [0x00007f1d2c05a000,0x00007f1d2c38e000] byte_map_base: 0x00007f1d2bb8d000

Polling page: 0x00007f1d36846000

Code Cache  [0x00007f1d2c38e000, 0x00007f1d2c5fe000, 0x00007f1d2f38e000)
 total_blobs=1084 nmethods=530 adapters=506 free_code_cache=47239Kb largest_free_block=48321152

Compilation events (10 events):
Event: 313.509 Thread 0x00007f1d3010e000  544             java.util.TreeMap::getEntry (84 bytes)
Event: 313.515 Thread 0x00007f1d3010e000 nmethod 544 0x00007f1d2c56ea10 code [0x00007f1d2c56eb80, 0x00007f1d2c56ed78]
Event: 313.589 Thread 0x00007f1d30111000  545             java.awt.EventQueue::getNextEventPrivate (76 bytes)
Event: 313.596 Thread 0x00007f1d30111000 nmethod 545 0x00007f1d2c5610d0 code [0x00007f1d2c561220, 0x00007f1d2c5613e8]
Event: 314.118 Thread 0x00007f1d3010e000  546             sun.awt.X11.XWindow::handleMotionNotify (342 bytes)
Event: 314.222 Thread 0x00007f1d3010e000 nmethod 546 0x00007f1d2c572690 code [0x00007f1d2c572c60, 0x00007f1d2c574c00]
Event: 314.239 Thread 0x00007f1d30111000  547             javax.swing.JComponent::getHeight (5 bytes)
Event: 314.240 Thread 0x00007f1d30111000 nmethod 547 0x00007f1d2c56c090 code [0x00007f1d2c56c1c0, 0x00007f1d2c56c218]
Event: 314.345 Thread 0x00007f1d3010e000  548             javax.swing.JComponent::getWidth (5 bytes)
Event: 314.346 Thread 0x00007f1d3010e000 nmethod 548 0x00007f1d2c50ddd0 code [0x00007f1d2c50df00, 0x00007f1d2c50df58]

GC Heap History (10 events):
Event: 4.003 GC heap before
{Heap before GC invocations=4 (full 0):
 PSYoungGen      total 51008K, used 50992K [0x00000000e1560000, 0x00000000e7900000, 0x0000000100000000)
  eden space 47104K, 100% used [0x00000000e1560000,0x00000000e4360000,0x00000000e4360000)
  from space 3904K, 99% used [0x00000000e4360000,0x00000000e472c010,0x00000000e4730000)
  to   space 3904K, 0% used [0x00000000e7530000,0x00000000e7530000,0x00000000e7900000)
 ParOldGen       total 62784K, used 6699K [0x00000000a4000000, 0x00000000a7d50000, 0x00000000e1560000)
  object space 62784K, 10% used [0x00000000a4000000,0x00000000a468ac58,0x00000000a7d50000)
 PSPermGen       total 21248K, used 3569K [0x0000000099a00000, 0x000000009aec0000, 0x00000000a4000000)
  object space 21248K, 16% used [0x0000000099a00000,0x0000000099d7c6b8,0x000000009aec0000)
Event: 4.039 GC heap after
Heap after GC invocations=4 (full 0):
 PSYoungGen      total 98112K, used 3888K [0x00000000e1560000, 0x00000000e7900000, 0x0000000100000000)
  eden space 94208K, 0% used [0x00000000e1560000,0x00000000e1560000,0x00000000e7160000)
  from space 3904K, 99% used [0x00000000e7530000,0x00000000e78fc010,0x00000000e7900000)
  to   space 3904K, 0% used [0x00000000e7160000,0x00000000e7160000,0x00000000e7530000)
 ParOldGen       total 62784K, used 7523K [0x00000000a4000000, 0x00000000a7d50000, 0x00000000e1560000)
  object space 62784K, 11% used [0x00000000a4000000,0x00000000a4758c58,0x00000000a7d50000)
 PSPermGen       total 21248K, used 3569K [0x0000000099a00000, 0x000000009aec0000, 0x00000000a4000000)
  object space 21248K, 16% used [0x0000000099a00000,0x0000000099d7c6b8,0x000000009aec0000)
}
Event: 5.093 GC heap before
{Heap before GC invocations=5 (full 0):
 PSYoungGen      total 98112K, used 98096K [0x00000000e1560000, 0x00000000e7900000, 0x0000000100000000)
  eden space 94208K, 100% used [0x00000000e1560000,0x00000000e7160000,0x00000000e7160000)
  from space 3904K, 99% used [0x00000000e7530000,0x00000000e78fc010,0x00000000e7900000)
  to   space 3904K, 0% used [0x00000000e7160000,0x00000000e7160000,0x00000000e7530000)
 ParOldGen       total 62784K, used 7523K [0x00000000a4000000, 0x00000000a7d50000, 0x00000000e1560000)
  object space 62784K, 11% used [0x00000000a4000000,0x00000000a4758c58,0x00000000a7d50000)
 PSPermGen       total 21248K, used 3569K [0x0000000099a00000, 0x000000009aec0000, 0x00000000a4000000)
  object space 21248K, 16% used [0x0000000099a00000,0x0000000099d7c6b8,0x000000009aec0000)
Event: 5.133 GC heap after
Heap after GC invocations=5 (full 0):
 PSYoungGen      total 98112K, used 3888K [0x00000000e1560000, 0x00000000edde0000, 0x0000000100000000)
  eden space 94208K, 0% used [0x00000000e1560000,0x00000000e1560000,0x00000000e7160000)
  from space 3904K, 99% used [0x00000000e7160000,0x00000000e752c010,0x00000000e7530000)
  to   space 8448K, 0% used [0x00000000ed5a0000,0x00000000ed5a0000,0x00000000edde0000)
 ParOldGen       total 62784K, used 8243K [0x00000000a4000000, 0x00000000a7d50000, 0x00000000e1560000)
  object space 62784K, 13% used [0x00000000a4000000,0x00000000a480cc58,0x00000000a7d50000)
 PSPermGen       total 21248K, used 3569K [0x0000000099a00000, 0x000000009aec0000, 0x00000000a4000000)
  object space 21248K, 16% used [0x0000000099a00000,0x0000000099d7c6b8,0x000000009aec0000)
}
Event: 5.708 GC heap before
{Heap before GC invocations=6 (full 0):
 PSYoungGen      total 98112K, used 98096K [0x00000000e1560000, 0x00000000edde0000, 0x0000000100000000)
  eden space 94208K, 100% used [0x00000000e1560000,0x00000000e7160000,0x00000000e7160000)
  from space 3904K, 99% used [0x00000000e7160000,0x00000000e752c010,0x00000000e7530000)
  to   space 8448K, 0% used [0x00000000ed5a0000,0x00000000ed5a0000,0x00000000edde0000)
 ParOldGen       total 62784K, used 8243K [0x00000000a4000000, 0x00000000a7d50000, 0x00000000e1560000)
  object space 62784K, 13% used [0x00000000a4000000,0x00000000a480cc58,0x00000000a7d50000)
 PSPermGen       total 21248K, used 3569K [0x0000000099a00000, 0x000000009aec0000, 0x00000000a4000000)
  object space 21248K, 16% used [0x0000000099a00000,0x0000000099d7c6b8,0x000000009aec0000)
Event: 5.739 GC heap after
Heap after GC invocations=6 (full 0):
 PSYoungGen      total 196352K, used 4640K [0x00000000e1560000, 0x00000000edd60000, 0x0000000100000000)
  eden space 188416K, 0% used [0x00000000e1560000,0x00000000e1560000,0x00000000ecd60000)
  from space 7936K, 58% used [0x00000000ed5a0000,0x00000000eda28020,0x00000000edd60000)
  to   space 8192K, 0% used [0x00000000ecd60000,0x00000000ecd60000,0x00000000ed560000)
 ParOldGen       total 62784K, used 8243K [0x00000000a4000000, 0x00000000a7d50000, 0x00000000e1560000)
  object space 62784K, 13% used [0x00000000a4000000,0x00000000a480cc58,0x00000000a7d50000)
 PSPermGen       total 21248K, used 3569K [0x0000000099a00000, 0x000000009aec0000, 0x00000000a4000000)
  object space 21248K, 16% used [0x0000000099a00000,0x0000000099d7c6b8,0x000000009aec0000)
}
Event: 7.188 GC heap before
{Heap before GC invocations=7 (full 0):
 PSYoungGen      total 196352K, used 193056K [0x00000000e1560000, 0x00000000edd60000, 0x0000000100000000)
  eden space 188416K, 100% used [0x00000000e1560000,0x00000000ecd60000,0x00000000ecd60000)
  from space 7936K, 58% used [0x00000000ed5a0000,0x00000000eda28020,0x00000000edd60000)
  to   space 8192K, 0% used [0x00000000ecd60000,0x00000000ecd60000,0x00000000ed560000)
 ParOldGen       total 62784K, used 8243K [0x00000000a4000000, 0x00000000a7d50000, 0x00000000e1560000)
  object space 62784K, 13% used [0x00000000a4000000,0x00000000a480cc58,0x00000000a7d50000)
 PSPermGen       total 21248K, used 3569K [0x0000000099a00000, 0x000000009aec0000, 0x00000000a4000000)
  object space 21248K, 16% used [0x0000000099a00000,0x0000000099d7c6b8,0x000000009aec0000)
Event: 7.230 GC heap after
Heap after GC invocations=7 (full 0):
 PSYoungGen      total 196608K, used 1216K [0x00000000e1560000, 0x00000000f9660000, 0x0000000100000000)
  eden space 188416K, 0% used [0x00000000e1560000,0x00000000e1560000,0x00000000ecd60000)
  from space 8192K, 14% used [0x00000000ecd60000,0x00000000ece90000,0x00000000ed560000)
  to   space 8704K, 0% used [0x00000000f8de0000,0x00000000f8de0000,0x00000000f9660000)
 ParOldGen       total 62784K, used 11891K [0x00000000a4000000, 0x00000000a7d50000, 0x00000000e1560000)
  object space 62784K, 18% used [0x00000000a4000000,0x00000000a4b9ccb8,0x00000000a7d50000)
 PSPermGen       total 21248K, used 3569K [0x0000000099a00000, 0x000000009aec0000, 0x00000000a4000000)
  object space 21248K, 16% used [0x0000000099a00000,0x0000000099d7c6b8,0x000000009aec0000)
}
Event: 101.716 GC heap before
{Heap before GC invocations=8 (full 0):
 PSYoungGen      total 196608K, used 189632K [0x00000000e1560000, 0x00000000f9660000, 0x0000000100000000)
  eden space 188416K, 100% used [0x00000000e1560000,0x00000000ecd60000,0x00000000ecd60000)
  from space 8192K, 14% used [0x00000000ecd60000,0x00000000ece90000,0x00000000ed560000)
  to   space 8704K, 0% used [0x00000000f8de0000,0x00000000f8de0000,0x00000000f9660000)
 ParOldGen       total 62784K, used 11891K [0x00000000a4000000, 0x00000000a7d50000, 0x00000000e1560000)
  object space 62784K, 18% used [0x00000000a4000000,0x00000000a4b9ccb8,0x00000000a7d50000)
 PSPermGen       total 21248K, used 19195K [0x0000000099a00000, 0x000000009aec0000, 0x00000000a4000000)
  object space 21248K, 90% used [0x0000000099a00000,0x000000009acbed10,0x000000009aec0000)
Event: 101.743 GC heap after
Heap after GC invocations=8 (full 0):
 PSYoungGen      total 385024K, used 3804K [0x00000000e1560000, 0x00000000f95e0000, 0x0000000100000000)
  eden space 376832K, 0% used [0x00000000e1560000,0x00000000e1560000,0x00000000f8560000)
  from space 8192K, 46% used [0x00000000f8de0000,0x00000000f91973c8,0x00000000f95e0000)
  to   space 8448K, 0% used [0x00000000f8560000,0x00000000f8560000,0x00000000f8da0000)
 ParOldGen       total 62784K, used 11931K [0x00000000a4000000, 0x00000000a7d50000, 0x00000000e1560000)
  object space 62784K, 19% used [0x00000000a4000000,0x00000000a4ba6cb8,0x00000000a7d50000)
 PSPermGen       total 21248K, used 19195K [0x0000000099a00000, 0x000000009aec0000, 0x00000000a4000000)
  object space 21248K, 90% used [0x0000000099a00000,0x000000009acbed10,0x000000009aec0000)
}

Deoptimization events (10 events):
Event: 274.146 Thread 0x00007f1cc8048000 Uncommon trap -58 fr.pc 0x00007f1d2c49b978
Event: 274.146 Thread 0x00007f1cc8048000 Uncommon trap -58 fr.pc 0x00007f1d2c49b978
Event: 274.146 Thread 0x00007f1cc8048000 Uncommon trap -58 fr.pc 0x00007f1d2c49b978
Event: 274.146 Thread 0x00007f1cc8048000 Uncommon trap -58 fr.pc 0x00007f1d2c4b595c
Event: 274.146 Thread 0x00007f1cc8048000 Uncommon trap -58 fr.pc 0x00007f1d2c4b595c
Event: 274.165 Thread 0x00007f1cc8048000 Uncommon trap -58 fr.pc 0x00007f1d2c4b595c
Event: 274.166 Thread 0x00007f1cc8048000 Uncommon trap -58 fr.pc 0x00007f1d2c4b595c
Event: 323.801 Thread 0x00007f1ccc1ca800 Uncommon trap -83 fr.pc 0x00007f1d2c56cb4c
Event: 323.813 Thread 0x00007f1ccc1ca800 Uncommon trap -83 fr.pc 0x00007f1d2c50a2ec
Event: 323.814 Thread 0x00007f1ccc1ca800 Uncommon trap -83 fr.pc 0x00007f1d2c5253b8

Internal exceptions (10 events):
Event: 274.155 Thread 0x00007f1cc8048000 Threw 0x00000000ef8ff3d0 at /build/buildd/openjdk-7-7u25-2.3.12/build/openjdk/hotspot/src/share/vm/prims/jvm.cpp:1235
Event: 274.156 Thread 0x00007f1cc8048000 Threw 0x00000000ef902548 at /build/buildd/openjdk-7-7u25-2.3.12/build/openjdk/hotspot/src/share/vm/prims/jvm.cpp:1235
Event: 274.157 Thread 0x00007f1cc8048000 Threw 0x00000000ef905d00 at /build/buildd/openjdk-7-7u25-2.3.12/build/openjdk/hotspot/src/share/vm/prims/jvm.cpp:1235
Event: 274.158 Thread 0x00007f1cc8048000 Threw 0x00000000ef908f30 at /build/buildd/openjdk-7-7u25-2.3.12/build/openjdk/hotspot/src/share/vm/prims/jvm.cpp:1235
Event: 274.163 Thread 0x00007f1cc8048000 Threw 0x00000000ef90bfe0 at /build/buildd/openjdk-7-7u25-2.3.12/build/openjdk/hotspot/src/share/vm/prims/jvm.cpp:1235
Event: 274.164 Thread 0x00007f1cc8048000 Threw 0x00000000ef90f8b0 at /build/buildd/openjdk-7-7u25-2.3.12/build/openjdk/hotspot/src/share/vm/prims/jvm.cpp:1235
Event: 283.086 Thread 0x00007f1cc8048000 Threw 0x00000000f0867850 at /build/buildd/openjdk-7-7u25-2.3.12/build/openjdk/hotspot/src/share/vm/prims/jvm.cpp:1235
Event: 323.801 Thread 0x00007f1ccc1ca800 Implicit null exception at 0x00007f1d2c56c4f6 to 0x00007f1d2c56cb31
Event: 323.813 Thread 0x00007f1ccc1ca800 Implicit null exception at 0x00007f1d2c50a247 to 0x00007f1d2c50a2d9
Event: 323.814 Thread 0x00007f1ccc1ca800 Implicit null exception at 0x00007f1d2c524c4d to 0x00007f1d2c525389

Events (10 events):
Event: 323.814 Thread 0x00007f1ccc1ca800 DEOPT PACKING pc=0x00007f1d2c5253b8 sp=0x00007f1cf77fd3b0
Event: 323.814 Thread 0x00007f1ccc1ca800 DEOPT UNPACKING pc=0x00007f1d2c3c7145 sp=0x00007f1cf77fd1f0 mode 2
Event: 323.815 Executing VM operation: RevokeBias
Event: 323.815 Executing VM operation: RevokeBias done
Event: 323.825 Executing VM operation: RevokeBias
Event: 323.825 Executing VM operation: RevokeBias done
Event: 323.825 Executing VM operation: RevokeBias
Event: 323.825 Executing VM operation: RevokeBias done
Event: 323.825 Executing VM operation: RevokeBias
Event: 323.825 Executing VM operation: RevokeBias done


Dynamic libraries:
00400000-00401000 r-xp 00000000 08:07 8130224                            /usr/lib/jvm/java-7-openjdk-amd64/jre/bin/java
00600000-00601000 r--p 00000000 08:07 8130224                            /usr/lib/jvm/java-7-openjdk-amd64/jre/bin/java
00601000-00602000 rw-p 00001000 08:07 8130224                            /usr/lib/jvm/java-7-openjdk-amd64/jre/bin/java
01688000-016a9000 rw-p 00000000 00:00 0                                  [heap]
99a00000-9aec0000 rw-p 00000000 00:00 0 
9aec0000-a4000000 rw-p 00000000 00:00 0 
a4000000-a7d50000 rw-p 00000000 00:00 0 
a7d50000-e1560000 rw-p 00000000 00:00 0 
e1560000-f95e0000 rw-p 00000000 00:00 0 
f95e0000-f9660000 ---p 00000000 00:00 0 
f9660000-100000000 rw-p 00000000 00:00 0 
7f1cb4000000-7f1cb4021000 rw-p 00000000 00:00 0 
7f1cb4021000-7f1cb8000000 ---p 00000000 00:00 0 
7f1cb8000000-7f1cb8021000 rw-p 00000000 00:00 0 
7f1cb8021000-7f1cbc000000 ---p 00000000 00:00 0 
7f1cbf8c4000-7f1cbfdb6000 rw-p 00000000 00:00 0 
7f1cbfdb6000-7f1cbfeff000 rw-s 00000000 00:04 262307864                  /SYSV00000000 (deleted)
7f1cbfeff000-7f1cbff02000 ---p 00000000 00:00 0 
7f1cbff02000-7f1cc0000000 rw-p 00000000 00:00 0 
7f1cc0000000-7f1cc0021000 rw-p 00000000 00:00 0 
7f1cc0021000-7f1cc4000000 ---p 00000000 00:00 0 
7f1cc4000000-7f1cc4021000 rw-p 00000000 00:00 0 
7f1cc4021000-7f1cc8000000 ---p 00000000 00:00 0 
7f1cc8000000-7f1cc80ef000 rw-p 00000000 00:00 0 
7f1cc80ef000-7f1ccc000000 ---p 00000000 00:00 0 
7f1ccc000000-7f1ccc1cc000 rw-p 00000000 00:00 0 
7f1ccc1cc000-7f1cd0000000 ---p 00000000 00:00 0 
7f1cd0000000-7f1cd0026000 rw-p 00000000 00:00 0 
7f1cd0026000-7f1cd4000000 ---p 00000000 00:00 0 
7f1cd4000000-7f1cd4021000 rw-p 00000000 00:00 0 
7f1cd4021000-7f1cd8000000 ---p 00000000 00:00 0 
7f1cd8000000-7f1cd8021000 rw-p 00000000 00:00 0 
7f1cd8021000-7f1cdc000000 ---p 00000000 00:00 0 
7f1cdc0e5000-7f1cdc0e8000 ---p 00000000 00:00 0 
7f1cdc0e8000-7f1cdc1e6000 rw-p 00000000 00:00 0                          [stack:29004]
7f1cdc1e6000-7f1cdc1e9000 ---p 00000000 00:00 0 
7f1cdc1e9000-7f1cdc2e7000 rw-p 00000000 00:00 0 
7f1cdc2e7000-7f1cdc2ea000 ---p 00000000 00:00 0 
7f1cdc2ea000-7f1cdc3e8000 rw-p 00000000 00:00 0 
7f1cdc3e8000-7f1cdc3eb000 ---p 00000000 00:00 0 
7f1cdc3eb000-7f1cdc4e9000 rw-p 00000000 00:00 0 
7f1cdc4e9000-7f1cdc4f9000 r-xp 00000000 08:07 8130194                    /usr/lib/jvm/java-7-openjdk-amd64/jre/lib/amd64/libnio.so
7f1cdc4f9000-7f1cdc6f8000 ---p 00010000 08:07 8130194                    /usr/lib/jvm/java-7-openjdk-amd64/jre/lib/amd64/libnio.so
7f1cdc6f8000-7f1cdc6f9000 r--p 0000f000 08:07 8130194                    /usr/lib/jvm/java-7-openjdk-amd64/jre/lib/amd64/libnio.so
7f1cdc6f9000-7f1cdc6fa000 rw-p 00010000 08:07 8130194                    /usr/lib/jvm/java-7-openjdk-amd64/jre/lib/amd64/libnio.so
7f1cdc6fa000-7f1cdc746000 r-xp 00000000 08:07 8130205                    /usr/lib/jvm/java-7-openjdk-amd64/jre/lib/amd64/libfontmanager.so
7f1cdc746000-7f1cdc945000 ---p 0004c000 08:07 8130205                    /usr/lib/jvm/java-7-openjdk-amd64/jre/lib/amd64/libfontmanager.so
7f1cdc945000-7f1cdc948000 r--p 0004b000 08:07 8130205                    /usr/lib/jvm/java-7-openjdk-amd64/jre/lib/amd64/libfontmanager.so
7f1cdc948000-7f1cdc949000 rw-p 0004e000 08:07 8130205                    /usr/lib/jvm/java-7-openjdk-amd64/jre/lib/amd64/libfontmanager.so
7f1cdc949000-7f1cdc94c000 ---p 00000000 00:00 0 
7f1cdc94c000-7f1cdca4a000 rw-p 00000000 00:00 0                          [stack:28997]
7f1cdca4a000-7f1cdca4d000 ---p 00000000 00:00 0 
7f1cdca4d000-7f1cdcb4b000 rw-p 00000000 00:00 0                          [stack:28996]
7f1cdcb4b000-7f1cdcb4e000 ---p 00000000 00:00 0 
7f1cdcb4e000-7f1cdcc4c000 rw-p 00000000 00:00 0                          [stack:28995]
7f1cdcc4c000-7f1cdcc4f000 ---p 00000000 00:00 0 
7f1cdcc4f000-7f1cdcd4d000 rw-p 00000000 00:00 0                          [stack:28994]
7f1cdcd4d000-7f1cdcd51000 r-xp 00000000 08:07 5242929                    /lib/x86_64-linux-gnu/libgpg-error.so.0.10.0
7f1cdcd51000-7f1cdcf50000 ---p 00004000 08:07 5242929                    /lib/x86_64-linux-gnu/libgpg-error.so.0.10.0
7f1cdcf50000-7f1cdcf51000 r--p 00003000 08:07 5242929                    /lib/x86_64-linux-gnu/libgpg-error.so.0.10.0
7f1cdcf51000-7f1cdcf52000 rw-p 00004000 08:07 5242929                    /lib/x86_64-linux-gnu/libgpg-error.so.0.10.0
7f1cdcf52000-7f1cdcf54000 r-xp 00000000 08:07 5242940                    /lib/x86_64-linux-gnu/libkeyutils.so.1.4
7f1cdcf54000-7f1cdd154000 ---p 00002000 08:07 5242940                    /lib/x86_64-linux-gnu/libkeyutils.so.1.4
7f1cdd154000-7f1cdd155000 r--p 00002000 08:07 5242940                    /lib/x86_64-linux-gnu/libkeyutils.so.1.4
7f1cdd155000-7f1cdd156000 rw-p 00003000 08:07 5242940                    /lib/x86_64-linux-gnu/libkeyutils.so.1.4
7f1cdd156000-7f1cdd16e000 r-xp 00000000 08:07 7864518                    /usr/lib/x86_64-linux-gnu/libgraphite2.so.3.0.1
7f1cdd16e000-7f1cdd36d000 ---p 00018000 08:07 7864518                    /usr/lib/x86_64-linux-gnu/libgraphite2.so.3.0.1
7f1cdd36d000-7f1cdd36f000 r--p 00017000 08:07 7864518                    /usr/lib/x86_64-linux-gnu/libgraphite2.so.3.0.1
7f1cdd36f000-7f1cdd370000 rw-p 00019000 08:07 7864518                    /usr/lib/x86_64-linux-gnu/libgraphite2.so.3.0.1
7f1cdd370000-7f1cdd374000 r-xp 00000000 08:07 7870208                    /usr/lib/x86_64-linux-gnu/libXxf86vm.so.1.0.0
7f1cdd374000-7f1cdd574000 ---p 00004000 08:07 7870208                    /usr/lib/x86_64-linux-gnu/libXxf86vm.so.1.0.0
7f1cdd574000-7f1cdd575000 r--p 00004000 08:07 7870208                    /usr/lib/x86_64-linux-gnu/libXxf86vm.so.1.0.0
7f1cdd575000-7f1cdd576000 rw-p 00005000 08:07 7870208                    /usr/lib/x86_64-linux-gnu/libXxf86vm.so.1.0.0
7f1cdd576000-7f1cdd58b000 r-xp 00000000 08:07 7866526                    /usr/lib/x86_64-linux-gnu/libxcb-glx.so.0.0.0
7f1cdd58b000-7f1cdd78a000 ---p 00015000 08:07 7866526                    /usr/lib/x86_64-linux-gnu/libxcb-glx.so.0.0.0
7f1cdd78a000-7f1cdd78c000 r--p 00014000 08:07 7866526                    /usr/lib/x86_64-linux-gnu/libxcb-glx.so.0.0.0
7f1cdd78c000-7f1cdd78d000 rw-p 00016000 08:07 7866526                    /usr/lib/x86_64-linux-gnu/libxcb-glx.so.0.0.0
7f1cdd78d000-7f1cdd7af000 r-xp 00000000 08:07 7868682                    /usr/lib/x86_64-linux-gnu/libglapi.so.0.0.0
7f1cdd7af000-7f1cdd9af000 ---p 00022000 08:07 7868682                    /usr/lib/x86_64-linux-gnu/libglapi.so.0.0.0
7f1cdd9af000-7f1cdd9b2000 r--p 00022000 08:07 7868682                    /usr/lib/x86_64-linux-gnu/libglapi.so.0.0.0
7f1cdd9b2000-7f1cdd9b3000 rw-p 00025000 08:07 7868682                    /usr/lib/x86_64-linux-gnu/libglapi.so.0.0.0
7f1cdd9b3000-7f1cdd9b4000 rw-p 00000000 00:00 0 
7f1cdd9b4000-7f1cdd9bf000 r-xp 00000000 08:07 7864548                    /usr/lib/x86_64-linux-gnu/libdrm.so.2.4.0
7f1cdd9bf000-7f1cddbbe000 ---p 0000b000 08:07 7864548                    /usr/lib/x86_64-linux-gnu/libdrm.so.2.4.0
7f1cddbbe000-7f1cddbbf000 r--p 0000a000 08:07 7864548                    /usr/lib/x86_64-linux-gnu/libdrm.so.2.4.0
7f1cddbbf000-7f1cddbc0000 rw-p 0000b000 08:07 7864548                    /usr/lib/x86_64-linux-gnu/libdrm.so.2.4.0
7f1cddbc0000-7f1cddbd0000 r-xp 00000000 08:07 5242950                    /lib/x86_64-linux-gnu/libudev.so.1.3.5
7f1cddbd0000-7f1cdddcf000 ---p 00010000 08:07 5242950                    /lib/x86_64-linux-gnu/libudev.so.1.3.5
7f1cdddcf000-7f1cdddd0000 r--p 0000f000 08:07 5242950                    /lib/x86_64-linux-gnu/libudev.so.1.3.5
7f1cdddd0000-7f1cdddd1000 rw-p 00010000 08:07 5242950                    /lib/x86_64-linux-gnu/libudev.so.1.3.5
7f1cdddd1000-7f1cdddd7000 r-xp 00000000 08:07 7866501                    /usr/lib/x86_64-linux-gnu/libgbm.so.1.0.0
7f1cdddd7000-7f1cddfd7000 ---p 00006000 08:07 7866501                    /usr/lib/x86_64-linux-gnu/libgbm.so.1.0.0
7f1cddfd7000-7f1cddfd8000 r--p 00006000 08:07 7866501                    /usr/lib/x86_64-linux-gnu/libgbm.so.1.0.0
7f1cddfd8000-7f1cddfd9000 rw-p 00007000 08:07 7866501                    /usr/lib/x86_64-linux-gnu/libgbm.so.1.0.0
7f1cddfd9000-7f1cddfe7000 r-xp 00000000 08:07 7868902                    /usr/lib/x86_64-linux-gnu/libwayland-server.so.0.1.0
7f1cddfe7000-7f1cde1e6000 ---p 0000e000 08:07 7868902                    /usr/lib/x86_64-linux-gnu/libwayland-server.so.0.1.0
7f1cde1e6000-7f1cde1e8000 r--p 0000d000 08:07 7868902                    /usr/lib/x86_64-linux-gnu/libwayland-server.so.0.1.0
7f1cde1e8000-7f1cde1e9000 rw-p 0000f000 08:07 7868902                    /usr/lib/x86_64-linux-gnu/libwayland-server.so.0.1.0
7f1cde1e9000-7f1cde1f4000 r-xp 00000000 08:07 7864504                    /usr/lib/x86_64-linux-gnu/libwayland-client.so.0.1.0
7f1cde1f4000-7f1cde3f3000 ---p 0000b000 08:07 7864504                    /usr/lib/x86_64-linux-gnu/libwayland-client.so.0.1.0
7f1cde3f3000-7f1cde3f5000 r--p 0000a000 08:07 7864504                    /usr/lib/x86_64-linux-gnu/libwayland-client.so.0.1.0
7f1cde3f5000-7f1cde3f6000 rw-p 0000c000 08:07 7864504                    /usr/lib/x86_64-linux-gnu/libwayland-client.so.0.1.0
7f1cde3f6000-7f1cde3fb000 r-xp 00000000 08:07 7866542                    /usr/lib/x86_64-linux-gnu/libxcb-xfixes.so.0.0.0
7f1cde3fb000-7f1cde5fb000 ---p 00005000 08:07 7866542                    /usr/lib/x86_64-linux-gnu/libxcb-xfixes.so.0.0.0
7f1cde5fb000-7f1cde5fc000 r--p 00005000 08:07 7866542                    /usr/lib/x86_64-linux-gnu/libxcb-xfixes.so.0.0.0
7f1cde5fc000-7f1cde5fd000 rw-p 00006000 08:07 7866542                    /usr/lib/x86_64-linux-gnu/libxcb-xfixes.so.0.0.0
7f1cde5fd000-7f1cde600000 r-xp 00000000 08:07 7869896                    /usr/lib/x86_64-linux-gnu/libxcb-dri2.so.0.0.0
7f1cde600000-7f1cde800000 ---p 00003000 08:07 7869896                    /usr/lib/x86_64-linux-gnu/libxcb-dri2.so.0.0.0
7f1cde800000-7f1cde801000 r--p 00003000 08:07 7869896                    /usr/lib/x86_64-linux-gnu/libxcb-dri2.so.0.0.0
7f1cde801000-7f1cde802000 rw-p 00004000 08:07 7869896                    /usr/lib/x86_64-linux-gnu/libxcb-dri2.so.0.0.0
7f1cde802000-7f1cde803000 r-xp 00000000 08:07 7869904                    /usr/lib/x86_64-linux-gnu/libX11-xcb.so.1.0.0
7f1cde803000-7f1cdea02000 ---p 00001000 08:07 7869904                    /usr/lib/x86_64-linux-gnu/libX11-xcb.so.1.0.0
7f1cdea02000-7f1cdea03000 r--p 00000000 08:07 7869904                    /usr/lib/x86_64-linux-gnu/libX11-xcb.so.1.0.0
7f1cdea03000-7f1cdea04000 rw-p 00001000 08:07 7869904                    /usr/lib/x86_64-linux-gnu/libX11-xcb.so.1.0.0
7f1cdea04000-7f1cdea48000 r-xp 00000000 08:07 5242924                    /lib/x86_64-linux-gnu/libdbus-1.so.3.7.4
7f1cdea48000-7f1cdec47000 ---p 00044000 08:07 5242924                    /lib/x86_64-linux-gnu/libdbus-1.so.3.7.4
7f1cdec47000-7f1cdec48000 r--p 00043000 08:07 5242924                    /lib/x86_64-linux-gnu/libdbus-1.so.3.7.4
7f1cdec48000-7f1cdec49000 rw-p 00044000 08:07 5242924                    /lib/x86_64-linux-gnu/libdbus-1.so.3.7.4
7f1cdec49000-7f1cdec67000 r-xp 00000000 08:07 7870895                    /usr/lib/x86_64-linux-gnu/libp11-kit.so.0.0.0
7f1cdec67000-7f1cdee66000 ---p 0001e000 08:07 7870895                    /usr/lib/x86_64-linux-gnu/libp11-kit.so.0.0.0
7f1cdee66000-7f1cdee68000 r--p 0001d000 08:07 7870895                    /usr/lib/x86_64-linux-gnu/libp11-kit.so.0.0.0
7f1cdee68000-7f1cdee69000 rw-p 0001f000 08:07 7870895                    /usr/lib/x86_64-linux-gnu/libp11-kit.so.0.0.0
7f1cdee69000-7f1cdee79000 r-xp 00000000 08:07 7870891                    /usr/lib/x86_64-linux-gnu/libtasn1.so.3.2.0
7f1cdee79000-7f1cdf078000 ---p 00010000 08:07 7870891                    /usr/lib/x86_64-linux-gnu/libtasn1.so.3.2.0
7f1cdf078000-7f1cdf079000 r--p 0000f000 08:07 7870891                    /usr/lib/x86_64-linux-gnu/libtasn1.so.3.2.0
7f1cdf079000-7f1cdf07a000 rw-p 00010000 08:07 7870891                    /usr/lib/x86_64-linux-gnu/libtasn1.so.3.2.0
7f1cdf07a000-7f1cdf0f4000 r-xp 00000000 08:07 5242933                    /lib/x86_64-linux-gnu/libgcrypt.so.11.7.0
7f1cdf0f4000-7f1cdf2f4000 ---p 0007a000 08:07 5242933                    /lib/x86_64-linux-gnu/libgcrypt.so.11.7.0
7f1cdf2f4000-7f1cdf2f5000 r--p 0007a000 08:07 5242933                    /lib/x86_64-linux-gnu/libgcrypt.so.11.7.0
7f1cdf2f5000-7f1cdf2f8000 rw-p 0007b000 08:07 5242933                    /lib/x86_64-linux-gnu/libgcrypt.so.11.7.0
7f1cdf2f8000-7f1cdf2ff000 r-xp 00000000 08:07 7866378                    /usr/lib/x86_64-linux-gnu/libkrb5support.so.0.1
7f1cdf2ff000-7f1cdf4fe000 ---p 00007000 08:07 7866378                    /usr/lib/x86_64-linux-gnu/libkrb5support.so.0.1
7f1cdf4fe000-7f1cdf4ff000 r--p 00006000 08:07 7866378                    /usr/lib/x86_64-linux-gnu/libkrb5support.so.0.1
7f1cdf4ff000-7f1cdf500000 rw-p 00007000 08:07 7866378                    /usr/lib/x86_64-linux-gnu/libkrb5support.so.0.1
7f1cdf500000-7f1cdf503000 r-xp 00000000 08:07 5242904                    /lib/x86_64-linux-gnu/libcom_err.so.2.1
7f1cdf503000-7f1cdf702000 ---p 00003000 08:07 5242904                    /lib/x86_64-linux-gnu/libcom_err.so.2.1
7f1cdf702000-7f1cdf703000 r--p 00002000 08:07 5242904                    /lib/x86_64-linux-gnu/libcom_err.so.2.1
7f1cdf703000-7f1cdf704000 rw-p 00003000 08:07 5242904                    /lib/x86_64-linux-gnu/libcom_err.so.2.1
7f1cdf704000-7f1cdf72a000 r-xp 00000000 08:07 7870911                    /usr/lib/x86_64-linux-gnu/libk5crypto.so.3.1
7f1cdf72a000-7f1cdf929000 ---p 00026000 08:07 7870911                    /usr/lib/x86_64-linux-gnu/libk5crypto.so.3.1
7f1cdf929000-7f1cdf92a000 r--p 00025000 08:07 7870911                    /usr/lib/x86_64-linux-gnu/libk5crypto.so.3.1
7f1cdf92a000-7f1cdf92b000 rw-p 00026000 08:07 7870911                    /usr/lib/x86_64-linux-gnu/libk5crypto.so.3.1
7f1cdf92b000-7f1cdf92c000 rw-p 00000000 00:00 0 
7f1cdf92c000-7f1cdf9f1000 r-xp 00000000 08:07 7870927                    /usr/lib/x86_64-linux-gnu/libkrb5.so.3.3
7f1cdf9f1000-7f1cdfbf0000 ---p 000c5000 08:07 7870927                    /usr/lib/x86_64-linux-gnu/libkrb5.so.3.3
7f1cdfbf0000-7f1cdfbfa000 r--p 000c4000 08:07 7870927                    /usr/lib/x86_64-linux-gnu/libkrb5.so.3.3
7f1cdfbfa000-7f1cdfbfb000 rw-p 000ce000 08:07 7870927                    /usr/lib/x86_64-linux-gnu/libkrb5.so.3.3
7f1cdfbfb000-7f1cdfc01000 r-xp 00000000 08:07 7864996                    /usr/lib/x86_64-linux-gnu/libdatrie.so.1.2.0
7f1cdfc01000-7f1cdfe00000 ---p 00006000 08:07 7864996                    /usr/lib/x86_64-linux-gnu/libdatrie.so.1.2.0
7f1cdfe00000-7f1cdfe01000 r--p 00005000 08:07 7864996                    /usr/lib/x86_64-linux-gnu/libdatrie.so.1.2.0
7f1cdfe01000-7f1cdfe02000 rw-p 00006000 08:07 7864996                    /usr/lib/x86_64-linux-gnu/libdatrie.so.1.2.0
7f1cdfe02000-7f1cdfe52000 r-xp 00000000 08:07 7872140                    /usr/lib/x86_64-linux-gnu/libharfbuzz.so.0.919.0
7f1cdfe52000-7f1ce0052000 ---p 00050000 08:07 7872140                    /usr/lib/x86_64-linux-gnu/libharfbuzz.so.0.919.0
7f1ce0052000-7f1ce0053000 r--p 00050000 08:07 7872140                    /usr/lib/x86_64-linux-gnu/libharfbuzz.so.0.919.0
7f1ce0053000-7f1ce0054000 rw-p 00051000 08:07 7872140                    /usr/lib/x86_64-linux-gnu/libharfbuzz.so.0.919.0
7f1ce0054000-7f1ce00b0000 r-xp 00000000 08:07 8258487                    /usr/lib/x86_64-linux-gnu/mesa/libGL.so.1.2.0
7f1ce00b0000-7f1ce02b0000 ---p 0005c000 08:07 8258487                    /usr/lib/x86_64-linux-gnu/mesa/libGL.so.1.2.0
7f1ce02b0000-7f1ce02b2000 r--p 0005c000 08:07 8258487                    /usr/lib/x86_64-linux-gnu/mesa/libGL.so.1.2.0
7f1ce02b2000-7f1ce02b3000 rw-p 0005e000 08:07 8258487                    /usr/lib/x86_64-linux-gnu/mesa/libGL.so.1.2.0
7f1ce02b3000-7f1ce02b4000 rw-p 00000000 00:00 0 
7f1ce02b4000-7f1ce02bc000 r-xp 00000000 08:07 7870007                    /usr/lib/x86_64-linux-gnu/libxcb-render.so.0.0.0
7f1ce02bc000-7f1ce04bb000 ---p 00008000 08:07 7870007                    /usr/lib/x86_64-linux-gnu/libxcb-render.so.0.0.0
7f1ce04bb000-7f1ce04bc000 r--p 00007000 08:07 7870007                    /usr/lib/x86_64-linux-gnu/libxcb-render.so.0.0.0
7f1ce04bc000-7f1ce04bd000 rw-p 00008000 08:07 7870007                    /usr/lib/x86_64-linux-gnu/libxcb-render.so.0.0.0
7f1ce04bd000-7f1ce04bf000 r-xp 00000000 08:07 7870014                    /usr/lib/x86_64-linux-gnu/libxcb-shm.so.0.0.0
7f1ce04bf000-7f1ce06be000 ---p 00002000 08:07 7870014                    /usr/lib/x86_64-linux-gnu/libxcb-shm.so.0.0.0
7f1ce06be000-7f1ce06bf000 r--p 00001000 08:07 7870014                    /usr/lib/x86_64-linux-gnu/libxcb-shm.so.0.0.0
7f1ce06bf000-7f1ce06c0000 rw-p 00002000 08:07 7870014                    /usr/lib/x86_64-linux-gnu/libxcb-shm.so.0.0.0
7f1ce06c0000-7f1ce06e5000 r-xp 00000000 08:07 5242946                    /lib/x86_64-linux-gnu/libpng12.so.0.49.0
7f1ce06e5000-7f1ce08e4000 ---p 00025000 08:07 5242946                    /lib/x86_64-linux-gnu/libpng12.so.0.49.0
7f1ce08e4000-7f1ce08e5000 r--p 00024000 08:07 5242946                    /lib/x86_64-linux-gnu/libpng12.so.0.49.0
7f1ce08e5000-7f1ce08e6000 rw-p 00025000 08:07 5242946                    /lib/x86_64-linux-gnu/libpng12.so.0.49.0
7f1ce08e6000-7f1ce0908000 r-xp 00000000 08:07 8258538                    /usr/lib/x86_64-linux-gnu/mesa-egl/libEGL.so.1.0.0
7f1ce0908000-7f1ce0b08000 ---p 00022000 08:07 8258538                    /usr/lib/x86_64-linux-gnu/mesa-egl/libEGL.so.1.0.0
7f1ce0b08000-7f1ce0b09000 r--p 00022000 08:07 8258538                    /usr/lib/x86_64-linux-gnu/mesa-egl/libEGL.so.1.0.0
7f1ce0b09000-7f1ce0b0a000 rw-p 00023000 08:07 8258538                    /usr/lib/x86_64-linux-gnu/mesa-egl/libEGL.so.1.0.0
7f1ce0b0a000-7f1ce0bab000 r-xp 00000000 08:07 7864906                    /usr/lib/x86_64-linux-gnu/libpixman-1.so.0.30.2
7f1ce0bab000-7f1ce0dab000 ---p 000a1000 08:07 7864906                    /usr/lib/x86_64-linux-gnu/libpixman-1.so.0.30.2
7f1ce0dab000-7f1ce0db2000 r--p 000a1000 08:07 7864906                    /usr/lib/x86_64-linux-gnu/libpixman-1.so.0.30.2
7f1ce0db2000-7f1ce0db3000 rw-p 000a8000 08:07 7864906                    /usr/lib/x86_64-linux-gnu/libpixman-1.so.0.30.2
7f1ce0db3000-7f1ce0db8000 r-xp 00000000 08:07 7871525                    /usr/lib/x86_64-linux-gnu/libXdmcp.so.6.0.0
7f1ce0db8000-7f1ce0fb7000 ---p 00005000 08:07 7871525                    /usr/lib/x86_64-linux-gnu/libXdmcp.so.6.0.0
7f1ce0fb7000-7f1ce0fb8000 r--p 00004000 08:07 7871525                    /usr/lib/x86_64-linux-gnu/libXdmcp.so.6.0.0
7f1ce0fb8000-7f1ce0fb9000 rw-p 00005000 08:07 7871525                    /usr/lib/x86_64-linux-gnu/libXdmcp.so.6.0.0
7f1ce0fb9000-7f1ce0fbb000 r-xp 00000000 08:07 7875069                    /usr/lib/x86_64-linux-gnu/libXau.so.6.0.0
7f1ce0fbb000-7f1ce11bb000 ---p 00002000 08:07 7875069                    /usr/lib/x86_64-linux-gnu/libXau.so.6.0.0
7f1ce11bb000-7f1ce11bc000 r--p 00002000 08:07 7875069                    /usr/lib/x86_64-linux-gnu/libXau.so.6.0.0
7f1ce11bc000-7f1ce11bd000 rw-p 00003000 08:07 7875069                    /usr/lib/x86_64-linux-gnu/libXau.so.6.0.0
7f1ce11bd000-7f1ce11cc000 r-xp 00000000 08:07 7866479                    /usr/lib/x86_64-linux-gnu/libavahi-client.so.3.2.9
7f1ce11cc000-7f1ce13cc000 ---p 0000f000 08:07 7866479                    /usr/lib/x86_64-linux-gnu/libavahi-client.so.3.2.9
7f1ce13cc000-7f1ce13cd000 r--p 0000f000 08:07 7866479                    /usr/lib/x86_64-linux-gnu/libavahi-client.so.3.2.9
7f1ce13cd000-7f1ce13ce000 rw-p 00010000 08:07 7866479                    /usr/lib/x86_64-linux-gnu/libavahi-client.so.3.2.9
7f1ce13ce000-7f1ce13d9000 r-xp 00000000 08:07 7864426                    /usr/lib/x86_64-linux-gnu/libavahi-common.so.3.5.3
7f1ce13d9000-7f1ce15d8000 ---p 0000b000 08:07 7864426                    /usr/lib/x86_64-linux-gnu/libavahi-common.so.3.5.3
7f1ce15d8000-7f1ce15d9000 r--p 0000a000 08:07 7864426                    /usr/lib/x86_64-linux-gnu/libavahi-common.so.3.5.3
7f1ce15d9000-7f1ce15da000 rw-p 0000b000 08:07 7864426                    /usr/lib/x86_64-linux-gnu/libavahi-common.so.3.5.3
7f1ce15da000-7f1ce1690000 r-xp 00000000 08:07 7866371                    /usr/lib/x86_64-linux-gnu/libgnutls.so.26.22.6
7f1ce1690000-7f1ce1890000 ---p 000b6000 08:07 7866371                    /usr/lib/x86_64-linux-gnu/libgnutls.so.26.22.6
7f1ce1890000-7f1ce1896000 r--p 000b6000 08:07 7866371                    /usr/lib/x86_64-linux-gnu/libgnutls.so.26.22.6
7f1ce1896000-7f1ce1897000 rw-p 000bc000 08:07 7866371                    /usr/lib/x86_64-linux-gnu/libgnutls.so.26.22.6
7f1ce1897000-7f1ce1898000 rw-p 00000000 00:00 0 
7f1ce1898000-7f1ce18d3000 r-xp 00000000 08:07 7866383                    /usr/lib/x86_64-linux-gnu/libgssapi_krb5.so.2.2
7f1ce18d3000-7f1ce1ad3000 ---p 0003b000 08:07 7866383                    /usr/lib/x86_64-linux-gnu/libgssapi_krb5.so.2.2
7f1ce1ad3000-7f1ce1ad4000 r--p 0003b000 08:07 7866383                    /usr/lib/x86_64-linux-gnu/libgssapi_krb5.so.2.2
7f1ce1ad4000-7f1ce1ad6000 rw-p 0003c000 08:07 7866383                    /usr/lib/x86_64-linux-gnu/libgssapi_krb5.so.2.2
7f1ce1ad6000-7f1ce1afd000 r-xp 00000000 08:07 5243699                    /lib/x86_64-linux-gnu/libexpat.so.1.6.0
7f1ce1afd000-7f1ce1cfd000 ---p 00027000 08:07 5243699                    /lib/x86_64-linux-gnu/libexpat.so.1.6.0
7f1ce1cfd000-7f1ce1cff000 r--p 00027000 08:07 5243699                    /lib/x86_64-linux-gnu/libexpat.so.1.6.0
7f1ce1cff000-7f1ce1d00000 rw-p 00029000 08:07 5243699                    /lib/x86_64-linux-gnu/libexpat.so.1.6.0
7f1ce1d00000-7f1ce1d9c000 r-xp 00000000 08:07 7866495                    /usr/lib/x86_64-linux-gnu/libfreetype.so.6.10.1
7f1ce1d9c000-7f1ce1f9c000 ---p 0009c000 08:07 7866495                    /usr/lib/x86_64-linux-gnu/libfreetype.so.6.10.1
7f1ce1f9c000-7f1ce1fa1000 r--p 0009c000 08:07 7866495                    /usr/lib/x86_64-linux-gnu/libfreetype.so.6.10.1
7f1ce1fa1000-7f1ce1fa2000 rw-p 000a1000 08:07 7866495                    /usr/lib/x86_64-linux-gnu/libfreetype.so.6.10.1
7f1ce1fa2000-7f1ce1faa000 r-xp 00000000 08:07 7865670                    /usr/lib/x86_64-linux-gnu/libthai.so.0.2.0
7f1ce1faa000-7f1ce21a9000 ---p 00008000 08:07 7865670                    /usr/lib/x86_64-linux-gnu/libthai.so.0.2.0
7f1ce21a9000-7f1ce21aa000 r--p 00007000 08:07 7865670                    /usr/lib/x86_64-linux-gnu/libthai.so.0.2.0
7f1ce21aa000-7f1ce21ab000 rw-p 00008000 08:07 7865670                    /usr/lib/x86_64-linux-gnu/libthai.so.0.2.0
7f1ce21ab000-7f1ce21ad000 r-xp 00000000 08:07 7870105                    /usr/lib/x86_64-linux-gnu/libXdamage.so.1.1.0
7f1ce21ad000-7f1ce23ac000 ---p 00002000 08:07 7870105                    /usr/lib/x86_64-linux-gnu/libXdamage.so.1.1.0
7f1ce23ac000-7f1ce23ad000 r--p 00001000 08:07 7870105                    /usr/lib/x86_64-linux-gnu/libXdamage.so.1.1.0
7f1ce23ad000-7f1ce23ae000 rw-p 00002000 08:07 7870105                    /usr/lib/x86_64-linux-gnu/libXdamage.so.1.1.0
7f1ce23ae000-7f1ce23b0000 r-xp 00000000 08:07 7870095                    /usr/lib/x86_64-linux-gnu/libXcomposite.so.1.0.0
7f1ce23b0000-7f1ce25af000 ---p 00002000 08:07 7870095                    /usr/lib/x86_64-linux-gnu/libXcomposite.so.1.0.0
7f1ce25af000-7f1ce25b0000 r--p 00001000 08:07 7870095                    /usr/lib/x86_64-linux-gnu/libXcomposite.so.1.0.0
7f1ce25b0000-7f1ce25b1000 rw-p 00002000 08:07 7870095                    /usr/lib/x86_64-linux-gnu/libXcomposite.so.1.0.0
7f1ce25b1000-7f1ce25ba000 r-xp 00000000 08:07 7870100                    /usr/lib/x86_64-linux-gnu/libXcursor.so.1.0.2
7f1ce25ba000-7f1ce27b9000 ---p 00009000 08:07 7870100                    /usr/lib/x86_64-linux-gnu/libXcursor.so.1.0.2
7f1ce27b9000-7f1ce27ba000 r--p 00008000 08:07 7870100                    /usr/lib/x86_64-linux-gnu/libXcursor.so.1.0.2
7f1ce27ba000-7f1ce27bb000 rw-p 00009000 08:07 7870100                    /usr/lib/x86_64-linux-gnu/libXcursor.so.1.0.2
7f1ce27bb000-7f1ce27c4000 r-xp 00000000 08:07 7870144                    /usr/lib/x86_64-linux-gnu/libXrandr.so.2.2.0
7f1ce27c4000-7f1ce29c3000 ---p 00009000 08:07 7870144                    /usr/lib/x86_64-linux-gnu/libXrandr.so.2.2.0
7f1ce29c3000-7f1ce29c4000 r--p 00008000 08:07 7870144                    /usr/lib/x86_64-linux-gnu/libXrandr.so.2.2.0
7f1ce29c4000-7f1ce29c5000 rw-p 00009000 08:07 7870144                    /usr/lib/x86_64-linux-gnu/libXrandr.so.2.2.0
7f1ce29c5000-7f1ce29c7000 r-xp 00000000 08:07 7870112                    /usr/lib/x86_64-linux-gnu/libXinerama.so.1.0.0
7f1ce29c7000-7f1ce2bc6000 ---p 00002000 08:07 7870112                    /usr/lib/x86_64-linux-gnu/libXinerama.so.1.0.0
7f1ce2bc6000-7f1ce2bc7000 r--p 00001000 08:07 7870112                    /usr/lib/x86_64-linux-gnu/libXinerama.so.1.0.0
7f1ce2bc7000-7f1ce2bc8000 rw-p 00002000 08:07 7870112                    /usr/lib/x86_64-linux-gnu/libXinerama.so.1.0.0
7f1ce2bc8000-7f1ce2bdc000 r-xp 00000000 08:07 7871143                    /usr/lib/x86_64-linux-gnu/libpangoft2-1.0.so.0.3200.5
7f1ce2bdc000-7f1ce2ddb000 ---p 00014000 08:07 7871143                    /usr/lib/x86_64-linux-gnu/libpangoft2-1.0.so.0.3200.5
7f1ce2ddb000-7f1ce2ddc000 r--p 00013000 08:07 7871143                    /usr/lib/x86_64-linux-gnu/libpangoft2-1.0.so.0.3200.5
7f1ce2ddc000-7f1ce2ddd000 rw-p 00014000 08:07 7871143                    /usr/lib/x86_64-linux-gnu/libpangoft2-1.0.so.0.3200.5
7f1ce2ddd000-7f1ce2ef6000 r-xp 00000000 08:07 7866335                    /usr/lib/x86_64-linux-gnu/libcairo.so.2.11200.16
7f1ce2ef6000-7f1ce30f6000 ---p 00119000 08:07 7866335                    /usr/lib/x86_64-linux-gnu/libcairo.so.2.11200.16
7f1ce30f6000-7f1ce30f9000 r--p 00119000 08:07 7866335                    /usr/lib/x86_64-linux-gnu/libcairo.so.2.11200.16
7f1ce30f9000-7f1ce30fb000 rw-p 0011c000 08:07 7866335                    /usr/lib/x86_64-linux-gnu/libcairo.so.2.11200.16
7f1ce30fb000-7f1ce30fc000 rw-p 00000000 00:00 0 
7f1ce30fc000-7f1ce311b000 r-xp 00000000 08:07 7869937                    /usr/lib/x86_64-linux-gnu/libatk-1.0.so.0.21009.1
7f1ce311b000-7f1ce331b000 ---p 0001f000 08:07 7869937                    /usr/lib/x86_64-linux-gnu/libatk-1.0.so.0.21009.1
7f1ce331b000-7f1ce331d000 r--p 0001f000 08:07 7869937                    /usr/lib/x86_64-linux-gnu/libatk-1.0.so.0.21009.1
7f1ce331d000-7f1ce331e000 rw-p 00021000 08:07 7869937                    /usr/lib/x86_64-linux-gnu/libatk-1.0.so.0.21009.1
7f1ce331e000-7f1ce3323000 r-xp 00000000 08:07 7869474                    /usr/lib/x86_64-linux-gnu/libXfixes.so.3.1.0
7f1ce3323000-7f1ce3522000 ---p 00005000 08:07 7869474                    /usr/lib/x86_64-linux-gnu/libXfixes.so.3.1.0
7f1ce3522000-7f1ce3523000 r--p 00004000 08:07 7869474                    /usr/lib/x86_64-linux-gnu/libXfixes.so.3.1.0
7f1ce3523000-7f1ce3524000 rw-p 00005000 08:07 7869474                    /usr/lib/x86_64-linux-gnu/libXfixes.so.3.1.0
7f1ce3524000-7f1ce352f000 r-xp 00000000 08:07 7871123                    /usr/lib/x86_64-linux-gnu/libpangocairo-1.0.so.0.3200.5
7f1ce352f000-7f1ce372f000 ---p 0000b000 08:07 7871123                    /usr/lib/x86_64-linux-gnu/libpangocairo-1.0.so.0.3200.5
7f1ce372f000-7f1ce3730000 r--p 0000b000 08:07 7871123                    /usr/lib/x86_64-linux-gnu/libpangocairo-1.0.so.0.3200.5
7f1ce3730000-7f1ce3731000 rw-p 0000c000 08:07 7871123                    /usr/lib/x86_64-linux-gnu/libpangocairo-1.0.so.0.3200.5
7f1ce3731000-7f1ce374e000 r-xp 00000000 08:07 7866414                    /usr/lib/x86_64-linux-gnu/libxcb.so.1.1.0
7f1ce374e000-7f1ce394d000 ---p 0001d000 08:07 7866414                    /usr/lib/x86_64-linux-gnu/libxcb.so.1.1.0
7f1ce394d000-7f1ce394e000 r--p 0001c000 08:07 7866414                    /usr/lib/x86_64-linux-gnu/libxcb.so.1.1.0
7f1ce394e000-7f1ce394f000 rw-p 0001d000 08:07 7866414                    /usr/lib/x86_64-linux-gnu/libxcb.so.1.1.0
7f1ce394f000-7f1ce39bb000 r-xp 00000000 08:07 7864762                    /usr/lib/x86_64-linux-gnu/libcups.so.2
7f1ce39bb000-7f1ce3bba000 ---p 0006c000 08:07 7864762                    /usr/lib/x86_64-linux-gnu/libcups.so.2
7f1ce3bba000-7f1ce3bc1000 r--p 0006b000 08:07 7864762                    /usr/lib/x86_64-linux-gnu/libcups.so.2
7f1ce3bc1000-7f1ce3bc2000 rw-p 00072000 08:07 7864762                    /usr/lib/x86_64-linux-gnu/libcups.so.2
7f1ce3bc2000-7f1ce3bc3000 r-xp 00000000 08:07 7869943                    /usr/lib/x86_64-linux-gnu/libgthread-2.0.so.0.3800.1
7f1ce3bc3000-7f1ce3dc2000 ---p 00001000 08:07 7869943                    /usr/lib/x86_64-linux-gnu/libgthread-2.0.so.0.3800.1
7f1ce3dc2000-7f1ce3dc3000 r--p 00000000 08:07 7869943                    /usr/lib/x86_64-linux-gnu/libgthread-2.0.so.0.3800.1
7f1ce3dc3000-7f1ce3dc4000 rw-p 00001000 08:07 7869943                    /usr/lib/x86_64-linux-gnu/libgthread-2.0.so.0.3800.1
7f1ce3dc4000-7f1ce3dfd000 r-xp 00000000 08:07 7876035                    /usr/lib/x86_64-linux-gnu/libfontconfig.so.1.7.0
7f1ce3dfd000-7f1ce3ffd000 ---p 00039000 08:07 7876035                    /usr/lib/x86_64-linux-gnu/libfontconfig.so.1.7.0
7f1ce3ffd000-7f1ce3fff000 r--p 00039000 08:07 7876035                    /usr/lib/x86_64-linux-gnu/libfontconfig.so.1.7.0
7f1ce3fff000-7f1ce4000000 rw-p 0003b000 08:07 7876035                    /usr/lib/x86_64-linux-gnu/libfontconfig.so.1.7.0
7f1ce4000000-7f1ce65f1000 rw-p 00000000 00:00 0 
7f1ce65f1000-7f1ce8000000 ---p 00000000 00:00 0 
7f1ce8000000-7f1ce8021000 rw-p 00000000 00:00 0 
7f1ce8021000-7f1cec000000 ---p 00000000 00:00 0 
7f1cec000000-7f1cec021000 rw-p 00000000 00:00 0 
7f1cec021000-7f1cf0000000 ---p 00000000 00:00 0 
7f1cf0000000-7f1cf0021000 rw-p 00000000 00:00 0 
7f1cf0021000-7f1cf4000000 ---p 00000000 00:00 0 
7f1cf402b000-7f1cf4075000 r-xp 00000000 08:07 7871098                    /usr/lib/x86_64-linux-gnu/libpango-1.0.so.0.3200.5
7f1cf4075000-7f1cf4274000 ---p 0004a000 08:07 7871098                    /usr/lib/x86_64-linux-gnu/libpango-1.0.so.0.3200.5
7f1cf4274000-7f1cf4276000 r--p 00049000 08:07 7871098                    /usr/lib/x86_64-linux-gnu/libpango-1.0.so.0.3200.5
7f1cf4276000-7f1cf4277000 rw-p 0004b000 08:07 7871098                    /usr/lib/x86_64-linux-gnu/libpango-1.0.so.0.3200.5
7f1cf4277000-7f1cf4296000 r-xp 00000000 08:07 7870068                    /usr/lib/x86_64-linux-gnu/libgdk_pixbuf-2.0.so.0.2800.1
7f1cf4296000-7f1cf4495000 ---p 0001f000 08:07 7870068                    /usr/lib/x86_64-linux-gnu/libgdk_pixbuf-2.0.so.0.2800.1
7f1cf4495000-7f1cf4496000 r--p 0001e000 08:07 7870068                    /usr/lib/x86_64-linux-gnu/libgdk_pixbuf-2.0.so.0.2800.1
7f1cf4496000-7f1cf4497000 rw-p 0001f000 08:07 7870068                    /usr/lib/x86_64-linux-gnu/libgdk_pixbuf-2.0.so.0.2800.1
7f1cf4497000-7f1cf4544000 r-xp 00000000 08:07 7870298                    /usr/lib/x86_64-linux-gnu/libgdk-x11-2.0.so.0.2400.20
7f1cf4544000-7f1cf4743000 ---p 000ad000 08:07 7870298                    /usr/lib/x86_64-linux-gnu/libgdk-x11-2.0.so.0.2400.20
7f1cf4743000-7f1cf4747000 r--p 000ac000 08:07 7870298                    /usr/lib/x86_64-linux-gnu/libgdk-x11-2.0.so.0.2400.20
7f1cf4747000-7f1cf4749000 rw-p 000b0000 08:07 7870298                    /usr/lib/x86_64-linux-gnu/libgdk-x11-2.0.so.0.2400.20
7f1cf4749000-7f1cf4b78000 r-xp 00000000 08:07 7870297                    /usr/lib/x86_64-linux-gnu/libgtk-x11-2.0.so.0.2400.20
7f1cf4b78000-7f1cf4d77000 ---p 0042f000 08:07 7870297                    /usr/lib/x86_64-linux-gnu/libgtk-x11-2.0.so.0.2400.20
7f1cf4d77000-7f1cf4d7e000 r--p 0042e000 08:07 7870297                    /usr/lib/x86_64-linux-gnu/libgtk-x11-2.0.so.0.2400.20
7f1cf4d7e000-7f1cf4d82000 rw-p 00435000 08:07 7870297                    /usr/lib/x86_64-linux-gnu/libgtk-x11-2.0.so.0.2400.20
7f1cf4d82000-7f1cf4d85000 rw-p 00000000 00:00 0 
7f1cf4d85000-7f1cf4d94000 r-xp 00000000 08:07 7867250                    /usr/lib/x86_64-linux-gnu/libXi.so.6.1.0
7f1cf4d94000-7f1cf4f93000 ---p 0000f000 08:07 7867250                    /usr/lib/x86_64-linux-gnu/libXi.so.6.1.0
7f1cf4f93000-7f1cf4f94000 r--p 0000e000 08:07 7867250                    /usr/lib/x86_64-linux-gnu/libXi.so.6.1.0
7f1cf4f94000-7f1cf4f95000 rw-p 0000f000 08:07 7867250                    /usr/lib/x86_64-linux-gnu/libXi.so.6.1.0
7f1cf4f95000-7f1cf4f9a000 r-xp 00000000 08:07 7869958                    /usr/lib/x86_64-linux-gnu/libXtst.so.6.1.0
7f1cf4f9a000-7f1cf5199000 ---p 00005000 08:07 7869958                    /usr/lib/x86_64-linux-gnu/libXtst.so.6.1.0
7f1cf5199000-7f1cf519a000 r--p 00004000 08:07 7869958                    /usr/lib/x86_64-linux-gnu/libXtst.so.6.1.0
7f1cf519a000-7f1cf519b000 rw-p 00005000 08:07 7869958                    /usr/lib/x86_64-linux-gnu/libXtst.so.6.1.0
7f1cf519b000-7f1cf51a4000 r-xp 00000000 08:07 7870002                    /usr/lib/x86_64-linux-gnu/libXrender.so.1.3.0
7f1cf51a4000-7f1cf53a3000 ---p 00009000 08:07 7870002                    /usr/lib/x86_64-linux-gnu/libXrender.so.1.3.0
7f1cf53a3000-7f1cf53a4000 r--p 00008000 08:07 7870002                    /usr/lib/x86_64-linux-gnu/libXrender.so.1.3.0
7f1cf53a4000-7f1cf53a5000 rw-p 00009000 08:07 7870002                    /usr/lib/x86_64-linux-gnu/libXrender.so.1.3.0
7f1cf53a5000-7f1cf54d5000 r-xp 00000000 08:07 7875046                    /usr/lib/x86_64-linux-gnu/libX11.so.6.3.0
7f1cf54d5000-7f1cf56d5000 ---p 00130000 08:07 7875046                    /usr/lib/x86_64-linux-gnu/libX11.so.6.3.0
7f1cf56d5000-7f1cf56d6000 r--p 00130000 08:07 7875046                    /usr/lib/x86_64-linux-gnu/libX11.so.6.3.0
7f1cf56d6000-7f1cf56da000 rw-p 00131000 08:07 7875046                    /usr/lib/x86_64-linux-gnu/libX11.so.6.3.0
7f1cf56da000-7f1cf56eb000 r-xp 00000000 08:07 7869451                    /usr/lib/x86_64-linux-gnu/libXext.so.6.4.0
7f1cf56eb000-7f1cf58ea000 ---p 00011000 08:07 7869451                    /usr/lib/x86_64-linux-gnu/libXext.so.6.4.0
7f1cf58ea000-7f1cf58eb000 r--p 00010000 08:07 7869451                    /usr/lib/x86_64-linux-gnu/libXext.so.6.4.0
7f1cf58eb000-7f1cf58ec000 rw-p 00011000 08:07 7869451                    /usr/lib/x86_64-linux-gnu/libXext.so.6.4.0
7f1cf58ec000-7f1cf593d000 r-xp 00000000 08:07 8128062                    /usr/lib/jvm/java-7-openjdk-amd64/jre/lib/amd64/xawt/libmawt.so
7f1cf593d000-7f1cf5b3c000 ---p 00051000 08:07 8128062                    /usr/lib/jvm/java-7-openjdk-amd64/jre/lib/amd64/xawt/libmawt.so
7f1cf5b3c000-7f1cf5b3d000 r--p 00050000 08:07 8128062                    /usr/lib/jvm/java-7-openjdk-amd64/jre/lib/amd64/xawt/libmawt.so
7f1cf5b3d000-7f1cf5b40000 rw-p 00051000 08:07 8128062                    /usr/lib/jvm/java-7-openjdk-amd64/jre/lib/amd64/xawt/libmawt.so
7f1cf5b40000-7f1cf5b41000 rw-p 00000000 00:00 0 
7f1cf5b41000-7f1cf5be2000 r-xp 00000000 08:07 8130209                    /usr/lib/jvm/java-7-openjdk-amd64/jre/lib/amd64/libawt.so
7f1cf5be2000-7f1cf5de1000 ---p 000a1000 08:07 8130209                    /usr/lib/jvm/java-7-openjdk-amd64/jre/lib/amd64/libawt.so
7f1cf5de1000-7f1cf5de2000 r--p 000a0000 08:07 8130209                    /usr/lib/jvm/java-7-openjdk-amd64/jre/lib/amd64/libawt.so
7f1cf5de2000-7f1cf5ded000 rw-p 000a1000 08:07 8130209                    /usr/lib/jvm/java-7-openjdk-amd64/jre/lib/amd64/libawt.so
7f1cf5ded000-7f1cf5e12000 rw-p 00000000 00:00 0 
7f1cf5e12000-7f1cf5e15000 ---p 00000000 00:00 0 
7f1cf5e15000-7f1cf5f13000 rw-p 00000000 00:00 0                          [stack:28993]
7f1cf5f13000-7f1cf5f50000 r-xp 00000000 08:07 5246690                    /lib/x86_64-linux-gnu/libpcre.so.3.13.1
7f1cf5f50000-7f1cf6150000 ---p 0003d000 08:07 5246690                    /lib/x86_64-linux-gnu/libpcre.so.3.13.1
7f1cf6150000-7f1cf6151000 r--p 0003d000 08:07 5246690                    /lib/x86_64-linux-gnu/libpcre.so.3.13.1
7f1cf6151000-7f1cf6152000 rw-p 0003e000 08:07 5246690                    /lib/x86_64-linux-gnu/libpcre.so.3.13.1
7f1cf6152000-7f1cf6159000 r-xp 00000000 08:07 7866333                    /usr/lib/x86_64-linux-gnu/libffi.so.6.0.1
7f1cf6159000-7f1cf6358000 ---p 00007000 08:07 7866333                    /usr/lib/x86_64-linux-gnu/libffi.so.6.0.1
7f1cf6358000-7f1cf6359000 r--p 00006000 08:07 7866333                    /usr/lib/x86_64-linux-gnu/libffi.so.6.0.1
7f1cf6359000-7f1cf635a000 rw-p 00007000 08:07 7866333                    /usr/lib/x86_64-linux-gnu/libffi.so.6.0.1
7f1cf635a000-7f1cf6370000 r-xp 00000000 08:07 5246563                    /lib/x86_64-linux-gnu/libresolv-2.17.so
7f1cf6370000-7f1cf6570000 ---p 00016000 08:07 5246563                    /lib/x86_64-linux-gnu/libresolv-2.17.so
7f1cf6570000-7f1cf6571000 r--p 00016000 08:07 5246563                    /lib/x86_64-linux-gnu/libresolv-2.17.so
7f1cf6571000-7f1cf6572000 rw-p 00017000 08:07 5246563                    /lib/x86_64-linux-gnu/libresolv-2.17.so
7f1cf6572000-7f1cf6574000 rw-p 00000000 00:00 0 
7f1cf6574000-7f1cf6593000 r-xp 00000000 08:07 5252600                    /lib/x86_64-linux-gnu/libselinux.so.1
7f1cf6593000-7f1cf6793000 ---p 0001f000 08:07 5252600                    /lib/x86_64-linux-gnu/libselinux.so.1
7f1cf6793000-7f1cf6794000 r--p 0001f000 08:07 5252600                    /lib/x86_64-linux-gnu/libselinux.so.1
7f1cf6794000-7f1cf6795000 rw-p 00020000 08:07 5252600                    /lib/x86_64-linux-gnu/libselinux.so.1
7f1cf6795000-7f1cf6796000 rw-p 00000000 00:00 0 
7f1cf6796000-7f1cf6799000 r-xp 00000000 08:07 7869944                    /usr/lib/x86_64-linux-gnu/libgmodule-2.0.so.0.3800.1
7f1cf6799000-7f1cf6998000 ---p 00003000 08:07 7869944                    /usr/lib/x86_64-linux-gnu/libgmodule-2.0.so.0.3800.1
7f1cf6998000-7f1cf6999000 r--p 00002000 08:07 7869944                    /usr/lib/x86_64-linux-gnu/libgmodule-2.0.so.0.3800.1
7f1cf6999000-7f1cf699a000 rw-p 00003000 08:07 7869944                    /usr/lib/x86_64-linux-gnu/libgmodule-2.0.so.0.3800.1
7f1cf699a000-7f1cf6a98000 r-xp 00000000 08:07 5242917                    /lib/x86_64-linux-gnu/libglib-2.0.so.0.3800.1
7f1cf6a98000-7f1cf6c98000 ---p 000fe000 08:07 5242917                    /lib/x86_64-linux-gnu/libglib-2.0.so.0.3800.1
7f1cf6c98000-7f1cf6c99000 r--p 000fe000 08:07 5242917                    /lib/x86_64-linux-gnu/libglib-2.0.so.0.3800.1
7f1cf6c99000-7f1cf6c9a000 rw-p 000ff000 08:07 5242917                    /lib/x86_64-linux-gnu/libglib-2.0.so.0.3800.1
7f1cf6c9a000-7f1cf6c9b000 rw-p 00000000 00:00 0 
7f1cf6c9b000-7f1cf6df7000 r-xp 00000000 08:07 7869941                    /usr/lib/x86_64-linux-gnu/libgio-2.0.so.0.3800.1
7f1cf6df7000-7f1cf6ff6000 ---p 0015c000 08:07 7869941                    /usr/lib/x86_64-linux-gnu/libgio-2.0.so.0.3800.1
7f1cf6ff6000-7f1cf6ffa000 r--p 0015b000 08:07 7869941                    /usr/lib/x86_64-linux-gnu/libgio-2.0.so.0.3800.1
7f1cf6ffa000-7f1cf6ffc000 rw-p 0015f000 08:07 7869941                    /usr/lib/x86_64-linux-gnu/libgio-2.0.so.0.3800.1
7f1cf6ffc000-7f1cf6ffe000 rw-p 00000000 00:00 0 
7f1cf6ffe000-7f1cf7001000 ---p 00000000 00:00 0 
7f1cf7001000-7f1cf77ff000 rw-p 00000000 00:00 0                          [stack:28970]
7f1cf77ff000-7f1cf7800000 ---p 00000000 00:00 0 
7f1cf7800000-7f1cf8000000 rw-p 00000000 00:00 0                          [stack:28969]
7f1cf8000000-7f1cf8e01000 rw-p 00000000 00:00 0 
7f1cf8e01000-7f1cfc000000 ---p 00000000 00:00 0 
7f1cfc000000-7f1cfc021000 rw-p 00000000 00:00 0 
7f1cfc021000-7f1d00000000 ---p 00000000 00:00 0 
7f1d00000000-7f1d00021000 rw-p 00000000 00:00 0 
7f1d00021000-7f1d04000000 ---p 00000000 00:00 0 
7f1d04000000-7f1d04dea000 rw-p 00000000 00:00 0 
7f1d04dea000-7f1d08000000 ---p 00000000 00:00 0 
7f1d08000000-7f1d08021000 rw-p 00000000 00:00 0 
7f1d08021000-7f1d0c000000 ---p 00000000 00:00 0 
7f1d0c000000-7f1d0c021000 rw-p 00000000 00:00 0 
7f1d0c021000-7f1d10000000 ---p 00000000 00:00 0 
7f1d10000000-7f1d10021000 rw-p 00000000 00:00 0 
7f1d10021000-7f1d14000000 ---p 00000000 00:00 0 
7f1d14000000-7f1d14021000 rw-p 00000000 00:00 0 
7f1d14021000-7f1d18000000 ---p 00000000 00:00 0 
7f1d18000000-7f1d18021000 rw-p 00000000 00:00 0 
7f1d18021000-7f1d1c000000 ---p 00000000 00:00 0 
7f1d1c000000-7f1d1c021000 rw-p 00000000 00:00 0 
7f1d1c021000-7f1d20000000 ---p 00000000 00:00 0 
7f1d20000000-7f1d20021000 rw-p 00000000 00:00 0 
7f1d20021000-7f1d24000000 ---p 00000000 00:00 0 
7f1d2406b000-7f1d240ba000 r-xp 00000000 08:07 7869942                    /usr/lib/x86_64-linux-gnu/libgobject-2.0.so.0.3800.1
7f1d240ba000-7f1d242ba000 ---p 0004f000 08:07 7869942                    /usr/lib/x86_64-linux-gnu/libgobject-2.0.so.0.3800.1
7f1d242ba000-7f1d242bb000 r--p 0004f000 08:07 7869942                    /usr/lib/x86_64-linux-gnu/libgobject-2.0.so.0.3800.1
7f1d242bb000-7f1d242bc000 rw-p 00050000 08:07 7869942                    /usr/lib/x86_64-linux-gnu/libgobject-2.0.so.0.3800.1
7f1d242d5000-7f1d242db000 rw-s 00000000 00:04 262864922                  /SYSV00000000 (deleted)
7f1d242db000-7f1d242f1000 r-xp 00000000 08:07 8130198                    /usr/lib/jvm/java-7-openjdk-amd64/jre/lib/amd64/libnet.so
7f1d242f1000-7f1d244f0000 ---p 00016000 08:07 8130198                    /usr/lib/jvm/java-7-openjdk-amd64/jre/lib/amd64/libnet.so
7f1d244f0000-7f1d244f1000 r--p 00015000 08:07 8130198                    /usr/lib/jvm/java-7-openjdk-amd64/jre/lib/amd64/libnet.so
7f1d244f1000-7f1d244f2000 rw-p 00016000 08:07 8130198                    /usr/lib/jvm/java-7-openjdk-amd64/jre/lib/amd64/libnet.so
7f1d244f2000-7f1d244f6000 r--s 00039000 08:07 2886744                    /home/shiwali/InstructoSoarII/probcog2/java/probcog.jar
7f1d244f6000-7f1d24508000 r--s 00295000 08:07 786580                     /home/shiwali/InstructoSoarII/april/java/april.jar
7f1d24508000-7f1d24511000 r--s 0005a000 08:07 3805643                    /home/shiwali/soar/SoarSuite/out/java/soar-debugger.jar
7f1d24511000-7f1d24524000 r--s 00211000 08:07 3805649                    /home/shiwali/soar/SoarSuite/out/java/swt.jar
7f1d24524000-7f1d24566000 rw-p 00000000 00:00 0 
7f1d24566000-7f1d24567000 ---p 00000000 00:00 0 
7f1d24567000-7f1d24d67000 rw-p 00000000 00:00 0                          [stack:28968]
7f1d24d67000-7f1d255be000 r-xp 00000000 08:07 3801127                    /home/shiwali/soar/SoarSuite/out/libSoar.so
7f1d255be000-7f1d257be000 ---p 00857000 08:07 3801127                    /home/shiwali/soar/SoarSuite/out/libSoar.so
7f1d257be000-7f1d257cf000 r--p 00857000 08:07 3801127                    /home/shiwali/soar/SoarSuite/out/libSoar.so
7f1d257cf000-7f1d257e5000 rw-p 00868000 08:07 3801127                    /home/shiwali/soar/SoarSuite/out/libSoar.so
7f1d257e5000-7f1d257ea000 rw-p 00000000 00:00 0 
7f1d257ea000-7f1d25843000 r-xp 00000000 08:07 3805190                    /home/shiwali/soar/SoarSuite/out/libJava_sml_ClientInterface.so
7f1d25843000-7f1d25a43000 ---p 00059000 08:07 3805190                    /home/shiwali/soar/SoarSuite/out/libJava_sml_ClientInterface.so
7f1d25a43000-7f1d25a44000 r--p 00059000 08:07 3805190                    /home/shiwali/soar/SoarSuite/out/libJava_sml_ClientInterface.so
7f1d25a44000-7f1d25a46000 rw-p 0005a000 08:07 3805190                    /home/shiwali/soar/SoarSuite/out/libJava_sml_ClientInterface.so
7f1d25a46000-7f1d25a47000 ---p 00000000 00:00 0 
7f1d25a47000-7f1d25b47000 rw-p 00000000 00:00 0                          [stack:28967]
7f1d25b47000-7f1d25b4a000 ---p 00000000 00:00 0 
7f1d25b4a000-7f1d25c48000 rw-p 00000000 00:00 0                          [stack:28966]
7f1d25c48000-7f1d25c4b000 ---p 00000000 00:00 0 
7f1d25c4b000-7f1d25d49000 rw-p 00000000 00:00 0                          [stack:28965]
7f1d25d49000-7f1d25d4c000 ---p 00000000 00:00 0 
7f1d25d4c000-7f1d25e4a000 rw-p 00000000 00:00 0                          [stack:28964]
7f1d25e4a000-7f1d25e4d000 ---p 00000000 00:00 0 
7f1d25e4d000-7f1d25f4b000 rw-p 00000000 00:00 0                          [stack:28963]
7f1d25f4b000-7f1d2662c000 r--p 00000000 08:07 7870646                    /usr/lib/locale/locale-archive
7f1d2662c000-7f1d2662f000 ---p 00000000 00:00 0 
7f1d2662f000-7f1d2672d000 rw-p 00000000 00:00 0                          [stack:28962]
7f1d2672d000-7f1d26730000 ---p 00000000 00:00 0 
7f1d26730000-7f1d2682e000 rw-p 00000000 00:00 0                          [stack:28961]
7f1d2682e000-7f1d2682f000 ---p 00000000 00:00 0 
7f1d2682f000-7f1d278c2000 rw-p 00000000 00:00 0                          [stack:28960]
7f1d278c2000-7f1d27a6f000 r--s 01cec000 08:07 8130116                    /usr/lib/jvm/java-7-openjdk-amd64/jre/lib/rt.jar
7f1d27a6f000-7f1d2ba6b000 rw-p 00000000 00:00 0 
7f1d2ba6b000-7f1d2ba6c000 ---p 00000000 00:00 0 
7f1d2ba6c000-7f1d2bb6c000 rw-p 00000000 00:00 0                          [stack:28959]
7f1d2bb6c000-7f1d2bb6d000 ---p 00000000 00:00 0 
7f1d2bb6d000-7f1d2bc6d000 rw-p 00000000 00:00 0                          [stack:28958]
7f1d2bc6d000-7f1d2bc6e000 ---p 00000000 00:00 0 
7f1d2bc6e000-7f1d2bd6e000 rw-p 00000000 00:00 0                          [stack:28957]
7f1d2bd6e000-7f1d2bd6f000 ---p 00000000 00:00 0 
7f1d2bd6f000-7f1d2be8e000 rw-p 00000000 00:00 0                          [stack:28956]
7f1d2be8e000-7f1d2c05a000 rw-p 00000000 00:00 0 
7f1d2c05a000-7f1d2c065000 rw-p 00000000 00:00 0 
7f1d2c065000-7f1d2c0ad000 rw-p 00000000 00:00 0 
7f1d2c0ad000-7f1d2c0cc000 rw-p 00000000 00:00 0 
7f1d2c0cc000-7f1d2c297000 rw-p 00000000 00:00 0 
7f1d2c297000-7f1d2c358000 rw-p 00000000 00:00 0 
7f1d2c358000-7f1d2c359000 ---p 00000000 00:00 0 
7f1d2c359000-7f1d2c38d000 rw-p 00000000 00:00 0 
7f1d2c38d000-7f1d2c38e000 rw-p 00000000 00:00 0 
7f1d2c38e000-7f1d2c5fe000 rwxp 00000000 00:00 0 
7f1d2c5fe000-7f1d2f38e000 rw-p 00000000 00:00 0 
7f1d2f38e000-7f1d2f396000 r-xp 00000000 08:07 8130223                    /usr/lib/jvm/java-7-openjdk-amd64/jre/lib/amd64/libzip.so
7f1d2f396000-7f1d2f595000 ---p 00008000 08:07 8130223                    /usr/lib/jvm/java-7-openjdk-amd64/jre/lib/amd64/libzip.so
7f1d2f595000-7f1d2f596000 r--p 00007000 08:07 8130223                    /usr/lib/jvm/java-7-openjdk-amd64/jre/lib/amd64/libzip.so
7f1d2f596000-7f1d2f597000 rw-p 00008000 08:07 8130223                    /usr/lib/jvm/java-7-openjdk-amd64/jre/lib/amd64/libzip.so
7f1d2f597000-7f1d2f5a3000 r-xp 00000000 08:07 5252128                    /lib/x86_64-linux-gnu/libnss_files-2.17.so
7f1d2f5a3000-7f1d2f7a2000 ---p 0000c000 08:07 5252128                    /lib/x86_64-linux-gnu/libnss_files-2.17.so
7f1d2f7a2000-7f1d2f7a3000 r--p 0000b000 08:07 5252128                    /lib/x86_64-linux-gnu/libnss_files-2.17.so
7f1d2f7a3000-7f1d2f7a4000 rw-p 0000c000 08:07 5252128                    /lib/x86_64-linux-gnu/libnss_files-2.17.so
7f1d2f7a4000-7f1d2f7af000 r-xp 00000000 08:07 5246736                    /lib/x86_64-linux-gnu/libnss_nis-2.17.so
7f1d2f7af000-7f1d2f9ae000 ---p 0000b000 08:07 5246736                    /lib/x86_64-linux-gnu/libnss_nis-2.17.so
7f1d2f9ae000-7f1d2f9af000 r--p 0000a000 08:07 5246736                    /lib/x86_64-linux-gnu/libnss_nis-2.17.so
7f1d2f9af000-7f1d2f9b0000 rw-p 0000b000 08:07 5246736                    /lib/x86_64-linux-gnu/libnss_nis-2.17.so
7f1d2f9b0000-7f1d2f9c7000 r-xp 00000000 08:07 5243692                    /lib/x86_64-linux-gnu/libnsl-2.17.so
7f1d2f9c7000-7f1d2fbc6000 ---p 00017000 08:07 5243692                    /lib/x86_64-linux-gnu/libnsl-2.17.so
7f1d2fbc6000-7f1d2fbc7000 r--p 00016000 08:07 5243692                    /lib/x86_64-linux-gnu/libnsl-2.17.so
7f1d2fbc7000-7f1d2fbc8000 rw-p 00017000 08:07 5243692                    /lib/x86_64-linux-gnu/libnsl-2.17.so
7f1d2fbc8000-7f1d2fbca000 rw-p 00000000 00:00 0 
7f1d2fbca000-7f1d2fbd2000 r-xp 00000000 08:07 5246561                    /lib/x86_64-linux-gnu/libnss_compat-2.17.so
7f1d2fbd2000-7f1d2fdd1000 ---p 00008000 08:07 5246561                    /lib/x86_64-linux-gnu/libnss_compat-2.17.so
7f1d2fdd1000-7f1d2fdd2000 r--p 00007000 08:07 5246561                    /lib/x86_64-linux-gnu/libnss_compat-2.17.so
7f1d2fdd2000-7f1d2fdd3000 rw-p 00008000 08:07 5246561                    /lib/x86_64-linux-gnu/libnss_compat-2.17.so
7f1d2fdd3000-7f1d2fdfe000 r-xp 00000000 08:07 8130208                    /usr/lib/jvm/java-7-openjdk-amd64/jre/lib/amd64/libjava.so
7f1d2fdfe000-7f1d2fffd000 ---p 0002b000 08:07 8130208                    /usr/lib/jvm/java-7-openjdk-amd64/jre/lib/amd64/libjava.so
7f1d2fffd000-7f1d2fffe000 r--p 0002a000 08:07 8130208                    /usr/lib/jvm/java-7-openjdk-amd64/jre/lib/amd64/libjava.so
7f1d2fffe000-7f1d30000000 rw-p 0002b000 08:07 8130208                    /usr/lib/jvm/java-7-openjdk-amd64/jre/lib/amd64/libjava.so
7f1d30000000-7f1d30608000 rw-p 00000000 00:00 0 
7f1d30608000-7f1d34000000 ---p 00000000 00:00 0 
7f1d34003000-7f1d340c3000 rw-p 00000000 00:00 0 
7f1d340c3000-7f1d3410b000 rw-p 00000000 00:00 0 
7f1d3410b000-7f1d3411b000 r-xp 00000000 08:07 8130207                    /usr/lib/jvm/java-7-openjdk-amd64/jre/lib/amd64/libverify.so
7f1d3411b000-7f1d3431a000 ---p 00010000 08:07 8130207                    /usr/lib/jvm/java-7-openjdk-amd64/jre/lib/amd64/libverify.so
7f1d3431a000-7f1d3431c000 r--p 0000f000 08:07 8130207                    /usr/lib/jvm/java-7-openjdk-amd64/jre/lib/amd64/libverify.so
7f1d3431c000-7f1d3431d000 rw-p 00011000 08:07 8130207                    /usr/lib/jvm/java-7-openjdk-amd64/jre/lib/amd64/libverify.so
7f1d3431d000-7f1d34324000 r-xp 00000000 08:07 5252129                    /lib/x86_64-linux-gnu/librt-2.17.so
7f1d34324000-7f1d34523000 ---p 00007000 08:07 5252129                    /lib/x86_64-linux-gnu/librt-2.17.so
7f1d34523000-7f1d34524000 r--p 00006000 08:07 5252129                    /lib/x86_64-linux-gnu/librt-2.17.so
7f1d34524000-7f1d34525000 rw-p 00007000 08:07 5252129                    /lib/x86_64-linux-gnu/librt-2.17.so
7f1d34525000-7f1d3453a000 r-xp 00000000 08:07 5243965                    /lib/x86_64-linux-gnu/libgcc_s.so.1
7f1d3453a000-7f1d34739000 ---p 00015000 08:07 5243965                    /lib/x86_64-linux-gnu/libgcc_s.so.1
7f1d34739000-7f1d3473a000 r--p 00014000 08:07 5243965                    /lib/x86_64-linux-gnu/libgcc_s.so.1
7f1d3473a000-7f1d3473b000 rw-p 00015000 08:07 5243965                    /lib/x86_64-linux-gnu/libgcc_s.so.1
7f1d3473b000-7f1d3483e000 r-xp 00000000 08:07 5246566                    /lib/x86_64-linux-gnu/libm-2.17.so
7f1d3483e000-7f1d34a3d000 ---p 00103000 08:07 5246566                    /lib/x86_64-linux-gnu/libm-2.17.so
7f1d34a3d000-7f1d34a3e000 r--p 00102000 08:07 5246566                    /lib/x86_64-linux-gnu/libm-2.17.so
7f1d34a3e000-7f1d34a3f000 rw-p 00103000 08:07 5246566                    /lib/x86_64-linux-gnu/libm-2.17.so
7f1d34a3f000-7f1d34b25000 r-xp 00000000 08:07 7864348                    /usr/lib/x86_64-linux-gnu/libstdc++.so.6.0.18
7f1d34b25000-7f1d34d24000 ---p 000e6000 08:07 7864348                    /usr/lib/x86_64-linux-gnu/libstdc++.so.6.0.18
7f1d34d24000-7f1d34d2c000 r--p 000e5000 08:07 7864348                    /usr/lib/x86_64-linux-gnu/libstdc++.so.6.0.18
7f1d34d2c000-7f1d34d2e000 rw-p 000ed000 08:07 7864348                    /usr/lib/x86_64-linux-gnu/libstdc++.so.6.0.18
7f1d34d2e000-7f1d34d43000 rw-p 00000000 00:00 0 
7f1d34d43000-7f1d35751000 r-xp 00000000 08:07 8130212                    /usr/lib/jvm/java-7-openjdk-amd64/jre/lib/amd64/server/libjvm.so
7f1d35751000-7f1d35950000 ---p 00a0e000 08:07 8130212                    /usr/lib/jvm/java-7-openjdk-amd64/jre/lib/amd64/server/libjvm.so
7f1d35950000-7f1d359c9000 r--p 00a0d000 08:07 8130212                    /usr/lib/jvm/java-7-openjdk-amd64/jre/lib/amd64/server/libjvm.so
7f1d359c9000-7f1d359ec000 rw-p 00a86000 08:07 8130212                    /usr/lib/jvm/java-7-openjdk-amd64/jre/lib/amd64/server/libjvm.so
7f1d359ec000-7f1d35a17000 rw-p 00000000 00:00 0 
7f1d35a17000-7f1d35a2f000 r-xp 00000000 08:07 5243951                    /lib/x86_64-linux-gnu/libz.so.1.2.8
7f1d35a2f000-7f1d35c2e000 ---p 00018000 08:07 5243951                    /lib/x86_64-linux-gnu/libz.so.1.2.8
7f1d35c2e000-7f1d35c2f000 r--p 00017000 08:07 5243951                    /lib/x86_64-linux-gnu/libz.so.1.2.8
7f1d35c2f000-7f1d35c30000 rw-p 00018000 08:07 5243951                    /lib/x86_64-linux-gnu/libz.so.1.2.8
7f1d35c30000-7f1d35c47000 r-xp 00000000 08:07 5252661                    /lib/x86_64-linux-gnu/libpthread-2.17.so
7f1d35c47000-7f1d35e47000 ---p 00017000 08:07 5252661                    /lib/x86_64-linux-gnu/libpthread-2.17.so
7f1d35e47000-7f1d35e48000 r--p 00017000 08:07 5252661                    /lib/x86_64-linux-gnu/libpthread-2.17.so
7f1d35e48000-7f1d35e49000 rw-p 00018000 08:07 5252661                    /lib/x86_64-linux-gnu/libpthread-2.17.so
7f1d35e49000-7f1d35e4d000 rw-p 00000000 00:00 0 
7f1d35e4d000-7f1d35e50000 r-xp 00000000 08:07 5252660                    /lib/x86_64-linux-gnu/libdl-2.17.so
7f1d35e50000-7f1d3604f000 ---p 00003000 08:07 5252660                    /lib/x86_64-linux-gnu/libdl-2.17.so
7f1d3604f000-7f1d36050000 r--p 00002000 08:07 5252660                    /lib/x86_64-linux-gnu/libdl-2.17.so
7f1d36050000-7f1d36051000 rw-p 00003000 08:07 5252660                    /lib/x86_64-linux-gnu/libdl-2.17.so
7f1d36051000-7f1d3620e000 r-xp 00000000 08:07 5252659                    /lib/x86_64-linux-gnu/libc-2.17.so
7f1d3620e000-7f1d3640e000 ---p 001bd000 08:07 5252659                    /lib/x86_64-linux-gnu/libc-2.17.so
7f1d3640e000-7f1d36412000 r--p 001bd000 08:07 5252659                    /lib/x86_64-linux-gnu/libc-2.17.so
7f1d36412000-7f1d36414000 rw-p 001c1000 08:07 5252659                    /lib/x86_64-linux-gnu/libc-2.17.so
7f1d36414000-7f1d36419000 rw-p 00000000 00:00 0 
7f1d36419000-7f1d36426000 r-xp 00000000 08:07 8130121                    /usr/lib/jvm/java-7-openjdk-amd64/jre/lib/amd64/jli/libjli.so
7f1d36426000-7f1d36625000 ---p 0000d000 08:07 8130121                    /usr/lib/jvm/java-7-openjdk-amd64/jre/lib/amd64/jli/libjli.so
7f1d36625000-7f1d36626000 r--p 0000c000 08:07 8130121                    /usr/lib/jvm/java-7-openjdk-amd64/jre/lib/amd64/jli/libjli.so
7f1d36626000-7f1d36627000 rw-p 0000d000 08:07 8130121                    /usr/lib/jvm/java-7-openjdk-amd64/jre/lib/amd64/jli/libjli.so
7f1d36627000-7f1d3664a000 r-xp 00000000 08:07 5246634                    /lib/x86_64-linux-gnu/ld-2.17.so
7f1d3664b000-7f1d3664c000 rw-p 00000000 00:00 0 
7f1d3664c000-7f1d3664d000 r--s 00001000 08:07 3805335                    /home/shiwali/soar/SoarSuite/out/java/soar-debugger-api.jar
7f1d3664d000-7f1d3664e000 r--s 00003000 08:07 3805648                    /home/shiwali/soar/SoarSuite/out/java/swtgraphics2d.jar
7f1d3664e000-7f1d36650000 r--s 00005000 08:07 3805321                    /home/shiwali/soar/SoarSuite/out/java/soar-smljava.jar
7f1d36650000-7f1d36659000 r--s 000bc000 08:07 8130271                    /usr/lib/jvm/java-7-openjdk-common/jre/lib/resources.jar
7f1d36659000-7f1d3665c000 r--s 00018000 08:07 3805299                    /home/shiwali/soar/SoarSuite/out/java/sml.jar
7f1d3665c000-7f1d3665f000 r--s 0001d000 08:07 9833101                    /usr/local/share/java/lcm.jar
7f1d3665f000-7f1d36662000 r--s 00028000 08:07 1707691                    /home/shiwali/InstructoSoarII/rosie/java/language/lgsoar.jar
7f1d36662000-7f1d3666c000 rw-p 00000000 00:00 0 
7f1d3666c000-7f1d36722000 rw-p 00000000 00:00 0 
7f1d36722000-7f1d36725000 ---p 00000000 00:00 0 
7f1d36725000-7f1d36828000 rw-p 00000000 00:00 0                          [stack:28954]
7f1d36828000-7f1d3682b000 r--s 0001c000 08:07 1575757                    /home/shiwali/InstructoSoarII/rosie/java/insoar.jar
7f1d3682b000-7f1d3682d000 r--s 00012000 08:07 8130259                    /usr/lib/jvm/java-7-openjdk-common/jre/lib/ext/zipfs.jar
7f1d3682d000-7f1d3682f000 r--s 00006000 08:07 8264680                    /usr/share/java/java-atk-wrapper.jar
7f1d3682f000-7f1d36832000 r--s 0003c000 08:07 8130265                    /usr/lib/jvm/java-7-openjdk-common/jre/lib/ext/sunpkcs11.jar
7f1d36832000-7f1d36835000 r--s 00032000 08:07 8130261                    /usr/lib/jvm/java-7-openjdk-common/jre/lib/ext/sunjce_provider.jar
7f1d36835000-7f1d36836000 r--s 00002000 08:07 8130267                    /usr/lib/jvm/java-7-openjdk-common/jre/lib/ext/dnsns.jar
7f1d36836000-7f1d36839000 r--s 0000f000 08:07 8130257                    /usr/lib/jvm/java-7-openjdk-common/jre/lib/ext/pulse-java.jar
7f1d36839000-7f1d3683d000 r--s 00085000 08:07 8130263                    /usr/lib/jvm/java-7-openjdk-common/jre/lib/ext/localedata.jar
7f1d3683d000-7f1d36845000 rw-s 00000000 08:07 1573089                    /tmp/hsperfdata_shiwali/28949
7f1d36845000-7f1d36846000 rw-p 00000000 00:00 0 
7f1d36846000-7f1d36847000 r--p 00000000 00:00 0 
7f1d36847000-7f1d36849000 rw-p 00000000 00:00 0 
7f1d36849000-7f1d3684a000 r--p 00022000 08:07 5246634                    /lib/x86_64-linux-gnu/ld-2.17.so
7f1d3684a000-7f1d3684c000 rw-p 00023000 08:07 5246634                    /lib/x86_64-linux-gnu/ld-2.17.so
7fff62ebd000-7fff62ede000 rw-p 00000000 00:00 0                          [stack]
7fff62fd1000-7fff62fd3000 r-xp 00000000 00:00 0                          [vdso]
ffffffffff600000-ffffffffff601000 r-xp 00000000 00:00 0                  [vsyscall]

VM Arguments:
jvm_args: -Dfile.encoding=UTF-8 
java_command: edu.umich.insoar.InSoar
Launcher Type: SUN_STANDARD

Environment Variables:
PATH=/home/shiwali/bin:/usr/lib/lightdm/lightdm:/usr/local/sbin:/usr/local/bin:/usr/sbin:/usr/bin:/sbin:/bin:/usr/games:/usr/local/games
LD_LIBRARY_PATH=/home/shiwali/soar/SoarSuite/out
SHELL=/bin/bash
DISPLAY=:0

Signal Handlers:
SIGSEGV: [libjvm.so+0x871410], sa_mask[0]=0x7ffbfeff, sa_flags=0x10000004
SIGBUS: [libjvm.so+0x871410], sa_mask[0]=0x7ffbfeff, sa_flags=0x10000004
SIGFPE: [libjvm.so+0x709540], sa_mask[0]=0x7ffbfeff, sa_flags=0x10000004
SIGPIPE: SIG_IGN, sa_mask[0]=0x00000000, sa_flags=0x00000000
SIGXFSZ: [libjvm.so+0x709540], sa_mask[0]=0x7ffbfeff, sa_flags=0x10000004
SIGILL: [libjvm.so+0x709540], sa_mask[0]=0x7ffbfeff, sa_flags=0x10000004
SIGUSR1: SIG_DFL, sa_mask[0]=0x00000000, sa_flags=0x00000000
SIGUSR2: [libjvm.so+0x709270], sa_mask[0]=0x00000004, sa_flags=0x10000004
SIGHUP: [libjvm.so+0x709550], sa_mask[0]=0x7ffbfeff, sa_flags=0x10000004
SIGINT: [libjvm.so+0x709550], sa_mask[0]=0x7ffbfeff, sa_flags=0x10000004
SIGTERM: [libjvm.so+0x709550], sa_mask[0]=0x7ffbfeff, sa_flags=0x10000004
SIGQUIT: [libjvm.so+0x709550], sa_mask[0]=0x7ffbfeff, sa_flags=0x10000004


---------------  S Y S T E M  ---------------

OS:Ubuntu 13.10 (saucy)
uname:Linux 3.11.0-15-generic #23-Ubuntu SMP Mon Dec 9 18:17:04 UTC 2013 x86_64
libc:glibc 2.17 NPTL 2.17 
rlimit: STACK 8192k, CORE 0k, NPROC 46883, NOFILE 4096, AS infinity
load average:3.44 4.11 3.94

/proc/meminfo:
MemTotal:        6021332 kB
MemFree:          369688 kB
Buffers:           51568 kB
Cached:          1758648 kB
SwapCached:          724 kB
Active:          3845132 kB
Inactive:        1504508 kB
Active(anon):    3405260 kB
Inactive(anon):  1125900 kB
Active(file):     439872 kB
Inactive(file):   378608 kB
Unevictable:          64 kB
Mlocked:              64 kB
SwapTotal:        975868 kB
SwapFree:         949056 kB
Dirty:               320 kB
Writeback:             0 kB
AnonPages:       3539000 kB
Mapped:           302492 kB
Shmem:            991736 kB
Slab:             161980 kB
SReclaimable:     121808 kB
SUnreclaim:        40172 kB
KernelStack:        5424 kB
PageTables:        56060 kB
NFS_Unstable:          0 kB
Bounce:                0 kB
WritebackTmp:          0 kB
CommitLimit:     3986532 kB
Committed_AS:    9863268 kB
VmallocTotal:   34359738367 kB
VmallocUsed:      354408 kB
VmallocChunk:   34359371388 kB
HardwareCorrupted:     0 kB
AnonHugePages:         0 kB
HugePages_Total:       0
HugePages_Free:        0
HugePages_Rsvd:        0
HugePages_Surp:        0
Hugepagesize:       2048 kB
DirectMap4k:       71296 kB
DirectMap2M:     6129664 kB


CPU:total 4 (2 cores per cpu, 2 threads per core) family 6 model 42 stepping 7, cmov, cx8, fxsr, mmx, sse, sse2, sse3, ssse3, sse4.1, sse4.2, popcnt, avx, ht, tsc, tscinvbit

/proc/cpuinfo:
processor	: 0
vendor_id	: GenuineIntel
cpu family	: 6
model		: 42
model name	: Intel(R) Core(TM) i5-2410M CPU @ 2.30GHz
stepping	: 7
microcode	: 0x15
cpu MHz		: 2300.000
cache size	: 3072 KB
physical id	: 0
siblings	: 4
core id		: 0
cpu cores	: 2
apicid		: 0
initial apicid	: 0
fpu		: yes
fpu_exception	: yes
cpuid level	: 13
wp		: yes
flags		: fpu vme de pse tsc msr pae mce cx8 apic sep mtrr pge mca cmov pat pse36 clflush dts acpi mmx fxsr sse sse2 ss ht tm pbe syscall nx rdtscp lm constant_tsc arch_perfmon pebs bts nopl xtopology nonstop_tsc aperfmperf eagerfpu pni pclmulqdq dtes64 monitor ds_cpl vmx est tm2 ssse3 cx16 xtpr pdcm pcid sse4_1 sse4_2 x2apic popcnt tsc_deadline_timer xsave avx lahf_lm ida arat epb xsaveopt pln pts dtherm tpr_shadow vnmi flexpriority ept vpid
bogomips	: 4589.84
clflush size	: 64
cache_alignment	: 64
address sizes	: 36 bits physical, 48 bits virtual
power management:

processor	: 1
vendor_id	: GenuineIntel
cpu family	: 6
model		: 42
model name	: Intel(R) Core(TM) i5-2410M CPU @ 2.30GHz
stepping	: 7
microcode	: 0x15
cpu MHz		: 2300.000
cache size	: 3072 KB
physical id	: 0
siblings	: 4
core id		: 0
cpu cores	: 2
apicid		: 1
initial apicid	: 1
fpu		: yes
fpu_exception	: yes
cpuid level	: 13
wp		: yes
flags		: fpu vme de pse tsc msr pae mce cx8 apic sep mtrr pge mca cmov pat pse36 clflush dts acpi mmx fxsr sse sse2 ss ht tm pbe syscall nx rdtscp lm constant_tsc arch_perfmon pebs bts nopl xtopology nonstop_tsc aperfmperf eagerfpu pni pclmulqdq dtes64 monitor ds_cpl vmx est tm2 ssse3 cx16 xtpr pdcm pcid sse4_1 sse4_2 x2apic popcnt tsc_deadline_timer xsave avx lahf_lm ida arat epb xsaveopt pln pts dtherm tpr_shadow vnmi flexpriority ept vpid
bogomips	: 4589.84
clflush size	: 64
cache_alignment	: 64
address sizes	: 36 bits physical, 48 bits virtual
power management:

processor	: 2
vendor_id	: GenuineIntel
cpu family	: 6
model		: 42
model name	: Intel(R) Core(TM) i5-2410M CPU @ 2.30GHz
stepping	: 7
microcode	: 0x15
cpu MHz		: 2300.000
cache size	: 3072 KB
physical id	: 0
siblings	: 4
core id		: 1
cpu cores	: 2
apicid		: 2
initial apicid	: 2
fpu		: yes
fpu_exception	: yes
cpuid level	: 13
wp		: yes
flags		: fpu vme de pse tsc msr pae mce cx8 apic sep mtrr pge mca cmov pat pse36 clflush dts acpi mmx fxsr sse sse2 ss ht tm pbe syscall nx rdtscp lm constant_tsc arch_perfmon pebs bts nopl xtopology nonstop_tsc aperfmperf eagerfpu pni pclmulqdq dtes64 monitor ds_cpl vmx est tm2 ssse3 cx16 xtpr pdcm pcid sse4_1 sse4_2 x2apic popcnt tsc_deadline_timer xsave avx lahf_lm ida arat epb xsaveopt pln pts dtherm tpr_shadow vnmi flexpriority ept vpid
bogomips	: 4589.84
clflush size	: 64
cache_alignment	: 64
address sizes	: 36 bits physical, 48 bits virtual
power management:

processor	: 3
vendor_id	: GenuineIntel
cpu family	: 6
model		: 42
model name	: Intel(R) Core(TM) i5-2410M CPU @ 2.30GHz
stepping	: 7
microcode	: 0x15
cpu MHz		: 2300.000
cache size	: 3072 KB
physical id	: 0
siblings	: 4
core id		: 1
cpu cores	: 2
apicid		: 3
initial apicid	: 3
fpu		: yes
fpu_exception	: yes
cpuid level	: 13
wp		: yes
flags		: fpu vme de pse tsc msr pae mce cx8 apic sep mtrr pge mca cmov pat pse36 clflush dts acpi mmx fxsr sse sse2 ss ht tm pbe syscall nx rdtscp lm constant_tsc arch_perfmon pebs bts nopl xtopology nonstop_tsc aperfmperf eagerfpu pni pclmulqdq dtes64 monitor ds_cpl vmx est tm2 ssse3 cx16 xtpr pdcm pcid sse4_1 sse4_2 x2apic popcnt tsc_deadline_timer xsave avx lahf_lm ida arat epb xsaveopt pln pts dtherm tpr_shadow vnmi flexpriority ept vpid
bogomips	: 4589.84
clflush size	: 64
cache_alignment	: 64
address sizes	: 36 bits physical, 48 bits virtual
power management:



Memory: 4k page, physical 6021332k(369688k free), swap 975868k(949056k free)

vm_info: OpenJDK 64-Bit Server VM (23.7-b01) for linux-amd64 JRE (1.7.0_25-b30), built on Oct 11 2013 18:04:12 by "buildd" with gcc 4.8.1

time: Sun Jan 19 19:35:59 2014
elapsed time: 354 seconds

