#
# A fatal error has been detected by the Java Runtime Environment:
#
#  SIGSEGV (0xb) at pc=0x00007fa730cbc5cd, pid=8788, tid=140355974461184
#
# JRE version: 7.0_25-b30
# Java VM: OpenJDK 64-Bit Server VM (23.7-b01 mixed mode linux-amd64 compressed oops)
# Problematic frame:
# C  [libSoar.so+0x2665cd]  std::_List_base<preference_struct*, soar_module::soar_memory_pool_allocator<preference_struct*> >::_M_clear()+0x11
#
# Failed to write core dump. Core dumps have been disabled. To enable core dumping, try "ulimit -c unlimited" before starting Java again
#
# If you would like to submit a bug report, please include
# instructions on how to reproduce the bug and visit:
#   https://bugs.launchpad.net/ubuntu/+source/openjdk-7/
#

---------------  T H R E A D  ---------------

Current thread is native thread

siginfo:si_signo=SIGSEGV: si_errno=0, si_code=1 (SEGV_MAPERR), si_addr=0x0000000000000018

Registers:
RAX=0x0000000000000000, RBX=0x0000000000000000, RCX=0x00007fa6e0634510, RDX=0x00007fa6e0634510
RSP=0x00007fa72bffdc70, RBP=0x00007fa72bffdcc0, RSI=0x00007fa6e0634510, RDI=0x0000000000000000
R8 =0x0000000000000000, R9 =0x00000000020f2000, R10=0x0000000000000b20, R11=0x00007fa6e0000078
R12=0x0000000000000000, R13=0x00007fa74c921060, R14=0x00007fa74c8ff4f0, R15=0x0000000000001000
RIP=0x00007fa730cbc5cd, EFLAGS=0x0000000000010202, CSGSFS=0x0000000000000033, ERR=0x0000000000000004
  TRAPNO=0x000000000000000e

Top of Stack: (sp=0x00007fa72bffdc70)
0x00007fa72bffdc70:   00007fa72bffdcb0 0000000000000000
0x00007fa72bffdc80:   0000000000001000 00007fa6e0007310
0x00007fa72bffdc90:   00007fa6e06345f0 00007fa6e0000dd0
0x00007fa72bffdca0:   00007fa6e0634690 00007fa6e00029a0
0x00007fa72bffdcb0:   00007fa72bffdce0 0000000000000000
0x00007fa72bffdcc0:   00007fa72bffdce0 00007fa730cab3a4
0x00007fa72bffdcd0:   0000000200000000 0000000000000000
0x00007fa72bffdce0:   00007fa72bffdd10 00007fa730c33c4a
0x00007fa72bffdcf0:   00007fa6e0634510 00007fa6e0000dd0
0x00007fa72bffdd00:   0000000000000000 00007fa6e0634600
0x00007fa72bffdd10:   00007fa72bffdd50 00007fa730c2b61f
0x00007fa72bffdd20:   00007fa6e0634510 00007fa6e0000dd0
0x00007fa72bffdd30:   00007fa6e20f14f8 00007fa6e20f94e0
0x00007fa72bffdd40:   00007fa72bffdd70 00007fa730cc870b
0x00007fa72bffdd50:   00007fa72bffde90 00007fa730c2df04
0x00007fa72bffdd60:   00007fa6e0e98698 00007fa6e0000dd0
0x00007fa72bffdd70:   00007fa72bffdd90 00007fa730cb1c77
0x00007fa72bffdd80:   00007fa72bffddc8 00007fa6e0000dd0
0x00007fa72bffdd90:   00007fa72bffddd0 00007fa730cb86e4
0x00007fa72bffdda0:   0000000000000000 00007fa6e0007390
0x00007fa72bffddb0:   00007fa6e0f24ff8 00007fa6e0000dd0
0x00007fa72bffddc0:   00007fa6e20e94e8 00007fa6e20f2010
0x00007fa72bffddd0:   00007fa72bffddf0 00007fa730c8cf89
0x00007fa72bffdde0:   00007fa6e0f24ff8 00007fa6e0000dd0
0x00007fa72bffddf0:   00007fa72bffde90 00007fa730c288bd
0x00007fa72bffde00:   00007fa72bffde20 00007fa730cb1c77
0x00007fa72bffde10:   00007f002bffde00 00007fa72bffded8
0x00007fa72bffde20:   00007fa6e0f24ff8 00007fa6e0000dd0
0x00007fa72bffde30:   00007fa6e0c00498 00007fa6e1073b38
0x00007fa72bffde40:   00007fa600001b90 00007fa6e0000dd0
0x00007fa72bffde50:   00007fa6e0634470 00007fa6e20f1ff0
0x00007fa72bffde60:   00007fa72bffde90 00007fa730c944ab 

Instructions: (pc=0x00007fa730cbc5cd)
0x00007fa730cbc5ad:   c0 0f 95 c0 84 c0 75 92 48 83 c4 48 5b 5d c3 55
0x00007fa730cbc5bd:   48 89 e5 53 48 83 ec 48 48 89 7d b8 48 8b 45 b8
0x00007fa730cbc5cd:   48 8b 40 18 48 89 45 c0 eb 5b 48 8b 45 c0 48 89
0x00007fa730cbc5dd:   45 c8 48 8b 45 c0 48 8b 00 48 89 45 c0 48 8b 45 

Register to memory mapping:

RAX=0x0000000000000000 is an unknown value
RBX=0x0000000000000000 is an unknown value
RCX=0x00007fa6e0634510 is an unknown value
RDX=0x00007fa6e0634510 is an unknown value
RSP=0x00007fa72bffdc70 is an unknown value
RBP=0x00007fa72bffdcc0 is an unknown value
RSI=0x00007fa6e0634510 is an unknown value
RDI=0x0000000000000000 is an unknown value
R8 =0x0000000000000000 is an unknown value
R9 =0x00000000020f2000 is an unknown value
R10=0x0000000000000b20 is an unknown value
R11=0x00007fa6e0000078 is an unknown value
R12=0x0000000000000000 is an unknown value
R13=0x00007fa74c921060: _rtld_global+0 in /lib64/ld-linux-x86-64.so.2 at 0x00007fa74c6fe000
R14=0x00007fa74c8ff4f0 is pointing into the stack for thread: 0x00007fa744009800
R15=0x0000000000001000 is an unknown value


Stack: [0x00007fa72b7ff000,0x00007fa72c000000],  sp=0x00007fa72bffdc70,  free space=8187k
Native frames: (J=compiled Java code, j=interpreted, Vv=VM code, C=native code)
C  [libSoar.so+0x2665cd]  std::_List_base<preference_struct*, soar_module::soar_memory_pool_allocator<preference_struct*> >::_M_clear()+0x11
C  [libSoar.so+0x2553a4]  std::list<preference_struct*, soar_module::soar_memory_pool_allocator<preference_struct*> >::clear()+0x18
C  [libSoar.so+0x1ddc4a]  epmem_reset(agent_struct*, symbol_union*)+0x76
C  [libSoar.so+0x1d561f]  remove_existing_context_and_descendents(agent_struct*, symbol_union*)+0x265
C  [libSoar.so+0x1d7f04]  gds_invalid_so_remove_goal(agent_struct*, wme_struct*)+0x2a1
C  [libSoar.so+0x1d4e0d]  decide_non_context_slot(agent_struct*, slot_struct*)+0x199
C  [libSoar.so+0x1d52e3]  decide_non_context_slots(agent_struct*)+0x55
C  [libSoar.so+0x1d6f18]  do_working_memory_phase(agent_struct*)+0x105
C  [libSoar.so+0x1eff55]  do_one_top_level_phase(agent_struct*)+0x7f9
C  [libSoar.so+0x1f1318]  run_for_n_decision_cycles(agent_struct*, long)+0xb8
C  [libSoar.so+0x380f5d]  sml::AgentSML::Step(sml::smlRunStepSize)+0x109
C  [libSoar.so+0x380d95]  sml::AgentSML::StepInClientThread(sml::smlRunStepSize)+0x43
C  [libSoar.so+0x391d66]  sml::RunScheduler::RunScheduledAgents(bool, sml::smlRunStepSize, unsigned long, sml::smlRunFlags, sml::smlRunStepSize, bool)+0x348
C  [libSoar.so+0x41d2d0]  cli::CommandLineInterface::DoRun(std::bitset<10ul> const&, int, cli::Cli::eRunInterleaveMode)+0x332
C  [libSoar.so+0x43e338]  cli::RunCommand::Parse(std::vector<std::string, std::allocator<std::string> >&)+0x67a
C  [libSoar.so+0x42e86f]  cli::Parser::handle_command(std::vector<std::string, std::allocator<std::string> >&)+0x91
C  [libSoar.so+0x42d596]  soar::tokenizer::parse_command()+0x1d0
C  [libSoar.so+0x42d33c]  soar::tokenizer::evaluate(char const*)+0x60
C  [libSoar.so+0x42080b]  cli::CommandLineInterface::Source(char const*, bool)+0x61
C  [libSoar.so+0x42ab13]  cli::CommandLineInterface::DoCommand(sml::Connection*, sml::AgentSML*, char const*, bool, bool, soarxml::ElementXML*)+0x11d
C  [libSoar.so+0x38c0e9]  sml::KernelSML::HandleCommandLine(sml::AgentSML*, char const*, sml::Connection*, sml::AnalyzeXML*, soarxml::ElementXML*)+0x481
C  [libSoar.so+0x3883c3]  sml::KernelSML::ProcessCommand(char const*, sml::Connection*, sml::AnalyzeXML*, soarxml::ElementXML*)+0x325
C  [libSoar.so+0x38868f]  sml::KernelSML::ProcessIncomingSML(sml::Connection*, soarxml::ElementXML*)+0x119
C  [libSoar.so+0x37f1c0]  ReceivedCall(sml::Connection*, soarxml::ElementXML*, void*)+0x3b
C  [libSoar.so+0x3f70d8]  sml::Callback::Invoke(soarxml::ElementXML*)+0x30
C  [libSoar.so+0x3f0dcb]  sml::Connection::InvokeCallbacks(soarxml::ElementXML*)+0x105
C  [libSoar.so+0x3f446d]  sml::RemoteConnection::ReceiveMessages(bool, int, int)+0x229
C  [libSoar.so+0x3f4241]  sml::RemoteConnection::ReceiveMessages(bool)+0x2b
C  [libSoar.so+0x385655]  sml::ConnectionManager::ReceiveAllMessages()+0x6f
C  [libSoar.so+0x38e062]  sml::ReceiverThread::Run()+0x2e
C  [libSoar.so+0x3f6d7d]  ThreadStartFunction(void*)+0x2b
C  [libSoar.so+0x3f6c35]  LinuxThreadFunc(void*)+0x28


---------------  P R O C E S S  ---------------

VM state:not at safepoint (normal execution)

VM Mutex/Monitor currently owned by a thread: None

Heap
 PSYoungGen      total 262464K, used 179138K [0x00000007d6c00000, 0x00000007f0900000, 0x0000000800000000)
  eden space 253120K, 68% used [0x00000007d6c00000,0x00000007e15c9690,0x00000007e6330000)
  from space 9344K, 56% used [0x00000007e6330000,0x00000007e68571d8,0x00000007e6c50000)
  to   space 8960K, 0% used [0x00000007f0040000,0x00000007f0040000,0x00000007f0900000)
 ParOldGen       total 84480K, used 9930K [0x0000000784400000, 0x0000000789680000, 0x00000007d6c00000)
  object space 84480K, 11% used [0x0000000784400000,0x0000000784db2bd0,0x0000000789680000)
 PSPermGen       total 21248K, used 19116K [0x0000000779e00000, 0x000000077b2c0000, 0x0000000784400000)
  object space 21248K, 89% used [0x0000000779e00000,0x000000077b0ab298,0x000000077b2c0000)

Card table byte_map: [0x00007fa749159000,0x00007fa74958b000] byte_map_base: 0x00007fa74558a000

Polling page: 0x00007fa74c91d000

Code Cache  [0x00007fa741000000, 0x00007fa741270000, 0x00007fa744000000)
 total_blobs=1034 nmethods=483 adapters=503 free_code_cache=47269Kb largest_free_block=48357696

Compilation events (10 events):
Event: 323.313 Thread 0x00007fa744116800  497             java.lang.ref.SoftReference::get (29 bytes)
Event: 323.313 Thread 0x00007fa744116800 nmethod 497 0x00007fa7411d3110 code [0x00007fa7411d3240, 0x00007fa7411d32d8]
Event: 323.960 Thread 0x00007fa744119800  498   !         edu.umich.insoar.PerceptionConnector::messageReceived (112 bytes)
Event: 323.967 Thread 0x00007fa744119800 nmethod 498 0x00007fa74116e110 code [0x00007fa74116e300, 0x00007fa74116ece0]
Event: 405.841 Thread 0x00007fa744116800  499  s!         edu.umich.insoar.MotorSystemConnector::messageReceived (36 bytes)
Event: 405.841 Thread 0x00007fa744119800  500             edu.umich.insoar.MotorSystemConnector::newRobotStatus (19 bytes)
Event: 405.842 Thread 0x00007fa744119800 nmethod 500 0x00007fa74116ded0 code [0x00007fa74116e000, 0x00007fa74116e098]
Event: 405.846 Thread 0x00007fa744116800 nmethod 499 0x00007fa7411cf1d0 code [0x00007fa7411cf360, 0x00007fa7411cfa98]
Event: 503.228 Thread 0x00007fa744119800  501  s          lcm.lcm.LCM::publish (62 bytes)
Event: 503.234 Thread 0x00007fa744119800 nmethod 501 0x00007fa7411d0c50 code [0x00007fa7411d0de0, 0x00007fa7411d1708]

GC Heap History (10 events):
Event: 1.559 GC heap before
{Heap before GC invocations=5 (full 0):
 PSYoungGen      total 68608K, used 68560K [0x00000007d6c00000, 0x00000007db420000, 0x0000000800000000)
  eden space 63360K, 100% used [0x00000007d6c00000,0x00000007da9e0000,0x00000007da9e0000)
  from space 5248K, 99% used [0x00000007daf00000,0x00000007db414010,0x00000007db420000)
  to   space 5248K, 0% used [0x00000007da9e0000,0x00000007da9e0000,0x00000007daf00000)
 ParOldGen       total 84480K, used 3838K [0x0000000784400000, 0x0000000789680000, 0x00000007d6c00000)
  object space 84480K, 4% used [0x0000000784400000,0x00000007847bfb60,0x0000000789680000)
 PSPermGen       total 21248K, used 3568K [0x0000000779e00000, 0x000000077b2c0000, 0x0000000784400000)
  object space 21248K, 16% used [0x0000000779e00000,0x000000077a17c2f8,0x000000077b2c0000)
Event: 1.591 GC heap after
Heap after GC invocations=5 (full 0):
 PSYoungGen      total 68608K, used 5216K [0x00000007d6c00000, 0x00000007df840000, 0x0000000800000000)
  eden space 63360K, 0% used [0x00000007d6c00000,0x00000007d6c00000,0x00000007da9e0000)
  from space 5248K, 99% used [0x00000007da9e0000,0x00000007daef8020,0x00000007daf00000)
  to   space 8448K, 0% used [0x00000007df000000,0x00000007df000000,0x00000007df840000)
 ParOldGen       total 84480K, used 4918K [0x0000000784400000, 0x0000000789680000, 0x00000007d6c00000)
  object space 84480K, 5% used [0x0000000784400000,0x00000007848cdb60,0x0000000789680000)
 PSPermGen       total 21248K, used 3568K [0x0000000779e00000, 0x000000077b2c0000, 0x0000000784400000)
  object space 21248K, 16% used [0x0000000779e00000,0x000000077a17c2f8,0x000000077b2c0000)
}
Event: 1.801 GC heap before
{Heap before GC invocations=6 (full 0):
 PSYoungGen      total 68608K, used 68576K [0x00000007d6c00000, 0x00000007df840000, 0x0000000800000000)
  eden space 63360K, 100% used [0x00000007d6c00000,0x00000007da9e0000,0x00000007da9e0000)
  from space 5248K, 99% used [0x00000007da9e0000,0x00000007daef8020,0x00000007daf00000)
  to   space 8448K, 0% used [0x00000007df000000,0x00000007df000000,0x00000007df840000)
 ParOldGen       total 84480K, used 4918K [0x0000000784400000, 0x0000000789680000, 0x00000007d6c00000)
  object space 84480K, 5% used [0x0000000784400000,0x00000007848cdb60,0x0000000789680000)
 PSPermGen       total 21248K, used 3568K [0x0000000779e00000, 0x000000077b2c0000, 0x0000000784400000)
  object space 21248K, 16% used [0x0000000779e00000,0x000000077a17c2f8,0x000000077b2c0000)
Event: 1.817 GC heap after
Heap after GC invocations=6 (full 0):
 PSYoungGen      total 134656K, used 5664K [0x00000007d6c00000, 0x00000007df7c0000, 0x0000000800000000)
  eden space 126720K, 0% used [0x00000007d6c00000,0x00000007d6c00000,0x00000007de7c0000)
  from space 7936K, 71% used [0x00000007df000000,0x00000007df588020,0x00000007df7c0000)
  to   space 8192K, 0% used [0x00000007de7c0000,0x00000007de7c0000,0x00000007defc0000)
 ParOldGen       total 84480K, used 4918K [0x0000000784400000, 0x0000000789680000, 0x00000007d6c00000)
  object space 84480K, 5% used [0x0000000784400000,0x00000007848cdb60,0x0000000789680000)
 PSPermGen       total 21248K, used 3568K [0x0000000779e00000, 0x000000077b2c0000, 0x0000000784400000)
  object space 21248K, 16% used [0x0000000779e00000,0x000000077a17c2f8,0x000000077b2c0000)
}
Event: 2.268 GC heap before
{Heap before GC invocations=7 (full 0):
 PSYoungGen      total 134656K, used 132384K [0x00000007d6c00000, 0x00000007df7c0000, 0x0000000800000000)
  eden space 126720K, 100% used [0x00000007d6c00000,0x00000007de7c0000,0x00000007de7c0000)
  from space 7936K, 71% used [0x00000007df000000,0x00000007df588020,0x00000007df7c0000)
  to   space 8192K, 0% used [0x00000007de7c0000,0x00000007de7c0000,0x00000007defc0000)
 ParOldGen       total 84480K, used 4918K [0x0000000784400000, 0x0000000789680000, 0x00000007d6c00000)
  object space 84480K, 5% used [0x0000000784400000,0x00000007848cdb60,0x0000000789680000)
 PSPermGen       total 21248K, used 3568K [0x0000000779e00000, 0x000000077b2c0000, 0x0000000784400000)
  object space 21248K, 16% used [0x0000000779e00000,0x000000077a17c2f8,0x000000077b2c0000)
Event: 2.282 GC heap after
Heap after GC invocations=7 (full 0):
 PSYoungGen      total 134912K, used 1248K [0x00000007d6c00000, 0x00000007e7520000, 0x0000000800000000)
  eden space 126720K, 0% used [0x00000007d6c00000,0x00000007d6c00000,0x00000007de7c0000)
  from space 8192K, 15% used [0x00000007de7c0000,0x00000007de8f8000,0x00000007defc0000)
  to   space 9024K, 0% used [0x00000007e6c50000,0x00000007e6c50000,0x00000007e7520000)
 ParOldGen       total 84480K, used 9826K [0x0000000784400000, 0x0000000789680000, 0x00000007d6c00000)
  object space 84480K, 11% used [0x0000000784400000,0x0000000784d98bd0,0x0000000789680000)
 PSPermGen       total 21248K, used 3568K [0x0000000779e00000, 0x000000077b2c0000, 0x0000000784400000)
  object space 21248K, 16% used [0x0000000779e00000,0x000000077a17c2f8,0x000000077b2c0000)
}
Event: 2.708 GC heap before
{Heap before GC invocations=8 (full 0):
 PSYoungGen      total 134912K, used 127968K [0x00000007d6c00000, 0x00000007e7520000, 0x0000000800000000)
  eden space 126720K, 100% used [0x00000007d6c00000,0x00000007de7c0000,0x00000007de7c0000)
  from space 8192K, 15% used [0x00000007de7c0000,0x00000007de8f8000,0x00000007defc0000)
  to   space 9024K, 0% used [0x00000007e6c50000,0x00000007e6c50000,0x00000007e7520000)
 ParOldGen       total 84480K, used 9826K [0x0000000784400000, 0x0000000789680000, 0x00000007d6c00000)
  object space 84480K, 11% used [0x0000000784400000,0x0000000784d98bd0,0x0000000789680000)
 PSPermGen       total 21248K, used 3568K [0x0000000779e00000, 0x000000077b2c0000, 0x0000000784400000)
  object space 21248K, 16% used [0x0000000779e00000,0x000000077a17c2f8,0x000000077b2c0000)
Event: 2.714 GC heap after
Heap after GC invocations=8 (full 0):
 PSYoungGen      total 262144K, used 1728K [0x00000007d6c00000, 0x00000007e75c0000, 0x0000000800000000)
  eden space 253120K, 0% used [0x00000007d6c00000,0x00000007d6c00000,0x00000007e6330000)
  from space 9024K, 19% used [0x00000007e6c50000,0x00000007e6e00000,0x00000007e7520000)
  to   space 9344K, 0% used [0x00000007e6330000,0x00000007e6330000,0x00000007e6c50000)
 ParOldGen       total 84480K, used 9906K [0x0000000784400000, 0x0000000789680000, 0x00000007d6c00000)
  object space 84480K, 11% used [0x0000000784400000,0x0000000784dacbd0,0x0000000789680000)
 PSPermGen       total 21248K, used 3568K [0x0000000779e00000, 0x000000077b2c0000, 0x0000000784400000)
  object space 21248K, 16% used [0x0000000779e00000,0x000000077a17c2f8,0x000000077b2c0000)
}
Event: 82.761 GC heap before
{Heap before GC invocations=9 (full 0):
 PSYoungGen      total 262144K, used 254848K [0x00000007d6c00000, 0x00000007e75c0000, 0x0000000800000000)
  eden space 253120K, 100% used [0x00000007d6c00000,0x00000007e6330000,0x00000007e6330000)
  from space 9024K, 19% used [0x00000007e6c50000,0x00000007e6e00000,0x00000007e7520000)
  to   space 9344K, 0% used [0x00000007e6330000,0x00000007e6330000,0x00000007e6c50000)
 ParOldGen       total 84480K, used 9906K [0x0000000784400000, 0x0000000789680000, 0x00000007d6c00000)
  object space 84480K, 11% used [0x0000000784400000,0x0000000784dacbd0,0x0000000789680000)
 PSPermGen       total 21248K, used 18987K [0x0000000779e00000, 0x000000077b2c0000, 0x0000000784400000)
  object space 21248K, 89% used [0x0000000779e00000,0x000000077b08aee8,0x000000077b2c0000)
Event: 82.773 GC heap after
Heap after GC invocations=9 (full 0):
 PSYoungGen      total 262464K, used 5276K [0x00000007d6c00000, 0x00000007f0900000, 0x0000000800000000)
  eden space 253120K, 0% used [0x00000007d6c00000,0x00000007d6c00000,0x00000007e6330000)
  from space 9344K, 56% used [0x00000007e6330000,0x00000007e68571d8,0x00000007e6c50000)
  to   space 8960K, 0% used [0x00000007f0040000,0x00000007f0040000,0x00000007f0900000)
 ParOldGen       total 84480K, used 9930K [0x0000000784400000, 0x0000000789680000, 0x00000007d6c00000)
  object space 84480K, 11% used [0x0000000784400000,0x0000000784db2bd0,0x0000000789680000)
 PSPermGen       total 21248K, used 18987K [0x0000000779e00000, 0x000000077b2c0000, 0x0000000784400000)
  object space 21248K, 89% used [0x0000000779e00000,0x000000077b08aee8,0x000000077b2c0000)
}

Deoptimization events (10 events):
Event: 86.358 Thread 0x00007fa6d40e0000 Uncommon trap -58 fr.pc 0x00007fa74112e248
Event: 86.358 Thread 0x00007fa6d40e0000 Uncommon trap -58 fr.pc 0x00007fa7411248fc
Event: 86.363 Thread 0x00007fa6d40e0000 Uncommon trap -58 fr.pc 0x00007fa7411248fc
Event: 86.363 Thread 0x00007fa6d40e0000 Uncommon trap -58 fr.pc 0x00007fa74112e248
Event: 86.363 Thread 0x00007fa6d40e0000 Uncommon trap -58 fr.pc 0x00007fa7411248fc
Event: 86.363 Thread 0x00007fa6d40e0000 Uncommon trap -58 fr.pc 0x00007fa74112e248
Event: 86.364 Thread 0x00007fa6d40e0000 Uncommon trap -58 fr.pc 0x00007fa74112e248
Event: 114.746 Thread 0x00007fa6c817b000 Uncommon trap -83 fr.pc 0x00007fa7411c2944
Event: 114.758 Thread 0x00007fa6c817b000 Uncommon trap -83 fr.pc 0x00007fa74115e054
Event: 114.758 Thread 0x00007fa6c817b000 Uncommon trap -83 fr.pc 0x00007fa74114d9a4

Internal exceptions (10 events):
Event: 86.361 Thread 0x00007fa6d40e0000 Threw 0x00000007d85bad90 at /build/buildd/openjdk-7-7u25-2.3.10/build/openjdk/hotspot/src/share/vm/prims/jvm.cpp:1235
Event: 86.361 Thread 0x00007fa6d40e0000 Threw 0x00000007d85be3e8 at /build/buildd/openjdk-7-7u25-2.3.10/build/openjdk/hotspot/src/share/vm/prims/jvm.cpp:1235
Event: 86.362 Thread 0x00007fa6d40e0000 Threw 0x00000007d85c12b0 at /build/buildd/openjdk-7-7u25-2.3.10/build/openjdk/hotspot/src/share/vm/prims/jvm.cpp:1235
Event: 86.362 Thread 0x00007fa6d40e0000 Threw 0x00000007d85c4378 at /build/buildd/openjdk-7-7u25-2.3.10/build/openjdk/hotspot/src/share/vm/prims/jvm.cpp:1235
Event: 86.362 Thread 0x00007fa6d40e0000 Threw 0x00000007d85c74b8 at /build/buildd/openjdk-7-7u25-2.3.10/build/openjdk/hotspot/src/share/vm/prims/jvm.cpp:1235
Event: 86.362 Thread 0x00007fa6d40e0000 Threw 0x00000007d85ca490 at /build/buildd/openjdk-7-7u25-2.3.10/build/openjdk/hotspot/src/share/vm/prims/jvm.cpp:1235
Event: 91.341 Thread 0x00007fa6d40e0000 Threw 0x00000007d901f720 at /build/buildd/openjdk-7-7u25-2.3.10/build/openjdk/hotspot/src/share/vm/prims/jvm.cpp:1235
Event: 114.746 Thread 0x00007fa6c817b000 Implicit null exception at 0x00007fa7411c22ce to 0x00007fa7411c2929
Event: 114.758 Thread 0x00007fa6c817b000 Implicit null exception at 0x00007fa74115dfb5 to 0x00007fa74115e039
Event: 114.758 Thread 0x00007fa6c817b000 Implicit null exception at 0x00007fa741147a18 to 0x00007fa74114d925

Events (10 events):
Event: 114.746 Thread 0x00007fa6c817b000 DEOPT PACKING pc=0x00007fa7411c2944 sp=0x00007fa72b7fd510
Event: 114.746 Thread 0x00007fa6c817b000 DEOPT UNPACKING pc=0x00007fa741039145 sp=0x00007fa72b7fd4c0 mode 2
Event: 114.758 Executing VM operation: RevokeBias
Event: 114.758 Executing VM operation: RevokeBias done
Event: 114.758 Thread 0x00007fa6c817b000 DEOPT PACKING pc=0x00007fa74115e054 sp=0x00007fa72b7fd3b0
Event: 114.758 Thread 0x00007fa6c817b000 DEOPT UNPACKING pc=0x00007fa741039145 sp=0x00007fa72b7fd368 mode 2
Event: 114.758 Thread 0x00007fa6c817b000 DEOPT PACKING pc=0x00007fa74114d9a4 sp=0x00007fa72b7fd3f0
Event: 114.758 Thread 0x00007fa6c817b000 DEOPT UNPACKING pc=0x00007fa741039145 sp=0x00007fa72b7fd1d8 mode 2
Event: 120.790 Thread 0x00007fa744116800 flushing nmethod 0x00007fa7410d52d0
Event: 173.155 Thread 0x00007fa744119800 flushing nmethod 0x00007fa74116d5d0


Dynamic libraries:
00400000-00401000 r-xp 00000000 08:01 4466528                            /usr/lib/jvm/java-7-openjdk-amd64/jre/bin/java
00600000-00601000 r--p 00000000 08:01 4466528                            /usr/lib/jvm/java-7-openjdk-amd64/jre/bin/java
00601000-00602000 rw-p 00001000 08:01 4466528                            /usr/lib/jvm/java-7-openjdk-amd64/jre/bin/java
0159c000-015bd000 rw-p 00000000 00:00 0                                  [heap]
779e00000-77b2c0000 rw-p 00000000 00:00 0 
77b2c0000-784400000 rw-p 00000000 00:00 0 
784400000-789680000 rw-p 00000000 00:00 0 
789680000-7d6c00000 rw-p 00000000 00:00 0 
7d6c00000-7f0900000 rw-p 00000000 00:00 0 
7f0900000-800000000 rw-p 00000000 00:00 0 
7fa6b8000000-7fa6b8021000 rw-p 00000000 00:00 0 
7fa6b8021000-7fa6bc000000 ---p 00000000 00:00 0 
7fa6bfb0b000-7fa6c0000000 rw-p 00000000 00:00 0 
7fa6c0000000-7fa6c0021000 rw-p 00000000 00:00 0 
7fa6c0021000-7fa6c4000000 ---p 00000000 00:00 0 
7fa6c4000000-7fa6c4021000 rw-p 00000000 00:00 0 
7fa6c4021000-7fa6c8000000 ---p 00000000 00:00 0 
7fa6c8000000-7fa6c81f7000 rw-p 00000000 00:00 0 
7fa6c81f7000-7fa6cc000000 ---p 00000000 00:00 0 
7fa6cc000000-7fa6cc021000 rw-p 00000000 00:00 0 
7fa6cc021000-7fa6d0000000 ---p 00000000 00:00 0 
7fa6d0000000-7fa6d0021000 rw-p 00000000 00:00 0 
7fa6d0021000-7fa6d4000000 ---p 00000000 00:00 0 
7fa6d4000000-7fa6d41ae000 rw-p 00000000 00:00 0 
7fa6d41ae000-7fa6d8000000 ---p 00000000 00:00 0 
7fa6d8000000-7fa6d8021000 rw-p 00000000 00:00 0 
7fa6d8021000-7fa6dc000000 ---p 00000000 00:00 0 
7fa6dc000000-7fa6dc021000 rw-p 00000000 00:00 0 
7fa6dc021000-7fa6e0000000 ---p 00000000 00:00 0 
7fa6e0000000-7fa6e235e000 rw-p 00000000 00:00 0 
7fa6e235e000-7fa6e4000000 ---p 00000000 00:00 0 
7fa6e4000000-7fa6e4021000 rw-p 00000000 00:00 0 
7fa6e4021000-7fa6e8000000 ---p 00000000 00:00 0 
7fa6e8000000-7fa6e8021000 rw-p 00000000 00:00 0 
7fa6e8021000-7fa6ec000000 ---p 00000000 00:00 0 
7fa6ec000000-7fa6ec021000 rw-p 00000000 00:00 0 
7fa6ec021000-7fa6f0000000 ---p 00000000 00:00 0 
7fa6f0000000-7fa6f1d85000 rw-p 00000000 00:00 0 
7fa6f1d85000-7fa6f4000000 ---p 00000000 00:00 0 
7fa6f4000000-7fa6f4021000 rw-p 00000000 00:00 0 
7fa6f4021000-7fa6f8000000 ---p 00000000 00:00 0 
7fa6f8000000-7fa6f8021000 rw-p 00000000 00:00 0 
7fa6f8021000-7fa6fc000000 ---p 00000000 00:00 0 
7fa6fc000000-7fa6fcb45000 rw-p 00000000 00:00 0 
7fa6fcb45000-7fa700000000 ---p 00000000 00:00 0 
7fa700000000-7fa700021000 rw-p 00000000 00:00 0 
7fa700021000-7fa704000000 ---p 00000000 00:00 0 
7fa704000000-7fa704021000 rw-p 00000000 00:00 0 
7fa704021000-7fa708000000 ---p 00000000 00:00 0 
7fa708000000-7fa708021000 rw-p 00000000 00:00 0 
7fa708021000-7fa70c000000 ---p 00000000 00:00 0 
7fa70c11f000-7fa70c122000 ---p 00000000 00:00 0 
7fa70c122000-7fa70c220000 rw-p 00000000 00:00 0 
7fa70c220000-7fa70c223000 ---p 00000000 00:00 0 
7fa70c223000-7fa70c321000 rw-p 00000000 00:00 0 
7fa70c321000-7fa70c324000 ---p 00000000 00:00 0 
7fa70c324000-7fa70c422000 rw-p 00000000 00:00 0 
7fa70c422000-7fa70c425000 ---p 00000000 00:00 0 
7fa70c425000-7fa70c523000 rw-p 00000000 00:00 0                          [stack:8845]
7fa70c523000-7fa70c66c000 rw-s 00000000 00:04 1776549913                 /SYSV00000000 (deleted)
7fa70c6b1000-7fa70c6b4000 ---p 00000000 00:00 0 
7fa70c6b4000-7fa70c7b2000 rw-p 00000000 00:00 0 
7fa70c7b2000-7fa70c7c2000 r-xp 00000000 08:01 4466495                    /usr/lib/jvm/java-7-openjdk-amd64/jre/lib/amd64/libnio.so
7fa70c7c2000-7fa70c9c2000 ---p 00010000 08:01 4466495                    /usr/lib/jvm/java-7-openjdk-amd64/jre/lib/amd64/libnio.so
7fa70c9c2000-7fa70c9c3000 r--p 00010000 08:01 4466495                    /usr/lib/jvm/java-7-openjdk-amd64/jre/lib/amd64/libnio.so
7fa70c9c3000-7fa70c9c4000 rw-p 00011000 08:01 4466495                    /usr/lib/jvm/java-7-openjdk-amd64/jre/lib/amd64/libnio.so
7fa70c9c4000-7fa70ca10000 r-xp 00000000 08:01 4466507                    /usr/lib/jvm/java-7-openjdk-amd64/jre/lib/amd64/libfontmanager.so
7fa70ca10000-7fa70cc0f000 ---p 0004c000 08:01 4466507                    /usr/lib/jvm/java-7-openjdk-amd64/jre/lib/amd64/libfontmanager.so
7fa70cc0f000-7fa70cc12000 r--p 0004b000 08:01 4466507                    /usr/lib/jvm/java-7-openjdk-amd64/jre/lib/amd64/libfontmanager.so
7fa70cc12000-7fa70cc13000 rw-p 0004e000 08:01 4466507                    /usr/lib/jvm/java-7-openjdk-amd64/jre/lib/amd64/libfontmanager.so
7fa70cc13000-7fa70cc16000 ---p 00000000 00:00 0 
7fa70cc16000-7fa70cd14000 rw-p 00000000 00:00 0                          [stack:8841]
7fa70cd14000-7fa70cd17000 ---p 00000000 00:00 0 
7fa70cd17000-7fa70ce15000 rw-p 00000000 00:00 0                          [stack:8840]
7fa70ce15000-7fa70ce18000 ---p 00000000 00:00 0 
7fa70ce18000-7fa70cf16000 rw-p 00000000 00:00 0                          [stack:8839]
7fa70cf16000-7fa70cf19000 ---p 00000000 00:00 0 
7fa70cf19000-7fa70d017000 rw-p 00000000 00:00 0                          [stack:8838]
7fa70d017000-7fa70e186000 r-xp 00000000 08:01 4463905                    /usr/lib/x86_64-linux-gnu/libicudata.so.48.1.1
7fa70e186000-7fa70e385000 ---p 0116f000 08:01 4463905                    /usr/lib/x86_64-linux-gnu/libicudata.so.48.1.1
7fa70e385000-7fa70e386000 r--p 0116e000 08:01 4463905                    /usr/lib/x86_64-linux-gnu/libicudata.so.48.1.1
7fa70e386000-7fa70e387000 rw-p 0116f000 08:01 4463905                    /usr/lib/x86_64-linux-gnu/libicudata.so.48.1.1
7fa70e387000-7fa70e38a000 r-xp 00000000 08:01 6033033                    /lib/x86_64-linux-gnu/libgpg-error.so.0.8.0
7fa70e38a000-7fa70e589000 ---p 00003000 08:01 6033033                    /lib/x86_64-linux-gnu/libgpg-error.so.0.8.0
7fa70e589000-7fa70e58a000 r--p 00002000 08:01 6033033                    /lib/x86_64-linux-gnu/libgpg-error.so.0.8.0
7fa70e58a000-7fa70e58b000 rw-p 00003000 08:01 6033033                    /lib/x86_64-linux-gnu/libgpg-error.so.0.8.0
7fa70e58b000-7fa70e58d000 r-xp 00000000 08:01 6033044                    /lib/x86_64-linux-gnu/libkeyutils.so.1.4
7fa70e58d000-7fa70e78d000 ---p 00002000 08:01 6033044                    /lib/x86_64-linux-gnu/libkeyutils.so.1.4
7fa70e78d000-7fa70e78e000 r--p 00002000 08:01 6033044                    /lib/x86_64-linux-gnu/libkeyutils.so.1.4
7fa70e78e000-7fa70e78f000 rw-p 00003000 08:01 6033044                    /lib/x86_64-linux-gnu/libkeyutils.so.1.4
7fa70e78f000-7fa70e8e5000 r-xp 00000000 08:01 4463919                    /usr/lib/x86_64-linux-gnu/libicuuc.so.48.1.1
7fa70e8e5000-7fa70eae4000 ---p 00156000 08:01 4463919                    /usr/lib/x86_64-linux-gnu/libicuuc.so.48.1.1
7fa70eae4000-7fa70eaf5000 r--p 00155000 08:01 4463919                    /usr/lib/x86_64-linux-gnu/libicuuc.so.48.1.1
7fa70eaf5000-7fa70eaf6000 rw-p 00166000 08:01 4463919                    /usr/lib/x86_64-linux-gnu/libicuuc.so.48.1.1
7fa70eaf6000-7fa70eafa000 rw-p 00000000 00:00 0 
7fa70eafa000-7fa70eb2c000 r-xp 00000000 08:01 4463911                    /usr/lib/x86_64-linux-gnu/libicule.so.48.1.1
7fa70eb2c000-7fa70ed2c000 ---p 00032000 08:01 4463911                    /usr/lib/x86_64-linux-gnu/libicule.so.48.1.1
7fa70ed2c000-7fa70ed2e000 r--p 00032000 08:01 4463911                    /usr/lib/x86_64-linux-gnu/libicule.so.48.1.1
7fa70ed2e000-7fa70ed2f000 rw-p 00034000 08:01 4463911                    /usr/lib/x86_64-linux-gnu/libicule.so.48.1.1
7fa70ed2f000-7fa70ed72000 r-xp 00000000 08:01 6029336                    /lib/x86_64-linux-gnu/libdbus-1.so.3.7.2
7fa70ed72000-7fa70ef71000 ---p 00043000 08:01 6029336                    /lib/x86_64-linux-gnu/libdbus-1.so.3.7.2
7fa70ef71000-7fa70ef72000 r--p 00042000 08:01 6029336                    /lib/x86_64-linux-gnu/libdbus-1.so.3.7.2
7fa70ef72000-7fa70ef73000 rw-p 00043000 08:01 6029336                    /lib/x86_64-linux-gnu/libdbus-1.so.3.7.2
7fa70ef73000-7fa70ef85000 r-xp 00000000 08:01 4464044                    /usr/lib/x86_64-linux-gnu/libp11-kit.so.0.0.0
7fa70ef85000-7fa70f185000 ---p 00012000 08:01 4464044                    /usr/lib/x86_64-linux-gnu/libp11-kit.so.0.0.0
7fa70f185000-7fa70f186000 r--p 00012000 08:01 4464044                    /usr/lib/x86_64-linux-gnu/libp11-kit.so.0.0.0
7fa70f186000-7fa70f187000 rw-p 00013000 08:01 4464044                    /usr/lib/x86_64-linux-gnu/libp11-kit.so.0.0.0
7fa70f187000-7fa70f196000 r-xp 00000000 08:01 4464202                    /usr/lib/x86_64-linux-gnu/libtasn1.so.3.2.0
7fa70f196000-7fa70f396000 ---p 0000f000 08:01 4464202                    /usr/lib/x86_64-linux-gnu/libtasn1.so.3.2.0
7fa70f396000-7fa70f397000 r--p 0000f000 08:01 4464202                    /usr/lib/x86_64-linux-gnu/libtasn1.so.3.2.0
7fa70f397000-7fa70f398000 rw-p 00010000 08:01 4464202                    /usr/lib/x86_64-linux-gnu/libtasn1.so.3.2.0
7fa70f398000-7fa70f412000 r-xp 00000000 08:01 6031341                    /lib/x86_64-linux-gnu/libgcrypt.so.11.7.0
7fa70f412000-7fa70f612000 ---p 0007a000 08:01 6031341                    /lib/x86_64-linux-gnu/libgcrypt.so.11.7.0
7fa70f612000-7fa70f613000 r--p 0007a000 08:01 6031341                    /lib/x86_64-linux-gnu/libgcrypt.so.11.7.0
7fa70f613000-7fa70f616000 rw-p 0007b000 08:01 6031341                    /lib/x86_64-linux-gnu/libgcrypt.so.11.7.0
7fa70f616000-7fa70f61d000 r-xp 00000000 08:01 4463954                    /usr/lib/x86_64-linux-gnu/libkrb5support.so.0.1
7fa70f61d000-7fa70f81c000 ---p 00007000 08:01 4463954                    /usr/lib/x86_64-linux-gnu/libkrb5support.so.0.1
7fa70f81c000-7fa70f81d000 r--p 00006000 08:01 4463954                    /usr/lib/x86_64-linux-gnu/libkrb5support.so.0.1
7fa70f81d000-7fa70f81e000 rw-p 00007000 08:01 4463954                    /usr/lib/x86_64-linux-gnu/libkrb5support.so.0.1
7fa70f81e000-7fa70f821000 r-xp 00000000 08:01 6033009                    /lib/x86_64-linux-gnu/libcom_err.so.2.1
7fa70f821000-7fa70fa20000 ---p 00003000 08:01 6033009                    /lib/x86_64-linux-gnu/libcom_err.so.2.1
7fa70fa20000-7fa70fa21000 r--p 00002000 08:01 6033009                    /lib/x86_64-linux-gnu/libcom_err.so.2.1
7fa70fa21000-7fa70fa22000 rw-p 00003000 08:01 6033009                    /lib/x86_64-linux-gnu/libcom_err.so.2.1
7fa70fa22000-7fa70fae6000 r-xp 00000000 08:01 4463952                    /usr/lib/x86_64-linux-gnu/libkrb5.so.3.3
7fa70fae6000-7fa70fce5000 ---p 000c4000 08:01 4463952                    /usr/lib/x86_64-linux-gnu/libkrb5.so.3.3
7fa70fce5000-7fa70fcef000 r--p 000c3000 08:01 4463952                    /usr/lib/x86_64-linux-gnu/libkrb5.so.3.3
7fa70fcef000-7fa70fcf0000 rw-p 000cd000 08:01 4463952                    /usr/lib/x86_64-linux-gnu/libkrb5.so.3.3
7fa70fcf0000-7fa714000000 rw-p 00000000 00:00 0 
7fa714000000-7fa714021000 rw-p 00000000 00:00 0 
7fa714021000-7fa718000000 ---p 00000000 00:00 0 
7fa718000000-7fa718021000 rw-p 00000000 00:00 0 
7fa718021000-7fa71c000000 ---p 00000000 00:00 0 
7fa71c000000-7fa71c021000 rw-p 00000000 00:00 0 
7fa71c021000-7fa720000000 ---p 00000000 00:00 0 
7fa72001f000-7fa720045000 r-xp 00000000 08:01 4463948                    /usr/lib/x86_64-linux-gnu/libk5crypto.so.3.1
7fa720045000-7fa720245000 ---p 00026000 08:01 4463948                    /usr/lib/x86_64-linux-gnu/libk5crypto.so.3.1
7fa720245000-7fa720246000 r--p 00026000 08:01 4463948                    /usr/lib/x86_64-linux-gnu/libk5crypto.so.3.1
7fa720246000-7fa720247000 rw-p 00027000 08:01 4463948                    /usr/lib/x86_64-linux-gnu/libk5crypto.so.3.1
7fa720247000-7fa720248000 rw-p 00000000 00:00 0 
7fa720248000-7fa7202dd000 r-xp 00000000 08:01 4463889                    /usr/lib/x86_64-linux-gnu/libharfbuzz.so.0.913.0
7fa7202dd000-7fa7204dc000 ---p 00095000 08:01 4463889                    /usr/lib/x86_64-linux-gnu/libharfbuzz.so.0.913.0
7fa7204dc000-7fa7204de000 r--p 00094000 08:01 4463889                    /usr/lib/x86_64-linux-gnu/libharfbuzz.so.0.913.0
7fa7204de000-7fa7204df000 rw-p 00096000 08:01 4463889                    /usr/lib/x86_64-linux-gnu/libharfbuzz.so.0.913.0
7fa7204df000-7fa7204e7000 r-xp 00000000 08:01 4463414                    /usr/lib/x86_64-linux-gnu/libxcb-render.so.0.0.0
7fa7204e7000-7fa7206e7000 ---p 00008000 08:01 4463414                    /usr/lib/x86_64-linux-gnu/libxcb-render.so.0.0.0
7fa7206e7000-7fa7206e8000 r--p 00008000 08:01 4463414                    /usr/lib/x86_64-linux-gnu/libxcb-render.so.0.0.0
7fa7206e8000-7fa7206e9000 rw-p 00009000 08:01 4463414                    /usr/lib/x86_64-linux-gnu/libxcb-render.so.0.0.0
7fa7206e9000-7fa7206eb000 r-xp 00000000 08:01 4464126                    /usr/lib/x86_64-linux-gnu/libxcb-shm.so.0.0.0
7fa7206eb000-7fa7208ea000 ---p 00002000 08:01 4464126                    /usr/lib/x86_64-linux-gnu/libxcb-shm.so.0.0.0
7fa7208ea000-7fa7208eb000 r--p 00001000 08:01 4464126                    /usr/lib/x86_64-linux-gnu/libxcb-shm.so.0.0.0
7fa7208eb000-7fa7208ec000 rw-p 00002000 08:01 4464126                    /usr/lib/x86_64-linux-gnu/libxcb-shm.so.0.0.0
7fa7208ec000-7fa720911000 r-xp 00000000 08:01 6033109                    /lib/x86_64-linux-gnu/libpng12.so.0.49.0
7fa720911000-7fa720b10000 ---p 00025000 08:01 6033109                    /lib/x86_64-linux-gnu/libpng12.so.0.49.0
7fa720b10000-7fa720b11000 r--p 00024000 08:01 6033109                    /lib/x86_64-linux-gnu/libpng12.so.0.49.0
7fa720b11000-7fa720b12000 rw-p 00025000 08:01 6033109                    /lib/x86_64-linux-gnu/libpng12.so.0.49.0
7fa720b12000-7fa720ba2000 r-xp 00000000 08:01 4464074                    /usr/lib/x86_64-linux-gnu/libpixman-1.so.0.28.2
7fa720ba2000-7fa720da1000 ---p 00090000 08:01 4464074                    /usr/lib/x86_64-linux-gnu/libpixman-1.so.0.28.2
7fa720da1000-7fa720da8000 r--p 0008f000 08:01 4464074                    /usr/lib/x86_64-linux-gnu/libpixman-1.so.0.28.2
7fa720da8000-7fa720da9000 rw-p 00096000 08:01 4464074                    /usr/lib/x86_64-linux-gnu/libpixman-1.so.0.28.2
7fa720da9000-7fa720dae000 r-xp 00000000 08:01 4463438                    /usr/lib/x86_64-linux-gnu/libXdmcp.so.6.0.0
7fa720dae000-7fa720fad000 ---p 00005000 08:01 4463438                    /usr/lib/x86_64-linux-gnu/libXdmcp.so.6.0.0
7fa720fad000-7fa720fae000 r--p 00004000 08:01 4463438                    /usr/lib/x86_64-linux-gnu/libXdmcp.so.6.0.0
7fa720fae000-7fa720faf000 rw-p 00005000 08:01 4463438                    /usr/lib/x86_64-linux-gnu/libXdmcp.so.6.0.0
7fa720faf000-7fa720fb1000 r-xp 00000000 08:01 4463427                    /usr/lib/x86_64-linux-gnu/libXau.so.6.0.0
7fa720fb1000-7fa7211b1000 ---p 00002000 08:01 4463427                    /usr/lib/x86_64-linux-gnu/libXau.so.6.0.0
7fa7211b1000-7fa7211b2000 r--p 00002000 08:01 4463427                    /usr/lib/x86_64-linux-gnu/libXau.so.6.0.0
7fa7211b2000-7fa7211b3000 rw-p 00003000 08:01 4463427                    /usr/lib/x86_64-linux-gnu/libXau.so.6.0.0
7fa7211b3000-7fa7211c2000 r-xp 00000000 08:01 4463513                    /usr/lib/x86_64-linux-gnu/libavahi-client.so.3.2.9
7fa7211c2000-7fa7213c2000 ---p 0000f000 08:01 4463513                    /usr/lib/x86_64-linux-gnu/libavahi-client.so.3.2.9
7fa7213c2000-7fa7213c3000 r--p 0000f000 08:01 4463513                    /usr/lib/x86_64-linux-gnu/libavahi-client.so.3.2.9
7fa7213c3000-7fa7213c4000 rw-p 00010000 08:01 4463513                    /usr/lib/x86_64-linux-gnu/libavahi-client.so.3.2.9
7fa7213c4000-7fa7213cf000 r-xp 00000000 08:01 4463515                    /usr/lib/x86_64-linux-gnu/libavahi-common.so.3.5.3
7fa7213cf000-7fa7215ce000 ---p 0000b000 08:01 4463515                    /usr/lib/x86_64-linux-gnu/libavahi-common.so.3.5.3
7fa7215ce000-7fa7215cf000 r--p 0000a000 08:01 4463515                    /usr/lib/x86_64-linux-gnu/libavahi-common.so.3.5.3
7fa7215cf000-7fa7215d0000 rw-p 0000b000 08:01 4463515                    /usr/lib/x86_64-linux-gnu/libavahi-common.so.3.5.3
7fa7215d0000-7fa721685000 r-xp 00000000 08:01 4463233                    /usr/lib/x86_64-linux-gnu/libgnutls.so.26.22.6
7fa721685000-7fa721884000 ---p 000b5000 08:01 4463233                    /usr/lib/x86_64-linux-gnu/libgnutls.so.26.22.6
7fa721884000-7fa72188a000 r--p 000b4000 08:01 4463233                    /usr/lib/x86_64-linux-gnu/libgnutls.so.26.22.6
7fa72188a000-7fa72188b000 rw-p 000ba000 08:01 4463233                    /usr/lib/x86_64-linux-gnu/libgnutls.so.26.22.6
7fa72188b000-7fa72188c000 rw-p 00000000 00:00 0 
7fa72188c000-7fa7218c7000 r-xp 00000000 08:01 4463791                    /usr/lib/x86_64-linux-gnu/libgssapi_krb5.so.2.2
7fa7218c7000-7fa721ac7000 ---p 0003b000 08:01 4463791                    /usr/lib/x86_64-linux-gnu/libgssapi_krb5.so.2.2
7fa721ac7000-7fa721ac8000 r--p 0003b000 08:01 4463791                    /usr/lib/x86_64-linux-gnu/libgssapi_krb5.so.2.2
7fa721ac8000-7fa721aca000 rw-p 0003c000 08:01 4463791                    /usr/lib/x86_64-linux-gnu/libgssapi_krb5.so.2.2
7fa721aca000-7fa721af0000 r-xp 00000000 08:01 6033022                    /lib/x86_64-linux-gnu/libexpat.so.1.6.0
7fa721af0000-7fa721cf0000 ---p 00026000 08:01 6033022                    /lib/x86_64-linux-gnu/libexpat.so.1.6.0
7fa721cf0000-7fa721cf2000 r--p 00026000 08:01 6033022                    /lib/x86_64-linux-gnu/libexpat.so.1.6.0
7fa721cf2000-7fa721cf3000 rw-p 00028000 08:01 6033022                    /lib/x86_64-linux-gnu/libexpat.so.1.6.0
7fa721cf3000-7fa721d8a000 r-xp 00000000 08:01 4463701                    /usr/lib/x86_64-linux-gnu/libfreetype.so.6.10.0
7fa721d8a000-7fa721f89000 ---p 00097000 08:01 4463701                    /usr/lib/x86_64-linux-gnu/libfreetype.so.6.10.0
7fa721f89000-7fa721f8f000 r--p 00096000 08:01 4463701                    /usr/lib/x86_64-linux-gnu/libfreetype.so.6.10.0
7fa721f8f000-7fa721f90000 rw-p 0009c000 08:01 4463701                    /usr/lib/x86_64-linux-gnu/libfreetype.so.6.10.0
7fa721f90000-7fa721f92000 r-xp 00000000 08:01 4463436                    /usr/lib/x86_64-linux-gnu/libXdamage.so.1.1.0
7fa721f92000-7fa722191000 ---p 00002000 08:01 4463436                    /usr/lib/x86_64-linux-gnu/libXdamage.so.1.1.0
7fa722191000-7fa722192000 r--p 00001000 08:01 4463436                    /usr/lib/x86_64-linux-gnu/libXdamage.so.1.1.0
7fa722192000-7fa722193000 rw-p 00002000 08:01 4463436                    /usr/lib/x86_64-linux-gnu/libXdamage.so.1.1.0
7fa722193000-7fa722195000 r-xp 00000000 08:01 4463432                    /usr/lib/x86_64-linux-gnu/libXcomposite.so.1.0.0
7fa722195000-7fa722394000 ---p 00002000 08:01 4463432                    /usr/lib/x86_64-linux-gnu/libXcomposite.so.1.0.0
7fa722394000-7fa722395000 r--p 00001000 08:01 4463432                    /usr/lib/x86_64-linux-gnu/libXcomposite.so.1.0.0
7fa722395000-7fa722396000 rw-p 00002000 08:01 4463432                    /usr/lib/x86_64-linux-gnu/libXcomposite.so.1.0.0
7fa722396000-7fa72239f000 r-xp 00000000 08:01 4464222                    /usr/lib/x86_64-linux-gnu/libXcursor.so.1.0.2
7fa72239f000-7fa72259f000 ---p 00009000 08:01 4464222                    /usr/lib/x86_64-linux-gnu/libXcursor.so.1.0.2
7fa72259f000-7fa7225a0000 r--p 00009000 08:01 4464222                    /usr/lib/x86_64-linux-gnu/libXcursor.so.1.0.2
7fa7225a0000-7fa7225a1000 rw-p 0000a000 08:01 4464222                    /usr/lib/x86_64-linux-gnu/libXcursor.so.1.0.2
7fa7225a1000-7fa7225aa000 r-xp 00000000 08:01 4463453                    /usr/lib/x86_64-linux-gnu/libXrandr.so.2.2.0
7fa7225aa000-7fa7227a9000 ---p 00009000 08:01 4463453                    /usr/lib/x86_64-linux-gnu/libXrandr.so.2.2.0
7fa7227a9000-7fa7227aa000 r--p 00008000 08:01 4463453                    /usr/lib/x86_64-linux-gnu/libXrandr.so.2.2.0
7fa7227aa000-7fa7227ab000 rw-p 00009000 08:01 4463453                    /usr/lib/x86_64-linux-gnu/libXrandr.so.2.2.0
7fa7227ab000-7fa7227ad000 r-xp 00000000 08:01 4463765                    /usr/lib/x86_64-linux-gnu/libXinerama.so.1.0.0
7fa7227ad000-7fa7229ac000 ---p 00002000 08:01 4463765                    /usr/lib/x86_64-linux-gnu/libXinerama.so.1.0.0
7fa7229ac000-7fa7229ad000 r--p 00001000 08:01 4463765                    /usr/lib/x86_64-linux-gnu/libXinerama.so.1.0.0
7fa7229ad000-7fa7229ae000 rw-p 00002000 08:01 4463765                    /usr/lib/x86_64-linux-gnu/libXinerama.so.1.0.0
7fa7229ae000-7fa7229c1000 r-xp 00000000 08:01 4464056                    /usr/lib/x86_64-linux-gnu/libpangoft2-1.0.so.0.3200.5
7fa7229c1000-7fa722bc0000 ---p 00013000 08:01 4464056                    /usr/lib/x86_64-linux-gnu/libpangoft2-1.0.so.0.3200.5
7fa722bc0000-7fa722bc1000 r--p 00012000 08:01 4464056                    /usr/lib/x86_64-linux-gnu/libpangoft2-1.0.so.0.3200.5
7fa722bc1000-7fa722bc2000 rw-p 00013000 08:01 4464056                    /usr/lib/x86_64-linux-gnu/libpangoft2-1.0.so.0.3200.5
7fa722bc2000-7fa722cc0000 r-xp 00000000 08:01 4463539                    /usr/lib/x86_64-linux-gnu/libcairo.so.2.11200.14
7fa722cc0000-7fa722ec0000 ---p 000fe000 08:01 4463539                    /usr/lib/x86_64-linux-gnu/libcairo.so.2.11200.14
7fa722ec0000-7fa722ec3000 r--p 000fe000 08:01 4463539                    /usr/lib/x86_64-linux-gnu/libcairo.so.2.11200.14
7fa722ec3000-7fa722ec4000 rw-p 00101000 08:01 4463539                    /usr/lib/x86_64-linux-gnu/libcairo.so.2.11200.14
7fa722ec4000-7fa722ec6000 rw-p 00000000 00:00 0 
7fa722ec6000-7fa722ee6000 r-xp 00000000 08:01 4463503                    /usr/lib/x86_64-linux-gnu/libatk-1.0.so.0.20809.1
7fa722ee6000-7fa7230e5000 ---p 00020000 08:01 4463503                    /usr/lib/x86_64-linux-gnu/libatk-1.0.so.0.20809.1
7fa7230e5000-7fa7230e7000 r--p 0001f000 08:01 4463503                    /usr/lib/x86_64-linux-gnu/libatk-1.0.so.0.20809.1
7fa7230e7000-7fa7230e8000 rw-p 00021000 08:01 4463503                    /usr/lib/x86_64-linux-gnu/libatk-1.0.so.0.20809.1
7fa7230e8000-7fa7230ed000 r-xp 00000000 08:01 4463594                    /usr/lib/x86_64-linux-gnu/libXfixes.so.3.1.0
7fa7230ed000-7fa7232ec000 ---p 00005000 08:01 4463594                    /usr/lib/x86_64-linux-gnu/libXfixes.so.3.1.0
7fa7232ec000-7fa7232ed000 r--p 00004000 08:01 4463594                    /usr/lib/x86_64-linux-gnu/libXfixes.so.3.1.0
7fa7232ed000-7fa7232ee000 rw-p 00005000 08:01 4463594                    /usr/lib/x86_64-linux-gnu/libXfixes.so.3.1.0
7fa7232ee000-7fa7232f9000 r-xp 00000000 08:01 4464054                    /usr/lib/x86_64-linux-gnu/libpangocairo-1.0.so.0.3200.5
7fa7232f9000-7fa7234f9000 ---p 0000b000 08:01 4464054                    /usr/lib/x86_64-linux-gnu/libpangocairo-1.0.so.0.3200.5
7fa7234f9000-7fa7234fa000 r--p 0000b000 08:01 4464054                    /usr/lib/x86_64-linux-gnu/libpangocairo-1.0.so.0.3200.5
7fa7234fa000-7fa7234fb000 rw-p 0000c000 08:01 4464054                    /usr/lib/x86_64-linux-gnu/libpangocairo-1.0.so.0.3200.5
7fa7234fb000-7fa723518000 r-xp 00000000 08:01 4463244                    /usr/lib/x86_64-linux-gnu/libxcb.so.1.1.0
7fa723518000-7fa723717000 ---p 0001d000 08:01 4463244                    /usr/lib/x86_64-linux-gnu/libxcb.so.1.1.0
7fa723717000-7fa723718000 r--p 0001c000 08:01 4463244                    /usr/lib/x86_64-linux-gnu/libxcb.so.1.1.0
7fa723718000-7fa723719000 rw-p 0001d000 08:01 4463244                    /usr/lib/x86_64-linux-gnu/libxcb.so.1.1.0
7fa723719000-7fa723773000 r-xp 00000000 08:01 4463592                    /usr/lib/x86_64-linux-gnu/libcups.so.2
7fa723773000-7fa723973000 ---p 0005a000 08:01 4463592                    /usr/lib/x86_64-linux-gnu/libcups.so.2
7fa723973000-7fa723978000 r--p 0005a000 08:01 4463592                    /usr/lib/x86_64-linux-gnu/libcups.so.2
7fa723978000-7fa723979000 rw-p 0005f000 08:01 4463592                    /usr/lib/x86_64-linux-gnu/libcups.so.2
7fa723979000-7fa72397a000 r-xp 00000000 08:01 4463869                    /usr/lib/x86_64-linux-gnu/libgthread-2.0.so.0.3600.0
7fa72397a000-7fa723b79000 ---p 00001000 08:01 4463869                    /usr/lib/x86_64-linux-gnu/libgthread-2.0.so.0.3600.0
7fa723b79000-7fa723b7a000 r--p 00000000 08:01 4463869                    /usr/lib/x86_64-linux-gnu/libgthread-2.0.so.0.3600.0
7fa723b7a000-7fa723b7b000 rw-p 00001000 08:01 4463869                    /usr/lib/x86_64-linux-gnu/libgthread-2.0.so.0.3600.0
7fa723b7b000-7fa723bb2000 r-xp 00000000 08:01 4463673                    /usr/lib/x86_64-linux-gnu/libfontconfig.so.1.6.2
7fa723bb2000-7fa723db2000 ---p 00037000 08:01 4463673                    /usr/lib/x86_64-linux-gnu/libfontconfig.so.1.6.2
7fa723db2000-7fa723db3000 r--p 00037000 08:01 4463673                    /usr/lib/x86_64-linux-gnu/libfontconfig.so.1.6.2
7fa723db3000-7fa723db4000 rw-p 00038000 08:01 4463673                    /usr/lib/x86_64-linux-gnu/libfontconfig.so.1.6.2
7fa723db4000-7fa723db5000 rw-p 00000000 00:00 0 
7fa723db5000-7fa723dfd000 r-xp 00000000 08:01 4464052                    /usr/lib/x86_64-linux-gnu/libpango-1.0.so.0.3200.5
7fa723dfd000-7fa723ffd000 ---p 00048000 08:01 4464052                    /usr/lib/x86_64-linux-gnu/libpango-1.0.so.0.3200.5
7fa723ffd000-7fa723fff000 r--p 00048000 08:01 4464052                    /usr/lib/x86_64-linux-gnu/libpango-1.0.so.0.3200.5
7fa723fff000-7fa724000000 rw-p 0004a000 08:01 4464052                    /usr/lib/x86_64-linux-gnu/libpango-1.0.so.0.3200.5
7fa724000000-7fa724021000 rw-p 00000000 00:00 0 
7fa724021000-7fa728000000 ---p 00000000 00:00 0 
7fa728034000-7fa728052000 r-xp 00000000 08:01 4463732                    /usr/lib/x86_64-linux-gnu/libgdk_pixbuf-2.0.so.0.2800.0
7fa728052000-7fa728252000 ---p 0001e000 08:01 4463732                    /usr/lib/x86_64-linux-gnu/libgdk_pixbuf-2.0.so.0.2800.0
7fa728252000-7fa728253000 r--p 0001e000 08:01 4463732                    /usr/lib/x86_64-linux-gnu/libgdk_pixbuf-2.0.so.0.2800.0
7fa728253000-7fa728254000 rw-p 0001f000 08:01 4463732                    /usr/lib/x86_64-linux-gnu/libgdk_pixbuf-2.0.so.0.2800.0
7fa728254000-7fa728301000 r-xp 00000000 08:01 4463730                    /usr/lib/x86_64-linux-gnu/libgdk-x11-2.0.so.0.2400.17
7fa728301000-7fa728500000 ---p 000ad000 08:01 4463730                    /usr/lib/x86_64-linux-gnu/libgdk-x11-2.0.so.0.2400.17
7fa728500000-7fa728504000 r--p 000ac000 08:01 4463730                    /usr/lib/x86_64-linux-gnu/libgdk-x11-2.0.so.0.2400.17
7fa728504000-7fa728506000 rw-p 000b0000 08:01 4463730                    /usr/lib/x86_64-linux-gnu/libgdk-x11-2.0.so.0.2400.17
7fa728506000-7fa728933000 r-xp 00000000 08:01 4463873                    /usr/lib/x86_64-linux-gnu/libgtk-x11-2.0.so.0.2400.17
7fa728933000-7fa728b32000 ---p 0042d000 08:01 4463873                    /usr/lib/x86_64-linux-gnu/libgtk-x11-2.0.so.0.2400.17
7fa728b32000-7fa728b39000 r--p 0042c000 08:01 4463873                    /usr/lib/x86_64-linux-gnu/libgtk-x11-2.0.so.0.2400.17
7fa728b39000-7fa728b3d000 rw-p 00433000 08:01 4463873                    /usr/lib/x86_64-linux-gnu/libgtk-x11-2.0.so.0.2400.17
7fa728b3d000-7fa728b3f000 rw-p 00000000 00:00 0 
7fa728b3f000-7fa728b4d000 r-xp 00000000 08:01 4463255                    /usr/lib/x86_64-linux-gnu/libXi.so.6.1.0
7fa728b4d000-7fa728d4d000 ---p 0000e000 08:01 4463255                    /usr/lib/x86_64-linux-gnu/libXi.so.6.1.0
7fa728d4d000-7fa728d4e000 r--p 0000e000 08:01 4463255                    /usr/lib/x86_64-linux-gnu/libXi.so.6.1.0
7fa728d4e000-7fa728d4f000 rw-p 0000f000 08:01 4463255                    /usr/lib/x86_64-linux-gnu/libXi.so.6.1.0
7fa728d4f000-7fa728d54000 r-xp 00000000 08:01 4463461                    /usr/lib/x86_64-linux-gnu/libXtst.so.6.1.0
7fa728d54000-7fa728f53000 ---p 00005000 08:01 4463461                    /usr/lib/x86_64-linux-gnu/libXtst.so.6.1.0
7fa728f53000-7fa728f54000 r--p 00004000 08:01 4463461                    /usr/lib/x86_64-linux-gnu/libXtst.so.6.1.0
7fa728f54000-7fa728f55000 rw-p 00005000 08:01 4463461                    /usr/lib/x86_64-linux-gnu/libXtst.so.6.1.0
7fa728f55000-7fa728f5e000 r-xp 00000000 08:01 4463395                    /usr/lib/x86_64-linux-gnu/libXrender.so.1.3.0
7fa728f5e000-7fa72915d000 ---p 00009000 08:01 4463395                    /usr/lib/x86_64-linux-gnu/libXrender.so.1.3.0
7fa72915d000-7fa72915e000 r--p 00008000 08:01 4463395                    /usr/lib/x86_64-linux-gnu/libXrender.so.1.3.0
7fa72915e000-7fa72915f000 rw-p 00009000 08:01 4463395                    /usr/lib/x86_64-linux-gnu/libXrender.so.1.3.0
7fa72915f000-7fa729293000 r-xp 00000000 08:01 4463247                    /usr/lib/x86_64-linux-gnu/libX11.so.6.3.0
7fa729293000-7fa729493000 ---p 00134000 08:01 4463247                    /usr/lib/x86_64-linux-gnu/libX11.so.6.3.0
7fa729493000-7fa729494000 r--p 00134000 08:01 4463247                    /usr/lib/x86_64-linux-gnu/libX11.so.6.3.0
7fa729494000-7fa729499000 rw-p 00135000 08:01 4463247                    /usr/lib/x86_64-linux-gnu/libX11.so.6.3.0
7fa729499000-7fa7294aa000 r-xp 00000000 08:01 4463249                    /usr/lib/x86_64-linux-gnu/libXext.so.6.4.0
7fa7294aa000-7fa7296a9000 ---p 00011000 08:01 4463249                    /usr/lib/x86_64-linux-gnu/libXext.so.6.4.0
7fa7296a9000-7fa7296aa000 r--p 00010000 08:01 4463249                    /usr/lib/x86_64-linux-gnu/libXext.so.6.4.0
7fa7296aa000-7fa7296ab000 rw-p 00011000 08:01 4463249                    /usr/lib/x86_64-linux-gnu/libXext.so.6.4.0
7fa7296ab000-7fa7296fe000 r-xp 00000000 08:01 4467641                    /usr/lib/jvm/java-7-openjdk-amd64/jre/lib/amd64/xawt/libmawt.so
7fa7296fe000-7fa7298fd000 ---p 00053000 08:01 4467641                    /usr/lib/jvm/java-7-openjdk-amd64/jre/lib/amd64/xawt/libmawt.so
7fa7298fd000-7fa7298fe000 r--p 00052000 08:01 4467641                    /usr/lib/jvm/java-7-openjdk-amd64/jre/lib/amd64/xawt/libmawt.so
7fa7298fe000-7fa729901000 rw-p 00053000 08:01 4467641                    /usr/lib/jvm/java-7-openjdk-amd64/jre/lib/amd64/xawt/libmawt.so
7fa729901000-7fa729902000 rw-p 00000000 00:00 0 
7fa729902000-7fa7299a3000 r-xp 00000000 08:01 4466511                    /usr/lib/jvm/java-7-openjdk-amd64/jre/lib/amd64/libawt.so
7fa7299a3000-7fa729ba3000 ---p 000a1000 08:01 4466511                    /usr/lib/jvm/java-7-openjdk-amd64/jre/lib/amd64/libawt.so
7fa729ba3000-7fa729ba4000 r--p 000a1000 08:01 4466511                    /usr/lib/jvm/java-7-openjdk-amd64/jre/lib/amd64/libawt.so
7fa729ba4000-7fa729baf000 rw-p 000a2000 08:01 4466511                    /usr/lib/jvm/java-7-openjdk-amd64/jre/lib/amd64/libawt.so
7fa729baf000-7fa729bd4000 rw-p 00000000 00:00 0 
7fa729bd4000-7fa729bd7000 ---p 00000000 00:00 0 
7fa729bd7000-7fa729cd5000 rw-p 00000000 00:00 0                          [stack:8837]
7fa729cd5000-7fa729d12000 r-xp 00000000 08:01 6033097                    /lib/x86_64-linux-gnu/libpcre.so.3.13.1
7fa729d12000-7fa729f12000 ---p 0003d000 08:01 6033097                    /lib/x86_64-linux-gnu/libpcre.so.3.13.1
7fa729f12000-7fa729f13000 r--p 0003d000 08:01 6033097                    /lib/x86_64-linux-gnu/libpcre.so.3.13.1
7fa729f13000-7fa729f14000 rw-p 0003e000 08:01 6033097                    /lib/x86_64-linux-gnu/libpcre.so.3.13.1
7fa729f14000-7fa729f1b000 r-xp 00000000 08:01 4463665                    /usr/lib/x86_64-linux-gnu/libffi.so.6.0.1
7fa729f1b000-7fa72a11a000 ---p 00007000 08:01 4463665                    /usr/lib/x86_64-linux-gnu/libffi.so.6.0.1
7fa72a11a000-7fa72a11b000 r--p 00006000 08:01 4463665                    /usr/lib/x86_64-linux-gnu/libffi.so.6.0.1
7fa72a11b000-7fa72a11c000 rw-p 00007000 08:01 4463665                    /usr/lib/x86_64-linux-gnu/libffi.so.6.0.1
7fa72a11c000-7fa72a132000 r-xp 00000000 08:01 6033120                    /lib/x86_64-linux-gnu/libresolv-2.17.so
7fa72a132000-7fa72a332000 ---p 00016000 08:01 6033120                    /lib/x86_64-linux-gnu/libresolv-2.17.so
7fa72a332000-7fa72a333000 r--p 00016000 08:01 6033120                    /lib/x86_64-linux-gnu/libresolv-2.17.so
7fa72a333000-7fa72a334000 rw-p 00017000 08:01 6033120                    /lib/x86_64-linux-gnu/libresolv-2.17.so
7fa72a334000-7fa72a336000 rw-p 00000000 00:00 0 
7fa72a336000-7fa72a353000 r-xp 00000000 08:01 6033124                    /lib/x86_64-linux-gnu/libselinux.so.1
7fa72a353000-7fa72a552000 ---p 0001d000 08:01 6033124                    /lib/x86_64-linux-gnu/libselinux.so.1
7fa72a552000-7fa72a553000 r--p 0001c000 08:01 6033124                    /lib/x86_64-linux-gnu/libselinux.so.1
7fa72a553000-7fa72a554000 rw-p 0001d000 08:01 6033124                    /lib/x86_64-linux-gnu/libselinux.so.1
7fa72a554000-7fa72a555000 rw-p 00000000 00:00 0 
7fa72a555000-7fa72a558000 r-xp 00000000 08:01 4463758                    /usr/lib/x86_64-linux-gnu/libgmodule-2.0.so.0.3600.0
7fa72a558000-7fa72a757000 ---p 00003000 08:01 4463758                    /usr/lib/x86_64-linux-gnu/libgmodule-2.0.so.0.3600.0
7fa72a757000-7fa72a758000 r--p 00002000 08:01 4463758                    /usr/lib/x86_64-linux-gnu/libgmodule-2.0.so.0.3600.0
7fa72a758000-7fa72a759000 rw-p 00003000 08:01 4463758                    /usr/lib/x86_64-linux-gnu/libgmodule-2.0.so.0.3600.0
7fa72a759000-7fa72a852000 r-xp 00000000 08:01 6033031                    /lib/x86_64-linux-gnu/libglib-2.0.so.0.3600.0
7fa72a852000-7fa72aa52000 ---p 000f9000 08:01 6033031                    /lib/x86_64-linux-gnu/libglib-2.0.so.0.3600.0
7fa72aa52000-7fa72aa53000 r--p 000f9000 08:01 6033031                    /lib/x86_64-linux-gnu/libglib-2.0.so.0.3600.0
7fa72aa53000-7fa72aa54000 rw-p 000fa000 08:01 6033031                    /lib/x86_64-linux-gnu/libglib-2.0.so.0.3600.0
7fa72aa54000-7fa72aa55000 rw-p 00000000 00:00 0 
7fa72aa55000-7fa72aaa2000 r-xp 00000000 08:01 4463774                    /usr/lib/x86_64-linux-gnu/libgobject-2.0.so.0.3600.0
7fa72aaa2000-7fa72aca2000 ---p 0004d000 08:01 4463774                    /usr/lib/x86_64-linux-gnu/libgobject-2.0.so.0.3600.0
7fa72aca2000-7fa72aca3000 r--p 0004d000 08:01 4463774                    /usr/lib/x86_64-linux-gnu/libgobject-2.0.so.0.3600.0
7fa72aca3000-7fa72aca4000 rw-p 0004e000 08:01 4463774                    /usr/lib/x86_64-linux-gnu/libgobject-2.0.so.0.3600.0
7fa72aca4000-7fa72adf7000 r-xp 00000000 08:01 4463748                    /usr/lib/x86_64-linux-gnu/libgio-2.0.so.0.3600.0
7fa72adf7000-7fa72aff6000 ---p 00153000 08:01 4463748                    /usr/lib/x86_64-linux-gnu/libgio-2.0.so.0.3600.0
7fa72aff6000-7fa72affa000 r--p 00152000 08:01 4463748                    /usr/lib/x86_64-linux-gnu/libgio-2.0.so.0.3600.0
7fa72affa000-7fa72affc000 rw-p 00156000 08:01 4463748                    /usr/lib/x86_64-linux-gnu/libgio-2.0.so.0.3600.0
7fa72affc000-7fa72affe000 rw-p 00000000 00:00 0 
7fa72affe000-7fa72b001000 ---p 00000000 00:00 0 
7fa72b001000-7fa72b7ff000 rw-p 00000000 00:00 0                          [stack:8812]
7fa72b7ff000-7fa72b800000 ---p 00000000 00:00 0 
7fa72b800000-7fa72c000000 rw-p 00000000 00:00 0                          [stack:8811]
7fa72c000000-7fa72c021000 rw-p 00000000 00:00 0 
7fa72c021000-7fa730000000 ---p 00000000 00:00 0 
7fa73003e000-7fa730054000 r-xp 00000000 08:01 4466499                    /usr/lib/jvm/java-7-openjdk-amd64/jre/lib/amd64/libnet.so
7fa730054000-7fa730253000 ---p 00016000 08:01 4466499                    /usr/lib/jvm/java-7-openjdk-amd64/jre/lib/amd64/libnet.so
7fa730253000-7fa730254000 r--p 00015000 08:01 4466499                    /usr/lib/jvm/java-7-openjdk-amd64/jre/lib/amd64/libnet.so
7fa730254000-7fa730255000 rw-p 00016000 08:01 4466499                    /usr/lib/jvm/java-7-openjdk-amd64/jre/lib/amd64/libnet.so
7fa730255000-7fa730256000 ---p 00000000 00:00 0 
7fa730256000-7fa730a56000 rw-p 00000000 00:00 0                          [stack:8810]
7fa730a56000-7fa7312c3000 r-xp 00000000 08:01 17042183                   /home/shiwali/soar/SoarSuite/out/libSoar.so
7fa7312c3000-7fa7314c2000 ---p 0086d000 08:01 17042183                   /home/shiwali/soar/SoarSuite/out/libSoar.so
7fa7314c2000-7fa7314d3000 r--p 0086c000 08:01 17042183                   /home/shiwali/soar/SoarSuite/out/libSoar.so
7fa7314d3000-7fa7314ea000 rw-p 0087d000 08:01 17042183                   /home/shiwali/soar/SoarSuite/out/libSoar.so
7fa7314ea000-7fa7314ee000 rw-p 00000000 00:00 0 
7fa7314ee000-7fa731547000 r-xp 00000000 08:01 17042226                   /home/shiwali/soar/SoarSuite/out/libJava_sml_ClientInterface.so
7fa731547000-7fa731747000 ---p 00059000 08:01 17042226                   /home/shiwali/soar/SoarSuite/out/libJava_sml_ClientInterface.so
7fa731747000-7fa731748000 r--p 00059000 08:01 17042226                   /home/shiwali/soar/SoarSuite/out/libJava_sml_ClientInterface.so
7fa731748000-7fa73174a000 rw-p 0005a000 08:01 17042226                   /home/shiwali/soar/SoarSuite/out/libJava_sml_ClientInterface.so
7fa73174a000-7fa73174b000 ---p 00000000 00:00 0 
7fa73174b000-7fa73184b000 rw-p 00000000 00:00 0                          [stack:8809]
7fa73184b000-7fa73184e000 ---p 00000000 00:00 0 
7fa73184e000-7fa73194c000 rw-p 00000000 00:00 0                          [stack:8808]
7fa73194c000-7fa73194f000 ---p 00000000 00:00 0 
7fa73194f000-7fa731a4d000 rw-p 00000000 00:00 0                          [stack:8807]
7fa731a4d000-7fa731a50000 ---p 00000000 00:00 0 
7fa731a50000-7fa731b4e000 rw-p 00000000 00:00 0                          [stack:8806]
7fa731b4e000-7fa731b51000 ---p 00000000 00:00 0 
7fa731b51000-7fa731c4f000 rw-p 00000000 00:00 0                          [stack:8805]
7fa731c4f000-7fa732330000 r--p 00000000 08:01 4462580                    /usr/lib/locale/locale-archive
7fa732330000-7fa732333000 ---p 00000000 00:00 0 
7fa732333000-7fa732431000 rw-p 00000000 00:00 0                          [stack:8804]
7fa732431000-7fa732434000 ---p 00000000 00:00 0 
7fa732434000-7fa732532000 rw-p 00000000 00:00 0                          [stack:8803]
7fa732532000-7fa732533000 ---p 00000000 00:00 0 
7fa732533000-7fa734000000 rw-p 00000000 00:00 0                          [stack:8802]
7fa734000000-7fa734021000 rw-p 00000000 00:00 0 
7fa734021000-7fa738000000 ---p 00000000 00:00 0 
7fa738000000-7fa738021000 rw-p 00000000 00:00 0 
7fa738021000-7fa73c000000 ---p 00000000 00:00 0 
7fa73c000000-7fa73c021000 rw-p 00000000 00:00 0 
7fa73c021000-7fa740000000 ---p 00000000 00:00 0 
7fa74007f000-7fa740083000 r--s 00035000 08:01 17957274                   /home/shiwali/InstructoSoarII/probcog2/java/probcog.jar
7fa740083000-7fa740095000 r--s 00294000 08:01 16910059                   /home/shiwali/InstructoSoarII/april/java/april.jar
7fa740095000-7fa7400a8000 r--s 00211000 08:01 17171916                   /home/shiwali/soar/SoarSuite/out/java/swt.jar
7fa7400a8000-7fa741000000 rw-p 00000000 00:00 0 
7fa741000000-7fa741270000 rwxp 00000000 00:00 0 
7fa741270000-7fa744615000 rw-p 00000000 00:00 0 
7fa744615000-7fa748000000 ---p 00000000 00:00 0 
7fa748001000-7fa748004000 r--s 0001d000 08:01 5378582                    /usr/local/share/java/lcm.jar
7fa748004000-7fa748495000 rw-p 00000000 00:00 0 
7fa748495000-7fa748642000 r--s 01cec000 08:01 4466481                    /usr/lib/jvm/java-7-openjdk-amd64/jre/lib/rt.jar
7fa748642000-7fa74866a000 rw-p 00000000 00:00 0 
7fa74866a000-7fa74866b000 ---p 00000000 00:00 0 
7fa74866b000-7fa74876b000 rw-p 00000000 00:00 0                          [stack:8801]
7fa74876b000-7fa74876c000 ---p 00000000 00:00 0 
7fa74876c000-7fa74886c000 rw-p 00000000 00:00 0                          [stack:8800]
7fa74886c000-7fa74886d000 ---p 00000000 00:00 0 
7fa74886d000-7fa74896d000 rw-p 00000000 00:00 0                          [stack:8799]
7fa74896d000-7fa74896e000 ---p 00000000 00:00 0 
7fa74896e000-7fa748a6e000 rw-p 00000000 00:00 0                          [stack:8798]
7fa748a6e000-7fa748a6f000 ---p 00000000 00:00 0 
7fa748a6f000-7fa748b6f000 rw-p 00000000 00:00 0                          [stack:8797]
7fa748b6f000-7fa748b70000 ---p 00000000 00:00 0 
7fa748b70000-7fa748c70000 rw-p 00000000 00:00 0                          [stack:8796]
7fa748c70000-7fa748c71000 ---p 00000000 00:00 0 
7fa748c71000-7fa748d71000 rw-p 00000000 00:00 0                          [stack:8795]
7fa748d71000-7fa748d72000 ---p 00000000 00:00 0 
7fa748d72000-7fa748e7d000 rw-p 00000000 00:00 0                          [stack:8794]
7fa748e7d000-7fa748ec5000 rw-p 00000000 00:00 0 
7fa748ec5000-7fa748eef000 rw-p 00000000 00:00 0 
7fa748eef000-7fa749159000 rw-p 00000000 00:00 0 
7fa749159000-7fa749164000 rw-p 00000000 00:00 0 
7fa749164000-7fa7491ac000 rw-p 00000000 00:00 0 
7fa7491ac000-7fa7491d6000 rw-p 00000000 00:00 0 
7fa7491d6000-7fa749440000 rw-p 00000000 00:00 0 
7fa749440000-7fa74950f000 rw-p 00000000 00:00 0 
7fa74950f000-7fa74958a000 rw-p 00000000 00:00 0 
7fa74958a000-7fa74958b000 rw-p 00000000 00:00 0 
7fa74958b000-7fa749593000 r-xp 00000000 08:01 4466526                    /usr/lib/jvm/java-7-openjdk-amd64/jre/lib/amd64/libzip.so
7fa749593000-7fa749792000 ---p 00008000 08:01 4466526                    /usr/lib/jvm/java-7-openjdk-amd64/jre/lib/amd64/libzip.so
7fa749792000-7fa749793000 r--p 00007000 08:01 4466526                    /usr/lib/jvm/java-7-openjdk-amd64/jre/lib/amd64/libzip.so
7fa749793000-7fa749794000 rw-p 00008000 08:01 4466526                    /usr/lib/jvm/java-7-openjdk-amd64/jre/lib/amd64/libzip.so
7fa749794000-7fa7497a0000 r-xp 00000000 08:01 6033075                    /lib/x86_64-linux-gnu/libnss_files-2.17.so
7fa7497a0000-7fa74999f000 ---p 0000c000 08:01 6033075                    /lib/x86_64-linux-gnu/libnss_files-2.17.so
7fa74999f000-7fa7499a0000 r--p 0000b000 08:01 6033075                    /lib/x86_64-linux-gnu/libnss_files-2.17.so
7fa7499a0000-7fa7499a1000 rw-p 0000c000 08:01 6033075                    /lib/x86_64-linux-gnu/libnss_files-2.17.so
7fa7499a1000-7fa7499ac000 r-xp 00000000 08:01 6033079                    /lib/x86_64-linux-gnu/libnss_nis-2.17.so
7fa7499ac000-7fa749bab000 ---p 0000b000 08:01 6033079                    /lib/x86_64-linux-gnu/libnss_nis-2.17.so
7fa749bab000-7fa749bac000 r--p 0000a000 08:01 6033079                    /lib/x86_64-linux-gnu/libnss_nis-2.17.so
7fa749bac000-7fa749bad000 rw-p 0000b000 08:01 6033079                    /lib/x86_64-linux-gnu/libnss_nis-2.17.so
7fa749bad000-7fa749bc4000 r-xp 00000000 08:01 6033069                    /lib/x86_64-linux-gnu/libnsl-2.17.so
7fa749bc4000-7fa749dc3000 ---p 00017000 08:01 6033069                    /lib/x86_64-linux-gnu/libnsl-2.17.so
7fa749dc3000-7fa749dc4000 r--p 00016000 08:01 6033069                    /lib/x86_64-linux-gnu/libnsl-2.17.so
7fa749dc4000-7fa749dc5000 rw-p 00017000 08:01 6033069                    /lib/x86_64-linux-gnu/libnsl-2.17.so
7fa749dc5000-7fa749dc7000 rw-p 00000000 00:00 0 
7fa749dc7000-7fa749dcf000 r-xp 00000000 08:01 6033071                    /lib/x86_64-linux-gnu/libnss_compat-2.17.so
7fa749dcf000-7fa749fce000 ---p 00008000 08:01 6033071                    /lib/x86_64-linux-gnu/libnss_compat-2.17.so
7fa749fce000-7fa749fcf000 r--p 00007000 08:01 6033071                    /lib/x86_64-linux-gnu/libnss_compat-2.17.so
7fa749fcf000-7fa749fd0000 rw-p 00008000 08:01 6033071                    /lib/x86_64-linux-gnu/libnss_compat-2.17.so
7fa749fd0000-7fa749ffb000 r-xp 00000000 08:01 4466510                    /usr/lib/jvm/java-7-openjdk-amd64/jre/lib/amd64/libjava.so
7fa749ffb000-7fa74a1fa000 ---p 0002b000 08:01 4466510                    /usr/lib/jvm/java-7-openjdk-amd64/jre/lib/amd64/libjava.so
7fa74a1fa000-7fa74a1fb000 r--p 0002a000 08:01 4466510                    /usr/lib/jvm/java-7-openjdk-amd64/jre/lib/amd64/libjava.so
7fa74a1fb000-7fa74a1fd000 rw-p 0002b000 08:01 4466510                    /usr/lib/jvm/java-7-openjdk-amd64/jre/lib/amd64/libjava.so
7fa74a1fd000-7fa74a20c000 r-xp 00000000 08:01 4466509                    /usr/lib/jvm/java-7-openjdk-amd64/jre/lib/amd64/libverify.so
7fa74a20c000-7fa74a40b000 ---p 0000f000 08:01 4466509                    /usr/lib/jvm/java-7-openjdk-amd64/jre/lib/amd64/libverify.so
7fa74a40b000-7fa74a40d000 r--p 0000e000 08:01 4466509                    /usr/lib/jvm/java-7-openjdk-amd64/jre/lib/amd64/libverify.so
7fa74a40d000-7fa74a40e000 rw-p 00010000 08:01 4466509                    /usr/lib/jvm/java-7-openjdk-amd64/jre/lib/amd64/libverify.so
7fa74a40e000-7fa74a415000 r-xp 00000000 08:01 6033122                    /lib/x86_64-linux-gnu/librt-2.17.so
7fa74a415000-7fa74a614000 ---p 00007000 08:01 6033122                    /lib/x86_64-linux-gnu/librt-2.17.so
7fa74a614000-7fa74a615000 r--p 00006000 08:01 6033122                    /lib/x86_64-linux-gnu/librt-2.17.so
7fa74a615000-7fa74a616000 rw-p 00007000 08:01 6033122                    /lib/x86_64-linux-gnu/librt-2.17.so
7fa74a616000-7fa74a62a000 r-xp 00000000 08:01 6033027                    /lib/x86_64-linux-gnu/libgcc_s.so.1
7fa74a62a000-7fa74a82a000 ---p 00014000 08:01 6033027                    /lib/x86_64-linux-gnu/libgcc_s.so.1
7fa74a82a000-7fa74a82b000 r--p 00014000 08:01 6033027                    /lib/x86_64-linux-gnu/libgcc_s.so.1
7fa74a82b000-7fa74a82c000 rw-p 00015000 08:01 6033027                    /lib/x86_64-linux-gnu/libgcc_s.so.1
7fa74a82c000-7fa74a92f000 r-xp 00000000 08:01 6033050                    /lib/x86_64-linux-gnu/libm-2.17.so
7fa74a92f000-7fa74ab2f000 ---p 00103000 08:01 6033050                    /lib/x86_64-linux-gnu/libm-2.17.so
7fa74ab2f000-7fa74ab30000 r--p 00103000 08:01 6033050                    /lib/x86_64-linux-gnu/libm-2.17.so
7fa74ab30000-7fa74ab31000 rw-p 00104000 08:01 6033050                    /lib/x86_64-linux-gnu/libm-2.17.so
7fa74ab31000-7fa74ac16000 r-xp 00000000 08:01 4464194                    /usr/lib/x86_64-linux-gnu/libstdc++.so.6.0.17
7fa74ac16000-7fa74ae15000 ---p 000e5000 08:01 4464194                    /usr/lib/x86_64-linux-gnu/libstdc++.so.6.0.17
7fa74ae15000-7fa74ae1d000 r--p 000e4000 08:01 4464194                    /usr/lib/x86_64-linux-gnu/libstdc++.so.6.0.17
7fa74ae1d000-7fa74ae1f000 rw-p 000ec000 08:01 4464194                    /usr/lib/x86_64-linux-gnu/libstdc++.so.6.0.17
7fa74ae1f000-7fa74ae34000 rw-p 00000000 00:00 0 
7fa74ae34000-7fa74b824000 r-xp 00000000 08:01 4466515                    /usr/lib/jvm/java-7-openjdk-amd64/jre/lib/amd64/server/libjvm.so
7fa74b824000-7fa74ba23000 ---p 009f0000 08:01 4466515                    /usr/lib/jvm/java-7-openjdk-amd64/jre/lib/amd64/server/libjvm.so
7fa74ba23000-7fa74baa2000 r--p 009ef000 08:01 4466515                    /usr/lib/jvm/java-7-openjdk-amd64/jre/lib/amd64/server/libjvm.so
7fa74baa2000-7fa74bac5000 rw-p 00a6e000 08:01 4466515                    /usr/lib/jvm/java-7-openjdk-amd64/jre/lib/amd64/server/libjvm.so
7fa74bac5000-7fa74baf0000 rw-p 00000000 00:00 0 
7fa74baf0000-7fa74bb06000 r-xp 00000000 08:01 6033155                    /lib/x86_64-linux-gnu/libz.so.1.2.7
7fa74bb06000-7fa74bd05000 ---p 00016000 08:01 6033155                    /lib/x86_64-linux-gnu/libz.so.1.2.7
7fa74bd05000-7fa74bd06000 r--p 00015000 08:01 6033155                    /lib/x86_64-linux-gnu/libz.so.1.2.7
7fa74bd06000-7fa74bd07000 rw-p 00016000 08:01 6033155                    /lib/x86_64-linux-gnu/libz.so.1.2.7
7fa74bd07000-7fa74bd1f000 r-xp 00000000 08:01 6033114                    /lib/x86_64-linux-gnu/libpthread-2.17.so
7fa74bd1f000-7fa74bf1e000 ---p 00018000 08:01 6033114                    /lib/x86_64-linux-gnu/libpthread-2.17.so
7fa74bf1e000-7fa74bf1f000 r--p 00017000 08:01 6033114                    /lib/x86_64-linux-gnu/libpthread-2.17.so
7fa74bf1f000-7fa74bf20000 rw-p 00018000 08:01 6033114                    /lib/x86_64-linux-gnu/libpthread-2.17.so
7fa74bf20000-7fa74bf24000 rw-p 00000000 00:00 0 
7fa74bf24000-7fa74bf27000 r-xp 00000000 08:01 6033017                    /lib/x86_64-linux-gnu/libdl-2.17.so
7fa74bf27000-7fa74c126000 ---p 00003000 08:01 6033017                    /lib/x86_64-linux-gnu/libdl-2.17.so
7fa74c126000-7fa74c127000 r--p 00002000 08:01 6033017                    /lib/x86_64-linux-gnu/libdl-2.17.so
7fa74c127000-7fa74c128000 rw-p 00003000 08:01 6033017                    /lib/x86_64-linux-gnu/libdl-2.17.so
7fa74c128000-7fa74c2e6000 r-xp 00000000 08:01 6033002                    /lib/x86_64-linux-gnu/libc-2.17.so
7fa74c2e6000-7fa74c4e5000 ---p 001be000 08:01 6033002                    /lib/x86_64-linux-gnu/libc-2.17.so
7fa74c4e5000-7fa74c4e9000 r--p 001bd000 08:01 6033002                    /lib/x86_64-linux-gnu/libc-2.17.so
7fa74c4e9000-7fa74c4eb000 rw-p 001c1000 08:01 6033002                    /lib/x86_64-linux-gnu/libc-2.17.so
7fa74c4eb000-7fa74c4f0000 rw-p 00000000 00:00 0 
7fa74c4f0000-7fa74c4fd000 r-xp 00000000 08:01 4466492                    /usr/lib/jvm/java-7-openjdk-amd64/jre/lib/amd64/jli/libjli.so
7fa74c4fd000-7fa74c6fc000 ---p 0000d000 08:01 4466492                    /usr/lib/jvm/java-7-openjdk-amd64/jre/lib/amd64/jli/libjli.so
7fa74c6fc000-7fa74c6fd000 r--p 0000c000 08:01 4466492                    /usr/lib/jvm/java-7-openjdk-amd64/jre/lib/amd64/jli/libjli.so
7fa74c6fd000-7fa74c6fe000 rw-p 0000d000 08:01 4466492                    /usr/lib/jvm/java-7-openjdk-amd64/jre/lib/amd64/jli/libjli.so
7fa74c6fe000-7fa74c721000 r-xp 00000000 08:01 6032978                    /lib/x86_64-linux-gnu/ld-2.17.so
7fa74c722000-7fa74c723000 rw-p 00000000 00:00 0 
7fa74c723000-7fa74c72c000 r--s 0005a000 08:01 17171911                   /home/shiwali/soar/SoarSuite/out/java/soar-debugger.jar
7fa74c72c000-7fa74c72d000 r--s 00001000 08:01 17171909                   /home/shiwali/soar/SoarSuite/out/java/soar-debugger-api.jar
7fa74c72d000-7fa74c72e000 r--s 00003000 08:01 17171915                   /home/shiwali/soar/SoarSuite/out/java/swtgraphics2d.jar
7fa74c72e000-7fa74c730000 r--s 00005000 08:01 17171902                   /home/shiwali/soar/SoarSuite/out/java/soar-smljava.jar
7fa74c730000-7fa74c739000 r--s 000bc000 08:01 4465943                    /usr/lib/jvm/java-7-openjdk-common/jre/lib/resources.jar
7fa74c739000-7fa74c73c000 r--s 00018000 08:01 17171891                   /home/shiwali/soar/SoarSuite/out/java/sml.jar
7fa74c73c000-7fa74c740000 r--s 00085000 08:01 4465946                    /usr/lib/jvm/java-7-openjdk-common/jre/lib/ext/localedata.jar
7fa74c740000-7fa74c74a000 rw-p 00000000 00:00 0 
7fa74c74a000-7fa74c800000 rw-p 00000000 00:00 0 
7fa74c800000-7fa74c803000 ---p 00000000 00:00 0 
7fa74c803000-7fa74c906000 rw-p 00000000 00:00 0                          [stack:8789]
7fa74c906000-7fa74c909000 r--s 00032000 08:01 4465947                    /usr/lib/jvm/java-7-openjdk-common/jre/lib/ext/sunjce_provider.jar
7fa74c909000-7fa74c90c000 r--s 0003c000 08:01 4465945                    /usr/lib/jvm/java-7-openjdk-common/jre/lib/ext/sunpkcs11.jar
7fa74c90c000-7fa74c90d000 r--s 00002000 08:01 4465949                    /usr/lib/jvm/java-7-openjdk-common/jre/lib/ext/dnsns.jar
7fa74c90d000-7fa74c910000 r--s 0000f000 08:01 4465948                    /usr/lib/jvm/java-7-openjdk-common/jre/lib/ext/pulse-java.jar
7fa74c910000-7fa74c912000 r--s 00006000 08:01 4855577                    /usr/share/java/java-atk-wrapper.jar
7fa74c912000-7fa74c914000 r--s 00012000 08:01 4465950                    /usr/lib/jvm/java-7-openjdk-common/jre/lib/ext/zipfs.jar
7fa74c914000-7fa74c91c000 rw-s 00000000 08:01 6160697                    /tmp/hsperfdata_shiwali/8788
7fa74c91c000-7fa74c91d000 rw-p 00000000 00:00 0 
7fa74c91d000-7fa74c91e000 r--p 00000000 00:00 0 
7fa74c91e000-7fa74c920000 rw-p 00000000 00:00 0 
7fa74c920000-7fa74c921000 r--p 00022000 08:01 6032978                    /lib/x86_64-linux-gnu/ld-2.17.so
7fa74c921000-7fa74c923000 rw-p 00023000 08:01 6032978                    /lib/x86_64-linux-gnu/ld-2.17.so
7fff6d4c1000-7fff6d4e2000 rw-p 00000000 00:00 0                          [stack]
7fff6d5fe000-7fff6d600000 r-xp 00000000 00:00 0                          [vdso]
ffffffffff600000-ffffffffff601000 r-xp 00000000 00:00 0                  [vsyscall]

VM Arguments:
jvm_args: -Dfile.encoding=UTF-8 
java_command: edu.umich.insoar.InSoar
Launcher Type: SUN_STANDARD

Environment Variables:
PATH=/usr/lib/lightdm/lightdm:/usr/local/sbin:/usr/local/bin:/usr/sbin:/usr/bin:/sbin:/bin:/usr/games:/usr/local/games
LD_LIBRARY_PATH=/home/shiwali/soar/SoarSuite/out
SHELL=/bin/bash
DISPLAY=:0

Signal Handlers:
SIGSEGV: [libjvm.so+0x84f410], sa_mask[0]=0x7ffbfeff, sa_flags=0x10000004
SIGBUS: [libjvm.so+0x84f410], sa_mask[0]=0x7ffbfeff, sa_flags=0x10000004
SIGFPE: [libjvm.so+0x6f19a0], sa_mask[0]=0x7ffbfeff, sa_flags=0x10000004
SIGPIPE: SIG_IGN, sa_mask[0]=0x00000000, sa_flags=0x00000000
SIGXFSZ: [libjvm.so+0x6f19a0], sa_mask[0]=0x7ffbfeff, sa_flags=0x10000004
SIGILL: [libjvm.so+0x6f19a0], sa_mask[0]=0x7ffbfeff, sa_flags=0x10000004
SIGUSR1: SIG_DFL, sa_mask[0]=0x00000000, sa_flags=0x00000000
SIGUSR2: [libjvm.so+0x6f1d70], sa_mask[0]=0x00000004, sa_flags=0x10000004
SIGHUP: [libjvm.so+0x6f1eb0], sa_mask[0]=0x7ffbfeff, sa_flags=0x10000004
SIGINT: [libjvm.so+0x6f1eb0], sa_mask[0]=0x7ffbfeff, sa_flags=0x10000004
SIGTERM: [libjvm.so+0x6f1eb0], sa_mask[0]=0x7ffbfeff, sa_flags=0x10000004
SIGQUIT: [libjvm.so+0x6f1eb0], sa_mask[0]=0x7ffbfeff, sa_flags=0x10000004


---------------  S Y S T E M  ---------------

OS:Ubuntu 13.04 (raring)
uname:Linux 3.8.0-27-generic #40-Ubuntu SMP Tue Jul 9 00:17:05 UTC 2013 x86_64
libc:glibc 2.17 NPTL 2.17 
rlimit: STACK 8192k, CORE 0k, NPROC 63152, NOFILE 4096, AS infinity
load average:2.55 2.06 1.94

/proc/meminfo:
MemTotal:        8102568 kB
MemFree:         1297488 kB
Buffers:          128828 kB
Cached:          1704356 kB
SwapCached:            0 kB
Active:          4935028 kB
Inactive:        1165828 kB
Active(anon):    4278560 kB
Inactive(anon):    78380 kB
Active(file):     656468 kB
Inactive(file):  1087448 kB
Unevictable:         100 kB
Mlocked:             100 kB
SwapTotal:       8311804 kB
SwapFree:        8311804 kB
Dirty:              3372 kB
Writeback:             0 kB
AnonPages:       4268536 kB
Mapped:           289516 kB
Shmem:             89272 kB
Slab:             152288 kB
SReclaimable:     105236 kB
SUnreclaim:        47052 kB
KernelStack:        6400 kB
PageTables:        55204 kB
NFS_Unstable:          0 kB
Bounce:                0 kB
WritebackTmp:          0 kB
CommitLimit:    12363088 kB
Committed_AS:   10089128 kB
VmallocTotal:   34359738367 kB
VmallocUsed:      101392 kB
VmallocChunk:   34359614968 kB
HardwareCorrupted:     0 kB
AnonHugePages:         0 kB
HugePages_Total:       0
HugePages_Free:        0
HugePages_Rsvd:        0
HugePages_Surp:        0
Hugepagesize:       2048 kB
DirectMap4k:       68412 kB
DirectMap2M:     8245248 kB


CPU:total 8 (4 cores per cpu, 2 threads per core) family 6 model 30 stepping 5, cmov, cx8, fxsr, mmx, sse, sse2, sse3, ssse3, sse4.1, sse4.2, popcnt, ht, tsc, tscinvbit

/proc/cpuinfo:
processor	: 0
vendor_id	: GenuineIntel
cpu family	: 6
model		: 30
model name	: Intel(R) Core(TM) i7 CPU         860  @ 2.80GHz
stepping	: 5
microcode	: 0x5
cpu MHz		: 1197.000
cache size	: 8192 KB
physical id	: 0
siblings	: 8
core id		: 0
cpu cores	: 4
apicid		: 0
initial apicid	: 0
fpu		: yes
fpu_exception	: yes
cpuid level	: 11
wp		: yes
flags		: fpu vme de pse tsc msr pae mce cx8 apic sep mtrr pge mca cmov pat pse36 clflush dts acpi mmx fxsr sse sse2 ss ht tm pbe syscall nx rdtscp lm constant_tsc arch_perfmon pebs bts rep_good nopl xtopology nonstop_tsc aperfmperf pni dtes64 monitor ds_cpl vmx smx est tm2 ssse3 cx16 xtpr pdcm sse4_1 sse4_2 popcnt lahf_lm ida dtherm tpr_shadow vnmi flexpriority ept vpid
bogomips	: 5585.99
clflush size	: 64
cache_alignment	: 64
address sizes	: 36 bits physical, 48 bits virtual
power management:

processor	: 1
vendor_id	: GenuineIntel
cpu family	: 6
model		: 30
model name	: Intel(R) Core(TM) i7 CPU         860  @ 2.80GHz
stepping	: 5
microcode	: 0x5
cpu MHz		: 1197.000
cache size	: 8192 KB
physical id	: 0
siblings	: 8
core id		: 1
cpu cores	: 4
apicid		: 2
initial apicid	: 2
fpu		: yes
fpu_exception	: yes
cpuid level	: 11
wp		: yes
flags		: fpu vme de pse tsc msr pae mce cx8 apic sep mtrr pge mca cmov pat pse36 clflush dts acpi mmx fxsr sse sse2 ss ht tm pbe syscall nx rdtscp lm constant_tsc arch_perfmon pebs bts rep_good nopl xtopology nonstop_tsc aperfmperf pni dtes64 monitor ds_cpl vmx smx est tm2 ssse3 cx16 xtpr pdcm sse4_1 sse4_2 popcnt lahf_lm ida dtherm tpr_shadow vnmi flexpriority ept vpid
bogomips	: 5585.99
clflush size	: 64
cache_alignment	: 64
address sizes	: 36 bits physical, 48 bits virtual
power management:

processor	: 2
vendor_id	: GenuineIntel
cpu family	: 6
model		: 30
model name	: Intel(R) Core(TM) i7 CPU         860  @ 2.80GHz
stepping	: 5
microcode	: 0x5
cpu MHz		: 2794.000
cache size	: 8192 KB
physical id	: 0
siblings	: 8
core id		: 2
cpu cores	: 4
apicid		: 4
initial apicid	: 4
fpu		: yes
fpu_exception	: yes
cpuid level	: 11
wp		: yes
flags		: fpu vme de pse tsc msr pae mce cx8 apic sep mtrr pge mca cmov pat pse36 clflush dts acpi mmx fxsr sse sse2 ss ht tm pbe syscall nx rdtscp lm constant_tsc arch_perfmon pebs bts rep_good nopl xtopology nonstop_tsc aperfmperf pni dtes64 monitor ds_cpl vmx smx est tm2 ssse3 cx16 xtpr pdcm sse4_1 sse4_2 popcnt lahf_lm ida dtherm tpr_shadow vnmi flexpriority ept vpid
bogomips	: 5585.99
clflush size	: 64
cache_alignment	: 64
address sizes	: 36 bits physical, 48 bits virtual
power management:

processor	: 3
vendor_id	: GenuineIntel
cpu family	: 6
model		: 30
model name	: Intel(R) Core(TM) i7 CPU         860  @ 2.80GHz
stepping	: 5
microcode	: 0x5
cpu MHz		: 2794.000
cache size	: 8192 KB
physical id	: 0
siblings	: 8
core id		: 3
cpu cores	: 4
apicid		: 6
initial apicid	: 6
fpu		: yes
fpu_exception	: yes
cpuid level	: 11
wp		: yes
flags		: fpu vme de pse tsc msr pae mce cx8 apic sep mtrr pge mca cmov pat pse36 clflush dts acpi mmx fxsr sse sse2 ss ht tm pbe syscall nx rdtscp lm constant_tsc arch_perfmon pebs bts rep_good nopl xtopology nonstop_tsc aperfmperf pni dtes64 monitor ds_cpl vmx smx est tm2 ssse3 cx16 xtpr pdcm sse4_1 sse4_2 popcnt lahf_lm ida dtherm tpr_shadow vnmi flexpriority ept vpid
bogomips	: 5585.99
clflush size	: 64
cache_alignment	: 64
address sizes	: 36 bits physical, 48 bits virtual
power management:

processor	: 4
vendor_id	: GenuineIntel
cpu family	: 6
model		: 30
model name	: Intel(R) Core(TM) i7 CPU         860  @ 2.80GHz
stepping	: 5
microcode	: 0x5
cpu MHz		: 1197.000
cache size	: 8192 KB
physical id	: 0
siblings	: 8
core id		: 0
cpu cores	: 4
apicid		: 1
initial apicid	: 1
fpu		: yes
fpu_exception	: yes
cpuid level	: 11
wp		: yes
flags		: fpu vme de pse tsc msr pae mce cx8 apic sep mtrr pge mca cmov pat pse36 clflush dts acpi mmx fxsr sse sse2 ss ht tm pbe syscall nx rdtscp lm constant_tsc arch_perfmon pebs bts rep_good nopl xtopology nonstop_tsc aperfmperf pni dtes64 monitor ds_cpl vmx smx est tm2 ssse3 cx16 xtpr pdcm sse4_1 sse4_2 popcnt lahf_lm ida dtherm tpr_shadow vnmi flexpriority ept vpid
bogomips	: 5585.99
clflush size	: 64
cache_alignment	: 64
address sizes	: 36 bits physical, 48 bits virtual
power management:

processor	: 5
vendor_id	: GenuineIntel
cpu family	: 6
model		: 30
model name	: Intel(R) Core(TM) i7 CPU         860  @ 2.80GHz
stepping	: 5
microcode	: 0x5
cpu MHz		: 1197.000
cache size	: 8192 KB
physical id	: 0
siblings	: 8
core id		: 1
cpu cores	: 4
apicid		: 3
initial apicid	: 3
fpu		: yes
fpu_exception	: yes
cpuid level	: 11
wp		: yes
flags		: fpu vme de pse tsc msr pae mce cx8 apic sep mtrr pge mca cmov pat pse36 clflush dts acpi mmx fxsr sse sse2 ss ht tm pbe syscall nx rdtscp lm constant_tsc arch_perfmon pebs bts rep_good nopl xtopology nonstop_tsc aperfmperf pni dtes64 monitor ds_cpl vmx smx est tm2 ssse3 cx16 xtpr pdcm sse4_1 sse4_2 popcnt lahf_lm ida dtherm tpr_shadow vnmi flexpriority ept vpid
bogomips	: 5585.99
clflush size	: 64
cache_alignment	: 64
address sizes	: 36 bits physical, 48 bits virtual
power management:

processor	: 6
vendor_id	: GenuineIntel
cpu family	: 6
model		: 30
model name	: Intel(R) Core(TM) i7 CPU         860  @ 2.80GHz
stepping	: 5
microcode	: 0x5
cpu MHz		: 2794.000
cache size	: 8192 KB
physical id	: 0
siblings	: 8
core id		: 2
cpu cores	: 4
apicid		: 5
initial apicid	: 5
fpu		: yes
fpu_exception	: yes
cpuid level	: 11
wp		: yes
flags		: fpu vme de pse tsc msr pae mce cx8 apic sep mtrr pge mca cmov pat pse36 clflush dts acpi mmx fxsr sse sse2 ss ht tm pbe syscall nx rdtscp lm constant_tsc arch_perfmon pebs bts rep_good nopl xtopology nonstop_tsc aperfmperf pni dtes64 monitor ds_cpl vmx smx est tm2 ssse3 cx16 xtpr pdcm sse4_1 sse4_2 popcnt lahf_lm ida dtherm tpr_shadow vnmi flexpriority ept vpid
bogomips	: 5585.99
clflush size	: 64
cache_alignment	: 64
address sizes	: 36 bits physical, 48 bits virtual
power management:

processor	: 7
vendor_id	: GenuineIntel
cpu family	: 6
model		: 30
model name	: Intel(R) Core(TM) i7 CPU         860  @ 2.80GHz
stepping	: 5
microcode	: 0x5
cpu MHz		: 1197.000
cache size	: 8192 KB
physical id	: 0
siblings	: 8
core id		: 3
cpu cores	: 4
apicid		: 7
initial apicid	: 7
fpu		: yes
fpu_exception	: yes
cpuid level	: 11
wp		: yes
flags		: fpu vme de pse tsc msr pae mce cx8 apic sep mtrr pge mca cmov pat pse36 clflush dts acpi mmx fxsr sse sse2 ss ht tm pbe syscall nx rdtscp lm constant_tsc arch_perfmon pebs bts rep_good nopl xtopology nonstop_tsc aperfmperf pni dtes64 monitor ds_cpl vmx smx est tm2 ssse3 cx16 xtpr pdcm sse4_1 sse4_2 popcnt lahf_lm ida dtherm tpr_shadow vnmi flexpriority ept vpid
bogomips	: 5585.99
clflush size	: 64
cache_alignment	: 64
address sizes	: 36 bits physical, 48 bits virtual
power management:



Memory: 4k page, physical 8102568k(1297488k free), swap 8311804k(8311804k free)

vm_info: OpenJDK 64-Bit Server VM (23.7-b01) for linux-amd64 JRE (1.7.0_25-b30), built on Jul  3 2013 13:50:39 by "buildd" with gcc 4.7.3

time: Mon Aug 19 14:52:11 2013
elapsed time: 551 seconds

