#
# A fatal error has been detected by the Java Runtime Environment:
#
#  SIGSEGV (0xb) at pc=0x00007f6e5ef1a11d, pid=27479, tid=140112529794816
#
# JRE version: 7.0_25-b30
# Java VM: OpenJDK 64-Bit Server VM (23.7-b01 mixed mode linux-amd64 compressed oops)
# Problematic frame:
# C  [libpango-1.0.so.0+0x1f11d]  pango_layout_new+0x2d
#
# Failed to write core dump. Core dumps have been disabled. To enable core dumping, try "ulimit -c unlimited" before starting Java again
#
# If you would like to submit a bug report, please include
# instructions on how to reproduce the bug and visit:
#   https://bugs.launchpad.net/ubuntu/+source/openjdk-7/
# The crash happened outside the Java Virtual Machine in native code.
# See problematic frame for where to report the bug.
#

---------------  T H R E A D  ---------------

Current thread (0x00007f6e74009000):  JavaThread "main" [_thread_in_native, id=27480, stack(0x00007f6e7d812000,0x00007f6e7d913000)]

siginfo:si_signo=SIGSEGV: si_errno=0, si_code=1 (SEGV_MAPERR), si_addr=0x0000000000000018

Registers:
RAX=0x0000000000000000, RBX=0x0000000000000000, RCX=0x00007f6e744fe180, RDX=0x00007f6e744c60f0
RSP=0x00007f6e7d90bd70, RBP=0x00007f6e7466b060, RSI=0x0000000000000000, RDI=0x00007f6e7466b060
R8 =0x00007f6e744c60f0, R9 =0x0000000000006b58, R10=0x0000000000000000, R11=0x00007f6e7465b590
R12=0x00007f6e744dac20, R13=0x0000000000000000, R14=0x00007f6e75403200, R15=0x0000000000000000
RIP=0x00007f6e5ef1a11d, EFLAGS=0x0000000000010202, CSGSFS=0x0000000000000033, ERR=0x0000000000000006
  TRAPNO=0x000000000000000e

Top of Stack: (sp=0x00007f6e7d90bd70)
0x00007f6e7d90bd70:   00007f6e7465a840 00007f6e7467aa00
0x00007f6e7d90bd80:   00007f6e749cd2f0 00007f6e64ffb839
0x00007f6e7d90bd90:   0000000000000000 00007f6e744eb960
0x00007f6e7d90bda0:   00007f6e7465a590 00007f6e744dac20
0x00007f6e7d90bdb0:   00007f6e749cd2f0 00007f6e64ffdeb4
0x00007f6e7d90bdc0:   0000000000000000 0000000000000000
0x00007f6e7d90bdd0:   0000000000000000 00007f6e647bcf2a
0x00007f6e7d90bde0:   00007f6e7467aa00 0000000000000000
0x00007f6e7d90bdf0:   00007f6e7467fb60 0000000000000000
0x00007f6e7d90be00:   00007f6e65448aa0 00007f6e7465b700
0x00007f6e7d90be10:   00007f6e748e7530 00007f6e7432dd80
0x00007f6e7d90be20:   0000000000000000 0000000100000001
0x00007f6e7d90be30:   0000000000000001 0000000100000000
0x00007f6e7d90be40:   00007f6e7d90c310 00007f6e744dac20
0x00007f6e7d90be50:   0000000000000111 0000000000000001
0x00007f6e7d90be60:   0000000000000004 00007f6e64fbe339
0x00007f6e7d90be70:   00007f6e744919c0 00007f6e74689d70
0x00007f6e7d90be80:   0000000000000050 00007f6e7464d420
0x00007f6e7d90be90:   00007f6e74000020 0000000000000000
0x00007f6e7d90bea0:   0000000000000000 0000000000000000
0x00007f6e7d90beb0:   0000000000000000 00007f6e7d90c380
0x00007f6e7d90bec0:   0000000000000000 0c209e8ff9e7a700
0x00007f6e7d90bed0:   00007f6e7d90bf20 00007f6e7d90bf40
0x00007f6e7d90bee0:   00007f6e7465a5f0 00007f6e75403200
0x00007f6e7d90bef0:   ffffffff00000000 ffffffffffffffff
0x00007f6e7d90bf00:   bd9ce8ae4a52af22 00007f6e7465a590
0x00007f6e7d90bf10:   00007f6e7465b590 ffffffff00000000
0x00007f6e7d90bf20:   00007f6e74873810 00007f6e74654de0
0x00007f6e7d90bf30:   00007f6e7d90c380 0c209e8ff9e7a700
0x00007f6e7d90bf40:   00007f6e749cd2f0 00007f6e744dac20
0x00007f6e7d90bf50:   00000000ffffffff 00007f6e74654de0
0x00007f6e7d90bf60:   00007f6e7d90c380 00007f6e7d90c320 

Instructions: (pc=0x00007f6e5ef1a11d)
0x00007f6e5ef1a0fd:   18 48 85 ff 48 89 fd 74 42 e8 55 ff ff ff 31 f6
0x00007f6e5ef1a10d:   48 89 c7 31 c0 e8 b9 e1 fe ff 48 89 ef 48 89 c3
0x00007f6e5ef1a11d:   48 89 68 18 e8 2a b0 ff ff 48 89 ef 89 43 48 e8
0x00007f6e5ef1a12d:   6f e2 fe ff 48 89 d8 48 8b 6c 24 10 48 8b 5c 24 

Register to memory mapping:

RAX=0x0000000000000000 is an unknown value
RBX=0x0000000000000000 is an unknown value
RCX=0x00007f6e744fe180 is an unknown value
RDX=0x00007f6e744c60f0 is an unknown value
RSP=0x00007f6e7d90bd70 is pointing into the stack for thread: 0x00007f6e74009000
RBP=0x00007f6e7466b060 is an unknown value
RSI=0x0000000000000000 is an unknown value
RDI=0x00007f6e7466b060 is an unknown value
R8 =0x00007f6e744c60f0 is an unknown value
R9 =0x0000000000006b58 is an unknown value
R10=0x0000000000000000 is an unknown value
R11=0x00007f6e7465b590 is an unknown value
R12=0x00007f6e744dac20 is an unknown value
R13=0x0000000000000000 is an unknown value
R14=0x00007f6e75403200 is an unknown value
R15=0x0000000000000000 is an unknown value


Stack: [0x00007f6e7d812000,0x00007f6e7d913000],  sp=0x00007f6e7d90bd70,  free space=999k
Native frames: (J=compiled Java code, j=interpreted, Vv=VM code, C=native code)
C  [libpango-1.0.so.0+0x1f11d]  pango_layout_new+0x2d

Java frames: (J=compiled Java code, j=interpreted, Vv=VM code)
J  org.eclipse.swt.internal.gtk.OS._gtk_main_do_event(J)V
J  org.eclipse.swt.widgets.Display.eventProc(JJ)J
v  ~StubRoutines::call_stub
J  org.eclipse.swt.internal.gtk.OS._g_main_context_iteration(JZ)Z
J  org.eclipse.swt.internal.gtk.OS.g_main_context_iteration(JZ)Z
J  org.eclipse.swt.widgets.Display.readAndDispatch()Z
J  edu.umich.soar.debugger.doc.Document.pumpMessagesTillClosed(Lorg/eclipse/swt/widgets/Display;)V
j  edu.umich.soar.debugger.SWTApplication.startApp([Ljava/lang/String;Lorg/eclipse/swt/widgets/Display;)V+620
j  edu.umich.soar.debugger.Application.<init>([Ljava/lang/String;ZLorg/eclipse/swt/widgets/Display;)V+17
j  edu.umich.soar.debugger.Application.main([Ljava/lang/String;)V+7
v  ~StubRoutines::call_stub

---------------  P R O C E S S  ---------------

Java Threads: ( => current thread )
  0x00007f6e7540a000 JavaThread "Thread-4" [_thread_blocked, id=29380, stack(0x00007f6e4cc10000,0x00007f6e4cd11000)]
  0x00007f6e04002000 JavaThread "Thread-2" [_thread_in_native, id=27501, stack(0x00007f6e4d07e000,0x00007f6e4d87f000)]
  0x00007f6e743d7000 JavaThread "Thread-0" [_thread_blocked, id=27497, stack(0x00007f6e663fd000,0x00007f6e664fe000)]
  0x00007f6e74262800 JavaThread "Service Thread" daemon [_thread_blocked, id=27495, stack(0x00007f6e665ff000,0x00007f6e66700000)]
  0x00007f6e74260800 JavaThread "C2 CompilerThread1" daemon [_thread_blocked, id=27494, stack(0x00007f6e66700000,0x00007f6e66801000)]
  0x00007f6e7425d800 JavaThread "C2 CompilerThread0" daemon [_thread_blocked, id=27493, stack(0x00007f6e66801000,0x00007f6e66902000)]
  0x00007f6e7425b000 JavaThread "Signal Dispatcher" daemon [_thread_blocked, id=27492, stack(0x00007f6e66902000,0x00007f6e66a03000)]
  0x00007f6e74201800 JavaThread "Finalizer" daemon [_thread_blocked, id=27491, stack(0x00007f6e670e4000,0x00007f6e671e5000)]
  0x00007f6e741ff800 JavaThread "Reference Handler" daemon [_thread_blocked, id=27490, stack(0x00007f6e671e5000,0x00007f6e672e6000)]
=>0x00007f6e74009000 JavaThread "main" [_thread_in_native, id=27480, stack(0x00007f6e7d812000,0x00007f6e7d913000)]

Other Threads:
  0x00007f6e741f7000 VMThread [stack: 0x00007f6e672e6000,0x00007f6e673e7000] [id=27489]
  0x00007f6e7426d800 WatcherThread [stack: 0x00007f6e664fe000,0x00007f6e665ff000] [id=27496]

VM state:not at safepoint (normal execution)

VM Mutex/Monitor currently owned by a thread: None

Heap
 PSYoungGen      total 36928K, used 35026K [0x00000007d6c00000, 0x00000007d9530000, 0x0000000800000000)
  eden space 31680K, 98% used [0x00000007d6c00000,0x00000007d8a85520,0x00000007d8af0000)
  from space 5248K, 71% used [0x00000007d9010000,0x00000007d93bf370,0x00000007d9530000)
  to   space 5248K, 0% used [0x00000007d8af0000,0x00000007d8af0000,0x00000007d9010000)
 ParOldGen       total 84480K, used 32K [0x0000000784400000, 0x0000000789680000, 0x00000007d6c00000)
  object space 84480K, 0% used [0x0000000784400000,0x0000000784408000,0x0000000789680000)
 PSPermGen       total 21248K, used 11545K [0x0000000779e00000, 0x000000077b2c0000, 0x0000000784400000)
  object space 21248K, 54% used [0x0000000779e00000,0x000000077a946698,0x000000077b2c0000)

Card table byte_map: [0x00007f6e7a16b000,0x00007f6e7a59d000] byte_map_base: 0x00007f6e7659c000

Polling page: 0x00007f6e7d92f000

Code Cache  [0x00007f6e71000000, 0x00007f6e71270000, 0x00007f6e74000000)
 total_blobs=727 nmethods=308 adapters=371 free_code_cache=47724Kb largest_free_block=48836608

Compilation events (10 events):
Event: 11942.988 Thread 0x00007f6e74260800 nmethod 301 0x00007f6e71156f90 code [0x00007f6e71157160, 0x00007f6e71157970]
Event: 11943.004 Thread 0x00007f6e7425d800 nmethod 303 0x00007f6e711692d0 code [0x00007f6e711699c0, 0x00007f6e7116b4e0]
Event: 11943.022 Thread 0x00007f6e74260800  304             java.util.regex.Pattern$Node::<init> (12 bytes)
Event: 11943.022 Thread 0x00007f6e74260800 nmethod 304 0x00007f6e71131050 code [0x00007f6e71131180, 0x00007f6e711311f8]
Event: 11951.366 Thread 0x00007f6e7425d800  306             edu.umich.soar.debugger.doc.DebuggerCommands::isCommand (37 bytes)
Event: 11951.371 Thread 0x00007f6e7425d800 nmethod 306 0x00007f6e71156810 code [0x00007f6e71156980, 0x00007f6e71156c88]
Event: 11951.414 Thread 0x00007f6e74260800  307             org.eclipse.swt.custom.StyledText::getCaretWidth (19 bytes)
Event: 11951.416 Thread 0x00007f6e74260800 nmethod 307 0x00007f6e71168ad0 code [0x00007f6e71168c60, 0x00007f6e71168f48]
Event: 12323.862 Thread 0x00007f6e7425d800  308             java.util.Properties$LineReader::readLine (452 bytes)
Event: 12323.871 Thread 0x00007f6e7425d800 nmethod 308 0x00007f6e7113e950 code [0x00007f6e7113eae0, 0x00007f6e7113f318]

GC Heap History (8 events):
Event: 69.905 GC heap before
{Heap before GC invocations=1 (full 0):
 PSYoungGen      total 36928K, used 31680K [0x00000007d6c00000, 0x00000007d9530000, 0x0000000800000000)
  eden space 31680K, 100% used [0x00000007d6c00000,0x00000007d8af0000,0x00000007d8af0000)
  from space 5248K, 0% used [0x00000007d9010000,0x00000007d9010000,0x00000007d9530000)
  to   space 5248K, 0% used [0x00000007d8af0000,0x00000007d8af0000,0x00000007d9010000)
 ParOldGen       total 84480K, used 0K [0x0000000784400000, 0x0000000789680000, 0x00000007d6c00000)
  object space 84480K, 0% used [0x0000000784400000,0x0000000784400000,0x0000000789680000)
 PSPermGen       total 21248K, used 10815K [0x0000000779e00000, 0x000000077b2c0000, 0x0000000784400000)
  object space 21248K, 50% used [0x0000000779e00000,0x000000077a88fcc8,0x000000077b2c0000)
Event: 69.911 GC heap after
Heap after GC invocations=1 (full 0):
 PSYoungGen      total 36928K, used 5111K [0x00000007d6c00000, 0x00000007d9530000, 0x0000000800000000)
  eden space 31680K, 0% used [0x00000007d6c00000,0x00000007d6c00000,0x00000007d8af0000)
  from space 5248K, 97% used [0x00000007d8af0000,0x00000007d8fedfb0,0x00000007d9010000)
  to   space 5248K, 0% used [0x00000007d9010000,0x00000007d9010000,0x00000007d9530000)
 ParOldGen       total 84480K, used 8K [0x0000000784400000, 0x0000000789680000, 0x00000007d6c00000)
  object space 84480K, 0% used [0x0000000784400000,0x0000000784402000,0x0000000789680000)
 PSPermGen       total 21248K, used 10815K [0x0000000779e00000, 0x000000077b2c0000, 0x0000000784400000)
  object space 21248K, 50% used [0x0000000779e00000,0x000000077a88fcc8,0x000000077b2c0000)
}
Event: 83.963 GC heap before
{Heap before GC invocations=2 (full 0):
 PSYoungGen      total 36928K, used 36791K [0x00000007d6c00000, 0x00000007d9530000, 0x0000000800000000)
  eden space 31680K, 100% used [0x00000007d6c00000,0x00000007d8af0000,0x00000007d8af0000)
  from space 5248K, 97% used [0x00000007d8af0000,0x00000007d8fedfb0,0x00000007d9010000)
  to   space 5248K, 0% used [0x00000007d9010000,0x00000007d9010000,0x00000007d9530000)
 ParOldGen       total 84480K, used 8K [0x0000000784400000, 0x0000000789680000, 0x00000007d6c00000)
  object space 84480K, 0% used [0x0000000784400000,0x0000000784402000,0x0000000789680000)
 PSPermGen       total 21248K, used 10849K [0x0000000779e00000, 0x000000077b2c0000, 0x0000000784400000)
  object space 21248K, 51% used [0x0000000779e00000,0x000000077a898780,0x000000077b2c0000)
Event: 83.970 GC heap after
Heap after GC invocations=2 (full 0):
 PSYoungGen      total 36928K, used 2658K [0x00000007d6c00000, 0x00000007d9530000, 0x0000000800000000)
  eden space 31680K, 0% used [0x00000007d6c00000,0x00000007d6c00000,0x00000007d8af0000)
  from space 5248K, 50% used [0x00000007d9010000,0x00000007d92a8ba8,0x00000007d9530000)
  to   space 5248K, 0% used [0x00000007d8af0000,0x00000007d8af0000,0x00000007d9010000)
 ParOldGen       total 84480K, used 16K [0x0000000784400000, 0x0000000789680000, 0x00000007d6c00000)
  object space 84480K, 0% used [0x0000000784400000,0x0000000784404000,0x0000000789680000)
 PSPermGen       total 21248K, used 10849K [0x0000000779e00000, 0x000000077b2c0000, 0x0000000784400000)
  object space 21248K, 51% used [0x0000000779e00000,0x000000077a898780,0x000000077b2c0000)
}
Event: 3733.568 GC heap before
{Heap before GC invocations=3 (full 0):
 PSYoungGen      total 36928K, used 34338K [0x00000007d6c00000, 0x00000007d9530000, 0x0000000800000000)
  eden space 31680K, 100% used [0x00000007d6c00000,0x00000007d8af0000,0x00000007d8af0000)
  from space 5248K, 50% used [0x00000007d9010000,0x00000007d92a8ba8,0x00000007d9530000)
  to   space 5248K, 0% used [0x00000007d8af0000,0x00000007d8af0000,0x00000007d9010000)
 ParOldGen       total 84480K, used 16K [0x0000000784400000, 0x0000000789680000, 0x00000007d6c00000)
  object space 84480K, 0% used [0x0000000784400000,0x0000000784404000,0x0000000789680000)
 PSPermGen       total 21248K, used 10961K [0x0000000779e00000, 0x000000077b2c0000, 0x0000000784400000)
  object space 21248K, 51% used [0x0000000779e00000,0x000000077a8b4530,0x000000077b2c0000)
Event: 3733.571 GC heap after
Heap after GC invocations=3 (full 0):
 PSYoungGen      total 36928K, used 2972K [0x00000007d6c00000, 0x00000007d9530000, 0x0000000800000000)
  eden space 31680K, 0% used [0x00000007d6c00000,0x00000007d6c00000,0x00000007d8af0000)
  from space 5248K, 56% used [0x00000007d8af0000,0x00000007d8dd7140,0x00000007d9010000)
  to   space 5248K, 0% used [0x00000007d9010000,0x00000007d9010000,0x00000007d9530000)
 ParOldGen       total 84480K, used 24K [0x0000000784400000, 0x0000000789680000, 0x00000007d6c00000)
  object space 84480K, 0% used [0x0000000784400000,0x0000000784406000,0x0000000789680000)
 PSPermGen       total 21248K, used 10961K [0x0000000779e00000, 0x000000077b2c0000, 0x0000000784400000)
  object space 21248K, 51% used [0x0000000779e00000,0x000000077a8b4530,0x000000077b2c0000)
}
Event: 6168.113 GC heap before
{Heap before GC invocations=4 (full 0):
 PSYoungGen      total 36928K, used 34652K [0x00000007d6c00000, 0x00000007d9530000, 0x0000000800000000)
  eden space 31680K, 100% used [0x00000007d6c00000,0x00000007d8af0000,0x00000007d8af0000)
  from space 5248K, 56% used [0x00000007d8af0000,0x00000007d8dd7140,0x00000007d9010000)
  to   space 5248K, 0% used [0x00000007d9010000,0x00000007d9010000,0x00000007d9530000)
 ParOldGen       total 84480K, used 24K [0x0000000784400000, 0x0000000789680000, 0x00000007d6c00000)
  object space 84480K, 0% used [0x0000000784400000,0x0000000784406000,0x0000000789680000)
 PSPermGen       total 21248K, used 11103K [0x0000000779e00000, 0x000000077b2c0000, 0x0000000784400000)
  object space 21248K, 52% used [0x0000000779e00000,0x000000077a8d7fc0,0x000000077b2c0000)
Event: 6168.116 GC heap after
Heap after GC invocations=4 (full 0):
 PSYoungGen      total 36928K, used 3772K [0x00000007d6c00000, 0x00000007d9530000, 0x0000000800000000)
  eden space 31680K, 0% used [0x00000007d6c00000,0x00000007d6c00000,0x00000007d8af0000)
  from space 5248K, 71% used [0x00000007d9010000,0x00000007d93bf370,0x00000007d9530000)
  to   space 5248K, 0% used [0x00000007d8af0000,0x00000007d8af0000,0x00000007d9010000)
 ParOldGen       total 84480K, used 32K [0x0000000784400000, 0x0000000789680000, 0x00000007d6c00000)
  object space 84480K, 0% used [0x0000000784400000,0x0000000784408000,0x0000000789680000)
 PSPermGen       total 21248K, used 11103K [0x0000000779e00000, 0x000000077b2c0000, 0x0000000784400000)
  object space 21248K, 52% used [0x0000000779e00000,0x000000077a8d7fc0,0x000000077b2c0000)
}

Deoptimization events (10 events):
Event: 5313.108 Thread 0x00007f6e74009000 Uncommon trap -58 fr.pc 0x00007f6e7112c654
Event: 5315.156 Thread 0x00007f6e74009000 Uncommon trap -34 fr.pc 0x00007f6e71132634
Event: 5331.596 Thread 0x00007f6e74009000 Uncommon trap -34 fr.pc 0x00007f6e7113ae48
Event: 5366.684 Thread 0x00007f6e74009000 Uncommon trap -34 fr.pc 0x00007f6e7113ae48
Event: 5366.940 Thread 0x00007f6e74009000 Uncommon trap -34 fr.pc 0x00007f6e7113ae48
Event: 6063.327 Thread 0x00007f6e74009000 Uncommon trap -34 fr.pc 0x00007f6e7113ae48
Event: 11765.209 Thread 0x00007f6e74009000 Uncommon trap -58 fr.pc 0x00007f6e71126d70
Event: 12323.872 Thread 0x00007f6e74009000 Uncommon trap -58 fr.pc 0x00007f6e71126d3c
Event: 12323.872 Thread 0x00007f6e74009000 Uncommon trap -58 fr.pc 0x00007f6e71126d3c
Event: 12323.874 Thread 0x00007f6e74009000 Uncommon trap 103 fr.pc 0x00007f6e71161fb4

Internal exceptions (10 events):
Event: 5290.635 Thread 0x00007f6e74009000 Threw 0x00000007d8690498 at /build/buildd/openjdk-7-7u25-2.3.10/build/openjdk/hotspot/src/share/vm/prims/jvm.cpp:1235
Event: 5290.637 Thread 0x00007f6e74009000 Threw 0x00000007d86944e0 at /build/buildd/openjdk-7-7u25-2.3.10/build/openjdk/hotspot/src/share/vm/prims/jvm.cpp:1235
Event: 5290.639 Thread 0x00007f6e74009000 Threw 0x00000007d8698378 at /build/buildd/openjdk-7-7u25-2.3.10/build/openjdk/hotspot/src/share/vm/prims/jvm.cpp:1235
Event: 5290.639 Thread 0x00007f6e74009000 Threw 0x00000007d869e440 at /build/buildd/openjdk-7-7u25-2.3.10/build/openjdk/hotspot/src/share/vm/prims/jvm.cpp:1235
Event: 5290.639 Thread 0x00007f6e74009000 Threw 0x00000007d86a2100 at /build/buildd/openjdk-7-7u25-2.3.10/build/openjdk/hotspot/src/share/vm/prims/jvm.cpp:1235
Event: 5290.640 Thread 0x00007f6e74009000 Threw 0x00000007d86a5e48 at /build/buildd/openjdk-7-7u25-2.3.10/build/openjdk/hotspot/src/share/vm/prims/jvm.cpp:1235
Event: 5290.640 Thread 0x00007f6e74009000 Threw 0x00000007d86aa190 at /build/buildd/openjdk-7-7u25-2.3.10/build/openjdk/hotspot/src/share/vm/prims/jvm.cpp:1235
Event: 5290.641 Thread 0x00007f6e74009000 Threw 0x00000007d86af008 at /build/buildd/openjdk-7-7u25-2.3.10/build/openjdk/hotspot/src/share/vm/prims/jvm.cpp:1235
Event: 12323.874 Thread 0x00007f6e74009000 Threw 0x00000007d8a5c848 at /build/buildd/openjdk-7-7u25-2.3.10/build/openjdk/hotspot/src/share/vm/prims/jvm.cpp:1235
Event: 12323.903 Thread 0x00007f6e74009000 Threw 0x00000007d8a61c10 at /build/buildd/openjdk-7-7u25-2.3.10/build/openjdk/hotspot/src/share/vm/prims/jvm.cpp:1235

Events (10 events):
Event: 12323.872 Thread 0x00007f6e74009000 DEOPT UNPACKING pc=0x00007f6e71039145 sp=0x00007f6e7d9100c8 mode 2
Event: 12323.872 Thread 0x00007f6e74009000 DEOPT PACKING pc=0x00007f6e71126d3c sp=0x00007f6e7d9100e0
Event: 12323.872 Thread 0x00007f6e74009000 DEOPT UNPACKING pc=0x00007f6e71039145 sp=0x00007f6e7d9100c8 mode 2
Event: 12323.872 Thread 0x00007f6e7540a000 Thread added: 0x00007f6e7540a000
Event: 12323.874 loading class 0x00007f6e745fbd60
Event: 12323.874 loading class 0x00007f6e745fbd60 done
Event: 12323.875 Thread 0x00007f6e74009000 DEOPT PACKING pc=0x00007f6e71161fb4 sp=0x00007f6e7d90f740
Event: 12323.875 Thread 0x00007f6e74009000 DEOPT UNPACKING pc=0x00007f6e71039145 sp=0x00007f6e7d90f730 mode 2
Event: 12323.903 loading class 0x00007f6e743ba4c0
Event: 12323.903 loading class 0x00007f6e743ba4c0 done


Dynamic libraries:
00400000-00401000 r-xp 00000000 08:01 4466528                            /usr/lib/jvm/java-7-openjdk-amd64/jre/bin/java
00600000-00601000 r--p 00000000 08:01 4466528                            /usr/lib/jvm/java-7-openjdk-amd64/jre/bin/java
00601000-00602000 rw-p 00001000 08:01 4466528                            /usr/lib/jvm/java-7-openjdk-amd64/jre/bin/java
0213e000-0215f000 rw-p 00000000 00:00 0                                  [heap]
779e00000-77b2c0000 rw-p 00000000 00:00 0 
77b2c0000-784400000 rw-p 00000000 00:00 0 
784400000-789680000 rw-p 00000000 00:00 0 
789680000-7d6c00000 rw-p 00000000 00:00 0 
7d6c00000-7d9530000 rw-p 00000000 00:00 0 
7d9530000-800000000 rw-p 00000000 00:00 0 
7f6dd0000000-7f6dd0022000 rw-p 00000000 00:00 0 
7f6dd0022000-7f6dd4000000 ---p 00000000 00:00 0 
7f6dd8000000-7f6dd8022000 rw-p 00000000 00:00 0 
7f6dd8022000-7f6ddc000000 ---p 00000000 00:00 0 
7f6ddc000000-7f6ddc022000 rw-p 00000000 00:00 0 
7f6ddc022000-7f6de0000000 ---p 00000000 00:00 0 
7f6de0000000-7f6de0022000 rw-p 00000000 00:00 0 
7f6de0022000-7f6de4000000 ---p 00000000 00:00 0 
7f6de4000000-7f6de4022000 rw-p 00000000 00:00 0 
7f6de4022000-7f6de8000000 ---p 00000000 00:00 0 
7f6de8000000-7f6de8022000 rw-p 00000000 00:00 0 
7f6de8022000-7f6dec000000 ---p 00000000 00:00 0 
7f6dec000000-7f6dec022000 rw-p 00000000 00:00 0 
7f6dec022000-7f6df0000000 ---p 00000000 00:00 0 
7f6df0000000-7f6df0021000 rw-p 00000000 00:00 0 
7f6df0021000-7f6df4000000 ---p 00000000 00:00 0 
7f6df8000000-7f6df8022000 rw-p 00000000 00:00 0 
7f6df8022000-7f6dfc000000 ---p 00000000 00:00 0 
7f6dfc000000-7f6dfc022000 rw-p 00000000 00:00 0 
7f6dfc022000-7f6e00000000 ---p 00000000 00:00 0 
7f6e00000000-7f6e00022000 rw-p 00000000 00:00 0 
7f6e00022000-7f6e04000000 ---p 00000000 00:00 0 
7f6e04000000-7f6e04034000 rw-p 00000000 00:00 0 
7f6e04034000-7f6e08000000 ---p 00000000 00:00 0 
7f6e08000000-7f6e08035000 rw-p 00000000 00:00 0 
7f6e08035000-7f6e0c000000 ---p 00000000 00:00 0 
7f6e0c000000-7f6e0c021000 rw-p 00000000 00:00 0 
7f6e0c021000-7f6e10000000 ---p 00000000 00:00 0 
7f6e10000000-7f6e10021000 rw-p 00000000 00:00 0 
7f6e10021000-7f6e14000000 ---p 00000000 00:00 0 
7f6e14000000-7f6e14021000 rw-p 00000000 00:00 0 
7f6e14021000-7f6e18000000 ---p 00000000 00:00 0 
7f6e18000000-7f6e195a4000 rw-p 00000000 00:00 0 
7f6e195a4000-7f6e1c000000 ---p 00000000 00:00 0 
7f6e1c000000-7f6e1caa9000 rw-p 00000000 00:00 0 
7f6e1caa9000-7f6e20000000 ---p 00000000 00:00 0 
7f6e20000000-7f6e20021000 rw-p 00000000 00:00 0 
7f6e20021000-7f6e24000000 ---p 00000000 00:00 0 
7f6e24000000-7f6e24021000 rw-p 00000000 00:00 0 
7f6e24021000-7f6e28000000 ---p 00000000 00:00 0 
7f6e28000000-7f6e28021000 rw-p 00000000 00:00 0 
7f6e28021000-7f6e2c000000 ---p 00000000 00:00 0 
7f6e2c000000-7f6e2c021000 rw-p 00000000 00:00 0 
7f6e2c021000-7f6e30000000 ---p 00000000 00:00 0 
7f6e30000000-7f6e30021000 rw-p 00000000 00:00 0 
7f6e30021000-7f6e34000000 ---p 00000000 00:00 0 
7f6e38000000-7f6e38021000 rw-p 00000000 00:00 0 
7f6e38021000-7f6e3c000000 ---p 00000000 00:00 0 
7f6e3d3bc000-7f6e40000000 r--p 00000000 08:01 5915104                    /usr/share/icons/hicolor/icon-theme.cache
7f6e40000000-7f6e40021000 rw-p 00000000 00:00 0 
7f6e40021000-7f6e44000000 ---p 00000000 00:00 0 
7f6e44486000-7f6e44487000 ---p 00000000 00:00 0 
7f6e44487000-7f6e44c87000 rw-p 00000000 00:00 0 
7f6e44c87000-7f6e44c88000 ---p 00000000 00:00 0 
7f6e44c88000-7f6e45488000 rw-p 00000000 00:00 0                          [stack:27518]
7f6e45c89000-7f6e45c8a000 ---p 00000000 00:00 0 
7f6e45c8a000-7f6e4648a000 rw-p 00000000 00:00 0 
7f6e4648a000-7f6e464ab000 r-xp 00000000 08:01 6033049                    /lib/x86_64-linux-gnu/liblzma.so.5.0.0
7f6e464ab000-7f6e466aa000 ---p 00021000 08:01 6033049                    /lib/x86_64-linux-gnu/liblzma.so.5.0.0
7f6e466aa000-7f6e466ab000 r--p 00020000 08:01 6033049                    /lib/x86_64-linux-gnu/liblzma.so.5.0.0
7f6e466ab000-7f6e466ac000 rw-p 00021000 08:01 6033049                    /lib/x86_64-linux-gnu/liblzma.so.5.0.0
7f6e466ac000-7f6e46805000 r-xp 00000000 08:01 4463251                    /usr/lib/x86_64-linux-gnu/libxml2.so.2.9.0
7f6e46805000-7f6e46a04000 ---p 00159000 08:01 4463251                    /usr/lib/x86_64-linux-gnu/libxml2.so.2.9.0
7f6e46a04000-7f6e46a0c000 r--p 00158000 08:01 4463251                    /usr/lib/x86_64-linux-gnu/libxml2.so.2.9.0
7f6e46a0c000-7f6e46a0e000 rw-p 00160000 08:01 4463251                    /usr/lib/x86_64-linux-gnu/libxml2.so.2.9.0
7f6e46a0e000-7f6e46a0f000 rw-p 00000000 00:00 0 
7f6e46a0f000-7f6e48000000 r--p 00000000 08:01 5914055                    /usr/share/icons/gnome/icon-theme.cache
7f6e48000000-7f6e48021000 rw-p 00000000 00:00 0 
7f6e48021000-7f6e4c000000 ---p 00000000 00:00 0 
7f6e4c10e000-7f6e4c145000 r-xp 00000000 08:01 4463585                    /usr/lib/x86_64-linux-gnu/libcroco-0.6.so.3.0.1
7f6e4c145000-7f6e4c344000 ---p 00037000 08:01 4463585                    /usr/lib/x86_64-linux-gnu/libcroco-0.6.so.3.0.1
7f6e4c344000-7f6e4c347000 r--p 00036000 08:01 4463585                    /usr/lib/x86_64-linux-gnu/libcroco-0.6.so.3.0.1
7f6e4c347000-7f6e4c348000 rw-p 00039000 08:01 4463585                    /usr/lib/x86_64-linux-gnu/libcroco-0.6.so.3.0.1
7f6e4c348000-7f6e4c37c000 r-xp 00000000 08:01 4464138                    /usr/lib/x86_64-linux-gnu/librsvg-2.so.2.36.4
7f6e4c37c000-7f6e4c57b000 ---p 00034000 08:01 4464138                    /usr/lib/x86_64-linux-gnu/librsvg-2.so.2.36.4
7f6e4c57b000-7f6e4c57c000 r--p 00033000 08:01 4464138                    /usr/lib/x86_64-linux-gnu/librsvg-2.so.2.36.4
7f6e4c57c000-7f6e4c57d000 rw-p 00034000 08:01 4464138                    /usr/lib/x86_64-linux-gnu/librsvg-2.so.2.36.4
7f6e4c57d000-7f6e4c57f000 r-xp 00000000 08:01 4850665                    /usr/lib/x86_64-linux-gnu/gdk-pixbuf-2.0/2.10.0/loaders/libpixbufloader-svg.so
7f6e4c57f000-7f6e4c77e000 ---p 00002000 08:01 4850665                    /usr/lib/x86_64-linux-gnu/gdk-pixbuf-2.0/2.10.0/loaders/libpixbufloader-svg.so
7f6e4c77e000-7f6e4c77f000 r--p 00001000 08:01 4850665                    /usr/lib/x86_64-linux-gnu/gdk-pixbuf-2.0/2.10.0/loaders/libpixbufloader-svg.so
7f6e4c77f000-7f6e4c780000 rw-p 00002000 08:01 4850665                    /usr/lib/x86_64-linux-gnu/gdk-pixbuf-2.0/2.10.0/loaders/libpixbufloader-svg.so
7f6e4c780000-7f6e4c790000 r-xp 00000000 08:01 4466495                    /usr/lib/jvm/java-7-openjdk-amd64/jre/lib/amd64/libnio.so
7f6e4c790000-7f6e4c990000 ---p 00010000 08:01 4466495                    /usr/lib/jvm/java-7-openjdk-amd64/jre/lib/amd64/libnio.so
7f6e4c990000-7f6e4c991000 r--p 00010000 08:01 4466495                    /usr/lib/jvm/java-7-openjdk-amd64/jre/lib/amd64/libnio.so
7f6e4c991000-7f6e4c992000 rw-p 00011000 08:01 4466495                    /usr/lib/jvm/java-7-openjdk-amd64/jre/lib/amd64/libnio.so
7f6e4c992000-7f6e4c9a8000 r-xp 00000000 08:01 4466499                    /usr/lib/jvm/java-7-openjdk-amd64/jre/lib/amd64/libnet.so
7f6e4c9a8000-7f6e4cba7000 ---p 00016000 08:01 4466499                    /usr/lib/jvm/java-7-openjdk-amd64/jre/lib/amd64/libnet.so
7f6e4cba7000-7f6e4cba8000 r--p 00015000 08:01 4466499                    /usr/lib/jvm/java-7-openjdk-amd64/jre/lib/amd64/libnet.so
7f6e4cba8000-7f6e4cba9000 rw-p 00016000 08:01 4466499                    /usr/lib/jvm/java-7-openjdk-amd64/jre/lib/amd64/libnet.so
7f6e4cc10000-7f6e4cc13000 ---p 00000000 00:00 0 
7f6e4cc13000-7f6e4cd11000 rw-p 00000000 00:00 0                          [stack:29380]
7f6e4cd11000-7f6e4cd19000 r-xp 00000000 08:01 4466506                    /usr/lib/jvm/java-7-openjdk-amd64/jre/lib/amd64/libmanagement.so
7f6e4cd19000-7f6e4cf18000 ---p 00008000 08:01 4466506                    /usr/lib/jvm/java-7-openjdk-amd64/jre/lib/amd64/libmanagement.so
7f6e4cf18000-7f6e4cf19000 r--p 00007000 08:01 4466506                    /usr/lib/jvm/java-7-openjdk-amd64/jre/lib/amd64/libmanagement.so
7f6e4cf19000-7f6e4cf1a000 rw-p 00008000 08:01 4466506                    /usr/lib/jvm/java-7-openjdk-amd64/jre/lib/amd64/libmanagement.so
7f6e4cf34000-7f6e4cf94000 rw-s 00000000 00:04 2105245719                 /SYSV00000000 (deleted)
7f6e4cf94000-7f6e4d07e000 r--p 00000000 08:01 5902394                    /usr/share/icons/Humanity/icon-theme.cache
7f6e4d07e000-7f6e4d081000 ---p 00000000 00:00 0 
7f6e4d081000-7f6e4d87f000 rw-p 00000000 00:00 0 
7f6e4d8be000-7f6e4d8db000 r--s 00000000 08:01 4854455                    /usr/share/mime/mime.cache
7f6e4d8db000-7f6e4d95b000 rw-s 00000000 00:04 2105081873                 /SYSV00000000 (deleted)
7f6e4d95b000-7f6e4d95c000 ---p 00000000 00:00 0 
7f6e4d95c000-7f6e4e15c000 rw-p 00000000 00:00 0 
7f6e4e15c000-7f6e4e176000 r-xp 00000000 08:01 4457056                    /usr/lib/x86_64-linux-gnu/libdbusmenu-glib.so.4.0.12
7f6e4e176000-7f6e4e375000 ---p 0001a000 08:01 4457056                    /usr/lib/x86_64-linux-gnu/libdbusmenu-glib.so.4.0.12
7f6e4e375000-7f6e4e376000 r--p 00019000 08:01 4457056                    /usr/lib/x86_64-linux-gnu/libdbusmenu-glib.so.4.0.12
7f6e4e376000-7f6e4e377000 rw-p 0001a000 08:01 4457056                    /usr/lib/x86_64-linux-gnu/libdbusmenu-glib.so.4.0.12
7f6e4e377000-7f6e4e389000 r-xp 00000000 08:01 4457380                    /usr/lib/x86_64-linux-gnu/libdbusmenu-gtk.so.4.0.12
7f6e4e389000-7f6e4e588000 ---p 00012000 08:01 4457380                    /usr/lib/x86_64-linux-gnu/libdbusmenu-gtk.so.4.0.12
7f6e4e588000-7f6e4e589000 r--p 00011000 08:01 4457380                    /usr/lib/x86_64-linux-gnu/libdbusmenu-gtk.so.4.0.12
7f6e4e589000-7f6e4e58a000 rw-p 00012000 08:01 4457380                    /usr/lib/x86_64-linux-gnu/libdbusmenu-gtk.so.4.0.12
7f6e4e58a000-7f6e4e58f000 r-xp 00000000 08:01 4850925                    /usr/lib/x86_64-linux-gnu/gtk-2.0/2.10.0/menuproxies/libappmenu.so
7f6e4e58f000-7f6e4e78e000 ---p 00005000 08:01 4850925                    /usr/lib/x86_64-linux-gnu/gtk-2.0/2.10.0/menuproxies/libappmenu.so
7f6e4e78e000-7f6e4e78f000 r--p 00004000 08:01 4850925                    /usr/lib/x86_64-linux-gnu/gtk-2.0/2.10.0/menuproxies/libappmenu.so
7f6e4e78f000-7f6e4e790000 rw-p 00005000 08:01 4850925                    /usr/lib/x86_64-linux-gnu/gtk-2.0/2.10.0/menuproxies/libappmenu.so
7f6e4e790000-7f6e4e7d3000 r-xp 00000000 08:01 4463903                    /usr/lib/x86_64-linux-gnu/libibus-1.0.so.0.402.0
7f6e4e7d3000-7f6e4e9d2000 ---p 00043000 08:01 4463903                    /usr/lib/x86_64-linux-gnu/libibus-1.0.so.0.402.0
7f6e4e9d2000-7f6e4e9d4000 r--p 00042000 08:01 4463903                    /usr/lib/x86_64-linux-gnu/libibus-1.0.so.0.402.0
7f6e4e9d4000-7f6e4e9d5000 rw-p 00044000 08:01 4463903                    /usr/lib/x86_64-linux-gnu/libibus-1.0.so.0.402.0
7f6e4e9d5000-7f6e4e9d6000 rw-p 00000000 00:00 0 
7f6e4e9d6000-7f6e4e9dc000 r-xp 00000000 08:01 4850916                    /usr/lib/x86_64-linux-gnu/gtk-2.0/2.10.0/immodules/im-ibus.so
7f6e4e9dc000-7f6e4ebdb000 ---p 00006000 08:01 4850916                    /usr/lib/x86_64-linux-gnu/gtk-2.0/2.10.0/immodules/im-ibus.so
7f6e4ebdb000-7f6e4ebdc000 r--p 00005000 08:01 4850916                    /usr/lib/x86_64-linux-gnu/gtk-2.0/2.10.0/immodules/im-ibus.so
7f6e4ebdc000-7f6e4ebdd000 rw-p 00006000 08:01 4850916                    /usr/lib/x86_64-linux-gnu/gtk-2.0/2.10.0/immodules/im-ibus.so
7f6e4ebdd000-7f6e4ebe0000 r-xp 00000000 08:01 4851164                    /usr/lib/x86_64-linux-gnu/pango/1.8.0/modules/pango-basic-fc.so
7f6e4ebe0000-7f6e4eddf000 ---p 00003000 08:01 4851164                    /usr/lib/x86_64-linux-gnu/pango/1.8.0/modules/pango-basic-fc.so
7f6e4eddf000-7f6e4ede0000 r--p 00002000 08:01 4851164                    /usr/lib/x86_64-linux-gnu/pango/1.8.0/modules/pango-basic-fc.so
7f6e4ede0000-7f6e4ede1000 rw-p 00003000 08:01 4851164                    /usr/lib/x86_64-linux-gnu/pango/1.8.0/modules/pango-basic-fc.so
7f6e4ede1000-7f6e4ede2000 ---p 00000000 00:00 0 
7f6e4ede2000-7f6e4f5e2000 rw-p 00000000 00:00 0                          [stack:27499]
7f6e4f5e2000-7f6e4f5e3000 ---p 00000000 00:00 0 
7f6e4f5e3000-7f6e4fde3000 rw-p 00000000 00:00 0                          [stack:27498]
7f6e4fde3000-7f6e4fdfc000 r-xp 00000000 08:01 4850677                    /usr/lib/x86_64-linux-gnu/gio/modules/libgioremote-volume-monitor.so
7f6e4fdfc000-7f6e4fffc000 ---p 00019000 08:01 4850677                    /usr/lib/x86_64-linux-gnu/gio/modules/libgioremote-volume-monitor.so
7f6e4fffc000-7f6e4ffff000 r--p 00019000 08:01 4850677                    /usr/lib/x86_64-linux-gnu/gio/modules/libgioremote-volume-monitor.so
7f6e4ffff000-7f6e50000000 rw-p 0001c000 08:01 4850677                    /usr/lib/x86_64-linux-gnu/gio/modules/libgioremote-volume-monitor.so
7f6e50000000-7f6e50021000 rw-p 00000000 00:00 0 
7f6e50021000-7f6e54000000 ---p 00000000 00:00 0 
7f6e5401b000-7f6e54038000 r--p 00000000 08:01 5377205                    /usr/share/fonts/truetype/liberation/LiberationMono-BoldItalic.ttf
7f6e54038000-7f6e54057000 r--p 00000000 08:01 5377206                    /usr/share/fonts/truetype/liberation/LiberationMono-Italic.ttf
7f6e54057000-7f6e540af000 r--p 00000000 08:01 5377314                    /usr/share/fonts/truetype/ubuntu-font-family/Ubuntu-BI.ttf
7f6e540af000-7f6e5410e000 r--p 00000000 08:01 5377321                    /usr/share/fonts/truetype/ubuntu-font-family/Ubuntu-RI.ttf
7f6e5410e000-7f6e54160000 r--p 00000000 08:01 5377313                    /usr/share/fonts/truetype/ubuntu-font-family/Ubuntu-B.ttf
7f6e54160000-7f6e5416b000 r-xp 00000000 08:01 4850673                    /usr/lib/x86_64-linux-gnu/gio/modules/libdconfsettings.so
7f6e5416b000-7f6e5436a000 ---p 0000b000 08:01 4850673                    /usr/lib/x86_64-linux-gnu/gio/modules/libdconfsettings.so
7f6e5436a000-7f6e5436b000 r--p 0000a000 08:01 4850673                    /usr/lib/x86_64-linux-gnu/gio/modules/libdconfsettings.so
7f6e5436b000-7f6e5436c000 rw-p 0000b000 08:01 4850673                    /usr/lib/x86_64-linux-gnu/gio/modules/libdconfsettings.so
7f6e5436c000-7f6e5437c000 r-xp 00000000 08:01 6029411                    /lib/x86_64-linux-gnu/libudev.so.1.2.2
7f6e5437c000-7f6e5457b000 ---p 00010000 08:01 6029411                    /lib/x86_64-linux-gnu/libudev.so.1.2.2
7f6e5457b000-7f6e5457c000 r--p 0000f000 08:01 6029411                    /lib/x86_64-linux-gnu/libudev.so.1.2.2
7f6e5457c000-7f6e5457d000 rw-p 00010000 08:01 6029411                    /lib/x86_64-linux-gnu/libudev.so.1.2.2
7f6e5457d000-7f6e545b2000 r-xp 00000000 08:01 4850981                    /usr/lib/x86_64-linux-gnu/gvfs/libgvfscommon.so
7f6e545b2000-7f6e547b2000 ---p 00035000 08:01 4850981                    /usr/lib/x86_64-linux-gnu/gvfs/libgvfscommon.so
7f6e547b2000-7f6e547b7000 r--p 00035000 08:01 4850981                    /usr/lib/x86_64-linux-gnu/gvfs/libgvfscommon.so
7f6e547b7000-7f6e547b8000 rw-p 0003a000 08:01 4850981                    /usr/lib/x86_64-linux-gnu/gvfs/libgvfscommon.so
7f6e547b8000-7f6e547e7000 r-xp 00000000 08:01 4850678                    /usr/lib/x86_64-linux-gnu/gio/modules/libgvfsdbus.so
7f6e547e7000-7f6e549e6000 ---p 0002f000 08:01 4850678                    /usr/lib/x86_64-linux-gnu/gio/modules/libgvfsdbus.so
7f6e549e6000-7f6e549e7000 r--p 0002e000 08:01 4850678                    /usr/lib/x86_64-linux-gnu/gio/modules/libgvfsdbus.so
7f6e549e7000-7f6e549e9000 rw-p 0002f000 08:01 4850678                    /usr/lib/x86_64-linux-gnu/gio/modules/libgvfsdbus.so
7f6e549e9000-7f6e549ef000 r-xp 00000000 08:01 4464036                    /usr/lib/x86_64-linux-gnu/libogg.so.0.8.0
7f6e549ef000-7f6e54bee000 ---p 00006000 08:01 4464036                    /usr/lib/x86_64-linux-gnu/libogg.so.0.8.0
7f6e54bee000-7f6e54bef000 r--p 00005000 08:01 4464036                    /usr/lib/x86_64-linux-gnu/libogg.so.0.8.0
7f6e54bef000-7f6e54bf0000 rw-p 00006000 08:01 4464036                    /usr/lib/x86_64-linux-gnu/libogg.so.0.8.0
7f6e54bf0000-7f6e54c1b000 r-xp 00000000 08:01 4464257                    /usr/lib/x86_64-linux-gnu/libvorbis.so.0.4.5
7f6e54c1b000-7f6e54e1b000 ---p 0002b000 08:01 4464257                    /usr/lib/x86_64-linux-gnu/libvorbis.so.0.4.5
7f6e54e1b000-7f6e54e1c000 r--p 0002b000 08:01 4464257                    /usr/lib/x86_64-linux-gnu/libvorbis.so.0.4.5
7f6e54e1c000-7f6e54e1d000 rw-p 0002c000 08:01 4464257                    /usr/lib/x86_64-linux-gnu/libvorbis.so.0.4.5
7f6e54e1d000-7f6e54e26000 r-xp 00000000 08:01 4463970                    /usr/lib/x86_64-linux-gnu/libltdl.so.7.3.0
7f6e54e26000-7f6e55025000 ---p 00009000 08:01 4463970                    /usr/lib/x86_64-linux-gnu/libltdl.so.7.3.0
7f6e55025000-7f6e55026000 r--p 00008000 08:01 4463970                    /usr/lib/x86_64-linux-gnu/libltdl.so.7.3.0
7f6e55026000-7f6e55027000 rw-p 00009000 08:01 4463970                    /usr/lib/x86_64-linux-gnu/libltdl.so.7.3.0
7f6e55027000-7f6e55037000 r-xp 00000000 08:01 4464204                    /usr/lib/x86_64-linux-gnu/libtdb.so.1.2.10
7f6e55037000-7f6e55237000 ---p 00010000 08:01 4464204                    /usr/lib/x86_64-linux-gnu/libtdb.so.1.2.10
7f6e55237000-7f6e55238000 r--p 00010000 08:01 4464204                    /usr/lib/x86_64-linux-gnu/libtdb.so.1.2.10
7f6e55238000-7f6e55239000 rw-p 00011000 08:01 4464204                    /usr/lib/x86_64-linux-gnu/libtdb.so.1.2.10
7f6e55239000-7f6e55240000 r-xp 00000000 08:01 4464261                    /usr/lib/x86_64-linux-gnu/libvorbisfile.so.3.3.4
7f6e55240000-7f6e5543f000 ---p 00007000 08:01 4464261                    /usr/lib/x86_64-linux-gnu/libvorbisfile.so.3.3.4
7f6e5543f000-7f6e55440000 r--p 00006000 08:01 4464261                    /usr/lib/x86_64-linux-gnu/libvorbisfile.so.3.3.4
7f6e55440000-7f6e55441000 rw-p 00007000 08:01 4464261                    /usr/lib/x86_64-linux-gnu/libvorbisfile.so.3.3.4
7f6e55441000-7f6e55450000 r-xp 00000000 08:01 4463547                    /usr/lib/x86_64-linux-gnu/libcanberra.so.0.2.5
7f6e55450000-7f6e5564f000 ---p 0000f000 08:01 4463547                    /usr/lib/x86_64-linux-gnu/libcanberra.so.0.2.5
7f6e5564f000-7f6e55650000 r--p 0000e000 08:01 4463547                    /usr/lib/x86_64-linux-gnu/libcanberra.so.0.2.5
7f6e55650000-7f6e55651000 rw-p 0000f000 08:01 4463547                    /usr/lib/x86_64-linux-gnu/libcanberra.so.0.2.5
7f6e55651000-7f6e55655000 r-xp 00000000 08:01 4463543                    /usr/lib/x86_64-linux-gnu/libcanberra-gtk.so.0.1.9
7f6e55655000-7f6e55854000 ---p 00004000 08:01 4463543                    /usr/lib/x86_64-linux-gnu/libcanberra-gtk.so.0.1.9
7f6e55854000-7f6e55855000 r--p 00003000 08:01 4463543                    /usr/lib/x86_64-linux-gnu/libcanberra-gtk.so.0.1.9
7f6e55855000-7f6e55856000 rw-p 00004000 08:01 4463543                    /usr/lib/x86_64-linux-gnu/libcanberra-gtk.so.0.1.9
7f6e55856000-7f6e5585b000 r-xp 00000000 08:01 4850931                    /usr/lib/x86_64-linux-gnu/gtk-2.0/modules/libcanberra-gtk-module.so
7f6e5585b000-7f6e55a5a000 ---p 00005000 08:01 4850931                    /usr/lib/x86_64-linux-gnu/gtk-2.0/modules/libcanberra-gtk-module.so
7f6e55a5a000-7f6e55a5b000 r--p 00004000 08:01 4850931                    /usr/lib/x86_64-linux-gnu/gtk-2.0/modules/libcanberra-gtk-module.so
7f6e55a5b000-7f6e55a5c000 rw-p 00005000 08:01 4850931                    /usr/lib/x86_64-linux-gnu/gtk-2.0/modules/libcanberra-gtk-module.so
7f6e55a5c000-7f6e55a8b000 r-xp 00000000 08:01 4850912                    /usr/lib/x86_64-linux-gnu/gtk-2.0/2.10.0/engines/libmurrine.so
7f6e55a8b000-7f6e55c8b000 ---p 0002f000 08:01 4850912                    /usr/lib/x86_64-linux-gnu/gtk-2.0/2.10.0/engines/libmurrine.so
7f6e55c8b000-7f6e55c8c000 r--p 0002f000 08:01 4850912                    /usr/lib/x86_64-linux-gnu/gtk-2.0/2.10.0/engines/libmurrine.so
7f6e55c8c000-7f6e55c8d000 rw-p 00030000 08:01 4850912                    /usr/lib/x86_64-linux-gnu/gtk-2.0/2.10.0/engines/libmurrine.so
7f6e55c8d000-7f6e55c9e000 r-xp 00000000 08:01 4850934                    /usr/lib/x86_64-linux-gnu/gtk-2.0/modules/liboverlay-scrollbar.so
7f6e55c9e000-7f6e55e9d000 ---p 00011000 08:01 4850934                    /usr/lib/x86_64-linux-gnu/gtk-2.0/modules/liboverlay-scrollbar.so
7f6e55e9d000-7f6e55e9e000 r--p 00010000 08:01 4850934                    /usr/lib/x86_64-linux-gnu/gtk-2.0/modules/liboverlay-scrollbar.so
7f6e55e9e000-7f6e55e9f000 rw-p 00011000 08:01 4850934                    /usr/lib/x86_64-linux-gnu/gtk-2.0/modules/liboverlay-scrollbar.so
7f6e55e9f000-7f6e5700e000 r-xp 00000000 08:01 4463905                    /usr/lib/x86_64-linux-gnu/libicudata.so.48.1.1
7f6e5700e000-7f6e5720d000 ---p 0116f000 08:01 4463905                    /usr/lib/x86_64-linux-gnu/libicudata.so.48.1.1
7f6e5720d000-7f6e5720e000 r--p 0116e000 08:01 4463905                    /usr/lib/x86_64-linux-gnu/libicudata.so.48.1.1
7f6e5720e000-7f6e5720f000 rw-p 0116f000 08:01 4463905                    /usr/lib/x86_64-linux-gnu/libicudata.so.48.1.1
7f6e5720f000-7f6e57365000 r-xp 00000000 08:01 4463919                    /usr/lib/x86_64-linux-gnu/libicuuc.so.48.1.1
7f6e57365000-7f6e57564000 ---p 00156000 08:01 4463919                    /usr/lib/x86_64-linux-gnu/libicuuc.so.48.1.1
7f6e57564000-7f6e57575000 r--p 00155000 08:01 4463919                    /usr/lib/x86_64-linux-gnu/libicuuc.so.48.1.1
7f6e57575000-7f6e57576000 rw-p 00166000 08:01 4463919                    /usr/lib/x86_64-linux-gnu/libicuuc.so.48.1.1
7f6e57576000-7f6e5757a000 rw-p 00000000 00:00 0 
7f6e5757a000-7f6e575ac000 r-xp 00000000 08:01 4463911                    /usr/lib/x86_64-linux-gnu/libicule.so.48.1.1
7f6e575ac000-7f6e577ac000 ---p 00032000 08:01 4463911                    /usr/lib/x86_64-linux-gnu/libicule.so.48.1.1
7f6e577ac000-7f6e577ae000 r--p 00032000 08:01 4463911                    /usr/lib/x86_64-linux-gnu/libicule.so.48.1.1
7f6e577ae000-7f6e577af000 rw-p 00034000 08:01 4463911                    /usr/lib/x86_64-linux-gnu/libicule.so.48.1.1
7f6e577af000-7f6e577b4000 r-xp 00000000 08:01 4463438                    /usr/lib/x86_64-linux-gnu/libXdmcp.so.6.0.0
7f6e577b4000-7f6e579b3000 ---p 00005000 08:01 4463438                    /usr/lib/x86_64-linux-gnu/libXdmcp.so.6.0.0
7f6e579b3000-7f6e579b4000 r--p 00004000 08:01 4463438                    /usr/lib/x86_64-linux-gnu/libXdmcp.so.6.0.0
7f6e579b4000-7f6e579b5000 rw-p 00005000 08:01 4463438                    /usr/lib/x86_64-linux-gnu/libXdmcp.so.6.0.0
7f6e579b5000-7f6e579b7000 r-xp 00000000 08:01 4463427                    /usr/lib/x86_64-linux-gnu/libXau.so.6.0.0
7f6e579b7000-7f6e57bb7000 ---p 00002000 08:01 4463427                    /usr/lib/x86_64-linux-gnu/libXau.so.6.0.0
7f6e57bb7000-7f6e57bb8000 r--p 00002000 08:01 4463427                    /usr/lib/x86_64-linux-gnu/libXau.so.6.0.0
7f6e57bb8000-7f6e57bb9000 rw-p 00003000 08:01 4463427                    /usr/lib/x86_64-linux-gnu/libXau.so.6.0.0
7f6e57bb9000-7f6e57bf6000 r-xp 00000000 08:01 6033097                    /lib/x86_64-linux-gnu/libpcre.so.3.13.1
7f6e57bf6000-7f6e57df6000 ---p 0003d000 08:01 6033097                    /lib/x86_64-linux-gnu/libpcre.so.3.13.1
7f6e57df6000-7f6e57df7000 r--p 0003d000 08:01 6033097                    /lib/x86_64-linux-gnu/libpcre.so.3.13.1
7f6e57df7000-7f6e57df8000 rw-p 0003e000 08:01 6033097                    /lib/x86_64-linux-gnu/libpcre.so.3.13.1
7f6e57df8000-7f6e57dff000 r-xp 00000000 08:01 4463665                    /usr/lib/x86_64-linux-gnu/libffi.so.6.0.1
7f6e57dff000-7f6e57ffe000 ---p 00007000 08:01 4463665                    /usr/lib/x86_64-linux-gnu/libffi.so.6.0.1
7f6e57ffe000-7f6e57fff000 r--p 00006000 08:01 4463665                    /usr/lib/x86_64-linux-gnu/libffi.so.6.0.1
7f6e57fff000-7f6e58000000 rw-p 00007000 08:01 4463665                    /usr/lib/x86_64-linux-gnu/libffi.so.6.0.1
7f6e58000000-7f6e58021000 rw-p 00000000 00:00 0 
7f6e58021000-7f6e5c000000 ---p 00000000 00:00 0 
7f6e5c007000-7f6e5c00e000 r--s 00000000 08:01 4850641                    /usr/lib/x86_64-linux-gnu/gconv/gconv-modules.cache
7f6e5c00e000-7f6e5c019000 r--p 00000000 08:01 5909679                    /usr/share/icons/Humanity-Dark/icon-theme.cache
7f6e5c019000-7f6e5c033000 r--p 00000000 08:01 5377204                    /usr/share/fonts/truetype/liberation/LiberationMono-Bold.ttf
7f6e5c033000-7f6e5c04e000 r--p 00000000 08:01 5377207                    /usr/share/fonts/truetype/liberation/LiberationMono-Regular.ttf
7f6e5c04e000-7f6e5c0ae000 rw-s 00000000 00:04 2104983559                 /SYSV00000000 (deleted)
7f6e5c0ae000-7f6e5c0d4000 r-xp 00000000 08:01 6033022                    /lib/x86_64-linux-gnu/libexpat.so.1.6.0
7f6e5c0d4000-7f6e5c2d4000 ---p 00026000 08:01 6033022                    /lib/x86_64-linux-gnu/libexpat.so.1.6.0
7f6e5c2d4000-7f6e5c2d6000 r--p 00026000 08:01 6033022                    /lib/x86_64-linux-gnu/libexpat.so.1.6.0
7f6e5c2d6000-7f6e5c2d7000 rw-p 00028000 08:01 6033022                    /lib/x86_64-linux-gnu/libexpat.so.1.6.0
7f6e5c2d7000-7f6e5c36c000 r-xp 00000000 08:01 4463889                    /usr/lib/x86_64-linux-gnu/libharfbuzz.so.0.913.0
7f6e5c36c000-7f6e5c56b000 ---p 00095000 08:01 4463889                    /usr/lib/x86_64-linux-gnu/libharfbuzz.so.0.913.0
7f6e5c56b000-7f6e5c56d000 r--p 00094000 08:01 4463889                    /usr/lib/x86_64-linux-gnu/libharfbuzz.so.0.913.0
7f6e5c56d000-7f6e5c56e000 rw-p 00096000 08:01 4463889                    /usr/lib/x86_64-linux-gnu/libharfbuzz.so.0.913.0
7f6e5c56e000-7f6e5c584000 r-xp 00000000 08:01 6033120                    /lib/x86_64-linux-gnu/libresolv-2.17.so
7f6e5c584000-7f6e5c784000 ---p 00016000 08:01 6033120                    /lib/x86_64-linux-gnu/libresolv-2.17.so
7f6e5c784000-7f6e5c785000 r--p 00016000 08:01 6033120                    /lib/x86_64-linux-gnu/libresolv-2.17.so
7f6e5c785000-7f6e5c786000 rw-p 00017000 08:01 6033120                    /lib/x86_64-linux-gnu/libresolv-2.17.so
7f6e5c786000-7f6e5c788000 rw-p 00000000 00:00 0 
7f6e5c788000-7f6e5c7a5000 r-xp 00000000 08:01 6033124                    /lib/x86_64-linux-gnu/libselinux.so.1
7f6e5c7a5000-7f6e5c9a4000 ---p 0001d000 08:01 6033124                    /lib/x86_64-linux-gnu/libselinux.so.1
7f6e5c9a4000-7f6e5c9a5000 r--p 0001c000 08:01 6033124                    /lib/x86_64-linux-gnu/libselinux.so.1
7f6e5c9a5000-7f6e5c9a6000 rw-p 0001d000 08:01 6033124                    /lib/x86_64-linux-gnu/libselinux.so.1
7f6e5c9a6000-7f6e5c9a7000 rw-p 00000000 00:00 0 
7f6e5c9a7000-7f6e5c9af000 r-xp 00000000 08:01 4463414                    /usr/lib/x86_64-linux-gnu/libxcb-render.so.0.0.0
7f6e5c9af000-7f6e5cbaf000 ---p 00008000 08:01 4463414                    /usr/lib/x86_64-linux-gnu/libxcb-render.so.0.0.0
7f6e5cbaf000-7f6e5cbb0000 r--p 00008000 08:01 4463414                    /usr/lib/x86_64-linux-gnu/libxcb-render.so.0.0.0
7f6e5cbb0000-7f6e5cbb1000 rw-p 00009000 08:01 4463414                    /usr/lib/x86_64-linux-gnu/libxcb-render.so.0.0.0
7f6e5cbb1000-7f6e5cbb3000 r-xp 00000000 08:01 4464126                    /usr/lib/x86_64-linux-gnu/libxcb-shm.so.0.0.0
7f6e5cbb3000-7f6e5cdb2000 ---p 00002000 08:01 4464126                    /usr/lib/x86_64-linux-gnu/libxcb-shm.so.0.0.0
7f6e5cdb2000-7f6e5cdb3000 r--p 00001000 08:01 4464126                    /usr/lib/x86_64-linux-gnu/libxcb-shm.so.0.0.0
7f6e5cdb3000-7f6e5cdb4000 rw-p 00002000 08:01 4464126                    /usr/lib/x86_64-linux-gnu/libxcb-shm.so.0.0.0
7f6e5cdb4000-7f6e5cdd9000 r-xp 00000000 08:01 6033109                    /lib/x86_64-linux-gnu/libpng12.so.0.49.0
7f6e5cdd9000-7f6e5cfd8000 ---p 00025000 08:01 6033109                    /lib/x86_64-linux-gnu/libpng12.so.0.49.0
7f6e5cfd8000-7f6e5cfd9000 r--p 00024000 08:01 6033109                    /lib/x86_64-linux-gnu/libpng12.so.0.49.0
7f6e5cfd9000-7f6e5cfda000 rw-p 00025000 08:01 6033109                    /lib/x86_64-linux-gnu/libpng12.so.0.49.0
7f6e5cfda000-7f6e5d06a000 r-xp 00000000 08:01 4464074                    /usr/lib/x86_64-linux-gnu/libpixman-1.so.0.28.2
7f6e5d06a000-7f6e5d269000 ---p 00090000 08:01 4464074                    /usr/lib/x86_64-linux-gnu/libpixman-1.so.0.28.2
7f6e5d269000-7f6e5d270000 r--p 0008f000 08:01 4464074                    /usr/lib/x86_64-linux-gnu/libpixman-1.so.0.28.2
7f6e5d270000-7f6e5d271000 rw-p 00096000 08:01 4464074                    /usr/lib/x86_64-linux-gnu/libpixman-1.so.0.28.2
7f6e5d271000-7f6e5d28e000 r-xp 00000000 08:01 4463244                    /usr/lib/x86_64-linux-gnu/libxcb.so.1.1.0
7f6e5d28e000-7f6e5d48d000 ---p 0001d000 08:01 4463244                    /usr/lib/x86_64-linux-gnu/libxcb.so.1.1.0
7f6e5d48d000-7f6e5d48e000 r--p 0001c000 08:01 4463244                    /usr/lib/x86_64-linux-gnu/libxcb.so.1.1.0
7f6e5d48e000-7f6e5d48f000 rw-p 0001d000 08:01 4463244                    /usr/lib/x86_64-linux-gnu/libxcb.so.1.1.0
7f6e5d48f000-7f6e5d526000 r-xp 00000000 08:01 4463701                    /usr/lib/x86_64-linux-gnu/libfreetype.so.6.10.0
7f6e5d526000-7f6e5d725000 ---p 00097000 08:01 4463701                    /usr/lib/x86_64-linux-gnu/libfreetype.so.6.10.0
7f6e5d725000-7f6e5d72b000 r--p 00096000 08:01 4463701                    /usr/lib/x86_64-linux-gnu/libfreetype.so.6.10.0
7f6e5d72b000-7f6e5d72c000 rw-p 0009c000 08:01 4463701                    /usr/lib/x86_64-linux-gnu/libfreetype.so.6.10.0
7f6e5d72c000-7f6e5d72e000 r-xp 00000000 08:01 4463436                    /usr/lib/x86_64-linux-gnu/libXdamage.so.1.1.0
7f6e5d72e000-7f6e5d92d000 ---p 00002000 08:01 4463436                    /usr/lib/x86_64-linux-gnu/libXdamage.so.1.1.0
7f6e5d92d000-7f6e5d92e000 r--p 00001000 08:01 4463436                    /usr/lib/x86_64-linux-gnu/libXdamage.so.1.1.0
7f6e5d92e000-7f6e5d92f000 rw-p 00002000 08:01 4463436                    /usr/lib/x86_64-linux-gnu/libXdamage.so.1.1.0
7f6e5d92f000-7f6e5d931000 r-xp 00000000 08:01 4463432                    /usr/lib/x86_64-linux-gnu/libXcomposite.so.1.0.0
7f6e5d931000-7f6e5db30000 ---p 00002000 08:01 4463432                    /usr/lib/x86_64-linux-gnu/libXcomposite.so.1.0.0
7f6e5db30000-7f6e5db31000 r--p 00001000 08:01 4463432                    /usr/lib/x86_64-linux-gnu/libXcomposite.so.1.0.0
7f6e5db31000-7f6e5db32000 rw-p 00002000 08:01 4463432                    /usr/lib/x86_64-linux-gnu/libXcomposite.so.1.0.0
7f6e5db32000-7f6e5db3b000 r-xp 00000000 08:01 4464222                    /usr/lib/x86_64-linux-gnu/libXcursor.so.1.0.2
7f6e5db3b000-7f6e5dd3b000 ---p 00009000 08:01 4464222                    /usr/lib/x86_64-linux-gnu/libXcursor.so.1.0.2
7f6e5dd3b000-7f6e5dd3c000 r--p 00009000 08:01 4464222                    /usr/lib/x86_64-linux-gnu/libXcursor.so.1.0.2
7f6e5dd3c000-7f6e5dd3d000 rw-p 0000a000 08:01 4464222                    /usr/lib/x86_64-linux-gnu/libXcursor.so.1.0.2
7f6e5dd3d000-7f6e5dd46000 r-xp 00000000 08:01 4463453                    /usr/lib/x86_64-linux-gnu/libXrandr.so.2.2.0
7f6e5dd46000-7f6e5df45000 ---p 00009000 08:01 4463453                    /usr/lib/x86_64-linux-gnu/libXrandr.so.2.2.0
7f6e5df45000-7f6e5df46000 r--p 00008000 08:01 4463453                    /usr/lib/x86_64-linux-gnu/libXrandr.so.2.2.0
7f6e5df46000-7f6e5df47000 rw-p 00009000 08:01 4463453                    /usr/lib/x86_64-linux-gnu/libXrandr.so.2.2.0
7f6e5df47000-7f6e5df55000 r-xp 00000000 08:01 4463255                    /usr/lib/x86_64-linux-gnu/libXi.so.6.1.0
7f6e5df55000-7f6e5e155000 ---p 0000e000 08:01 4463255                    /usr/lib/x86_64-linux-gnu/libXi.so.6.1.0
7f6e5e155000-7f6e5e156000 r--p 0000e000 08:01 4463255                    /usr/lib/x86_64-linux-gnu/libXi.so.6.1.0
7f6e5e156000-7f6e5e157000 rw-p 0000f000 08:01 4463255                    /usr/lib/x86_64-linux-gnu/libXi.so.6.1.0
7f6e5e157000-7f6e5e159000 r-xp 00000000 08:01 4463765                    /usr/lib/x86_64-linux-gnu/libXinerama.so.1.0.0
7f6e5e159000-7f6e5e358000 ---p 00002000 08:01 4463765                    /usr/lib/x86_64-linux-gnu/libXinerama.so.1.0.0
7f6e5e358000-7f6e5e359000 r--p 00001000 08:01 4463765                    /usr/lib/x86_64-linux-gnu/libXinerama.so.1.0.0
7f6e5e359000-7f6e5e35a000 rw-p 00002000 08:01 4463765                    /usr/lib/x86_64-linux-gnu/libXinerama.so.1.0.0
7f6e5e35a000-7f6e5e363000 r-xp 00000000 08:01 4463395                    /usr/lib/x86_64-linux-gnu/libXrender.so.1.3.0
7f6e5e363000-7f6e5e562000 ---p 00009000 08:01 4463395                    /usr/lib/x86_64-linux-gnu/libXrender.so.1.3.0
7f6e5e562000-7f6e5e563000 r--p 00008000 08:01 4463395                    /usr/lib/x86_64-linux-gnu/libXrender.so.1.3.0
7f6e5e563000-7f6e5e564000 rw-p 00009000 08:01 4463395                    /usr/lib/x86_64-linux-gnu/libXrender.so.1.3.0
7f6e5e564000-7f6e5e575000 r-xp 00000000 08:01 4463249                    /usr/lib/x86_64-linux-gnu/libXext.so.6.4.0
7f6e5e575000-7f6e5e774000 ---p 00011000 08:01 4463249                    /usr/lib/x86_64-linux-gnu/libXext.so.6.4.0
7f6e5e774000-7f6e5e775000 r--p 00010000 08:01 4463249                    /usr/lib/x86_64-linux-gnu/libXext.so.6.4.0
7f6e5e775000-7f6e5e776000 rw-p 00011000 08:01 4463249                    /usr/lib/x86_64-linux-gnu/libXext.so.6.4.0
7f6e5e776000-7f6e5e86f000 r-xp 00000000 08:01 6033031                    /lib/x86_64-linux-gnu/libglib-2.0.so.0.3600.0
7f6e5e86f000-7f6e5ea6f000 ---p 000f9000 08:01 6033031                    /lib/x86_64-linux-gnu/libglib-2.0.so.0.3600.0
7f6e5ea6f000-7f6e5ea70000 r--p 000f9000 08:01 6033031                    /lib/x86_64-linux-gnu/libglib-2.0.so.0.3600.0
7f6e5ea70000-7f6e5ea71000 rw-p 000fa000 08:01 6033031                    /lib/x86_64-linux-gnu/libglib-2.0.so.0.3600.0
7f6e5ea71000-7f6e5ea72000 rw-p 00000000 00:00 0 
7f6e5ea72000-7f6e5eabf000 r-xp 00000000 08:01 4463774                    /usr/lib/x86_64-linux-gnu/libgobject-2.0.so.0.3600.0
7f6e5eabf000-7f6e5ecbf000 ---p 0004d000 08:01 4463774                    /usr/lib/x86_64-linux-gnu/libgobject-2.0.so.0.3600.0
7f6e5ecbf000-7f6e5ecc0000 r--p 0004d000 08:01 4463774                    /usr/lib/x86_64-linux-gnu/libgobject-2.0.so.0.3600.0
7f6e5ecc0000-7f6e5ecc1000 rw-p 0004e000 08:01 4463774                    /usr/lib/x86_64-linux-gnu/libgobject-2.0.so.0.3600.0
7f6e5ecc1000-7f6e5ecf8000 r-xp 00000000 08:01 4463673                    /usr/lib/x86_64-linux-gnu/libfontconfig.so.1.6.2
7f6e5ecf8000-7f6e5eef8000 ---p 00037000 08:01 4463673                    /usr/lib/x86_64-linux-gnu/libfontconfig.so.1.6.2
7f6e5eef8000-7f6e5eef9000 r--p 00037000 08:01 4463673                    /usr/lib/x86_64-linux-gnu/libfontconfig.so.1.6.2
7f6e5eef9000-7f6e5eefa000 rw-p 00038000 08:01 4463673                    /usr/lib/x86_64-linux-gnu/libfontconfig.so.1.6.2
7f6e5eefa000-7f6e5eefb000 rw-p 00000000 00:00 0 
7f6e5eefb000-7f6e5ef43000 r-xp 00000000 08:01 4464052                    /usr/lib/x86_64-linux-gnu/libpango-1.0.so.0.3200.5
7f6e5ef43000-7f6e5f143000 ---p 00048000 08:01 4464052                    /usr/lib/x86_64-linux-gnu/libpango-1.0.so.0.3200.5
7f6e5f143000-7f6e5f145000 r--p 00048000 08:01 4464052                    /usr/lib/x86_64-linux-gnu/libpango-1.0.so.0.3200.5
7f6e5f145000-7f6e5f146000 rw-p 0004a000 08:01 4464052                    /usr/lib/x86_64-linux-gnu/libpango-1.0.so.0.3200.5
7f6e5f146000-7f6e5f159000 r-xp 00000000 08:01 4464056                    /usr/lib/x86_64-linux-gnu/libpangoft2-1.0.so.0.3200.5
7f6e5f159000-7f6e5f358000 ---p 00013000 08:01 4464056                    /usr/lib/x86_64-linux-gnu/libpangoft2-1.0.so.0.3200.5
7f6e5f358000-7f6e5f359000 r--p 00012000 08:01 4464056                    /usr/lib/x86_64-linux-gnu/libpangoft2-1.0.so.0.3200.5
7f6e5f359000-7f6e5f35a000 rw-p 00013000 08:01 4464056                    /usr/lib/x86_64-linux-gnu/libpangoft2-1.0.so.0.3200.5
7f6e5f35a000-7f6e5f4ad000 r-xp 00000000 08:01 4463748                    /usr/lib/x86_64-linux-gnu/libgio-2.0.so.0.3600.0
7f6e5f4ad000-7f6e5f6ac000 ---p 00153000 08:01 4463748                    /usr/lib/x86_64-linux-gnu/libgio-2.0.so.0.3600.0
7f6e5f6ac000-7f6e5f6b0000 r--p 00152000 08:01 4463748                    /usr/lib/x86_64-linux-gnu/libgio-2.0.so.0.3600.0
7f6e5f6b0000-7f6e5f6b2000 rw-p 00156000 08:01 4463748                    /usr/lib/x86_64-linux-gnu/libgio-2.0.so.0.3600.0
7f6e5f6b2000-7f6e5f6b4000 rw-p 00000000 00:00 0 
7f6e5f6b4000-7f6e5f6d2000 r-xp 00000000 08:01 4463732                    /usr/lib/x86_64-linux-gnu/libgdk_pixbuf-2.0.so.0.2800.0
7f6e5f6d2000-7f6e5f8d2000 ---p 0001e000 08:01 4463732                    /usr/lib/x86_64-linux-gnu/libgdk_pixbuf-2.0.so.0.2800.0
7f6e5f8d2000-7f6e5f8d3000 r--p 0001e000 08:01 4463732                    /usr/lib/x86_64-linux-gnu/libgdk_pixbuf-2.0.so.0.2800.0
7f6e5f8d3000-7f6e5f8d4000 rw-p 0001f000 08:01 4463732                    /usr/lib/x86_64-linux-gnu/libgdk_pixbuf-2.0.so.0.2800.0
7f6e5f8d4000-7f6e5f9d2000 r-xp 00000000 08:01 4463539                    /usr/lib/x86_64-linux-gnu/libcairo.so.2.11200.14
7f6e5f9d2000-7f6e5fbd2000 ---p 000fe000 08:01 4463539                    /usr/lib/x86_64-linux-gnu/libcairo.so.2.11200.14
7f6e5fbd2000-7f6e5fbd5000 r--p 000fe000 08:01 4463539                    /usr/lib/x86_64-linux-gnu/libcairo.so.2.11200.14
7f6e5fbd5000-7f6e5fbd6000 rw-p 00101000 08:01 4463539                    /usr/lib/x86_64-linux-gnu/libcairo.so.2.11200.14
7f6e5fbd6000-7f6e5fbd8000 rw-p 00000000 00:00 0 
7f6e5fbd8000-7f6e5fbf8000 r-xp 00000000 08:01 4463503                    /usr/lib/x86_64-linux-gnu/libatk-1.0.so.0.20809.1
7f6e5fbf8000-7f6e5fdf7000 ---p 00020000 08:01 4463503                    /usr/lib/x86_64-linux-gnu/libatk-1.0.so.0.20809.1
7f6e5fdf7000-7f6e5fdf9000 r--p 0001f000 08:01 4463503                    /usr/lib/x86_64-linux-gnu/libatk-1.0.so.0.20809.1
7f6e5fdf9000-7f6e5fdfa000 rw-p 00021000 08:01 4463503                    /usr/lib/x86_64-linux-gnu/libatk-1.0.so.0.20809.1
7f6e5fdfa000-7f6e5fdff000 r-xp 00000000 08:01 4463594                    /usr/lib/x86_64-linux-gnu/libXfixes.so.3.1.0
7f6e5fdff000-7f6e5fffe000 ---p 00005000 08:01 4463594                    /usr/lib/x86_64-linux-gnu/libXfixes.so.3.1.0
7f6e5fffe000-7f6e5ffff000 r--p 00004000 08:01 4463594                    /usr/lib/x86_64-linux-gnu/libXfixes.so.3.1.0
7f6e5ffff000-7f6e60000000 rw-p 00005000 08:01 4463594                    /usr/lib/x86_64-linux-gnu/libXfixes.so.3.1.0
7f6e60000000-7f6e60021000 rw-p 00000000 00:00 0 
7f6e60021000-7f6e64000000 ---p 00000000 00:00 0 
7f6e64002000-7f6e6400d000 r--p 00000000 08:01 5913190                    /usr/share/icons/ubuntu-mono-dark/icon-theme.cache
7f6e6400d000-7f6e64016000 r--s 000bc000 08:01 4465943                    /usr/lib/jvm/java-7-openjdk-common/jre/lib/resources.jar
7f6e64016000-7f6e6414a000 r-xp 00000000 08:01 4463247                    /usr/lib/x86_64-linux-gnu/libX11.so.6.3.0
7f6e6414a000-7f6e6434a000 ---p 00134000 08:01 4463247                    /usr/lib/x86_64-linux-gnu/libX11.so.6.3.0
7f6e6434a000-7f6e6434b000 r--p 00134000 08:01 4463247                    /usr/lib/x86_64-linux-gnu/libX11.so.6.3.0
7f6e6434b000-7f6e64350000 rw-p 00135000 08:01 4463247                    /usr/lib/x86_64-linux-gnu/libX11.so.6.3.0
7f6e64350000-7f6e6435b000 r-xp 00000000 08:01 4464054                    /usr/lib/x86_64-linux-gnu/libpangocairo-1.0.so.0.3200.5
7f6e6435b000-7f6e6455b000 ---p 0000b000 08:01 4464054                    /usr/lib/x86_64-linux-gnu/libpangocairo-1.0.so.0.3200.5
7f6e6455b000-7f6e6455c000 r--p 0000b000 08:01 4464054                    /usr/lib/x86_64-linux-gnu/libpangocairo-1.0.so.0.3200.5
7f6e6455c000-7f6e6455d000 rw-p 0000c000 08:01 4464054                    /usr/lib/x86_64-linux-gnu/libpangocairo-1.0.so.0.3200.5
7f6e6455d000-7f6e64560000 r-xp 00000000 08:01 4463758                    /usr/lib/x86_64-linux-gnu/libgmodule-2.0.so.0.3600.0
7f6e64560000-7f6e6475f000 ---p 00003000 08:01 4463758                    /usr/lib/x86_64-linux-gnu/libgmodule-2.0.so.0.3600.0
7f6e6475f000-7f6e64760000 r--p 00002000 08:01 4463758                    /usr/lib/x86_64-linux-gnu/libgmodule-2.0.so.0.3600.0
7f6e64760000-7f6e64761000 rw-p 00003000 08:01 4463758                    /usr/lib/x86_64-linux-gnu/libgmodule-2.0.so.0.3600.0
7f6e64761000-7f6e6480e000 r-xp 00000000 08:01 4463730                    /usr/lib/x86_64-linux-gnu/libgdk-x11-2.0.so.0.2400.17
7f6e6480e000-7f6e64a0d000 ---p 000ad000 08:01 4463730                    /usr/lib/x86_64-linux-gnu/libgdk-x11-2.0.so.0.2400.17
7f6e64a0d000-7f6e64a11000 r--p 000ac000 08:01 4463730                    /usr/lib/x86_64-linux-gnu/libgdk-x11-2.0.so.0.2400.17
7f6e64a11000-7f6e64a13000 rw-p 000b0000 08:01 4463730                    /usr/lib/x86_64-linux-gnu/libgdk-x11-2.0.so.0.2400.17
7f6e64a13000-7f6e64a18000 r-xp 00000000 08:01 4463461                    /usr/lib/x86_64-linux-gnu/libXtst.so.6.1.0
7f6e64a18000-7f6e64c17000 ---p 00005000 08:01 4463461                    /usr/lib/x86_64-linux-gnu/libXtst.so.6.1.0
7f6e64c17000-7f6e64c18000 r--p 00004000 08:01 4463461                    /usr/lib/x86_64-linux-gnu/libXtst.so.6.1.0
7f6e64c18000-7f6e64c19000 rw-p 00005000 08:01 4463461                    /usr/lib/x86_64-linux-gnu/libXtst.so.6.1.0
7f6e64c19000-7f6e64c1a000 r-xp 00000000 08:01 4463869                    /usr/lib/x86_64-linux-gnu/libgthread-2.0.so.0.3600.0
7f6e64c1a000-7f6e64e19000 ---p 00001000 08:01 4463869                    /usr/lib/x86_64-linux-gnu/libgthread-2.0.so.0.3600.0
7f6e64e19000-7f6e64e1a000 r--p 00000000 08:01 4463869                    /usr/lib/x86_64-linux-gnu/libgthread-2.0.so.0.3600.0
7f6e64e1a000-7f6e64e1b000 rw-p 00001000 08:01 4463869                    /usr/lib/x86_64-linux-gnu/libgthread-2.0.so.0.3600.0
7f6e64e1b000-7f6e65248000 r-xp 00000000 08:01 4463873                    /usr/lib/x86_64-linux-gnu/libgtk-x11-2.0.so.0.2400.17
7f6e65248000-7f6e65447000 ---p 0042d000 08:01 4463873                    /usr/lib/x86_64-linux-gnu/libgtk-x11-2.0.so.0.2400.17
7f6e65447000-7f6e6544e000 r--p 0042c000 08:01 4463873                    /usr/lib/x86_64-linux-gnu/libgtk-x11-2.0.so.0.2400.17
7f6e6544e000-7f6e65452000 rw-p 00433000 08:01 4463873                    /usr/lib/x86_64-linux-gnu/libgtk-x11-2.0.so.0.2400.17
7f6e65452000-7f6e65454000 rw-p 00000000 00:00 0 
7f6e65454000-7f6e654c0000 r-xp 00000000 08:01 6160719                    /tmp/swtlib-64/libswt-pi-gtk-3557.so
7f6e654c0000-7f6e655bf000 ---p 0006c000 08:01 6160719                    /tmp/swtlib-64/libswt-pi-gtk-3557.so
7f6e655bf000-7f6e655c3000 rw-p 0006b000 08:01 6160719                    /tmp/swtlib-64/libswt-pi-gtk-3557.so
7f6e655c3000-7f6e655c4000 rw-p 00000000 00:00 0 
7f6e655c4000-7f6e65604000 r-xp 00000000 08:01 6160717                    /tmp/swtlib-64/libswt-gtk-3557.so
7f6e65604000-7f6e65704000 ---p 00040000 08:01 6160717                    /tmp/swtlib-64/libswt-gtk-3557.so
7f6e65704000-7f6e65708000 rw-p 00040000 08:01 6160717                    /tmp/swtlib-64/libswt-gtk-3557.so
7f6e65708000-7f6e65709000 rw-p 00000000 00:00 0 
7f6e65709000-7f6e65f75000 r-xp 00000000 08:01 17695079                   /home/shiwali/soar/SoarSuite/out/libSoar.so
7f6e65f75000-7f6e66175000 ---p 0086c000 08:01 17695079                   /home/shiwali/soar/SoarSuite/out/libSoar.so
7f6e66175000-7f6e66186000 r--p 0086c000 08:01 17695079                   /home/shiwali/soar/SoarSuite/out/libSoar.so
7f6e66186000-7f6e6619d000 rw-p 0087d000 08:01 17695079                   /home/shiwali/soar/SoarSuite/out/libSoar.so
7f6e6619d000-7f6e661a1000 rw-p 00000000 00:00 0 
7f6e661a1000-7f6e661fa000 r-xp 00000000 08:01 17695473                   /home/shiwali/soar/SoarSuite/out/libJava_sml_ClientInterface.so
7f6e661fa000-7f6e663fa000 ---p 00059000 08:01 17695473                   /home/shiwali/soar/SoarSuite/out/libJava_sml_ClientInterface.so
7f6e663fa000-7f6e663fb000 r--p 00059000 08:01 17695473                   /home/shiwali/soar/SoarSuite/out/libJava_sml_ClientInterface.so
7f6e663fb000-7f6e663fd000 rw-p 0005a000 08:01 17695473                   /home/shiwali/soar/SoarSuite/out/libJava_sml_ClientInterface.so
7f6e663fd000-7f6e66400000 ---p 00000000 00:00 0 
7f6e66400000-7f6e664fe000 rw-p 00000000 00:00 0                          [stack:27497]
7f6e664fe000-7f6e664ff000 ---p 00000000 00:00 0 
7f6e664ff000-7f6e665ff000 rw-p 00000000 00:00 0                          [stack:27496]
7f6e665ff000-7f6e66602000 ---p 00000000 00:00 0 
7f6e66602000-7f6e66700000 rw-p 00000000 00:00 0                          [stack:27495]
7f6e66700000-7f6e66703000 ---p 00000000 00:00 0 
7f6e66703000-7f6e66801000 rw-p 00000000 00:00 0                          [stack:27494]
7f6e66801000-7f6e66804000 ---p 00000000 00:00 0 
7f6e66804000-7f6e66902000 rw-p 00000000 00:00 0                          [stack:27493]
7f6e66902000-7f6e66905000 ---p 00000000 00:00 0 
7f6e66905000-7f6e66a03000 rw-p 00000000 00:00 0                          [stack:27492]
7f6e66a03000-7f6e670e4000 r--p 00000000 08:01 4462580                    /usr/lib/locale/locale-archive
7f6e670e4000-7f6e670e7000 ---p 00000000 00:00 0 
7f6e670e7000-7f6e671e5000 rw-p 00000000 00:00 0                          [stack:27491]
7f6e671e5000-7f6e671e8000 ---p 00000000 00:00 0 
7f6e671e8000-7f6e672e6000 rw-p 00000000 00:00 0                          [stack:27490]
7f6e672e6000-7f6e672e7000 ---p 00000000 00:00 0 
7f6e672e7000-7f6e6c000000 rw-p 00000000 00:00 0                          [stack:27489]
7f6e6c000000-7f6e6c021000 rw-p 00000000 00:00 0 
7f6e6c021000-7f6e70000000 ---p 00000000 00:00 0 
7f6e70001000-7f6e70002000 r--s 00001000 08:01 17695613                   /home/shiwali/soar/SoarSuite/out/java/soar-debugger-api.jar
7f6e70002000-7f6e70003000 r--s 00003000 08:01 17695926                   /home/shiwali/soar/SoarSuite/out/java/swtgraphics2d.jar
7f6e70003000-7f6e70055000 r--p 00000000 08:01 5377289                    /usr/share/fonts/truetype/ttf-dejavu/DejaVuSansMono.ttf
7f6e70055000-7f6e700ac000 r--p 00000000 08:01 5377320                    /usr/share/fonts/truetype/ubuntu-font-family/Ubuntu-R.ttf
7f6e700ac000-7f6e700ad000 r--s 00000000 08:01 12976225                   /var/cache/fontconfig/c05880de57d1f5e948fdfacc138775d9-le64.cache-3
7f6e700ad000-7f6e700b6000 r--s 00000000 08:01 12976217                   /var/cache/fontconfig/945677eb7aeaf62f1d50efc3fb3ec7d8-le64.cache-3
7f6e700b6000-7f6e700b8000 r--s 00000000 08:01 12976219                   /var/cache/fontconfig/99e8ed0e538f840c565b6ed5dad60d56-le64.cache-3
7f6e700b8000-7f6e700bd000 r--s 00000000 08:01 12976202                   /var/cache/fontconfig/2cd17615ca594fa2959ae173292e504c-le64.cache-3
7f6e700bd000-7f6e700be000 r--s 00000000 08:01 12976233                   /var/cache/fontconfig/e7071f4a29fa870f4323321c154eba04-le64.cache-3
7f6e700be000-7f6e700c3000 r--s 00000000 08:01 12986931                   /var/cache/fontconfig/6eb3985aa4124903f6ff08ba781cd364-le64.cache-3
7f6e700c3000-7f6e700c4000 r--s 00000000 08:01 12976199                   /var/cache/fontconfig/0d8c3b2ac0904cb8a57a757ad11a4a08-le64.cache-3
7f6e700c4000-7f6e700ca000 r--s 00000000 08:01 12976221                   /var/cache/fontconfig/a755afe4a08bf5b97852ceb7400b47bc-le64.cache-3
7f6e700ca000-7f6e700d3000 r--s 00000000 08:01 12985155                   /var/cache/fontconfig/6d41288fd70b0be22e8c3a91e032eec0-le64.cache-3
7f6e700d3000-7f6e700e3000 r--s 00000000 08:01 12976197                   /var/cache/fontconfig/04aabc0a78ac019cf9454389977116d2-le64.cache-3
7f6e700e3000-7f6e700e4000 r--s 00000000 08:01 12976201                   /var/cache/fontconfig/1ac9eb803944fde146138c791f5cc56a-le64.cache-3
7f6e700e4000-7f6e700e7000 r--s 00000000 08:01 12976206                   /var/cache/fontconfig/385c0604a188198f04d133e54aba7fe7-le64.cache-3
7f6e700e7000-7f6e700e9000 r--s 00000000 08:01 12976214                   /var/cache/fontconfig/767a8244fc0220cfb567a839d0392e0b-le64.cache-3
7f6e700e9000-7f6e700ec000 r--s 00000000 08:01 12976216                   /var/cache/fontconfig/8801497958630a81b71ace7c5f9b32a8-le64.cache-3
7f6e700ec000-7f6e700f1000 r--s 00000000 08:01 12976203                   /var/cache/fontconfig/3047814df9a2f067bd2d96a2b9c36e5a-le64.cache-3
7f6e700f1000-7f6e71000000 rw-p 00000000 00:00 0 
7f6e71000000-7f6e71270000 rwxp 00000000 00:00 0 
7f6e71270000-7f6e754d5000 rw-p 00000000 00:00 0 
7f6e754d5000-7f6e78000000 ---p 00000000 00:00 0 
7f6e78000000-7f6e78001000 r--s 00000000 08:01 12976231                   /var/cache/fontconfig/dc05db6664285cc2f12bf69c139ae4c3-le64.cache-3
7f6e78001000-7f6e78002000 r--s 00000000 08:01 12976207                   /var/cache/fontconfig/4794a0821666d79190d59a36cb4f44b5-le64.cache-3
7f6e78002000-7f6e78003000 r--s 00000000 08:01 12976209                   /var/cache/fontconfig/56cf4f4769d0f4abc89a4895d7bd3ae1-le64.cache-3
7f6e78003000-7f6e78004000 r--s 00000000 08:01 12976224                   /var/cache/fontconfig/b9d506c9ac06c20b433354fa67a72993-le64.cache-3
7f6e78004000-7f6e78009000 r--s 00000000 08:01 12976223                   /var/cache/fontconfig/b47c4e1ecd0709278f4910c18777a504-le64.cache-3
7f6e78009000-7f6e7800a000 r--s 00000000 08:01 12984718                   /var/cache/fontconfig/89034621ae2a8922916bb6bfa5799546-le64.cache-3
7f6e7800a000-7f6e7801b000 r--s 00000000 08:01 12976229                   /var/cache/fontconfig/d52a8644073d54c13679302ca1180695-le64.cache-3
7f6e7801b000-7f6e78027000 r--s 00000000 08:01 12985801                   /var/cache/fontconfig/53d14c92082a93e67d5078324eb314ca-le64.cache-3
7f6e78027000-7f6e78032000 r--s 00000000 08:01 12985296                   /var/cache/fontconfig/e13b20fdb08344e0e664864cc2ede53d-le64.cache-3
7f6e78032000-7f6e78036000 r--s 00000000 08:01 12986930                   /var/cache/fontconfig/7ef2298fde41cc6eeb7af42e48b7d293-le64.cache-3
7f6e78036000-7f6e7804e000 r--s 00000000 08:01 12976324                   /var/cache/fontconfig/467c019e582ee353435ea5c21d137ef6-le64.cache-3
7f6e7804e000-7f6e78089000 r--p 00000000 08:01 5505187                    /usr/share/glib-2.0/schemas/gschemas.compiled
7f6e78089000-7f6e7809c000 r--s 00211000 08:01 17695927                   /home/shiwali/soar/SoarSuite/out/java/swt.jar
7f6e7809c000-7f6e7840b000 rw-p 00000000 00:00 0 
7f6e7840b000-7f6e785b8000 r--s 01cec000 08:01 4466481                    /usr/lib/jvm/java-7-openjdk-amd64/jre/lib/rt.jar
7f6e785b8000-7f6e7967c000 rw-p 00000000 00:00 0 
7f6e7967c000-7f6e7967d000 ---p 00000000 00:00 0 
7f6e7967d000-7f6e7977d000 rw-p 00000000 00:00 0                          [stack:27488]
7f6e7977d000-7f6e7977e000 ---p 00000000 00:00 0 
7f6e7977e000-7f6e7987e000 rw-p 00000000 00:00 0                          [stack:27487]
7f6e7987e000-7f6e7987f000 ---p 00000000 00:00 0 
7f6e7987f000-7f6e7997f000 rw-p 00000000 00:00 0                          [stack:27486]
7f6e7997f000-7f6e79980000 ---p 00000000 00:00 0 
7f6e79980000-7f6e79a80000 rw-p 00000000 00:00 0                          [stack:27485]
7f6e79a80000-7f6e79a81000 ---p 00000000 00:00 0 
7f6e79a81000-7f6e79b81000 rw-p 00000000 00:00 0                          [stack:27484]
7f6e79b81000-7f6e79b82000 ---p 00000000 00:00 0 
7f6e79b82000-7f6e79c82000 rw-p 00000000 00:00 0                          [stack:27483]
7f6e79c82000-7f6e79c83000 ---p 00000000 00:00 0 
7f6e79c83000-7f6e79d83000 rw-p 00000000 00:00 0                          [stack:27482]
7f6e79d83000-7f6e79d84000 ---p 00000000 00:00 0 
7f6e79d84000-7f6e79e8f000 rw-p 00000000 00:00 0                          [stack:27481]
7f6e79e8f000-7f6e79ed7000 rw-p 00000000 00:00 0 
7f6e79ed7000-7f6e79f01000 rw-p 00000000 00:00 0 
7f6e79f01000-7f6e7a16b000 rw-p 00000000 00:00 0 
7f6e7a16b000-7f6e7a176000 rw-p 00000000 00:00 0 
7f6e7a176000-7f6e7a1be000 rw-p 00000000 00:00 0 
7f6e7a1be000-7f6e7a1e8000 rw-p 00000000 00:00 0 
7f6e7a1e8000-7f6e7a452000 rw-p 00000000 00:00 0 
7f6e7a452000-7f6e7a467000 rw-p 00000000 00:00 0 
7f6e7a467000-7f6e7a59c000 rw-p 00000000 00:00 0 
7f6e7a59c000-7f6e7a59d000 rw-p 00000000 00:00 0 
7f6e7a59d000-7f6e7a5a5000 r-xp 00000000 08:01 4466526                    /usr/lib/jvm/java-7-openjdk-amd64/jre/lib/amd64/libzip.so
7f6e7a5a5000-7f6e7a7a4000 ---p 00008000 08:01 4466526                    /usr/lib/jvm/java-7-openjdk-amd64/jre/lib/amd64/libzip.so
7f6e7a7a4000-7f6e7a7a5000 r--p 00007000 08:01 4466526                    /usr/lib/jvm/java-7-openjdk-amd64/jre/lib/amd64/libzip.so
7f6e7a7a5000-7f6e7a7a6000 rw-p 00008000 08:01 4466526                    /usr/lib/jvm/java-7-openjdk-amd64/jre/lib/amd64/libzip.so
7f6e7a7a6000-7f6e7a7b2000 r-xp 00000000 08:01 6033075                    /lib/x86_64-linux-gnu/libnss_files-2.17.so
7f6e7a7b2000-7f6e7a9b1000 ---p 0000c000 08:01 6033075                    /lib/x86_64-linux-gnu/libnss_files-2.17.so
7f6e7a9b1000-7f6e7a9b2000 r--p 0000b000 08:01 6033075                    /lib/x86_64-linux-gnu/libnss_files-2.17.so
7f6e7a9b2000-7f6e7a9b3000 rw-p 0000c000 08:01 6033075                    /lib/x86_64-linux-gnu/libnss_files-2.17.so
7f6e7a9b3000-7f6e7a9be000 r-xp 00000000 08:01 6033079                    /lib/x86_64-linux-gnu/libnss_nis-2.17.so
7f6e7a9be000-7f6e7abbd000 ---p 0000b000 08:01 6033079                    /lib/x86_64-linux-gnu/libnss_nis-2.17.so
7f6e7abbd000-7f6e7abbe000 r--p 0000a000 08:01 6033079                    /lib/x86_64-linux-gnu/libnss_nis-2.17.so
7f6e7abbe000-7f6e7abbf000 rw-p 0000b000 08:01 6033079                    /lib/x86_64-linux-gnu/libnss_nis-2.17.so
7f6e7abbf000-7f6e7abd6000 r-xp 00000000 08:01 6033069                    /lib/x86_64-linux-gnu/libnsl-2.17.so
7f6e7abd6000-7f6e7add5000 ---p 00017000 08:01 6033069                    /lib/x86_64-linux-gnu/libnsl-2.17.so
7f6e7add5000-7f6e7add6000 r--p 00016000 08:01 6033069                    /lib/x86_64-linux-gnu/libnsl-2.17.so
7f6e7add6000-7f6e7add7000 rw-p 00017000 08:01 6033069                    /lib/x86_64-linux-gnu/libnsl-2.17.so
7f6e7add7000-7f6e7add9000 rw-p 00000000 00:00 0 
7f6e7add9000-7f6e7ade1000 r-xp 00000000 08:01 6033071                    /lib/x86_64-linux-gnu/libnss_compat-2.17.so
7f6e7ade1000-7f6e7afe0000 ---p 00008000 08:01 6033071                    /lib/x86_64-linux-gnu/libnss_compat-2.17.so
7f6e7afe0000-7f6e7afe1000 r--p 00007000 08:01 6033071                    /lib/x86_64-linux-gnu/libnss_compat-2.17.so
7f6e7afe1000-7f6e7afe2000 rw-p 00008000 08:01 6033071                    /lib/x86_64-linux-gnu/libnss_compat-2.17.so
7f6e7afe2000-7f6e7b00d000 r-xp 00000000 08:01 4466510                    /usr/lib/jvm/java-7-openjdk-amd64/jre/lib/amd64/libjava.so
7f6e7b00d000-7f6e7b20c000 ---p 0002b000 08:01 4466510                    /usr/lib/jvm/java-7-openjdk-amd64/jre/lib/amd64/libjava.so
7f6e7b20c000-7f6e7b20d000 r--p 0002a000 08:01 4466510                    /usr/lib/jvm/java-7-openjdk-amd64/jre/lib/amd64/libjava.so
7f6e7b20d000-7f6e7b20f000 rw-p 0002b000 08:01 4466510                    /usr/lib/jvm/java-7-openjdk-amd64/jre/lib/amd64/libjava.so
7f6e7b20f000-7f6e7b21e000 r-xp 00000000 08:01 4466509                    /usr/lib/jvm/java-7-openjdk-amd64/jre/lib/amd64/libverify.so
7f6e7b21e000-7f6e7b41d000 ---p 0000f000 08:01 4466509                    /usr/lib/jvm/java-7-openjdk-amd64/jre/lib/amd64/libverify.so
7f6e7b41d000-7f6e7b41f000 r--p 0000e000 08:01 4466509                    /usr/lib/jvm/java-7-openjdk-amd64/jre/lib/amd64/libverify.so
7f6e7b41f000-7f6e7b420000 rw-p 00010000 08:01 4466509                    /usr/lib/jvm/java-7-openjdk-amd64/jre/lib/amd64/libverify.so
7f6e7b420000-7f6e7b427000 r-xp 00000000 08:01 6033122                    /lib/x86_64-linux-gnu/librt-2.17.so
7f6e7b427000-7f6e7b626000 ---p 00007000 08:01 6033122                    /lib/x86_64-linux-gnu/librt-2.17.so
7f6e7b626000-7f6e7b627000 r--p 00006000 08:01 6033122                    /lib/x86_64-linux-gnu/librt-2.17.so
7f6e7b627000-7f6e7b628000 rw-p 00007000 08:01 6033122                    /lib/x86_64-linux-gnu/librt-2.17.so
7f6e7b628000-7f6e7b63c000 r-xp 00000000 08:01 6033027                    /lib/x86_64-linux-gnu/libgcc_s.so.1
7f6e7b63c000-7f6e7b83c000 ---p 00014000 08:01 6033027                    /lib/x86_64-linux-gnu/libgcc_s.so.1
7f6e7b83c000-7f6e7b83d000 r--p 00014000 08:01 6033027                    /lib/x86_64-linux-gnu/libgcc_s.so.1
7f6e7b83d000-7f6e7b83e000 rw-p 00015000 08:01 6033027                    /lib/x86_64-linux-gnu/libgcc_s.so.1
7f6e7b83e000-7f6e7b941000 r-xp 00000000 08:01 6033050                    /lib/x86_64-linux-gnu/libm-2.17.so
7f6e7b941000-7f6e7bb41000 ---p 00103000 08:01 6033050                    /lib/x86_64-linux-gnu/libm-2.17.so
7f6e7bb41000-7f6e7bb42000 r--p 00103000 08:01 6033050                    /lib/x86_64-linux-gnu/libm-2.17.so
7f6e7bb42000-7f6e7bb43000 rw-p 00104000 08:01 6033050                    /lib/x86_64-linux-gnu/libm-2.17.so
7f6e7bb43000-7f6e7bc28000 r-xp 00000000 08:01 4464194                    /usr/lib/x86_64-linux-gnu/libstdc++.so.6.0.17
7f6e7bc28000-7f6e7be27000 ---p 000e5000 08:01 4464194                    /usr/lib/x86_64-linux-gnu/libstdc++.so.6.0.17
7f6e7be27000-7f6e7be2f000 r--p 000e4000 08:01 4464194                    /usr/lib/x86_64-linux-gnu/libstdc++.so.6.0.17
7f6e7be2f000-7f6e7be31000 rw-p 000ec000 08:01 4464194                    /usr/lib/x86_64-linux-gnu/libstdc++.so.6.0.17
7f6e7be31000-7f6e7be46000 rw-p 00000000 00:00 0 
7f6e7be46000-7f6e7c836000 r-xp 00000000 08:01 4466515                    /usr/lib/jvm/java-7-openjdk-amd64/jre/lib/amd64/server/libjvm.so
7f6e7c836000-7f6e7ca35000 ---p 009f0000 08:01 4466515                    /usr/lib/jvm/java-7-openjdk-amd64/jre/lib/amd64/server/libjvm.so
7f6e7ca35000-7f6e7cab4000 r--p 009ef000 08:01 4466515                    /usr/lib/jvm/java-7-openjdk-amd64/jre/lib/amd64/server/libjvm.so
7f6e7cab4000-7f6e7cad7000 rw-p 00a6e000 08:01 4466515                    /usr/lib/jvm/java-7-openjdk-amd64/jre/lib/amd64/server/libjvm.so
7f6e7cad7000-7f6e7cb02000 rw-p 00000000 00:00 0 
7f6e7cb02000-7f6e7cb18000 r-xp 00000000 08:01 6033155                    /lib/x86_64-linux-gnu/libz.so.1.2.7
7f6e7cb18000-7f6e7cd17000 ---p 00016000 08:01 6033155                    /lib/x86_64-linux-gnu/libz.so.1.2.7
7f6e7cd17000-7f6e7cd18000 r--p 00015000 08:01 6033155                    /lib/x86_64-linux-gnu/libz.so.1.2.7
7f6e7cd18000-7f6e7cd19000 rw-p 00016000 08:01 6033155                    /lib/x86_64-linux-gnu/libz.so.1.2.7
7f6e7cd19000-7f6e7cd31000 r-xp 00000000 08:01 6033114                    /lib/x86_64-linux-gnu/libpthread-2.17.so
7f6e7cd31000-7f6e7cf30000 ---p 00018000 08:01 6033114                    /lib/x86_64-linux-gnu/libpthread-2.17.so
7f6e7cf30000-7f6e7cf31000 r--p 00017000 08:01 6033114                    /lib/x86_64-linux-gnu/libpthread-2.17.so
7f6e7cf31000-7f6e7cf32000 rw-p 00018000 08:01 6033114                    /lib/x86_64-linux-gnu/libpthread-2.17.so
7f6e7cf32000-7f6e7cf36000 rw-p 00000000 00:00 0 
7f6e7cf36000-7f6e7cf39000 r-xp 00000000 08:01 6033017                    /lib/x86_64-linux-gnu/libdl-2.17.so
7f6e7cf39000-7f6e7d138000 ---p 00003000 08:01 6033017                    /lib/x86_64-linux-gnu/libdl-2.17.so
7f6e7d138000-7f6e7d139000 r--p 00002000 08:01 6033017                    /lib/x86_64-linux-gnu/libdl-2.17.so
7f6e7d139000-7f6e7d13a000 rw-p 00003000 08:01 6033017                    /lib/x86_64-linux-gnu/libdl-2.17.so
7f6e7d13a000-7f6e7d2f8000 r-xp 00000000 08:01 6033002                    /lib/x86_64-linux-gnu/libc-2.17.so
7f6e7d2f8000-7f6e7d4f7000 ---p 001be000 08:01 6033002                    /lib/x86_64-linux-gnu/libc-2.17.so
7f6e7d4f7000-7f6e7d4fb000 r--p 001bd000 08:01 6033002                    /lib/x86_64-linux-gnu/libc-2.17.so
7f6e7d4fb000-7f6e7d4fd000 rw-p 001c1000 08:01 6033002                    /lib/x86_64-linux-gnu/libc-2.17.so
7f6e7d4fd000-7f6e7d502000 rw-p 00000000 00:00 0 
7f6e7d502000-7f6e7d50f000 r-xp 00000000 08:01 4466492                    /usr/lib/jvm/java-7-openjdk-amd64/jre/lib/amd64/jli/libjli.so
7f6e7d50f000-7f6e7d70e000 ---p 0000d000 08:01 4466492                    /usr/lib/jvm/java-7-openjdk-amd64/jre/lib/amd64/jli/libjli.so
7f6e7d70e000-7f6e7d70f000 r--p 0000c000 08:01 4466492                    /usr/lib/jvm/java-7-openjdk-amd64/jre/lib/amd64/jli/libjli.so
7f6e7d70f000-7f6e7d710000 rw-p 0000d000 08:01 4466492                    /usr/lib/jvm/java-7-openjdk-amd64/jre/lib/amd64/jli/libjli.so
7f6e7d710000-7f6e7d733000 r-xp 00000000 08:01 6032978                    /lib/x86_64-linux-gnu/ld-2.17.so
7f6e7d733000-7f6e7d734000 r--s 00000000 08:01 12976198                   /var/cache/fontconfig/0c9eb80ebd1c36541ebe2852d3bb0c49-le64.cache-3
7f6e7d734000-7f6e7d735000 r--s 00000000 08:01 12976372                   /var/cache/fontconfig/e0aa53bcfa504e64f87823c16bc01eb6-le64.cache-3
7f6e7d735000-7f6e7d739000 r--p 00000000 08:01 16780843                   /home/shiwali/.config/dconf/user (deleted)
7f6e7d739000-7f6e7d73a000 r--s 00000000 00:14 21547643                   /run/user/shiwali/dconf/user (deleted)
7f6e7d73a000-7f6e7d73f000 r--s 0004c000 08:01 4465974                    /usr/lib/jvm/java-7-openjdk-common/jre/lib/jsse.jar
7f6e7d73f000-7f6e7d742000 r--s 00018000 08:01 17695577                   /home/shiwali/soar/SoarSuite/out/java/sml.jar
7f6e7d742000-7f6e7d744000 r--s 00005000 08:01 17695599                   /home/shiwali/soar/SoarSuite/out/java/soar-smljava.jar
7f6e7d744000-7f6e7d74d000 r--s 0005a000 08:01 17695921                   /home/shiwali/soar/SoarSuite/out/java/soar-debugger.jar
7f6e7d74d000-7f6e7d74e000 r--s 00000000 08:01 17695929                   /home/shiwali/soar/SoarSuite/out/SoarJavaDebugger.jar
7f6e7d74e000-7f6e7d752000 r--s 00085000 08:01 4465946                    /usr/lib/jvm/java-7-openjdk-common/jre/lib/ext/localedata.jar
7f6e7d752000-7f6e7d75c000 rw-p 00000000 00:00 0 
7f6e7d75c000-7f6e7d812000 rw-p 00000000 00:00 0 
7f6e7d812000-7f6e7d815000 ---p 00000000 00:00 0 
7f6e7d815000-7f6e7d918000 rw-p 00000000 00:00 0                          [stack:27480]
7f6e7d918000-7f6e7d91b000 r--s 00032000 08:01 4465947                    /usr/lib/jvm/java-7-openjdk-common/jre/lib/ext/sunjce_provider.jar
7f6e7d91b000-7f6e7d91e000 r--s 0003c000 08:01 4465945                    /usr/lib/jvm/java-7-openjdk-common/jre/lib/ext/sunpkcs11.jar
7f6e7d91e000-7f6e7d91f000 r--s 00002000 08:01 4465949                    /usr/lib/jvm/java-7-openjdk-common/jre/lib/ext/dnsns.jar
7f6e7d91f000-7f6e7d922000 r--s 0000f000 08:01 4465948                    /usr/lib/jvm/java-7-openjdk-common/jre/lib/ext/pulse-java.jar
7f6e7d922000-7f6e7d924000 r--s 00006000 08:01 4855577                    /usr/share/java/java-atk-wrapper.jar
7f6e7d924000-7f6e7d926000 r--s 00012000 08:01 4465950                    /usr/lib/jvm/java-7-openjdk-common/jre/lib/ext/zipfs.jar
7f6e7d926000-7f6e7d92e000 rw-s 00000000 08:01 6160800                    /tmp/hsperfdata_shiwali/27479
7f6e7d92e000-7f6e7d92f000 rw-p 00000000 00:00 0 
7f6e7d92f000-7f6e7d930000 r--p 00000000 00:00 0 
7f6e7d930000-7f6e7d932000 rw-p 00000000 00:00 0 
7f6e7d932000-7f6e7d933000 r--p 00022000 08:01 6032978                    /lib/x86_64-linux-gnu/ld-2.17.so
7f6e7d933000-7f6e7d935000 rw-p 00023000 08:01 6032978                    /lib/x86_64-linux-gnu/ld-2.17.so
7ffff3e01000-7ffff3e22000 rw-p 00000000 00:00 0                          [stack]
7ffff3eda000-7ffff3edc000 r-xp 00000000 00:00 0                          [vdso]
ffffffffff600000-ffffffffff601000 r-xp 00000000 00:00 0                  [vsyscall]

VM Arguments:
java_command: /home/shiwali/soar/SoarSuite/out/SoarJavaDebugger.jar -remote -port 12121 -agent insoar-agent
Launcher Type: SUN_STANDARD

Environment Variables:
PATH=/usr/lib/lightdm/lightdm:/usr/local/sbin:/usr/local/bin:/usr/sbin:/usr/bin:/sbin:/bin:/usr/games:/usr/local/games
LD_LIBRARY_PATH=/home/shiwali/soar/SoarSuite/out
SHELL=/bin/bash
DISPLAY=:0

Signal Handlers:
SIGSEGV: [libjvm.so+0x84f410], sa_mask[0]=0x7ffbfeff, sa_flags=0x10000004
SIGBUS: [libjvm.so+0x84f410], sa_mask[0]=0x7ffbfeff, sa_flags=0x10000004
SIGFPE: [libjvm.so+0x6f19a0], sa_mask[0]=0x7ffbfeff, sa_flags=0x10000004
SIGPIPE: SIG_IGN, sa_mask[0]=0x00000000, sa_flags=0x00000000
SIGXFSZ: [libjvm.so+0x6f19a0], sa_mask[0]=0x7ffbfeff, sa_flags=0x10000004
SIGILL: [libjvm.so+0x6f19a0], sa_mask[0]=0x7ffbfeff, sa_flags=0x10000004
SIGUSR1: SIG_DFL, sa_mask[0]=0x00000000, sa_flags=0x00000000
SIGUSR2: [libjvm.so+0x6f1d70], sa_mask[0]=0x00000004, sa_flags=0x10000004
SIGHUP: [libjvm.so+0x6f1eb0], sa_mask[0]=0x7ffbfeff, sa_flags=0x10000004
SIGINT: [libjvm.so+0x6f1eb0], sa_mask[0]=0x7ffbfeff, sa_flags=0x10000004
SIGTERM: [libjvm.so+0x6f1eb0], sa_mask[0]=0x7ffbfeff, sa_flags=0x10000004
SIGQUIT: [libjvm.so+0x6f1eb0], sa_mask[0]=0x7ffbfeff, sa_flags=0x10000004


---------------  S Y S T E M  ---------------

OS:Ubuntu 13.04 (raring)
uname:Linux 3.8.0-27-generic #40-Ubuntu SMP Tue Jul 9 00:17:05 UTC 2013 x86_64
libc:glibc 2.17 NPTL 2.17 
rlimit: STACK 8192k, CORE 0k, NPROC 63152, NOFILE 4096, AS infinity
load average:8.56 3.36 1.64

/proc/meminfo:
MemTotal:        8102568 kB
MemFree:          862272 kB
Buffers:          225064 kB
Cached:          2878192 kB
SwapCached:            0 kB
Active:          4089304 kB
Inactive:        2201648 kB
Active(anon):    2407872 kB
Inactive(anon):   840940 kB
Active(file):    1681432 kB
Inactive(file):  1360708 kB
Unevictable:         104 kB
Mlocked:             104 kB
SwapTotal:       8311804 kB
SwapFree:        8311708 kB
Dirty:               940 kB
Writeback:             0 kB
AnonPages:       3187940 kB
Mapped:           321992 kB
Shmem:             61116 kB
Slab:             259468 kB
SReclaimable:     205336 kB
SUnreclaim:        54132 kB
KernelStack:        6096 kB
PageTables:        56928 kB
NFS_Unstable:          0 kB
Bounce:                0 kB
WritebackTmp:          0 kB
CommitLimit:    12363088 kB
Committed_AS:    9907556 kB
VmallocTotal:   34359738367 kB
VmallocUsed:      101632 kB
VmallocChunk:   34359574928 kB
HardwareCorrupted:     0 kB
AnonHugePages:         0 kB
HugePages_Total:       0
HugePages_Free:        0
HugePages_Rsvd:        0
HugePages_Surp:        0
Hugepagesize:       2048 kB
DirectMap4k:       64316 kB
DirectMap2M:     8249344 kB


CPU:total 8 (4 cores per cpu, 2 threads per core) family 6 model 30 stepping 5, cmov, cx8, fxsr, mmx, sse, sse2, sse3, ssse3, sse4.1, sse4.2, popcnt, ht, tsc, tscinvbit

/proc/cpuinfo:
processor	: 0
vendor_id	: GenuineIntel
cpu family	: 6
model		: 30
model name	: Intel(R) Core(TM) i7 CPU         860  @ 2.80GHz
stepping	: 5
microcode	: 0x5
cpu MHz		: 2794.000
cache size	: 8192 KB
physical id	: 0
siblings	: 8
core id		: 0
cpu cores	: 4
apicid		: 0
initial apicid	: 0
fpu		: yes
fpu_exception	: yes
cpuid level	: 11
wp		: yes
flags		: fpu vme de pse tsc msr pae mce cx8 apic sep mtrr pge mca cmov pat pse36 clflush dts acpi mmx fxsr sse sse2 ss ht tm pbe syscall nx rdtscp lm constant_tsc arch_perfmon pebs bts rep_good nopl xtopology nonstop_tsc aperfmperf pni dtes64 monitor ds_cpl vmx smx est tm2 ssse3 cx16 xtpr pdcm sse4_1 sse4_2 popcnt lahf_lm ida dtherm tpr_shadow vnmi flexpriority ept vpid
bogomips	: 5585.70
clflush size	: 64
cache_alignment	: 64
address sizes	: 36 bits physical, 48 bits virtual
power management:

processor	: 1
vendor_id	: GenuineIntel
cpu family	: 6
model		: 30
model name	: Intel(R) Core(TM) i7 CPU         860  @ 2.80GHz
stepping	: 5
microcode	: 0x5
cpu MHz		: 1197.000
cache size	: 8192 KB
physical id	: 0
siblings	: 8
core id		: 1
cpu cores	: 4
apicid		: 2
initial apicid	: 2
fpu		: yes
fpu_exception	: yes
cpuid level	: 11
wp		: yes
flags		: fpu vme de pse tsc msr pae mce cx8 apic sep mtrr pge mca cmov pat pse36 clflush dts acpi mmx fxsr sse sse2 ss ht tm pbe syscall nx rdtscp lm constant_tsc arch_perfmon pebs bts rep_good nopl xtopology nonstop_tsc aperfmperf pni dtes64 monitor ds_cpl vmx smx est tm2 ssse3 cx16 xtpr pdcm sse4_1 sse4_2 popcnt lahf_lm ida dtherm tpr_shadow vnmi flexpriority ept vpid
bogomips	: 5585.70
clflush size	: 64
cache_alignment	: 64
address sizes	: 36 bits physical, 48 bits virtual
power management:

processor	: 2
vendor_id	: GenuineIntel
cpu family	: 6
model		: 30
model name	: Intel(R) Core(TM) i7 CPU         860  @ 2.80GHz
stepping	: 5
microcode	: 0x5
cpu MHz		: 2261.000
cache size	: 8192 KB
physical id	: 0
siblings	: 8
core id		: 2
cpu cores	: 4
apicid		: 4
initial apicid	: 4
fpu		: yes
fpu_exception	: yes
cpuid level	: 11
wp		: yes
flags		: fpu vme de pse tsc msr pae mce cx8 apic sep mtrr pge mca cmov pat pse36 clflush dts acpi mmx fxsr sse sse2 ss ht tm pbe syscall nx rdtscp lm constant_tsc arch_perfmon pebs bts rep_good nopl xtopology nonstop_tsc aperfmperf pni dtes64 monitor ds_cpl vmx smx est tm2 ssse3 cx16 xtpr pdcm sse4_1 sse4_2 popcnt lahf_lm ida dtherm tpr_shadow vnmi flexpriority ept vpid
bogomips	: 5585.70
clflush size	: 64
cache_alignment	: 64
address sizes	: 36 bits physical, 48 bits virtual
power management:

processor	: 3
vendor_id	: GenuineIntel
cpu family	: 6
model		: 30
model name	: Intel(R) Core(TM) i7 CPU         860  @ 2.80GHz
stepping	: 5
microcode	: 0x5
cpu MHz		: 1197.000
cache size	: 8192 KB
physical id	: 0
siblings	: 8
core id		: 3
cpu cores	: 4
apicid		: 6
initial apicid	: 6
fpu		: yes
fpu_exception	: yes
cpuid level	: 11
wp		: yes
flags		: fpu vme de pse tsc msr pae mce cx8 apic sep mtrr pge mca cmov pat pse36 clflush dts acpi mmx fxsr sse sse2 ss ht tm pbe syscall nx rdtscp lm constant_tsc arch_perfmon pebs bts rep_good nopl xtopology nonstop_tsc aperfmperf pni dtes64 monitor ds_cpl vmx smx est tm2 ssse3 cx16 xtpr pdcm sse4_1 sse4_2 popcnt lahf_lm ida dtherm tpr_shadow vnmi flexpriority ept vpid
bogomips	: 5585.70
clflush size	: 64
cache_alignment	: 64
address sizes	: 36 bits physical, 48 bits virtual
power management:

processor	: 4
vendor_id	: GenuineIntel
cpu family	: 6
model		: 30
model name	: Intel(R) Core(TM) i7 CPU         860  @ 2.80GHz
stepping	: 5
microcode	: 0x5
cpu MHz		: 1197.000
cache size	: 8192 KB
physical id	: 0
siblings	: 8
core id		: 0
cpu cores	: 4
apicid		: 1
initial apicid	: 1
fpu		: yes
fpu_exception	: yes
cpuid level	: 11
wp		: yes
flags		: fpu vme de pse tsc msr pae mce cx8 apic sep mtrr pge mca cmov pat pse36 clflush dts acpi mmx fxsr sse sse2 ss ht tm pbe syscall nx rdtscp lm constant_tsc arch_perfmon pebs bts rep_good nopl xtopology nonstop_tsc aperfmperf pni dtes64 monitor ds_cpl vmx smx est tm2 ssse3 cx16 xtpr pdcm sse4_1 sse4_2 popcnt lahf_lm ida dtherm tpr_shadow vnmi flexpriority ept vpid
bogomips	: 5585.70
clflush size	: 64
cache_alignment	: 64
address sizes	: 36 bits physical, 48 bits virtual
power management:

processor	: 5
vendor_id	: GenuineIntel
cpu family	: 6
model		: 30
model name	: Intel(R) Core(TM) i7 CPU         860  @ 2.80GHz
stepping	: 5
microcode	: 0x5
cpu MHz		: 1197.000
cache size	: 8192 KB
physical id	: 0
siblings	: 8
core id		: 1
cpu cores	: 4
apicid		: 3
initial apicid	: 3
fpu		: yes
fpu_exception	: yes
cpuid level	: 11
wp		: yes
flags		: fpu vme de pse tsc msr pae mce cx8 apic sep mtrr pge mca cmov pat pse36 clflush dts acpi mmx fxsr sse sse2 ss ht tm pbe syscall nx rdtscp lm constant_tsc arch_perfmon pebs bts rep_good nopl xtopology nonstop_tsc aperfmperf pni dtes64 monitor ds_cpl vmx smx est tm2 ssse3 cx16 xtpr pdcm sse4_1 sse4_2 popcnt lahf_lm ida dtherm tpr_shadow vnmi flexpriority ept vpid
bogomips	: 5585.70
clflush size	: 64
cache_alignment	: 64
address sizes	: 36 bits physical, 48 bits virtual
power management:

processor	: 6
vendor_id	: GenuineIntel
cpu family	: 6
model		: 30
model name	: Intel(R) Core(TM) i7 CPU         860  @ 2.80GHz
stepping	: 5
microcode	: 0x5
cpu MHz		: 1197.000
cache size	: 8192 KB
physical id	: 0
siblings	: 8
core id		: 2
cpu cores	: 4
apicid		: 5
initial apicid	: 5
fpu		: yes
fpu_exception	: yes
cpuid level	: 11
wp		: yes
flags		: fpu vme de pse tsc msr pae mce cx8 apic sep mtrr pge mca cmov pat pse36 clflush dts acpi mmx fxsr sse sse2 ss ht tm pbe syscall nx rdtscp lm constant_tsc arch_perfmon pebs bts rep_good nopl xtopology nonstop_tsc aperfmperf pni dtes64 monitor ds_cpl vmx smx est tm2 ssse3 cx16 xtpr pdcm sse4_1 sse4_2 popcnt lahf_lm ida dtherm tpr_shadow vnmi flexpriority ept vpid
bogomips	: 5585.70
clflush size	: 64
cache_alignment	: 64
address sizes	: 36 bits physical, 48 bits virtual
power management:

processor	: 7
vendor_id	: GenuineIntel
cpu family	: 6
model		: 30
model name	: Intel(R) Core(TM) i7 CPU         860  @ 2.80GHz
stepping	: 5
microcode	: 0x5
cpu MHz		: 1197.000
cache size	: 8192 KB
physical id	: 0
siblings	: 8
core id		: 3
cpu cores	: 4
apicid		: 7
initial apicid	: 7
fpu		: yes
fpu_exception	: yes
cpuid level	: 11
wp		: yes
flags		: fpu vme de pse tsc msr pae mce cx8 apic sep mtrr pge mca cmov pat pse36 clflush dts acpi mmx fxsr sse sse2 ss ht tm pbe syscall nx rdtscp lm constant_tsc arch_perfmon pebs bts rep_good nopl xtopology nonstop_tsc aperfmperf pni dtes64 monitor ds_cpl vmx smx est tm2 ssse3 cx16 xtpr pdcm sse4_1 sse4_2 popcnt lahf_lm ida dtherm tpr_shadow vnmi flexpriority ept vpid
bogomips	: 5585.70
clflush size	: 64
cache_alignment	: 64
address sizes	: 36 bits physical, 48 bits virtual
power management:



Memory: 4k page, physical 8102568k(862272k free), swap 8311804k(8311708k free)

vm_info: OpenJDK 64-Bit Server VM (23.7-b01) for linux-amd64 JRE (1.7.0_25-b30), built on Jul  3 2013 13:50:39 by "buildd" with gcc 4.7.3

time: Wed Aug  7 14:02:36 2013
elapsed time: 12323 seconds

