#
# A fatal error has been detected by the Java Runtime Environment:
#
#  SIGSEGV (0xb) at pc=0x00007f0fc8fbf5cd, pid=11423, tid=139705689569024
#
# JRE version: 7.0_25-b30
# Java VM: OpenJDK 64-Bit Server VM (23.7-b01 mixed mode linux-amd64 compressed oops)
# Problematic frame:
# C  [libSoar.so+0x2665cd]  std::_List_base<preference_struct*, soar_module::soar_memory_pool_allocator<preference_struct*> >::_M_clear()+0x11
#
# Failed to write core dump. Core dumps have been disabled. To enable core dumping, try "ulimit -c unlimited" before starting Java again
#
# If you would like to submit a bug report, please include
# instructions on how to reproduce the bug and visit:
#   https://bugs.launchpad.net/ubuntu/+source/openjdk-7/
#

---------------  T H R E A D  ---------------

Current thread is native thread

siginfo:si_signo=SIGSEGV: si_errno=0, si_code=1 (SEGV_MAPERR), si_addr=0x0000000000000018

Registers:
RAX=0x0000000000000000, RBX=0x0000000000000000, RCX=0x00007f0f6062c1c0, RDX=0x00007f0f6062c1c0
RSP=0x00007f0fc3ffdc70, RBP=0x00007f0fc3ffdcc0, RSI=0x00007f0f6062c1c0, RDI=0x0000000000000000
R8 =0x0000000000000000, R9 =0x0000000000000001, R10=0x0000000000000021, R11=0x00007f0f60000078
R12=0x0000000000000000, R13=0x00007f0fdcba9060, R14=0x00007f0fdcb874f0, R15=0x0000000000001000
RIP=0x00007f0fc8fbf5cd, EFLAGS=0x0000000000010202, CSGSFS=0x0000000000000033, ERR=0x0000000000000004
  TRAPNO=0x000000000000000e

Top of Stack: (sp=0x00007f0fc3ffdc70)
0x00007f0fc3ffdc70:   00007f0fc3ffdcb0 0000000000000000
0x00007f0fc3ffdc80:   00007f0f6130f5f0 00007f0f60007310
0x00007f0fc3ffdc90:   00007f0f6062c2a0 00007f0f60000dd0
0x00007f0fc3ffdca0:   00007f0f6062c340 00007f0f600029a0
0x00007f0fc3ffdcb0:   00007f0fc3ffdce0 0000000000000000
0x00007f0fc3ffdcc0:   00007f0fc3ffdce0 00007f0fc8fae3a4
0x00007f0fc3ffdcd0:   0000000200000000 0000000000000000
0x00007f0fc3ffdce0:   00007f0fc3ffdd10 00007f0fc8f36c4a
0x00007f0fc3ffdcf0:   00007f0f6062c1c0 00007f0f60000dd0
0x00007f0fc3ffdd00:   0000000000000000 00007f0f6062c2b0
0x00007f0fc3ffdd10:   00007f0fc3ffdd50 00007f0fc8f2e61f
0x00007f0fc3ffdd20:   00007f0f6062c1c0 00007f0f60000dd0
0x00007f0fc3ffdd30:   0000000000000000 00007f0f60000dd0
0x00007f0fc3ffdd40:   0000000000000000 0000000000000000
0x00007f0fc3ffdd50:   00007f0fc3ffde90 00007f0fc8f30f04
0x00007f0fc3ffdd60:   00007f0f615bfec0 00007f0f60000dd0
0x00007f0fc3ffdd70:   00007f0fc3ffdd90 00007f0fc8fb4c77
0x00007f0fc3ffdd80:   00007f0fc3ffddc8 00007f0f60000dd0
0x00007f0fc3ffdd90:   00007f0fc3ffddd0 00007f0fc8fbb6e4
0x00007f0fc3ffdda0:   0000000000000008 00007f0f60007390
0x00007f0fc3ffddb0:   00007f0f615c6a08 00007f0f60000dd0
0x00007f0fc3ffddc0:   00007f0f600070b0 00007f0f608c9fb0
0x00007f0fc3ffddd0:   00007f0fc3ffddf0 00007f0fc8f8ff89
0x00007f0fc3ffdde0:   00007f0f615c6a08 00007f0fc3ffde58
0x00007f0fc3ffddf0:   00007f0f60007068 00007f0f60000dd0
0x00007f0fc3ffde00:   00007f0fc3ffde20 00007f0fc8fb4c77
0x00007f0fc3ffde10:   00007f0fc3ffde58 00007f0f60000dd0
0x00007f0fc3ffde20:   00007f0fc3ffde60 00007f0fc8fbc5ce
0x00007f0fc3ffde30:   00007f0f6114a920 00007f0f60007310
0x00007f0fc3ffde40:   00007f0f61664428 00007f0f60000dd0
0x00007f0fc3ffde50:   00007f0f6114a920 00007f0f608c5910
0x00007f0fc3ffde60:   00007f0fc3ffde90 00007f0fc8f9747d 

Instructions: (pc=0x00007f0fc8fbf5cd)
0x00007f0fc8fbf5ad:   c0 0f 95 c0 84 c0 75 92 48 83 c4 48 5b 5d c3 55
0x00007f0fc8fbf5bd:   48 89 e5 53 48 83 ec 48 48 89 7d b8 48 8b 45 b8
0x00007f0fc8fbf5cd:   48 8b 40 18 48 89 45 c0 eb 5b 48 8b 45 c0 48 89
0x00007f0fc8fbf5dd:   45 c8 48 8b 45 c0 48 8b 00 48 89 45 c0 48 8b 45 

Register to memory mapping:

RAX=0x0000000000000000 is an unknown value
RBX=0x0000000000000000 is an unknown value
RCX=0x00007f0f6062c1c0 is an unknown value
RDX=0x00007f0f6062c1c0 is an unknown value
RSP=0x00007f0fc3ffdc70 is an unknown value
RBP=0x00007f0fc3ffdcc0 is an unknown value
RSI=0x00007f0f6062c1c0 is an unknown value
RDI=0x0000000000000000 is an unknown value
R8 =0x0000000000000000 is an unknown value
R9 =0x0000000000000001 is an unknown value
R10=0x0000000000000021 is an unknown value
R11=0x00007f0f60000078 is an unknown value
R12=0x0000000000000000 is an unknown value
R13=0x00007f0fdcba9060: _rtld_global+0 in /lib64/ld-linux-x86-64.so.2 at 0x00007f0fdc986000
R14=0x00007f0fdcb874f0 is pointing into the stack for thread: 0x00007f0fd4009800
R15=0x0000000000001000 is an unknown value


Stack: [0x00007f0fc37ff000,0x00007f0fc4000000],  sp=0x00007f0fc3ffdc70,  free space=8187k
Native frames: (J=compiled Java code, j=interpreted, Vv=VM code, C=native code)
C  [libSoar.so+0x2665cd]  std::_List_base<preference_struct*, soar_module::soar_memory_pool_allocator<preference_struct*> >::_M_clear()+0x11
C  [libSoar.so+0x2553a4]  std::list<preference_struct*, soar_module::soar_memory_pool_allocator<preference_struct*> >::clear()+0x18
C  [libSoar.so+0x1ddc4a]  epmem_reset(agent_struct*, symbol_union*)+0x76
C  [libSoar.so+0x1d561f]  remove_existing_context_and_descendents(agent_struct*, symbol_union*)+0x265
C  [libSoar.so+0x1d7f04]  gds_invalid_so_remove_goal(agent_struct*, wme_struct*)+0x2a1
C  [libSoar.so+0x1d4e0d]  decide_non_context_slot(agent_struct*, slot_struct*)+0x199
C  [libSoar.so+0x1d52e3]  decide_non_context_slots(agent_struct*)+0x55
C  [libSoar.so+0x1d6f18]  do_working_memory_phase(agent_struct*)+0x105
C  [libSoar.so+0x1eff55]  do_one_top_level_phase(agent_struct*)+0x7f9
C  [libSoar.so+0x1f1318]  run_for_n_decision_cycles(agent_struct*, long)+0xb8
C  [libSoar.so+0x380f5d]  sml::AgentSML::Step(sml::smlRunStepSize)+0x109
C  [libSoar.so+0x380d95]  sml::AgentSML::StepInClientThread(sml::smlRunStepSize)+0x43
C  [libSoar.so+0x391d66]  sml::RunScheduler::RunScheduledAgents(bool, sml::smlRunStepSize, unsigned long, sml::smlRunFlags, sml::smlRunStepSize, bool)+0x348
C  [libSoar.so+0x41d2d0]  cli::CommandLineInterface::DoRun(std::bitset<10ul> const&, int, cli::Cli::eRunInterleaveMode)+0x332
C  [libSoar.so+0x43e338]  cli::RunCommand::Parse(std::vector<std::string, std::allocator<std::string> >&)+0x67a
C  [libSoar.so+0x42e86f]  cli::Parser::handle_command(std::vector<std::string, std::allocator<std::string> >&)+0x91
C  [libSoar.so+0x42d596]  soar::tokenizer::parse_command()+0x1d0
C  [libSoar.so+0x42d33c]  soar::tokenizer::evaluate(char const*)+0x60
C  [libSoar.so+0x42080b]  cli::CommandLineInterface::Source(char const*, bool)+0x61
C  [libSoar.so+0x42ab13]  cli::CommandLineInterface::DoCommand(sml::Connection*, sml::AgentSML*, char const*, bool, bool, soarxml::ElementXML*)+0x11d
C  [libSoar.so+0x38c0e9]  sml::KernelSML::HandleCommandLine(sml::AgentSML*, char const*, sml::Connection*, sml::AnalyzeXML*, soarxml::ElementXML*)+0x481
C  [libSoar.so+0x3883c3]  sml::KernelSML::ProcessCommand(char const*, sml::Connection*, sml::AnalyzeXML*, soarxml::ElementXML*)+0x325
C  [libSoar.so+0x38868f]  sml::KernelSML::ProcessIncomingSML(sml::Connection*, soarxml::ElementXML*)+0x119
C  [libSoar.so+0x37f1c0]  ReceivedCall(sml::Connection*, soarxml::ElementXML*, void*)+0x3b
C  [libSoar.so+0x3f70d8]  sml::Callback::Invoke(soarxml::ElementXML*)+0x30
C  [libSoar.so+0x3f0dcb]  sml::Connection::InvokeCallbacks(soarxml::ElementXML*)+0x105
C  [libSoar.so+0x3f446d]  sml::RemoteConnection::ReceiveMessages(bool, int, int)+0x229
C  [libSoar.so+0x3f4241]  sml::RemoteConnection::ReceiveMessages(bool)+0x2b
C  [libSoar.so+0x385655]  sml::ConnectionManager::ReceiveAllMessages()+0x6f
C  [libSoar.so+0x38e062]  sml::ReceiverThread::Run()+0x2e
C  [libSoar.so+0x3f6d7d]  ThreadStartFunction(void*)+0x2b
C  [libSoar.so+0x3f6c35]  LinuxThreadFunc(void*)+0x28


---------------  P R O C E S S  ---------------

VM state:not at safepoint (normal execution)

VM Mutex/Monitor currently owned by a thread: None

Heap
 PSYoungGen      total 261760K, used 79664K [0x00000007d6c00000, 0x00000007f6b40000, 0x0000000800000000)
  eden space 253440K, 29% used [0x00000007d6c00000,0x00000007db4ab938,0x00000007e6380000)
  from space 8320K, 63% used [0x00000007e6380000,0x00000007e68a09b8,0x00000007e6ba0000)
  to   space 8320K, 0% used [0x00000007f6320000,0x00000007f6320000,0x00000007f6b40000)
 ParOldGen       total 84480K, used 11139K [0x0000000784400000, 0x0000000789680000, 0x00000007d6c00000)
  object space 84480K, 13% used [0x0000000784400000,0x0000000784ee0e70,0x0000000789680000)
 PSPermGen       total 21248K, used 19185K [0x0000000779e00000, 0x000000077b2c0000, 0x0000000784400000)
  object space 21248K, 90% used [0x0000000779e00000,0x000000077b0bc670,0x000000077b2c0000)

Card table byte_map: [0x00007f0fd93e1000,0x00007f0fd9813000] byte_map_base: 0x00007f0fd5812000

Polling page: 0x00007f0fdcba5000

Code Cache  [0x00007f0fd1000000, 0x00007f0fd1270000, 0x00007f0fd4000000)
 total_blobs=1012 nmethods=461 adapters=503 free_code_cache=47389Kb largest_free_block=48477632

Compilation events (10 events):
Event: 107.950 Thread 0x00007f0fd4119800  475             java.util.ArrayList$Itr::<init> (6 bytes)
Event: 107.950 Thread 0x00007f0fd4116800  476             java.util.ArrayList$Itr::<init> (26 bytes)
Event: 107.950 Thread 0x00007f0fd4119800 nmethod 475 0x00007f0fd11be890 code [0x00007f0fd11be9c0, 0x00007f0fd11bea58]
Event: 107.950 Thread 0x00007f0fd4116800 nmethod 476 0x00007f0fd11be590 code [0x00007f0fd11be6c0, 0x00007f0fd11be758]
Event: 108.305 Thread 0x00007f0fd4116800  477             java.net.DatagramSocket::getImpl (16 bytes)
Event: 108.306 Thread 0x00007f0fd4116800 nmethod 477 0x00007f0fd11c06d0 code [0x00007f0fd11c0820, 0x00007f0fd11c08c8]
Event: 108.371 Thread 0x00007f0fd4119800  478             java.net.DatagramSocket::isBound (5 bytes)
Event: 108.371 Thread 0x00007f0fd4119800 nmethod 478 0x00007f0fd11c0410 code [0x00007f0fd11c0540, 0x00007f0fd11c0598]
Event: 109.984 Thread 0x00007f0fd4116800  479             java.util.HashMap$KeySet::size (8 bytes)
Event: 109.985 Thread 0x00007f0fd4116800 nmethod 479 0x00007f0fd112d2d0 code [0x00007f0fd112d400, 0x00007f0fd112d478]

GC Heap History (10 events):
Event: 1.308 GC heap before
{Heap before GC invocations=3 (full 0):
 PSYoungGen      total 68608K, used 68592K [0x00000007d6c00000, 0x00000007db420000, 0x0000000800000000)
  eden space 63360K, 100% used [0x00000007d6c00000,0x00000007da9e0000,0x00000007da9e0000)
  from space 5248K, 99% used [0x00000007daf00000,0x00000007db41c010,0x00000007db420000)
  to   space 5248K, 0% used [0x00000007da9e0000,0x00000007da9e0000,0x00000007daf00000)
 ParOldGen       total 84480K, used 3723K [0x0000000784400000, 0x0000000789680000, 0x00000007d6c00000)
  object space 84480K, 4% used [0x0000000784400000,0x00000007847a2e10,0x0000000789680000)
 PSPermGen       total 21248K, used 3568K [0x0000000779e00000, 0x000000077b2c0000, 0x0000000784400000)
  object space 21248K, 16% used [0x0000000779e00000,0x000000077a17c2f8,0x000000077b2c0000)
Event: 1.327 GC heap after
Heap after GC invocations=3 (full 0):
 PSYoungGen      total 68608K, used 5184K [0x00000007d6c00000, 0x00000007df200000, 0x0000000800000000)
  eden space 63360K, 0% used [0x00000007d6c00000,0x00000007d6c00000,0x00000007da9e0000)
  from space 5248K, 98% used [0x00000007da9e0000,0x00000007daef0000,0x00000007daf00000)
  to   space 5248K, 0% used [0x00000007dece0000,0x00000007dece0000,0x00000007df200000)
 ParOldGen       total 84480K, used 3731K [0x0000000784400000, 0x0000000789680000, 0x00000007d6c00000)
  object space 84480K, 4% used [0x0000000784400000,0x00000007847a4e10,0x0000000789680000)
 PSPermGen       total 21248K, used 3568K [0x0000000779e00000, 0x000000077b2c0000, 0x0000000784400000)
  object space 21248K, 16% used [0x0000000779e00000,0x000000077a17c2f8,0x000000077b2c0000)
}
Event: 1.577 GC heap before
{Heap before GC invocations=4 (full 0):
 PSYoungGen      total 68608K, used 68544K [0x00000007d6c00000, 0x00000007df200000, 0x0000000800000000)
  eden space 63360K, 100% used [0x00000007d6c00000,0x00000007da9e0000,0x00000007da9e0000)
  from space 5248K, 98% used [0x00000007da9e0000,0x00000007daef0000,0x00000007daf00000)
  to   space 5248K, 0% used [0x00000007dece0000,0x00000007dece0000,0x00000007df200000)
 ParOldGen       total 84480K, used 3731K [0x0000000784400000, 0x0000000789680000, 0x00000007d6c00000)
  object space 84480K, 4% used [0x0000000784400000,0x00000007847a4e10,0x0000000789680000)
 PSPermGen       total 21248K, used 3568K [0x0000000779e00000, 0x000000077b2c0000, 0x0000000784400000)
  object space 21248K, 16% used [0x0000000779e00000,0x000000077a17c2f8,0x000000077b2c0000)
Event: 1.590 GC heap after
Heap after GC invocations=4 (full 0):
 PSYoungGen      total 131968K, used 5248K [0x00000007d6c00000, 0x00000007df200000, 0x0000000800000000)
  eden space 126720K, 0% used [0x00000007d6c00000,0x00000007d6c00000,0x00000007de7c0000)
  from space 5248K, 100% used [0x00000007dece0000,0x00000007df200000,0x00000007df200000)
  to   space 5248K, 0% used [0x00000007de7c0000,0x00000007de7c0000,0x00000007dece0000)
 ParOldGen       total 84480K, used 4763K [0x0000000784400000, 0x0000000789680000, 0x00000007d6c00000)
  object space 84480K, 5% used [0x0000000784400000,0x00000007848a6e10,0x0000000789680000)
 PSPermGen       total 21248K, used 3568K [0x0000000779e00000, 0x000000077b2c0000, 0x0000000784400000)
  object space 21248K, 16% used [0x0000000779e00000,0x000000077a17c2f8,0x000000077b2c0000)
}
Event: 2.093 GC heap before
{Heap before GC invocations=5 (full 0):
 PSYoungGen      total 131968K, used 131968K [0x00000007d6c00000, 0x00000007df200000, 0x0000000800000000)
  eden space 126720K, 100% used [0x00000007d6c00000,0x00000007de7c0000,0x00000007de7c0000)
  from space 5248K, 100% used [0x00000007dece0000,0x00000007df200000,0x00000007df200000)
  to   space 5248K, 0% used [0x00000007de7c0000,0x00000007de7c0000,0x00000007dece0000)
 ParOldGen       total 84480K, used 4763K [0x0000000784400000, 0x0000000789680000, 0x00000007d6c00000)
  object space 84480K, 5% used [0x0000000784400000,0x00000007848a6e10,0x0000000789680000)
 PSPermGen       total 21248K, used 3568K [0x0000000779e00000, 0x000000077b2c0000, 0x0000000784400000)
  object space 21248K, 16% used [0x0000000779e00000,0x000000077a17c2f8,0x000000077b2c0000)
Event: 2.130 GC heap after
Heap after GC invocations=5 (full 0):
 PSYoungGen      total 131968K, used 5232K [0x00000007d6c00000, 0x00000007e73e0000, 0x0000000800000000)
  eden space 126720K, 0% used [0x00000007d6c00000,0x00000007d6c00000,0x00000007de7c0000)
  from space 5248K, 99% used [0x00000007de7c0000,0x00000007decdc010,0x00000007dece0000)
  to   space 8384K, 0% used [0x00000007e6bb0000,0x00000007e6bb0000,0x00000007e73e0000)
 ParOldGen       total 84480K, used 6235K [0x0000000784400000, 0x0000000789680000, 0x00000007d6c00000)
  object space 84480K, 7% used [0x0000000784400000,0x0000000784a16e10,0x0000000789680000)
 PSPermGen       total 21248K, used 3568K [0x0000000779e00000, 0x000000077b2c0000, 0x0000000784400000)
  object space 21248K, 16% used [0x0000000779e00000,0x000000077a17c2f8,0x000000077b2c0000)
}
Event: 2.567 GC heap before
{Heap before GC invocations=6 (full 0):
 PSYoungGen      total 131968K, used 131952K [0x00000007d6c00000, 0x00000007e73e0000, 0x0000000800000000)
  eden space 126720K, 100% used [0x00000007d6c00000,0x00000007de7c0000,0x00000007de7c0000)
  from space 5248K, 99% used [0x00000007de7c0000,0x00000007decdc010,0x00000007dece0000)
  to   space 8384K, 0% used [0x00000007e6bb0000,0x00000007e6bb0000,0x00000007e73e0000)
 ParOldGen       total 84480K, used 6235K [0x0000000784400000, 0x0000000789680000, 0x00000007d6c00000)
  object space 84480K, 7% used [0x0000000784400000,0x0000000784a16e10,0x0000000789680000)
 PSPermGen       total 21248K, used 3568K [0x0000000779e00000, 0x000000077b2c0000, 0x0000000784400000)
  object space 21248K, 16% used [0x0000000779e00000,0x000000077a17c2f8,0x000000077b2c0000)
Event: 2.576 GC heap after
Heap after GC invocations=6 (full 0):
 PSYoungGen      total 261696K, used 5440K [0x00000007d6c00000, 0x00000007e73c0000, 0x0000000800000000)
  eden space 253440K, 0% used [0x00000007d6c00000,0x00000007d6c00000,0x00000007e6380000)
  from space 8256K, 65% used [0x00000007e6bb0000,0x00000007e7100000,0x00000007e73c0000)
  to   space 8320K, 0% used [0x00000007e6380000,0x00000007e6380000,0x00000007e6ba0000)
 ParOldGen       total 84480K, used 6235K [0x0000000784400000, 0x0000000789680000, 0x00000007d6c00000)
  object space 84480K, 7% used [0x0000000784400000,0x0000000784a16e10,0x0000000789680000)
 PSPermGen       total 21248K, used 3568K [0x0000000779e00000, 0x000000077b2c0000, 0x0000000784400000)
  object space 21248K, 16% used [0x0000000779e00000,0x000000077a17c2f8,0x000000077b2c0000)
}
Event: 53.754 GC heap before
{Heap before GC invocations=7 (full 0):
 PSYoungGen      total 261696K, used 258880K [0x00000007d6c00000, 0x00000007e73c0000, 0x0000000800000000)
  eden space 253440K, 100% used [0x00000007d6c00000,0x00000007e6380000,0x00000007e6380000)
  from space 8256K, 65% used [0x00000007e6bb0000,0x00000007e7100000,0x00000007e73c0000)
  to   space 8320K, 0% used [0x00000007e6380000,0x00000007e6380000,0x00000007e6ba0000)
 ParOldGen       total 84480K, used 6235K [0x0000000784400000, 0x0000000789680000, 0x00000007d6c00000)
  object space 84480K, 7% used [0x0000000784400000,0x0000000784a16e10,0x0000000789680000)
 PSPermGen       total 21248K, used 19122K [0x0000000779e00000, 0x000000077b2c0000, 0x0000000784400000)
  object space 21248K, 89% used [0x0000000779e00000,0x000000077b0aca40,0x000000077b2c0000)
Event: 53.768 GC heap after
Heap after GC invocations=7 (full 0):
 PSYoungGen      total 261760K, used 5250K [0x00000007d6c00000, 0x00000007f6b40000, 0x0000000800000000)
  eden space 253440K, 0% used [0x00000007d6c00000,0x00000007d6c00000,0x00000007e6380000)
  from space 8320K, 63% used [0x00000007e6380000,0x00000007e68a09b8,0x00000007e6ba0000)
  to   space 8320K, 0% used [0x00000007f6320000,0x00000007f6320000,0x00000007f6b40000)
 ParOldGen       total 84480K, used 11139K [0x0000000784400000, 0x0000000789680000, 0x00000007d6c00000)
  object space 84480K, 13% used [0x0000000784400000,0x0000000784ee0e70,0x0000000789680000)
 PSPermGen       total 21248K, used 19122K [0x0000000779e00000, 0x000000077b2c0000, 0x0000000784400000)
  object space 21248K, 89% used [0x0000000779e00000,0x000000077b0aca40,0x000000077b2c0000)
}

Deoptimization events (10 events):
Event: 53.464 Thread 0x00007f0f540dc800 Uncommon trap -58 fr.pc 0x00007f0fd112c508
Event: 53.464 Thread 0x00007f0f540dc800 Uncommon trap -58 fr.pc 0x00007f0fd112d13c
Event: 53.469 Thread 0x00007f0f540dc800 Uncommon trap -58 fr.pc 0x00007f0fd112d13c
Event: 53.469 Thread 0x00007f0f540dc800 Uncommon trap -58 fr.pc 0x00007f0fd112c508
Event: 53.469 Thread 0x00007f0f540dc800 Uncommon trap -58 fr.pc 0x00007f0fd112d13c
Event: 53.469 Thread 0x00007f0f540dc800 Uncommon trap -58 fr.pc 0x00007f0fd112c508
Event: 53.470 Thread 0x00007f0f540dc800 Uncommon trap -58 fr.pc 0x00007f0fd112c508
Event: 80.280 Thread 0x00007f0f4813c000 Uncommon trap -83 fr.pc 0x00007f0fd11b0870
Event: 80.292 Thread 0x00007f0f4813c000 Uncommon trap -83 fr.pc 0x00007f0fd1154c14
Event: 80.292 Thread 0x00007f0f4813c000 Uncommon trap -83 fr.pc 0x00007f0fd11647a4

Internal exceptions (10 events):
Event: 53.467 Thread 0x00007f0f540dc800 Threw 0x00000007e62e16b0 at /build/buildd/openjdk-7-7u25-2.3.10/build/openjdk/hotspot/src/share/vm/prims/jvm.cpp:1235
Event: 53.467 Thread 0x00007f0f540dc800 Threw 0x00000007e62e4d08 at /build/buildd/openjdk-7-7u25-2.3.10/build/openjdk/hotspot/src/share/vm/prims/jvm.cpp:1235
Event: 53.468 Thread 0x00007f0f540dc800 Threw 0x00000007e62e7bd0 at /build/buildd/openjdk-7-7u25-2.3.10/build/openjdk/hotspot/src/share/vm/prims/jvm.cpp:1235
Event: 53.468 Thread 0x00007f0f540dc800 Threw 0x00000007e62eac98 at /build/buildd/openjdk-7-7u25-2.3.10/build/openjdk/hotspot/src/share/vm/prims/jvm.cpp:1235
Event: 53.468 Thread 0x00007f0f540dc800 Threw 0x00000007e62eddd8 at /build/buildd/openjdk-7-7u25-2.3.10/build/openjdk/hotspot/src/share/vm/prims/jvm.cpp:1235
Event: 53.468 Thread 0x00007f0f540dc800 Threw 0x00000007e62f0db0 at /build/buildd/openjdk-7-7u25-2.3.10/build/openjdk/hotspot/src/share/vm/prims/jvm.cpp:1235
Event: 58.303 Thread 0x00007f0f540dc800 Threw 0x00000007d870f718 at /build/buildd/openjdk-7-7u25-2.3.10/build/openjdk/hotspot/src/share/vm/prims/jvm.cpp:1235
Event: 80.280 Thread 0x00007f0f4813c000 Implicit null exception at 0x00007f0fd11b020e to 0x00007f0fd11b0855
Event: 80.292 Thread 0x00007f0f4813c000 Implicit null exception at 0x00007f0fd1154b75 to 0x00007f0fd1154bf9
Event: 80.292 Thread 0x00007f0f4813c000 Implicit null exception at 0x00007f0fd115f3cc to 0x00007f0fd1164725

Events (10 events):
Event: 80.291 Executing VM operation: RevokeBias
Event: 80.291 Executing VM operation: RevokeBias done
Event: 80.292 Thread 0x00007f0f4813c000 DEOPT PACKING pc=0x00007f0fd1154c14 sp=0x00007f0fc37fd3c0
Event: 80.292 Thread 0x00007f0f4813c000 DEOPT UNPACKING pc=0x00007f0fd1039145 sp=0x00007f0fc37fd378 mode 2
Event: 80.292 Thread 0x00007f0f4813c000 DEOPT PACKING pc=0x00007f0fd11647a4 sp=0x00007f0fc37fd400
Event: 80.292 Thread 0x00007f0f4813c000 DEOPT UNPACKING pc=0x00007f0fd1039145 sp=0x00007f0fc37fd1d8 mode 2
Event: 107.949 loading class 0x00007f0fd40bdd30
Event: 107.949 loading class 0x00007f0fd40bdd30 done
Event: 108.306 Thread 0x00007f0fd4116800 flushing nmethod 0x00007f0fd112c1d0
Event: 108.306 Thread 0x00007f0fd4116800 flushing nmethod 0x00007f0fd112ce10


Dynamic libraries:
00400000-00401000 r-xp 00000000 08:01 4466528                            /usr/lib/jvm/java-7-openjdk-amd64/jre/bin/java
00600000-00601000 r--p 00000000 08:01 4466528                            /usr/lib/jvm/java-7-openjdk-amd64/jre/bin/java
00601000-00602000 rw-p 00001000 08:01 4466528                            /usr/lib/jvm/java-7-openjdk-amd64/jre/bin/java
0162a000-0164b000 rw-p 00000000 00:00 0                                  [heap]
779e00000-77b2c0000 rw-p 00000000 00:00 0 
77b2c0000-784400000 rw-p 00000000 00:00 0 
784400000-789680000 rw-p 00000000 00:00 0 
789680000-7d6c00000 rw-p 00000000 00:00 0 
7d6c00000-7f6b40000 rw-p 00000000 00:00 0 
7f6b40000-800000000 rw-p 00000000 00:00 0 
7f0f40000000-7f0f40021000 rw-p 00000000 00:00 0 
7f0f40021000-7f0f44000000 ---p 00000000 00:00 0 
7f0f44000000-7f0f44021000 rw-p 00000000 00:00 0 
7f0f44021000-7f0f48000000 ---p 00000000 00:00 0 
7f0f48000000-7f0f481b2000 rw-p 00000000 00:00 0 
7f0f481b2000-7f0f4c000000 ---p 00000000 00:00 0 
7f0f4c000000-7f0f4c021000 rw-p 00000000 00:00 0 
7f0f4c021000-7f0f50000000 ---p 00000000 00:00 0 
7f0f50000000-7f0f50021000 rw-p 00000000 00:00 0 
7f0f50021000-7f0f54000000 ---p 00000000 00:00 0 
7f0f54000000-7f0f541aa000 rw-p 00000000 00:00 0 
7f0f541aa000-7f0f58000000 ---p 00000000 00:00 0 
7f0f58000000-7f0f58021000 rw-p 00000000 00:00 0 
7f0f58021000-7f0f5c000000 ---p 00000000 00:00 0 
7f0f5c000000-7f0f5c02d000 rw-p 00000000 00:00 0 
7f0f5c02d000-7f0f60000000 ---p 00000000 00:00 0 
7f0f60000000-7f0f61cc3000 rw-p 00000000 00:00 0 
7f0f61cc3000-7f0f64000000 ---p 00000000 00:00 0 
7f0f64000000-7f0f64021000 rw-p 00000000 00:00 0 
7f0f64021000-7f0f68000000 ---p 00000000 00:00 0 
7f0f68000000-7f0f68021000 rw-p 00000000 00:00 0 
7f0f68021000-7f0f6c000000 ---p 00000000 00:00 0 
7f0f6c000000-7f0f6c021000 rw-p 00000000 00:00 0 
7f0f6c021000-7f0f70000000 ---p 00000000 00:00 0 
7f0f70000000-7f0f7169f000 rw-p 00000000 00:00 0 
7f0f7169f000-7f0f74000000 ---p 00000000 00:00 0 
7f0f74000000-7f0f74021000 rw-p 00000000 00:00 0 
7f0f74021000-7f0f78000000 ---p 00000000 00:00 0 
7f0f78000000-7f0f78021000 rw-p 00000000 00:00 0 
7f0f78021000-7f0f7c000000 ---p 00000000 00:00 0 
7f0f7c000000-7f0f7c540000 rw-p 00000000 00:00 0 
7f0f7c540000-7f0f80000000 ---p 00000000 00:00 0 
7f0f80000000-7f0f80021000 rw-p 00000000 00:00 0 
7f0f80021000-7f0f84000000 ---p 00000000 00:00 0 
7f0f84000000-7f0f84021000 rw-p 00000000 00:00 0 
7f0f84021000-7f0f88000000 ---p 00000000 00:00 0 
7f0f88000000-7f0f88021000 rw-p 00000000 00:00 0 
7f0f88021000-7f0f8c000000 ---p 00000000 00:00 0 
7f0f8fcf0000-7f0f94000000 rw-p 00000000 00:00 0 
7f0f94000000-7f0f94021000 rw-p 00000000 00:00 0 
7f0f94021000-7f0f98000000 ---p 00000000 00:00 0 
7f0f9c000000-7f0f9c021000 rw-p 00000000 00:00 0 
7f0f9c021000-7f0fa0000000 ---p 00000000 00:00 0 
7f0fa4000000-7f0fa4021000 rw-p 00000000 00:00 0 
7f0fa4021000-7f0fa8000000 ---p 00000000 00:00 0 
7f0fac000000-7f0fac021000 rw-p 00000000 00:00 0 
7f0fac021000-7f0fb0000000 ---p 00000000 00:00 0 
7f0fb0226000-7f0fb071b000 rw-p 00000000 00:00 0 
7f0fb071b000-7f0fb071e000 ---p 00000000 00:00 0 
7f0fb071e000-7f0fb081c000 rw-p 00000000 00:00 0                          [stack:11483]
7f0fb081c000-7f0fb081f000 ---p 00000000 00:00 0 
7f0fb081f000-7f0fb091d000 rw-p 00000000 00:00 0 
7f0fb091d000-7f0fb0920000 ---p 00000000 00:00 0 
7f0fb0920000-7f0fb0a1e000 rw-p 00000000 00:00 0 
7f0fb0a1e000-7f0fb0a21000 ---p 00000000 00:00 0 
7f0fb0a21000-7f0fb0b1f000 rw-p 00000000 00:00 0 
7f0fb0b1f000-7f0fb0c68000 rw-s 00000000 00:04 1822359564                 /SYSV00000000 (deleted)
7f0fb0c68000-7f0fb0c78000 r-xp 00000000 08:01 4466495                    /usr/lib/jvm/java-7-openjdk-amd64/jre/lib/amd64/libnio.so
7f0fb0c78000-7f0fb0e78000 ---p 00010000 08:01 4466495                    /usr/lib/jvm/java-7-openjdk-amd64/jre/lib/amd64/libnio.so
7f0fb0e78000-7f0fb0e79000 r--p 00010000 08:01 4466495                    /usr/lib/jvm/java-7-openjdk-amd64/jre/lib/amd64/libnio.so
7f0fb0e79000-7f0fb0e7a000 rw-p 00011000 08:01 4466495                    /usr/lib/jvm/java-7-openjdk-amd64/jre/lib/amd64/libnio.so
7f0fb0e7a000-7f0fb0ec6000 r-xp 00000000 08:01 4466507                    /usr/lib/jvm/java-7-openjdk-amd64/jre/lib/amd64/libfontmanager.so
7f0fb0ec6000-7f0fb10c5000 ---p 0004c000 08:01 4466507                    /usr/lib/jvm/java-7-openjdk-amd64/jre/lib/amd64/libfontmanager.so
7f0fb10c5000-7f0fb10c8000 r--p 0004b000 08:01 4466507                    /usr/lib/jvm/java-7-openjdk-amd64/jre/lib/amd64/libfontmanager.so
7f0fb10c8000-7f0fb10c9000 rw-p 0004e000 08:01 4466507                    /usr/lib/jvm/java-7-openjdk-amd64/jre/lib/amd64/libfontmanager.so
7f0fb10c9000-7f0fb10cc000 ---p 00000000 00:00 0 
7f0fb10cc000-7f0fb11ca000 rw-p 00000000 00:00 0                          [stack:11477]
7f0fb11ca000-7f0fb11cd000 ---p 00000000 00:00 0 
7f0fb11cd000-7f0fb12cb000 rw-p 00000000 00:00 0                          [stack:11476]
7f0fb12cb000-7f0fb12ce000 ---p 00000000 00:00 0 
7f0fb12ce000-7f0fb13cc000 rw-p 00000000 00:00 0                          [stack:11475]
7f0fb13cc000-7f0fb253b000 r-xp 00000000 08:01 4463905                    /usr/lib/x86_64-linux-gnu/libicudata.so.48.1.1
7f0fb253b000-7f0fb273a000 ---p 0116f000 08:01 4463905                    /usr/lib/x86_64-linux-gnu/libicudata.so.48.1.1
7f0fb273a000-7f0fb273b000 r--p 0116e000 08:01 4463905                    /usr/lib/x86_64-linux-gnu/libicudata.so.48.1.1
7f0fb273b000-7f0fb273c000 rw-p 0116f000 08:01 4463905                    /usr/lib/x86_64-linux-gnu/libicudata.so.48.1.1
7f0fb273c000-7f0fb273f000 r-xp 00000000 08:01 6033033                    /lib/x86_64-linux-gnu/libgpg-error.so.0.8.0
7f0fb273f000-7f0fb293e000 ---p 00003000 08:01 6033033                    /lib/x86_64-linux-gnu/libgpg-error.so.0.8.0
7f0fb293e000-7f0fb293f000 r--p 00002000 08:01 6033033                    /lib/x86_64-linux-gnu/libgpg-error.so.0.8.0
7f0fb293f000-7f0fb2940000 rw-p 00003000 08:01 6033033                    /lib/x86_64-linux-gnu/libgpg-error.so.0.8.0
7f0fb2940000-7f0fb2942000 r-xp 00000000 08:01 6033044                    /lib/x86_64-linux-gnu/libkeyutils.so.1.4
7f0fb2942000-7f0fb2b42000 ---p 00002000 08:01 6033044                    /lib/x86_64-linux-gnu/libkeyutils.so.1.4
7f0fb2b42000-7f0fb2b43000 r--p 00002000 08:01 6033044                    /lib/x86_64-linux-gnu/libkeyutils.so.1.4
7f0fb2b43000-7f0fb2b44000 rw-p 00003000 08:01 6033044                    /lib/x86_64-linux-gnu/libkeyutils.so.1.4
7f0fb2b44000-7f0fb2c9a000 r-xp 00000000 08:01 4463919                    /usr/lib/x86_64-linux-gnu/libicuuc.so.48.1.1
7f0fb2c9a000-7f0fb2e99000 ---p 00156000 08:01 4463919                    /usr/lib/x86_64-linux-gnu/libicuuc.so.48.1.1
7f0fb2e99000-7f0fb2eaa000 r--p 00155000 08:01 4463919                    /usr/lib/x86_64-linux-gnu/libicuuc.so.48.1.1
7f0fb2eaa000-7f0fb2eab000 rw-p 00166000 08:01 4463919                    /usr/lib/x86_64-linux-gnu/libicuuc.so.48.1.1
7f0fb2eab000-7f0fb2eaf000 rw-p 00000000 00:00 0 
7f0fb2eaf000-7f0fb2ee1000 r-xp 00000000 08:01 4463911                    /usr/lib/x86_64-linux-gnu/libicule.so.48.1.1
7f0fb2ee1000-7f0fb30e1000 ---p 00032000 08:01 4463911                    /usr/lib/x86_64-linux-gnu/libicule.so.48.1.1
7f0fb30e1000-7f0fb30e3000 r--p 00032000 08:01 4463911                    /usr/lib/x86_64-linux-gnu/libicule.so.48.1.1
7f0fb30e3000-7f0fb30e4000 rw-p 00034000 08:01 4463911                    /usr/lib/x86_64-linux-gnu/libicule.so.48.1.1
7f0fb30e4000-7f0fb3127000 r-xp 00000000 08:01 6029336                    /lib/x86_64-linux-gnu/libdbus-1.so.3.7.2
7f0fb3127000-7f0fb3326000 ---p 00043000 08:01 6029336                    /lib/x86_64-linux-gnu/libdbus-1.so.3.7.2
7f0fb3326000-7f0fb3327000 r--p 00042000 08:01 6029336                    /lib/x86_64-linux-gnu/libdbus-1.so.3.7.2
7f0fb3327000-7f0fb3328000 rw-p 00043000 08:01 6029336                    /lib/x86_64-linux-gnu/libdbus-1.so.3.7.2
7f0fb3328000-7f0fb333a000 r-xp 00000000 08:01 4464044                    /usr/lib/x86_64-linux-gnu/libp11-kit.so.0.0.0
7f0fb333a000-7f0fb353a000 ---p 00012000 08:01 4464044                    /usr/lib/x86_64-linux-gnu/libp11-kit.so.0.0.0
7f0fb353a000-7f0fb353b000 r--p 00012000 08:01 4464044                    /usr/lib/x86_64-linux-gnu/libp11-kit.so.0.0.0
7f0fb353b000-7f0fb353c000 rw-p 00013000 08:01 4464044                    /usr/lib/x86_64-linux-gnu/libp11-kit.so.0.0.0
7f0fb353c000-7f0fb354b000 r-xp 00000000 08:01 4464202                    /usr/lib/x86_64-linux-gnu/libtasn1.so.3.2.0
7f0fb354b000-7f0fb374b000 ---p 0000f000 08:01 4464202                    /usr/lib/x86_64-linux-gnu/libtasn1.so.3.2.0
7f0fb374b000-7f0fb374c000 r--p 0000f000 08:01 4464202                    /usr/lib/x86_64-linux-gnu/libtasn1.so.3.2.0
7f0fb374c000-7f0fb374d000 rw-p 00010000 08:01 4464202                    /usr/lib/x86_64-linux-gnu/libtasn1.so.3.2.0
7f0fb374d000-7f0fb37c7000 r-xp 00000000 08:01 6031341                    /lib/x86_64-linux-gnu/libgcrypt.so.11.7.0
7f0fb37c7000-7f0fb39c7000 ---p 0007a000 08:01 6031341                    /lib/x86_64-linux-gnu/libgcrypt.so.11.7.0
7f0fb39c7000-7f0fb39c8000 r--p 0007a000 08:01 6031341                    /lib/x86_64-linux-gnu/libgcrypt.so.11.7.0
7f0fb39c8000-7f0fb39cb000 rw-p 0007b000 08:01 6031341                    /lib/x86_64-linux-gnu/libgcrypt.so.11.7.0
7f0fb39cb000-7f0fb39d2000 r-xp 00000000 08:01 4463954                    /usr/lib/x86_64-linux-gnu/libkrb5support.so.0.1
7f0fb39d2000-7f0fb3bd1000 ---p 00007000 08:01 4463954                    /usr/lib/x86_64-linux-gnu/libkrb5support.so.0.1
7f0fb3bd1000-7f0fb3bd2000 r--p 00006000 08:01 4463954                    /usr/lib/x86_64-linux-gnu/libkrb5support.so.0.1
7f0fb3bd2000-7f0fb3bd3000 rw-p 00007000 08:01 4463954                    /usr/lib/x86_64-linux-gnu/libkrb5support.so.0.1
7f0fb3bd3000-7f0fb3bd6000 r-xp 00000000 08:01 6033009                    /lib/x86_64-linux-gnu/libcom_err.so.2.1
7f0fb3bd6000-7f0fb3dd5000 ---p 00003000 08:01 6033009                    /lib/x86_64-linux-gnu/libcom_err.so.2.1
7f0fb3dd5000-7f0fb3dd6000 r--p 00002000 08:01 6033009                    /lib/x86_64-linux-gnu/libcom_err.so.2.1
7f0fb3dd6000-7f0fb3dd7000 rw-p 00003000 08:01 6033009                    /lib/x86_64-linux-gnu/libcom_err.so.2.1
7f0fb3dd7000-7f0fb3dfd000 r-xp 00000000 08:01 4463948                    /usr/lib/x86_64-linux-gnu/libk5crypto.so.3.1
7f0fb3dfd000-7f0fb3ffd000 ---p 00026000 08:01 4463948                    /usr/lib/x86_64-linux-gnu/libk5crypto.so.3.1
7f0fb3ffd000-7f0fb3ffe000 r--p 00026000 08:01 4463948                    /usr/lib/x86_64-linux-gnu/libk5crypto.so.3.1
7f0fb3ffe000-7f0fb3fff000 rw-p 00027000 08:01 4463948                    /usr/lib/x86_64-linux-gnu/libk5crypto.so.3.1
7f0fb3fff000-7f0fb4000000 rw-p 00000000 00:00 0 
7f0fb4000000-7f0fb4021000 rw-p 00000000 00:00 0 
7f0fb4021000-7f0fb8000000 ---p 00000000 00:00 0 
7f0fb80c4000-7f0fb80c7000 ---p 00000000 00:00 0 
7f0fb80c7000-7f0fb81c5000 rw-p 00000000 00:00 0                          [stack:11474]
7f0fb81c5000-7f0fb8289000 r-xp 00000000 08:01 4463952                    /usr/lib/x86_64-linux-gnu/libkrb5.so.3.3
7f0fb8289000-7f0fb8488000 ---p 000c4000 08:01 4463952                    /usr/lib/x86_64-linux-gnu/libkrb5.so.3.3
7f0fb8488000-7f0fb8492000 r--p 000c3000 08:01 4463952                    /usr/lib/x86_64-linux-gnu/libkrb5.so.3.3
7f0fb8492000-7f0fb8493000 rw-p 000cd000 08:01 4463952                    /usr/lib/x86_64-linux-gnu/libkrb5.so.3.3
7f0fb8493000-7f0fb8528000 r-xp 00000000 08:01 4463889                    /usr/lib/x86_64-linux-gnu/libharfbuzz.so.0.913.0
7f0fb8528000-7f0fb8727000 ---p 00095000 08:01 4463889                    /usr/lib/x86_64-linux-gnu/libharfbuzz.so.0.913.0
7f0fb8727000-7f0fb8729000 r--p 00094000 08:01 4463889                    /usr/lib/x86_64-linux-gnu/libharfbuzz.so.0.913.0
7f0fb8729000-7f0fb872a000 rw-p 00096000 08:01 4463889                    /usr/lib/x86_64-linux-gnu/libharfbuzz.so.0.913.0
7f0fb872a000-7f0fb8732000 r-xp 00000000 08:01 4463414                    /usr/lib/x86_64-linux-gnu/libxcb-render.so.0.0.0
7f0fb8732000-7f0fb8932000 ---p 00008000 08:01 4463414                    /usr/lib/x86_64-linux-gnu/libxcb-render.so.0.0.0
7f0fb8932000-7f0fb8933000 r--p 00008000 08:01 4463414                    /usr/lib/x86_64-linux-gnu/libxcb-render.so.0.0.0
7f0fb8933000-7f0fb8934000 rw-p 00009000 08:01 4463414                    /usr/lib/x86_64-linux-gnu/libxcb-render.so.0.0.0
7f0fb8934000-7f0fb8936000 r-xp 00000000 08:01 4464126                    /usr/lib/x86_64-linux-gnu/libxcb-shm.so.0.0.0
7f0fb8936000-7f0fb8b35000 ---p 00002000 08:01 4464126                    /usr/lib/x86_64-linux-gnu/libxcb-shm.so.0.0.0
7f0fb8b35000-7f0fb8b36000 r--p 00001000 08:01 4464126                    /usr/lib/x86_64-linux-gnu/libxcb-shm.so.0.0.0
7f0fb8b36000-7f0fb8b37000 rw-p 00002000 08:01 4464126                    /usr/lib/x86_64-linux-gnu/libxcb-shm.so.0.0.0
7f0fb8b37000-7f0fb8b5c000 r-xp 00000000 08:01 6033109                    /lib/x86_64-linux-gnu/libpng12.so.0.49.0
7f0fb8b5c000-7f0fb8d5b000 ---p 00025000 08:01 6033109                    /lib/x86_64-linux-gnu/libpng12.so.0.49.0
7f0fb8d5b000-7f0fb8d5c000 r--p 00024000 08:01 6033109                    /lib/x86_64-linux-gnu/libpng12.so.0.49.0
7f0fb8d5c000-7f0fb8d5d000 rw-p 00025000 08:01 6033109                    /lib/x86_64-linux-gnu/libpng12.so.0.49.0
7f0fb8d5d000-7f0fb8ded000 r-xp 00000000 08:01 4464074                    /usr/lib/x86_64-linux-gnu/libpixman-1.so.0.28.2
7f0fb8ded000-7f0fb8fec000 ---p 00090000 08:01 4464074                    /usr/lib/x86_64-linux-gnu/libpixman-1.so.0.28.2
7f0fb8fec000-7f0fb8ff3000 r--p 0008f000 08:01 4464074                    /usr/lib/x86_64-linux-gnu/libpixman-1.so.0.28.2
7f0fb8ff3000-7f0fb8ff4000 rw-p 00096000 08:01 4464074                    /usr/lib/x86_64-linux-gnu/libpixman-1.so.0.28.2
7f0fb8ff4000-7f0fb8ff9000 r-xp 00000000 08:01 4463438                    /usr/lib/x86_64-linux-gnu/libXdmcp.so.6.0.0
7f0fb8ff9000-7f0fb91f8000 ---p 00005000 08:01 4463438                    /usr/lib/x86_64-linux-gnu/libXdmcp.so.6.0.0
7f0fb91f8000-7f0fb91f9000 r--p 00004000 08:01 4463438                    /usr/lib/x86_64-linux-gnu/libXdmcp.so.6.0.0
7f0fb91f9000-7f0fb91fa000 rw-p 00005000 08:01 4463438                    /usr/lib/x86_64-linux-gnu/libXdmcp.so.6.0.0
7f0fb91fa000-7f0fb91fc000 r-xp 00000000 08:01 4463427                    /usr/lib/x86_64-linux-gnu/libXau.so.6.0.0
7f0fb91fc000-7f0fb93fc000 ---p 00002000 08:01 4463427                    /usr/lib/x86_64-linux-gnu/libXau.so.6.0.0
7f0fb93fc000-7f0fb93fd000 r--p 00002000 08:01 4463427                    /usr/lib/x86_64-linux-gnu/libXau.so.6.0.0
7f0fb93fd000-7f0fb93fe000 rw-p 00003000 08:01 4463427                    /usr/lib/x86_64-linux-gnu/libXau.so.6.0.0
7f0fb93fe000-7f0fb940d000 r-xp 00000000 08:01 4463513                    /usr/lib/x86_64-linux-gnu/libavahi-client.so.3.2.9
7f0fb940d000-7f0fb960d000 ---p 0000f000 08:01 4463513                    /usr/lib/x86_64-linux-gnu/libavahi-client.so.3.2.9
7f0fb960d000-7f0fb960e000 r--p 0000f000 08:01 4463513                    /usr/lib/x86_64-linux-gnu/libavahi-client.so.3.2.9
7f0fb960e000-7f0fb960f000 rw-p 00010000 08:01 4463513                    /usr/lib/x86_64-linux-gnu/libavahi-client.so.3.2.9
7f0fb960f000-7f0fb961a000 r-xp 00000000 08:01 4463515                    /usr/lib/x86_64-linux-gnu/libavahi-common.so.3.5.3
7f0fb961a000-7f0fb9819000 ---p 0000b000 08:01 4463515                    /usr/lib/x86_64-linux-gnu/libavahi-common.so.3.5.3
7f0fb9819000-7f0fb981a000 r--p 0000a000 08:01 4463515                    /usr/lib/x86_64-linux-gnu/libavahi-common.so.3.5.3
7f0fb981a000-7f0fb981b000 rw-p 0000b000 08:01 4463515                    /usr/lib/x86_64-linux-gnu/libavahi-common.so.3.5.3
7f0fb981b000-7f0fb98d0000 r-xp 00000000 08:01 4463233                    /usr/lib/x86_64-linux-gnu/libgnutls.so.26.22.6
7f0fb98d0000-7f0fb9acf000 ---p 000b5000 08:01 4463233                    /usr/lib/x86_64-linux-gnu/libgnutls.so.26.22.6
7f0fb9acf000-7f0fb9ad5000 r--p 000b4000 08:01 4463233                    /usr/lib/x86_64-linux-gnu/libgnutls.so.26.22.6
7f0fb9ad5000-7f0fb9ad6000 rw-p 000ba000 08:01 4463233                    /usr/lib/x86_64-linux-gnu/libgnutls.so.26.22.6
7f0fb9ad6000-7f0fb9ad7000 rw-p 00000000 00:00 0 
7f0fb9ad7000-7f0fb9b12000 r-xp 00000000 08:01 4463791                    /usr/lib/x86_64-linux-gnu/libgssapi_krb5.so.2.2
7f0fb9b12000-7f0fb9d12000 ---p 0003b000 08:01 4463791                    /usr/lib/x86_64-linux-gnu/libgssapi_krb5.so.2.2
7f0fb9d12000-7f0fb9d13000 r--p 0003b000 08:01 4463791                    /usr/lib/x86_64-linux-gnu/libgssapi_krb5.so.2.2
7f0fb9d13000-7f0fb9d15000 rw-p 0003c000 08:01 4463791                    /usr/lib/x86_64-linux-gnu/libgssapi_krb5.so.2.2
7f0fb9d15000-7f0fb9d3b000 r-xp 00000000 08:01 6033022                    /lib/x86_64-linux-gnu/libexpat.so.1.6.0
7f0fb9d3b000-7f0fb9f3b000 ---p 00026000 08:01 6033022                    /lib/x86_64-linux-gnu/libexpat.so.1.6.0
7f0fb9f3b000-7f0fb9f3d000 r--p 00026000 08:01 6033022                    /lib/x86_64-linux-gnu/libexpat.so.1.6.0
7f0fb9f3d000-7f0fb9f3e000 rw-p 00028000 08:01 6033022                    /lib/x86_64-linux-gnu/libexpat.so.1.6.0
7f0fb9f3e000-7f0fb9fd5000 r-xp 00000000 08:01 4463701                    /usr/lib/x86_64-linux-gnu/libfreetype.so.6.10.0
7f0fb9fd5000-7f0fba1d4000 ---p 00097000 08:01 4463701                    /usr/lib/x86_64-linux-gnu/libfreetype.so.6.10.0
7f0fba1d4000-7f0fba1da000 r--p 00096000 08:01 4463701                    /usr/lib/x86_64-linux-gnu/libfreetype.so.6.10.0
7f0fba1da000-7f0fba1db000 rw-p 0009c000 08:01 4463701                    /usr/lib/x86_64-linux-gnu/libfreetype.so.6.10.0
7f0fba1db000-7f0fba1dd000 r-xp 00000000 08:01 4463436                    /usr/lib/x86_64-linux-gnu/libXdamage.so.1.1.0
7f0fba1dd000-7f0fba3dc000 ---p 00002000 08:01 4463436                    /usr/lib/x86_64-linux-gnu/libXdamage.so.1.1.0
7f0fba3dc000-7f0fba3dd000 r--p 00001000 08:01 4463436                    /usr/lib/x86_64-linux-gnu/libXdamage.so.1.1.0
7f0fba3dd000-7f0fba3de000 rw-p 00002000 08:01 4463436                    /usr/lib/x86_64-linux-gnu/libXdamage.so.1.1.0
7f0fba3de000-7f0fba3e0000 r-xp 00000000 08:01 4463432                    /usr/lib/x86_64-linux-gnu/libXcomposite.so.1.0.0
7f0fba3e0000-7f0fba5df000 ---p 00002000 08:01 4463432                    /usr/lib/x86_64-linux-gnu/libXcomposite.so.1.0.0
7f0fba5df000-7f0fba5e0000 r--p 00001000 08:01 4463432                    /usr/lib/x86_64-linux-gnu/libXcomposite.so.1.0.0
7f0fba5e0000-7f0fba5e1000 rw-p 00002000 08:01 4463432                    /usr/lib/x86_64-linux-gnu/libXcomposite.so.1.0.0
7f0fba5e1000-7f0fba5ea000 r-xp 00000000 08:01 4464222                    /usr/lib/x86_64-linux-gnu/libXcursor.so.1.0.2
7f0fba5ea000-7f0fba7ea000 ---p 00009000 08:01 4464222                    /usr/lib/x86_64-linux-gnu/libXcursor.so.1.0.2
7f0fba7ea000-7f0fba7eb000 r--p 00009000 08:01 4464222                    /usr/lib/x86_64-linux-gnu/libXcursor.so.1.0.2
7f0fba7eb000-7f0fba7ec000 rw-p 0000a000 08:01 4464222                    /usr/lib/x86_64-linux-gnu/libXcursor.so.1.0.2
7f0fba7ec000-7f0fba7f5000 r-xp 00000000 08:01 4463453                    /usr/lib/x86_64-linux-gnu/libXrandr.so.2.2.0
7f0fba7f5000-7f0fba9f4000 ---p 00009000 08:01 4463453                    /usr/lib/x86_64-linux-gnu/libXrandr.so.2.2.0
7f0fba9f4000-7f0fba9f5000 r--p 00008000 08:01 4463453                    /usr/lib/x86_64-linux-gnu/libXrandr.so.2.2.0
7f0fba9f5000-7f0fba9f6000 rw-p 00009000 08:01 4463453                    /usr/lib/x86_64-linux-gnu/libXrandr.so.2.2.0
7f0fba9f6000-7f0fba9f8000 r-xp 00000000 08:01 4463765                    /usr/lib/x86_64-linux-gnu/libXinerama.so.1.0.0
7f0fba9f8000-7f0fbabf7000 ---p 00002000 08:01 4463765                    /usr/lib/x86_64-linux-gnu/libXinerama.so.1.0.0
7f0fbabf7000-7f0fbabf8000 r--p 00001000 08:01 4463765                    /usr/lib/x86_64-linux-gnu/libXinerama.so.1.0.0
7f0fbabf8000-7f0fbabf9000 rw-p 00002000 08:01 4463765                    /usr/lib/x86_64-linux-gnu/libXinerama.so.1.0.0
7f0fbabf9000-7f0fbac0c000 r-xp 00000000 08:01 4464056                    /usr/lib/x86_64-linux-gnu/libpangoft2-1.0.so.0.3200.5
7f0fbac0c000-7f0fbae0b000 ---p 00013000 08:01 4464056                    /usr/lib/x86_64-linux-gnu/libpangoft2-1.0.so.0.3200.5
7f0fbae0b000-7f0fbae0c000 r--p 00012000 08:01 4464056                    /usr/lib/x86_64-linux-gnu/libpangoft2-1.0.so.0.3200.5
7f0fbae0c000-7f0fbae0d000 rw-p 00013000 08:01 4464056                    /usr/lib/x86_64-linux-gnu/libpangoft2-1.0.so.0.3200.5
7f0fbae0d000-7f0fbaf0b000 r-xp 00000000 08:01 4463539                    /usr/lib/x86_64-linux-gnu/libcairo.so.2.11200.14
7f0fbaf0b000-7f0fbb10b000 ---p 000fe000 08:01 4463539                    /usr/lib/x86_64-linux-gnu/libcairo.so.2.11200.14
7f0fbb10b000-7f0fbb10e000 r--p 000fe000 08:01 4463539                    /usr/lib/x86_64-linux-gnu/libcairo.so.2.11200.14
7f0fbb10e000-7f0fbb10f000 rw-p 00101000 08:01 4463539                    /usr/lib/x86_64-linux-gnu/libcairo.so.2.11200.14
7f0fbb10f000-7f0fbb111000 rw-p 00000000 00:00 0 
7f0fbb111000-7f0fbb131000 r-xp 00000000 08:01 4463503                    /usr/lib/x86_64-linux-gnu/libatk-1.0.so.0.20809.1
7f0fbb131000-7f0fbb330000 ---p 00020000 08:01 4463503                    /usr/lib/x86_64-linux-gnu/libatk-1.0.so.0.20809.1
7f0fbb330000-7f0fbb332000 r--p 0001f000 08:01 4463503                    /usr/lib/x86_64-linux-gnu/libatk-1.0.so.0.20809.1
7f0fbb332000-7f0fbb333000 rw-p 00021000 08:01 4463503                    /usr/lib/x86_64-linux-gnu/libatk-1.0.so.0.20809.1
7f0fbb333000-7f0fbb338000 r-xp 00000000 08:01 4463594                    /usr/lib/x86_64-linux-gnu/libXfixes.so.3.1.0
7f0fbb338000-7f0fbb537000 ---p 00005000 08:01 4463594                    /usr/lib/x86_64-linux-gnu/libXfixes.so.3.1.0
7f0fbb537000-7f0fbb538000 r--p 00004000 08:01 4463594                    /usr/lib/x86_64-linux-gnu/libXfixes.so.3.1.0
7f0fbb538000-7f0fbb539000 rw-p 00005000 08:01 4463594                    /usr/lib/x86_64-linux-gnu/libXfixes.so.3.1.0
7f0fbb539000-7f0fbb544000 r-xp 00000000 08:01 4464054                    /usr/lib/x86_64-linux-gnu/libpangocairo-1.0.so.0.3200.5
7f0fbb544000-7f0fbb744000 ---p 0000b000 08:01 4464054                    /usr/lib/x86_64-linux-gnu/libpangocairo-1.0.so.0.3200.5
7f0fbb744000-7f0fbb745000 r--p 0000b000 08:01 4464054                    /usr/lib/x86_64-linux-gnu/libpangocairo-1.0.so.0.3200.5
7f0fbb745000-7f0fbb746000 rw-p 0000c000 08:01 4464054                    /usr/lib/x86_64-linux-gnu/libpangocairo-1.0.so.0.3200.5
7f0fbb746000-7f0fbb763000 r-xp 00000000 08:01 4463244                    /usr/lib/x86_64-linux-gnu/libxcb.so.1.1.0
7f0fbb763000-7f0fbb962000 ---p 0001d000 08:01 4463244                    /usr/lib/x86_64-linux-gnu/libxcb.so.1.1.0
7f0fbb962000-7f0fbb963000 r--p 0001c000 08:01 4463244                    /usr/lib/x86_64-linux-gnu/libxcb.so.1.1.0
7f0fbb963000-7f0fbb964000 rw-p 0001d000 08:01 4463244                    /usr/lib/x86_64-linux-gnu/libxcb.so.1.1.0
7f0fbb964000-7f0fbb9be000 r-xp 00000000 08:01 4463592                    /usr/lib/x86_64-linux-gnu/libcups.so.2
7f0fbb9be000-7f0fbbbbe000 ---p 0005a000 08:01 4463592                    /usr/lib/x86_64-linux-gnu/libcups.so.2
7f0fbbbbe000-7f0fbbbc3000 r--p 0005a000 08:01 4463592                    /usr/lib/x86_64-linux-gnu/libcups.so.2
7f0fbbbc3000-7f0fbbbc4000 rw-p 0005f000 08:01 4463592                    /usr/lib/x86_64-linux-gnu/libcups.so.2
7f0fbbbc4000-7f0fbbbc5000 r-xp 00000000 08:01 4463869                    /usr/lib/x86_64-linux-gnu/libgthread-2.0.so.0.3600.0
7f0fbbbc5000-7f0fbbdc4000 ---p 00001000 08:01 4463869                    /usr/lib/x86_64-linux-gnu/libgthread-2.0.so.0.3600.0
7f0fbbdc4000-7f0fbbdc5000 r--p 00000000 08:01 4463869                    /usr/lib/x86_64-linux-gnu/libgthread-2.0.so.0.3600.0
7f0fbbdc5000-7f0fbbdc6000 rw-p 00001000 08:01 4463869                    /usr/lib/x86_64-linux-gnu/libgthread-2.0.so.0.3600.0
7f0fbbdc6000-7f0fbbdfd000 r-xp 00000000 08:01 4463673                    /usr/lib/x86_64-linux-gnu/libfontconfig.so.1.6.2
7f0fbbdfd000-7f0fbbffd000 ---p 00037000 08:01 4463673                    /usr/lib/x86_64-linux-gnu/libfontconfig.so.1.6.2
7f0fbbffd000-7f0fbbffe000 r--p 00037000 08:01 4463673                    /usr/lib/x86_64-linux-gnu/libfontconfig.so.1.6.2
7f0fbbffe000-7f0fbbfff000 rw-p 00038000 08:01 4463673                    /usr/lib/x86_64-linux-gnu/libfontconfig.so.1.6.2
7f0fbbfff000-7f0fbc000000 rw-p 00000000 00:00 0 
7f0fbc000000-7f0fbc021000 rw-p 00000000 00:00 0 
7f0fbc021000-7f0fc0000000 ---p 00000000 00:00 0 
7f0fc0038000-7f0fc0080000 r-xp 00000000 08:01 4464052                    /usr/lib/x86_64-linux-gnu/libpango-1.0.so.0.3200.5
7f0fc0080000-7f0fc0280000 ---p 00048000 08:01 4464052                    /usr/lib/x86_64-linux-gnu/libpango-1.0.so.0.3200.5
7f0fc0280000-7f0fc0282000 r--p 00048000 08:01 4464052                    /usr/lib/x86_64-linux-gnu/libpango-1.0.so.0.3200.5
7f0fc0282000-7f0fc0283000 rw-p 0004a000 08:01 4464052                    /usr/lib/x86_64-linux-gnu/libpango-1.0.so.0.3200.5
7f0fc0283000-7f0fc02a1000 r-xp 00000000 08:01 4463732                    /usr/lib/x86_64-linux-gnu/libgdk_pixbuf-2.0.so.0.2800.0
7f0fc02a1000-7f0fc04a1000 ---p 0001e000 08:01 4463732                    /usr/lib/x86_64-linux-gnu/libgdk_pixbuf-2.0.so.0.2800.0
7f0fc04a1000-7f0fc04a2000 r--p 0001e000 08:01 4463732                    /usr/lib/x86_64-linux-gnu/libgdk_pixbuf-2.0.so.0.2800.0
7f0fc04a2000-7f0fc04a3000 rw-p 0001f000 08:01 4463732                    /usr/lib/x86_64-linux-gnu/libgdk_pixbuf-2.0.so.0.2800.0
7f0fc04a3000-7f0fc0550000 r-xp 00000000 08:01 4463730                    /usr/lib/x86_64-linux-gnu/libgdk-x11-2.0.so.0.2400.17
7f0fc0550000-7f0fc074f000 ---p 000ad000 08:01 4463730                    /usr/lib/x86_64-linux-gnu/libgdk-x11-2.0.so.0.2400.17
7f0fc074f000-7f0fc0753000 r--p 000ac000 08:01 4463730                    /usr/lib/x86_64-linux-gnu/libgdk-x11-2.0.so.0.2400.17
7f0fc0753000-7f0fc0755000 rw-p 000b0000 08:01 4463730                    /usr/lib/x86_64-linux-gnu/libgdk-x11-2.0.so.0.2400.17
7f0fc0755000-7f0fc0b82000 r-xp 00000000 08:01 4463873                    /usr/lib/x86_64-linux-gnu/libgtk-x11-2.0.so.0.2400.17
7f0fc0b82000-7f0fc0d81000 ---p 0042d000 08:01 4463873                    /usr/lib/x86_64-linux-gnu/libgtk-x11-2.0.so.0.2400.17
7f0fc0d81000-7f0fc0d88000 r--p 0042c000 08:01 4463873                    /usr/lib/x86_64-linux-gnu/libgtk-x11-2.0.so.0.2400.17
7f0fc0d88000-7f0fc0d8c000 rw-p 00433000 08:01 4463873                    /usr/lib/x86_64-linux-gnu/libgtk-x11-2.0.so.0.2400.17
7f0fc0d8c000-7f0fc0d8e000 rw-p 00000000 00:00 0 
7f0fc0d8e000-7f0fc0d9c000 r-xp 00000000 08:01 4463255                    /usr/lib/x86_64-linux-gnu/libXi.so.6.1.0
7f0fc0d9c000-7f0fc0f9c000 ---p 0000e000 08:01 4463255                    /usr/lib/x86_64-linux-gnu/libXi.so.6.1.0
7f0fc0f9c000-7f0fc0f9d000 r--p 0000e000 08:01 4463255                    /usr/lib/x86_64-linux-gnu/libXi.so.6.1.0
7f0fc0f9d000-7f0fc0f9e000 rw-p 0000f000 08:01 4463255                    /usr/lib/x86_64-linux-gnu/libXi.so.6.1.0
7f0fc0f9e000-7f0fc0fa3000 r-xp 00000000 08:01 4463461                    /usr/lib/x86_64-linux-gnu/libXtst.so.6.1.0
7f0fc0fa3000-7f0fc11a2000 ---p 00005000 08:01 4463461                    /usr/lib/x86_64-linux-gnu/libXtst.so.6.1.0
7f0fc11a2000-7f0fc11a3000 r--p 00004000 08:01 4463461                    /usr/lib/x86_64-linux-gnu/libXtst.so.6.1.0
7f0fc11a3000-7f0fc11a4000 rw-p 00005000 08:01 4463461                    /usr/lib/x86_64-linux-gnu/libXtst.so.6.1.0
7f0fc11a4000-7f0fc11ad000 r-xp 00000000 08:01 4463395                    /usr/lib/x86_64-linux-gnu/libXrender.so.1.3.0
7f0fc11ad000-7f0fc13ac000 ---p 00009000 08:01 4463395                    /usr/lib/x86_64-linux-gnu/libXrender.so.1.3.0
7f0fc13ac000-7f0fc13ad000 r--p 00008000 08:01 4463395                    /usr/lib/x86_64-linux-gnu/libXrender.so.1.3.0
7f0fc13ad000-7f0fc13ae000 rw-p 00009000 08:01 4463395                    /usr/lib/x86_64-linux-gnu/libXrender.so.1.3.0
7f0fc13ae000-7f0fc14e2000 r-xp 00000000 08:01 4463247                    /usr/lib/x86_64-linux-gnu/libX11.so.6.3.0
7f0fc14e2000-7f0fc16e2000 ---p 00134000 08:01 4463247                    /usr/lib/x86_64-linux-gnu/libX11.so.6.3.0
7f0fc16e2000-7f0fc16e3000 r--p 00134000 08:01 4463247                    /usr/lib/x86_64-linux-gnu/libX11.so.6.3.0
7f0fc16e3000-7f0fc16e8000 rw-p 00135000 08:01 4463247                    /usr/lib/x86_64-linux-gnu/libX11.so.6.3.0
7f0fc16e8000-7f0fc16f9000 r-xp 00000000 08:01 4463249                    /usr/lib/x86_64-linux-gnu/libXext.so.6.4.0
7f0fc16f9000-7f0fc18f8000 ---p 00011000 08:01 4463249                    /usr/lib/x86_64-linux-gnu/libXext.so.6.4.0
7f0fc18f8000-7f0fc18f9000 r--p 00010000 08:01 4463249                    /usr/lib/x86_64-linux-gnu/libXext.so.6.4.0
7f0fc18f9000-7f0fc18fa000 rw-p 00011000 08:01 4463249                    /usr/lib/x86_64-linux-gnu/libXext.so.6.4.0
7f0fc18fa000-7f0fc194d000 r-xp 00000000 08:01 4467641                    /usr/lib/jvm/java-7-openjdk-amd64/jre/lib/amd64/xawt/libmawt.so
7f0fc194d000-7f0fc1b4c000 ---p 00053000 08:01 4467641                    /usr/lib/jvm/java-7-openjdk-amd64/jre/lib/amd64/xawt/libmawt.so
7f0fc1b4c000-7f0fc1b4d000 r--p 00052000 08:01 4467641                    /usr/lib/jvm/java-7-openjdk-amd64/jre/lib/amd64/xawt/libmawt.so
7f0fc1b4d000-7f0fc1b50000 rw-p 00053000 08:01 4467641                    /usr/lib/jvm/java-7-openjdk-amd64/jre/lib/amd64/xawt/libmawt.so
7f0fc1b50000-7f0fc1b51000 rw-p 00000000 00:00 0 
7f0fc1b51000-7f0fc1bf2000 r-xp 00000000 08:01 4466511                    /usr/lib/jvm/java-7-openjdk-amd64/jre/lib/amd64/libawt.so
7f0fc1bf2000-7f0fc1df2000 ---p 000a1000 08:01 4466511                    /usr/lib/jvm/java-7-openjdk-amd64/jre/lib/amd64/libawt.so
7f0fc1df2000-7f0fc1df3000 r--p 000a1000 08:01 4466511                    /usr/lib/jvm/java-7-openjdk-amd64/jre/lib/amd64/libawt.so
7f0fc1df3000-7f0fc1dfe000 rw-p 000a2000 08:01 4466511                    /usr/lib/jvm/java-7-openjdk-amd64/jre/lib/amd64/libawt.so
7f0fc1dfe000-7f0fc1e23000 rw-p 00000000 00:00 0 
7f0fc1e23000-7f0fc1e26000 ---p 00000000 00:00 0 
7f0fc1e26000-7f0fc1f24000 rw-p 00000000 00:00 0                          [stack:11473]
7f0fc1f24000-7f0fc1f61000 r-xp 00000000 08:01 6033097                    /lib/x86_64-linux-gnu/libpcre.so.3.13.1
7f0fc1f61000-7f0fc2161000 ---p 0003d000 08:01 6033097                    /lib/x86_64-linux-gnu/libpcre.so.3.13.1
7f0fc2161000-7f0fc2162000 r--p 0003d000 08:01 6033097                    /lib/x86_64-linux-gnu/libpcre.so.3.13.1
7f0fc2162000-7f0fc2163000 rw-p 0003e000 08:01 6033097                    /lib/x86_64-linux-gnu/libpcre.so.3.13.1
7f0fc2163000-7f0fc216a000 r-xp 00000000 08:01 4463665                    /usr/lib/x86_64-linux-gnu/libffi.so.6.0.1
7f0fc216a000-7f0fc2369000 ---p 00007000 08:01 4463665                    /usr/lib/x86_64-linux-gnu/libffi.so.6.0.1
7f0fc2369000-7f0fc236a000 r--p 00006000 08:01 4463665                    /usr/lib/x86_64-linux-gnu/libffi.so.6.0.1
7f0fc236a000-7f0fc236b000 rw-p 00007000 08:01 4463665                    /usr/lib/x86_64-linux-gnu/libffi.so.6.0.1
7f0fc236b000-7f0fc2381000 r-xp 00000000 08:01 6033120                    /lib/x86_64-linux-gnu/libresolv-2.17.so
7f0fc2381000-7f0fc2581000 ---p 00016000 08:01 6033120                    /lib/x86_64-linux-gnu/libresolv-2.17.so
7f0fc2581000-7f0fc2582000 r--p 00016000 08:01 6033120                    /lib/x86_64-linux-gnu/libresolv-2.17.so
7f0fc2582000-7f0fc2583000 rw-p 00017000 08:01 6033120                    /lib/x86_64-linux-gnu/libresolv-2.17.so
7f0fc2583000-7f0fc2585000 rw-p 00000000 00:00 0 
7f0fc2585000-7f0fc25a2000 r-xp 00000000 08:01 6033124                    /lib/x86_64-linux-gnu/libselinux.so.1
7f0fc25a2000-7f0fc27a1000 ---p 0001d000 08:01 6033124                    /lib/x86_64-linux-gnu/libselinux.so.1
7f0fc27a1000-7f0fc27a2000 r--p 0001c000 08:01 6033124                    /lib/x86_64-linux-gnu/libselinux.so.1
7f0fc27a2000-7f0fc27a3000 rw-p 0001d000 08:01 6033124                    /lib/x86_64-linux-gnu/libselinux.so.1
7f0fc27a3000-7f0fc27a4000 rw-p 00000000 00:00 0 
7f0fc27a4000-7f0fc27a7000 r-xp 00000000 08:01 4463758                    /usr/lib/x86_64-linux-gnu/libgmodule-2.0.so.0.3600.0
7f0fc27a7000-7f0fc29a6000 ---p 00003000 08:01 4463758                    /usr/lib/x86_64-linux-gnu/libgmodule-2.0.so.0.3600.0
7f0fc29a6000-7f0fc29a7000 r--p 00002000 08:01 4463758                    /usr/lib/x86_64-linux-gnu/libgmodule-2.0.so.0.3600.0
7f0fc29a7000-7f0fc29a8000 rw-p 00003000 08:01 4463758                    /usr/lib/x86_64-linux-gnu/libgmodule-2.0.so.0.3600.0
7f0fc29a8000-7f0fc2aa1000 r-xp 00000000 08:01 6033031                    /lib/x86_64-linux-gnu/libglib-2.0.so.0.3600.0
7f0fc2aa1000-7f0fc2ca1000 ---p 000f9000 08:01 6033031                    /lib/x86_64-linux-gnu/libglib-2.0.so.0.3600.0
7f0fc2ca1000-7f0fc2ca2000 r--p 000f9000 08:01 6033031                    /lib/x86_64-linux-gnu/libglib-2.0.so.0.3600.0
7f0fc2ca2000-7f0fc2ca3000 rw-p 000fa000 08:01 6033031                    /lib/x86_64-linux-gnu/libglib-2.0.so.0.3600.0
7f0fc2ca3000-7f0fc2ca4000 rw-p 00000000 00:00 0 
7f0fc2ca4000-7f0fc2df7000 r-xp 00000000 08:01 4463748                    /usr/lib/x86_64-linux-gnu/libgio-2.0.so.0.3600.0
7f0fc2df7000-7f0fc2ff6000 ---p 00153000 08:01 4463748                    /usr/lib/x86_64-linux-gnu/libgio-2.0.so.0.3600.0
7f0fc2ff6000-7f0fc2ffa000 r--p 00152000 08:01 4463748                    /usr/lib/x86_64-linux-gnu/libgio-2.0.so.0.3600.0
7f0fc2ffa000-7f0fc2ffc000 rw-p 00156000 08:01 4463748                    /usr/lib/x86_64-linux-gnu/libgio-2.0.so.0.3600.0
7f0fc2ffc000-7f0fc2ffe000 rw-p 00000000 00:00 0 
7f0fc2ffe000-7f0fc3001000 ---p 00000000 00:00 0 
7f0fc3001000-7f0fc37ff000 rw-p 00000000 00:00 0                          [stack:11447]
7f0fc37ff000-7f0fc3800000 ---p 00000000 00:00 0 
7f0fc3800000-7f0fc4000000 rw-p 00000000 00:00 0                          [stack:11446]
7f0fc4000000-7f0fc4021000 rw-p 00000000 00:00 0 
7f0fc4021000-7f0fc8000000 ---p 00000000 00:00 0 
7f0fc80da000-7f0fc8127000 r-xp 00000000 08:01 4463774                    /usr/lib/x86_64-linux-gnu/libgobject-2.0.so.0.3600.0
7f0fc8127000-7f0fc8327000 ---p 0004d000 08:01 4463774                    /usr/lib/x86_64-linux-gnu/libgobject-2.0.so.0.3600.0
7f0fc8327000-7f0fc8328000 r--p 0004d000 08:01 4463774                    /usr/lib/x86_64-linux-gnu/libgobject-2.0.so.0.3600.0
7f0fc8328000-7f0fc8329000 rw-p 0004e000 08:01 4463774                    /usr/lib/x86_64-linux-gnu/libgobject-2.0.so.0.3600.0
7f0fc8341000-7f0fc8357000 r-xp 00000000 08:01 4466499                    /usr/lib/jvm/java-7-openjdk-amd64/jre/lib/amd64/libnet.so
7f0fc8357000-7f0fc8556000 ---p 00016000 08:01 4466499                    /usr/lib/jvm/java-7-openjdk-amd64/jre/lib/amd64/libnet.so
7f0fc8556000-7f0fc8557000 r--p 00015000 08:01 4466499                    /usr/lib/jvm/java-7-openjdk-amd64/jre/lib/amd64/libnet.so
7f0fc8557000-7f0fc8558000 rw-p 00016000 08:01 4466499                    /usr/lib/jvm/java-7-openjdk-amd64/jre/lib/amd64/libnet.so
7f0fc8558000-7f0fc8559000 ---p 00000000 00:00 0 
7f0fc8559000-7f0fc8d59000 rw-p 00000000 00:00 0                          [stack:11445]
7f0fc8d59000-7f0fc95c6000 r-xp 00000000 08:01 17042183                   /home/shiwali/soar/SoarSuite/out/libSoar.so
7f0fc95c6000-7f0fc97c5000 ---p 0086d000 08:01 17042183                   /home/shiwali/soar/SoarSuite/out/libSoar.so
7f0fc97c5000-7f0fc97d6000 r--p 0086c000 08:01 17042183                   /home/shiwali/soar/SoarSuite/out/libSoar.so
7f0fc97d6000-7f0fc97ed000 rw-p 0087d000 08:01 17042183                   /home/shiwali/soar/SoarSuite/out/libSoar.so
7f0fc97ed000-7f0fc97f1000 rw-p 00000000 00:00 0 
7f0fc97f1000-7f0fc984a000 r-xp 00000000 08:01 17042226                   /home/shiwali/soar/SoarSuite/out/libJava_sml_ClientInterface.so
7f0fc984a000-7f0fc9a4a000 ---p 00059000 08:01 17042226                   /home/shiwali/soar/SoarSuite/out/libJava_sml_ClientInterface.so
7f0fc9a4a000-7f0fc9a4b000 r--p 00059000 08:01 17042226                   /home/shiwali/soar/SoarSuite/out/libJava_sml_ClientInterface.so
7f0fc9a4b000-7f0fc9a4d000 rw-p 0005a000 08:01 17042226                   /home/shiwali/soar/SoarSuite/out/libJava_sml_ClientInterface.so
7f0fc9a4d000-7f0fc9a4e000 ---p 00000000 00:00 0 
7f0fc9a4e000-7f0fc9b4e000 rw-p 00000000 00:00 0                          [stack:11444]
7f0fc9b4e000-7f0fc9b51000 ---p 00000000 00:00 0 
7f0fc9b51000-7f0fc9c4f000 rw-p 00000000 00:00 0                          [stack:11443]
7f0fc9c4f000-7f0fc9c52000 ---p 00000000 00:00 0 
7f0fc9c52000-7f0fc9d50000 rw-p 00000000 00:00 0                          [stack:11442]
7f0fc9d50000-7f0fc9d53000 ---p 00000000 00:00 0 
7f0fc9d53000-7f0fc9e51000 rw-p 00000000 00:00 0                          [stack:11441]
7f0fc9e51000-7f0fc9e54000 ---p 00000000 00:00 0 
7f0fc9e54000-7f0fc9f52000 rw-p 00000000 00:00 0                          [stack:11440]
7f0fc9f52000-7f0fca633000 r--p 00000000 08:01 4462580                    /usr/lib/locale/locale-archive
7f0fca633000-7f0fca636000 ---p 00000000 00:00 0 
7f0fca636000-7f0fca734000 rw-p 00000000 00:00 0                          [stack:11439]
7f0fca734000-7f0fca737000 ---p 00000000 00:00 0 
7f0fca737000-7f0fca835000 rw-p 00000000 00:00 0                          [stack:11438]
7f0fca835000-7f0fca836000 ---p 00000000 00:00 0 
7f0fca836000-7f0fcc000000 rw-p 00000000 00:00 0                          [stack:11437]
7f0fcc000000-7f0fcc021000 rw-p 00000000 00:00 0 
7f0fcc021000-7f0fd0000000 ---p 00000000 00:00 0 
7f0fd0002000-7f0fd0006000 r--s 00035000 08:01 17957274                   /home/shiwali/InstructoSoarII/probcog2/java/probcog.jar
7f0fd0006000-7f0fd0018000 r--s 00294000 08:01 16910059                   /home/shiwali/InstructoSoarII/april/java/april.jar
7f0fd0018000-7f0fd002b000 r--s 00211000 08:01 17171916                   /home/shiwali/soar/SoarSuite/out/java/swt.jar
7f0fd002b000-7f0fd1000000 rw-p 00000000 00:00 0 
7f0fd1000000-7f0fd1270000 rwxp 00000000 00:00 0 
7f0fd1270000-7f0fd462f000 rw-p 00000000 00:00 0 
7f0fd462f000-7f0fd8000000 ---p 00000000 00:00 0 
7f0fd8003000-7f0fd8006000 r--s 0001d000 08:01 5378582                    /usr/local/share/java/lcm.jar
7f0fd8006000-7f0fd871d000 rw-p 00000000 00:00 0 
7f0fd871d000-7f0fd88ca000 r--s 01cec000 08:01 4466481                    /usr/lib/jvm/java-7-openjdk-amd64/jre/lib/rt.jar
7f0fd88ca000-7f0fd88f2000 rw-p 00000000 00:00 0 
7f0fd88f2000-7f0fd88f3000 ---p 00000000 00:00 0 
7f0fd88f3000-7f0fd89f3000 rw-p 00000000 00:00 0                          [stack:11436]
7f0fd89f3000-7f0fd89f4000 ---p 00000000 00:00 0 
7f0fd89f4000-7f0fd8af4000 rw-p 00000000 00:00 0                          [stack:11435]
7f0fd8af4000-7f0fd8af5000 ---p 00000000 00:00 0 
7f0fd8af5000-7f0fd8bf5000 rw-p 00000000 00:00 0                          [stack:11434]
7f0fd8bf5000-7f0fd8bf6000 ---p 00000000 00:00 0 
7f0fd8bf6000-7f0fd8cf6000 rw-p 00000000 00:00 0                          [stack:11433]
7f0fd8cf6000-7f0fd8cf7000 ---p 00000000 00:00 0 
7f0fd8cf7000-7f0fd8df7000 rw-p 00000000 00:00 0                          [stack:11432]
7f0fd8df7000-7f0fd8df8000 ---p 00000000 00:00 0 
7f0fd8df8000-7f0fd8ef8000 rw-p 00000000 00:00 0                          [stack:11431]
7f0fd8ef8000-7f0fd8ef9000 ---p 00000000 00:00 0 
7f0fd8ef9000-7f0fd8ff9000 rw-p 00000000 00:00 0                          [stack:11430]
7f0fd8ff9000-7f0fd8ffa000 ---p 00000000 00:00 0 
7f0fd8ffa000-7f0fd9105000 rw-p 00000000 00:00 0                          [stack:11429]
7f0fd9105000-7f0fd914d000 rw-p 00000000 00:00 0 
7f0fd914d000-7f0fd9177000 rw-p 00000000 00:00 0 
7f0fd9177000-7f0fd93e1000 rw-p 00000000 00:00 0 
7f0fd93e1000-7f0fd93ec000 rw-p 00000000 00:00 0 
7f0fd93ec000-7f0fd9434000 rw-p 00000000 00:00 0 
7f0fd9434000-7f0fd945e000 rw-p 00000000 00:00 0 
7f0fd945e000-7f0fd96c8000 rw-p 00000000 00:00 0 
7f0fd96c8000-7f0fd97c8000 rw-p 00000000 00:00 0 
7f0fd97c8000-7f0fd9812000 rw-p 00000000 00:00 0 
7f0fd9812000-7f0fd9813000 rw-p 00000000 00:00 0 
7f0fd9813000-7f0fd981b000 r-xp 00000000 08:01 4466526                    /usr/lib/jvm/java-7-openjdk-amd64/jre/lib/amd64/libzip.so
7f0fd981b000-7f0fd9a1a000 ---p 00008000 08:01 4466526                    /usr/lib/jvm/java-7-openjdk-amd64/jre/lib/amd64/libzip.so
7f0fd9a1a000-7f0fd9a1b000 r--p 00007000 08:01 4466526                    /usr/lib/jvm/java-7-openjdk-amd64/jre/lib/amd64/libzip.so
7f0fd9a1b000-7f0fd9a1c000 rw-p 00008000 08:01 4466526                    /usr/lib/jvm/java-7-openjdk-amd64/jre/lib/amd64/libzip.so
7f0fd9a1c000-7f0fd9a28000 r-xp 00000000 08:01 6033075                    /lib/x86_64-linux-gnu/libnss_files-2.17.so
7f0fd9a28000-7f0fd9c27000 ---p 0000c000 08:01 6033075                    /lib/x86_64-linux-gnu/libnss_files-2.17.so
7f0fd9c27000-7f0fd9c28000 r--p 0000b000 08:01 6033075                    /lib/x86_64-linux-gnu/libnss_files-2.17.so
7f0fd9c28000-7f0fd9c29000 rw-p 0000c000 08:01 6033075                    /lib/x86_64-linux-gnu/libnss_files-2.17.so
7f0fd9c29000-7f0fd9c34000 r-xp 00000000 08:01 6033079                    /lib/x86_64-linux-gnu/libnss_nis-2.17.so
7f0fd9c34000-7f0fd9e33000 ---p 0000b000 08:01 6033079                    /lib/x86_64-linux-gnu/libnss_nis-2.17.so
7f0fd9e33000-7f0fd9e34000 r--p 0000a000 08:01 6033079                    /lib/x86_64-linux-gnu/libnss_nis-2.17.so
7f0fd9e34000-7f0fd9e35000 rw-p 0000b000 08:01 6033079                    /lib/x86_64-linux-gnu/libnss_nis-2.17.so
7f0fd9e35000-7f0fd9e4c000 r-xp 00000000 08:01 6033069                    /lib/x86_64-linux-gnu/libnsl-2.17.so
7f0fd9e4c000-7f0fda04b000 ---p 00017000 08:01 6033069                    /lib/x86_64-linux-gnu/libnsl-2.17.so
7f0fda04b000-7f0fda04c000 r--p 00016000 08:01 6033069                    /lib/x86_64-linux-gnu/libnsl-2.17.so
7f0fda04c000-7f0fda04d000 rw-p 00017000 08:01 6033069                    /lib/x86_64-linux-gnu/libnsl-2.17.so
7f0fda04d000-7f0fda04f000 rw-p 00000000 00:00 0 
7f0fda04f000-7f0fda057000 r-xp 00000000 08:01 6033071                    /lib/x86_64-linux-gnu/libnss_compat-2.17.so
7f0fda057000-7f0fda256000 ---p 00008000 08:01 6033071                    /lib/x86_64-linux-gnu/libnss_compat-2.17.so
7f0fda256000-7f0fda257000 r--p 00007000 08:01 6033071                    /lib/x86_64-linux-gnu/libnss_compat-2.17.so
7f0fda257000-7f0fda258000 rw-p 00008000 08:01 6033071                    /lib/x86_64-linux-gnu/libnss_compat-2.17.so
7f0fda258000-7f0fda283000 r-xp 00000000 08:01 4466510                    /usr/lib/jvm/java-7-openjdk-amd64/jre/lib/amd64/libjava.so
7f0fda283000-7f0fda482000 ---p 0002b000 08:01 4466510                    /usr/lib/jvm/java-7-openjdk-amd64/jre/lib/amd64/libjava.so
7f0fda482000-7f0fda483000 r--p 0002a000 08:01 4466510                    /usr/lib/jvm/java-7-openjdk-amd64/jre/lib/amd64/libjava.so
7f0fda483000-7f0fda485000 rw-p 0002b000 08:01 4466510                    /usr/lib/jvm/java-7-openjdk-amd64/jre/lib/amd64/libjava.so
7f0fda485000-7f0fda494000 r-xp 00000000 08:01 4466509                    /usr/lib/jvm/java-7-openjdk-amd64/jre/lib/amd64/libverify.so
7f0fda494000-7f0fda693000 ---p 0000f000 08:01 4466509                    /usr/lib/jvm/java-7-openjdk-amd64/jre/lib/amd64/libverify.so
7f0fda693000-7f0fda695000 r--p 0000e000 08:01 4466509                    /usr/lib/jvm/java-7-openjdk-amd64/jre/lib/amd64/libverify.so
7f0fda695000-7f0fda696000 rw-p 00010000 08:01 4466509                    /usr/lib/jvm/java-7-openjdk-amd64/jre/lib/amd64/libverify.so
7f0fda696000-7f0fda69d000 r-xp 00000000 08:01 6033122                    /lib/x86_64-linux-gnu/librt-2.17.so
7f0fda69d000-7f0fda89c000 ---p 00007000 08:01 6033122                    /lib/x86_64-linux-gnu/librt-2.17.so
7f0fda89c000-7f0fda89d000 r--p 00006000 08:01 6033122                    /lib/x86_64-linux-gnu/librt-2.17.so
7f0fda89d000-7f0fda89e000 rw-p 00007000 08:01 6033122                    /lib/x86_64-linux-gnu/librt-2.17.so
7f0fda89e000-7f0fda8b2000 r-xp 00000000 08:01 6033027                    /lib/x86_64-linux-gnu/libgcc_s.so.1
7f0fda8b2000-7f0fdaab2000 ---p 00014000 08:01 6033027                    /lib/x86_64-linux-gnu/libgcc_s.so.1
7f0fdaab2000-7f0fdaab3000 r--p 00014000 08:01 6033027                    /lib/x86_64-linux-gnu/libgcc_s.so.1
7f0fdaab3000-7f0fdaab4000 rw-p 00015000 08:01 6033027                    /lib/x86_64-linux-gnu/libgcc_s.so.1
7f0fdaab4000-7f0fdabb7000 r-xp 00000000 08:01 6033050                    /lib/x86_64-linux-gnu/libm-2.17.so
7f0fdabb7000-7f0fdadb7000 ---p 00103000 08:01 6033050                    /lib/x86_64-linux-gnu/libm-2.17.so
7f0fdadb7000-7f0fdadb8000 r--p 00103000 08:01 6033050                    /lib/x86_64-linux-gnu/libm-2.17.so
7f0fdadb8000-7f0fdadb9000 rw-p 00104000 08:01 6033050                    /lib/x86_64-linux-gnu/libm-2.17.so
7f0fdadb9000-7f0fdae9e000 r-xp 00000000 08:01 4464194                    /usr/lib/x86_64-linux-gnu/libstdc++.so.6.0.17
7f0fdae9e000-7f0fdb09d000 ---p 000e5000 08:01 4464194                    /usr/lib/x86_64-linux-gnu/libstdc++.so.6.0.17
7f0fdb09d000-7f0fdb0a5000 r--p 000e4000 08:01 4464194                    /usr/lib/x86_64-linux-gnu/libstdc++.so.6.0.17
7f0fdb0a5000-7f0fdb0a7000 rw-p 000ec000 08:01 4464194                    /usr/lib/x86_64-linux-gnu/libstdc++.so.6.0.17
7f0fdb0a7000-7f0fdb0bc000 rw-p 00000000 00:00 0 
7f0fdb0bc000-7f0fdbaac000 r-xp 00000000 08:01 4466515                    /usr/lib/jvm/java-7-openjdk-amd64/jre/lib/amd64/server/libjvm.so
7f0fdbaac000-7f0fdbcab000 ---p 009f0000 08:01 4466515                    /usr/lib/jvm/java-7-openjdk-amd64/jre/lib/amd64/server/libjvm.so
7f0fdbcab000-7f0fdbd2a000 r--p 009ef000 08:01 4466515                    /usr/lib/jvm/java-7-openjdk-amd64/jre/lib/amd64/server/libjvm.so
7f0fdbd2a000-7f0fdbd4d000 rw-p 00a6e000 08:01 4466515                    /usr/lib/jvm/java-7-openjdk-amd64/jre/lib/amd64/server/libjvm.so
7f0fdbd4d000-7f0fdbd78000 rw-p 00000000 00:00 0 
7f0fdbd78000-7f0fdbd8e000 r-xp 00000000 08:01 6033155                    /lib/x86_64-linux-gnu/libz.so.1.2.7
7f0fdbd8e000-7f0fdbf8d000 ---p 00016000 08:01 6033155                    /lib/x86_64-linux-gnu/libz.so.1.2.7
7f0fdbf8d000-7f0fdbf8e000 r--p 00015000 08:01 6033155                    /lib/x86_64-linux-gnu/libz.so.1.2.7
7f0fdbf8e000-7f0fdbf8f000 rw-p 00016000 08:01 6033155                    /lib/x86_64-linux-gnu/libz.so.1.2.7
7f0fdbf8f000-7f0fdbfa7000 r-xp 00000000 08:01 6033114                    /lib/x86_64-linux-gnu/libpthread-2.17.so
7f0fdbfa7000-7f0fdc1a6000 ---p 00018000 08:01 6033114                    /lib/x86_64-linux-gnu/libpthread-2.17.so
7f0fdc1a6000-7f0fdc1a7000 r--p 00017000 08:01 6033114                    /lib/x86_64-linux-gnu/libpthread-2.17.so
7f0fdc1a7000-7f0fdc1a8000 rw-p 00018000 08:01 6033114                    /lib/x86_64-linux-gnu/libpthread-2.17.so
7f0fdc1a8000-7f0fdc1ac000 rw-p 00000000 00:00 0 
7f0fdc1ac000-7f0fdc1af000 r-xp 00000000 08:01 6033017                    /lib/x86_64-linux-gnu/libdl-2.17.so
7f0fdc1af000-7f0fdc3ae000 ---p 00003000 08:01 6033017                    /lib/x86_64-linux-gnu/libdl-2.17.so
7f0fdc3ae000-7f0fdc3af000 r--p 00002000 08:01 6033017                    /lib/x86_64-linux-gnu/libdl-2.17.so
7f0fdc3af000-7f0fdc3b0000 rw-p 00003000 08:01 6033017                    /lib/x86_64-linux-gnu/libdl-2.17.so
7f0fdc3b0000-7f0fdc56e000 r-xp 00000000 08:01 6033002                    /lib/x86_64-linux-gnu/libc-2.17.so
7f0fdc56e000-7f0fdc76d000 ---p 001be000 08:01 6033002                    /lib/x86_64-linux-gnu/libc-2.17.so
7f0fdc76d000-7f0fdc771000 r--p 001bd000 08:01 6033002                    /lib/x86_64-linux-gnu/libc-2.17.so
7f0fdc771000-7f0fdc773000 rw-p 001c1000 08:01 6033002                    /lib/x86_64-linux-gnu/libc-2.17.so
7f0fdc773000-7f0fdc778000 rw-p 00000000 00:00 0 
7f0fdc778000-7f0fdc785000 r-xp 00000000 08:01 4466492                    /usr/lib/jvm/java-7-openjdk-amd64/jre/lib/amd64/jli/libjli.so
7f0fdc785000-7f0fdc984000 ---p 0000d000 08:01 4466492                    /usr/lib/jvm/java-7-openjdk-amd64/jre/lib/amd64/jli/libjli.so
7f0fdc984000-7f0fdc985000 r--p 0000c000 08:01 4466492                    /usr/lib/jvm/java-7-openjdk-amd64/jre/lib/amd64/jli/libjli.so
7f0fdc985000-7f0fdc986000 rw-p 0000d000 08:01 4466492                    /usr/lib/jvm/java-7-openjdk-amd64/jre/lib/amd64/jli/libjli.so
7f0fdc986000-7f0fdc9a9000 r-xp 00000000 08:01 6032978                    /lib/x86_64-linux-gnu/ld-2.17.so
7f0fdc9aa000-7f0fdc9ab000 rw-p 00000000 00:00 0 
7f0fdc9ab000-7f0fdc9b4000 r--s 0005a000 08:01 17171911                   /home/shiwali/soar/SoarSuite/out/java/soar-debugger.jar
7f0fdc9b4000-7f0fdc9b5000 r--s 00001000 08:01 17171909                   /home/shiwali/soar/SoarSuite/out/java/soar-debugger-api.jar
7f0fdc9b5000-7f0fdc9b6000 r--s 00003000 08:01 17171915                   /home/shiwali/soar/SoarSuite/out/java/swtgraphics2d.jar
7f0fdc9b6000-7f0fdc9b8000 r--s 00005000 08:01 17171902                   /home/shiwali/soar/SoarSuite/out/java/soar-smljava.jar
7f0fdc9b8000-7f0fdc9c1000 r--s 000bc000 08:01 4465943                    /usr/lib/jvm/java-7-openjdk-common/jre/lib/resources.jar
7f0fdc9c1000-7f0fdc9c4000 r--s 00018000 08:01 17171891                   /home/shiwali/soar/SoarSuite/out/java/sml.jar
7f0fdc9c4000-7f0fdc9c8000 r--s 00085000 08:01 4465946                    /usr/lib/jvm/java-7-openjdk-common/jre/lib/ext/localedata.jar
7f0fdc9c8000-7f0fdc9d2000 rw-p 00000000 00:00 0 
7f0fdc9d2000-7f0fdca88000 rw-p 00000000 00:00 0 
7f0fdca88000-7f0fdca8b000 ---p 00000000 00:00 0 
7f0fdca8b000-7f0fdcb8e000 rw-p 00000000 00:00 0                          [stack:11424]
7f0fdcb8e000-7f0fdcb91000 r--s 00032000 08:01 4465947                    /usr/lib/jvm/java-7-openjdk-common/jre/lib/ext/sunjce_provider.jar
7f0fdcb91000-7f0fdcb94000 r--s 0003c000 08:01 4465945                    /usr/lib/jvm/java-7-openjdk-common/jre/lib/ext/sunpkcs11.jar
7f0fdcb94000-7f0fdcb95000 r--s 00002000 08:01 4465949                    /usr/lib/jvm/java-7-openjdk-common/jre/lib/ext/dnsns.jar
7f0fdcb95000-7f0fdcb98000 r--s 0000f000 08:01 4465948                    /usr/lib/jvm/java-7-openjdk-common/jre/lib/ext/pulse-java.jar
7f0fdcb98000-7f0fdcb9a000 r--s 00006000 08:01 4855577                    /usr/share/java/java-atk-wrapper.jar
7f0fdcb9a000-7f0fdcb9c000 r--s 00012000 08:01 4465950                    /usr/lib/jvm/java-7-openjdk-common/jre/lib/ext/zipfs.jar
7f0fdcb9c000-7f0fdcba4000 rw-s 00000000 08:01 6160712                    /tmp/hsperfdata_shiwali/11423
7f0fdcba4000-7f0fdcba5000 rw-p 00000000 00:00 0 
7f0fdcba5000-7f0fdcba6000 r--p 00000000 00:00 0 
7f0fdcba6000-7f0fdcba8000 rw-p 00000000 00:00 0 
7f0fdcba8000-7f0fdcba9000 r--p 00022000 08:01 6032978                    /lib/x86_64-linux-gnu/ld-2.17.so
7f0fdcba9000-7f0fdcbab000 rw-p 00023000 08:01 6032978                    /lib/x86_64-linux-gnu/ld-2.17.so
7fff04f88000-7fff04fa9000 rw-p 00000000 00:00 0                          [stack]
7fff04ffe000-7fff05000000 r-xp 00000000 00:00 0                          [vdso]
ffffffffff600000-ffffffffff601000 r-xp 00000000 00:00 0                  [vsyscall]

VM Arguments:
jvm_args: -Dfile.encoding=UTF-8 
java_command: edu.umich.insoar.InSoar
Launcher Type: SUN_STANDARD

Environment Variables:
PATH=/usr/lib/lightdm/lightdm:/usr/local/sbin:/usr/local/bin:/usr/sbin:/usr/bin:/sbin:/bin:/usr/games:/usr/local/games
LD_LIBRARY_PATH=/home/shiwali/soar/SoarSuite/out
SHELL=/bin/bash
DISPLAY=:0

Signal Handlers:
SIGSEGV: [libjvm.so+0x84f410], sa_mask[0]=0x7ffbfeff, sa_flags=0x10000004
SIGBUS: [libjvm.so+0x84f410], sa_mask[0]=0x7ffbfeff, sa_flags=0x10000004
SIGFPE: [libjvm.so+0x6f19a0], sa_mask[0]=0x7ffbfeff, sa_flags=0x10000004
SIGPIPE: SIG_IGN, sa_mask[0]=0x00000000, sa_flags=0x00000000
SIGXFSZ: [libjvm.so+0x6f19a0], sa_mask[0]=0x7ffbfeff, sa_flags=0x10000004
SIGILL: [libjvm.so+0x6f19a0], sa_mask[0]=0x7ffbfeff, sa_flags=0x10000004
SIGUSR1: SIG_DFL, sa_mask[0]=0x00000000, sa_flags=0x00000000
SIGUSR2: [libjvm.so+0x6f1d70], sa_mask[0]=0x00000004, sa_flags=0x10000004
SIGHUP: [libjvm.so+0x6f1eb0], sa_mask[0]=0x7ffbfeff, sa_flags=0x10000004
SIGINT: [libjvm.so+0x6f1eb0], sa_mask[0]=0x7ffbfeff, sa_flags=0x10000004
SIGTERM: [libjvm.so+0x6f1eb0], sa_mask[0]=0x7ffbfeff, sa_flags=0x10000004
SIGQUIT: [libjvm.so+0x6f1eb0], sa_mask[0]=0x7ffbfeff, sa_flags=0x10000004


---------------  S Y S T E M  ---------------

OS:Ubuntu 13.04 (raring)
uname:Linux 3.8.0-27-generic #40-Ubuntu SMP Tue Jul 9 00:17:05 UTC 2013 x86_64
libc:glibc 2.17 NPTL 2.17 
rlimit: STACK 8192k, CORE 0k, NPROC 63152, NOFILE 4096, AS infinity
load average:3.61 2.70 2.40

/proc/meminfo:
MemTotal:        8102568 kB
MemFree:         1126456 kB
Buffers:          136996 kB
Cached:          1716000 kB
SwapCached:            0 kB
Active:          5125444 kB
Inactive:        1176844 kB
Active(anon):    4453712 kB
Inactive(anon):    82564 kB
Active(file):     671732 kB
Inactive(file):  1094280 kB
Unevictable:         100 kB
Mlocked:             100 kB
SwapTotal:       8311804 kB
SwapFree:        8311804 kB
Dirty:               476 kB
Writeback:             0 kB
AnonPages:       4449432 kB
Mapped:           291884 kB
Shmem:             86988 kB
Slab:             152620 kB
SReclaimable:     106092 kB
SUnreclaim:        46528 kB
KernelStack:        6328 kB
PageTables:        54012 kB
NFS_Unstable:          0 kB
Bounce:                0 kB
WritebackTmp:          0 kB
CommitLimit:    12363088 kB
Committed_AS:   10163576 kB
VmallocTotal:   34359738367 kB
VmallocUsed:      101192 kB
VmallocChunk:   34359608928 kB
HardwareCorrupted:     0 kB
AnonHugePages:         0 kB
HugePages_Total:       0
HugePages_Free:        0
HugePages_Rsvd:        0
HugePages_Surp:        0
Hugepagesize:       2048 kB
DirectMap4k:       68412 kB
DirectMap2M:     8245248 kB


CPU:total 8 (4 cores per cpu, 2 threads per core) family 6 model 30 stepping 5, cmov, cx8, fxsr, mmx, sse, sse2, sse3, ssse3, sse4.1, sse4.2, popcnt, ht, tsc, tscinvbit

/proc/cpuinfo:
processor	: 0
vendor_id	: GenuineIntel
cpu family	: 6
model		: 30
model name	: Intel(R) Core(TM) i7 CPU         860  @ 2.80GHz
stepping	: 5
microcode	: 0x5
cpu MHz		: 2794.000
cache size	: 8192 KB
physical id	: 0
siblings	: 8
core id		: 0
cpu cores	: 4
apicid		: 0
initial apicid	: 0
fpu		: yes
fpu_exception	: yes
cpuid level	: 11
wp		: yes
flags		: fpu vme de pse tsc msr pae mce cx8 apic sep mtrr pge mca cmov pat pse36 clflush dts acpi mmx fxsr sse sse2 ss ht tm pbe syscall nx rdtscp lm constant_tsc arch_perfmon pebs bts rep_good nopl xtopology nonstop_tsc aperfmperf pni dtes64 monitor ds_cpl vmx smx est tm2 ssse3 cx16 xtpr pdcm sse4_1 sse4_2 popcnt lahf_lm ida dtherm tpr_shadow vnmi flexpriority ept vpid
bogomips	: 5585.99
clflush size	: 64
cache_alignment	: 64
address sizes	: 36 bits physical, 48 bits virtual
power management:

processor	: 1
vendor_id	: GenuineIntel
cpu family	: 6
model		: 30
model name	: Intel(R) Core(TM) i7 CPU         860  @ 2.80GHz
stepping	: 5
microcode	: 0x5
cpu MHz		: 1197.000
cache size	: 8192 KB
physical id	: 0
siblings	: 8
core id		: 1
cpu cores	: 4
apicid		: 2
initial apicid	: 2
fpu		: yes
fpu_exception	: yes
cpuid level	: 11
wp		: yes
flags		: fpu vme de pse tsc msr pae mce cx8 apic sep mtrr pge mca cmov pat pse36 clflush dts acpi mmx fxsr sse sse2 ss ht tm pbe syscall nx rdtscp lm constant_tsc arch_perfmon pebs bts rep_good nopl xtopology nonstop_tsc aperfmperf pni dtes64 monitor ds_cpl vmx smx est tm2 ssse3 cx16 xtpr pdcm sse4_1 sse4_2 popcnt lahf_lm ida dtherm tpr_shadow vnmi flexpriority ept vpid
bogomips	: 5585.99
clflush size	: 64
cache_alignment	: 64
address sizes	: 36 bits physical, 48 bits virtual
power management:

processor	: 2
vendor_id	: GenuineIntel
cpu family	: 6
model		: 30
model name	: Intel(R) Core(TM) i7 CPU         860  @ 2.80GHz
stepping	: 5
microcode	: 0x5
cpu MHz		: 2794.000
cache size	: 8192 KB
physical id	: 0
siblings	: 8
core id		: 2
cpu cores	: 4
apicid		: 4
initial apicid	: 4
fpu		: yes
fpu_exception	: yes
cpuid level	: 11
wp		: yes
flags		: fpu vme de pse tsc msr pae mce cx8 apic sep mtrr pge mca cmov pat pse36 clflush dts acpi mmx fxsr sse sse2 ss ht tm pbe syscall nx rdtscp lm constant_tsc arch_perfmon pebs bts rep_good nopl xtopology nonstop_tsc aperfmperf pni dtes64 monitor ds_cpl vmx smx est tm2 ssse3 cx16 xtpr pdcm sse4_1 sse4_2 popcnt lahf_lm ida dtherm tpr_shadow vnmi flexpriority ept vpid
bogomips	: 5585.99
clflush size	: 64
cache_alignment	: 64
address sizes	: 36 bits physical, 48 bits virtual
power management:

processor	: 3
vendor_id	: GenuineIntel
cpu family	: 6
model		: 30
model name	: Intel(R) Core(TM) i7 CPU         860  @ 2.80GHz
stepping	: 5
microcode	: 0x5
cpu MHz		: 1197.000
cache size	: 8192 KB
physical id	: 0
siblings	: 8
core id		: 3
cpu cores	: 4
apicid		: 6
initial apicid	: 6
fpu		: yes
fpu_exception	: yes
cpuid level	: 11
wp		: yes
flags		: fpu vme de pse tsc msr pae mce cx8 apic sep mtrr pge mca cmov pat pse36 clflush dts acpi mmx fxsr sse sse2 ss ht tm pbe syscall nx rdtscp lm constant_tsc arch_perfmon pebs bts rep_good nopl xtopology nonstop_tsc aperfmperf pni dtes64 monitor ds_cpl vmx smx est tm2 ssse3 cx16 xtpr pdcm sse4_1 sse4_2 popcnt lahf_lm ida dtherm tpr_shadow vnmi flexpriority ept vpid
bogomips	: 5585.99
clflush size	: 64
cache_alignment	: 64
address sizes	: 36 bits physical, 48 bits virtual
power management:

processor	: 4
vendor_id	: GenuineIntel
cpu family	: 6
model		: 30
model name	: Intel(R) Core(TM) i7 CPU         860  @ 2.80GHz
stepping	: 5
microcode	: 0x5
cpu MHz		: 1197.000
cache size	: 8192 KB
physical id	: 0
siblings	: 8
core id		: 0
cpu cores	: 4
apicid		: 1
initial apicid	: 1
fpu		: yes
fpu_exception	: yes
cpuid level	: 11
wp		: yes
flags		: fpu vme de pse tsc msr pae mce cx8 apic sep mtrr pge mca cmov pat pse36 clflush dts acpi mmx fxsr sse sse2 ss ht tm pbe syscall nx rdtscp lm constant_tsc arch_perfmon pebs bts rep_good nopl xtopology nonstop_tsc aperfmperf pni dtes64 monitor ds_cpl vmx smx est tm2 ssse3 cx16 xtpr pdcm sse4_1 sse4_2 popcnt lahf_lm ida dtherm tpr_shadow vnmi flexpriority ept vpid
bogomips	: 5585.99
clflush size	: 64
cache_alignment	: 64
address sizes	: 36 bits physical, 48 bits virtual
power management:

processor	: 5
vendor_id	: GenuineIntel
cpu family	: 6
model		: 30
model name	: Intel(R) Core(TM) i7 CPU         860  @ 2.80GHz
stepping	: 5
microcode	: 0x5
cpu MHz		: 1197.000
cache size	: 8192 KB
physical id	: 0
siblings	: 8
core id		: 1
cpu cores	: 4
apicid		: 3
initial apicid	: 3
fpu		: yes
fpu_exception	: yes
cpuid level	: 11
wp		: yes
flags		: fpu vme de pse tsc msr pae mce cx8 apic sep mtrr pge mca cmov pat pse36 clflush dts acpi mmx fxsr sse sse2 ss ht tm pbe syscall nx rdtscp lm constant_tsc arch_perfmon pebs bts rep_good nopl xtopology nonstop_tsc aperfmperf pni dtes64 monitor ds_cpl vmx smx est tm2 ssse3 cx16 xtpr pdcm sse4_1 sse4_2 popcnt lahf_lm ida dtherm tpr_shadow vnmi flexpriority ept vpid
bogomips	: 5585.99
clflush size	: 64
cache_alignment	: 64
address sizes	: 36 bits physical, 48 bits virtual
power management:

processor	: 6
vendor_id	: GenuineIntel
cpu family	: 6
model		: 30
model name	: Intel(R) Core(TM) i7 CPU         860  @ 2.80GHz
stepping	: 5
microcode	: 0x5
cpu MHz		: 1197.000
cache size	: 8192 KB
physical id	: 0
siblings	: 8
core id		: 2
cpu cores	: 4
apicid		: 5
initial apicid	: 5
fpu		: yes
fpu_exception	: yes
cpuid level	: 11
wp		: yes
flags		: fpu vme de pse tsc msr pae mce cx8 apic sep mtrr pge mca cmov pat pse36 clflush dts acpi mmx fxsr sse sse2 ss ht tm pbe syscall nx rdtscp lm constant_tsc arch_perfmon pebs bts rep_good nopl xtopology nonstop_tsc aperfmperf pni dtes64 monitor ds_cpl vmx smx est tm2 ssse3 cx16 xtpr pdcm sse4_1 sse4_2 popcnt lahf_lm ida dtherm tpr_shadow vnmi flexpriority ept vpid
bogomips	: 5585.99
clflush size	: 64
cache_alignment	: 64
address sizes	: 36 bits physical, 48 bits virtual
power management:

processor	: 7
vendor_id	: GenuineIntel
cpu family	: 6
model		: 30
model name	: Intel(R) Core(TM) i7 CPU         860  @ 2.80GHz
stepping	: 5
microcode	: 0x5
cpu MHz		: 1197.000
cache size	: 8192 KB
physical id	: 0
siblings	: 8
core id		: 3
cpu cores	: 4
apicid		: 7
initial apicid	: 7
fpu		: yes
fpu_exception	: yes
cpuid level	: 11
wp		: yes
flags		: fpu vme de pse tsc msr pae mce cx8 apic sep mtrr pge mca cmov pat pse36 clflush dts acpi mmx fxsr sse sse2 ss ht tm pbe syscall nx rdtscp lm constant_tsc arch_perfmon pebs bts rep_good nopl xtopology nonstop_tsc aperfmperf pni dtes64 monitor ds_cpl vmx smx est tm2 ssse3 cx16 xtpr pdcm sse4_1 sse4_2 popcnt lahf_lm ida dtherm tpr_shadow vnmi flexpriority ept vpid
bogomips	: 5585.99
clflush size	: 64
cache_alignment	: 64
address sizes	: 36 bits physical, 48 bits virtual
power management:



Memory: 4k page, physical 8102568k(1126456k free), swap 8311804k(8311804k free)

vm_info: OpenJDK 64-Bit Server VM (23.7-b01) for linux-amd64 JRE (1.7.0_25-b30), built on Jul  3 2013 13:50:39 by "buildd" with gcc 4.7.3

time: Mon Aug 19 16:20:59 2013
elapsed time: 110 seconds

