#
# A fatal error has been detected by the Java Runtime Environment:
#
#  SIGSEGV (0xb) at pc=0x00007f63468425a4, pid=24977, tid=140064350934784
#
# JRE version: 7.0_25-b30
# Java VM: OpenJDK 64-Bit Server VM (23.7-b01 mixed mode linux-amd64 compressed oops)
# Problematic frame:
# C  [libSoar.so+0x21f5a4]  print_match_set(agent_struct*, unsigned char, unsigned char)+0x14a
#
# Failed to write core dump. Core dumps have been disabled. To enable core dumping, try "ulimit -c unlimited" before starting Java again
#
# If you would like to submit a bug report, please include
# instructions on how to reproduce the bug and visit:
#   https://bugs.launchpad.net/ubuntu/+source/openjdk-7/
#

---------------  T H R E A D  ---------------

Current thread is native thread

siginfo:si_signo=SIGSEGV: si_errno=0, si_code=1 (SEGV_MAPERR), si_addr=0x0000000000000000

Registers:
RAX=0x0000000000000000, RBX=0x0000000000000000, RCX=0x00007f62dcd7fbb8, RDX=0x00007f62dc045a28
RSP=0x00007f6345e20150, RBP=0x00007f6345e201f0, RSI=0x00007f62dcd7fbb8, RDI=0x00007f62dc322d18
R8 =0x0000000000000000, R9 =0x0000000000000028, R10=0x0000000000000003, R11=0x00007f62dc000078
R12=0x0000000000000000, R13=0x00007f635a4a4060, R14=0x00007f635a47b4e0, R15=0x0000000000001000
RIP=0x00007f63468425a4, EFLAGS=0x0000000000010246, CSGSFS=0x0000000000000033, ERR=0x0000000000000004
  TRAPNO=0x000000000000000e

Top of Stack: (sp=0x00007f6345e20150)
0x00007f6345e20150:   00007f0145e20200 00007f62dc000dd0
0x00007f6345e20160:   0000000000000000 00007f62dd0aa450
0x00007f6345e20170:   00007f62dcd7fbb8 00007f62dcd7fbb8
0x00007f6345e20180:   00007f6345e20410 00007f6345e202c0
0x00007f6345e20190:   00007f62dd648840 00007f62dd648840
0x00007f6345e201a0:   0000000100000000 00007f6346a517ba
0x00007f6345e201b0:   00007f62dd04cd60 00007f63541bb230
0x00007f6345e201c0:   00007f6345e20220 0000000000000061
0x00007f6345e201d0:   00007f635a4a4060 00007f635a47b4e0
0x00007f6345e201e0:   0000000000001000 00007f62dc017460
0x00007f6345e201f0:   00007f6345e20260 00007f6346a35131
0x00007f6345e20200:   00007f6345e20250 0000000000000000
0x00007f6345e20210:   0000000300000000 00007f63541b7350
0x00007f6345e20220:   0000000000001000 00017f6346a772ba
0x00007f6345e20230:   00007f6345e20370 00007f62dc000dd0
0x00007f6345e20240:   00007f6345e20260 00007f6345e202c0
0x00007f6345e20250:   00007f6345e20280 0000000000000000
0x00007f6345e20260:   00007f6345e203a0 00007f6346a5a6c5
0x00007f6345e20270:   00007f6345e20410 00007f63541bb230
0x00007f6345e20280:   00007f6345e202b0 0000000300000000
0x00007f6345e20290:   0000000000000001 00007f6345e20370
0x00007f6345e202a0:   00007f62dd04cd70 00007f63541bb230
0x00007f6345e202b0:   00007f6345e202e0 00007f6346a6a700
0x00007f6345e202c0:   ffffffff00000001 00007f63589b54d8
0x00007f6345e202d0:   00007f6200000000 00007f63589b54d8
0x00007f6345e202e0:   0000000000000061 00007f6346c54e4b
0x00007f6345e202f0:   0000000000000000 0000000000000063
0x00007f6345e20300:   00007f6346c54427 0000000000000000
0x00007f6345e20310:   000000000000006e 00007f6346c54e56
0x00007f6345e20320:   0000000000000000 0000000000000072
0x00007f6345e20330:   00007f6346c54e5c 0000000000000000
0x00007f6345e20340:   0000000000000074 00007f6346c54e68 

Instructions: (pc=0x00007f63468425a4)
0x00007f6346842584:   ff e9 b7 00 00 00 48 8b 85 78 ff ff ff 48 8b 50
0x00007f6346842594:   40 48 8b 85 78 ff ff ff 48 8b 40 20 48 8b 40 30
0x00007f63468425a4:   48 8b 00 48 8b 4d 80 48 89 ce 48 89 c7 e8 4a fe
0x00007f63468425b4:   ff ff 48 89 45 88 48 83 7d 88 00 0f 95 c0 84 c0 

Register to memory mapping:

RAX=0x0000000000000000 is an unknown value
RBX=0x0000000000000000 is an unknown value
RCX=0x00007f62dcd7fbb8 is an unknown value
RDX=0x00007f62dc045a28 is an unknown value
RSP=0x00007f6345e20150 is an unknown value
RBP=0x00007f6345e201f0 is an unknown value
RSI=0x00007f62dcd7fbb8 is an unknown value
RDI=0x00007f62dc322d18 is an unknown value
R8 =0x0000000000000000 is an unknown value
R9 =0x0000000000000028 is an unknown value
R10=0x0000000000000003 is an unknown value
R11=0x00007f62dc000078 is an unknown value
R12=0x0000000000000000 is an unknown value
R13=0x00007f635a4a4060: _rtld_global+0 in /lib64/ld-linux-x86-64.so.2 at 0x00007f635a281000
R14=0x00007f635a47b4e0 is pointing into the stack for thread: 0x00007f6354009800
R15=0x0000000000001000 is an unknown value


Stack: [0x00007f6345621000,0x00007f6345e22000],  sp=0x00007f6345e20150,  free space=8188k
Native frames: (J=compiled Java code, j=interpreted, Vv=VM code, C=native code)
C  [libSoar.so+0x21f5a4]  print_match_set(agent_struct*, unsigned char, unsigned char)+0x14a
C  [libSoar.so+0x412131]  cli::CommandLineInterface::DoMatches(cli::Cli::eMatchesMode, cli::Cli::eWMEDetail, std::string const*)+0x203
C  [libSoar.so+0x4376c5]  cli::MatchesCommand::Parse(std::vector<std::string, std::allocator<std::string> >&)+0x3e1
C  [libSoar.so+0x42e79f]  cli::Parser::handle_command(std::vector<std::string, std::allocator<std::string> >&)+0x91
C  [libSoar.so+0x42d4c6]  soar::tokenizer::parse_command()+0x1d0
C  [libSoar.so+0x42d26c]  soar::tokenizer::evaluate(char const*)+0x60
C  [libSoar.so+0x42073b]  cli::CommandLineInterface::Source(char const*, bool)+0x61
C  [libSoar.so+0x42aa43]  cli::CommandLineInterface::DoCommand(sml::Connection*, sml::AgentSML*, char const*, bool, bool, soarxml::ElementXML*)+0x11d
C  [libSoar.so+0x38c019]  sml::KernelSML::HandleCommandLine(sml::AgentSML*, char const*, sml::Connection*, sml::AnalyzeXML*, soarxml::ElementXML*)+0x481
C  [libSoar.so+0x3882f3]  sml::KernelSML::ProcessCommand(char const*, sml::Connection*, sml::AnalyzeXML*, soarxml::ElementXML*)+0x325
C  [libSoar.so+0x3885bf]  sml::KernelSML::ProcessIncomingSML(sml::Connection*, soarxml::ElementXML*)+0x119
C  [libSoar.so+0x37f0f0]  ReceivedCall(sml::Connection*, soarxml::ElementXML*, void*)+0x3b
C  [libSoar.so+0x3f7008]  sml::Callback::Invoke(soarxml::ElementXML*)+0x30
C  [libSoar.so+0x3f0cfb]  sml::Connection::InvokeCallbacks(soarxml::ElementXML*)+0x105
C  [libSoar.so+0x3f439d]  sml::RemoteConnection::ReceiveMessages(bool, int, int)+0x229
C  [libSoar.so+0x3f4171]  sml::RemoteConnection::ReceiveMessages(bool)+0x2b
C  [libSoar.so+0x385585]  sml::ConnectionManager::ReceiveAllMessages()+0x6f
C  [libSoar.so+0x38df92]  sml::ReceiverThread::Run()+0x2e
C  [libSoar.so+0x3f6cad]  ThreadStartFunction(void*)+0x2b
C  [libSoar.so+0x3f6b65]  LinuxThreadFunc(void*)+0x28


---------------  P R O C E S S  ---------------

VM state:not at safepoint (normal execution)

VM Mutex/Monitor currently owned by a thread: None

Heap
 PSYoungGen      total 657600K, used 390260K [0x00000007d6c00000, 0x00000007ff850000, 0x0000000800000000)
  eden space 647808K, 60% used [0x00000007d6c00000,0x00000007ee8fd0f8,0x00000007fe4a0000)
  from space 9792K, 1% used [0x00000007fee60000,0x00000007fee80000,0x00000007ff7f0000)
  to   space 9984K, 0% used [0x00000007fe4a0000,0x00000007fe4a0000,0x00000007fee60000)
 ParOldGen       total 84480K, used 13868K [0x0000000784400000, 0x0000000789680000, 0x00000007d6c00000)
  object space 84480K, 16% used [0x0000000784400000,0x000000078518b110,0x0000000789680000)
 PSPermGen       total 21248K, used 17134K [0x0000000779e00000, 0x000000077b2c0000, 0x0000000784400000)
  object space 21248K, 80% used [0x0000000779e00000,0x000000077aebb9b8,0x000000077b2c0000)

Card table byte_map: [0x00007f634fb43000,0x00007f634ff75000] byte_map_base: 0x00007f634bf74000

Polling page: 0x00007f635a4a0000

Code Cache  [0x00007f634ff75000, 0x00007f63501e5000, 0x00007f6352f75000)
 total_blobs=972 nmethods=435 adapters=489 free_code_cache=47504Kb largest_free_block=48593600

Compilation events (10 events):
Event: 4729.275 Thread 0x00007f6354116800  449             java.util.TreeMap::getEntry (84 bytes)
Event: 4729.278 Thread 0x00007f6354116800 nmethod 449 0x00007f634ffe6810 code [0x00007f634ffe6980, 0x00007f634ffe6bb8]
Event: 5479.791 Thread 0x00007f6354119800   10 % !         sun.awt.X11.XToolkit::run @ 59 (407 bytes)
Event: 5479.891 Thread 0x00007f6354119800 nmethod 10% 0x00007f635010b090 code [0x00007f635010b900, 0x00007f635010f5b0]
Event: 7510.808 Thread 0x00007f6354116800  451             sun.awt.X11.Native::getLong (25 bytes)
Event: 7510.808 Thread 0x00007f6354116800 nmethod 451 0x00007f634ffe6550 code [0x00007f634ffe66a0, 0x00007f634ffe6738]
Event: 7546.559 Thread 0x00007f6354119800  453             edu.umich.insoar.world.WMUtil::updateStringWME (74 bytes)
Event: 7546.564 Thread 0x00007f6354119800 nmethod 453 0x00007f63500af850 code [0x00007f63500afa20, 0x00007f63500afef0]
Event: 7706.292 Thread 0x00007f6354116800   11 % !         sun.awt.X11.XToolkit::run @ 59 (407 bytes)
Event: 7706.387 Thread 0x00007f6354116800 nmethod 11% 0x00007f6350114350 code [0x00007f6350114bc0, 0x00007f6350118870]

GC Heap History (10 events):
Event: 2.983 GC heap before
{Heap before GC invocations=8 (full 0):
 PSYoungGen      total 134912K, used 127936K [0x00000007d6c00000, 0x00000007e7500000, 0x0000000800000000)
  eden space 126720K, 100% used [0x00000007d6c00000,0x00000007de7c0000,0x00000007de7c0000)
  from space 8192K, 14% used [0x00000007de7c0000,0x00000007de8f0000,0x00000007defc0000)
  to   space 8960K, 0% used [0x00000007e6c40000,0x00000007e6c40000,0x00000007e7500000)
 ParOldGen       total 84480K, used 9611K [0x0000000784400000, 0x0000000789680000, 0x00000007d6c00000)
  object space 84480K, 11% used [0x0000000784400000,0x0000000784d62f78,0x0000000789680000)
 PSPermGen       total 21248K, used 3569K [0x0000000779e00000, 0x000000077b2c0000, 0x0000000784400000)
  object space 21248K, 16% used [0x0000000779e00000,0x000000077a17c490,0x000000077b2c0000)
Event: 2.989 GC heap after
Heap after GC invocations=8 (full 0):
 PSYoungGen      total 262080K, used 1728K [0x00000007d6c00000, 0x00000007e75a0000, 0x0000000800000000)
  eden space 253120K, 0% used [0x00000007d6c00000,0x00000007d6c00000,0x00000007e6330000)
  from space 8960K, 19% used [0x00000007e6c40000,0x00000007e6df0000,0x00000007e7500000)
  to   space 9280K, 0% used [0x00000007e6330000,0x00000007e6330000,0x00000007e6c40000)
 ParOldGen       total 84480K, used 9627K [0x0000000784400000, 0x0000000789680000, 0x00000007d6c00000)
  object space 84480K, 11% used [0x0000000784400000,0x0000000784d66f78,0x0000000789680000)
 PSPermGen       total 21248K, used 3569K [0x0000000779e00000, 0x000000077b2c0000, 0x0000000784400000)
  object space 21248K, 16% used [0x0000000779e00000,0x000000077a17c490,0x000000077b2c0000)
}
Event: 1240.086 GC heap before
{Heap before GC invocations=9 (full 0):
 PSYoungGen      total 262080K, used 254848K [0x00000007d6c00000, 0x00000007e75a0000, 0x0000000800000000)
  eden space 253120K, 100% used [0x00000007d6c00000,0x00000007e6330000,0x00000007e6330000)
  from space 8960K, 19% used [0x00000007e6c40000,0x00000007e6df0000,0x00000007e7500000)
  to   space 9280K, 0% used [0x00000007e6330000,0x00000007e6330000,0x00000007e6c40000)
 ParOldGen       total 84480K, used 9627K [0x0000000784400000, 0x0000000789680000, 0x00000007d6c00000)
  object space 84480K, 11% used [0x0000000784400000,0x0000000784d66f78,0x0000000789680000)
 PSPermGen       total 21248K, used 17114K [0x0000000779e00000, 0x000000077b2c0000, 0x0000000784400000)
  object space 21248K, 80% used [0x0000000779e00000,0x000000077aeb6a78,0x000000077b2c0000)
Event: 1240.093 GC heap after
Heap after GC invocations=9 (full 0):
 PSYoungGen      total 262400K, used 7047K [0x00000007d6c00000, 0x00000007f0a60000, 0x0000000800000000)
  eden space 253120K, 0% used [0x00000007d6c00000,0x00000007d6c00000,0x00000007e6330000)
  from space 9280K, 75% used [0x00000007e6330000,0x00000007e6a11fe0,0x00000007e6c40000)
  to   space 9664K, 0% used [0x00000007f00f0000,0x00000007f00f0000,0x00000007f0a60000)
 ParOldGen       total 84480K, used 9723K [0x0000000784400000, 0x0000000789680000, 0x00000007d6c00000)
  object space 84480K, 11% used [0x0000000784400000,0x0000000784d7ef78,0x0000000789680000)
 PSPermGen       total 21248K, used 17114K [0x0000000779e00000, 0x000000077b2c0000, 0x0000000784400000)
  object space 21248K, 80% used [0x0000000779e00000,0x000000077aeb6a78,0x000000077b2c0000)
}
Event: 1931.357 GC heap before
{Heap before GC invocations=10 (full 0):
 PSYoungGen      total 262400K, used 260167K [0x00000007d6c00000, 0x00000007f0a60000, 0x0000000800000000)
  eden space 253120K, 100% used [0x00000007d6c00000,0x00000007e6330000,0x00000007e6330000)
  from space 9280K, 75% used [0x00000007e6330000,0x00000007e6a11fe0,0x00000007e6c40000)
  to   space 9664K, 0% used [0x00000007f00f0000,0x00000007f00f0000,0x00000007f0a60000)
 ParOldGen       total 84480K, used 9723K [0x0000000784400000, 0x0000000789680000, 0x00000007d6c00000)
  object space 84480K, 11% used [0x0000000784400000,0x0000000784d7ef78,0x0000000789680000)
 PSPermGen       total 21248K, used 17126K [0x0000000779e00000, 0x000000077b2c0000, 0x0000000784400000)
  object space 21248K, 80% used [0x0000000779e00000,0x000000077aeb9858,0x000000077b2c0000)
Event: 1931.362 GC heap after
Heap after GC invocations=10 (full 0):
 PSYoungGen      total 414016K, used 4197K [0x00000007d6c00000, 0x00000007f09c0000, 0x0000000800000000)
  eden space 404992K, 0% used [0x00000007d6c00000,0x00000007d6c00000,0x00000007ef780000)
  from space 9024K, 46% used [0x00000007f00f0000,0x00000007f05094e0,0x00000007f09c0000)
  to   space 9344K, 0% used [0x00000007ef780000,0x00000007ef780000,0x00000007f00a0000)
 ParOldGen       total 84480K, used 9755K [0x0000000784400000, 0x0000000789680000, 0x00000007d6c00000)
  object space 84480K, 11% used [0x0000000784400000,0x0000000784d86f78,0x0000000789680000)
 PSPermGen       total 21248K, used 17126K [0x0000000779e00000, 0x000000077b2c0000, 0x0000000784400000)
  object space 21248K, 80% used [0x0000000779e00000,0x000000077aeb9858,0x000000077b2c0000)
}
Event: 4662.409 GC heap before
{Heap before GC invocations=11 (full 0):
 PSYoungGen      total 414016K, used 409189K [0x00000007d6c00000, 0x00000007f09c0000, 0x0000000800000000)
  eden space 404992K, 100% used [0x00000007d6c00000,0x00000007ef780000,0x00000007ef780000)
  from space 9024K, 46% used [0x00000007f00f0000,0x00000007f05094e0,0x00000007f09c0000)
  to   space 9344K, 0% used [0x00000007ef780000,0x00000007ef780000,0x00000007f00a0000)
 ParOldGen       total 84480K, used 9755K [0x0000000784400000, 0x0000000789680000, 0x00000007d6c00000)
  object space 84480K, 11% used [0x0000000784400000,0x0000000784d86f78,0x0000000789680000)
 PSPermGen       total 21248K, used 17129K [0x0000000779e00000, 0x000000077b2c0000, 0x0000000784400000)
  object space 21248K, 80% used [0x0000000779e00000,0x000000077aeba558,0x000000077b2c0000)
Event: 4662.421 GC heap after
Heap after GC invocations=11 (full 0):
 PSYoungGen      total 414336K, used 160K [0x00000007d6c00000, 0x00000007ff7f0000, 0x0000000800000000)
  eden space 404992K, 0% used [0x00000007d6c00000,0x00000007d6c00000,0x00000007ef780000)
  from space 9344K, 1% used [0x00000007ef780000,0x00000007ef7a8000,0x00000007f00a0000)
  to   space 9792K, 0% used [0x00000007fee60000,0x00000007fee60000,0x00000007ff7f0000)
 ParOldGen       total 84480K, used 13852K [0x0000000784400000, 0x0000000789680000, 0x00000007d6c00000)
  object space 84480K, 16% used [0x0000000784400000,0x0000000785187110,0x0000000789680000)
 PSPermGen       total 21248K, used 17129K [0x0000000779e00000, 0x000000077b2c0000, 0x0000000784400000)
  object space 21248K, 80% used [0x0000000779e00000,0x000000077aeba558,0x000000077b2c0000)
}
Event: 7403.218 GC heap before
{Heap before GC invocations=12 (full 0):
 PSYoungGen      total 414336K, used 405152K [0x00000007d6c00000, 0x00000007ff7f0000, 0x0000000800000000)
  eden space 404992K, 100% used [0x00000007d6c00000,0x00000007ef780000,0x00000007ef780000)
  from space 9344K, 1% used [0x00000007ef780000,0x00000007ef7a8000,0x00000007f00a0000)
  to   space 9792K, 0% used [0x00000007fee60000,0x00000007fee60000,0x00000007ff7f0000)
 ParOldGen       total 84480K, used 13852K [0x0000000784400000, 0x0000000789680000, 0x00000007d6c00000)
  object space 84480K, 16% used [0x0000000784400000,0x0000000785187110,0x0000000789680000)
 PSPermGen       total 21248K, used 17131K [0x0000000779e00000, 0x000000077b2c0000, 0x0000000784400000)
  object space 21248K, 80% used [0x0000000779e00000,0x000000077aebad20,0x000000077b2c0000)
Event: 7403.219 GC heap after
Heap after GC invocations=12 (full 0):
 PSYoungGen      total 657600K, used 128K [0x00000007d6c00000, 0x00000007ff850000, 0x0000000800000000)
  eden space 647808K, 0% used [0x00000007d6c00000,0x00000007d6c00000,0x00000007fe4a0000)
  from space 9792K, 1% used [0x00000007fee60000,0x00000007fee80000,0x00000007ff7f0000)
  to   space 9984K, 0% used [0x00000007fe4a0000,0x00000007fe4a0000,0x00000007fee60000)
 ParOldGen       total 84480K, used 13868K [0x0000000784400000, 0x0000000789680000, 0x00000007d6c00000)
  object space 84480K, 16% used [0x0000000784400000,0x000000078518b110,0x0000000789680000)
 PSPermGen       total 21248K, used 17131K [0x0000000779e00000, 0x000000077b2c0000, 0x0000000784400000)
  object space 21248K, 80% used [0x0000000779e00000,0x000000077aebad20,0x000000077b2c0000)
}

Deoptimization events (10 events):
Event: 1223.754 Thread 0x00007f62d00df800 Uncommon trap -58 fr.pc 0x00007f63500aeba4
Event: 1223.754 Thread 0x00007f62d00df800 Uncommon trap -34 fr.pc 0x00007f63500abdd0
Event: 1223.755 Thread 0x00007f62d00df800 Uncommon trap -34 fr.pc 0x00007f63500abdd0
Event: 1227.908 Thread 0x00007f6354536800 Uncommon trap -34 fr.pc 0x00007f634ffec460
Event: 1236.660 Thread 0x00007f6354536800 Uncommon trap -34 fr.pc 0x00007f634ffec460
Event: 1394.760 Thread 0x00007f62c40bb000 Uncommon trap -42 fr.pc 0x00007f63500db40c
Event: 1394.760 Thread 0x00007f62c40bb000 Uncommon trap -42 fr.pc 0x00007f63500db40c
Event: 1394.760 Thread 0x00007f62c40bb000 Uncommon trap -42 fr.pc 0x00007f63500db40c
Event: 1394.973 Thread 0x00007f62c40bb000 Uncommon trap -42 fr.pc 0x00007f63500db40c
Event: 7297.605 Thread 0x00007f6354487000 Uncommon trap -12 fr.pc 0x00007f635010e93c

Internal exceptions (10 events):
Event: 1223.752 Thread 0x00007f62d00df800 Threw 0x00000007e4e82df8 at /build/buildd/openjdk-7-7u25-2.3.10/build/openjdk/hotspot/src/share/vm/prims/jvm.cpp:1235
Event: 1223.752 Thread 0x00007f62d00df800 Threw 0x00000007e4e85cc0 at /build/buildd/openjdk-7-7u25-2.3.10/build/openjdk/hotspot/src/share/vm/prims/jvm.cpp:1235
Event: 1223.752 Thread 0x00007f62d00df800 Threw 0x00000007e4e88e50 at /build/buildd/openjdk-7-7u25-2.3.10/build/openjdk/hotspot/src/share/vm/prims/jvm.cpp:1235
Event: 1223.752 Thread 0x00007f62d00df800 Threw 0x00000007e4e8bf90 at /build/buildd/openjdk-7-7u25-2.3.10/build/openjdk/hotspot/src/share/vm/prims/jvm.cpp:1235
Event: 1223.753 Thread 0x00007f62d00df800 Threw 0x00000007e4e8ef68 at /build/buildd/openjdk-7-7u25-2.3.10/build/openjdk/hotspot/src/share/vm/prims/jvm.cpp:1235
Event: 1223.753 Thread 0x00007f62d00df800 Threw 0x00000007e4e92748 at /build/buildd/openjdk-7-7u25-2.3.10/build/openjdk/hotspot/src/share/vm/prims/jvm.cpp:1235
Event: 1231.983 Thread 0x00007f6354536800 Threw 0x00000007e46ff780 at /build/buildd/openjdk-7-7u25-2.3.10/build/openjdk/hotspot/src/share/vm/prims/jvm.cpp:1235
Event: 1231.984 Thread 0x00007f6354536800 Threw 0x00000007e4704b88 at /build/buildd/openjdk-7-7u25-2.3.10/build/openjdk/hotspot/src/share/vm/prims/jvm.cpp:1235
Event: 1231.984 Thread 0x00007f6354536800 Threw 0x00000007e4709de8 at /build/buildd/openjdk-7-7u25-2.3.10/build/openjdk/hotspot/src/share/vm/prims/jvm.cpp:1235
Event: 7297.605 Thread 0x00007f6354487000 Implicit null exception at 0x00007f635010c50f to 0x00007f635010e925

Events (10 events):
Event: 1931.357 Executing VM operation: ParallelGCFailedAllocation
Event: 1931.362 Executing VM operation: ParallelGCFailedAllocation done
Event: 1988.787 Executing VM operation: BulkRevokeBias
Event: 1988.787 Executing VM operation: BulkRevokeBias done
Event: 4662.408 Executing VM operation: ParallelGCFailedAllocation
Event: 4662.421 Executing VM operation: ParallelGCFailedAllocation done
Event: 7297.605 Thread 0x00007f6354487000 DEOPT PACKING pc=0x00007f635010e93c sp=0x00007f63341139c0
Event: 7297.605 Thread 0x00007f6354487000 DEOPT UNPACKING pc=0x00007f634ffae145 sp=0x00007f6334113900 mode 2
Event: 7403.218 Executing VM operation: ParallelGCFailedAllocation
Event: 7403.219 Executing VM operation: ParallelGCFailedAllocation done


Dynamic libraries:
00400000-00401000 r-xp 00000000 08:01 4466554                            /usr/lib/jvm/java-7-openjdk-amd64/jre/bin/java
00600000-00601000 r--p 00000000 08:01 4466554                            /usr/lib/jvm/java-7-openjdk-amd64/jre/bin/java
00601000-00602000 rw-p 00001000 08:01 4466554                            /usr/lib/jvm/java-7-openjdk-amd64/jre/bin/java
02302000-02323000 rw-p 00000000 00:00 0                                  [heap]
779e00000-77b2c0000 rw-p 00000000 00:00 0 
77b2c0000-784400000 rw-p 00000000 00:00 0 
784400000-789680000 rw-p 00000000 00:00 0 
789680000-7d6c00000 rw-p 00000000 00:00 0 
7d6c00000-7ff850000 rw-p 00000000 00:00 0 
7ff850000-800000000 rw-p 00000000 00:00 0 
7f62c4000000-7f62c40bc000 rw-p 00000000 00:00 0 
7f62c40bc000-7f62c8000000 ---p 00000000 00:00 0 
7f62c8000000-7f62c8021000 rw-p 00000000 00:00 0 
7f62c8021000-7f62cc000000 ---p 00000000 00:00 0 
7f62cc000000-7f62cc021000 rw-p 00000000 00:00 0 
7f62cc021000-7f62d0000000 ---p 00000000 00:00 0 
7f62d0000000-7f62d01aa000 rw-p 00000000 00:00 0 
7f62d01aa000-7f62d4000000 ---p 00000000 00:00 0 
7f62d4000000-7f62d4021000 rw-p 00000000 00:00 0 
7f62d4021000-7f62d8000000 ---p 00000000 00:00 0 
7f62d8000000-7f62d8021000 rw-p 00000000 00:00 0 
7f62d8021000-7f62dc000000 ---p 00000000 00:00 0 
7f62dc000000-7f62ddda5000 rw-p 00000000 00:00 0 
7f62ddda5000-7f62e0000000 ---p 00000000 00:00 0 
7f62e0000000-7f62e0021000 rw-p 00000000 00:00 0 
7f62e0021000-7f62e4000000 ---p 00000000 00:00 0 
7f62e4000000-7f62e4021000 rw-p 00000000 00:00 0 
7f62e4021000-7f62e8000000 ---p 00000000 00:00 0 
7f62e8000000-7f62e8021000 rw-p 00000000 00:00 0 
7f62e8021000-7f62ec000000 ---p 00000000 00:00 0 
7f62ec000000-7f62ecad4000 rw-p 00000000 00:00 0 
7f62ecad4000-7f62f0000000 ---p 00000000 00:00 0 
7f62f0000000-7f62f0021000 rw-p 00000000 00:00 0 
7f62f0021000-7f62f4000000 ---p 00000000 00:00 0 
7f62f4000000-7f62f4021000 rw-p 00000000 00:00 0 
7f62f4021000-7f62f8000000 ---p 00000000 00:00 0 
7f62f8000000-7f62f99cf000 rw-p 00000000 00:00 0 
7f62f99cf000-7f62fc000000 ---p 00000000 00:00 0 
7f62fc000000-7f62fc021000 rw-p 00000000 00:00 0 
7f62fc021000-7f6300000000 ---p 00000000 00:00 0 
7f6300000000-7f6300021000 rw-p 00000000 00:00 0 
7f6300021000-7f6304000000 ---p 00000000 00:00 0 
7f6304000000-7f6304021000 rw-p 00000000 00:00 0 
7f6304021000-7f6308000000 ---p 00000000 00:00 0 
7f630bcf0000-7f6310000000 rw-p 00000000 00:00 0 
7f6310000000-7f6310021000 rw-p 00000000 00:00 0 
7f6310021000-7f6314000000 ---p 00000000 00:00 0 
7f6318000000-7f6318021000 rw-p 00000000 00:00 0 
7f6318021000-7f631c000000 ---p 00000000 00:00 0 
7f6320000000-7f6320021000 rw-p 00000000 00:00 0 
7f6320021000-7f6324000000 ---p 00000000 00:00 0 
7f6328000000-7f6328021000 rw-p 00000000 00:00 0 
7f6328021000-7f632c000000 ---p 00000000 00:00 0 
7f632dda9000-7f632e29e000 rw-p 00000000 00:00 0 
7f632e29e000-7f632e2a1000 ---p 00000000 00:00 0 
7f632e2a1000-7f632e39f000 rw-p 00000000 00:00 0                          [stack:25119]
7f632e39f000-7f632e4e8000 rw-s 00000000 00:04 431521812                  /SYSV00000000 (deleted)
7f632e52c000-7f632e52f000 ---p 00000000 00:00 0 
7f632e52f000-7f632e62d000 rw-p 00000000 00:00 0 
7f632e62d000-7f632e63d000 r-xp 00000000 08:01 4466518                    /usr/lib/jvm/java-7-openjdk-amd64/jre/lib/amd64/libnio.so
7f632e63d000-7f632e83d000 ---p 00010000 08:01 4466518                    /usr/lib/jvm/java-7-openjdk-amd64/jre/lib/amd64/libnio.so
7f632e83d000-7f632e83e000 r--p 00010000 08:01 4466518                    /usr/lib/jvm/java-7-openjdk-amd64/jre/lib/amd64/libnio.so
7f632e83e000-7f632e83f000 rw-p 00011000 08:01 4466518                    /usr/lib/jvm/java-7-openjdk-amd64/jre/lib/amd64/libnio.so
7f632e83f000-7f632e88b000 r-xp 00000000 08:01 4466531                    /usr/lib/jvm/java-7-openjdk-amd64/jre/lib/amd64/libfontmanager.so
7f632e88b000-7f632ea8a000 ---p 0004c000 08:01 4466531                    /usr/lib/jvm/java-7-openjdk-amd64/jre/lib/amd64/libfontmanager.so
7f632ea8a000-7f632ea8d000 r--p 0004b000 08:01 4466531                    /usr/lib/jvm/java-7-openjdk-amd64/jre/lib/amd64/libfontmanager.so
7f632ea8d000-7f632ea8e000 rw-p 0004e000 08:01 4466531                    /usr/lib/jvm/java-7-openjdk-amd64/jre/lib/amd64/libfontmanager.so
7f632ea8e000-7f632ea91000 ---p 00000000 00:00 0 
7f632ea91000-7f632eb8f000 rw-p 00000000 00:00 0                          [stack:25030]
7f632eb8f000-7f632eb92000 ---p 00000000 00:00 0 
7f632eb92000-7f632ec90000 rw-p 00000000 00:00 0                          [stack:25029]
7f632ec90000-7f632fdff000 r-xp 00000000 08:01 4465153                    /usr/lib/x86_64-linux-gnu/libicudata.so.48.1.1
7f632fdff000-7f632fffe000 ---p 0116f000 08:01 4465153                    /usr/lib/x86_64-linux-gnu/libicudata.so.48.1.1
7f632fffe000-7f632ffff000 r--p 0116e000 08:01 4465153                    /usr/lib/x86_64-linux-gnu/libicudata.so.48.1.1
7f632ffff000-7f6330000000 rw-p 0116f000 08:01 4465153                    /usr/lib/x86_64-linux-gnu/libicudata.so.48.1.1
7f6330000000-7f6330021000 rw-p 00000000 00:00 0 
7f6330021000-7f6334000000 ---p 00000000 00:00 0 
7f6334014000-7f6334017000 ---p 00000000 00:00 0 
7f6334017000-7f6334115000 rw-p 00000000 00:00 0                          [stack:25028]
7f6334115000-7f6334118000 r-xp 00000000 08:01 6033033                    /lib/x86_64-linux-gnu/libgpg-error.so.0.8.0
7f6334118000-7f6334317000 ---p 00003000 08:01 6033033                    /lib/x86_64-linux-gnu/libgpg-error.so.0.8.0
7f6334317000-7f6334318000 r--p 00002000 08:01 6033033                    /lib/x86_64-linux-gnu/libgpg-error.so.0.8.0
7f6334318000-7f6334319000 rw-p 00003000 08:01 6033033                    /lib/x86_64-linux-gnu/libgpg-error.so.0.8.0
7f6334319000-7f633431b000 r-xp 00000000 08:01 6033044                    /lib/x86_64-linux-gnu/libkeyutils.so.1.4
7f633431b000-7f633451b000 ---p 00002000 08:01 6033044                    /lib/x86_64-linux-gnu/libkeyutils.so.1.4
7f633451b000-7f633451c000 r--p 00002000 08:01 6033044                    /lib/x86_64-linux-gnu/libkeyutils.so.1.4
7f633451c000-7f633451d000 rw-p 00003000 08:01 6033044                    /lib/x86_64-linux-gnu/libkeyutils.so.1.4
7f633451d000-7f6334673000 r-xp 00000000 08:01 4465156                    /usr/lib/x86_64-linux-gnu/libicuuc.so.48.1.1
7f6334673000-7f6334872000 ---p 00156000 08:01 4465156                    /usr/lib/x86_64-linux-gnu/libicuuc.so.48.1.1
7f6334872000-7f6334883000 r--p 00155000 08:01 4465156                    /usr/lib/x86_64-linux-gnu/libicuuc.so.48.1.1
7f6334883000-7f6334884000 rw-p 00166000 08:01 4465156                    /usr/lib/x86_64-linux-gnu/libicuuc.so.48.1.1
7f6334884000-7f6334888000 rw-p 00000000 00:00 0 
7f6334888000-7f63348ba000 r-xp 00000000 08:01 4465154                    /usr/lib/x86_64-linux-gnu/libicule.so.48.1.1
7f63348ba000-7f6334aba000 ---p 00032000 08:01 4465154                    /usr/lib/x86_64-linux-gnu/libicule.so.48.1.1
7f6334aba000-7f6334abc000 r--p 00032000 08:01 4465154                    /usr/lib/x86_64-linux-gnu/libicule.so.48.1.1
7f6334abc000-7f6334abd000 rw-p 00034000 08:01 4465154                    /usr/lib/x86_64-linux-gnu/libicule.so.48.1.1
7f6334abd000-7f6334b00000 r-xp 00000000 08:01 6029336                    /lib/x86_64-linux-gnu/libdbus-1.so.3.7.2
7f6334b00000-7f6334cff000 ---p 00043000 08:01 6029336                    /lib/x86_64-linux-gnu/libdbus-1.so.3.7.2
7f6334cff000-7f6334d00000 r--p 00042000 08:01 6029336                    /lib/x86_64-linux-gnu/libdbus-1.so.3.7.2
7f6334d00000-7f6334d01000 rw-p 00043000 08:01 6029336                    /lib/x86_64-linux-gnu/libdbus-1.so.3.7.2
7f6334d01000-7f6334d13000 r-xp 00000000 08:01 4464044                    /usr/lib/x86_64-linux-gnu/libp11-kit.so.0.0.0
7f6334d13000-7f6334f13000 ---p 00012000 08:01 4464044                    /usr/lib/x86_64-linux-gnu/libp11-kit.so.0.0.0
7f6334f13000-7f6334f14000 r--p 00012000 08:01 4464044                    /usr/lib/x86_64-linux-gnu/libp11-kit.so.0.0.0
7f6334f14000-7f6334f15000 rw-p 00013000 08:01 4464044                    /usr/lib/x86_64-linux-gnu/libp11-kit.so.0.0.0
7f6334f15000-7f6334f24000 r-xp 00000000 08:01 4464202                    /usr/lib/x86_64-linux-gnu/libtasn1.so.3.2.0
7f6334f24000-7f6335124000 ---p 0000f000 08:01 4464202                    /usr/lib/x86_64-linux-gnu/libtasn1.so.3.2.0
7f6335124000-7f6335125000 r--p 0000f000 08:01 4464202                    /usr/lib/x86_64-linux-gnu/libtasn1.so.3.2.0
7f6335125000-7f6335126000 rw-p 00010000 08:01 4464202                    /usr/lib/x86_64-linux-gnu/libtasn1.so.3.2.0
7f6335126000-7f63351a0000 r-xp 00000000 08:01 6031341                    /lib/x86_64-linux-gnu/libgcrypt.so.11.7.0
7f63351a0000-7f63353a0000 ---p 0007a000 08:01 6031341                    /lib/x86_64-linux-gnu/libgcrypt.so.11.7.0
7f63353a0000-7f63353a1000 r--p 0007a000 08:01 6031341                    /lib/x86_64-linux-gnu/libgcrypt.so.11.7.0
7f63353a1000-7f63353a4000 rw-p 0007b000 08:01 6031341                    /lib/x86_64-linux-gnu/libgcrypt.so.11.7.0
7f63353a4000-7f63353ab000 r-xp 00000000 08:01 4463954                    /usr/lib/x86_64-linux-gnu/libkrb5support.so.0.1
7f63353ab000-7f63355aa000 ---p 00007000 08:01 4463954                    /usr/lib/x86_64-linux-gnu/libkrb5support.so.0.1
7f63355aa000-7f63355ab000 r--p 00006000 08:01 4463954                    /usr/lib/x86_64-linux-gnu/libkrb5support.so.0.1
7f63355ab000-7f63355ac000 rw-p 00007000 08:01 4463954                    /usr/lib/x86_64-linux-gnu/libkrb5support.so.0.1
7f63355ac000-7f63355af000 r-xp 00000000 08:01 6033009                    /lib/x86_64-linux-gnu/libcom_err.so.2.1
7f63355af000-7f63357ae000 ---p 00003000 08:01 6033009                    /lib/x86_64-linux-gnu/libcom_err.so.2.1
7f63357ae000-7f63357af000 r--p 00002000 08:01 6033009                    /lib/x86_64-linux-gnu/libcom_err.so.2.1
7f63357af000-7f63357b0000 rw-p 00003000 08:01 6033009                    /lib/x86_64-linux-gnu/libcom_err.so.2.1
7f63357b0000-7f63357d6000 r-xp 00000000 08:01 4463948                    /usr/lib/x86_64-linux-gnu/libk5crypto.so.3.1
7f63357d6000-7f63359d6000 ---p 00026000 08:01 4463948                    /usr/lib/x86_64-linux-gnu/libk5crypto.so.3.1
7f63359d6000-7f63359d7000 r--p 00026000 08:01 4463948                    /usr/lib/x86_64-linux-gnu/libk5crypto.so.3.1
7f63359d7000-7f63359d8000 rw-p 00027000 08:01 4463948                    /usr/lib/x86_64-linux-gnu/libk5crypto.so.3.1
7f63359d8000-7f63359d9000 rw-p 00000000 00:00 0 
7f63359d9000-7f6335a9d000 r-xp 00000000 08:01 4463952                    /usr/lib/x86_64-linux-gnu/libkrb5.so.3.3
7f6335a9d000-7f6335c9c000 ---p 000c4000 08:01 4463952                    /usr/lib/x86_64-linux-gnu/libkrb5.so.3.3
7f6335c9c000-7f6335ca6000 r--p 000c3000 08:01 4463952                    /usr/lib/x86_64-linux-gnu/libkrb5.so.3.3
7f6335ca6000-7f6335ca7000 rw-p 000cd000 08:01 4463952                    /usr/lib/x86_64-linux-gnu/libkrb5.so.3.3
7f6335ca7000-7f6335d3c000 r-xp 00000000 08:01 4463889                    /usr/lib/x86_64-linux-gnu/libharfbuzz.so.0.913.0
7f6335d3c000-7f6335f3b000 ---p 00095000 08:01 4463889                    /usr/lib/x86_64-linux-gnu/libharfbuzz.so.0.913.0
7f6335f3b000-7f6335f3d000 r--p 00094000 08:01 4463889                    /usr/lib/x86_64-linux-gnu/libharfbuzz.so.0.913.0
7f6335f3d000-7f6335f3e000 rw-p 00096000 08:01 4463889                    /usr/lib/x86_64-linux-gnu/libharfbuzz.so.0.913.0
7f6335f3e000-7f6335f46000 r-xp 00000000 08:01 4463414                    /usr/lib/x86_64-linux-gnu/libxcb-render.so.0.0.0
7f6335f46000-7f6336146000 ---p 00008000 08:01 4463414                    /usr/lib/x86_64-linux-gnu/libxcb-render.so.0.0.0
7f6336146000-7f6336147000 r--p 00008000 08:01 4463414                    /usr/lib/x86_64-linux-gnu/libxcb-render.so.0.0.0
7f6336147000-7f6336148000 rw-p 00009000 08:01 4463414                    /usr/lib/x86_64-linux-gnu/libxcb-render.so.0.0.0
7f6336148000-7f633614a000 r-xp 00000000 08:01 4464126                    /usr/lib/x86_64-linux-gnu/libxcb-shm.so.0.0.0
7f633614a000-7f6336349000 ---p 00002000 08:01 4464126                    /usr/lib/x86_64-linux-gnu/libxcb-shm.so.0.0.0
7f6336349000-7f633634a000 r--p 00001000 08:01 4464126                    /usr/lib/x86_64-linux-gnu/libxcb-shm.so.0.0.0
7f633634a000-7f633634b000 rw-p 00002000 08:01 4464126                    /usr/lib/x86_64-linux-gnu/libxcb-shm.so.0.0.0
7f633634b000-7f6336370000 r-xp 00000000 08:01 6033109                    /lib/x86_64-linux-gnu/libpng12.so.0.49.0
7f6336370000-7f633656f000 ---p 00025000 08:01 6033109                    /lib/x86_64-linux-gnu/libpng12.so.0.49.0
7f633656f000-7f6336570000 r--p 00024000 08:01 6033109                    /lib/x86_64-linux-gnu/libpng12.so.0.49.0
7f6336570000-7f6336571000 rw-p 00025000 08:01 6033109                    /lib/x86_64-linux-gnu/libpng12.so.0.49.0
7f6336571000-7f6336601000 r-xp 00000000 08:01 4464074                    /usr/lib/x86_64-linux-gnu/libpixman-1.so.0.28.2
7f6336601000-7f6336800000 ---p 00090000 08:01 4464074                    /usr/lib/x86_64-linux-gnu/libpixman-1.so.0.28.2
7f6336800000-7f6336807000 r--p 0008f000 08:01 4464074                    /usr/lib/x86_64-linux-gnu/libpixman-1.so.0.28.2
7f6336807000-7f6336808000 rw-p 00096000 08:01 4464074                    /usr/lib/x86_64-linux-gnu/libpixman-1.so.0.28.2
7f6336808000-7f633680d000 r-xp 00000000 08:01 4463438                    /usr/lib/x86_64-linux-gnu/libXdmcp.so.6.0.0
7f633680d000-7f6336a0c000 ---p 00005000 08:01 4463438                    /usr/lib/x86_64-linux-gnu/libXdmcp.so.6.0.0
7f6336a0c000-7f6336a0d000 r--p 00004000 08:01 4463438                    /usr/lib/x86_64-linux-gnu/libXdmcp.so.6.0.0
7f6336a0d000-7f6336a0e000 rw-p 00005000 08:01 4463438                    /usr/lib/x86_64-linux-gnu/libXdmcp.so.6.0.0
7f6336a0e000-7f6336a10000 r-xp 00000000 08:01 4463427                    /usr/lib/x86_64-linux-gnu/libXau.so.6.0.0
7f6336a10000-7f6336c10000 ---p 00002000 08:01 4463427                    /usr/lib/x86_64-linux-gnu/libXau.so.6.0.0
7f6336c10000-7f6336c11000 r--p 00002000 08:01 4463427                    /usr/lib/x86_64-linux-gnu/libXau.so.6.0.0
7f6336c11000-7f6336c12000 rw-p 00003000 08:01 4463427                    /usr/lib/x86_64-linux-gnu/libXau.so.6.0.0
7f6336c12000-7f6336c21000 r-xp 00000000 08:01 4463513                    /usr/lib/x86_64-linux-gnu/libavahi-client.so.3.2.9
7f6336c21000-7f6336e21000 ---p 0000f000 08:01 4463513                    /usr/lib/x86_64-linux-gnu/libavahi-client.so.3.2.9
7f6336e21000-7f6336e22000 r--p 0000f000 08:01 4463513                    /usr/lib/x86_64-linux-gnu/libavahi-client.so.3.2.9
7f6336e22000-7f6336e23000 rw-p 00010000 08:01 4463513                    /usr/lib/x86_64-linux-gnu/libavahi-client.so.3.2.9
7f6336e23000-7f6336e2e000 r-xp 00000000 08:01 4463515                    /usr/lib/x86_64-linux-gnu/libavahi-common.so.3.5.3
7f6336e2e000-7f633702d000 ---p 0000b000 08:01 4463515                    /usr/lib/x86_64-linux-gnu/libavahi-common.so.3.5.3
7f633702d000-7f633702e000 r--p 0000a000 08:01 4463515                    /usr/lib/x86_64-linux-gnu/libavahi-common.so.3.5.3
7f633702e000-7f633702f000 rw-p 0000b000 08:01 4463515                    /usr/lib/x86_64-linux-gnu/libavahi-common.so.3.5.3
7f633702f000-7f63370e4000 r-xp 00000000 08:01 4463233                    /usr/lib/x86_64-linux-gnu/libgnutls.so.26.22.6
7f63370e4000-7f63372e3000 ---p 000b5000 08:01 4463233                    /usr/lib/x86_64-linux-gnu/libgnutls.so.26.22.6
7f63372e3000-7f63372e9000 r--p 000b4000 08:01 4463233                    /usr/lib/x86_64-linux-gnu/libgnutls.so.26.22.6
7f63372e9000-7f63372ea000 rw-p 000ba000 08:01 4463233                    /usr/lib/x86_64-linux-gnu/libgnutls.so.26.22.6
7f63372ea000-7f63372eb000 rw-p 00000000 00:00 0 
7f63372eb000-7f6337326000 r-xp 00000000 08:01 4463791                    /usr/lib/x86_64-linux-gnu/libgssapi_krb5.so.2.2
7f6337326000-7f6337526000 ---p 0003b000 08:01 4463791                    /usr/lib/x86_64-linux-gnu/libgssapi_krb5.so.2.2
7f6337526000-7f6337527000 r--p 0003b000 08:01 4463791                    /usr/lib/x86_64-linux-gnu/libgssapi_krb5.so.2.2
7f6337527000-7f6337529000 rw-p 0003c000 08:01 4463791                    /usr/lib/x86_64-linux-gnu/libgssapi_krb5.so.2.2
7f6337529000-7f633754f000 r-xp 00000000 08:01 6033022                    /lib/x86_64-linux-gnu/libexpat.so.1.6.0
7f633754f000-7f633774f000 ---p 00026000 08:01 6033022                    /lib/x86_64-linux-gnu/libexpat.so.1.6.0
7f633774f000-7f6337751000 r--p 00026000 08:01 6033022                    /lib/x86_64-linux-gnu/libexpat.so.1.6.0
7f6337751000-7f6337752000 rw-p 00028000 08:01 6033022                    /lib/x86_64-linux-gnu/libexpat.so.1.6.0
7f6337752000-7f63377e9000 r-xp 00000000 08:01 4463701                    /usr/lib/x86_64-linux-gnu/libfreetype.so.6.10.0
7f63377e9000-7f63379e8000 ---p 00097000 08:01 4463701                    /usr/lib/x86_64-linux-gnu/libfreetype.so.6.10.0
7f63379e8000-7f63379ee000 r--p 00096000 08:01 4463701                    /usr/lib/x86_64-linux-gnu/libfreetype.so.6.10.0
7f63379ee000-7f63379ef000 rw-p 0009c000 08:01 4463701                    /usr/lib/x86_64-linux-gnu/libfreetype.so.6.10.0
7f63379ef000-7f63379f1000 r-xp 00000000 08:01 4463436                    /usr/lib/x86_64-linux-gnu/libXdamage.so.1.1.0
7f63379f1000-7f6337bf0000 ---p 00002000 08:01 4463436                    /usr/lib/x86_64-linux-gnu/libXdamage.so.1.1.0
7f6337bf0000-7f6337bf1000 r--p 00001000 08:01 4463436                    /usr/lib/x86_64-linux-gnu/libXdamage.so.1.1.0
7f6337bf1000-7f6337bf2000 rw-p 00002000 08:01 4463436                    /usr/lib/x86_64-linux-gnu/libXdamage.so.1.1.0
7f6337bf2000-7f6337bf4000 r-xp 00000000 08:01 4463432                    /usr/lib/x86_64-linux-gnu/libXcomposite.so.1.0.0
7f6337bf4000-7f6337df3000 ---p 00002000 08:01 4463432                    /usr/lib/x86_64-linux-gnu/libXcomposite.so.1.0.0
7f6337df3000-7f6337df4000 r--p 00001000 08:01 4463432                    /usr/lib/x86_64-linux-gnu/libXcomposite.so.1.0.0
7f6337df4000-7f6337df5000 rw-p 00002000 08:01 4463432                    /usr/lib/x86_64-linux-gnu/libXcomposite.so.1.0.0
7f6337df5000-7f6337dfe000 r-xp 00000000 08:01 4464222                    /usr/lib/x86_64-linux-gnu/libXcursor.so.1.0.2
7f6337dfe000-7f6337ffe000 ---p 00009000 08:01 4464222                    /usr/lib/x86_64-linux-gnu/libXcursor.so.1.0.2
7f6337ffe000-7f6337fff000 r--p 00009000 08:01 4464222                    /usr/lib/x86_64-linux-gnu/libXcursor.so.1.0.2
7f6337fff000-7f6338000000 rw-p 0000a000 08:01 4464222                    /usr/lib/x86_64-linux-gnu/libXcursor.so.1.0.2
7f6338000000-7f6338021000 rw-p 00000000 00:00 0 
7f6338021000-7f633c000000 ---p 00000000 00:00 0 
7f633c080000-7f633c083000 ---p 00000000 00:00 0 
7f633c083000-7f633c181000 rw-p 00000000 00:00 0                          [stack:25027]
7f633c181000-7f633c18a000 r-xp 00000000 08:01 4463453                    /usr/lib/x86_64-linux-gnu/libXrandr.so.2.2.0
7f633c18a000-7f633c389000 ---p 00009000 08:01 4463453                    /usr/lib/x86_64-linux-gnu/libXrandr.so.2.2.0
7f633c389000-7f633c38a000 r--p 00008000 08:01 4463453                    /usr/lib/x86_64-linux-gnu/libXrandr.so.2.2.0
7f633c38a000-7f633c38b000 rw-p 00009000 08:01 4463453                    /usr/lib/x86_64-linux-gnu/libXrandr.so.2.2.0
7f633c38b000-7f633c38d000 r-xp 00000000 08:01 4463765                    /usr/lib/x86_64-linux-gnu/libXinerama.so.1.0.0
7f633c38d000-7f633c58c000 ---p 00002000 08:01 4463765                    /usr/lib/x86_64-linux-gnu/libXinerama.so.1.0.0
7f633c58c000-7f633c58d000 r--p 00001000 08:01 4463765                    /usr/lib/x86_64-linux-gnu/libXinerama.so.1.0.0
7f633c58d000-7f633c58e000 rw-p 00002000 08:01 4463765                    /usr/lib/x86_64-linux-gnu/libXinerama.so.1.0.0
7f633c58e000-7f633c5a1000 r-xp 00000000 08:01 4464056                    /usr/lib/x86_64-linux-gnu/libpangoft2-1.0.so.0.3200.5
7f633c5a1000-7f633c7a0000 ---p 00013000 08:01 4464056                    /usr/lib/x86_64-linux-gnu/libpangoft2-1.0.so.0.3200.5
7f633c7a0000-7f633c7a1000 r--p 00012000 08:01 4464056                    /usr/lib/x86_64-linux-gnu/libpangoft2-1.0.so.0.3200.5
7f633c7a1000-7f633c7a2000 rw-p 00013000 08:01 4464056                    /usr/lib/x86_64-linux-gnu/libpangoft2-1.0.so.0.3200.5
7f633c7a2000-7f633c8a0000 r-xp 00000000 08:01 4463539                    /usr/lib/x86_64-linux-gnu/libcairo.so.2.11200.14
7f633c8a0000-7f633caa0000 ---p 000fe000 08:01 4463539                    /usr/lib/x86_64-linux-gnu/libcairo.so.2.11200.14
7f633caa0000-7f633caa3000 r--p 000fe000 08:01 4463539                    /usr/lib/x86_64-linux-gnu/libcairo.so.2.11200.14
7f633caa3000-7f633caa4000 rw-p 00101000 08:01 4463539                    /usr/lib/x86_64-linux-gnu/libcairo.so.2.11200.14
7f633caa4000-7f633caa6000 rw-p 00000000 00:00 0 
7f633caa6000-7f633cac6000 r-xp 00000000 08:01 4463503                    /usr/lib/x86_64-linux-gnu/libatk-1.0.so.0.20809.1
7f633cac6000-7f633ccc5000 ---p 00020000 08:01 4463503                    /usr/lib/x86_64-linux-gnu/libatk-1.0.so.0.20809.1
7f633ccc5000-7f633ccc7000 r--p 0001f000 08:01 4463503                    /usr/lib/x86_64-linux-gnu/libatk-1.0.so.0.20809.1
7f633ccc7000-7f633ccc8000 rw-p 00021000 08:01 4463503                    /usr/lib/x86_64-linux-gnu/libatk-1.0.so.0.20809.1
7f633ccc8000-7f633cccd000 r-xp 00000000 08:01 4463594                    /usr/lib/x86_64-linux-gnu/libXfixes.so.3.1.0
7f633cccd000-7f633cecc000 ---p 00005000 08:01 4463594                    /usr/lib/x86_64-linux-gnu/libXfixes.so.3.1.0
7f633cecc000-7f633cecd000 r--p 00004000 08:01 4463594                    /usr/lib/x86_64-linux-gnu/libXfixes.so.3.1.0
7f633cecd000-7f633cece000 rw-p 00005000 08:01 4463594                    /usr/lib/x86_64-linux-gnu/libXfixes.so.3.1.0
7f633cece000-7f633ced9000 r-xp 00000000 08:01 4464054                    /usr/lib/x86_64-linux-gnu/libpangocairo-1.0.so.0.3200.5
7f633ced9000-7f633d0d9000 ---p 0000b000 08:01 4464054                    /usr/lib/x86_64-linux-gnu/libpangocairo-1.0.so.0.3200.5
7f633d0d9000-7f633d0da000 r--p 0000b000 08:01 4464054                    /usr/lib/x86_64-linux-gnu/libpangocairo-1.0.so.0.3200.5
7f633d0da000-7f633d0db000 rw-p 0000c000 08:01 4464054                    /usr/lib/x86_64-linux-gnu/libpangocairo-1.0.so.0.3200.5
7f633d0db000-7f633d0f8000 r-xp 00000000 08:01 4463244                    /usr/lib/x86_64-linux-gnu/libxcb.so.1.1.0
7f633d0f8000-7f633d2f7000 ---p 0001d000 08:01 4463244                    /usr/lib/x86_64-linux-gnu/libxcb.so.1.1.0
7f633d2f7000-7f633d2f8000 r--p 0001c000 08:01 4463244                    /usr/lib/x86_64-linux-gnu/libxcb.so.1.1.0
7f633d2f8000-7f633d2f9000 rw-p 0001d000 08:01 4463244                    /usr/lib/x86_64-linux-gnu/libxcb.so.1.1.0
7f633d2f9000-7f633d353000 r-xp 00000000 08:01 4463592                    /usr/lib/x86_64-linux-gnu/libcups.so.2
7f633d353000-7f633d553000 ---p 0005a000 08:01 4463592                    /usr/lib/x86_64-linux-gnu/libcups.so.2
7f633d553000-7f633d558000 r--p 0005a000 08:01 4463592                    /usr/lib/x86_64-linux-gnu/libcups.so.2
7f633d558000-7f633d559000 rw-p 0005f000 08:01 4463592                    /usr/lib/x86_64-linux-gnu/libcups.so.2
7f633d559000-7f633d55a000 r-xp 00000000 08:01 4463869                    /usr/lib/x86_64-linux-gnu/libgthread-2.0.so.0.3600.0
7f633d55a000-7f633d759000 ---p 00001000 08:01 4463869                    /usr/lib/x86_64-linux-gnu/libgthread-2.0.so.0.3600.0
7f633d759000-7f633d75a000 r--p 00000000 08:01 4463869                    /usr/lib/x86_64-linux-gnu/libgthread-2.0.so.0.3600.0
7f633d75a000-7f633d75b000 rw-p 00001000 08:01 4463869                    /usr/lib/x86_64-linux-gnu/libgthread-2.0.so.0.3600.0
7f633d75b000-7f633d792000 r-xp 00000000 08:01 4463673                    /usr/lib/x86_64-linux-gnu/libfontconfig.so.1.6.2
7f633d792000-7f633d992000 ---p 00037000 08:01 4463673                    /usr/lib/x86_64-linux-gnu/libfontconfig.so.1.6.2
7f633d992000-7f633d993000 r--p 00037000 08:01 4463673                    /usr/lib/x86_64-linux-gnu/libfontconfig.so.1.6.2
7f633d993000-7f633d994000 rw-p 00038000 08:01 4463673                    /usr/lib/x86_64-linux-gnu/libfontconfig.so.1.6.2
7f633d994000-7f633d995000 rw-p 00000000 00:00 0 
7f633d995000-7f633d9dd000 r-xp 00000000 08:01 4464052                    /usr/lib/x86_64-linux-gnu/libpango-1.0.so.0.3200.5
7f633d9dd000-7f633dbdd000 ---p 00048000 08:01 4464052                    /usr/lib/x86_64-linux-gnu/libpango-1.0.so.0.3200.5
7f633dbdd000-7f633dbdf000 r--p 00048000 08:01 4464052                    /usr/lib/x86_64-linux-gnu/libpango-1.0.so.0.3200.5
7f633dbdf000-7f633dbe0000 rw-p 0004a000 08:01 4464052                    /usr/lib/x86_64-linux-gnu/libpango-1.0.so.0.3200.5
7f633dbe0000-7f633dbfe000 r-xp 00000000 08:01 4463732                    /usr/lib/x86_64-linux-gnu/libgdk_pixbuf-2.0.so.0.2800.0
7f633dbfe000-7f633ddfe000 ---p 0001e000 08:01 4463732                    /usr/lib/x86_64-linux-gnu/libgdk_pixbuf-2.0.so.0.2800.0
7f633ddfe000-7f633ddff000 r--p 0001e000 08:01 4463732                    /usr/lib/x86_64-linux-gnu/libgdk_pixbuf-2.0.so.0.2800.0
7f633ddff000-7f633de00000 rw-p 0001f000 08:01 4463732                    /usr/lib/x86_64-linux-gnu/libgdk_pixbuf-2.0.so.0.2800.0
7f633de00000-7f633dead000 r-xp 00000000 08:01 4463730                    /usr/lib/x86_64-linux-gnu/libgdk-x11-2.0.so.0.2400.17
7f633dead000-7f633e0ac000 ---p 000ad000 08:01 4463730                    /usr/lib/x86_64-linux-gnu/libgdk-x11-2.0.so.0.2400.17
7f633e0ac000-7f633e0b0000 r--p 000ac000 08:01 4463730                    /usr/lib/x86_64-linux-gnu/libgdk-x11-2.0.so.0.2400.17
7f633e0b0000-7f633e0b2000 rw-p 000b0000 08:01 4463730                    /usr/lib/x86_64-linux-gnu/libgdk-x11-2.0.so.0.2400.17
7f633e0b2000-7f633e4df000 r-xp 00000000 08:01 4463873                    /usr/lib/x86_64-linux-gnu/libgtk-x11-2.0.so.0.2400.17
7f633e4df000-7f633e6de000 ---p 0042d000 08:01 4463873                    /usr/lib/x86_64-linux-gnu/libgtk-x11-2.0.so.0.2400.17
7f633e6de000-7f633e6e5000 r--p 0042c000 08:01 4463873                    /usr/lib/x86_64-linux-gnu/libgtk-x11-2.0.so.0.2400.17
7f633e6e5000-7f633e6e9000 rw-p 00433000 08:01 4463873                    /usr/lib/x86_64-linux-gnu/libgtk-x11-2.0.so.0.2400.17
7f633e6e9000-7f633e6eb000 rw-p 00000000 00:00 0 
7f633e6eb000-7f633e6f9000 r-xp 00000000 08:01 4463255                    /usr/lib/x86_64-linux-gnu/libXi.so.6.1.0
7f633e6f9000-7f633e8f9000 ---p 0000e000 08:01 4463255                    /usr/lib/x86_64-linux-gnu/libXi.so.6.1.0
7f633e8f9000-7f633e8fa000 r--p 0000e000 08:01 4463255                    /usr/lib/x86_64-linux-gnu/libXi.so.6.1.0
7f633e8fa000-7f633e8fb000 rw-p 0000f000 08:01 4463255                    /usr/lib/x86_64-linux-gnu/libXi.so.6.1.0
7f633e8fb000-7f633e900000 r-xp 00000000 08:01 4463461                    /usr/lib/x86_64-linux-gnu/libXtst.so.6.1.0
7f633e900000-7f633eaff000 ---p 00005000 08:01 4463461                    /usr/lib/x86_64-linux-gnu/libXtst.so.6.1.0
7f633eaff000-7f633eb00000 r--p 00004000 08:01 4463461                    /usr/lib/x86_64-linux-gnu/libXtst.so.6.1.0
7f633eb00000-7f633eb01000 rw-p 00005000 08:01 4463461                    /usr/lib/x86_64-linux-gnu/libXtst.so.6.1.0
7f633eb01000-7f633eb0a000 r-xp 00000000 08:01 4463395                    /usr/lib/x86_64-linux-gnu/libXrender.so.1.3.0
7f633eb0a000-7f633ed09000 ---p 00009000 08:01 4463395                    /usr/lib/x86_64-linux-gnu/libXrender.so.1.3.0
7f633ed09000-7f633ed0a000 r--p 00008000 08:01 4463395                    /usr/lib/x86_64-linux-gnu/libXrender.so.1.3.0
7f633ed0a000-7f633ed0b000 rw-p 00009000 08:01 4463395                    /usr/lib/x86_64-linux-gnu/libXrender.so.1.3.0
7f633ed0b000-7f633ee3f000 r-xp 00000000 08:01 4463247                    /usr/lib/x86_64-linux-gnu/libX11.so.6.3.0
7f633ee3f000-7f633f03f000 ---p 00134000 08:01 4463247                    /usr/lib/x86_64-linux-gnu/libX11.so.6.3.0
7f633f03f000-7f633f040000 r--p 00134000 08:01 4463247                    /usr/lib/x86_64-linux-gnu/libX11.so.6.3.0
7f633f040000-7f633f045000 rw-p 00135000 08:01 4463247                    /usr/lib/x86_64-linux-gnu/libX11.so.6.3.0
7f633f045000-7f633f056000 r-xp 00000000 08:01 4463249                    /usr/lib/x86_64-linux-gnu/libXext.so.6.4.0
7f633f056000-7f633f255000 ---p 00011000 08:01 4463249                    /usr/lib/x86_64-linux-gnu/libXext.so.6.4.0
7f633f255000-7f633f256000 r--p 00010000 08:01 4463249                    /usr/lib/x86_64-linux-gnu/libXext.so.6.4.0
7f633f256000-7f633f257000 rw-p 00011000 08:01 4463249                    /usr/lib/x86_64-linux-gnu/libXext.so.6.4.0
7f633f257000-7f633f2aa000 r-xp 00000000 08:01 4726627                    /usr/lib/jvm/java-7-openjdk-amd64/jre/lib/amd64/xawt/libmawt.so
7f633f2aa000-7f633f4a9000 ---p 00053000 08:01 4726627                    /usr/lib/jvm/java-7-openjdk-amd64/jre/lib/amd64/xawt/libmawt.so
7f633f4a9000-7f633f4aa000 r--p 00052000 08:01 4726627                    /usr/lib/jvm/java-7-openjdk-amd64/jre/lib/amd64/xawt/libmawt.so
7f633f4aa000-7f633f4ad000 rw-p 00053000 08:01 4726627                    /usr/lib/jvm/java-7-openjdk-amd64/jre/lib/amd64/xawt/libmawt.so
7f633f4ad000-7f633f4ae000 rw-p 00000000 00:00 0 
7f633f4ae000-7f633f54f000 r-xp 00000000 08:01 4466535                    /usr/lib/jvm/java-7-openjdk-amd64/jre/lib/amd64/libawt.so
7f633f54f000-7f633f74f000 ---p 000a1000 08:01 4466535                    /usr/lib/jvm/java-7-openjdk-amd64/jre/lib/amd64/libawt.so
7f633f74f000-7f633f750000 r--p 000a1000 08:01 4466535                    /usr/lib/jvm/java-7-openjdk-amd64/jre/lib/amd64/libawt.so
7f633f750000-7f633f75b000 rw-p 000a2000 08:01 4466535                    /usr/lib/jvm/java-7-openjdk-amd64/jre/lib/amd64/libawt.so
7f633f75b000-7f633f780000 rw-p 00000000 00:00 0 
7f633f780000-7f633f7bd000 r-xp 00000000 08:01 6033097                    /lib/x86_64-linux-gnu/libpcre.so.3.13.1
7f633f7bd000-7f633f9bd000 ---p 0003d000 08:01 6033097                    /lib/x86_64-linux-gnu/libpcre.so.3.13.1
7f633f9bd000-7f633f9be000 r--p 0003d000 08:01 6033097                    /lib/x86_64-linux-gnu/libpcre.so.3.13.1
7f633f9be000-7f633f9bf000 rw-p 0003e000 08:01 6033097                    /lib/x86_64-linux-gnu/libpcre.so.3.13.1
7f633f9bf000-7f633f9c6000 r-xp 00000000 08:01 4463665                    /usr/lib/x86_64-linux-gnu/libffi.so.6.0.1
7f633f9c6000-7f633fbc5000 ---p 00007000 08:01 4463665                    /usr/lib/x86_64-linux-gnu/libffi.so.6.0.1
7f633fbc5000-7f633fbc6000 r--p 00006000 08:01 4463665                    /usr/lib/x86_64-linux-gnu/libffi.so.6.0.1
7f633fbc6000-7f633fbc7000 rw-p 00007000 08:01 4463665                    /usr/lib/x86_64-linux-gnu/libffi.so.6.0.1
7f633fbc7000-7f633fbdd000 r-xp 00000000 08:01 6032601                    /lib/x86_64-linux-gnu/libresolv-2.17.so
7f633fbdd000-7f633fddd000 ---p 00016000 08:01 6032601                    /lib/x86_64-linux-gnu/libresolv-2.17.so
7f633fddd000-7f633fdde000 r--p 00016000 08:01 6032601                    /lib/x86_64-linux-gnu/libresolv-2.17.so
7f633fdde000-7f633fddf000 rw-p 00017000 08:01 6032601                    /lib/x86_64-linux-gnu/libresolv-2.17.so
7f633fddf000-7f633fde1000 rw-p 00000000 00:00 0 
7f633fde1000-7f633fdfe000 r-xp 00000000 08:01 6033124                    /lib/x86_64-linux-gnu/libselinux.so.1
7f633fdfe000-7f633fffd000 ---p 0001d000 08:01 6033124                    /lib/x86_64-linux-gnu/libselinux.so.1
7f633fffd000-7f633fffe000 r--p 0001c000 08:01 6033124                    /lib/x86_64-linux-gnu/libselinux.so.1
7f633fffe000-7f633ffff000 rw-p 0001d000 08:01 6033124                    /lib/x86_64-linux-gnu/libselinux.so.1
7f633ffff000-7f6340000000 rw-p 00000000 00:00 0 
7f6340000000-7f6340021000 rw-p 00000000 00:00 0 
7f6340021000-7f6344000000 ---p 00000000 00:00 0 
7f634405f000-7f6344062000 ---p 00000000 00:00 0 
7f6344062000-7f6344160000 rw-p 00000000 00:00 0                          [stack:25026]
7f6344160000-7f6344163000 r-xp 00000000 08:01 4463758                    /usr/lib/x86_64-linux-gnu/libgmodule-2.0.so.0.3600.0
7f6344163000-7f6344362000 ---p 00003000 08:01 4463758                    /usr/lib/x86_64-linux-gnu/libgmodule-2.0.so.0.3600.0
7f6344362000-7f6344363000 r--p 00002000 08:01 4463758                    /usr/lib/x86_64-linux-gnu/libgmodule-2.0.so.0.3600.0
7f6344363000-7f6344364000 rw-p 00003000 08:01 4463758                    /usr/lib/x86_64-linux-gnu/libgmodule-2.0.so.0.3600.0
7f6344364000-7f634445d000 r-xp 00000000 08:01 6033031                    /lib/x86_64-linux-gnu/libglib-2.0.so.0.3600.0
7f634445d000-7f634465d000 ---p 000f9000 08:01 6033031                    /lib/x86_64-linux-gnu/libglib-2.0.so.0.3600.0
7f634465d000-7f634465e000 r--p 000f9000 08:01 6033031                    /lib/x86_64-linux-gnu/libglib-2.0.so.0.3600.0
7f634465e000-7f634465f000 rw-p 000fa000 08:01 6033031                    /lib/x86_64-linux-gnu/libglib-2.0.so.0.3600.0
7f634465f000-7f6344660000 rw-p 00000000 00:00 0 
7f6344660000-7f63446ad000 r-xp 00000000 08:01 4463774                    /usr/lib/x86_64-linux-gnu/libgobject-2.0.so.0.3600.0
7f63446ad000-7f63448ad000 ---p 0004d000 08:01 4463774                    /usr/lib/x86_64-linux-gnu/libgobject-2.0.so.0.3600.0
7f63448ad000-7f63448ae000 r--p 0004d000 08:01 4463774                    /usr/lib/x86_64-linux-gnu/libgobject-2.0.so.0.3600.0
7f63448ae000-7f63448af000 rw-p 0004e000 08:01 4463774                    /usr/lib/x86_64-linux-gnu/libgobject-2.0.so.0.3600.0
7f63448af000-7f6344a02000 r-xp 00000000 08:01 4463748                    /usr/lib/x86_64-linux-gnu/libgio-2.0.so.0.3600.0
7f6344a02000-7f6344c01000 ---p 00153000 08:01 4463748                    /usr/lib/x86_64-linux-gnu/libgio-2.0.so.0.3600.0
7f6344c01000-7f6344c05000 r--p 00152000 08:01 4463748                    /usr/lib/x86_64-linux-gnu/libgio-2.0.so.0.3600.0
7f6344c05000-7f6344c07000 rw-p 00156000 08:01 4463748                    /usr/lib/x86_64-linux-gnu/libgio-2.0.so.0.3600.0
7f6344c07000-7f6344c09000 rw-p 00000000 00:00 0 
7f6344c09000-7f6344c1f000 r-xp 00000000 08:01 4466522                    /usr/lib/jvm/java-7-openjdk-amd64/jre/lib/amd64/libnet.so
7f6344c1f000-7f6344e1e000 ---p 00016000 08:01 4466522                    /usr/lib/jvm/java-7-openjdk-amd64/jre/lib/amd64/libnet.so
7f6344e1e000-7f6344e1f000 r--p 00015000 08:01 4466522                    /usr/lib/jvm/java-7-openjdk-amd64/jre/lib/amd64/libnet.so
7f6344e1f000-7f6344e20000 rw-p 00016000 08:01 4466522                    /usr/lib/jvm/java-7-openjdk-amd64/jre/lib/amd64/libnet.so
7f6344e20000-7f6344e23000 ---p 00000000 00:00 0 
7f6344e23000-7f6345621000 rw-p 00000000 00:00 0                          [stack:25001]
7f6345621000-7f6345622000 ---p 00000000 00:00 0 
7f6345622000-7f6345e22000 rw-p 00000000 00:00 0                          [stack:25000]
7f6345e22000-7f6345e23000 ---p 00000000 00:00 0 
7f6345e23000-7f6346623000 rw-p 00000000 00:00 0                          [stack:24999]
7f6346623000-7f6346e91000 r-xp 00000000 08:01 18088668                   /home/shiwali/soar/SoarSuite/out/libSoar.so
7f6346e91000-7f6347091000 ---p 0086e000 08:01 18088668                   /home/shiwali/soar/SoarSuite/out/libSoar.so
7f6347091000-7f63470a2000 r--p 0086e000 08:01 18088668                   /home/shiwali/soar/SoarSuite/out/libSoar.so
7f63470a2000-7f63470b9000 rw-p 0087f000 08:01 18088668                   /home/shiwali/soar/SoarSuite/out/libSoar.so
7f63470b9000-7f63470bd000 rw-p 00000000 00:00 0 
7f63470bd000-7f6347116000 r-xp 00000000 08:01 18088216                   /home/shiwali/soar/SoarSuite/out/libJava_sml_ClientInterface.so
7f6347116000-7f6347316000 ---p 00059000 08:01 18088216                   /home/shiwali/soar/SoarSuite/out/libJava_sml_ClientInterface.so
7f6347316000-7f6347317000 r--p 00059000 08:01 18088216                   /home/shiwali/soar/SoarSuite/out/libJava_sml_ClientInterface.so
7f6347317000-7f6347319000 rw-p 0005a000 08:01 18088216                   /home/shiwali/soar/SoarSuite/out/libJava_sml_ClientInterface.so
7f6347319000-7f634731a000 ---p 00000000 00:00 0 
7f634731a000-7f634741a000 rw-p 00000000 00:00 0                          [stack:24998]
7f634741a000-7f634741d000 ---p 00000000 00:00 0 
7f634741d000-7f634751b000 rw-p 00000000 00:00 0                          [stack:24997]
7f634751b000-7f634751e000 ---p 00000000 00:00 0 
7f634751e000-7f634761c000 rw-p 00000000 00:00 0                          [stack:24996]
7f634761c000-7f634761f000 ---p 00000000 00:00 0 
7f634761f000-7f634771d000 rw-p 00000000 00:00 0                          [stack:24995]
7f634771d000-7f6347720000 ---p 00000000 00:00 0 
7f6347720000-7f634781e000 rw-p 00000000 00:00 0                          [stack:24994]
7f634781e000-7f6347eff000 r--p 00000000 08:01 4462580                    /usr/lib/locale/locale-archive
7f6347eff000-7f6347f02000 ---p 00000000 00:00 0 
7f6347f02000-7f6348000000 rw-p 00000000 00:00 0                          [stack:24993]
7f6348000000-7f6348021000 rw-p 00000000 00:00 0 
7f6348021000-7f634c000000 ---p 00000000 00:00 0 
7f634c031000-7f634c043000 r--s 00295000 08:01 16910062                   /home/shiwali/InstructoSoarII/april/java/april.jar
7f634c043000-7f634c085000 rw-p 00000000 00:00 0 
7f634c085000-7f634c088000 ---p 00000000 00:00 0 
7f634c088000-7f634c186000 rw-p 00000000 00:00 0                          [stack:24992]
7f634c186000-7f634c187000 ---p 00000000 00:00 0 
7f634c187000-7f634df37000 rw-p 00000000 00:00 0                          [stack:24991]
7f634df37000-7f634e0e4000 r--s 01cec000 08:01 4466504                    /usr/lib/jvm/java-7-openjdk-amd64/jre/lib/rt.jar
7f634e0e4000-7f634f1a8000 rw-p 00000000 00:00 0 
7f634f1a8000-7f634f1a9000 ---p 00000000 00:00 0 
7f634f1a9000-7f634f2a9000 rw-p 00000000 00:00 0                          [stack:24990]
7f634f2a9000-7f634f2aa000 ---p 00000000 00:00 0 
7f634f2aa000-7f634f3aa000 rw-p 00000000 00:00 0                          [stack:24989]
7f634f3aa000-7f634f3ab000 ---p 00000000 00:00 0 
7f634f3ab000-7f634f4ab000 rw-p 00000000 00:00 0                          [stack:24988]
7f634f4ab000-7f634f4ac000 ---p 00000000 00:00 0 
7f634f4ac000-7f634f5ac000 rw-p 00000000 00:00 0                          [stack:24987]
7f634f5ac000-7f634f5ad000 ---p 00000000 00:00 0 
7f634f5ad000-7f634f6ad000 rw-p 00000000 00:00 0                          [stack:24986]
7f634f6ad000-7f634f6ae000 ---p 00000000 00:00 0 
7f634f6ae000-7f634f7ae000 rw-p 00000000 00:00 0                          [stack:24985]
7f634f7ae000-7f634f7af000 ---p 00000000 00:00 0 
7f634f7af000-7f634f8d9000 rw-p 00000000 00:00 0                          [stack:24984]
7f634f8d9000-7f634fb43000 rw-p 00000000 00:00 0 
7f634fb43000-7f634fb4e000 rw-p 00000000 00:00 0 
7f634fb4e000-7f634fb96000 rw-p 00000000 00:00 0 
7f634fb96000-7f634fbc0000 rw-p 00000000 00:00 0 
7f634fbc0000-7f634fe2a000 rw-p 00000000 00:00 0 
7f634fe2a000-7f634ff71000 rw-p 00000000 00:00 0 
7f634ff71000-7f634ff74000 rw-p 00000000 00:00 0 
7f634ff74000-7f634ff75000 rw-p 00000000 00:00 0 
7f634ff75000-7f63501e5000 rwxp 00000000 00:00 0 
7f63501e5000-7f6352f75000 rw-p 00000000 00:00 0 
7f6352f75000-7f6352f7d000 r-xp 00000000 08:01 4466553                    /usr/lib/jvm/java-7-openjdk-amd64/jre/lib/amd64/libzip.so
7f6352f7d000-7f635317c000 ---p 00008000 08:01 4466553                    /usr/lib/jvm/java-7-openjdk-amd64/jre/lib/amd64/libzip.so
7f635317c000-7f635317d000 r--p 00007000 08:01 4466553                    /usr/lib/jvm/java-7-openjdk-amd64/jre/lib/amd64/libzip.so
7f635317d000-7f635317e000 rw-p 00008000 08:01 4466553                    /usr/lib/jvm/java-7-openjdk-amd64/jre/lib/amd64/libzip.so
7f635317e000-7f635318a000 r-xp 00000000 08:01 6032609                    /lib/x86_64-linux-gnu/libnss_files-2.17.so
7f635318a000-7f6353389000 ---p 0000c000 08:01 6032609                    /lib/x86_64-linux-gnu/libnss_files-2.17.so
7f6353389000-7f635338a000 r--p 0000b000 08:01 6032609                    /lib/x86_64-linux-gnu/libnss_files-2.17.so
7f635338a000-7f635338b000 rw-p 0000c000 08:01 6032609                    /lib/x86_64-linux-gnu/libnss_files-2.17.so
7f635338b000-7f6353396000 r-xp 00000000 08:01 6032616                    /lib/x86_64-linux-gnu/libnss_nis-2.17.so
7f6353396000-7f6353595000 ---p 0000b000 08:01 6032616                    /lib/x86_64-linux-gnu/libnss_nis-2.17.so
7f6353595000-7f6353596000 r--p 0000a000 08:01 6032616                    /lib/x86_64-linux-gnu/libnss_nis-2.17.so
7f6353596000-7f6353597000 rw-p 0000b000 08:01 6032616                    /lib/x86_64-linux-gnu/libnss_nis-2.17.so
7f6353597000-7f63535ae000 r-xp 00000000 08:01 6032605                    /lib/x86_64-linux-gnu/libnsl-2.17.so
7f63535ae000-7f63537ad000 ---p 00017000 08:01 6032605                    /lib/x86_64-linux-gnu/libnsl-2.17.so
7f63537ad000-7f63537ae000 r--p 00016000 08:01 6032605                    /lib/x86_64-linux-gnu/libnsl-2.17.so
7f63537ae000-7f63537af000 rw-p 00017000 08:01 6032605                    /lib/x86_64-linux-gnu/libnsl-2.17.so
7f63537af000-7f63537b1000 rw-p 00000000 00:00 0 
7f63537b1000-7f63537b9000 r-xp 00000000 08:01 6032618                    /lib/x86_64-linux-gnu/libnss_compat-2.17.so
7f63537b9000-7f63539b8000 ---p 00008000 08:01 6032618                    /lib/x86_64-linux-gnu/libnss_compat-2.17.so
7f63539b8000-7f63539b9000 r--p 00007000 08:01 6032618                    /lib/x86_64-linux-gnu/libnss_compat-2.17.so
7f63539b9000-7f63539ba000 rw-p 00008000 08:01 6032618                    /lib/x86_64-linux-gnu/libnss_compat-2.17.so
7f63539ba000-7f63539e5000 r-xp 00000000 08:01 4466534                    /usr/lib/jvm/java-7-openjdk-amd64/jre/lib/amd64/libjava.so
7f63539e5000-7f6353be4000 ---p 0002b000 08:01 4466534                    /usr/lib/jvm/java-7-openjdk-amd64/jre/lib/amd64/libjava.so
7f6353be4000-7f6353be5000 r--p 0002a000 08:01 4466534                    /usr/lib/jvm/java-7-openjdk-amd64/jre/lib/amd64/libjava.so
7f6353be5000-7f6353be7000 rw-p 0002b000 08:01 4466534                    /usr/lib/jvm/java-7-openjdk-amd64/jre/lib/amd64/libjava.so
7f6353be7000-7f6353bf6000 r-xp 00000000 08:01 4466533                    /usr/lib/jvm/java-7-openjdk-amd64/jre/lib/amd64/libverify.so
7f6353bf6000-7f6353df5000 ---p 0000f000 08:01 4466533                    /usr/lib/jvm/java-7-openjdk-amd64/jre/lib/amd64/libverify.so
7f6353df5000-7f6353df7000 r--p 0000e000 08:01 4466533                    /usr/lib/jvm/java-7-openjdk-amd64/jre/lib/amd64/libverify.so
7f6353df7000-7f6353df8000 rw-p 00010000 08:01 4466533                    /usr/lib/jvm/java-7-openjdk-amd64/jre/lib/amd64/libverify.so
7f6353df8000-7f6353dff000 r-xp 00000000 08:01 6032612                    /lib/x86_64-linux-gnu/librt-2.17.so
7f6353dff000-7f6353ffe000 ---p 00007000 08:01 6032612                    /lib/x86_64-linux-gnu/librt-2.17.so
7f6353ffe000-7f6353fff000 r--p 00006000 08:01 6032612                    /lib/x86_64-linux-gnu/librt-2.17.so
7f6353fff000-7f6354000000 rw-p 00007000 08:01 6032612                    /lib/x86_64-linux-gnu/librt-2.17.so
7f6354000000-7f6354619000 rw-p 00000000 00:00 0 
7f6354619000-7f6358000000 ---p 00000000 00:00 0 
7f6358002000-7f6358006000 r--s 0003a000 08:01 17700006                   /home/shiwali/InstructoSoarII/probcog2/java/probcog.jar
7f6358006000-7f6358009000 r--s 0001d000 08:01 5375430                    /usr/local/share/java/lcm.jar
7f6358009000-7f635801c000 r--s 00211000 08:01 18088666                   /home/shiwali/soar/SoarSuite/out/java/swt.jar
7f635801c000-7f6358044000 rw-p 00000000 00:00 0 
7f6358044000-7f6358045000 ---p 00000000 00:00 0 
7f6358045000-7f6358150000 rw-p 00000000 00:00 0                          [stack:24983]
7f6358150000-7f6358198000 rw-p 00000000 00:00 0 
7f6358198000-7f63581ac000 r-xp 00000000 08:01 6033027                    /lib/x86_64-linux-gnu/libgcc_s.so.1
7f63581ac000-7f63583ac000 ---p 00014000 08:01 6033027                    /lib/x86_64-linux-gnu/libgcc_s.so.1
7f63583ac000-7f63583ad000 r--p 00014000 08:01 6033027                    /lib/x86_64-linux-gnu/libgcc_s.so.1
7f63583ad000-7f63583ae000 rw-p 00015000 08:01 6033027                    /lib/x86_64-linux-gnu/libgcc_s.so.1
7f63583ae000-7f63584b1000 r-xp 00000000 08:01 6032617                    /lib/x86_64-linux-gnu/libm-2.17.so
7f63584b1000-7f63586b1000 ---p 00103000 08:01 6032617                    /lib/x86_64-linux-gnu/libm-2.17.so
7f63586b1000-7f63586b2000 r--p 00103000 08:01 6032617                    /lib/x86_64-linux-gnu/libm-2.17.so
7f63586b2000-7f63586b3000 rw-p 00104000 08:01 6032617                    /lib/x86_64-linux-gnu/libm-2.17.so
7f63586b3000-7f6358798000 r-xp 00000000 08:01 4464194                    /usr/lib/x86_64-linux-gnu/libstdc++.so.6.0.17
7f6358798000-7f6358997000 ---p 000e5000 08:01 4464194                    /usr/lib/x86_64-linux-gnu/libstdc++.so.6.0.17
7f6358997000-7f635899f000 r--p 000e4000 08:01 4464194                    /usr/lib/x86_64-linux-gnu/libstdc++.so.6.0.17
7f635899f000-7f63589a1000 rw-p 000ec000 08:01 4464194                    /usr/lib/x86_64-linux-gnu/libstdc++.so.6.0.17
7f63589a1000-7f63589b6000 rw-p 00000000 00:00 0 
7f63589b6000-7f63593a6000 r-xp 00000000 08:01 4466542                    /usr/lib/jvm/java-7-openjdk-amd64/jre/lib/amd64/server/libjvm.so
7f63593a6000-7f63595a5000 ---p 009f0000 08:01 4466542                    /usr/lib/jvm/java-7-openjdk-amd64/jre/lib/amd64/server/libjvm.so
7f63595a5000-7f6359624000 r--p 009ef000 08:01 4466542                    /usr/lib/jvm/java-7-openjdk-amd64/jre/lib/amd64/server/libjvm.so
7f6359624000-7f6359647000 rw-p 00a6e000 08:01 4466542                    /usr/lib/jvm/java-7-openjdk-amd64/jre/lib/amd64/server/libjvm.so
7f6359647000-7f6359672000 rw-p 00000000 00:00 0 
7f6359672000-7f6359688000 r-xp 00000000 08:01 6033155                    /lib/x86_64-linux-gnu/libz.so.1.2.7
7f6359688000-7f6359887000 ---p 00016000 08:01 6033155                    /lib/x86_64-linux-gnu/libz.so.1.2.7
7f6359887000-7f6359888000 r--p 00015000 08:01 6033155                    /lib/x86_64-linux-gnu/libz.so.1.2.7
7f6359888000-7f6359889000 rw-p 00016000 08:01 6033155                    /lib/x86_64-linux-gnu/libz.so.1.2.7
7f6359889000-7f63598a1000 r-xp 00000000 08:01 6032606                    /lib/x86_64-linux-gnu/libpthread-2.17.so
7f63598a1000-7f6359aa0000 ---p 00018000 08:01 6032606                    /lib/x86_64-linux-gnu/libpthread-2.17.so
7f6359aa0000-7f6359aa1000 r--p 00017000 08:01 6032606                    /lib/x86_64-linux-gnu/libpthread-2.17.so
7f6359aa1000-7f6359aa2000 rw-p 00018000 08:01 6032606                    /lib/x86_64-linux-gnu/libpthread-2.17.so
7f6359aa2000-7f6359aa6000 rw-p 00000000 00:00 0 
7f6359aa6000-7f6359aa9000 r-xp 00000000 08:01 6032608                    /lib/x86_64-linux-gnu/libdl-2.17.so
7f6359aa9000-7f6359ca8000 ---p 00003000 08:01 6032608                    /lib/x86_64-linux-gnu/libdl-2.17.so
7f6359ca8000-7f6359ca9000 r--p 00002000 08:01 6032608                    /lib/x86_64-linux-gnu/libdl-2.17.so
7f6359ca9000-7f6359caa000 rw-p 00003000 08:01 6032608                    /lib/x86_64-linux-gnu/libdl-2.17.so
7f6359caa000-7f6359e69000 r-xp 00000000 08:01 6032620                    /lib/x86_64-linux-gnu/libc-2.17.so
7f6359e69000-7f635a068000 ---p 001bf000 08:01 6032620                    /lib/x86_64-linux-gnu/libc-2.17.so
7f635a068000-7f635a06c000 r--p 001be000 08:01 6032620                    /lib/x86_64-linux-gnu/libc-2.17.so
7f635a06c000-7f635a06e000 rw-p 001c2000 08:01 6032620                    /lib/x86_64-linux-gnu/libc-2.17.so
7f635a06e000-7f635a073000 rw-p 00000000 00:00 0 
7f635a073000-7f635a080000 r-xp 00000000 08:01 4466515                    /usr/lib/jvm/java-7-openjdk-amd64/jre/lib/amd64/jli/libjli.so
7f635a080000-7f635a27f000 ---p 0000d000 08:01 4466515                    /usr/lib/jvm/java-7-openjdk-amd64/jre/lib/amd64/jli/libjli.so
7f635a27f000-7f635a280000 r--p 0000c000 08:01 4466515                    /usr/lib/jvm/java-7-openjdk-amd64/jre/lib/amd64/jli/libjli.so
7f635a280000-7f635a281000 rw-p 0000d000 08:01 4466515                    /usr/lib/jvm/java-7-openjdk-amd64/jre/lib/amd64/jli/libjli.so
7f635a281000-7f635a2a4000 r-xp 00000000 08:01 6032599                    /lib/x86_64-linux-gnu/ld-2.17.so
7f635a2a5000-7f635a2a6000 rw-p 00000000 00:00 0 
7f635a2a6000-7f635a2af000 r--s 0005a000 08:01 18088659                   /home/shiwali/soar/SoarSuite/out/java/soar-debugger.jar
7f635a2af000-7f635a2b0000 r--s 00001000 08:01 18088351                   /home/shiwali/soar/SoarSuite/out/java/soar-debugger-api.jar
7f635a2b0000-7f635a2b1000 r--s 00003000 08:01 18088665                   /home/shiwali/soar/SoarSuite/out/java/swtgraphics2d.jar
7f635a2b1000-7f635a2b3000 r--s 00005000 08:01 18088338                   /home/shiwali/soar/SoarSuite/out/java/soar-smljava.jar
7f635a2b3000-7f635a2bc000 r--s 000bc000 08:01 4465966                    /usr/lib/jvm/java-7-openjdk-common/jre/lib/resources.jar
7f635a2bc000-7f635a2c6000 rw-p 00000000 00:00 0 
7f635a2c6000-7f635a37c000 rw-p 00000000 00:00 0 
7f635a37c000-7f635a37f000 ---p 00000000 00:00 0 
7f635a37f000-7f635a482000 rw-p 00000000 00:00 0                          [stack:24982]
7f635a482000-7f635a485000 r--s 00018000 08:01 18088316                   /home/shiwali/soar/SoarSuite/out/java/sml.jar
7f635a485000-7f635a489000 r--s 00085000 08:01 4465969                    /usr/lib/jvm/java-7-openjdk-common/jre/lib/ext/localedata.jar
7f635a489000-7f635a48c000 r--s 00032000 08:01 4465970                    /usr/lib/jvm/java-7-openjdk-common/jre/lib/ext/sunjce_provider.jar
7f635a48c000-7f635a48f000 r--s 0003c000 08:01 4465968                    /usr/lib/jvm/java-7-openjdk-common/jre/lib/ext/sunpkcs11.jar
7f635a48f000-7f635a490000 r--s 00002000 08:01 4465972                    /usr/lib/jvm/java-7-openjdk-common/jre/lib/ext/dnsns.jar
7f635a490000-7f635a493000 r--s 0000f000 08:01 4465971                    /usr/lib/jvm/java-7-openjdk-common/jre/lib/ext/pulse-java.jar
7f635a493000-7f635a495000 r--s 00006000 08:01 4855577                    /usr/share/java/java-atk-wrapper.jar
7f635a495000-7f635a497000 r--s 00012000 08:01 4465973                    /usr/lib/jvm/java-7-openjdk-common/jre/lib/ext/zipfs.jar
7f635a497000-7f635a49f000 rw-s 00000000 08:01 6294297                    /tmp/hsperfdata_shiwali/24977
7f635a49f000-7f635a4a0000 rw-p 00000000 00:00 0 
7f635a4a0000-7f635a4a1000 r--p 00000000 00:00 0 
7f635a4a1000-7f635a4a3000 rw-p 00000000 00:00 0 
7f635a4a3000-7f635a4a4000 r--p 00022000 08:01 6032599                    /lib/x86_64-linux-gnu/ld-2.17.so
7f635a4a4000-7f635a4a6000 rw-p 00023000 08:01 6032599                    /lib/x86_64-linux-gnu/ld-2.17.so
7fffcdf6b000-7fffcdf8c000 rw-p 00000000 00:00 0                          [stack]
7fffcdff7000-7fffcdff9000 r-xp 00000000 00:00 0                          [vdso]
ffffffffff600000-ffffffffff601000 r-xp 00000000 00:00 0                  [vsyscall]

VM Arguments:
jvm_args: -Dfile.encoding=UTF-8 
java_command: edu.umich.insoar.InSoar
Launcher Type: SUN_STANDARD

Environment Variables:
JAVA_HOME=/usr/lib/jvm/java-7-oracle
PATH=/usr/lib/lightdm/lightdm:/usr/local/sbin:/usr/local/bin:/usr/sbin:/usr/bin:/sbin:/bin:/usr/games:/usr/local/games:/usr/lib/jvm/java-7-oracle/bin:/usr/lib/jvm/java-7-oracle/db/bin:/usr/lib/jvm/java-7-oracle/jre/bin
LD_LIBRARY_PATH=/home/shiwali/soar/SoarSuite/out
SHELL=/bin/bash
DISPLAY=:0

Signal Handlers:
SIGSEGV: [libjvm.so+0x84f410], sa_mask[0]=0x7ffbfeff, sa_flags=0x10000004
SIGBUS: [libjvm.so+0x84f410], sa_mask[0]=0x7ffbfeff, sa_flags=0x10000004
SIGFPE: [libjvm.so+0x6f19a0], sa_mask[0]=0x7ffbfeff, sa_flags=0x10000004
SIGPIPE: SIG_IGN, sa_mask[0]=0x00000000, sa_flags=0x00000000
SIGXFSZ: [libjvm.so+0x6f19a0], sa_mask[0]=0x7ffbfeff, sa_flags=0x10000004
SIGILL: [libjvm.so+0x6f19a0], sa_mask[0]=0x7ffbfeff, sa_flags=0x10000004
SIGUSR1: SIG_DFL, sa_mask[0]=0x00000000, sa_flags=0x00000000
SIGUSR2: [libjvm.so+0x6f1d70], sa_mask[0]=0x00000004, sa_flags=0x10000004
SIGHUP: [libjvm.so+0x6f1eb0], sa_mask[0]=0x7ffbfeff, sa_flags=0x10000004
SIGINT: [libjvm.so+0x6f1eb0], sa_mask[0]=0x7ffbfeff, sa_flags=0x10000004
SIGTERM: [libjvm.so+0x6f1eb0], sa_mask[0]=0x7ffbfeff, sa_flags=0x10000004
SIGQUIT: [libjvm.so+0x6f1eb0], sa_mask[0]=0x7ffbfeff, sa_flags=0x10000004


---------------  S Y S T E M  ---------------

OS:Ubuntu 13.04 (raring)
uname:Linux 3.8.0-30-generic #44-Ubuntu SMP Thu Aug 22 20:52:24 UTC 2013 x86_64
libc:glibc 2.17 NPTL 2.17 
rlimit: STACK 8192k, CORE 0k, NPROC 63152, NOFILE 4096, AS infinity
load average:1.71 1.78 1.69

/proc/meminfo:
MemTotal:        8102564 kB
MemFree:          395108 kB
Buffers:          121124 kB
Cached:          1169944 kB
SwapCached:         2808 kB
Active:          4811508 kB
Inactive:        1733764 kB
Active(anon):    4198388 kB
Inactive(anon):  1117220 kB
Active(file):     613120 kB
Inactive(file):   616544 kB
Unevictable:         112 kB
Mlocked:             112 kB
SwapTotal:       8311804 kB
SwapFree:        8282104 kB
Dirty:              1048 kB
Writeback:             0 kB
AnonPages:       5251652 kB
Mapped:           276048 kB
Shmem:             61388 kB
Slab:             240900 kB
SReclaimable:     181760 kB
SUnreclaim:        59140 kB
KernelStack:        6152 kB
PageTables:        69500 kB
NFS_Unstable:          0 kB
Bounce:                0 kB
WritebackTmp:          0 kB
CommitLimit:    12363084 kB
Committed_AS:   11435736 kB
VmallocTotal:   34359738367 kB
VmallocUsed:      102344 kB
VmallocChunk:   34359532348 kB
HardwareCorrupted:     0 kB
AnonHugePages:         0 kB
HugePages_Total:       0
HugePages_Free:        0
HugePages_Rsvd:        0
HugePages_Surp:        0
Hugepagesize:       2048 kB
DirectMap4k:       62268 kB
DirectMap2M:     8251392 kB


CPU:total 8 (4 cores per cpu, 2 threads per core) family 6 model 30 stepping 5, cmov, cx8, fxsr, mmx, sse, sse2, sse3, ssse3, sse4.1, sse4.2, popcnt, ht, tsc, tscinvbit

/proc/cpuinfo:
processor	: 0
vendor_id	: GenuineIntel
cpu family	: 6
model		: 30
model name	: Intel(R) Core(TM) i7 CPU         860  @ 2.80GHz
stepping	: 5
microcode	: 0x5
cpu MHz		: 2794.000
cache size	: 8192 KB
physical id	: 0
siblings	: 8
core id		: 0
cpu cores	: 4
apicid		: 0
initial apicid	: 0
fpu		: yes
fpu_exception	: yes
cpuid level	: 11
wp		: yes
flags		: fpu vme de pse tsc msr pae mce cx8 apic sep mtrr pge mca cmov pat pse36 clflush dts acpi mmx fxsr sse sse2 ss ht tm pbe syscall nx rdtscp lm constant_tsc arch_perfmon pebs bts rep_good nopl xtopology nonstop_tsc aperfmperf pni dtes64 monitor ds_cpl vmx smx est tm2 ssse3 cx16 xtpr pdcm sse4_1 sse4_2 popcnt lahf_lm ida dtherm tpr_shadow vnmi flexpriority ept vpid
bogomips	: 5586.36
clflush size	: 64
cache_alignment	: 64
address sizes	: 36 bits physical, 48 bits virtual
power management:

processor	: 1
vendor_id	: GenuineIntel
cpu family	: 6
model		: 30
model name	: Intel(R) Core(TM) i7 CPU         860  @ 2.80GHz
stepping	: 5
microcode	: 0x5
cpu MHz		: 1197.000
cache size	: 8192 KB
physical id	: 0
siblings	: 8
core id		: 1
cpu cores	: 4
apicid		: 2
initial apicid	: 2
fpu		: yes
fpu_exception	: yes
cpuid level	: 11
wp		: yes
flags		: fpu vme de pse tsc msr pae mce cx8 apic sep mtrr pge mca cmov pat pse36 clflush dts acpi mmx fxsr sse sse2 ss ht tm pbe syscall nx rdtscp lm constant_tsc arch_perfmon pebs bts rep_good nopl xtopology nonstop_tsc aperfmperf pni dtes64 monitor ds_cpl vmx smx est tm2 ssse3 cx16 xtpr pdcm sse4_1 sse4_2 popcnt lahf_lm ida dtherm tpr_shadow vnmi flexpriority ept vpid
bogomips	: 5586.36
clflush size	: 64
cache_alignment	: 64
address sizes	: 36 bits physical, 48 bits virtual
power management:

processor	: 2
vendor_id	: GenuineIntel
cpu family	: 6
model		: 30
model name	: Intel(R) Core(TM) i7 CPU         860  @ 2.80GHz
stepping	: 5
microcode	: 0x5
cpu MHz		: 1596.000
cache size	: 8192 KB
physical id	: 0
siblings	: 8
core id		: 2
cpu cores	: 4
apicid		: 4
initial apicid	: 4
fpu		: yes
fpu_exception	: yes
cpuid level	: 11
wp		: yes
flags		: fpu vme de pse tsc msr pae mce cx8 apic sep mtrr pge mca cmov pat pse36 clflush dts acpi mmx fxsr sse sse2 ss ht tm pbe syscall nx rdtscp lm constant_tsc arch_perfmon pebs bts rep_good nopl xtopology nonstop_tsc aperfmperf pni dtes64 monitor ds_cpl vmx smx est tm2 ssse3 cx16 xtpr pdcm sse4_1 sse4_2 popcnt lahf_lm ida dtherm tpr_shadow vnmi flexpriority ept vpid
bogomips	: 5586.36
clflush size	: 64
cache_alignment	: 64
address sizes	: 36 bits physical, 48 bits virtual
power management:

processor	: 3
vendor_id	: GenuineIntel
cpu family	: 6
model		: 30
model name	: Intel(R) Core(TM) i7 CPU         860  @ 2.80GHz
stepping	: 5
microcode	: 0x5
cpu MHz		: 2794.000
cache size	: 8192 KB
physical id	: 0
siblings	: 8
core id		: 3
cpu cores	: 4
apicid		: 6
initial apicid	: 6
fpu		: yes
fpu_exception	: yes
cpuid level	: 11
wp		: yes
flags		: fpu vme de pse tsc msr pae mce cx8 apic sep mtrr pge mca cmov pat pse36 clflush dts acpi mmx fxsr sse sse2 ss ht tm pbe syscall nx rdtscp lm constant_tsc arch_perfmon pebs bts rep_good nopl xtopology nonstop_tsc aperfmperf pni dtes64 monitor ds_cpl vmx smx est tm2 ssse3 cx16 xtpr pdcm sse4_1 sse4_2 popcnt lahf_lm ida dtherm tpr_shadow vnmi flexpriority ept vpid
bogomips	: 5586.36
clflush size	: 64
cache_alignment	: 64
address sizes	: 36 bits physical, 48 bits virtual
power management:

processor	: 4
vendor_id	: GenuineIntel
cpu family	: 6
model		: 30
model name	: Intel(R) Core(TM) i7 CPU         860  @ 2.80GHz
stepping	: 5
microcode	: 0x5
cpu MHz		: 1197.000
cache size	: 8192 KB
physical id	: 0
siblings	: 8
core id		: 0
cpu cores	: 4
apicid		: 1
initial apicid	: 1
fpu		: yes
fpu_exception	: yes
cpuid level	: 11
wp		: yes
flags		: fpu vme de pse tsc msr pae mce cx8 apic sep mtrr pge mca cmov pat pse36 clflush dts acpi mmx fxsr sse sse2 ss ht tm pbe syscall nx rdtscp lm constant_tsc arch_perfmon pebs bts rep_good nopl xtopology nonstop_tsc aperfmperf pni dtes64 monitor ds_cpl vmx smx est tm2 ssse3 cx16 xtpr pdcm sse4_1 sse4_2 popcnt lahf_lm ida dtherm tpr_shadow vnmi flexpriority ept vpid
bogomips	: 5586.36
clflush size	: 64
cache_alignment	: 64
address sizes	: 36 bits physical, 48 bits virtual
power management:

processor	: 5
vendor_id	: GenuineIntel
cpu family	: 6
model		: 30
model name	: Intel(R) Core(TM) i7 CPU         860  @ 2.80GHz
stepping	: 5
microcode	: 0x5
cpu MHz		: 1197.000
cache size	: 8192 KB
physical id	: 0
siblings	: 8
core id		: 1
cpu cores	: 4
apicid		: 3
initial apicid	: 3
fpu		: yes
fpu_exception	: yes
cpuid level	: 11
wp		: yes
flags		: fpu vme de pse tsc msr pae mce cx8 apic sep mtrr pge mca cmov pat pse36 clflush dts acpi mmx fxsr sse sse2 ss ht tm pbe syscall nx rdtscp lm constant_tsc arch_perfmon pebs bts rep_good nopl xtopology nonstop_tsc aperfmperf pni dtes64 monitor ds_cpl vmx smx est tm2 ssse3 cx16 xtpr pdcm sse4_1 sse4_2 popcnt lahf_lm ida dtherm tpr_shadow vnmi flexpriority ept vpid
bogomips	: 5586.36
clflush size	: 64
cache_alignment	: 64
address sizes	: 36 bits physical, 48 bits virtual
power management:

processor	: 6
vendor_id	: GenuineIntel
cpu family	: 6
model		: 30
model name	: Intel(R) Core(TM) i7 CPU         860  @ 2.80GHz
stepping	: 5
microcode	: 0x5
cpu MHz		: 2794.000
cache size	: 8192 KB
physical id	: 0
siblings	: 8
core id		: 2
cpu cores	: 4
apicid		: 5
initial apicid	: 5
fpu		: yes
fpu_exception	: yes
cpuid level	: 11
wp		: yes
flags		: fpu vme de pse tsc msr pae mce cx8 apic sep mtrr pge mca cmov pat pse36 clflush dts acpi mmx fxsr sse sse2 ss ht tm pbe syscall nx rdtscp lm constant_tsc arch_perfmon pebs bts rep_good nopl xtopology nonstop_tsc aperfmperf pni dtes64 monitor ds_cpl vmx smx est tm2 ssse3 cx16 xtpr pdcm sse4_1 sse4_2 popcnt lahf_lm ida dtherm tpr_shadow vnmi flexpriority ept vpid
bogomips	: 5586.36
clflush size	: 64
cache_alignment	: 64
address sizes	: 36 bits physical, 48 bits virtual
power management:

processor	: 7
vendor_id	: GenuineIntel
cpu family	: 6
model		: 30
model name	: Intel(R) Core(TM) i7 CPU         860  @ 2.80GHz
stepping	: 5
microcode	: 0x5
cpu MHz		: 1197.000
cache size	: 8192 KB
physical id	: 0
siblings	: 8
core id		: 3
cpu cores	: 4
apicid		: 7
initial apicid	: 7
fpu		: yes
fpu_exception	: yes
cpuid level	: 11
wp		: yes
flags		: fpu vme de pse tsc msr pae mce cx8 apic sep mtrr pge mca cmov pat pse36 clflush dts acpi mmx fxsr sse sse2 ss ht tm pbe syscall nx rdtscp lm constant_tsc arch_perfmon pebs bts rep_good nopl xtopology nonstop_tsc aperfmperf pni dtes64 monitor ds_cpl vmx smx est tm2 ssse3 cx16 xtpr pdcm sse4_1 sse4_2 popcnt lahf_lm ida dtherm tpr_shadow vnmi flexpriority ept vpid
bogomips	: 5586.36
clflush size	: 64
cache_alignment	: 64
address sizes	: 36 bits physical, 48 bits virtual
power management:



Memory: 4k page, physical 8102564k(395108k free), swap 8311804k(8282104k free)

vm_info: OpenJDK 64-Bit Server VM (23.7-b01) for linux-amd64 JRE (1.7.0_25-b30), built on Jul  3 2013 13:50:39 by "buildd" with gcc 4.7.3

time: Thu Jan 23 17:07:08 2014
elapsed time: 9745 seconds

