#
# A fatal error has been detected by the Java Runtime Environment:
#
#  SIGSEGV (0xb) at pc=0x00007fcce153666f, pid=20603, tid=140517920069376
#
# JRE version: 7.0_25-b30
# Java VM: OpenJDK 64-Bit Server VM (23.7-b01 mixed mode linux-amd64 compressed oops)
# Problematic frame:
# C  [libSoar.so+0x1d766f]  elaborate_gds(agent_struct*)+0x23f
#
# Failed to write core dump. Core dumps have been disabled. To enable core dumping, try "ulimit -c unlimited" before starting Java again
#
# If you would like to submit a bug report, please include
# instructions on how to reproduce the bug and visit:
#   https://bugs.launchpad.net/ubuntu/+source/openjdk-7/
#

---------------  T H R E A D  ---------------

Current thread is native thread

siginfo:si_signo=SIGSEGV: si_errno=0, si_code=128 (), si_addr=0x0000000000000000

Registers:
RAX=0x7fcc9d02ac480000, RBX=0x0000000000000000, RCX=0x00007fcc9c62c590, RDX=0x00007fcc9d27485a
RSP=0x00007fcce0b5bdf0, RBP=0x00007fcce0b5be90, RSI=0x00007fcc9c62c590, RDI=0x00007fcc9c000dd0
R8 =0x00007fcc9d5b8840, R9 =0x0000000000100000, R10=0x0000000000000000, R11=0x00007fcd04a19c1d
R12=0x0000000000000000, R13=0x00007fcd05186060, R14=0x00007fcd051644f0, R15=0x0000000000001000
RIP=0x00007fcce153666f, EFLAGS=0x0000000000010206, CSGSFS=0x0000000000000033, ERR=0x0000000000000000
  TRAPNO=0x000000000000000d

Top of Stack: (sp=0x00007fcce0b5bdf0)
0x00007fcce0b5bdf0:   00007fcce0b5be60 00007fcc9c000dd0
0x00007fcce0b5be00:   00027fcc9c007068 00007fcc9c000dd0
0x00007fcce0b5be10:   00007fcc9dfa2a80 00007fcc9d813130
0x00007fcce0b5be20:   00007fcc9c69de30 00007fcc9d88a1d0
0x00007fcce0b5be30:   00007fcc9d633330 00007fcd051644f0
0x00007fcce0b5be40:   0000000000001000 00007fcd04a10580
0x00007fcce0b5be50:   00007fcc9d144568 0000000000000000
0x00007fcce0b5be60:   00007fcce0b5be90 00007fcce15361fe
0x00007fcce0b5be70:   00007fcc9c69de30 00007fcc9d27485a
0x00007fcce0b5be80:   7fcc9d02ac480000 00007fcc9d813130
0x00007fcce0b5be90:   00007fcce0b5bf00 00007fcce153416a
0x00007fcce0b5bea0:   00007fcc9cfd5340 00007fcc9c000dd0
0x00007fcce0b5beb0:   00007fccfc1b73b8 0000000000000000
0x00007fcce0b5bec0:   00007fcce0b5bf28 00007fcce0b5bf00
0x00007fcce0b5bed0:   0000000000000000 00007fcc9d63db50
0x00007fcce0b5bee0:   00007fcc9ce0ac00 00007fcc9d63db50
0x00007fcce0b5bef0:   0000000000000000 00007fcc9c0070b0
0x00007fcce0b5bf00:   00007fcce0b5bf30 00007fcce15342e3
0x00007fcce0b5bf10:   00007fcc9c000dd0 00007fcc9c000dd0
0x00007fcce0b5bf20:   00007fcc9d567bc0 00007fcc9cfd5340
0x00007fcce0b5bf30:   00007fcce0b5bf50 00007fcce1535f18
0x00007fcce0b5bf40:   0000000400000000 00007fcc9c000dd0
0x00007fcce0b5bf50:   00007fcce0b5bfe0 00007fcce154ef55
0x00007fcce0b5bf60:   00007fffabdc9ac9 00007fcc9c000dd0
0x00007fcce0b5bf70:   00000001e0b5bf90 0000000000000000
0x00007fcce0b5bf80:   0000000000000000 00007fcd05186060
0x00007fcce0b5bf90:   00007fcce0b5bfc0 00007fcd04a9bead
0x00007fcce0b5bfa0:   00007fcce0b5c000 00007fcce159e8a7
0x00007fcce0b5bfb0:   00000000000170af 00000000073dc9c5
0x00007fcce0b5bfc0:   00007fcce0b5bfe0 00007fcce159ec66
0x00007fcce0b5bfd0:   00007fccfc1d0868 00007fcc9c004ad0
0x00007fcce0b5bfe0:   00007fcce0b5c010 00007fcce1550318 

Instructions: (pc=0x00007fcce153666f)
0x00007fcce153664f:   74 0f 48 8b 45 e8 48 8b 55 f0 48 89 90 a0 00 00
0x00007fcce153665f:   00 48 83 7d f0 00 74 11 48 8b 45 f0 48 8b 55 e8
0x00007fcce153666f:   48 89 90 98 00 00 00 eb 13 48 8b 45 98 48 8b 80
0x00007fcce153667f:   90 00 00 00 48 8b 55 e8 48 89 50 08 48 8b 45 98 

Register to memory mapping:

RAX=0x7fcc9d02ac480000 is an unknown value
RBX=0x0000000000000000 is an unknown value
RCX=0x00007fcc9c62c590 is an unknown value
RDX=0x00007fcc9d27485a is an unknown value
RSP=0x00007fcce0b5bdf0 is an unknown value
RBP=0x00007fcce0b5be90 is an unknown value
RSI=0x00007fcc9c62c590 is an unknown value
RDI=0x00007fcc9c000dd0 is an unknown value
R8 =0x00007fcc9d5b8840 is an unknown value
R9 =0x0000000000100000 is an unknown value
R10=0x0000000000000000 is an unknown value
R11=0x00007fcd04a19c1d: <offset 0x8cc1d> in /lib/x86_64-linux-gnu/libc.so.6 at 0x00007fcd0498d000
R12=0x0000000000000000 is an unknown value
R13=0x00007fcd05186060: _rtld_global+0 in /lib64/ld-linux-x86-64.so.2 at 0x00007fcd04f63000
R14=0x00007fcd051644f0 is pointing into the stack for thread: 0x00007fccfc009800
R15=0x0000000000001000 is an unknown value


Stack: [0x00007fcce035d000,0x00007fcce0b5e000],  sp=0x00007fcce0b5bdf0,  free space=8187k
Native frames: (J=compiled Java code, j=interpreted, Vv=VM code, C=native code)
C  [libSoar.so+0x1d766f]  elaborate_gds(agent_struct*)+0x23f
C  [libSoar.so+0x1d516a]  decide_non_context_slot(agent_struct*, slot_struct*)+0x4f6
C  [libSoar.so+0x1d52e3]  decide_non_context_slots(agent_struct*)+0x55
C  [libSoar.so+0x1d6f18]  do_working_memory_phase(agent_struct*)+0x105
C  [libSoar.so+0x1eff55]  do_one_top_level_phase(agent_struct*)+0x7f9
C  [libSoar.so+0x1f1318]  run_for_n_decision_cycles(agent_struct*, long)+0xb8
C  [libSoar.so+0x380f5d]  sml::AgentSML::Step(sml::smlRunStepSize)+0x109
C  [libSoar.so+0x380d95]  sml::AgentSML::StepInClientThread(sml::smlRunStepSize)+0x43
C  [libSoar.so+0x391d66]  sml::RunScheduler::RunScheduledAgents(bool, sml::smlRunStepSize, unsigned long, sml::smlRunFlags, sml::smlRunStepSize, bool)+0x348
C  [libSoar.so+0x41d2d0]  cli::CommandLineInterface::DoRun(std::bitset<10ul> const&, int, cli::Cli::eRunInterleaveMode)+0x332
C  [libSoar.so+0x43e338]  cli::RunCommand::Parse(std::vector<std::string, std::allocator<std::string> >&)+0x67a
C  [libSoar.so+0x42e86f]  cli::Parser::handle_command(std::vector<std::string, std::allocator<std::string> >&)+0x91
C  [libSoar.so+0x42d596]  soar::tokenizer::parse_command()+0x1d0
C  [libSoar.so+0x42d33c]  soar::tokenizer::evaluate(char const*)+0x60
C  [libSoar.so+0x42080b]  cli::CommandLineInterface::Source(char const*, bool)+0x61
C  [libSoar.so+0x42ab13]  cli::CommandLineInterface::DoCommand(sml::Connection*, sml::AgentSML*, char const*, bool, bool, soarxml::ElementXML*)+0x11d
C  [libSoar.so+0x38c0e9]  sml::KernelSML::HandleCommandLine(sml::AgentSML*, char const*, sml::Connection*, sml::AnalyzeXML*, soarxml::ElementXML*)+0x481
C  [libSoar.so+0x3883c3]  sml::KernelSML::ProcessCommand(char const*, sml::Connection*, sml::AnalyzeXML*, soarxml::ElementXML*)+0x325
C  [libSoar.so+0x38868f]  sml::KernelSML::ProcessIncomingSML(sml::Connection*, soarxml::ElementXML*)+0x119
C  [libSoar.so+0x37f1c0]  ReceivedCall(sml::Connection*, soarxml::ElementXML*, void*)+0x3b
C  [libSoar.so+0x3f70d8]  sml::Callback::Invoke(soarxml::ElementXML*)+0x30
C  [libSoar.so+0x3f0dcb]  sml::Connection::InvokeCallbacks(soarxml::ElementXML*)+0x105
C  [libSoar.so+0x3f446d]  sml::RemoteConnection::ReceiveMessages(bool, int, int)+0x229
C  [libSoar.so+0x3f4241]  sml::RemoteConnection::ReceiveMessages(bool)+0x2b
C  [libSoar.so+0x385655]  sml::ConnectionManager::ReceiveAllMessages()+0x6f
C  [libSoar.so+0x38e062]  sml::ReceiverThread::Run()+0x2e
C  [libSoar.so+0x3f6d7d]  ThreadStartFunction(void*)+0x2b
C  [libSoar.so+0x3f6c35]  LinuxThreadFunc(void*)+0x28


---------------  P R O C E S S  ---------------

VM state:not at safepoint (normal execution)

VM Mutex/Monitor currently owned by a thread: None

Heap
 PSYoungGen      total 515392K, used 15223K [0x00000007d6c00000, 0x00000007f6ba0000, 0x0000000800000000)
  eden space 506880K, 1% used [0x00000007d6c00000,0x00000007d75d6010,0x00000007f5b00000)
  from space 8512K, 60% used [0x00000007f6350000,0x00000007f6857d00,0x00000007f6ba0000)
  to   space 8512K, 0% used [0x00000007f5b00000,0x00000007f5b00000,0x00000007f6350000)
 ParOldGen       total 84480K, used 11287K [0x0000000784400000, 0x0000000789680000, 0x00000007d6c00000)
  object space 84480K, 13% used [0x0000000784400000,0x0000000784f05e80,0x0000000789680000)
 PSPermGen       total 21248K, used 19225K [0x0000000779e00000, 0x000000077b2c0000, 0x0000000784400000)
  object space 21248K, 90% used [0x0000000779e00000,0x000000077b0c65e8,0x000000077b2c0000)

Card table byte_map: [0x00007fcd019be000,0x00007fcd01df0000] byte_map_base: 0x00007fccfddef000

Polling page: 0x00007fcd05182000

Code Cache  [0x00007fccf9000000, 0x00007fccf9270000, 0x00007fccfc000000)
 total_blobs=1097 nmethods=546 adapters=503 free_code_cache=47057Kb largest_free_block=48126336

Compilation events (10 events):
Event: 261.748 Thread 0x00007fccfc119800  559             javax.swing.text.CompositeView::getTopInset (5 bytes)
Event: 261.748 Thread 0x00007fccfc119800 nmethod 559 0x00007fccf920a8d0 code [0x00007fccf920aa00, 0x00007fccf920aa58]
Event: 262.853 Thread 0x00007fccfc116800  560             java.util.ArrayList::remove (69 bytes)
Event: 262.855 Thread 0x00007fccfc116800 nmethod 560 0x00007fccf9161f50 code [0x00007fccf91620a0, 0x00007fccf9162238]
Event: 262.861 Thread 0x00007fccfc119800  561             java.awt.Component::getFont (5 bytes)
Event: 262.862 Thread 0x00007fccfc119800 nmethod 561 0x00007fccf9161c90 code [0x00007fccf9161de0, 0x00007fccf9161ea8]
Event: 298.358 Thread 0x00007fccfc116800  563             probcog.lcmtypes.robot_action_t::<init> (33 bytes)
Event: 298.361 Thread 0x00007fccfc116800 nmethod 563 0x00007fccf9161390 code [0x00007fccf9161500, 0x00007fccf9161708]
Event: 306.934 Thread 0x00007fccfc119800  564   !         edu.umich.insoar.PerceptionConnector::messageReceived (112 bytes)
Event: 306.941 Thread 0x00007fccfc119800 nmethod 564 0x00007fccf9215810 code [0x00007fccf9215a00, 0x00007fccf92163e0]

GC Heap History (10 events):
Event: 1.511 GC heap before
{Heap before GC invocations=4 (full 0):
 PSYoungGen      total 68608K, used 68576K [0x00000007d6c00000, 0x00000007df200000, 0x0000000800000000)
  eden space 63360K, 100% used [0x00000007d6c00000,0x00000007da9e0000,0x00000007da9e0000)
  from space 5248K, 99% used [0x00000007da9e0000,0x00000007daef8020,0x00000007daf00000)
  to   space 5248K, 0% used [0x00000007dece0000,0x00000007dece0000,0x00000007df200000)
 ParOldGen       total 84480K, used 3731K [0x0000000784400000, 0x0000000789680000, 0x00000007d6c00000)
  object space 84480K, 4% used [0x0000000784400000,0x00000007847a4e10,0x0000000789680000)
 PSPermGen       total 21248K, used 3569K [0x0000000779e00000, 0x000000077b2c0000, 0x0000000784400000)
  object space 21248K, 16% used [0x0000000779e00000,0x000000077a17c520,0x000000077b2c0000)
Event: 1.527 GC heap after
Heap after GC invocations=4 (full 0):
 PSYoungGen      total 131968K, used 5216K [0x00000007d6c00000, 0x00000007df200000, 0x0000000800000000)
  eden space 126720K, 0% used [0x00000007d6c00000,0x00000007d6c00000,0x00000007de7c0000)
  from space 5248K, 99% used [0x00000007dece0000,0x00000007df1f8020,0x00000007df200000)
  to   space 5248K, 0% used [0x00000007de7c0000,0x00000007de7c0000,0x00000007dece0000)
 ParOldGen       total 84480K, used 4819K [0x0000000784400000, 0x0000000789680000, 0x00000007d6c00000)
  object space 84480K, 5% used [0x0000000784400000,0x00000007848b4e10,0x0000000789680000)
 PSPermGen       total 21248K, used 3569K [0x0000000779e00000, 0x000000077b2c0000, 0x0000000784400000)
  object space 21248K, 16% used [0x0000000779e00000,0x000000077a17c520,0x000000077b2c0000)
}
Event: 2.023 GC heap before
{Heap before GC invocations=5 (full 0):
 PSYoungGen      total 131968K, used 131936K [0x00000007d6c00000, 0x00000007df200000, 0x0000000800000000)
  eden space 126720K, 100% used [0x00000007d6c00000,0x00000007de7c0000,0x00000007de7c0000)
  from space 5248K, 99% used [0x00000007dece0000,0x00000007df1f8020,0x00000007df200000)
  to   space 5248K, 0% used [0x00000007de7c0000,0x00000007de7c0000,0x00000007dece0000)
 ParOldGen       total 84480K, used 4819K [0x0000000784400000, 0x0000000789680000, 0x00000007d6c00000)
  object space 84480K, 5% used [0x0000000784400000,0x00000007848b4e10,0x0000000789680000)
 PSPermGen       total 21248K, used 3569K [0x0000000779e00000, 0x000000077b2c0000, 0x0000000784400000)
  object space 21248K, 16% used [0x0000000779e00000,0x000000077a17c520,0x000000077b2c0000)
Event: 2.044 GC heap after
Heap after GC invocations=5 (full 0):
 PSYoungGen      total 131968K, used 5232K [0x00000007d6c00000, 0x00000007e73c0000, 0x0000000800000000)
  eden space 126720K, 0% used [0x00000007d6c00000,0x00000007d6c00000,0x00000007de7c0000)
  from space 5248K, 99% used [0x00000007de7c0000,0x00000007decdc010,0x00000007dece0000)
  to   space 8320K, 0% used [0x00000007e6ba0000,0x00000007e6ba0000,0x00000007e73c0000)
 ParOldGen       total 84480K, used 6315K [0x0000000784400000, 0x0000000789680000, 0x00000007d6c00000)
  object space 84480K, 7% used [0x0000000784400000,0x0000000784a2ae10,0x0000000789680000)
 PSPermGen       total 21248K, used 3569K [0x0000000779e00000, 0x000000077b2c0000, 0x0000000784400000)
  object space 21248K, 16% used [0x0000000779e00000,0x000000077a17c520,0x000000077b2c0000)
}
Event: 2.514 GC heap before
{Heap before GC invocations=6 (full 0):
 PSYoungGen      total 131968K, used 131952K [0x00000007d6c00000, 0x00000007e73c0000, 0x0000000800000000)
  eden space 126720K, 100% used [0x00000007d6c00000,0x00000007de7c0000,0x00000007de7c0000)
  from space 5248K, 99% used [0x00000007de7c0000,0x00000007decdc010,0x00000007dece0000)
  to   space 8320K, 0% used [0x00000007e6ba0000,0x00000007e6ba0000,0x00000007e73c0000)
 ParOldGen       total 84480K, used 6315K [0x0000000784400000, 0x0000000789680000, 0x00000007d6c00000)
  object space 84480K, 7% used [0x0000000784400000,0x0000000784a2ae10,0x0000000789680000)
 PSPermGen       total 21248K, used 3569K [0x0000000779e00000, 0x000000077b2c0000, 0x0000000784400000)
  object space 21248K, 16% used [0x0000000779e00000,0x000000077a17c520,0x000000077b2c0000)
Event: 2.532 GC heap after
Heap after GC invocations=6 (full 0):
 PSYoungGen      total 261760K, used 5504K [0x00000007d6c00000, 0x00000007e73c0000, 0x0000000800000000)
  eden space 253440K, 0% used [0x00000007d6c00000,0x00000007d6c00000,0x00000007e6380000)
  from space 8320K, 66% used [0x00000007e6ba0000,0x00000007e7100020,0x00000007e73c0000)
  to   space 8320K, 0% used [0x00000007e6380000,0x00000007e6380000,0x00000007e6ba0000)
 ParOldGen       total 84480K, used 6315K [0x0000000784400000, 0x0000000789680000, 0x00000007d6c00000)
  object space 84480K, 7% used [0x0000000784400000,0x0000000784a2ae10,0x0000000789680000)
 PSPermGen       total 21248K, used 3569K [0x0000000779e00000, 0x000000077b2c0000, 0x0000000784400000)
  object space 21248K, 16% used [0x0000000779e00000,0x000000077a17c520,0x000000077b2c0000)
}
Event: 50.020 GC heap before
{Heap before GC invocations=7 (full 0):
 PSYoungGen      total 261760K, used 258944K [0x00000007d6c00000, 0x00000007e73c0000, 0x0000000800000000)
  eden space 253440K, 100% used [0x00000007d6c00000,0x00000007e6380000,0x00000007e6380000)
  from space 8320K, 66% used [0x00000007e6ba0000,0x00000007e7100020,0x00000007e73c0000)
  to   space 8320K, 0% used [0x00000007e6380000,0x00000007e6380000,0x00000007e6ba0000)
 ParOldGen       total 84480K, used 6315K [0x0000000784400000, 0x0000000789680000, 0x00000007d6c00000)
  object space 84480K, 7% used [0x0000000784400000,0x0000000784a2ae10,0x0000000789680000)
 PSPermGen       total 21248K, used 18503K [0x0000000779e00000, 0x000000077b2c0000, 0x0000000784400000)
  object space 21248K, 87% used [0x0000000779e00000,0x000000077b011f80,0x000000077b2c0000)
Event: 50.033 GC heap after
Heap after GC invocations=7 (full 0):
 PSYoungGen      total 261760K, used 7307K [0x00000007d6c00000, 0x00000007f6ba0000, 0x0000000800000000)
  eden space 253440K, 0% used [0x00000007d6c00000,0x00000007d6c00000,0x00000007e6380000)
  from space 8320K, 87% used [0x00000007e6380000,0x00000007e6aa2c88,0x00000007e6ba0000)
  to   space 8512K, 0% used [0x00000007f6350000,0x00000007f6350000,0x00000007f6ba0000)
 ParOldGen       total 84480K, used 11247K [0x0000000784400000, 0x0000000789680000, 0x00000007d6c00000)
  object space 84480K, 13% used [0x0000000784400000,0x0000000784efbe80,0x0000000789680000)
 PSPermGen       total 21248K, used 18503K [0x0000000779e00000, 0x000000077b2c0000, 0x0000000784400000)
  object space 21248K, 87% used [0x0000000779e00000,0x000000077b011f80,0x000000077b2c0000)
}
Event: 305.122 GC heap before
{Heap before GC invocations=8 (full 0):
 PSYoungGen      total 261760K, used 260747K [0x00000007d6c00000, 0x00000007f6ba0000, 0x0000000800000000)
  eden space 253440K, 100% used [0x00000007d6c00000,0x00000007e6380000,0x00000007e6380000)
  from space 8320K, 87% used [0x00000007e6380000,0x00000007e6aa2c88,0x00000007e6ba0000)
  to   space 8512K, 0% used [0x00000007f6350000,0x00000007f6350000,0x00000007f6ba0000)
 ParOldGen       total 84480K, used 11247K [0x0000000784400000, 0x0000000789680000, 0x00000007d6c00000)
  object space 84480K, 13% used [0x0000000784400000,0x0000000784efbe80,0x0000000789680000)
 PSPermGen       total 21248K, used 19221K [0x0000000779e00000, 0x000000077b2c0000, 0x0000000784400000)
  object space 21248K, 90% used [0x0000000779e00000,0x000000077b0c5668,0x000000077b2c0000)
Event: 305.130 GC heap after
Heap after GC invocations=8 (full 0):
 PSYoungGen      total 515392K, used 5151K [0x00000007d6c00000, 0x00000007f6ba0000, 0x0000000800000000)
  eden space 506880K, 0% used [0x00000007d6c00000,0x00000007d6c00000,0x00000007f5b00000)
  from space 8512K, 60% used [0x00000007f6350000,0x00000007f6857d00,0x00000007f6ba0000)
  to   space 8512K, 0% used [0x00000007f5b00000,0x00000007f5b00000,0x00000007f6350000)
 ParOldGen       total 84480K, used 11287K [0x0000000784400000, 0x0000000789680000, 0x00000007d6c00000)
  object space 84480K, 13% used [0x0000000784400000,0x0000000784f05e80,0x0000000789680000)
 PSPermGen       total 21248K, used 19221K [0x0000000779e00000, 0x000000077b2c0000, 0x0000000784400000)
  object space 21248K, 90% used [0x0000000779e00000,0x000000077b0c5668,0x000000077b2c0000)
}

Deoptimization events (10 events):
Event: 234.956 Thread 0x00007fcc840e0800 Uncommon trap -58 fr.pc 0x00007fccf917ce7c
Event: 234.956 Thread 0x00007fcc840e0800 Uncommon trap -58 fr.pc 0x00007fccf917c648
Event: 234.956 Thread 0x00007fcc840e0800 Uncommon trap -58 fr.pc 0x00007fccf917ce7c
Event: 234.956 Thread 0x00007fcc840e0800 Uncommon trap -58 fr.pc 0x00007fccf917c648
Event: 234.958 Thread 0x00007fcc840e0800 Uncommon trap -58 fr.pc 0x00007fccf917c648
Event: 258.836 Thread 0x00007fcc840e0800 Uncommon trap -42 fr.pc 0x00007fccf9219634
Event: 258.836 Thread 0x00007fcc840e0800 Uncommon trap -42 fr.pc 0x00007fccf9219634
Event: 258.836 Thread 0x00007fcc840e0800 Uncommon trap -42 fr.pc 0x00007fccf9219634
Event: 258.946 Thread 0x00007fcc840e0800 Uncommon trap -42 fr.pc 0x00007fccf9219634
Event: 266.010 Thread 0x00007fcc88146800 Uncommon trap -83 fr.pc 0x00007fccf91a5408

Internal exceptions (10 events):
Event: 234.954 Thread 0x00007fcc840e0800 Threw 0x00000007e2403220 at /build/buildd/openjdk-7-7u25-2.3.10/build/openjdk/hotspot/src/share/vm/prims/jvm.cpp:1235
Event: 234.954 Thread 0x00007fcc840e0800 Threw 0x00000007e24064a8 at /build/buildd/openjdk-7-7u25-2.3.10/build/openjdk/hotspot/src/share/vm/prims/jvm.cpp:1235
Event: 234.954 Thread 0x00007fcc840e0800 Threw 0x00000007e24097c0 at /build/buildd/openjdk-7-7u25-2.3.10/build/openjdk/hotspot/src/share/vm/prims/jvm.cpp:1235
Event: 234.954 Thread 0x00007fcc840e0800 Threw 0x00000007e240ce18 at /build/buildd/openjdk-7-7u25-2.3.10/build/openjdk/hotspot/src/share/vm/prims/jvm.cpp:1235
Event: 234.955 Thread 0x00007fcc840e0800 Threw 0x00000007e240fce0 at /build/buildd/openjdk-7-7u25-2.3.10/build/openjdk/hotspot/src/share/vm/prims/jvm.cpp:1235
Event: 234.955 Thread 0x00007fcc840e0800 Threw 0x00000007e2412da8 at /build/buildd/openjdk-7-7u25-2.3.10/build/openjdk/hotspot/src/share/vm/prims/jvm.cpp:1235
Event: 234.955 Thread 0x00007fcc840e0800 Threw 0x00000007e2415ee8 at /build/buildd/openjdk-7-7u25-2.3.10/build/openjdk/hotspot/src/share/vm/prims/jvm.cpp:1235
Event: 234.955 Thread 0x00007fcc840e0800 Threw 0x00000007e2418ec0 at /build/buildd/openjdk-7-7u25-2.3.10/build/openjdk/hotspot/src/share/vm/prims/jvm.cpp:1235
Event: 240.046 Thread 0x00007fcc840e0800 Threw 0x00000007e2ea3200 at /build/buildd/openjdk-7-7u25-2.3.10/build/openjdk/hotspot/src/share/vm/prims/jvm.cpp:1235
Event: 266.010 Thread 0x00007fcc88146800 Implicit null exception at 0x00007fccf91a4a8e to 0x00007fccf91a53ed

Events (10 events):
Event: 305.135 Executing VM operation: RevokeBias
Event: 305.135 Executing VM operation: RevokeBias done
Event: 305.135 Executing VM operation: BulkRevokeBias
Event: 305.135 Executing VM operation: BulkRevokeBias done
Event: 305.135 Executing VM operation: RevokeBias
Event: 305.135 Executing VM operation: RevokeBias done
Event: 305.135 Executing VM operation: BulkRevokeBias
Event: 305.135 Executing VM operation: BulkRevokeBias done
Event: 305.136 Executing VM operation: RevokeBias
Event: 305.136 Executing VM operation: RevokeBias done


Dynamic libraries:
00400000-00401000 r-xp 00000000 08:01 4466528                            /usr/lib/jvm/java-7-openjdk-amd64/jre/bin/java
00600000-00601000 r--p 00000000 08:01 4466528                            /usr/lib/jvm/java-7-openjdk-amd64/jre/bin/java
00601000-00602000 rw-p 00001000 08:01 4466528                            /usr/lib/jvm/java-7-openjdk-amd64/jre/bin/java
02271000-02292000 rw-p 00000000 00:00 0                                  [heap]
779e00000-77b2c0000 rw-p 00000000 00:00 0 
77b2c0000-784400000 rw-p 00000000 00:00 0 
784400000-789680000 rw-p 00000000 00:00 0 
789680000-7d6c00000 rw-p 00000000 00:00 0 
7d6c00000-7f6ba0000 rw-p 00000000 00:00 0 
7f6ba0000-800000000 rw-p 00000000 00:00 0 
7fcc74000000-7fcc74021000 rw-p 00000000 00:00 0 
7fcc74021000-7fcc78000000 ---p 00000000 00:00 0 
7fcc78000000-7fcc78021000 rw-p 00000000 00:00 0 
7fcc78021000-7fcc7c000000 ---p 00000000 00:00 0 
7fcc7c000000-7fcc7c021000 rw-p 00000000 00:00 0 
7fcc7c021000-7fcc80000000 ---p 00000000 00:00 0 
7fcc80000000-7fcc80021000 rw-p 00000000 00:00 0 
7fcc80021000-7fcc84000000 ---p 00000000 00:00 0 
7fcc84000000-7fcc841ae000 rw-p 00000000 00:00 0 
7fcc841ae000-7fcc88000000 ---p 00000000 00:00 0 
7fcc88000000-7fcc88207000 rw-p 00000000 00:00 0 
7fcc88207000-7fcc8c000000 ---p 00000000 00:00 0 
7fcc8c000000-7fcc8c023000 rw-p 00000000 00:00 0 
7fcc8c023000-7fcc90000000 ---p 00000000 00:00 0 
7fcc90000000-7fcc90021000 rw-p 00000000 00:00 0 
7fcc90021000-7fcc94000000 ---p 00000000 00:00 0 
7fcc94000000-7fcc94021000 rw-p 00000000 00:00 0 
7fcc94021000-7fcc98000000 ---p 00000000 00:00 0 
7fcc98552000-7fcc98a47000 rw-p 00000000 00:00 0 
7fcc98a47000-7fcc98a4a000 ---p 00000000 00:00 0 
7fcc98a4a000-7fcc98b48000 rw-p 00000000 00:00 0 
7fcc98b48000-7fcc98b4b000 ---p 00000000 00:00 0 
7fcc98b4b000-7fcc98c49000 rw-p 00000000 00:00 0 
7fcc98c49000-7fcc98c4c000 ---p 00000000 00:00 0 
7fcc98c4c000-7fcc98d4a000 rw-p 00000000 00:00 0 
7fcc98d4a000-7fcc98d4d000 ---p 00000000 00:00 0 
7fcc98d4d000-7fcc98e4b000 rw-p 00000000 00:00 0                          [stack:20659]
7fcc98e4b000-7fcc98e4e000 ---p 00000000 00:00 0 
7fcc98e4e000-7fcc98f4c000 rw-p 00000000 00:00 0 
7fcc98f4c000-7fcc99095000 rw-s 00000000 00:04 650608711                  /SYSV00000000 (deleted)
7fcc99095000-7fcc990a5000 r-xp 00000000 08:01 4466495                    /usr/lib/jvm/java-7-openjdk-amd64/jre/lib/amd64/libnio.so
7fcc990a5000-7fcc992a5000 ---p 00010000 08:01 4466495                    /usr/lib/jvm/java-7-openjdk-amd64/jre/lib/amd64/libnio.so
7fcc992a5000-7fcc992a6000 r--p 00010000 08:01 4466495                    /usr/lib/jvm/java-7-openjdk-amd64/jre/lib/amd64/libnio.so
7fcc992a6000-7fcc992a7000 rw-p 00011000 08:01 4466495                    /usr/lib/jvm/java-7-openjdk-amd64/jre/lib/amd64/libnio.so
7fcc992a7000-7fcc992f3000 r-xp 00000000 08:01 4466507                    /usr/lib/jvm/java-7-openjdk-amd64/jre/lib/amd64/libfontmanager.so
7fcc992f3000-7fcc994f2000 ---p 0004c000 08:01 4466507                    /usr/lib/jvm/java-7-openjdk-amd64/jre/lib/amd64/libfontmanager.so
7fcc994f2000-7fcc994f5000 r--p 0004b000 08:01 4466507                    /usr/lib/jvm/java-7-openjdk-amd64/jre/lib/amd64/libfontmanager.so
7fcc994f5000-7fcc994f6000 rw-p 0004e000 08:01 4466507                    /usr/lib/jvm/java-7-openjdk-amd64/jre/lib/amd64/libfontmanager.so
7fcc994f6000-7fcc994f9000 ---p 00000000 00:00 0 
7fcc994f9000-7fcc995f7000 rw-p 00000000 00:00 0                          [stack:20656]
7fcc995f7000-7fcc995fa000 ---p 00000000 00:00 0 
7fcc995fa000-7fcc996f8000 rw-p 00000000 00:00 0                          [stack:20655]
7fcc996f8000-7fcc996fb000 ---p 00000000 00:00 0 
7fcc996fb000-7fcc997f9000 rw-p 00000000 00:00 0                          [stack:20654]
7fcc997f9000-7fcc9a968000 r-xp 00000000 08:01 4463905                    /usr/lib/x86_64-linux-gnu/libicudata.so.48.1.1
7fcc9a968000-7fcc9ab67000 ---p 0116f000 08:01 4463905                    /usr/lib/x86_64-linux-gnu/libicudata.so.48.1.1
7fcc9ab67000-7fcc9ab68000 r--p 0116e000 08:01 4463905                    /usr/lib/x86_64-linux-gnu/libicudata.so.48.1.1
7fcc9ab68000-7fcc9ab69000 rw-p 0116f000 08:01 4463905                    /usr/lib/x86_64-linux-gnu/libicudata.so.48.1.1
7fcc9ab69000-7fcc9ab6c000 r-xp 00000000 08:01 6033033                    /lib/x86_64-linux-gnu/libgpg-error.so.0.8.0
7fcc9ab6c000-7fcc9ad6b000 ---p 00003000 08:01 6033033                    /lib/x86_64-linux-gnu/libgpg-error.so.0.8.0
7fcc9ad6b000-7fcc9ad6c000 r--p 00002000 08:01 6033033                    /lib/x86_64-linux-gnu/libgpg-error.so.0.8.0
7fcc9ad6c000-7fcc9ad6d000 rw-p 00003000 08:01 6033033                    /lib/x86_64-linux-gnu/libgpg-error.so.0.8.0
7fcc9ad6d000-7fcc9ad6f000 r-xp 00000000 08:01 6033044                    /lib/x86_64-linux-gnu/libkeyutils.so.1.4
7fcc9ad6f000-7fcc9af6f000 ---p 00002000 08:01 6033044                    /lib/x86_64-linux-gnu/libkeyutils.so.1.4
7fcc9af6f000-7fcc9af70000 r--p 00002000 08:01 6033044                    /lib/x86_64-linux-gnu/libkeyutils.so.1.4
7fcc9af70000-7fcc9af71000 rw-p 00003000 08:01 6033044                    /lib/x86_64-linux-gnu/libkeyutils.so.1.4
7fcc9af71000-7fcc9b0c7000 r-xp 00000000 08:01 4463919                    /usr/lib/x86_64-linux-gnu/libicuuc.so.48.1.1
7fcc9b0c7000-7fcc9b2c6000 ---p 00156000 08:01 4463919                    /usr/lib/x86_64-linux-gnu/libicuuc.so.48.1.1
7fcc9b2c6000-7fcc9b2d7000 r--p 00155000 08:01 4463919                    /usr/lib/x86_64-linux-gnu/libicuuc.so.48.1.1
7fcc9b2d7000-7fcc9b2d8000 rw-p 00166000 08:01 4463919                    /usr/lib/x86_64-linux-gnu/libicuuc.so.48.1.1
7fcc9b2d8000-7fcc9b2dc000 rw-p 00000000 00:00 0 
7fcc9b2dc000-7fcc9b30e000 r-xp 00000000 08:01 4463911                    /usr/lib/x86_64-linux-gnu/libicule.so.48.1.1
7fcc9b30e000-7fcc9b50e000 ---p 00032000 08:01 4463911                    /usr/lib/x86_64-linux-gnu/libicule.so.48.1.1
7fcc9b50e000-7fcc9b510000 r--p 00032000 08:01 4463911                    /usr/lib/x86_64-linux-gnu/libicule.so.48.1.1
7fcc9b510000-7fcc9b511000 rw-p 00034000 08:01 4463911                    /usr/lib/x86_64-linux-gnu/libicule.so.48.1.1
7fcc9b511000-7fcc9b554000 r-xp 00000000 08:01 6029336                    /lib/x86_64-linux-gnu/libdbus-1.so.3.7.2
7fcc9b554000-7fcc9b753000 ---p 00043000 08:01 6029336                    /lib/x86_64-linux-gnu/libdbus-1.so.3.7.2
7fcc9b753000-7fcc9b754000 r--p 00042000 08:01 6029336                    /lib/x86_64-linux-gnu/libdbus-1.so.3.7.2
7fcc9b754000-7fcc9b755000 rw-p 00043000 08:01 6029336                    /lib/x86_64-linux-gnu/libdbus-1.so.3.7.2
7fcc9b755000-7fcc9b767000 r-xp 00000000 08:01 4464044                    /usr/lib/x86_64-linux-gnu/libp11-kit.so.0.0.0
7fcc9b767000-7fcc9b967000 ---p 00012000 08:01 4464044                    /usr/lib/x86_64-linux-gnu/libp11-kit.so.0.0.0
7fcc9b967000-7fcc9b968000 r--p 00012000 08:01 4464044                    /usr/lib/x86_64-linux-gnu/libp11-kit.so.0.0.0
7fcc9b968000-7fcc9b969000 rw-p 00013000 08:01 4464044                    /usr/lib/x86_64-linux-gnu/libp11-kit.so.0.0.0
7fcc9b969000-7fcc9b978000 r-xp 00000000 08:01 4464202                    /usr/lib/x86_64-linux-gnu/libtasn1.so.3.2.0
7fcc9b978000-7fcc9bb78000 ---p 0000f000 08:01 4464202                    /usr/lib/x86_64-linux-gnu/libtasn1.so.3.2.0
7fcc9bb78000-7fcc9bb79000 r--p 0000f000 08:01 4464202                    /usr/lib/x86_64-linux-gnu/libtasn1.so.3.2.0
7fcc9bb79000-7fcc9bb7a000 rw-p 00010000 08:01 4464202                    /usr/lib/x86_64-linux-gnu/libtasn1.so.3.2.0
7fcc9bb7a000-7fcc9bbf4000 r-xp 00000000 08:01 6031341                    /lib/x86_64-linux-gnu/libgcrypt.so.11.7.0
7fcc9bbf4000-7fcc9bdf4000 ---p 0007a000 08:01 6031341                    /lib/x86_64-linux-gnu/libgcrypt.so.11.7.0
7fcc9bdf4000-7fcc9bdf5000 r--p 0007a000 08:01 6031341                    /lib/x86_64-linux-gnu/libgcrypt.so.11.7.0
7fcc9bdf5000-7fcc9bdf8000 rw-p 0007b000 08:01 6031341                    /lib/x86_64-linux-gnu/libgcrypt.so.11.7.0
7fcc9bdf8000-7fcc9bdff000 r-xp 00000000 08:01 4463954                    /usr/lib/x86_64-linux-gnu/libkrb5support.so.0.1
7fcc9bdff000-7fcc9bffe000 ---p 00007000 08:01 4463954                    /usr/lib/x86_64-linux-gnu/libkrb5support.so.0.1
7fcc9bffe000-7fcc9bfff000 r--p 00006000 08:01 4463954                    /usr/lib/x86_64-linux-gnu/libkrb5support.so.0.1
7fcc9bfff000-7fcc9c000000 rw-p 00007000 08:01 4463954                    /usr/lib/x86_64-linux-gnu/libkrb5support.so.0.1
7fcc9c000000-7fcc9e961000 rw-p 00000000 00:00 0 
7fcc9e961000-7fcca0000000 ---p 00000000 00:00 0 
7fcca0000000-7fcca0021000 rw-p 00000000 00:00 0 
7fcca0021000-7fcca4000000 ---p 00000000 00:00 0 
7fcca4000000-7fcca4021000 rw-p 00000000 00:00 0 
7fcca4021000-7fcca8000000 ---p 00000000 00:00 0 
7fcca8000000-7fcca8021000 rw-p 00000000 00:00 0 
7fcca8021000-7fccac000000 ---p 00000000 00:00 0 
7fccac000000-7fccacd2f000 rw-p 00000000 00:00 0 
7fccacd2f000-7fccb0000000 ---p 00000000 00:00 0 
7fccb0000000-7fccb0021000 rw-p 00000000 00:00 0 
7fccb0021000-7fccb4000000 ---p 00000000 00:00 0 
7fccb4000000-7fccb4021000 rw-p 00000000 00:00 0 
7fccb4021000-7fccb8000000 ---p 00000000 00:00 0 
7fccb8000000-7fccb98e1000 rw-p 00000000 00:00 0 
7fccb98e1000-7fccbc000000 ---p 00000000 00:00 0 
7fccbc000000-7fccbc021000 rw-p 00000000 00:00 0 
7fccbc021000-7fccc0000000 ---p 00000000 00:00 0 
7fccc0000000-7fccc0021000 rw-p 00000000 00:00 0 
7fccc0021000-7fccc4000000 ---p 00000000 00:00 0 
7fccc4000000-7fccc4021000 rw-p 00000000 00:00 0 
7fccc4021000-7fccc8000000 ---p 00000000 00:00 0 
7fccc8023000-7fccc8026000 ---p 00000000 00:00 0 
7fccc8026000-7fccc8124000 rw-p 00000000 00:00 0                          [stack:20653]
7fccc8124000-7fccc8127000 r-xp 00000000 08:01 6033009                    /lib/x86_64-linux-gnu/libcom_err.so.2.1
7fccc8127000-7fccc8326000 ---p 00003000 08:01 6033009                    /lib/x86_64-linux-gnu/libcom_err.so.2.1
7fccc8326000-7fccc8327000 r--p 00002000 08:01 6033009                    /lib/x86_64-linux-gnu/libcom_err.so.2.1
7fccc8327000-7fccc8328000 rw-p 00003000 08:01 6033009                    /lib/x86_64-linux-gnu/libcom_err.so.2.1
7fccc8328000-7fccc834e000 r-xp 00000000 08:01 4463948                    /usr/lib/x86_64-linux-gnu/libk5crypto.so.3.1
7fccc834e000-7fccc854e000 ---p 00026000 08:01 4463948                    /usr/lib/x86_64-linux-gnu/libk5crypto.so.3.1
7fccc854e000-7fccc854f000 r--p 00026000 08:01 4463948                    /usr/lib/x86_64-linux-gnu/libk5crypto.so.3.1
7fccc854f000-7fccc8550000 rw-p 00027000 08:01 4463948                    /usr/lib/x86_64-linux-gnu/libk5crypto.so.3.1
7fccc8550000-7fccc8551000 rw-p 00000000 00:00 0 
7fccc8551000-7fccc8615000 r-xp 00000000 08:01 4463952                    /usr/lib/x86_64-linux-gnu/libkrb5.so.3.3
7fccc8615000-7fccc8814000 ---p 000c4000 08:01 4463952                    /usr/lib/x86_64-linux-gnu/libkrb5.so.3.3
7fccc8814000-7fccc881e000 r--p 000c3000 08:01 4463952                    /usr/lib/x86_64-linux-gnu/libkrb5.so.3.3
7fccc881e000-7fccc881f000 rw-p 000cd000 08:01 4463952                    /usr/lib/x86_64-linux-gnu/libkrb5.so.3.3
7fccc881f000-7fccc88b4000 r-xp 00000000 08:01 4463889                    /usr/lib/x86_64-linux-gnu/libharfbuzz.so.0.913.0
7fccc88b4000-7fccc8ab3000 ---p 00095000 08:01 4463889                    /usr/lib/x86_64-linux-gnu/libharfbuzz.so.0.913.0
7fccc8ab3000-7fccc8ab5000 r--p 00094000 08:01 4463889                    /usr/lib/x86_64-linux-gnu/libharfbuzz.so.0.913.0
7fccc8ab5000-7fccc8ab6000 rw-p 00096000 08:01 4463889                    /usr/lib/x86_64-linux-gnu/libharfbuzz.so.0.913.0
7fccc8ab6000-7fccc8abe000 r-xp 00000000 08:01 4463414                    /usr/lib/x86_64-linux-gnu/libxcb-render.so.0.0.0
7fccc8abe000-7fccc8cbe000 ---p 00008000 08:01 4463414                    /usr/lib/x86_64-linux-gnu/libxcb-render.so.0.0.0
7fccc8cbe000-7fccc8cbf000 r--p 00008000 08:01 4463414                    /usr/lib/x86_64-linux-gnu/libxcb-render.so.0.0.0
7fccc8cbf000-7fccc8cc0000 rw-p 00009000 08:01 4463414                    /usr/lib/x86_64-linux-gnu/libxcb-render.so.0.0.0
7fccc8cc0000-7fccc8cc2000 r-xp 00000000 08:01 4464126                    /usr/lib/x86_64-linux-gnu/libxcb-shm.so.0.0.0
7fccc8cc2000-7fccc8ec1000 ---p 00002000 08:01 4464126                    /usr/lib/x86_64-linux-gnu/libxcb-shm.so.0.0.0
7fccc8ec1000-7fccc8ec2000 r--p 00001000 08:01 4464126                    /usr/lib/x86_64-linux-gnu/libxcb-shm.so.0.0.0
7fccc8ec2000-7fccc8ec3000 rw-p 00002000 08:01 4464126                    /usr/lib/x86_64-linux-gnu/libxcb-shm.so.0.0.0
7fccc8ec3000-7fccc8ee8000 r-xp 00000000 08:01 6033109                    /lib/x86_64-linux-gnu/libpng12.so.0.49.0
7fccc8ee8000-7fccc90e7000 ---p 00025000 08:01 6033109                    /lib/x86_64-linux-gnu/libpng12.so.0.49.0
7fccc90e7000-7fccc90e8000 r--p 00024000 08:01 6033109                    /lib/x86_64-linux-gnu/libpng12.so.0.49.0
7fccc90e8000-7fccc90e9000 rw-p 00025000 08:01 6033109                    /lib/x86_64-linux-gnu/libpng12.so.0.49.0
7fccc90e9000-7fccc9179000 r-xp 00000000 08:01 4464074                    /usr/lib/x86_64-linux-gnu/libpixman-1.so.0.28.2
7fccc9179000-7fccc9378000 ---p 00090000 08:01 4464074                    /usr/lib/x86_64-linux-gnu/libpixman-1.so.0.28.2
7fccc9378000-7fccc937f000 r--p 0008f000 08:01 4464074                    /usr/lib/x86_64-linux-gnu/libpixman-1.so.0.28.2
7fccc937f000-7fccc9380000 rw-p 00096000 08:01 4464074                    /usr/lib/x86_64-linux-gnu/libpixman-1.so.0.28.2
7fccc9380000-7fccc9385000 r-xp 00000000 08:01 4463438                    /usr/lib/x86_64-linux-gnu/libXdmcp.so.6.0.0
7fccc9385000-7fccc9584000 ---p 00005000 08:01 4463438                    /usr/lib/x86_64-linux-gnu/libXdmcp.so.6.0.0
7fccc9584000-7fccc9585000 r--p 00004000 08:01 4463438                    /usr/lib/x86_64-linux-gnu/libXdmcp.so.6.0.0
7fccc9585000-7fccc9586000 rw-p 00005000 08:01 4463438                    /usr/lib/x86_64-linux-gnu/libXdmcp.so.6.0.0
7fccc9586000-7fccc9588000 r-xp 00000000 08:01 4463427                    /usr/lib/x86_64-linux-gnu/libXau.so.6.0.0
7fccc9588000-7fccc9788000 ---p 00002000 08:01 4463427                    /usr/lib/x86_64-linux-gnu/libXau.so.6.0.0
7fccc9788000-7fccc9789000 r--p 00002000 08:01 4463427                    /usr/lib/x86_64-linux-gnu/libXau.so.6.0.0
7fccc9789000-7fccc978a000 rw-p 00003000 08:01 4463427                    /usr/lib/x86_64-linux-gnu/libXau.so.6.0.0
7fccc978a000-7fccc9799000 r-xp 00000000 08:01 4463513                    /usr/lib/x86_64-linux-gnu/libavahi-client.so.3.2.9
7fccc9799000-7fccc9999000 ---p 0000f000 08:01 4463513                    /usr/lib/x86_64-linux-gnu/libavahi-client.so.3.2.9
7fccc9999000-7fccc999a000 r--p 0000f000 08:01 4463513                    /usr/lib/x86_64-linux-gnu/libavahi-client.so.3.2.9
7fccc999a000-7fccc999b000 rw-p 00010000 08:01 4463513                    /usr/lib/x86_64-linux-gnu/libavahi-client.so.3.2.9
7fccc999b000-7fccc99a6000 r-xp 00000000 08:01 4463515                    /usr/lib/x86_64-linux-gnu/libavahi-common.so.3.5.3
7fccc99a6000-7fccc9ba5000 ---p 0000b000 08:01 4463515                    /usr/lib/x86_64-linux-gnu/libavahi-common.so.3.5.3
7fccc9ba5000-7fccc9ba6000 r--p 0000a000 08:01 4463515                    /usr/lib/x86_64-linux-gnu/libavahi-common.so.3.5.3
7fccc9ba6000-7fccc9ba7000 rw-p 0000b000 08:01 4463515                    /usr/lib/x86_64-linux-gnu/libavahi-common.so.3.5.3
7fccc9ba7000-7fccc9c5c000 r-xp 00000000 08:01 4463233                    /usr/lib/x86_64-linux-gnu/libgnutls.so.26.22.6
7fccc9c5c000-7fccc9e5b000 ---p 000b5000 08:01 4463233                    /usr/lib/x86_64-linux-gnu/libgnutls.so.26.22.6
7fccc9e5b000-7fccc9e61000 r--p 000b4000 08:01 4463233                    /usr/lib/x86_64-linux-gnu/libgnutls.so.26.22.6
7fccc9e61000-7fccc9e62000 rw-p 000ba000 08:01 4463233                    /usr/lib/x86_64-linux-gnu/libgnutls.so.26.22.6
7fccc9e62000-7fccc9e63000 rw-p 00000000 00:00 0 
7fccc9e63000-7fccc9e9e000 r-xp 00000000 08:01 4463791                    /usr/lib/x86_64-linux-gnu/libgssapi_krb5.so.2.2
7fccc9e9e000-7fccca09e000 ---p 0003b000 08:01 4463791                    /usr/lib/x86_64-linux-gnu/libgssapi_krb5.so.2.2
7fccca09e000-7fccca09f000 r--p 0003b000 08:01 4463791                    /usr/lib/x86_64-linux-gnu/libgssapi_krb5.so.2.2
7fccca09f000-7fccca0a1000 rw-p 0003c000 08:01 4463791                    /usr/lib/x86_64-linux-gnu/libgssapi_krb5.so.2.2
7fccca0a1000-7fccca0c7000 r-xp 00000000 08:01 6033022                    /lib/x86_64-linux-gnu/libexpat.so.1.6.0
7fccca0c7000-7fccca2c7000 ---p 00026000 08:01 6033022                    /lib/x86_64-linux-gnu/libexpat.so.1.6.0
7fccca2c7000-7fccca2c9000 r--p 00026000 08:01 6033022                    /lib/x86_64-linux-gnu/libexpat.so.1.6.0
7fccca2c9000-7fccca2ca000 rw-p 00028000 08:01 6033022                    /lib/x86_64-linux-gnu/libexpat.so.1.6.0
7fccca2ca000-7fccca361000 r-xp 00000000 08:01 4463701                    /usr/lib/x86_64-linux-gnu/libfreetype.so.6.10.0
7fccca361000-7fccca560000 ---p 00097000 08:01 4463701                    /usr/lib/x86_64-linux-gnu/libfreetype.so.6.10.0
7fccca560000-7fccca566000 r--p 00096000 08:01 4463701                    /usr/lib/x86_64-linux-gnu/libfreetype.so.6.10.0
7fccca566000-7fccca567000 rw-p 0009c000 08:01 4463701                    /usr/lib/x86_64-linux-gnu/libfreetype.so.6.10.0
7fccca567000-7fccca569000 r-xp 00000000 08:01 4463436                    /usr/lib/x86_64-linux-gnu/libXdamage.so.1.1.0
7fccca569000-7fccca768000 ---p 00002000 08:01 4463436                    /usr/lib/x86_64-linux-gnu/libXdamage.so.1.1.0
7fccca768000-7fccca769000 r--p 00001000 08:01 4463436                    /usr/lib/x86_64-linux-gnu/libXdamage.so.1.1.0
7fccca769000-7fccca76a000 rw-p 00002000 08:01 4463436                    /usr/lib/x86_64-linux-gnu/libXdamage.so.1.1.0
7fccca76a000-7fccca76c000 r-xp 00000000 08:01 4463432                    /usr/lib/x86_64-linux-gnu/libXcomposite.so.1.0.0
7fccca76c000-7fccca96b000 ---p 00002000 08:01 4463432                    /usr/lib/x86_64-linux-gnu/libXcomposite.so.1.0.0
7fccca96b000-7fccca96c000 r--p 00001000 08:01 4463432                    /usr/lib/x86_64-linux-gnu/libXcomposite.so.1.0.0
7fccca96c000-7fccca96d000 rw-p 00002000 08:01 4463432                    /usr/lib/x86_64-linux-gnu/libXcomposite.so.1.0.0
7fccca96d000-7fccca976000 r-xp 00000000 08:01 4464222                    /usr/lib/x86_64-linux-gnu/libXcursor.so.1.0.2
7fccca976000-7fcccab76000 ---p 00009000 08:01 4464222                    /usr/lib/x86_64-linux-gnu/libXcursor.so.1.0.2
7fcccab76000-7fcccab77000 r--p 00009000 08:01 4464222                    /usr/lib/x86_64-linux-gnu/libXcursor.so.1.0.2
7fcccab77000-7fcccab78000 rw-p 0000a000 08:01 4464222                    /usr/lib/x86_64-linux-gnu/libXcursor.so.1.0.2
7fcccab78000-7fcccab81000 r-xp 00000000 08:01 4463453                    /usr/lib/x86_64-linux-gnu/libXrandr.so.2.2.0
7fcccab81000-7fcccad80000 ---p 00009000 08:01 4463453                    /usr/lib/x86_64-linux-gnu/libXrandr.so.2.2.0
7fcccad80000-7fcccad81000 r--p 00008000 08:01 4463453                    /usr/lib/x86_64-linux-gnu/libXrandr.so.2.2.0
7fcccad81000-7fcccad82000 rw-p 00009000 08:01 4463453                    /usr/lib/x86_64-linux-gnu/libXrandr.so.2.2.0
7fcccad82000-7fcccad84000 r-xp 00000000 08:01 4463765                    /usr/lib/x86_64-linux-gnu/libXinerama.so.1.0.0
7fcccad84000-7fcccaf83000 ---p 00002000 08:01 4463765                    /usr/lib/x86_64-linux-gnu/libXinerama.so.1.0.0
7fcccaf83000-7fcccaf84000 r--p 00001000 08:01 4463765                    /usr/lib/x86_64-linux-gnu/libXinerama.so.1.0.0
7fcccaf84000-7fcccaf85000 rw-p 00002000 08:01 4463765                    /usr/lib/x86_64-linux-gnu/libXinerama.so.1.0.0
7fcccaf85000-7fcccaf98000 r-xp 00000000 08:01 4464056                    /usr/lib/x86_64-linux-gnu/libpangoft2-1.0.so.0.3200.5
7fcccaf98000-7fcccb197000 ---p 00013000 08:01 4464056                    /usr/lib/x86_64-linux-gnu/libpangoft2-1.0.so.0.3200.5
7fcccb197000-7fcccb198000 r--p 00012000 08:01 4464056                    /usr/lib/x86_64-linux-gnu/libpangoft2-1.0.so.0.3200.5
7fcccb198000-7fcccb199000 rw-p 00013000 08:01 4464056                    /usr/lib/x86_64-linux-gnu/libpangoft2-1.0.so.0.3200.5
7fcccb199000-7fcccb297000 r-xp 00000000 08:01 4463539                    /usr/lib/x86_64-linux-gnu/libcairo.so.2.11200.14
7fcccb297000-7fcccb497000 ---p 000fe000 08:01 4463539                    /usr/lib/x86_64-linux-gnu/libcairo.so.2.11200.14
7fcccb497000-7fcccb49a000 r--p 000fe000 08:01 4463539                    /usr/lib/x86_64-linux-gnu/libcairo.so.2.11200.14
7fcccb49a000-7fcccb49b000 rw-p 00101000 08:01 4463539                    /usr/lib/x86_64-linux-gnu/libcairo.so.2.11200.14
7fcccb49b000-7fcccb49d000 rw-p 00000000 00:00 0 
7fcccb49d000-7fcccb4bd000 r-xp 00000000 08:01 4463503                    /usr/lib/x86_64-linux-gnu/libatk-1.0.so.0.20809.1
7fcccb4bd000-7fcccb6bc000 ---p 00020000 08:01 4463503                    /usr/lib/x86_64-linux-gnu/libatk-1.0.so.0.20809.1
7fcccb6bc000-7fcccb6be000 r--p 0001f000 08:01 4463503                    /usr/lib/x86_64-linux-gnu/libatk-1.0.so.0.20809.1
7fcccb6be000-7fcccb6bf000 rw-p 00021000 08:01 4463503                    /usr/lib/x86_64-linux-gnu/libatk-1.0.so.0.20809.1
7fcccb6bf000-7fcccb6c4000 r-xp 00000000 08:01 4463594                    /usr/lib/x86_64-linux-gnu/libXfixes.so.3.1.0
7fcccb6c4000-7fcccb8c3000 ---p 00005000 08:01 4463594                    /usr/lib/x86_64-linux-gnu/libXfixes.so.3.1.0
7fcccb8c3000-7fcccb8c4000 r--p 00004000 08:01 4463594                    /usr/lib/x86_64-linux-gnu/libXfixes.so.3.1.0
7fcccb8c4000-7fcccb8c5000 rw-p 00005000 08:01 4463594                    /usr/lib/x86_64-linux-gnu/libXfixes.so.3.1.0
7fcccb8c5000-7fcccb8d0000 r-xp 00000000 08:01 4464054                    /usr/lib/x86_64-linux-gnu/libpangocairo-1.0.so.0.3200.5
7fcccb8d0000-7fcccbad0000 ---p 0000b000 08:01 4464054                    /usr/lib/x86_64-linux-gnu/libpangocairo-1.0.so.0.3200.5
7fcccbad0000-7fcccbad1000 r--p 0000b000 08:01 4464054                    /usr/lib/x86_64-linux-gnu/libpangocairo-1.0.so.0.3200.5
7fcccbad1000-7fcccbad2000 rw-p 0000c000 08:01 4464054                    /usr/lib/x86_64-linux-gnu/libpangocairo-1.0.so.0.3200.5
7fcccbad2000-7fcccbaef000 r-xp 00000000 08:01 4463244                    /usr/lib/x86_64-linux-gnu/libxcb.so.1.1.0
7fcccbaef000-7fcccbcee000 ---p 0001d000 08:01 4463244                    /usr/lib/x86_64-linux-gnu/libxcb.so.1.1.0
7fcccbcee000-7fcccbcef000 r--p 0001c000 08:01 4463244                    /usr/lib/x86_64-linux-gnu/libxcb.so.1.1.0
7fcccbcef000-7fcccbcf0000 rw-p 0001d000 08:01 4463244                    /usr/lib/x86_64-linux-gnu/libxcb.so.1.1.0
7fcccbcf0000-7fccd0000000 rw-p 00000000 00:00 0 
7fccd0000000-7fccd0021000 rw-p 00000000 00:00 0 
7fccd0021000-7fccd4000000 ---p 00000000 00:00 0 
7fccd4000000-7fccd4021000 rw-p 00000000 00:00 0 
7fccd4021000-7fccd8000000 ---p 00000000 00:00 0 
7fccd8037000-7fccd8091000 r-xp 00000000 08:01 4463592                    /usr/lib/x86_64-linux-gnu/libcups.so.2
7fccd8091000-7fccd8291000 ---p 0005a000 08:01 4463592                    /usr/lib/x86_64-linux-gnu/libcups.so.2
7fccd8291000-7fccd8296000 r--p 0005a000 08:01 4463592                    /usr/lib/x86_64-linux-gnu/libcups.so.2
7fccd8296000-7fccd8297000 rw-p 0005f000 08:01 4463592                    /usr/lib/x86_64-linux-gnu/libcups.so.2
7fccd8297000-7fccd8298000 r-xp 00000000 08:01 4463869                    /usr/lib/x86_64-linux-gnu/libgthread-2.0.so.0.3600.0
7fccd8298000-7fccd8497000 ---p 00001000 08:01 4463869                    /usr/lib/x86_64-linux-gnu/libgthread-2.0.so.0.3600.0
7fccd8497000-7fccd8498000 r--p 00000000 08:01 4463869                    /usr/lib/x86_64-linux-gnu/libgthread-2.0.so.0.3600.0
7fccd8498000-7fccd8499000 rw-p 00001000 08:01 4463869                    /usr/lib/x86_64-linux-gnu/libgthread-2.0.so.0.3600.0
7fccd8499000-7fccd84d0000 r-xp 00000000 08:01 4463673                    /usr/lib/x86_64-linux-gnu/libfontconfig.so.1.6.2
7fccd84d0000-7fccd86d0000 ---p 00037000 08:01 4463673                    /usr/lib/x86_64-linux-gnu/libfontconfig.so.1.6.2
7fccd86d0000-7fccd86d1000 r--p 00037000 08:01 4463673                    /usr/lib/x86_64-linux-gnu/libfontconfig.so.1.6.2
7fccd86d1000-7fccd86d2000 rw-p 00038000 08:01 4463673                    /usr/lib/x86_64-linux-gnu/libfontconfig.so.1.6.2
7fccd86d2000-7fccd86d3000 rw-p 00000000 00:00 0 
7fccd86d3000-7fccd871b000 r-xp 00000000 08:01 4464052                    /usr/lib/x86_64-linux-gnu/libpango-1.0.so.0.3200.5
7fccd871b000-7fccd891b000 ---p 00048000 08:01 4464052                    /usr/lib/x86_64-linux-gnu/libpango-1.0.so.0.3200.5
7fccd891b000-7fccd891d000 r--p 00048000 08:01 4464052                    /usr/lib/x86_64-linux-gnu/libpango-1.0.so.0.3200.5
7fccd891d000-7fccd891e000 rw-p 0004a000 08:01 4464052                    /usr/lib/x86_64-linux-gnu/libpango-1.0.so.0.3200.5
7fccd891e000-7fccd893c000 r-xp 00000000 08:01 4463732                    /usr/lib/x86_64-linux-gnu/libgdk_pixbuf-2.0.so.0.2800.0
7fccd893c000-7fccd8b3c000 ---p 0001e000 08:01 4463732                    /usr/lib/x86_64-linux-gnu/libgdk_pixbuf-2.0.so.0.2800.0
7fccd8b3c000-7fccd8b3d000 r--p 0001e000 08:01 4463732                    /usr/lib/x86_64-linux-gnu/libgdk_pixbuf-2.0.so.0.2800.0
7fccd8b3d000-7fccd8b3e000 rw-p 0001f000 08:01 4463732                    /usr/lib/x86_64-linux-gnu/libgdk_pixbuf-2.0.so.0.2800.0
7fccd8b3e000-7fccd8beb000 r-xp 00000000 08:01 4463730                    /usr/lib/x86_64-linux-gnu/libgdk-x11-2.0.so.0.2400.17
7fccd8beb000-7fccd8dea000 ---p 000ad000 08:01 4463730                    /usr/lib/x86_64-linux-gnu/libgdk-x11-2.0.so.0.2400.17
7fccd8dea000-7fccd8dee000 r--p 000ac000 08:01 4463730                    /usr/lib/x86_64-linux-gnu/libgdk-x11-2.0.so.0.2400.17
7fccd8dee000-7fccd8df0000 rw-p 000b0000 08:01 4463730                    /usr/lib/x86_64-linux-gnu/libgdk-x11-2.0.so.0.2400.17
7fccd8df0000-7fccd921d000 r-xp 00000000 08:01 4463873                    /usr/lib/x86_64-linux-gnu/libgtk-x11-2.0.so.0.2400.17
7fccd921d000-7fccd941c000 ---p 0042d000 08:01 4463873                    /usr/lib/x86_64-linux-gnu/libgtk-x11-2.0.so.0.2400.17
7fccd941c000-7fccd9423000 r--p 0042c000 08:01 4463873                    /usr/lib/x86_64-linux-gnu/libgtk-x11-2.0.so.0.2400.17
7fccd9423000-7fccd9427000 rw-p 00433000 08:01 4463873                    /usr/lib/x86_64-linux-gnu/libgtk-x11-2.0.so.0.2400.17
7fccd9427000-7fccd9429000 rw-p 00000000 00:00 0 
7fccd9429000-7fccd9437000 r-xp 00000000 08:01 4463255                    /usr/lib/x86_64-linux-gnu/libXi.so.6.1.0
7fccd9437000-7fccd9637000 ---p 0000e000 08:01 4463255                    /usr/lib/x86_64-linux-gnu/libXi.so.6.1.0
7fccd9637000-7fccd9638000 r--p 0000e000 08:01 4463255                    /usr/lib/x86_64-linux-gnu/libXi.so.6.1.0
7fccd9638000-7fccd9639000 rw-p 0000f000 08:01 4463255                    /usr/lib/x86_64-linux-gnu/libXi.so.6.1.0
7fccd9639000-7fccd963e000 r-xp 00000000 08:01 4463461                    /usr/lib/x86_64-linux-gnu/libXtst.so.6.1.0
7fccd963e000-7fccd983d000 ---p 00005000 08:01 4463461                    /usr/lib/x86_64-linux-gnu/libXtst.so.6.1.0
7fccd983d000-7fccd983e000 r--p 00004000 08:01 4463461                    /usr/lib/x86_64-linux-gnu/libXtst.so.6.1.0
7fccd983e000-7fccd983f000 rw-p 00005000 08:01 4463461                    /usr/lib/x86_64-linux-gnu/libXtst.so.6.1.0
7fccd983f000-7fccd9848000 r-xp 00000000 08:01 4463395                    /usr/lib/x86_64-linux-gnu/libXrender.so.1.3.0
7fccd9848000-7fccd9a47000 ---p 00009000 08:01 4463395                    /usr/lib/x86_64-linux-gnu/libXrender.so.1.3.0
7fccd9a47000-7fccd9a48000 r--p 00008000 08:01 4463395                    /usr/lib/x86_64-linux-gnu/libXrender.so.1.3.0
7fccd9a48000-7fccd9a49000 rw-p 00009000 08:01 4463395                    /usr/lib/x86_64-linux-gnu/libXrender.so.1.3.0
7fccd9a49000-7fccd9b7d000 r-xp 00000000 08:01 4463247                    /usr/lib/x86_64-linux-gnu/libX11.so.6.3.0
7fccd9b7d000-7fccd9d7d000 ---p 00134000 08:01 4463247                    /usr/lib/x86_64-linux-gnu/libX11.so.6.3.0
7fccd9d7d000-7fccd9d7e000 r--p 00134000 08:01 4463247                    /usr/lib/x86_64-linux-gnu/libX11.so.6.3.0
7fccd9d7e000-7fccd9d83000 rw-p 00135000 08:01 4463247                    /usr/lib/x86_64-linux-gnu/libX11.so.6.3.0
7fccd9d83000-7fccd9d94000 r-xp 00000000 08:01 4463249                    /usr/lib/x86_64-linux-gnu/libXext.so.6.4.0
7fccd9d94000-7fccd9f93000 ---p 00011000 08:01 4463249                    /usr/lib/x86_64-linux-gnu/libXext.so.6.4.0
7fccd9f93000-7fccd9f94000 r--p 00010000 08:01 4463249                    /usr/lib/x86_64-linux-gnu/libXext.so.6.4.0
7fccd9f94000-7fccd9f95000 rw-p 00011000 08:01 4463249                    /usr/lib/x86_64-linux-gnu/libXext.so.6.4.0
7fccd9fad000-7fccda000000 r-xp 00000000 08:01 4467641                    /usr/lib/jvm/java-7-openjdk-amd64/jre/lib/amd64/xawt/libmawt.so
7fccda000000-7fccda1ff000 ---p 00053000 08:01 4467641                    /usr/lib/jvm/java-7-openjdk-amd64/jre/lib/amd64/xawt/libmawt.so
7fccda1ff000-7fccda200000 r--p 00052000 08:01 4467641                    /usr/lib/jvm/java-7-openjdk-amd64/jre/lib/amd64/xawt/libmawt.so
7fccda200000-7fccda203000 rw-p 00053000 08:01 4467641                    /usr/lib/jvm/java-7-openjdk-amd64/jre/lib/amd64/xawt/libmawt.so
7fccda203000-7fccda204000 rw-p 00000000 00:00 0 
7fccda204000-7fccda2a5000 r-xp 00000000 08:01 4466511                    /usr/lib/jvm/java-7-openjdk-amd64/jre/lib/amd64/libawt.so
7fccda2a5000-7fccda4a5000 ---p 000a1000 08:01 4466511                    /usr/lib/jvm/java-7-openjdk-amd64/jre/lib/amd64/libawt.so
7fccda4a5000-7fccda4a6000 r--p 000a1000 08:01 4466511                    /usr/lib/jvm/java-7-openjdk-amd64/jre/lib/amd64/libawt.so
7fccda4a6000-7fccda4b1000 rw-p 000a2000 08:01 4466511                    /usr/lib/jvm/java-7-openjdk-amd64/jre/lib/amd64/libawt.so
7fccda4b1000-7fccda4d6000 rw-p 00000000 00:00 0 
7fccda4d6000-7fccda513000 r-xp 00000000 08:01 6033097                    /lib/x86_64-linux-gnu/libpcre.so.3.13.1
7fccda513000-7fccda713000 ---p 0003d000 08:01 6033097                    /lib/x86_64-linux-gnu/libpcre.so.3.13.1
7fccda713000-7fccda714000 r--p 0003d000 08:01 6033097                    /lib/x86_64-linux-gnu/libpcre.so.3.13.1
7fccda714000-7fccda715000 rw-p 0003e000 08:01 6033097                    /lib/x86_64-linux-gnu/libpcre.so.3.13.1
7fccda715000-7fccda71c000 r-xp 00000000 08:01 4463665                    /usr/lib/x86_64-linux-gnu/libffi.so.6.0.1
7fccda71c000-7fccda91b000 ---p 00007000 08:01 4463665                    /usr/lib/x86_64-linux-gnu/libffi.so.6.0.1
7fccda91b000-7fccda91c000 r--p 00006000 08:01 4463665                    /usr/lib/x86_64-linux-gnu/libffi.so.6.0.1
7fccda91c000-7fccda91d000 rw-p 00007000 08:01 4463665                    /usr/lib/x86_64-linux-gnu/libffi.so.6.0.1
7fccda91d000-7fccda933000 r-xp 00000000 08:01 6033120                    /lib/x86_64-linux-gnu/libresolv-2.17.so
7fccda933000-7fccdab33000 ---p 00016000 08:01 6033120                    /lib/x86_64-linux-gnu/libresolv-2.17.so
7fccdab33000-7fccdab34000 r--p 00016000 08:01 6033120                    /lib/x86_64-linux-gnu/libresolv-2.17.so
7fccdab34000-7fccdab35000 rw-p 00017000 08:01 6033120                    /lib/x86_64-linux-gnu/libresolv-2.17.so
7fccdab35000-7fccdab37000 rw-p 00000000 00:00 0 
7fccdab37000-7fccdab54000 r-xp 00000000 08:01 6033124                    /lib/x86_64-linux-gnu/libselinux.so.1
7fccdab54000-7fccdad53000 ---p 0001d000 08:01 6033124                    /lib/x86_64-linux-gnu/libselinux.so.1
7fccdad53000-7fccdad54000 r--p 0001c000 08:01 6033124                    /lib/x86_64-linux-gnu/libselinux.so.1
7fccdad54000-7fccdad55000 rw-p 0001d000 08:01 6033124                    /lib/x86_64-linux-gnu/libselinux.so.1
7fccdad55000-7fccdad56000 rw-p 00000000 00:00 0 
7fccdad56000-7fccdad59000 r-xp 00000000 08:01 4463758                    /usr/lib/x86_64-linux-gnu/libgmodule-2.0.so.0.3600.0
7fccdad59000-7fccdaf58000 ---p 00003000 08:01 4463758                    /usr/lib/x86_64-linux-gnu/libgmodule-2.0.so.0.3600.0
7fccdaf58000-7fccdaf59000 r--p 00002000 08:01 4463758                    /usr/lib/x86_64-linux-gnu/libgmodule-2.0.so.0.3600.0
7fccdaf59000-7fccdaf5a000 rw-p 00003000 08:01 4463758                    /usr/lib/x86_64-linux-gnu/libgmodule-2.0.so.0.3600.0
7fccdaf5a000-7fccdb053000 r-xp 00000000 08:01 6033031                    /lib/x86_64-linux-gnu/libglib-2.0.so.0.3600.0
7fccdb053000-7fccdb253000 ---p 000f9000 08:01 6033031                    /lib/x86_64-linux-gnu/libglib-2.0.so.0.3600.0
7fccdb253000-7fccdb254000 r--p 000f9000 08:01 6033031                    /lib/x86_64-linux-gnu/libglib-2.0.so.0.3600.0
7fccdb254000-7fccdb255000 rw-p 000fa000 08:01 6033031                    /lib/x86_64-linux-gnu/libglib-2.0.so.0.3600.0
7fccdb255000-7fccdb256000 rw-p 00000000 00:00 0 
7fccdb256000-7fccdb2a3000 r-xp 00000000 08:01 4463774                    /usr/lib/x86_64-linux-gnu/libgobject-2.0.so.0.3600.0
7fccdb2a3000-7fccdb4a3000 ---p 0004d000 08:01 4463774                    /usr/lib/x86_64-linux-gnu/libgobject-2.0.so.0.3600.0
7fccdb4a3000-7fccdb4a4000 r--p 0004d000 08:01 4463774                    /usr/lib/x86_64-linux-gnu/libgobject-2.0.so.0.3600.0
7fccdb4a4000-7fccdb4a5000 rw-p 0004e000 08:01 4463774                    /usr/lib/x86_64-linux-gnu/libgobject-2.0.so.0.3600.0
7fccdb4a5000-7fccdb5f8000 r-xp 00000000 08:01 4463748                    /usr/lib/x86_64-linux-gnu/libgio-2.0.so.0.3600.0
7fccdb5f8000-7fccdb7f7000 ---p 00153000 08:01 4463748                    /usr/lib/x86_64-linux-gnu/libgio-2.0.so.0.3600.0
7fccdb7f7000-7fccdb7fb000 r--p 00152000 08:01 4463748                    /usr/lib/x86_64-linux-gnu/libgio-2.0.so.0.3600.0
7fccdb7fb000-7fccdb7fd000 rw-p 00156000 08:01 4463748                    /usr/lib/x86_64-linux-gnu/libgio-2.0.so.0.3600.0
7fccdb7fd000-7fccdb7ff000 rw-p 00000000 00:00 0 
7fccdb7ff000-7fccdb802000 ---p 00000000 00:00 0 
7fccdb802000-7fccdc000000 rw-p 00000000 00:00 0                          [stack:20627]
7fccdc000000-7fccdc021000 rw-p 00000000 00:00 0 
7fccdc021000-7fcce0000000 ---p 00000000 00:00 0 
7fcce0012000-7fcce0015000 ---p 00000000 00:00 0 
7fcce0015000-7fcce0113000 rw-p 00000000 00:00 0                          [stack:20652]
7fcce0113000-7fcce0129000 r-xp 00000000 08:01 4466499                    /usr/lib/jvm/java-7-openjdk-amd64/jre/lib/amd64/libnet.so
7fcce0129000-7fcce0328000 ---p 00016000 08:01 4466499                    /usr/lib/jvm/java-7-openjdk-amd64/jre/lib/amd64/libnet.so
7fcce0328000-7fcce0329000 r--p 00015000 08:01 4466499                    /usr/lib/jvm/java-7-openjdk-amd64/jre/lib/amd64/libnet.so
7fcce0329000-7fcce032a000 rw-p 00016000 08:01 4466499                    /usr/lib/jvm/java-7-openjdk-amd64/jre/lib/amd64/libnet.so
7fcce032a000-7fcce033c000 r--s 00294000 08:01 16910059                   /home/shiwali/InstructoSoarII/april/java/april.jar
7fcce033c000-7fcce035d000 rw-p 00000000 00:00 0 
7fcce035d000-7fcce035e000 ---p 00000000 00:00 0 
7fcce035e000-7fcce0b5e000 rw-p 00000000 00:00 0                          [stack:20626]
7fcce0b5e000-7fcce0b5f000 ---p 00000000 00:00 0 
7fcce0b5f000-7fcce135f000 rw-p 00000000 00:00 0                          [stack:20625]
7fcce135f000-7fcce1bcc000 r-xp 00000000 08:01 17042183                   /home/shiwali/soar/SoarSuite/out/libSoar.so
7fcce1bcc000-7fcce1dcb000 ---p 0086d000 08:01 17042183                   /home/shiwali/soar/SoarSuite/out/libSoar.so
7fcce1dcb000-7fcce1ddc000 r--p 0086c000 08:01 17042183                   /home/shiwali/soar/SoarSuite/out/libSoar.so
7fcce1ddc000-7fcce1df3000 rw-p 0087d000 08:01 17042183                   /home/shiwali/soar/SoarSuite/out/libSoar.so
7fcce1df3000-7fcce1df7000 rw-p 00000000 00:00 0 
7fcce1df7000-7fcce1e50000 r-xp 00000000 08:01 17042226                   /home/shiwali/soar/SoarSuite/out/libJava_sml_ClientInterface.so
7fcce1e50000-7fcce2050000 ---p 00059000 08:01 17042226                   /home/shiwali/soar/SoarSuite/out/libJava_sml_ClientInterface.so
7fcce2050000-7fcce2051000 r--p 00059000 08:01 17042226                   /home/shiwali/soar/SoarSuite/out/libJava_sml_ClientInterface.so
7fcce2051000-7fcce2053000 rw-p 0005a000 08:01 17042226                   /home/shiwali/soar/SoarSuite/out/libJava_sml_ClientInterface.so
7fcce2053000-7fcce2054000 ---p 00000000 00:00 0 
7fcce2054000-7fcce2154000 rw-p 00000000 00:00 0                          [stack:20624]
7fcce2154000-7fcce2157000 ---p 00000000 00:00 0 
7fcce2157000-7fcce2255000 rw-p 00000000 00:00 0                          [stack:20623]
7fcce2255000-7fcce2258000 ---p 00000000 00:00 0 
7fcce2258000-7fcce2356000 rw-p 00000000 00:00 0                          [stack:20622]
7fcce2356000-7fcce2359000 ---p 00000000 00:00 0 
7fcce2359000-7fcce2457000 rw-p 00000000 00:00 0                          [stack:20621]
7fcce2457000-7fcce245a000 ---p 00000000 00:00 0 
7fcce245a000-7fcce2558000 rw-p 00000000 00:00 0                          [stack:20620]
7fcce2558000-7fcce2c39000 r--p 00000000 08:01 4462580                    /usr/lib/locale/locale-archive
7fcce2c39000-7fcce2c3c000 ---p 00000000 00:00 0 
7fcce2c3c000-7fcce2d3a000 rw-p 00000000 00:00 0                          [stack:20619]
7fcce2d3a000-7fcce2d3d000 ---p 00000000 00:00 0 
7fcce2d3d000-7fcce2e3b000 rw-p 00000000 00:00 0                          [stack:20618]
7fcce2e3b000-7fcce2e3c000 ---p 00000000 00:00 0 
7fcce2e3c000-7fcce4000000 rw-p 00000000 00:00 0                          [stack:20617]
7fcce4000000-7fcce4021000 rw-p 00000000 00:00 0 
7fcce4021000-7fcce8000000 ---p 00000000 00:00 0 
7fcce8000000-7fcce8021000 rw-p 00000000 00:00 0 
7fcce8021000-7fccec000000 ---p 00000000 00:00 0 
7fccec000000-7fccec021000 rw-p 00000000 00:00 0 
7fccec021000-7fccf0000000 ---p 00000000 00:00 0 
7fccf0000000-7fccf0021000 rw-p 00000000 00:00 0 
7fccf0021000-7fccf4000000 ---p 00000000 00:00 0 
7fccf4000000-7fccf4021000 rw-p 00000000 00:00 0 
7fccf4021000-7fccf8000000 ---p 00000000 00:00 0 
7fccf800a000-7fccf9000000 rw-p 00000000 00:00 0 
7fccf9000000-7fccf9270000 rwxp 00000000 00:00 0 
7fccf9270000-7fccfc60d000 rw-p 00000000 00:00 0 
7fccfc60d000-7fcd00000000 ---p 00000000 00:00 0 
7fcd00005000-7fcd00009000 r--s 00035000 08:01 17957274                   /home/shiwali/InstructoSoarII/probcog2/java/probcog.jar
7fcd00009000-7fcd0000c000 r--s 0001d000 08:01 5378582                    /usr/local/share/java/lcm.jar
7fcd0000c000-7fcd0001f000 r--s 00211000 08:01 17171916                   /home/shiwali/soar/SoarSuite/out/java/swt.jar
7fcd0001f000-7fcd00cfa000 rw-p 00000000 00:00 0 
7fcd00cfa000-7fcd00ea7000 r--s 01cec000 08:01 4466481                    /usr/lib/jvm/java-7-openjdk-amd64/jre/lib/rt.jar
7fcd00ea7000-7fcd00ecf000 rw-p 00000000 00:00 0 
7fcd00ecf000-7fcd00ed0000 ---p 00000000 00:00 0 
7fcd00ed0000-7fcd00fd0000 rw-p 00000000 00:00 0                          [stack:20616]
7fcd00fd0000-7fcd00fd1000 ---p 00000000 00:00 0 
7fcd00fd1000-7fcd010d1000 rw-p 00000000 00:00 0                          [stack:20615]
7fcd010d1000-7fcd010d2000 ---p 00000000 00:00 0 
7fcd010d2000-7fcd011d2000 rw-p 00000000 00:00 0                          [stack:20614]
7fcd011d2000-7fcd011d3000 ---p 00000000 00:00 0 
7fcd011d3000-7fcd012d3000 rw-p 00000000 00:00 0                          [stack:20613]
7fcd012d3000-7fcd012d4000 ---p 00000000 00:00 0 
7fcd012d4000-7fcd013d4000 rw-p 00000000 00:00 0                          [stack:20612]
7fcd013d4000-7fcd013d5000 ---p 00000000 00:00 0 
7fcd013d5000-7fcd014d5000 rw-p 00000000 00:00 0                          [stack:20611]
7fcd014d5000-7fcd014d6000 ---p 00000000 00:00 0 
7fcd014d6000-7fcd015d6000 rw-p 00000000 00:00 0                          [stack:20610]
7fcd015d6000-7fcd015d7000 ---p 00000000 00:00 0 
7fcd015d7000-7fcd016e2000 rw-p 00000000 00:00 0                          [stack:20609]
7fcd016e2000-7fcd0172a000 rw-p 00000000 00:00 0 
7fcd0172a000-7fcd01754000 rw-p 00000000 00:00 0 
7fcd01754000-7fcd019be000 rw-p 00000000 00:00 0 
7fcd019be000-7fcd019c9000 rw-p 00000000 00:00 0 
7fcd019c9000-7fcd01a11000 rw-p 00000000 00:00 0 
7fcd01a11000-7fcd01a3b000 rw-p 00000000 00:00 0 
7fcd01a3b000-7fcd01ca5000 rw-p 00000000 00:00 0 
7fcd01ca5000-7fcd01da5000 rw-p 00000000 00:00 0 
7fcd01da5000-7fcd01def000 rw-p 00000000 00:00 0 
7fcd01def000-7fcd01df0000 rw-p 00000000 00:00 0 
7fcd01df0000-7fcd01df8000 r-xp 00000000 08:01 4466526                    /usr/lib/jvm/java-7-openjdk-amd64/jre/lib/amd64/libzip.so
7fcd01df8000-7fcd01ff7000 ---p 00008000 08:01 4466526                    /usr/lib/jvm/java-7-openjdk-amd64/jre/lib/amd64/libzip.so
7fcd01ff7000-7fcd01ff8000 r--p 00007000 08:01 4466526                    /usr/lib/jvm/java-7-openjdk-amd64/jre/lib/amd64/libzip.so
7fcd01ff8000-7fcd01ff9000 rw-p 00008000 08:01 4466526                    /usr/lib/jvm/java-7-openjdk-amd64/jre/lib/amd64/libzip.so
7fcd01ff9000-7fcd02005000 r-xp 00000000 08:01 6033075                    /lib/x86_64-linux-gnu/libnss_files-2.17.so
7fcd02005000-7fcd02204000 ---p 0000c000 08:01 6033075                    /lib/x86_64-linux-gnu/libnss_files-2.17.so
7fcd02204000-7fcd02205000 r--p 0000b000 08:01 6033075                    /lib/x86_64-linux-gnu/libnss_files-2.17.so
7fcd02205000-7fcd02206000 rw-p 0000c000 08:01 6033075                    /lib/x86_64-linux-gnu/libnss_files-2.17.so
7fcd02206000-7fcd02211000 r-xp 00000000 08:01 6033079                    /lib/x86_64-linux-gnu/libnss_nis-2.17.so
7fcd02211000-7fcd02410000 ---p 0000b000 08:01 6033079                    /lib/x86_64-linux-gnu/libnss_nis-2.17.so
7fcd02410000-7fcd02411000 r--p 0000a000 08:01 6033079                    /lib/x86_64-linux-gnu/libnss_nis-2.17.so
7fcd02411000-7fcd02412000 rw-p 0000b000 08:01 6033079                    /lib/x86_64-linux-gnu/libnss_nis-2.17.so
7fcd02412000-7fcd02429000 r-xp 00000000 08:01 6033069                    /lib/x86_64-linux-gnu/libnsl-2.17.so
7fcd02429000-7fcd02628000 ---p 00017000 08:01 6033069                    /lib/x86_64-linux-gnu/libnsl-2.17.so
7fcd02628000-7fcd02629000 r--p 00016000 08:01 6033069                    /lib/x86_64-linux-gnu/libnsl-2.17.so
7fcd02629000-7fcd0262a000 rw-p 00017000 08:01 6033069                    /lib/x86_64-linux-gnu/libnsl-2.17.so
7fcd0262a000-7fcd0262c000 rw-p 00000000 00:00 0 
7fcd0262c000-7fcd02634000 r-xp 00000000 08:01 6033071                    /lib/x86_64-linux-gnu/libnss_compat-2.17.so
7fcd02634000-7fcd02833000 ---p 00008000 08:01 6033071                    /lib/x86_64-linux-gnu/libnss_compat-2.17.so
7fcd02833000-7fcd02834000 r--p 00007000 08:01 6033071                    /lib/x86_64-linux-gnu/libnss_compat-2.17.so
7fcd02834000-7fcd02835000 rw-p 00008000 08:01 6033071                    /lib/x86_64-linux-gnu/libnss_compat-2.17.so
7fcd02835000-7fcd02860000 r-xp 00000000 08:01 4466510                    /usr/lib/jvm/java-7-openjdk-amd64/jre/lib/amd64/libjava.so
7fcd02860000-7fcd02a5f000 ---p 0002b000 08:01 4466510                    /usr/lib/jvm/java-7-openjdk-amd64/jre/lib/amd64/libjava.so
7fcd02a5f000-7fcd02a60000 r--p 0002a000 08:01 4466510                    /usr/lib/jvm/java-7-openjdk-amd64/jre/lib/amd64/libjava.so
7fcd02a60000-7fcd02a62000 rw-p 0002b000 08:01 4466510                    /usr/lib/jvm/java-7-openjdk-amd64/jre/lib/amd64/libjava.so
7fcd02a62000-7fcd02a71000 r-xp 00000000 08:01 4466509                    /usr/lib/jvm/java-7-openjdk-amd64/jre/lib/amd64/libverify.so
7fcd02a71000-7fcd02c70000 ---p 0000f000 08:01 4466509                    /usr/lib/jvm/java-7-openjdk-amd64/jre/lib/amd64/libverify.so
7fcd02c70000-7fcd02c72000 r--p 0000e000 08:01 4466509                    /usr/lib/jvm/java-7-openjdk-amd64/jre/lib/amd64/libverify.so
7fcd02c72000-7fcd02c73000 rw-p 00010000 08:01 4466509                    /usr/lib/jvm/java-7-openjdk-amd64/jre/lib/amd64/libverify.so
7fcd02c73000-7fcd02c7a000 r-xp 00000000 08:01 6033122                    /lib/x86_64-linux-gnu/librt-2.17.so
7fcd02c7a000-7fcd02e79000 ---p 00007000 08:01 6033122                    /lib/x86_64-linux-gnu/librt-2.17.so
7fcd02e79000-7fcd02e7a000 r--p 00006000 08:01 6033122                    /lib/x86_64-linux-gnu/librt-2.17.so
7fcd02e7a000-7fcd02e7b000 rw-p 00007000 08:01 6033122                    /lib/x86_64-linux-gnu/librt-2.17.so
7fcd02e7b000-7fcd02e8f000 r-xp 00000000 08:01 6033027                    /lib/x86_64-linux-gnu/libgcc_s.so.1
7fcd02e8f000-7fcd0308f000 ---p 00014000 08:01 6033027                    /lib/x86_64-linux-gnu/libgcc_s.so.1
7fcd0308f000-7fcd03090000 r--p 00014000 08:01 6033027                    /lib/x86_64-linux-gnu/libgcc_s.so.1
7fcd03090000-7fcd03091000 rw-p 00015000 08:01 6033027                    /lib/x86_64-linux-gnu/libgcc_s.so.1
7fcd03091000-7fcd03194000 r-xp 00000000 08:01 6033050                    /lib/x86_64-linux-gnu/libm-2.17.so
7fcd03194000-7fcd03394000 ---p 00103000 08:01 6033050                    /lib/x86_64-linux-gnu/libm-2.17.so
7fcd03394000-7fcd03395000 r--p 00103000 08:01 6033050                    /lib/x86_64-linux-gnu/libm-2.17.so
7fcd03395000-7fcd03396000 rw-p 00104000 08:01 6033050                    /lib/x86_64-linux-gnu/libm-2.17.so
7fcd03396000-7fcd0347b000 r-xp 00000000 08:01 4464194                    /usr/lib/x86_64-linux-gnu/libstdc++.so.6.0.17
7fcd0347b000-7fcd0367a000 ---p 000e5000 08:01 4464194                    /usr/lib/x86_64-linux-gnu/libstdc++.so.6.0.17
7fcd0367a000-7fcd03682000 r--p 000e4000 08:01 4464194                    /usr/lib/x86_64-linux-gnu/libstdc++.so.6.0.17
7fcd03682000-7fcd03684000 rw-p 000ec000 08:01 4464194                    /usr/lib/x86_64-linux-gnu/libstdc++.so.6.0.17
7fcd03684000-7fcd03699000 rw-p 00000000 00:00 0 
7fcd03699000-7fcd04089000 r-xp 00000000 08:01 4466515                    /usr/lib/jvm/java-7-openjdk-amd64/jre/lib/amd64/server/libjvm.so
7fcd04089000-7fcd04288000 ---p 009f0000 08:01 4466515                    /usr/lib/jvm/java-7-openjdk-amd64/jre/lib/amd64/server/libjvm.so
7fcd04288000-7fcd04307000 r--p 009ef000 08:01 4466515                    /usr/lib/jvm/java-7-openjdk-amd64/jre/lib/amd64/server/libjvm.so
7fcd04307000-7fcd0432a000 rw-p 00a6e000 08:01 4466515                    /usr/lib/jvm/java-7-openjdk-amd64/jre/lib/amd64/server/libjvm.so
7fcd0432a000-7fcd04355000 rw-p 00000000 00:00 0 
7fcd04355000-7fcd0436b000 r-xp 00000000 08:01 6033155                    /lib/x86_64-linux-gnu/libz.so.1.2.7
7fcd0436b000-7fcd0456a000 ---p 00016000 08:01 6033155                    /lib/x86_64-linux-gnu/libz.so.1.2.7
7fcd0456a000-7fcd0456b000 r--p 00015000 08:01 6033155                    /lib/x86_64-linux-gnu/libz.so.1.2.7
7fcd0456b000-7fcd0456c000 rw-p 00016000 08:01 6033155                    /lib/x86_64-linux-gnu/libz.so.1.2.7
7fcd0456c000-7fcd04584000 r-xp 00000000 08:01 6033114                    /lib/x86_64-linux-gnu/libpthread-2.17.so
7fcd04584000-7fcd04783000 ---p 00018000 08:01 6033114                    /lib/x86_64-linux-gnu/libpthread-2.17.so
7fcd04783000-7fcd04784000 r--p 00017000 08:01 6033114                    /lib/x86_64-linux-gnu/libpthread-2.17.so
7fcd04784000-7fcd04785000 rw-p 00018000 08:01 6033114                    /lib/x86_64-linux-gnu/libpthread-2.17.so
7fcd04785000-7fcd04789000 rw-p 00000000 00:00 0 
7fcd04789000-7fcd0478c000 r-xp 00000000 08:01 6033017                    /lib/x86_64-linux-gnu/libdl-2.17.so
7fcd0478c000-7fcd0498b000 ---p 00003000 08:01 6033017                    /lib/x86_64-linux-gnu/libdl-2.17.so
7fcd0498b000-7fcd0498c000 r--p 00002000 08:01 6033017                    /lib/x86_64-linux-gnu/libdl-2.17.so
7fcd0498c000-7fcd0498d000 rw-p 00003000 08:01 6033017                    /lib/x86_64-linux-gnu/libdl-2.17.so
7fcd0498d000-7fcd04b4b000 r-xp 00000000 08:01 6033002                    /lib/x86_64-linux-gnu/libc-2.17.so
7fcd04b4b000-7fcd04d4a000 ---p 001be000 08:01 6033002                    /lib/x86_64-linux-gnu/libc-2.17.so
7fcd04d4a000-7fcd04d4e000 r--p 001bd000 08:01 6033002                    /lib/x86_64-linux-gnu/libc-2.17.so
7fcd04d4e000-7fcd04d50000 rw-p 001c1000 08:01 6033002                    /lib/x86_64-linux-gnu/libc-2.17.so
7fcd04d50000-7fcd04d55000 rw-p 00000000 00:00 0 
7fcd04d55000-7fcd04d62000 r-xp 00000000 08:01 4466492                    /usr/lib/jvm/java-7-openjdk-amd64/jre/lib/amd64/jli/libjli.so
7fcd04d62000-7fcd04f61000 ---p 0000d000 08:01 4466492                    /usr/lib/jvm/java-7-openjdk-amd64/jre/lib/amd64/jli/libjli.so
7fcd04f61000-7fcd04f62000 r--p 0000c000 08:01 4466492                    /usr/lib/jvm/java-7-openjdk-amd64/jre/lib/amd64/jli/libjli.so
7fcd04f62000-7fcd04f63000 rw-p 0000d000 08:01 4466492                    /usr/lib/jvm/java-7-openjdk-amd64/jre/lib/amd64/jli/libjli.so
7fcd04f63000-7fcd04f86000 r-xp 00000000 08:01 6032978                    /lib/x86_64-linux-gnu/ld-2.17.so
7fcd04f87000-7fcd04f88000 rw-p 00000000 00:00 0 
7fcd04f88000-7fcd04f91000 r--s 0005a000 08:01 17171911                   /home/shiwali/soar/SoarSuite/out/java/soar-debugger.jar
7fcd04f91000-7fcd04f92000 r--s 00001000 08:01 17171909                   /home/shiwali/soar/SoarSuite/out/java/soar-debugger-api.jar
7fcd04f92000-7fcd04f93000 r--s 00003000 08:01 17171915                   /home/shiwali/soar/SoarSuite/out/java/swtgraphics2d.jar
7fcd04f93000-7fcd04f95000 r--s 00005000 08:01 17171902                   /home/shiwali/soar/SoarSuite/out/java/soar-smljava.jar
7fcd04f95000-7fcd04f9e000 r--s 000bc000 08:01 4465943                    /usr/lib/jvm/java-7-openjdk-common/jre/lib/resources.jar
7fcd04f9e000-7fcd04fa1000 r--s 00018000 08:01 17171891                   /home/shiwali/soar/SoarSuite/out/java/sml.jar
7fcd04fa1000-7fcd04fa5000 r--s 00085000 08:01 4465946                    /usr/lib/jvm/java-7-openjdk-common/jre/lib/ext/localedata.jar
7fcd04fa5000-7fcd04faf000 rw-p 00000000 00:00 0 
7fcd04faf000-7fcd05065000 rw-p 00000000 00:00 0 
7fcd05065000-7fcd05068000 ---p 00000000 00:00 0 
7fcd05068000-7fcd0516b000 rw-p 00000000 00:00 0                          [stack:20604]
7fcd0516b000-7fcd0516e000 r--s 00032000 08:01 4465947                    /usr/lib/jvm/java-7-openjdk-common/jre/lib/ext/sunjce_provider.jar
7fcd0516e000-7fcd05171000 r--s 0003c000 08:01 4465945                    /usr/lib/jvm/java-7-openjdk-common/jre/lib/ext/sunpkcs11.jar
7fcd05171000-7fcd05172000 r--s 00002000 08:01 4465949                    /usr/lib/jvm/java-7-openjdk-common/jre/lib/ext/dnsns.jar
7fcd05172000-7fcd05175000 r--s 0000f000 08:01 4465948                    /usr/lib/jvm/java-7-openjdk-common/jre/lib/ext/pulse-java.jar
7fcd05175000-7fcd05177000 r--s 00006000 08:01 4855577                    /usr/share/java/java-atk-wrapper.jar
7fcd05177000-7fcd05179000 r--s 00012000 08:01 4465950                    /usr/lib/jvm/java-7-openjdk-common/jre/lib/ext/zipfs.jar
7fcd05179000-7fcd05181000 rw-s 00000000 08:01 6160647                    /tmp/hsperfdata_shiwali/20603
7fcd05181000-7fcd05182000 rw-p 00000000 00:00 0 
7fcd05182000-7fcd05183000 r--p 00000000 00:00 0 
7fcd05183000-7fcd05185000 rw-p 00000000 00:00 0 
7fcd05185000-7fcd05186000 r--p 00022000 08:01 6032978                    /lib/x86_64-linux-gnu/ld-2.17.so
7fcd05186000-7fcd05188000 rw-p 00023000 08:01 6032978                    /lib/x86_64-linux-gnu/ld-2.17.so
7fffabcc3000-7fffabce4000 rw-p 00000000 00:00 0                          [stack]
7fffabdc9000-7fffabdcb000 r-xp 00000000 00:00 0                          [vdso]
ffffffffff600000-ffffffffff601000 r-xp 00000000 00:00 0                  [vsyscall]

VM Arguments:
jvm_args: -Dfile.encoding=UTF-8 
java_command: edu.umich.insoar.InSoar
Launcher Type: SUN_STANDARD

Environment Variables:
PATH=/usr/lib/lightdm/lightdm:/usr/local/sbin:/usr/local/bin:/usr/sbin:/usr/bin:/sbin:/bin:/usr/games:/usr/local/games
LD_LIBRARY_PATH=/home/shiwali/soar/SoarSuite/out
SHELL=/bin/bash
DISPLAY=:0

Signal Handlers:
SIGSEGV: [libjvm.so+0x84f410], sa_mask[0]=0x7ffbfeff, sa_flags=0x10000004
SIGBUS: [libjvm.so+0x84f410], sa_mask[0]=0x7ffbfeff, sa_flags=0x10000004
SIGFPE: [libjvm.so+0x6f19a0], sa_mask[0]=0x7ffbfeff, sa_flags=0x10000004
SIGPIPE: SIG_IGN, sa_mask[0]=0x00000000, sa_flags=0x00000000
SIGXFSZ: [libjvm.so+0x6f19a0], sa_mask[0]=0x7ffbfeff, sa_flags=0x10000004
SIGILL: [libjvm.so+0x6f19a0], sa_mask[0]=0x7ffbfeff, sa_flags=0x10000004
SIGUSR1: SIG_DFL, sa_mask[0]=0x00000000, sa_flags=0x00000000
SIGUSR2: [libjvm.so+0x6f1d70], sa_mask[0]=0x00000004, sa_flags=0x10000004
SIGHUP: [libjvm.so+0x6f1eb0], sa_mask[0]=0x7ffbfeff, sa_flags=0x10000004
SIGINT: [libjvm.so+0x6f1eb0], sa_mask[0]=0x7ffbfeff, sa_flags=0x10000004
SIGTERM: [libjvm.so+0x6f1eb0], sa_mask[0]=0x7ffbfeff, sa_flags=0x10000004
SIGQUIT: [libjvm.so+0x6f1eb0], sa_mask[0]=0x7ffbfeff, sa_flags=0x10000004


---------------  S Y S T E M  ---------------

OS:Ubuntu 13.04 (raring)
uname:Linux 3.8.0-27-generic #40-Ubuntu SMP Tue Jul 9 00:17:05 UTC 2013 x86_64
libc:glibc 2.17 NPTL 2.17 
rlimit: STACK 8192k, CORE 0k, NPROC 63152, NOFILE 4096, AS infinity
load average:2.33 1.87 1.86

/proc/meminfo:
MemTotal:        8102568 kB
MemFree:         1235484 kB
Buffers:          244004 kB
Cached:          1746936 kB
SwapCached:            0 kB
Active:          4535524 kB
Inactive:        1565556 kB
Active(anon):    3520640 kB
Inactive(anon):   648604 kB
Active(file):    1014884 kB
Inactive(file):   916952 kB
Unevictable:         100 kB
Mlocked:             100 kB
SwapTotal:       8311804 kB
SwapFree:        8311712 kB
Dirty:               472 kB
Writeback:             0 kB
AnonPages:       4110136 kB
Mapped:           319268 kB
Shmem:             59088 kB
Slab:             213992 kB
SReclaimable:     164812 kB
SUnreclaim:        49180 kB
KernelStack:        5888 kB
PageTables:        55372 kB
NFS_Unstable:          0 kB
Bounce:                0 kB
WritebackTmp:          0 kB
CommitLimit:    12363088 kB
Committed_AS:    9150152 kB
VmallocTotal:   34359738367 kB
VmallocUsed:      101160 kB
VmallocChunk:   34359628004 kB
HardwareCorrupted:     0 kB
AnonHugePages:         0 kB
HugePages_Total:       0
HugePages_Free:        0
HugePages_Rsvd:        0
HugePages_Surp:        0
Hugepagesize:       2048 kB
DirectMap4k:       68412 kB
DirectMap2M:     8245248 kB


CPU:total 8 (4 cores per cpu, 2 threads per core) family 6 model 30 stepping 5, cmov, cx8, fxsr, mmx, sse, sse2, sse3, ssse3, sse4.1, sse4.2, popcnt, ht, tsc, tscinvbit

/proc/cpuinfo:
processor	: 0
vendor_id	: GenuineIntel
cpu family	: 6
model		: 30
model name	: Intel(R) Core(TM) i7 CPU         860  @ 2.80GHz
stepping	: 5
microcode	: 0x5
cpu MHz		: 2794.000
cache size	: 8192 KB
physical id	: 0
siblings	: 8
core id		: 0
cpu cores	: 4
apicid		: 0
initial apicid	: 0
fpu		: yes
fpu_exception	: yes
cpuid level	: 11
wp		: yes
flags		: fpu vme de pse tsc msr pae mce cx8 apic sep mtrr pge mca cmov pat pse36 clflush dts acpi mmx fxsr sse sse2 ss ht tm pbe syscall nx rdtscp lm constant_tsc arch_perfmon pebs bts rep_good nopl xtopology nonstop_tsc aperfmperf pni dtes64 monitor ds_cpl vmx smx est tm2 ssse3 cx16 xtpr pdcm sse4_1 sse4_2 popcnt lahf_lm ida dtherm tpr_shadow vnmi flexpriority ept vpid
bogomips	: 5585.99
clflush size	: 64
cache_alignment	: 64
address sizes	: 36 bits physical, 48 bits virtual
power management:

processor	: 1
vendor_id	: GenuineIntel
cpu family	: 6
model		: 30
model name	: Intel(R) Core(TM) i7 CPU         860  @ 2.80GHz
stepping	: 5
microcode	: 0x5
cpu MHz		: 1197.000
cache size	: 8192 KB
physical id	: 0
siblings	: 8
core id		: 1
cpu cores	: 4
apicid		: 2
initial apicid	: 2
fpu		: yes
fpu_exception	: yes
cpuid level	: 11
wp		: yes
flags		: fpu vme de pse tsc msr pae mce cx8 apic sep mtrr pge mca cmov pat pse36 clflush dts acpi mmx fxsr sse sse2 ss ht tm pbe syscall nx rdtscp lm constant_tsc arch_perfmon pebs bts rep_good nopl xtopology nonstop_tsc aperfmperf pni dtes64 monitor ds_cpl vmx smx est tm2 ssse3 cx16 xtpr pdcm sse4_1 sse4_2 popcnt lahf_lm ida dtherm tpr_shadow vnmi flexpriority ept vpid
bogomips	: 5585.99
clflush size	: 64
cache_alignment	: 64
address sizes	: 36 bits physical, 48 bits virtual
power management:

processor	: 2
vendor_id	: GenuineIntel
cpu family	: 6
model		: 30
model name	: Intel(R) Core(TM) i7 CPU         860  @ 2.80GHz
stepping	: 5
microcode	: 0x5
cpu MHz		: 1197.000
cache size	: 8192 KB
physical id	: 0
siblings	: 8
core id		: 2
cpu cores	: 4
apicid		: 4
initial apicid	: 4
fpu		: yes
fpu_exception	: yes
cpuid level	: 11
wp		: yes
flags		: fpu vme de pse tsc msr pae mce cx8 apic sep mtrr pge mca cmov pat pse36 clflush dts acpi mmx fxsr sse sse2 ss ht tm pbe syscall nx rdtscp lm constant_tsc arch_perfmon pebs bts rep_good nopl xtopology nonstop_tsc aperfmperf pni dtes64 monitor ds_cpl vmx smx est tm2 ssse3 cx16 xtpr pdcm sse4_1 sse4_2 popcnt lahf_lm ida dtherm tpr_shadow vnmi flexpriority ept vpid
bogomips	: 5585.99
clflush size	: 64
cache_alignment	: 64
address sizes	: 36 bits physical, 48 bits virtual
power management:

processor	: 3
vendor_id	: GenuineIntel
cpu family	: 6
model		: 30
model name	: Intel(R) Core(TM) i7 CPU         860  @ 2.80GHz
stepping	: 5
microcode	: 0x5
cpu MHz		: 2794.000
cache size	: 8192 KB
physical id	: 0
siblings	: 8
core id		: 3
cpu cores	: 4
apicid		: 6
initial apicid	: 6
fpu		: yes
fpu_exception	: yes
cpuid level	: 11
wp		: yes
flags		: fpu vme de pse tsc msr pae mce cx8 apic sep mtrr pge mca cmov pat pse36 clflush dts acpi mmx fxsr sse sse2 ss ht tm pbe syscall nx rdtscp lm constant_tsc arch_perfmon pebs bts rep_good nopl xtopology nonstop_tsc aperfmperf pni dtes64 monitor ds_cpl vmx smx est tm2 ssse3 cx16 xtpr pdcm sse4_1 sse4_2 popcnt lahf_lm ida dtherm tpr_shadow vnmi flexpriority ept vpid
bogomips	: 5585.99
clflush size	: 64
cache_alignment	: 64
address sizes	: 36 bits physical, 48 bits virtual
power management:

processor	: 4
vendor_id	: GenuineIntel
cpu family	: 6
model		: 30
model name	: Intel(R) Core(TM) i7 CPU         860  @ 2.80GHz
stepping	: 5
microcode	: 0x5
cpu MHz		: 2794.000
cache size	: 8192 KB
physical id	: 0
siblings	: 8
core id		: 0
cpu cores	: 4
apicid		: 1
initial apicid	: 1
fpu		: yes
fpu_exception	: yes
cpuid level	: 11
wp		: yes
flags		: fpu vme de pse tsc msr pae mce cx8 apic sep mtrr pge mca cmov pat pse36 clflush dts acpi mmx fxsr sse sse2 ss ht tm pbe syscall nx rdtscp lm constant_tsc arch_perfmon pebs bts rep_good nopl xtopology nonstop_tsc aperfmperf pni dtes64 monitor ds_cpl vmx smx est tm2 ssse3 cx16 xtpr pdcm sse4_1 sse4_2 popcnt lahf_lm ida dtherm tpr_shadow vnmi flexpriority ept vpid
bogomips	: 5585.99
clflush size	: 64
cache_alignment	: 64
address sizes	: 36 bits physical, 48 bits virtual
power management:

processor	: 5
vendor_id	: GenuineIntel
cpu family	: 6
model		: 30
model name	: Intel(R) Core(TM) i7 CPU         860  @ 2.80GHz
stepping	: 5
microcode	: 0x5
cpu MHz		: 1197.000
cache size	: 8192 KB
physical id	: 0
siblings	: 8
core id		: 1
cpu cores	: 4
apicid		: 3
initial apicid	: 3
fpu		: yes
fpu_exception	: yes
cpuid level	: 11
wp		: yes
flags		: fpu vme de pse tsc msr pae mce cx8 apic sep mtrr pge mca cmov pat pse36 clflush dts acpi mmx fxsr sse sse2 ss ht tm pbe syscall nx rdtscp lm constant_tsc arch_perfmon pebs bts rep_good nopl xtopology nonstop_tsc aperfmperf pni dtes64 monitor ds_cpl vmx smx est tm2 ssse3 cx16 xtpr pdcm sse4_1 sse4_2 popcnt lahf_lm ida dtherm tpr_shadow vnmi flexpriority ept vpid
bogomips	: 5585.99
clflush size	: 64
cache_alignment	: 64
address sizes	: 36 bits physical, 48 bits virtual
power management:

processor	: 6
vendor_id	: GenuineIntel
cpu family	: 6
model		: 30
model name	: Intel(R) Core(TM) i7 CPU         860  @ 2.80GHz
stepping	: 5
microcode	: 0x5
cpu MHz		: 1197.000
cache size	: 8192 KB
physical id	: 0
siblings	: 8
core id		: 2
cpu cores	: 4
apicid		: 5
initial apicid	: 5
fpu		: yes
fpu_exception	: yes
cpuid level	: 11
wp		: yes
flags		: fpu vme de pse tsc msr pae mce cx8 apic sep mtrr pge mca cmov pat pse36 clflush dts acpi mmx fxsr sse sse2 ss ht tm pbe syscall nx rdtscp lm constant_tsc arch_perfmon pebs bts rep_good nopl xtopology nonstop_tsc aperfmperf pni dtes64 monitor ds_cpl vmx smx est tm2 ssse3 cx16 xtpr pdcm sse4_1 sse4_2 popcnt lahf_lm ida dtherm tpr_shadow vnmi flexpriority ept vpid
bogomips	: 5585.99
clflush size	: 64
cache_alignment	: 64
address sizes	: 36 bits physical, 48 bits virtual
power management:

processor	: 7
vendor_id	: GenuineIntel
cpu family	: 6
model		: 30
model name	: Intel(R) Core(TM) i7 CPU         860  @ 2.80GHz
stepping	: 5
microcode	: 0x5
cpu MHz		: 1197.000
cache size	: 8192 KB
physical id	: 0
siblings	: 8
core id		: 3
cpu cores	: 4
apicid		: 7
initial apicid	: 7
fpu		: yes
fpu_exception	: yes
cpuid level	: 11
wp		: yes
flags		: fpu vme de pse tsc msr pae mce cx8 apic sep mtrr pge mca cmov pat pse36 clflush dts acpi mmx fxsr sse sse2 ss ht tm pbe syscall nx rdtscp lm constant_tsc arch_perfmon pebs bts rep_good nopl xtopology nonstop_tsc aperfmperf pni dtes64 monitor ds_cpl vmx smx est tm2 ssse3 cx16 xtpr pdcm sse4_1 sse4_2 popcnt lahf_lm ida dtherm tpr_shadow vnmi flexpriority ept vpid
bogomips	: 5585.99
clflush size	: 64
cache_alignment	: 64
address sizes	: 36 bits physical, 48 bits virtual
power management:



Memory: 4k page, physical 8102568k(1235484k free), swap 8311804k(8311712k free)

vm_info: OpenJDK 64-Bit Server VM (23.7-b01) for linux-amd64 JRE (1.7.0_25-b30), built on Jul  3 2013 13:50:39 by "buildd" with gcc 4.7.3

time: Tue Aug 20 12:14:45 2013
elapsed time: 315 seconds

