#
# A fatal error has been detected by the Java Runtime Environment:
#
#  SIGSEGV (0xb) at pc=0x00007fddc45d42b7, pid=2911, tid=140589706241792
#
# JRE version: 7.0_25-b30
# Java VM: OpenJDK 64-Bit Server VM (23.7-b01 mixed mode linux-amd64 compressed oops)
# Problematic frame:
# C  [libSoar.so+0x1c92b7]  remove_existing_context_and_descendents(agent_struct*, symbol_union*)+0x14f
#
# Failed to write core dump. Core dumps have been disabled. To enable core dumping, try "ulimit -c unlimited" before starting Java again
#
# If you would like to submit a bug report, please include
# instructions on how to reproduce the bug and visit:
#   https://bugs.launchpad.net/ubuntu/+source/openjdk-7/
#

---------------  T H R E A D  ---------------

Current thread is native thread

siginfo:si_signo=SIGSEGV: si_errno=0, si_code=1 (SEGV_MAPERR), si_addr=0x0000000000000057

Registers:
RAX=0xffffffffffffffff, RBX=0x0000000000000000, RCX=0x00007fdd84007068, RDX=0x00007fdd84664640
RSP=0x00007fdd977fccf0, RBP=0x00007fdd977fcd20, RSI=0x000000000000001b, RDI=0x00007fdd840090d0
R8 =0x0000000000000000, R9 =0x0000000000000001, R10=0x0000000000000021, R11=0x00007fdd84000078
R12=0x0000000000000000, R13=0x00007fddd5f06060, R14=0x00007fddd5edd4e0, R15=0x0000000000001000
RIP=0x00007fddc45d42b7, EFLAGS=0x0000000000010286, CSGSFS=0x0000000000000033, ERR=0x0000000000000004
  TRAPNO=0x000000000000000e

Top of Stack: (sp=0x00007fdd977fccf0)
0x00007fdd977fccf0:   00007fdd8591be20 00007fdd84000dd0
0x00007fdd977fcd00:   ffffffffffffffff 00007fdd84000dd0
0x00007fdd977fcd10:   0000000000000000 000000000000027d
0x00007fdd977fcd20:   00007fdd977fcd60 00007fddc45d41a2
0x00007fdd977fcd30:   00007fdd846645b0 00007fdd84000dd0
0x00007fdd977fcd40:   0000000000000000 00077fddc4645b23
0x00007fdd977fcd50:   0000000000000000 d42e8ad94c5af400
0x00007fdd977fcd60:   00007fdd977fcea0 00007fddc45d6c4e
0x00007fdd977fcd70:   00007fdd859197d8 00007fdd84000dd0
0x00007fdd977fcd80:   00007fdd977fcda0 00007fddc46583e5
0x00007fdd977fcd90:   00007fdd977fcdd8 00007fdd84000dd0
0x00007fdd977fcda0:   00007fdd977fcde0 00007fddc465ed76
0x00007fdd977fcdb0:   00007fdd840232c8 00007fdd84007390
0x00007fdd977fcdc0:   00007fdd858a5e18 00007fdd84000dd0
0x00007fdd977fcdd0:   0000000000000008 00007fdd852065b0
0x00007fdd977fcde0:   00007fdd977fce00 00007fddc4633f7c
0x00007fdd977fcdf0:   00007fdd858a5e18 00007fdd84000dd0
0x00007fdd977fce00:   00007fdd977fcea0 00007fddc45d17ad
0x00007fdd977fce10:   00007fdd977fce30 00007fddc46583e5
0x00007fdd977fce20:   00007f00977fce00 00007fdd977fcee8
0x00007fdd977fce30:   00007fdd858a5e18 00007fdd84000dd0
0x00007fdd977fce40:   00007fdd977fce70 00007fdd85749be0
0x00007fdd977fce50:   00007fdd00779540 00007fdd84000dd0
0x00007fdd977fce60:   00007fdd846645f0 00007fdd85209140
0x00007fdd977fce70:   00007fdd977fcea0 00007fddc463b2a2
0x00007fdd977fce80:   00007fdd859198a0 00007fdd84000dd0
0x00007fdd977fce90:   0000000000000000 d42e8ad94c5af400
0x00007fdd977fcea0:   00007fdd977fcf10 00007fddc45d3bd4
0x00007fdd977fceb0:   00007fdd858a5e18 00007fdd84000dd0
0x00007fdd977fcec0:   00007fdd857025f0 00007fdd84000dd0
0x00007fdd977fced0:   01007fdd857027d0 00007fdd84e4fcd8
0x00007fdd977fcee0:   0000000000000000 0000000000000000 

Instructions: (pc=0x00007fddc45d42b7)
0x00007fddc45d4297:   8b 45 d0 48 8b 80 a8 00 00 00 48 89 45 e0 eb 0c
0x00007fddc45d42a7:   48 8b 45 e0 48 8b 40 58 48 89 45 e0 48 8b 45 e0
0x00007fddc45d42b7:   48 8b 40 58 48 85 c0 75 e7 e9 ae 00 00 00 48 8b
0x00007fddc45d42c7:   45 e0 48 8b 40 60 48 89 45 f0 48 8b 45 e0 48 8b 

Register to memory mapping:

RAX=0xffffffffffffffff is an unknown value
RBX=0x0000000000000000 is an unknown value
RCX=0x00007fdd84007068 is an unknown value
RDX=0x00007fdd84664640 is an unknown value
RSP=0x00007fdd977fccf0 is an unknown value
RBP=0x00007fdd977fcd20 is an unknown value
RSI=0x000000000000001b is an unknown value
RDI=0x00007fdd840090d0 is an unknown value
R8 =0x0000000000000000 is an unknown value
R9 =0x0000000000000001 is an unknown value
R10=0x0000000000000021 is an unknown value
R11=0x00007fdd84000078 is an unknown value
R12=0x0000000000000000 is an unknown value
R13=0x00007fddd5f06060: _rtld_global+0 in /lib64/ld-linux-x86-64.so.2 at 0x00007fddd5ce3000
R14=0x00007fddd5edd4e0 is pointing into the stack for thread: 0x00007fddcc009800
R15=0x0000000000001000 is an unknown value


Stack: [0x00007fdd96ffe000,0x00007fdd977ff000],  sp=0x00007fdd977fccf0,  free space=8187k
Native frames: (J=compiled Java code, j=interpreted, Vv=VM code, C=native code)
C  [libSoar.so+0x1c92b7]  remove_existing_context_and_descendents(agent_struct*, symbol_union*)+0x14f
C  [libSoar.so+0x1c91a2]  remove_existing_context_and_descendents(agent_struct*, symbol_union*)+0x3a
C  [libSoar.so+0x1cbc4e]  gds_invalid_so_remove_goal(agent_struct*, wme_struct*)+0x29c
C  [libSoar.so+0x1c8bd4]  decide_non_context_slot(agent_struct*, slot_struct*)+0x18f
C  [libSoar.so+0x1c909b]  decide_non_context_slots(agent_struct*)+0x55
C  [libSoar.so+0x1cac95]  do_working_memory_phase(agent_struct*)+0x105
C  [libSoar.so+0x1e34ad]  do_one_top_level_phase(agent_struct*)+0x7ea
C  [libSoar.so+0x1e482a]  run_for_n_decision_cycles(agent_struct*, long)+0xb8
C  [libSoar.so+0x36cca5]  sml::AgentSML::Step(sml::smlRunStepSize)+0x109
C  [libSoar.so+0x36cadd]  sml::AgentSML::StepInClientThread(sml::smlRunStepSize)+0x43
C  [libSoar.so+0x37d92a]  sml::RunScheduler::RunScheduledAgents(bool, sml::smlRunStepSize, unsigned long, sml::smlRunFlags, sml::smlRunStepSize, bool)+0x344
C  [libSoar.so+0x407a48]  cli::CommandLineInterface::DoRun(std::bitset<10ul> const&, int, cli::Cli::eRunInterleaveMode)+0x332
C  [libSoar.so+0x428ab0]  cli::RunCommand::Parse(std::vector<std::string, std::allocator<std::string> >&)+0x67a
C  [libSoar.so+0x418fe7]  cli::Parser::handle_command(std::vector<std::string, std::allocator<std::string> >&)+0x91
C  [libSoar.so+0x417d0e]  soar::tokenizer::parse_command()+0x1d0
C  [libSoar.so+0x417ab4]  soar::tokenizer::evaluate(char const*)+0x60
C  [libSoar.so+0x40af83]  cli::CommandLineInterface::Source(char const*, bool)+0x61
C  [libSoar.so+0x41528b]  cli::CommandLineInterface::DoCommand(sml::Connection*, sml::AgentSML*, char const*, bool, bool, soarxml::ElementXML*)+0x11d
C  [libSoar.so+0x377d01]  sml::KernelSML::HandleCommandLine(sml::AgentSML*, char const*, sml::Connection*, sml::AnalyzeXML*, soarxml::ElementXML*)+0x483
C  [libSoar.so+0x374157]  sml::KernelSML::ProcessCommand(char const*, sml::Connection*, sml::AnalyzeXML*, soarxml::ElementXML*)+0x325
C  [libSoar.so+0x374423]  sml::KernelSML::ProcessIncomingSML(sml::Connection*, soarxml::ElementXML*)+0x119
C  [libSoar.so+0x36ae62]  ReceivedCall(sml::Connection*, soarxml::ElementXML*, void*)+0x3b
C  [libSoar.so+0x3e1444]  sml::Callback::Invoke(soarxml::ElementXML*)+0x30
C  [libSoar.so+0x3db137]  sml::Connection::InvokeCallbacks(soarxml::ElementXML*)+0x105
C  [libSoar.so+0x3de7d9]  sml::RemoteConnection::ReceiveMessages(bool, int, int)+0x229
C  [libSoar.so+0x3de5ad]  sml::RemoteConnection::ReceiveMessages(bool)+0x2b
C  [libSoar.so+0x37139f]  sml::ConnectionManager::ReceiveAllMessages()+0x71
C  [libSoar.so+0x379c7c]  sml::ReceiverThread::Run()+0x2e
C  [libSoar.so+0x3e10e9]  ThreadStartFunction(void*)+0x2b
C  [libSoar.so+0x3e0fa1]  LinuxThreadFunc(void*)+0x28


---------------  P R O C E S S  ---------------

VM state:not at safepoint (normal execution)

VM Mutex/Monitor currently owned by a thread: None

Heap
 PSYoungGen      total 384640K, used 77511K [0x00000000e1560000, 0x00000000f9580000, 0x0000000100000000)
  eden space 376832K, 19% used [0x00000000e1560000,0x00000000e5cbe3e8,0x00000000f8560000)
  from space 7808K, 56% used [0x00000000f8de0000,0x00000000f9233be8,0x00000000f9580000)
  to   space 8256K, 0% used [0x00000000f8560000,0x00000000f8560000,0x00000000f8d70000)
 ParOldGen       total 62784K, used 11623K [0x00000000a4000000, 0x00000000a7d50000, 0x00000000e1560000)
  object space 62784K, 18% used [0x00000000a4000000,0x00000000a4b59cc8,0x00000000a7d50000)
 PSPermGen       total 21248K, used 19348K [0x0000000099a00000, 0x000000009aec0000, 0x00000000a4000000)
  object space 21248K, 91% used [0x0000000099a00000,0x000000009ace5250,0x000000009aec0000)

Card table byte_map: [0x00007fddd2821000,0x00007fddd2b55000] byte_map_base: 0x00007fddd2354000

Polling page: 0x00007fddd5f02000

Code Cache  [0x00007fddc9000000, 0x00007fddc9270000, 0x00007fddcc000000)
 total_blobs=1014 nmethods=460 adapters=506 free_code_cache=47413Kb largest_free_block=48512256

Compilation events (10 events):
Event: 110.499 Thread 0x00007fddcc10e000  470             javax.swing.JComponent::getHeight (5 bytes)
Event: 110.500 Thread 0x00007fddcc10e000 nmethod 470 0x00007fddc91b0490 code [0x00007fddc91b05c0, 0x00007fddc91b0618]
Event: 111.900 Thread 0x00007fddcc10e000  471             java.net.DatagramSocket::getImpl (16 bytes)
Event: 111.901 Thread 0x00007fddcc10e000 nmethod 471 0x00007fddc91b0210 code [0x00007fddc91b0360, 0x00007fddc91b03e8]
Event: 111.944 Thread 0x00007fddcc10e000  472             java.net.DatagramSocket::isBound (5 bytes)
Event: 111.945 Thread 0x00007fddcc10e000 nmethod 472 0x00007fddc91b0010 code [0x00007fddc91b0140, 0x00007fddc91b0198]
Event: 123.017 Thread 0x00007fddcc111000  473             java.util.AbstractList::<init> (10 bytes)
Event: 123.017 Thread 0x00007fddcc111000 nmethod 473 0x00007fddc91afe10 code [0x00007fddc91aff40, 0x00007fddc91aff98]
Event: 124.529 Thread 0x00007fddcc10e000  474  s!         java.net.DatagramSocket::receive (306 bytes)
Event: 124.553 Thread 0x00007fddcc10e000 nmethod 474 0x00007fddc91b1450 code [0x00007fddc91b1680, 0x00007fddc91b28f0]

GC Heap History (10 events):
Event: 3.107 GC heap before
{Heap before GC invocations=4 (full 0):
 PSYoungGen      total 51008K, used 51008K [0x00000000e1560000, 0x00000000e7900000, 0x0000000100000000)
  eden space 47104K, 100% used [0x00000000e1560000,0x00000000e4360000,0x00000000e4360000)
  from space 3904K, 100% used [0x00000000e4360000,0x00000000e4730000,0x00000000e4730000)
  to   space 3904K, 0% used [0x00000000e7530000,0x00000000e7530000,0x00000000e7900000)
 ParOldGen       total 62784K, used 6571K [0x00000000a4000000, 0x00000000a7d50000, 0x00000000e1560000)
  object space 62784K, 10% used [0x00000000a4000000,0x00000000a466ac58,0x00000000a7d50000)
 PSPermGen       total 21248K, used 3569K [0x0000000099a00000, 0x000000009aec0000, 0x00000000a4000000)
  object space 21248K, 16% used [0x0000000099a00000,0x0000000099d7c6b8,0x000000009aec0000)
Event: 3.151 GC heap after
Heap after GC invocations=4 (full 0):
 PSYoungGen      total 98112K, used 3904K [0x00000000e1560000, 0x00000000e7900000, 0x0000000100000000)
  eden space 94208K, 0% used [0x00000000e1560000,0x00000000e1560000,0x00000000e7160000)
  from space 3904K, 100% used [0x00000000e7530000,0x00000000e7900000,0x00000000e7900000)
  to   space 3904K, 0% used [0x00000000e7160000,0x00000000e7160000,0x00000000e7530000)
 ParOldGen       total 62784K, used 7227K [0x00000000a4000000, 0x00000000a7d50000, 0x00000000e1560000)
  object space 62784K, 11% used [0x00000000a4000000,0x00000000a470ec58,0x00000000a7d50000)
 PSPermGen       total 21248K, used 3569K [0x0000000099a00000, 0x000000009aec0000, 0x00000000a4000000)
  object space 21248K, 16% used [0x0000000099a00000,0x0000000099d7c6b8,0x000000009aec0000)
}
Event: 4.004 GC heap before
{Heap before GC invocations=5 (full 0):
 PSYoungGen      total 98112K, used 98112K [0x00000000e1560000, 0x00000000e7900000, 0x0000000100000000)
  eden space 94208K, 100% used [0x00000000e1560000,0x00000000e7160000,0x00000000e7160000)
  from space 3904K, 100% used [0x00000000e7530000,0x00000000e7900000,0x00000000e7900000)
  to   space 3904K, 0% used [0x00000000e7160000,0x00000000e7160000,0x00000000e7530000)
 ParOldGen       total 62784K, used 7227K [0x00000000a4000000, 0x00000000a7d50000, 0x00000000e1560000)
  object space 62784K, 11% used [0x00000000a4000000,0x00000000a470ec58,0x00000000a7d50000)
 PSPermGen       total 21248K, used 3569K [0x0000000099a00000, 0x000000009aec0000, 0x00000000a4000000)
  object space 21248K, 16% used [0x0000000099a00000,0x0000000099d7c6b8,0x000000009aec0000)
Event: 4.038 GC heap after
Heap after GC invocations=5 (full 0):
 PSYoungGen      total 98112K, used 3904K [0x00000000e1560000, 0x00000000eddc0000, 0x0000000100000000)
  eden space 94208K, 0% used [0x00000000e1560000,0x00000000e1560000,0x00000000e7160000)
  from space 3904K, 100% used [0x00000000e7160000,0x00000000e7530000,0x00000000e7530000)
  to   space 8384K, 0% used [0x00000000ed590000,0x00000000ed590000,0x00000000eddc0000)
 ParOldGen       total 62784K, used 7947K [0x00000000a4000000, 0x00000000a7d50000, 0x00000000e1560000)
  object space 62784K, 12% used [0x00000000a4000000,0x00000000a47c2c58,0x00000000a7d50000)
 PSPermGen       total 21248K, used 3569K [0x0000000099a00000, 0x000000009aec0000, 0x00000000a4000000)
  object space 21248K, 16% used [0x0000000099a00000,0x0000000099d7c6b8,0x000000009aec0000)
}
Event: 4.672 GC heap before
{Heap before GC invocations=6 (full 0):
 PSYoungGen      total 98112K, used 98112K [0x00000000e1560000, 0x00000000eddc0000, 0x0000000100000000)
  eden space 94208K, 100% used [0x00000000e1560000,0x00000000e7160000,0x00000000e7160000)
  from space 3904K, 100% used [0x00000000e7160000,0x00000000e7530000,0x00000000e7530000)
  to   space 8384K, 0% used [0x00000000ed590000,0x00000000ed590000,0x00000000eddc0000)
 ParOldGen       total 62784K, used 7947K [0x00000000a4000000, 0x00000000a7d50000, 0x00000000e1560000)
  object space 62784K, 12% used [0x00000000a4000000,0x00000000a47c2c58,0x00000000a7d50000)
 PSPermGen       total 21248K, used 3569K [0x0000000099a00000, 0x000000009aec0000, 0x00000000a4000000)
  object space 21248K, 16% used [0x0000000099a00000,0x0000000099d7c6b8,0x000000009aec0000)
Event: 4.691 GC heap after
Heap after GC invocations=6 (full 0):
 PSYoungGen      total 196288K, used 4640K [0x00000000e1560000, 0x00000000edd40000, 0x0000000100000000)
  eden space 188416K, 0% used [0x00000000e1560000,0x00000000e1560000,0x00000000ecd60000)
  from space 7872K, 58% used [0x00000000ed590000,0x00000000eda18020,0x00000000edd40000)
  to   space 8128K, 0% used [0x00000000ecd60000,0x00000000ecd60000,0x00000000ed550000)
 ParOldGen       total 62784K, used 7947K [0x00000000a4000000, 0x00000000a7d50000, 0x00000000e1560000)
  object space 62784K, 12% used [0x00000000a4000000,0x00000000a47c2c58,0x00000000a7d50000)
 PSPermGen       total 21248K, used 3569K [0x0000000099a00000, 0x000000009aec0000, 0x00000000a4000000)
  object space 21248K, 16% used [0x0000000099a00000,0x0000000099d7c6b8,0x000000009aec0000)
}
Event: 5.841 GC heap before
{Heap before GC invocations=7 (full 0):
 PSYoungGen      total 196288K, used 193056K [0x00000000e1560000, 0x00000000edd40000, 0x0000000100000000)
  eden space 188416K, 100% used [0x00000000e1560000,0x00000000ecd60000,0x00000000ecd60000)
  from space 7872K, 58% used [0x00000000ed590000,0x00000000eda18020,0x00000000edd40000)
  to   space 8128K, 0% used [0x00000000ecd60000,0x00000000ecd60000,0x00000000ed550000)
 ParOldGen       total 62784K, used 7947K [0x00000000a4000000, 0x00000000a7d50000, 0x00000000e1560000)
  object space 62784K, 12% used [0x00000000a4000000,0x00000000a47c2c58,0x00000000a7d50000)
 PSPermGen       total 21248K, used 3569K [0x0000000099a00000, 0x000000009aec0000, 0x00000000a4000000)
  object space 21248K, 16% used [0x0000000099a00000,0x0000000099d7c6b8,0x000000009aec0000)
Event: 5.862 GC heap after
Heap after GC invocations=7 (full 0):
 PSYoungGen      total 196544K, used 1248K [0x00000000e1560000, 0x00000000f9660000, 0x0000000100000000)
  eden space 188416K, 0% used [0x00000000e1560000,0x00000000e1560000,0x00000000ecd60000)
  from space 8128K, 15% used [0x00000000ecd60000,0x00000000ece98000,0x00000000ed550000)
  to   space 8704K, 0% used [0x00000000f8de0000,0x00000000f8de0000,0x00000000f9660000)
 ParOldGen       total 62784K, used 11567K [0x00000000a4000000, 0x00000000a7d50000, 0x00000000e1560000)
  object space 62784K, 18% used [0x00000000a4000000,0x00000000a4b4bcc8,0x00000000a7d50000)
 PSPermGen       total 21248K, used 3569K [0x0000000099a00000, 0x000000009aec0000, 0x00000000a4000000)
  object space 21248K, 16% used [0x0000000099a00000,0x0000000099d7c6b8,0x000000009aec0000)
}
Event: 87.346 GC heap before
{Heap before GC invocations=8 (full 0):
 PSYoungGen      total 196544K, used 189664K [0x00000000e1560000, 0x00000000f9660000, 0x0000000100000000)
  eden space 188416K, 100% used [0x00000000e1560000,0x00000000ecd60000,0x00000000ecd60000)
  from space 8128K, 15% used [0x00000000ecd60000,0x00000000ece98000,0x00000000ed550000)
  to   space 8704K, 0% used [0x00000000f8de0000,0x00000000f8de0000,0x00000000f9660000)
 ParOldGen       total 62784K, used 11567K [0x00000000a4000000, 0x00000000a7d50000, 0x00000000e1560000)
  object space 62784K, 18% used [0x00000000a4000000,0x00000000a4b4bcc8,0x00000000a7d50000)
 PSPermGen       total 21248K, used 19326K [0x0000000099a00000, 0x000000009aec0000, 0x00000000a4000000)
  object space 21248K, 90% used [0x0000000099a00000,0x000000009acdf858,0x000000009aec0000)
Event: 87.368 GC heap after
Heap after GC invocations=8 (full 0):
 PSYoungGen      total 384640K, used 4430K [0x00000000e1560000, 0x00000000f9580000, 0x0000000100000000)
  eden space 376832K, 0% used [0x00000000e1560000,0x00000000e1560000,0x00000000f8560000)
  from space 7808K, 56% used [0x00000000f8de0000,0x00000000f9233be8,0x00000000f9580000)
  to   space 8256K, 0% used [0x00000000f8560000,0x00000000f8560000,0x00000000f8d70000)
 ParOldGen       total 62784K, used 11623K [0x00000000a4000000, 0x00000000a7d50000, 0x00000000e1560000)
  object space 62784K, 18% used [0x00000000a4000000,0x00000000a4b59cc8,0x00000000a7d50000)
 PSPermGen       total 21248K, used 19326K [0x0000000099a00000, 0x000000009aec0000, 0x00000000a4000000)
  object space 21248K, 90% used [0x0000000099a00000,0x000000009acdf858,0x000000009aec0000)
}

Deoptimization events (10 events):
Event: 71.658 Thread 0x00007fdd68046000 Uncommon trap -58 fr.pc 0x00007fddc9125ce8
Event: 71.658 Thread 0x00007fdd68046000 Uncommon trap -58 fr.pc 0x00007fddc9124adc
Event: 71.675 Thread 0x00007fdd68046000 Uncommon trap -58 fr.pc 0x00007fddc9124adc
Event: 71.675 Thread 0x00007fdd68046000 Uncommon trap -58 fr.pc 0x00007fddc9125ce8
Event: 71.676 Thread 0x00007fdd68046000 Uncommon trap -58 fr.pc 0x00007fddc9124adc
Event: 71.676 Thread 0x00007fdd68046000 Uncommon trap -58 fr.pc 0x00007fddc9125ce8
Event: 71.684 Thread 0x00007fdd68046000 Uncommon trap -58 fr.pc 0x00007fddc9125ce8
Event: 112.765 Thread 0x00007fdd60121000 Uncommon trap -83 fr.pc 0x00007fddc91a780c
Event: 112.777 Thread 0x00007fdd60121000 Uncommon trap -83 fr.pc 0x00007fddc919fb6c
Event: 112.777 Thread 0x00007fdd60121000 Uncommon trap -83 fr.pc 0x00007fddc9196cc0

Internal exceptions (10 events):
Event: 71.665 Thread 0x00007fdd68046000 Threw 0x00000000eb389f58 at /build/buildd/openjdk-7-7u25-2.3.12/build/openjdk/hotspot/src/share/vm/prims/jvm.cpp:1235
Event: 71.666 Thread 0x00007fdd68046000 Threw 0x00000000eb38d0d0 at /build/buildd/openjdk-7-7u25-2.3.12/build/openjdk/hotspot/src/share/vm/prims/jvm.cpp:1235
Event: 71.671 Thread 0x00007fdd68046000 Threw 0x00000000eb390888 at /build/buildd/openjdk-7-7u25-2.3.12/build/openjdk/hotspot/src/share/vm/prims/jvm.cpp:1235
Event: 71.673 Thread 0x00007fdd68046000 Threw 0x00000000eb393ab8 at /build/buildd/openjdk-7-7u25-2.3.12/build/openjdk/hotspot/src/share/vm/prims/jvm.cpp:1235
Event: 71.673 Thread 0x00007fdd68046000 Threw 0x00000000eb396b68 at /build/buildd/openjdk-7-7u25-2.3.12/build/openjdk/hotspot/src/share/vm/prims/jvm.cpp:1235
Event: 71.674 Thread 0x00007fdd68046000 Threw 0x00000000eb39a438 at /build/buildd/openjdk-7-7u25-2.3.12/build/openjdk/hotspot/src/share/vm/prims/jvm.cpp:1235
Event: 80.518 Thread 0x00007fdd68046000 Threw 0x00000000ebedac80 at /build/buildd/openjdk-7-7u25-2.3.12/build/openjdk/hotspot/src/share/vm/prims/jvm.cpp:1235
Event: 112.765 Thread 0x00007fdd60121000 Implicit null exception at 0x00007fddc91a71b6 to 0x00007fddc91a77f1
Event: 112.777 Thread 0x00007fdd60121000 Implicit null exception at 0x00007fddc919fac7 to 0x00007fddc919fb59
Event: 112.777 Thread 0x00007fdd60121000 Implicit null exception at 0x00007fddc9196c10 to 0x00007fddc9196ca5

Events (10 events):
Event: 112.777 Thread 0x00007fdd60121000 DEOPT PACKING pc=0x00007fddc9196cc0 sp=0x00007fdd96ffc160
Event: 112.777 Thread 0x00007fdd60121000 DEOPT UNPACKING pc=0x00007fddc9039145 sp=0x00007fdd96ffc0c8 mode 2
Event: 112.778 Executing VM operation: RevokeBias
Event: 112.778 Executing VM operation: RevokeBias done
Event: 112.784 Executing VM operation: RevokeBias
Event: 112.784 Executing VM operation: RevokeBias done
Event: 112.784 Executing VM operation: RevokeBias
Event: 112.784 Executing VM operation: RevokeBias done
Event: 112.784 Executing VM operation: RevokeBias
Event: 112.784 Executing VM operation: RevokeBias done


Dynamic libraries:
00400000-00401000 r-xp 00000000 08:07 8130224                            /usr/lib/jvm/java-7-openjdk-amd64/jre/bin/java
00600000-00601000 r--p 00000000 08:07 8130224                            /usr/lib/jvm/java-7-openjdk-amd64/jre/bin/java
00601000-00602000 rw-p 00001000 08:07 8130224                            /usr/lib/jvm/java-7-openjdk-amd64/jre/bin/java
01a53000-01a74000 rw-p 00000000 00:00 0                                  [heap]
99a00000-9aec0000 rw-p 00000000 00:00 0 
9aec0000-a4000000 rw-p 00000000 00:00 0 
a4000000-a7d50000 rw-p 00000000 00:00 0 
a7d50000-e1560000 rw-p 00000000 00:00 0 
e1560000-f9580000 rw-p 00000000 00:00 0 
f9580000-f9660000 ---p 00000000 00:00 0 
f9660000-100000000 rw-p 00000000 00:00 0 
7fdd50000000-7fdd50021000 rw-p 00000000 00:00 0 
7fdd50021000-7fdd54000000 ---p 00000000 00:00 0 
7fdd58000000-7fdd58021000 rw-p 00000000 00:00 0 
7fdd58021000-7fdd5c000000 ---p 00000000 00:00 0 
7fdd5c000000-7fdd5c021000 rw-p 00000000 00:00 0 
7fdd5c021000-7fdd60000000 ---p 00000000 00:00 0 
7fdd60000000-7fdd601a9000 rw-p 00000000 00:00 0 
7fdd601a9000-7fdd64000000 ---p 00000000 00:00 0 
7fdd64000000-7fdd64021000 rw-p 00000000 00:00 0 
7fdd64021000-7fdd68000000 ---p 00000000 00:00 0 
7fdd68000000-7fdd680d8000 rw-p 00000000 00:00 0 
7fdd680d8000-7fdd6c000000 ---p 00000000 00:00 0 
7fdd6ef5f000-7fdd6f451000 rw-p 00000000 00:00 0 
7fdd6f451000-7fdd6f59a000 rw-s 00000000 00:04 321191962                  /SYSV00000000 (deleted)
7fdd6f59a000-7fdd6f59d000 ---p 00000000 00:00 0 
7fdd6f59d000-7fdd6f69b000 rw-p 00000000 00:00 0                          [stack:2965]
7fdd6f69b000-7fdd6f69e000 ---p 00000000 00:00 0 
7fdd6f69e000-7fdd6f79c000 rw-p 00000000 00:00 0 
7fdd6f79c000-7fdd6f79f000 ---p 00000000 00:00 0 
7fdd6f79f000-7fdd6f89d000 rw-p 00000000 00:00 0 
7fdd6f89d000-7fdd6f8a0000 ---p 00000000 00:00 0 
7fdd6f8a0000-7fdd6f99e000 rw-p 00000000 00:00 0 
7fdd6f99e000-7fdd6f9a1000 ---p 00000000 00:00 0 
7fdd6f9a1000-7fdd6fa9f000 rw-p 00000000 00:00 0 
7fdd6fa9f000-7fdd6faaf000 r-xp 00000000 08:07 8130194                    /usr/lib/jvm/java-7-openjdk-amd64/jre/lib/amd64/libnio.so
7fdd6faaf000-7fdd6fcae000 ---p 00010000 08:07 8130194                    /usr/lib/jvm/java-7-openjdk-amd64/jre/lib/amd64/libnio.so
7fdd6fcae000-7fdd6fcaf000 r--p 0000f000 08:07 8130194                    /usr/lib/jvm/java-7-openjdk-amd64/jre/lib/amd64/libnio.so
7fdd6fcaf000-7fdd6fcb0000 rw-p 00010000 08:07 8130194                    /usr/lib/jvm/java-7-openjdk-amd64/jre/lib/amd64/libnio.so
7fdd6fcb0000-7fdd6fcfc000 r-xp 00000000 08:07 8130205                    /usr/lib/jvm/java-7-openjdk-amd64/jre/lib/amd64/libfontmanager.so
7fdd6fcfc000-7fdd6fefb000 ---p 0004c000 08:07 8130205                    /usr/lib/jvm/java-7-openjdk-amd64/jre/lib/amd64/libfontmanager.so
7fdd6fefb000-7fdd6fefe000 r--p 0004b000 08:07 8130205                    /usr/lib/jvm/java-7-openjdk-amd64/jre/lib/amd64/libfontmanager.so
7fdd6fefe000-7fdd6feff000 rw-p 0004e000 08:07 8130205                    /usr/lib/jvm/java-7-openjdk-amd64/jre/lib/amd64/libfontmanager.so
7fdd6feff000-7fdd6ff02000 ---p 00000000 00:00 0 
7fdd6ff02000-7fdd70000000 rw-p 00000000 00:00 0                          [stack:2958]
7fdd70000000-7fdd70025000 rw-p 00000000 00:00 0 
7fdd70025000-7fdd74000000 ---p 00000000 00:00 0 
7fdd74000000-7fdd74021000 rw-p 00000000 00:00 0 
7fdd74021000-7fdd78000000 ---p 00000000 00:00 0 
7fdd78000000-7fdd78021000 rw-p 00000000 00:00 0 
7fdd78021000-7fdd7c000000 ---p 00000000 00:00 0 
7fdd7c0a3000-7fdd7c0a6000 ---p 00000000 00:00 0 
7fdd7c0a6000-7fdd7c1a4000 rw-p 00000000 00:00 0                          [stack:2957]
7fdd7c1a4000-7fdd7c1a7000 ---p 00000000 00:00 0 
7fdd7c1a7000-7fdd7c2a5000 rw-p 00000000 00:00 0                          [stack:2956]
7fdd7c2a5000-7fdd7c2a9000 r-xp 00000000 08:07 5242929                    /lib/x86_64-linux-gnu/libgpg-error.so.0.10.0
7fdd7c2a9000-7fdd7c4a8000 ---p 00004000 08:07 5242929                    /lib/x86_64-linux-gnu/libgpg-error.so.0.10.0
7fdd7c4a8000-7fdd7c4a9000 r--p 00003000 08:07 5242929                    /lib/x86_64-linux-gnu/libgpg-error.so.0.10.0
7fdd7c4a9000-7fdd7c4aa000 rw-p 00004000 08:07 5242929                    /lib/x86_64-linux-gnu/libgpg-error.so.0.10.0
7fdd7c4aa000-7fdd7c4ac000 r-xp 00000000 08:07 5242940                    /lib/x86_64-linux-gnu/libkeyutils.so.1.4
7fdd7c4ac000-7fdd7c6ac000 ---p 00002000 08:07 5242940                    /lib/x86_64-linux-gnu/libkeyutils.so.1.4
7fdd7c6ac000-7fdd7c6ad000 r--p 00002000 08:07 5242940                    /lib/x86_64-linux-gnu/libkeyutils.so.1.4
7fdd7c6ad000-7fdd7c6ae000 rw-p 00003000 08:07 5242940                    /lib/x86_64-linux-gnu/libkeyutils.so.1.4
7fdd7c6ae000-7fdd7c6c6000 r-xp 00000000 08:07 7864518                    /usr/lib/x86_64-linux-gnu/libgraphite2.so.3.0.1
7fdd7c6c6000-7fdd7c8c5000 ---p 00018000 08:07 7864518                    /usr/lib/x86_64-linux-gnu/libgraphite2.so.3.0.1
7fdd7c8c5000-7fdd7c8c7000 r--p 00017000 08:07 7864518                    /usr/lib/x86_64-linux-gnu/libgraphite2.so.3.0.1
7fdd7c8c7000-7fdd7c8c8000 rw-p 00019000 08:07 7864518                    /usr/lib/x86_64-linux-gnu/libgraphite2.so.3.0.1
7fdd7c8c8000-7fdd7c8cc000 r-xp 00000000 08:07 7870208                    /usr/lib/x86_64-linux-gnu/libXxf86vm.so.1.0.0
7fdd7c8cc000-7fdd7cacc000 ---p 00004000 08:07 7870208                    /usr/lib/x86_64-linux-gnu/libXxf86vm.so.1.0.0
7fdd7cacc000-7fdd7cacd000 r--p 00004000 08:07 7870208                    /usr/lib/x86_64-linux-gnu/libXxf86vm.so.1.0.0
7fdd7cacd000-7fdd7cace000 rw-p 00005000 08:07 7870208                    /usr/lib/x86_64-linux-gnu/libXxf86vm.so.1.0.0
7fdd7cace000-7fdd7cae3000 r-xp 00000000 08:07 7866526                    /usr/lib/x86_64-linux-gnu/libxcb-glx.so.0.0.0
7fdd7cae3000-7fdd7cce2000 ---p 00015000 08:07 7866526                    /usr/lib/x86_64-linux-gnu/libxcb-glx.so.0.0.0
7fdd7cce2000-7fdd7cce4000 r--p 00014000 08:07 7866526                    /usr/lib/x86_64-linux-gnu/libxcb-glx.so.0.0.0
7fdd7cce4000-7fdd7cce5000 rw-p 00016000 08:07 7866526                    /usr/lib/x86_64-linux-gnu/libxcb-glx.so.0.0.0
7fdd7cce5000-7fdd7cd07000 r-xp 00000000 08:07 7868682                    /usr/lib/x86_64-linux-gnu/libglapi.so.0.0.0
7fdd7cd07000-7fdd7cf07000 ---p 00022000 08:07 7868682                    /usr/lib/x86_64-linux-gnu/libglapi.so.0.0.0
7fdd7cf07000-7fdd7cf0a000 r--p 00022000 08:07 7868682                    /usr/lib/x86_64-linux-gnu/libglapi.so.0.0.0
7fdd7cf0a000-7fdd7cf0b000 rw-p 00025000 08:07 7868682                    /usr/lib/x86_64-linux-gnu/libglapi.so.0.0.0
7fdd7cf0b000-7fdd7cf0c000 rw-p 00000000 00:00 0 
7fdd7cf0c000-7fdd7cf17000 r-xp 00000000 08:07 7864548                    /usr/lib/x86_64-linux-gnu/libdrm.so.2.4.0
7fdd7cf17000-7fdd7d116000 ---p 0000b000 08:07 7864548                    /usr/lib/x86_64-linux-gnu/libdrm.so.2.4.0
7fdd7d116000-7fdd7d117000 r--p 0000a000 08:07 7864548                    /usr/lib/x86_64-linux-gnu/libdrm.so.2.4.0
7fdd7d117000-7fdd7d118000 rw-p 0000b000 08:07 7864548                    /usr/lib/x86_64-linux-gnu/libdrm.so.2.4.0
7fdd7d118000-7fdd7d128000 r-xp 00000000 08:07 5242950                    /lib/x86_64-linux-gnu/libudev.so.1.3.5
7fdd7d128000-7fdd7d327000 ---p 00010000 08:07 5242950                    /lib/x86_64-linux-gnu/libudev.so.1.3.5
7fdd7d327000-7fdd7d328000 r--p 0000f000 08:07 5242950                    /lib/x86_64-linux-gnu/libudev.so.1.3.5
7fdd7d328000-7fdd7d329000 rw-p 00010000 08:07 5242950                    /lib/x86_64-linux-gnu/libudev.so.1.3.5
7fdd7d329000-7fdd7d32f000 r-xp 00000000 08:07 7866501                    /usr/lib/x86_64-linux-gnu/libgbm.so.1.0.0
7fdd7d32f000-7fdd7d52f000 ---p 00006000 08:07 7866501                    /usr/lib/x86_64-linux-gnu/libgbm.so.1.0.0
7fdd7d52f000-7fdd7d530000 r--p 00006000 08:07 7866501                    /usr/lib/x86_64-linux-gnu/libgbm.so.1.0.0
7fdd7d530000-7fdd7d531000 rw-p 00007000 08:07 7866501                    /usr/lib/x86_64-linux-gnu/libgbm.so.1.0.0
7fdd7d531000-7fdd7d53f000 r-xp 00000000 08:07 7868902                    /usr/lib/x86_64-linux-gnu/libwayland-server.so.0.1.0
7fdd7d53f000-7fdd7d73e000 ---p 0000e000 08:07 7868902                    /usr/lib/x86_64-linux-gnu/libwayland-server.so.0.1.0
7fdd7d73e000-7fdd7d740000 r--p 0000d000 08:07 7868902                    /usr/lib/x86_64-linux-gnu/libwayland-server.so.0.1.0
7fdd7d740000-7fdd7d741000 rw-p 0000f000 08:07 7868902                    /usr/lib/x86_64-linux-gnu/libwayland-server.so.0.1.0
7fdd7d741000-7fdd7d74c000 r-xp 00000000 08:07 7864504                    /usr/lib/x86_64-linux-gnu/libwayland-client.so.0.1.0
7fdd7d74c000-7fdd7d94b000 ---p 0000b000 08:07 7864504                    /usr/lib/x86_64-linux-gnu/libwayland-client.so.0.1.0
7fdd7d94b000-7fdd7d94d000 r--p 0000a000 08:07 7864504                    /usr/lib/x86_64-linux-gnu/libwayland-client.so.0.1.0
7fdd7d94d000-7fdd7d94e000 rw-p 0000c000 08:07 7864504                    /usr/lib/x86_64-linux-gnu/libwayland-client.so.0.1.0
7fdd7d94e000-7fdd7d953000 r-xp 00000000 08:07 7866542                    /usr/lib/x86_64-linux-gnu/libxcb-xfixes.so.0.0.0
7fdd7d953000-7fdd7db53000 ---p 00005000 08:07 7866542                    /usr/lib/x86_64-linux-gnu/libxcb-xfixes.so.0.0.0
7fdd7db53000-7fdd7db54000 r--p 00005000 08:07 7866542                    /usr/lib/x86_64-linux-gnu/libxcb-xfixes.so.0.0.0
7fdd7db54000-7fdd7db55000 rw-p 00006000 08:07 7866542                    /usr/lib/x86_64-linux-gnu/libxcb-xfixes.so.0.0.0
7fdd7db55000-7fdd7db58000 r-xp 00000000 08:07 7869896                    /usr/lib/x86_64-linux-gnu/libxcb-dri2.so.0.0.0
7fdd7db58000-7fdd7dd58000 ---p 00003000 08:07 7869896                    /usr/lib/x86_64-linux-gnu/libxcb-dri2.so.0.0.0
7fdd7dd58000-7fdd7dd59000 r--p 00003000 08:07 7869896                    /usr/lib/x86_64-linux-gnu/libxcb-dri2.so.0.0.0
7fdd7dd59000-7fdd7dd5a000 rw-p 00004000 08:07 7869896                    /usr/lib/x86_64-linux-gnu/libxcb-dri2.so.0.0.0
7fdd7dd5a000-7fdd7dd5b000 r-xp 00000000 08:07 7869904                    /usr/lib/x86_64-linux-gnu/libX11-xcb.so.1.0.0
7fdd7dd5b000-7fdd7df5a000 ---p 00001000 08:07 7869904                    /usr/lib/x86_64-linux-gnu/libX11-xcb.so.1.0.0
7fdd7df5a000-7fdd7df5b000 r--p 00000000 08:07 7869904                    /usr/lib/x86_64-linux-gnu/libX11-xcb.so.1.0.0
7fdd7df5b000-7fdd7df5c000 rw-p 00001000 08:07 7869904                    /usr/lib/x86_64-linux-gnu/libX11-xcb.so.1.0.0
7fdd7df5c000-7fdd7dfa0000 r-xp 00000000 08:07 5242924                    /lib/x86_64-linux-gnu/libdbus-1.so.3.7.4
7fdd7dfa0000-7fdd7e19f000 ---p 00044000 08:07 5242924                    /lib/x86_64-linux-gnu/libdbus-1.so.3.7.4
7fdd7e19f000-7fdd7e1a0000 r--p 00043000 08:07 5242924                    /lib/x86_64-linux-gnu/libdbus-1.so.3.7.4
7fdd7e1a0000-7fdd7e1a1000 rw-p 00044000 08:07 5242924                    /lib/x86_64-linux-gnu/libdbus-1.so.3.7.4
7fdd7e1a1000-7fdd7e1bf000 r-xp 00000000 08:07 7870895                    /usr/lib/x86_64-linux-gnu/libp11-kit.so.0.0.0
7fdd7e1bf000-7fdd7e3be000 ---p 0001e000 08:07 7870895                    /usr/lib/x86_64-linux-gnu/libp11-kit.so.0.0.0
7fdd7e3be000-7fdd7e3c0000 r--p 0001d000 08:07 7870895                    /usr/lib/x86_64-linux-gnu/libp11-kit.so.0.0.0
7fdd7e3c0000-7fdd7e3c1000 rw-p 0001f000 08:07 7870895                    /usr/lib/x86_64-linux-gnu/libp11-kit.so.0.0.0
7fdd7e3c1000-7fdd7e3d1000 r-xp 00000000 08:07 7870891                    /usr/lib/x86_64-linux-gnu/libtasn1.so.3.2.0
7fdd7e3d1000-7fdd7e5d0000 ---p 00010000 08:07 7870891                    /usr/lib/x86_64-linux-gnu/libtasn1.so.3.2.0
7fdd7e5d0000-7fdd7e5d1000 r--p 0000f000 08:07 7870891                    /usr/lib/x86_64-linux-gnu/libtasn1.so.3.2.0
7fdd7e5d1000-7fdd7e5d2000 rw-p 00010000 08:07 7870891                    /usr/lib/x86_64-linux-gnu/libtasn1.so.3.2.0
7fdd7e5d2000-7fdd7e64c000 r-xp 00000000 08:07 5242933                    /lib/x86_64-linux-gnu/libgcrypt.so.11.7.0
7fdd7e64c000-7fdd7e84c000 ---p 0007a000 08:07 5242933                    /lib/x86_64-linux-gnu/libgcrypt.so.11.7.0
7fdd7e84c000-7fdd7e84d000 r--p 0007a000 08:07 5242933                    /lib/x86_64-linux-gnu/libgcrypt.so.11.7.0
7fdd7e84d000-7fdd7e850000 rw-p 0007b000 08:07 5242933                    /lib/x86_64-linux-gnu/libgcrypt.so.11.7.0
7fdd7e850000-7fdd7e857000 r-xp 00000000 08:07 7866378                    /usr/lib/x86_64-linux-gnu/libkrb5support.so.0.1
7fdd7e857000-7fdd7ea56000 ---p 00007000 08:07 7866378                    /usr/lib/x86_64-linux-gnu/libkrb5support.so.0.1
7fdd7ea56000-7fdd7ea57000 r--p 00006000 08:07 7866378                    /usr/lib/x86_64-linux-gnu/libkrb5support.so.0.1
7fdd7ea57000-7fdd7ea58000 rw-p 00007000 08:07 7866378                    /usr/lib/x86_64-linux-gnu/libkrb5support.so.0.1
7fdd7ea58000-7fdd7ea5b000 r-xp 00000000 08:07 5242904                    /lib/x86_64-linux-gnu/libcom_err.so.2.1
7fdd7ea5b000-7fdd7ec5a000 ---p 00003000 08:07 5242904                    /lib/x86_64-linux-gnu/libcom_err.so.2.1
7fdd7ec5a000-7fdd7ec5b000 r--p 00002000 08:07 5242904                    /lib/x86_64-linux-gnu/libcom_err.so.2.1
7fdd7ec5b000-7fdd7ec5c000 rw-p 00003000 08:07 5242904                    /lib/x86_64-linux-gnu/libcom_err.so.2.1
7fdd7ec5c000-7fdd7ec82000 r-xp 00000000 08:07 7870911                    /usr/lib/x86_64-linux-gnu/libk5crypto.so.3.1
7fdd7ec82000-7fdd7ee81000 ---p 00026000 08:07 7870911                    /usr/lib/x86_64-linux-gnu/libk5crypto.so.3.1
7fdd7ee81000-7fdd7ee82000 r--p 00025000 08:07 7870911                    /usr/lib/x86_64-linux-gnu/libk5crypto.so.3.1
7fdd7ee82000-7fdd7ee83000 rw-p 00026000 08:07 7870911                    /usr/lib/x86_64-linux-gnu/libk5crypto.so.3.1
7fdd7ee83000-7fdd7ee84000 rw-p 00000000 00:00 0 
7fdd7ee84000-7fdd7ef49000 r-xp 00000000 08:07 7870927                    /usr/lib/x86_64-linux-gnu/libkrb5.so.3.3
7fdd7ef49000-7fdd7f148000 ---p 000c5000 08:07 7870927                    /usr/lib/x86_64-linux-gnu/libkrb5.so.3.3
7fdd7f148000-7fdd7f152000 r--p 000c4000 08:07 7870927                    /usr/lib/x86_64-linux-gnu/libkrb5.so.3.3
7fdd7f152000-7fdd7f153000 rw-p 000ce000 08:07 7870927                    /usr/lib/x86_64-linux-gnu/libkrb5.so.3.3
7fdd7f153000-7fdd7f159000 r-xp 00000000 08:07 7864996                    /usr/lib/x86_64-linux-gnu/libdatrie.so.1.2.0
7fdd7f159000-7fdd7f358000 ---p 00006000 08:07 7864996                    /usr/lib/x86_64-linux-gnu/libdatrie.so.1.2.0
7fdd7f358000-7fdd7f359000 r--p 00005000 08:07 7864996                    /usr/lib/x86_64-linux-gnu/libdatrie.so.1.2.0
7fdd7f359000-7fdd7f35a000 rw-p 00006000 08:07 7864996                    /usr/lib/x86_64-linux-gnu/libdatrie.so.1.2.0
7fdd7f35a000-7fdd7f3aa000 r-xp 00000000 08:07 7872140                    /usr/lib/x86_64-linux-gnu/libharfbuzz.so.0.919.0
7fdd7f3aa000-7fdd7f5aa000 ---p 00050000 08:07 7872140                    /usr/lib/x86_64-linux-gnu/libharfbuzz.so.0.919.0
7fdd7f5aa000-7fdd7f5ab000 r--p 00050000 08:07 7872140                    /usr/lib/x86_64-linux-gnu/libharfbuzz.so.0.919.0
7fdd7f5ab000-7fdd7f5ac000 rw-p 00051000 08:07 7872140                    /usr/lib/x86_64-linux-gnu/libharfbuzz.so.0.919.0
7fdd7f5ac000-7fdd7f608000 r-xp 00000000 08:07 8258487                    /usr/lib/x86_64-linux-gnu/mesa/libGL.so.1.2.0
7fdd7f608000-7fdd7f808000 ---p 0005c000 08:07 8258487                    /usr/lib/x86_64-linux-gnu/mesa/libGL.so.1.2.0
7fdd7f808000-7fdd7f80a000 r--p 0005c000 08:07 8258487                    /usr/lib/x86_64-linux-gnu/mesa/libGL.so.1.2.0
7fdd7f80a000-7fdd7f80b000 rw-p 0005e000 08:07 8258487                    /usr/lib/x86_64-linux-gnu/mesa/libGL.so.1.2.0
7fdd7f80b000-7fdd7f80c000 rw-p 00000000 00:00 0 
7fdd7f80c000-7fdd7f814000 r-xp 00000000 08:07 7870007                    /usr/lib/x86_64-linux-gnu/libxcb-render.so.0.0.0
7fdd7f814000-7fdd7fa13000 ---p 00008000 08:07 7870007                    /usr/lib/x86_64-linux-gnu/libxcb-render.so.0.0.0
7fdd7fa13000-7fdd7fa14000 r--p 00007000 08:07 7870007                    /usr/lib/x86_64-linux-gnu/libxcb-render.so.0.0.0
7fdd7fa14000-7fdd7fa15000 rw-p 00008000 08:07 7870007                    /usr/lib/x86_64-linux-gnu/libxcb-render.so.0.0.0
7fdd7fa15000-7fdd7fa17000 r-xp 00000000 08:07 7870014                    /usr/lib/x86_64-linux-gnu/libxcb-shm.so.0.0.0
7fdd7fa17000-7fdd7fc16000 ---p 00002000 08:07 7870014                    /usr/lib/x86_64-linux-gnu/libxcb-shm.so.0.0.0
7fdd7fc16000-7fdd7fc17000 r--p 00001000 08:07 7870014                    /usr/lib/x86_64-linux-gnu/libxcb-shm.so.0.0.0
7fdd7fc17000-7fdd7fc18000 rw-p 00002000 08:07 7870014                    /usr/lib/x86_64-linux-gnu/libxcb-shm.so.0.0.0
7fdd7fc18000-7fdd7fc3d000 r-xp 00000000 08:07 5242946                    /lib/x86_64-linux-gnu/libpng12.so.0.49.0
7fdd7fc3d000-7fdd7fe3c000 ---p 00025000 08:07 5242946                    /lib/x86_64-linux-gnu/libpng12.so.0.49.0
7fdd7fe3c000-7fdd7fe3d000 r--p 00024000 08:07 5242946                    /lib/x86_64-linux-gnu/libpng12.so.0.49.0
7fdd7fe3d000-7fdd7fe3e000 rw-p 00025000 08:07 5242946                    /lib/x86_64-linux-gnu/libpng12.so.0.49.0
7fdd7fe3e000-7fdd7fe60000 r-xp 00000000 08:07 8258538                    /usr/lib/x86_64-linux-gnu/mesa-egl/libEGL.so.1.0.0
7fdd7fe60000-7fdd80060000 ---p 00022000 08:07 8258538                    /usr/lib/x86_64-linux-gnu/mesa-egl/libEGL.so.1.0.0
7fdd80060000-7fdd80061000 r--p 00022000 08:07 8258538                    /usr/lib/x86_64-linux-gnu/mesa-egl/libEGL.so.1.0.0
7fdd80061000-7fdd80062000 rw-p 00023000 08:07 8258538                    /usr/lib/x86_64-linux-gnu/mesa-egl/libEGL.so.1.0.0
7fdd80062000-7fdd80103000 r-xp 00000000 08:07 7864906                    /usr/lib/x86_64-linux-gnu/libpixman-1.so.0.30.2
7fdd80103000-7fdd80303000 ---p 000a1000 08:07 7864906                    /usr/lib/x86_64-linux-gnu/libpixman-1.so.0.30.2
7fdd80303000-7fdd8030a000 r--p 000a1000 08:07 7864906                    /usr/lib/x86_64-linux-gnu/libpixman-1.so.0.30.2
7fdd8030a000-7fdd8030b000 rw-p 000a8000 08:07 7864906                    /usr/lib/x86_64-linux-gnu/libpixman-1.so.0.30.2
7fdd8030b000-7fdd80310000 r-xp 00000000 08:07 7871525                    /usr/lib/x86_64-linux-gnu/libXdmcp.so.6.0.0
7fdd80310000-7fdd8050f000 ---p 00005000 08:07 7871525                    /usr/lib/x86_64-linux-gnu/libXdmcp.so.6.0.0
7fdd8050f000-7fdd80510000 r--p 00004000 08:07 7871525                    /usr/lib/x86_64-linux-gnu/libXdmcp.so.6.0.0
7fdd80510000-7fdd80511000 rw-p 00005000 08:07 7871525                    /usr/lib/x86_64-linux-gnu/libXdmcp.so.6.0.0
7fdd80511000-7fdd80513000 r-xp 00000000 08:07 7875069                    /usr/lib/x86_64-linux-gnu/libXau.so.6.0.0
7fdd80513000-7fdd80713000 ---p 00002000 08:07 7875069                    /usr/lib/x86_64-linux-gnu/libXau.so.6.0.0
7fdd80713000-7fdd80714000 r--p 00002000 08:07 7875069                    /usr/lib/x86_64-linux-gnu/libXau.so.6.0.0
7fdd80714000-7fdd80715000 rw-p 00003000 08:07 7875069                    /usr/lib/x86_64-linux-gnu/libXau.so.6.0.0
7fdd80715000-7fdd80724000 r-xp 00000000 08:07 7866479                    /usr/lib/x86_64-linux-gnu/libavahi-client.so.3.2.9
7fdd80724000-7fdd80924000 ---p 0000f000 08:07 7866479                    /usr/lib/x86_64-linux-gnu/libavahi-client.so.3.2.9
7fdd80924000-7fdd80925000 r--p 0000f000 08:07 7866479                    /usr/lib/x86_64-linux-gnu/libavahi-client.so.3.2.9
7fdd80925000-7fdd80926000 rw-p 00010000 08:07 7866479                    /usr/lib/x86_64-linux-gnu/libavahi-client.so.3.2.9
7fdd80926000-7fdd80931000 r-xp 00000000 08:07 7864426                    /usr/lib/x86_64-linux-gnu/libavahi-common.so.3.5.3
7fdd80931000-7fdd80b30000 ---p 0000b000 08:07 7864426                    /usr/lib/x86_64-linux-gnu/libavahi-common.so.3.5.3
7fdd80b30000-7fdd80b31000 r--p 0000a000 08:07 7864426                    /usr/lib/x86_64-linux-gnu/libavahi-common.so.3.5.3
7fdd80b31000-7fdd80b32000 rw-p 0000b000 08:07 7864426                    /usr/lib/x86_64-linux-gnu/libavahi-common.so.3.5.3
7fdd80b32000-7fdd80be8000 r-xp 00000000 08:07 7866371                    /usr/lib/x86_64-linux-gnu/libgnutls.so.26.22.6
7fdd80be8000-7fdd80de8000 ---p 000b6000 08:07 7866371                    /usr/lib/x86_64-linux-gnu/libgnutls.so.26.22.6
7fdd80de8000-7fdd80dee000 r--p 000b6000 08:07 7866371                    /usr/lib/x86_64-linux-gnu/libgnutls.so.26.22.6
7fdd80dee000-7fdd80def000 rw-p 000bc000 08:07 7866371                    /usr/lib/x86_64-linux-gnu/libgnutls.so.26.22.6
7fdd80def000-7fdd80df0000 rw-p 00000000 00:00 0 
7fdd80df0000-7fdd80e2b000 r-xp 00000000 08:07 7866383                    /usr/lib/x86_64-linux-gnu/libgssapi_krb5.so.2.2
7fdd80e2b000-7fdd8102b000 ---p 0003b000 08:07 7866383                    /usr/lib/x86_64-linux-gnu/libgssapi_krb5.so.2.2
7fdd8102b000-7fdd8102c000 r--p 0003b000 08:07 7866383                    /usr/lib/x86_64-linux-gnu/libgssapi_krb5.so.2.2
7fdd8102c000-7fdd8102e000 rw-p 0003c000 08:07 7866383                    /usr/lib/x86_64-linux-gnu/libgssapi_krb5.so.2.2
7fdd8102e000-7fdd81055000 r-xp 00000000 08:07 5243699                    /lib/x86_64-linux-gnu/libexpat.so.1.6.0
7fdd81055000-7fdd81255000 ---p 00027000 08:07 5243699                    /lib/x86_64-linux-gnu/libexpat.so.1.6.0
7fdd81255000-7fdd81257000 r--p 00027000 08:07 5243699                    /lib/x86_64-linux-gnu/libexpat.so.1.6.0
7fdd81257000-7fdd81258000 rw-p 00029000 08:07 5243699                    /lib/x86_64-linux-gnu/libexpat.so.1.6.0
7fdd81258000-7fdd812f4000 r-xp 00000000 08:07 7866495                    /usr/lib/x86_64-linux-gnu/libfreetype.so.6.10.1
7fdd812f4000-7fdd814f4000 ---p 0009c000 08:07 7866495                    /usr/lib/x86_64-linux-gnu/libfreetype.so.6.10.1
7fdd814f4000-7fdd814f9000 r--p 0009c000 08:07 7866495                    /usr/lib/x86_64-linux-gnu/libfreetype.so.6.10.1
7fdd814f9000-7fdd814fa000 rw-p 000a1000 08:07 7866495                    /usr/lib/x86_64-linux-gnu/libfreetype.so.6.10.1
7fdd814fa000-7fdd81502000 r-xp 00000000 08:07 7865670                    /usr/lib/x86_64-linux-gnu/libthai.so.0.2.0
7fdd81502000-7fdd81701000 ---p 00008000 08:07 7865670                    /usr/lib/x86_64-linux-gnu/libthai.so.0.2.0
7fdd81701000-7fdd81702000 r--p 00007000 08:07 7865670                    /usr/lib/x86_64-linux-gnu/libthai.so.0.2.0
7fdd81702000-7fdd81703000 rw-p 00008000 08:07 7865670                    /usr/lib/x86_64-linux-gnu/libthai.so.0.2.0
7fdd81703000-7fdd81705000 r-xp 00000000 08:07 7870105                    /usr/lib/x86_64-linux-gnu/libXdamage.so.1.1.0
7fdd81705000-7fdd81904000 ---p 00002000 08:07 7870105                    /usr/lib/x86_64-linux-gnu/libXdamage.so.1.1.0
7fdd81904000-7fdd81905000 r--p 00001000 08:07 7870105                    /usr/lib/x86_64-linux-gnu/libXdamage.so.1.1.0
7fdd81905000-7fdd81906000 rw-p 00002000 08:07 7870105                    /usr/lib/x86_64-linux-gnu/libXdamage.so.1.1.0
7fdd81906000-7fdd81908000 r-xp 00000000 08:07 7870095                    /usr/lib/x86_64-linux-gnu/libXcomposite.so.1.0.0
7fdd81908000-7fdd81b07000 ---p 00002000 08:07 7870095                    /usr/lib/x86_64-linux-gnu/libXcomposite.so.1.0.0
7fdd81b07000-7fdd81b08000 r--p 00001000 08:07 7870095                    /usr/lib/x86_64-linux-gnu/libXcomposite.so.1.0.0
7fdd81b08000-7fdd81b09000 rw-p 00002000 08:07 7870095                    /usr/lib/x86_64-linux-gnu/libXcomposite.so.1.0.0
7fdd81b09000-7fdd81b12000 r-xp 00000000 08:07 7870100                    /usr/lib/x86_64-linux-gnu/libXcursor.so.1.0.2
7fdd81b12000-7fdd81d11000 ---p 00009000 08:07 7870100                    /usr/lib/x86_64-linux-gnu/libXcursor.so.1.0.2
7fdd81d11000-7fdd81d12000 r--p 00008000 08:07 7870100                    /usr/lib/x86_64-linux-gnu/libXcursor.so.1.0.2
7fdd81d12000-7fdd81d13000 rw-p 00009000 08:07 7870100                    /usr/lib/x86_64-linux-gnu/libXcursor.so.1.0.2
7fdd81d13000-7fdd81d1c000 r-xp 00000000 08:07 7870144                    /usr/lib/x86_64-linux-gnu/libXrandr.so.2.2.0
7fdd81d1c000-7fdd81f1b000 ---p 00009000 08:07 7870144                    /usr/lib/x86_64-linux-gnu/libXrandr.so.2.2.0
7fdd81f1b000-7fdd81f1c000 r--p 00008000 08:07 7870144                    /usr/lib/x86_64-linux-gnu/libXrandr.so.2.2.0
7fdd81f1c000-7fdd81f1d000 rw-p 00009000 08:07 7870144                    /usr/lib/x86_64-linux-gnu/libXrandr.so.2.2.0
7fdd81f1d000-7fdd81f1f000 r-xp 00000000 08:07 7870112                    /usr/lib/x86_64-linux-gnu/libXinerama.so.1.0.0
7fdd81f1f000-7fdd8211e000 ---p 00002000 08:07 7870112                    /usr/lib/x86_64-linux-gnu/libXinerama.so.1.0.0
7fdd8211e000-7fdd8211f000 r--p 00001000 08:07 7870112                    /usr/lib/x86_64-linux-gnu/libXinerama.so.1.0.0
7fdd8211f000-7fdd82120000 rw-p 00002000 08:07 7870112                    /usr/lib/x86_64-linux-gnu/libXinerama.so.1.0.0
7fdd82120000-7fdd82134000 r-xp 00000000 08:07 7871143                    /usr/lib/x86_64-linux-gnu/libpangoft2-1.0.so.0.3200.5
7fdd82134000-7fdd82333000 ---p 00014000 08:07 7871143                    /usr/lib/x86_64-linux-gnu/libpangoft2-1.0.so.0.3200.5
7fdd82333000-7fdd82334000 r--p 00013000 08:07 7871143                    /usr/lib/x86_64-linux-gnu/libpangoft2-1.0.so.0.3200.5
7fdd82334000-7fdd82335000 rw-p 00014000 08:07 7871143                    /usr/lib/x86_64-linux-gnu/libpangoft2-1.0.so.0.3200.5
7fdd82335000-7fdd8244e000 r-xp 00000000 08:07 7866335                    /usr/lib/x86_64-linux-gnu/libcairo.so.2.11200.16
7fdd8244e000-7fdd8264e000 ---p 00119000 08:07 7866335                    /usr/lib/x86_64-linux-gnu/libcairo.so.2.11200.16
7fdd8264e000-7fdd82651000 r--p 00119000 08:07 7866335                    /usr/lib/x86_64-linux-gnu/libcairo.so.2.11200.16
7fdd82651000-7fdd82653000 rw-p 0011c000 08:07 7866335                    /usr/lib/x86_64-linux-gnu/libcairo.so.2.11200.16
7fdd82653000-7fdd82654000 rw-p 00000000 00:00 0 
7fdd82654000-7fdd82673000 r-xp 00000000 08:07 7869937                    /usr/lib/x86_64-linux-gnu/libatk-1.0.so.0.21009.1
7fdd82673000-7fdd82873000 ---p 0001f000 08:07 7869937                    /usr/lib/x86_64-linux-gnu/libatk-1.0.so.0.21009.1
7fdd82873000-7fdd82875000 r--p 0001f000 08:07 7869937                    /usr/lib/x86_64-linux-gnu/libatk-1.0.so.0.21009.1
7fdd82875000-7fdd82876000 rw-p 00021000 08:07 7869937                    /usr/lib/x86_64-linux-gnu/libatk-1.0.so.0.21009.1
7fdd82876000-7fdd8287b000 r-xp 00000000 08:07 7869474                    /usr/lib/x86_64-linux-gnu/libXfixes.so.3.1.0
7fdd8287b000-7fdd82a7a000 ---p 00005000 08:07 7869474                    /usr/lib/x86_64-linux-gnu/libXfixes.so.3.1.0
7fdd82a7a000-7fdd82a7b000 r--p 00004000 08:07 7869474                    /usr/lib/x86_64-linux-gnu/libXfixes.so.3.1.0
7fdd82a7b000-7fdd82a7c000 rw-p 00005000 08:07 7869474                    /usr/lib/x86_64-linux-gnu/libXfixes.so.3.1.0
7fdd82a7c000-7fdd82a87000 r-xp 00000000 08:07 7871123                    /usr/lib/x86_64-linux-gnu/libpangocairo-1.0.so.0.3200.5
7fdd82a87000-7fdd82c87000 ---p 0000b000 08:07 7871123                    /usr/lib/x86_64-linux-gnu/libpangocairo-1.0.so.0.3200.5
7fdd82c87000-7fdd82c88000 r--p 0000b000 08:07 7871123                    /usr/lib/x86_64-linux-gnu/libpangocairo-1.0.so.0.3200.5
7fdd82c88000-7fdd82c89000 rw-p 0000c000 08:07 7871123                    /usr/lib/x86_64-linux-gnu/libpangocairo-1.0.so.0.3200.5
7fdd82c89000-7fdd82ca6000 r-xp 00000000 08:07 7866414                    /usr/lib/x86_64-linux-gnu/libxcb.so.1.1.0
7fdd82ca6000-7fdd82ea5000 ---p 0001d000 08:07 7866414                    /usr/lib/x86_64-linux-gnu/libxcb.so.1.1.0
7fdd82ea5000-7fdd82ea6000 r--p 0001c000 08:07 7866414                    /usr/lib/x86_64-linux-gnu/libxcb.so.1.1.0
7fdd82ea6000-7fdd82ea7000 rw-p 0001d000 08:07 7866414                    /usr/lib/x86_64-linux-gnu/libxcb.so.1.1.0
7fdd82ea7000-7fdd82f13000 r-xp 00000000 08:07 7864762                    /usr/lib/x86_64-linux-gnu/libcups.so.2
7fdd82f13000-7fdd83112000 ---p 0006c000 08:07 7864762                    /usr/lib/x86_64-linux-gnu/libcups.so.2
7fdd83112000-7fdd83119000 r--p 0006b000 08:07 7864762                    /usr/lib/x86_64-linux-gnu/libcups.so.2
7fdd83119000-7fdd8311a000 rw-p 00072000 08:07 7864762                    /usr/lib/x86_64-linux-gnu/libcups.so.2
7fdd8311a000-7fdd8311b000 r-xp 00000000 08:07 7869943                    /usr/lib/x86_64-linux-gnu/libgthread-2.0.so.0.3800.1
7fdd8311b000-7fdd8331a000 ---p 00001000 08:07 7869943                    /usr/lib/x86_64-linux-gnu/libgthread-2.0.so.0.3800.1
7fdd8331a000-7fdd8331b000 r--p 00000000 08:07 7869943                    /usr/lib/x86_64-linux-gnu/libgthread-2.0.so.0.3800.1
7fdd8331b000-7fdd8331c000 rw-p 00001000 08:07 7869943                    /usr/lib/x86_64-linux-gnu/libgthread-2.0.so.0.3800.1
7fdd8331c000-7fdd83355000 r-xp 00000000 08:07 7876035                    /usr/lib/x86_64-linux-gnu/libfontconfig.so.1.7.0
7fdd83355000-7fdd83555000 ---p 00039000 08:07 7876035                    /usr/lib/x86_64-linux-gnu/libfontconfig.so.1.7.0
7fdd83555000-7fdd83557000 r--p 00039000 08:07 7876035                    /usr/lib/x86_64-linux-gnu/libfontconfig.so.1.7.0
7fdd83557000-7fdd83558000 rw-p 0003b000 08:07 7876035                    /usr/lib/x86_64-linux-gnu/libfontconfig.so.1.7.0
7fdd83558000-7fdd835a2000 r-xp 00000000 08:07 7871098                    /usr/lib/x86_64-linux-gnu/libpango-1.0.so.0.3200.5
7fdd835a2000-7fdd837a1000 ---p 0004a000 08:07 7871098                    /usr/lib/x86_64-linux-gnu/libpango-1.0.so.0.3200.5
7fdd837a1000-7fdd837a3000 r--p 00049000 08:07 7871098                    /usr/lib/x86_64-linux-gnu/libpango-1.0.so.0.3200.5
7fdd837a3000-7fdd837a4000 rw-p 0004b000 08:07 7871098                    /usr/lib/x86_64-linux-gnu/libpango-1.0.so.0.3200.5
7fdd837a4000-7fdd837c3000 r-xp 00000000 08:07 7870068                    /usr/lib/x86_64-linux-gnu/libgdk_pixbuf-2.0.so.0.2800.1
7fdd837c3000-7fdd839c2000 ---p 0001f000 08:07 7870068                    /usr/lib/x86_64-linux-gnu/libgdk_pixbuf-2.0.so.0.2800.1
7fdd839c2000-7fdd839c3000 r--p 0001e000 08:07 7870068                    /usr/lib/x86_64-linux-gnu/libgdk_pixbuf-2.0.so.0.2800.1
7fdd839c3000-7fdd839c4000 rw-p 0001f000 08:07 7870068                    /usr/lib/x86_64-linux-gnu/libgdk_pixbuf-2.0.so.0.2800.1
7fdd839c4000-7fdd83df3000 r-xp 00000000 08:07 7870297                    /usr/lib/x86_64-linux-gnu/libgtk-x11-2.0.so.0.2400.20
7fdd83df3000-7fdd83ff2000 ---p 0042f000 08:07 7870297                    /usr/lib/x86_64-linux-gnu/libgtk-x11-2.0.so.0.2400.20
7fdd83ff2000-7fdd83ff9000 r--p 0042e000 08:07 7870297                    /usr/lib/x86_64-linux-gnu/libgtk-x11-2.0.so.0.2400.20
7fdd83ff9000-7fdd83ffd000 rw-p 00435000 08:07 7870297                    /usr/lib/x86_64-linux-gnu/libgtk-x11-2.0.so.0.2400.20
7fdd83ffd000-7fdd84000000 rw-p 00000000 00:00 0 
7fdd84000000-7fdd8603d000 rw-p 00000000 00:00 0 
7fdd8603d000-7fdd88000000 ---p 00000000 00:00 0 
7fdd88000000-7fdd88021000 rw-p 00000000 00:00 0 
7fdd88021000-7fdd8c000000 ---p 00000000 00:00 0 
7fdd8c000000-7fdd8c021000 rw-p 00000000 00:00 0 
7fdd8c021000-7fdd90000000 ---p 00000000 00:00 0 
7fdd90000000-7fdd90021000 rw-p 00000000 00:00 0 
7fdd90021000-7fdd94000000 ---p 00000000 00:00 0 
7fdd94081000-7fdd94084000 ---p 00000000 00:00 0 
7fdd94084000-7fdd94182000 rw-p 00000000 00:00 0                          [stack:2955]
7fdd94182000-7fdd9422f000 r-xp 00000000 08:07 7870298                    /usr/lib/x86_64-linux-gnu/libgdk-x11-2.0.so.0.2400.20
7fdd9422f000-7fdd9442e000 ---p 000ad000 08:07 7870298                    /usr/lib/x86_64-linux-gnu/libgdk-x11-2.0.so.0.2400.20
7fdd9442e000-7fdd94432000 r--p 000ac000 08:07 7870298                    /usr/lib/x86_64-linux-gnu/libgdk-x11-2.0.so.0.2400.20
7fdd94432000-7fdd94434000 rw-p 000b0000 08:07 7870298                    /usr/lib/x86_64-linux-gnu/libgdk-x11-2.0.so.0.2400.20
7fdd94434000-7fdd94443000 r-xp 00000000 08:07 7867250                    /usr/lib/x86_64-linux-gnu/libXi.so.6.1.0
7fdd94443000-7fdd94642000 ---p 0000f000 08:07 7867250                    /usr/lib/x86_64-linux-gnu/libXi.so.6.1.0
7fdd94642000-7fdd94643000 r--p 0000e000 08:07 7867250                    /usr/lib/x86_64-linux-gnu/libXi.so.6.1.0
7fdd94643000-7fdd94644000 rw-p 0000f000 08:07 7867250                    /usr/lib/x86_64-linux-gnu/libXi.so.6.1.0
7fdd94644000-7fdd94649000 r-xp 00000000 08:07 7869958                    /usr/lib/x86_64-linux-gnu/libXtst.so.6.1.0
7fdd94649000-7fdd94848000 ---p 00005000 08:07 7869958                    /usr/lib/x86_64-linux-gnu/libXtst.so.6.1.0
7fdd94848000-7fdd94849000 r--p 00004000 08:07 7869958                    /usr/lib/x86_64-linux-gnu/libXtst.so.6.1.0
7fdd94849000-7fdd9484a000 rw-p 00005000 08:07 7869958                    /usr/lib/x86_64-linux-gnu/libXtst.so.6.1.0
7fdd9484a000-7fdd94853000 r-xp 00000000 08:07 7870002                    /usr/lib/x86_64-linux-gnu/libXrender.so.1.3.0
7fdd94853000-7fdd94a52000 ---p 00009000 08:07 7870002                    /usr/lib/x86_64-linux-gnu/libXrender.so.1.3.0
7fdd94a52000-7fdd94a53000 r--p 00008000 08:07 7870002                    /usr/lib/x86_64-linux-gnu/libXrender.so.1.3.0
7fdd94a53000-7fdd94a54000 rw-p 00009000 08:07 7870002                    /usr/lib/x86_64-linux-gnu/libXrender.so.1.3.0
7fdd94a54000-7fdd94b84000 r-xp 00000000 08:07 7875046                    /usr/lib/x86_64-linux-gnu/libX11.so.6.3.0
7fdd94b84000-7fdd94d84000 ---p 00130000 08:07 7875046                    /usr/lib/x86_64-linux-gnu/libX11.so.6.3.0
7fdd94d84000-7fdd94d85000 r--p 00130000 08:07 7875046                    /usr/lib/x86_64-linux-gnu/libX11.so.6.3.0
7fdd94d85000-7fdd94d89000 rw-p 00131000 08:07 7875046                    /usr/lib/x86_64-linux-gnu/libX11.so.6.3.0
7fdd94d89000-7fdd94d9a000 r-xp 00000000 08:07 7869451                    /usr/lib/x86_64-linux-gnu/libXext.so.6.4.0
7fdd94d9a000-7fdd94f99000 ---p 00011000 08:07 7869451                    /usr/lib/x86_64-linux-gnu/libXext.so.6.4.0
7fdd94f99000-7fdd94f9a000 r--p 00010000 08:07 7869451                    /usr/lib/x86_64-linux-gnu/libXext.so.6.4.0
7fdd94f9a000-7fdd94f9b000 rw-p 00011000 08:07 7869451                    /usr/lib/x86_64-linux-gnu/libXext.so.6.4.0
7fdd94f9b000-7fdd94fec000 r-xp 00000000 08:07 8128062                    /usr/lib/jvm/java-7-openjdk-amd64/jre/lib/amd64/xawt/libmawt.so
7fdd94fec000-7fdd951eb000 ---p 00051000 08:07 8128062                    /usr/lib/jvm/java-7-openjdk-amd64/jre/lib/amd64/xawt/libmawt.so
7fdd951eb000-7fdd951ec000 r--p 00050000 08:07 8128062                    /usr/lib/jvm/java-7-openjdk-amd64/jre/lib/amd64/xawt/libmawt.so
7fdd951ec000-7fdd951ef000 rw-p 00051000 08:07 8128062                    /usr/lib/jvm/java-7-openjdk-amd64/jre/lib/amd64/xawt/libmawt.so
7fdd951ef000-7fdd951f0000 rw-p 00000000 00:00 0 
7fdd951f0000-7fdd95291000 r-xp 00000000 08:07 8130209                    /usr/lib/jvm/java-7-openjdk-amd64/jre/lib/amd64/libawt.so
7fdd95291000-7fdd95490000 ---p 000a1000 08:07 8130209                    /usr/lib/jvm/java-7-openjdk-amd64/jre/lib/amd64/libawt.so
7fdd95490000-7fdd95491000 r--p 000a0000 08:07 8130209                    /usr/lib/jvm/java-7-openjdk-amd64/jre/lib/amd64/libawt.so
7fdd95491000-7fdd9549c000 rw-p 000a1000 08:07 8130209                    /usr/lib/jvm/java-7-openjdk-amd64/jre/lib/amd64/libawt.so
7fdd9549c000-7fdd954c1000 rw-p 00000000 00:00 0 
7fdd954c1000-7fdd954fe000 r-xp 00000000 08:07 5246690                    /lib/x86_64-linux-gnu/libpcre.so.3.13.1
7fdd954fe000-7fdd956fe000 ---p 0003d000 08:07 5246690                    /lib/x86_64-linux-gnu/libpcre.so.3.13.1
7fdd956fe000-7fdd956ff000 r--p 0003d000 08:07 5246690                    /lib/x86_64-linux-gnu/libpcre.so.3.13.1
7fdd956ff000-7fdd95700000 rw-p 0003e000 08:07 5246690                    /lib/x86_64-linux-gnu/libpcre.so.3.13.1
7fdd95700000-7fdd95707000 r-xp 00000000 08:07 7866333                    /usr/lib/x86_64-linux-gnu/libffi.so.6.0.1
7fdd95707000-7fdd95906000 ---p 00007000 08:07 7866333                    /usr/lib/x86_64-linux-gnu/libffi.so.6.0.1
7fdd95906000-7fdd95907000 r--p 00006000 08:07 7866333                    /usr/lib/x86_64-linux-gnu/libffi.so.6.0.1
7fdd95907000-7fdd95908000 rw-p 00007000 08:07 7866333                    /usr/lib/x86_64-linux-gnu/libffi.so.6.0.1
7fdd95908000-7fdd9591e000 r-xp 00000000 08:07 5246563                    /lib/x86_64-linux-gnu/libresolv-2.17.so
7fdd9591e000-7fdd95b1e000 ---p 00016000 08:07 5246563                    /lib/x86_64-linux-gnu/libresolv-2.17.so
7fdd95b1e000-7fdd95b1f000 r--p 00016000 08:07 5246563                    /lib/x86_64-linux-gnu/libresolv-2.17.so
7fdd95b1f000-7fdd95b20000 rw-p 00017000 08:07 5246563                    /lib/x86_64-linux-gnu/libresolv-2.17.so
7fdd95b20000-7fdd95b22000 rw-p 00000000 00:00 0 
7fdd95b22000-7fdd95b41000 r-xp 00000000 08:07 5252600                    /lib/x86_64-linux-gnu/libselinux.so.1
7fdd95b41000-7fdd95d41000 ---p 0001f000 08:07 5252600                    /lib/x86_64-linux-gnu/libselinux.so.1
7fdd95d41000-7fdd95d42000 r--p 0001f000 08:07 5252600                    /lib/x86_64-linux-gnu/libselinux.so.1
7fdd95d42000-7fdd95d43000 rw-p 00020000 08:07 5252600                    /lib/x86_64-linux-gnu/libselinux.so.1
7fdd95d43000-7fdd95d44000 rw-p 00000000 00:00 0 
7fdd95d44000-7fdd95d47000 r-xp 00000000 08:07 7869944                    /usr/lib/x86_64-linux-gnu/libgmodule-2.0.so.0.3800.1
7fdd95d47000-7fdd95f46000 ---p 00003000 08:07 7869944                    /usr/lib/x86_64-linux-gnu/libgmodule-2.0.so.0.3800.1
7fdd95f46000-7fdd95f47000 r--p 00002000 08:07 7869944                    /usr/lib/x86_64-linux-gnu/libgmodule-2.0.so.0.3800.1
7fdd95f47000-7fdd95f48000 rw-p 00003000 08:07 7869944                    /usr/lib/x86_64-linux-gnu/libgmodule-2.0.so.0.3800.1
7fdd95f48000-7fdd96046000 r-xp 00000000 08:07 5242917                    /lib/x86_64-linux-gnu/libglib-2.0.so.0.3800.1
7fdd96046000-7fdd96246000 ---p 000fe000 08:07 5242917                    /lib/x86_64-linux-gnu/libglib-2.0.so.0.3800.1
7fdd96246000-7fdd96247000 r--p 000fe000 08:07 5242917                    /lib/x86_64-linux-gnu/libglib-2.0.so.0.3800.1
7fdd96247000-7fdd96248000 rw-p 000ff000 08:07 5242917                    /lib/x86_64-linux-gnu/libglib-2.0.so.0.3800.1
7fdd96248000-7fdd96249000 rw-p 00000000 00:00 0 
7fdd96249000-7fdd96298000 r-xp 00000000 08:07 7869942                    /usr/lib/x86_64-linux-gnu/libgobject-2.0.so.0.3800.1
7fdd96298000-7fdd96498000 ---p 0004f000 08:07 7869942                    /usr/lib/x86_64-linux-gnu/libgobject-2.0.so.0.3800.1
7fdd96498000-7fdd96499000 r--p 0004f000 08:07 7869942                    /usr/lib/x86_64-linux-gnu/libgobject-2.0.so.0.3800.1
7fdd96499000-7fdd9649a000 rw-p 00050000 08:07 7869942                    /usr/lib/x86_64-linux-gnu/libgobject-2.0.so.0.3800.1
7fdd9649a000-7fdd965f6000 r-xp 00000000 08:07 7869941                    /usr/lib/x86_64-linux-gnu/libgio-2.0.so.0.3800.1
7fdd965f6000-7fdd967f5000 ---p 0015c000 08:07 7869941                    /usr/lib/x86_64-linux-gnu/libgio-2.0.so.0.3800.1
7fdd967f5000-7fdd967f9000 r--p 0015b000 08:07 7869941                    /usr/lib/x86_64-linux-gnu/libgio-2.0.so.0.3800.1
7fdd967f9000-7fdd967fb000 rw-p 0015f000 08:07 7869941                    /usr/lib/x86_64-linux-gnu/libgio-2.0.so.0.3800.1
7fdd967fb000-7fdd967fd000 rw-p 00000000 00:00 0 
7fdd967fd000-7fdd96800000 ---p 00000000 00:00 0 
7fdd96800000-7fdd96ffe000 rw-p 00000000 00:00 0                          [stack:2931]
7fdd96ffe000-7fdd96fff000 ---p 00000000 00:00 0 
7fdd96fff000-7fdd977ff000 rw-p 00000000 00:00 0                          [stack:2930]
7fdd977ff000-7fdd97800000 ---p 00000000 00:00 0 
7fdd97800000-7fdd98000000 rw-p 00000000 00:00 0                          [stack:2929]
7fdd98000000-7fdd98021000 rw-p 00000000 00:00 0 
7fdd98021000-7fdd9c000000 ---p 00000000 00:00 0 
7fdd9c000000-7fdd9d6fa000 rw-p 00000000 00:00 0 
7fdd9d6fa000-7fdda0000000 ---p 00000000 00:00 0 
7fdda0000000-7fdda0021000 rw-p 00000000 00:00 0 
7fdda0021000-7fdda4000000 ---p 00000000 00:00 0 
7fdda4000000-7fdda47e8000 rw-p 00000000 00:00 0 
7fdda47e8000-7fdda8000000 ---p 00000000 00:00 0 
7fdda8000000-7fdda8021000 rw-p 00000000 00:00 0 
7fdda8021000-7fddac000000 ---p 00000000 00:00 0 
7fddac000000-7fddac021000 rw-p 00000000 00:00 0 
7fddac021000-7fddb0000000 ---p 00000000 00:00 0 
7fddb0000000-7fddb0021000 rw-p 00000000 00:00 0 
7fddb0021000-7fddb4000000 ---p 00000000 00:00 0 
7fddb4000000-7fddb4021000 rw-p 00000000 00:00 0 
7fddb4021000-7fddb8000000 ---p 00000000 00:00 0 
7fddb8000000-7fddb8021000 rw-p 00000000 00:00 0 
7fddb8021000-7fddbc000000 ---p 00000000 00:00 0 
7fddbc000000-7fddbc021000 rw-p 00000000 00:00 0 
7fddbc021000-7fddc0000000 ---p 00000000 00:00 0 
7fddc0000000-7fddc0021000 rw-p 00000000 00:00 0 
7fddc0021000-7fddc4000000 ---p 00000000 00:00 0 
7fddc4090000-7fddc4096000 rw-s 00000000 00:04 321847320                  /SYSV00000000 (deleted)
7fddc4096000-7fddc4099000 ---p 00000000 00:00 0 
7fddc4099000-7fddc4197000 rw-p 00000000 00:00 0                          [stack:2954]
7fddc4197000-7fddc41ad000 r-xp 00000000 08:07 8130198                    /usr/lib/jvm/java-7-openjdk-amd64/jre/lib/amd64/libnet.so
7fddc41ad000-7fddc43ac000 ---p 00016000 08:07 8130198                    /usr/lib/jvm/java-7-openjdk-amd64/jre/lib/amd64/libnet.so
7fddc43ac000-7fddc43ad000 r--p 00015000 08:07 8130198                    /usr/lib/jvm/java-7-openjdk-amd64/jre/lib/amd64/libnet.so
7fddc43ad000-7fddc43ae000 rw-p 00016000 08:07 8130198                    /usr/lib/jvm/java-7-openjdk-amd64/jre/lib/amd64/libnet.so
7fddc43ae000-7fddc43c0000 r--s 00295000 08:07 786580                     /home/shiwali/InstructoSoarII/april/java/april.jar
7fddc43c0000-7fddc43c9000 r--s 0005a000 08:07 3805643                    /home/shiwali/soar/SoarSuite/out/java/soar-debugger.jar
7fddc43c9000-7fddc440b000 rw-p 00000000 00:00 0 
7fddc440b000-7fddc4c62000 r-xp 00000000 08:07 3801126                    /home/shiwali/soar/SoarSuite/out/libSoar.so
7fddc4c62000-7fddc4e62000 ---p 00857000 08:07 3801126                    /home/shiwali/soar/SoarSuite/out/libSoar.so
7fddc4e62000-7fddc4e73000 r--p 00857000 08:07 3801126                    /home/shiwali/soar/SoarSuite/out/libSoar.so
7fddc4e73000-7fddc4e89000 rw-p 00868000 08:07 3801126                    /home/shiwali/soar/SoarSuite/out/libSoar.so
7fddc4e89000-7fddc4e8e000 rw-p 00000000 00:00 0 
7fddc4e8e000-7fddc4ee7000 r-xp 00000000 08:07 3805190                    /home/shiwali/soar/SoarSuite/out/libJava_sml_ClientInterface.so
7fddc4ee7000-7fddc50e7000 ---p 00059000 08:07 3805190                    /home/shiwali/soar/SoarSuite/out/libJava_sml_ClientInterface.so
7fddc50e7000-7fddc50e8000 r--p 00059000 08:07 3805190                    /home/shiwali/soar/SoarSuite/out/libJava_sml_ClientInterface.so
7fddc50e8000-7fddc50ea000 rw-p 0005a000 08:07 3805190                    /home/shiwali/soar/SoarSuite/out/libJava_sml_ClientInterface.so
7fddc50ea000-7fddc50eb000 ---p 00000000 00:00 0 
7fddc50eb000-7fddc51eb000 rw-p 00000000 00:00 0                          [stack:2928]
7fddc51eb000-7fddc51ee000 ---p 00000000 00:00 0 
7fddc51ee000-7fddc52ec000 rw-p 00000000 00:00 0                          [stack:2927]
7fddc52ec000-7fddc52ef000 ---p 00000000 00:00 0 
7fddc52ef000-7fddc53ed000 rw-p 00000000 00:00 0                          [stack:2926]
7fddc53ed000-7fddc53f0000 ---p 00000000 00:00 0 
7fddc53f0000-7fddc54ee000 rw-p 00000000 00:00 0                          [stack:2925]
7fddc54ee000-7fddc54f1000 ---p 00000000 00:00 0 
7fddc54f1000-7fddc55ef000 rw-p 00000000 00:00 0                          [stack:2924]
7fddc55ef000-7fddc5cd0000 r--p 00000000 08:07 7870646                    /usr/lib/locale/locale-archive
7fddc5cd0000-7fddc9000000 rw-p 00000000 00:00 0 
7fddc9000000-7fddc9270000 rwxp 00000000 00:00 0 
7fddc9270000-7fddcc600000 rw-p 00000000 00:00 0 
7fddcc600000-7fddd0000000 ---p 00000000 00:00 0 
7fddd0004000-7fddd0008000 r--s 00039000 08:07 2886744                    /home/shiwali/InstructoSoarII/probcog2/java/probcog.jar
7fddd0008000-7fddd001b000 r--s 00211000 08:07 3805649                    /home/shiwali/soar/SoarSuite/out/java/swt.jar
7fddd001b000-7fddd001e000 ---p 00000000 00:00 0 
7fddd001e000-7fddd011c000 rw-p 00000000 00:00 0                          [stack:2923]
7fddd011c000-7fddd011f000 ---p 00000000 00:00 0 
7fddd011f000-7fddd021d000 rw-p 00000000 00:00 0                          [stack:2922]
7fddd021d000-7fddd021e000 ---p 00000000 00:00 0 
7fddd021e000-7fddd133e000 rw-p 00000000 00:00 0                          [stack:2921]
7fddd133e000-7fddd14eb000 r--s 01cec000 08:07 8130116                    /usr/lib/jvm/java-7-openjdk-amd64/jre/lib/rt.jar
7fddd14eb000-7fddd21df000 rw-p 00000000 00:00 0 
7fddd21df000-7fddd21e0000 ---p 00000000 00:00 0 
7fddd21e0000-7fddd22e0000 rw-p 00000000 00:00 0                          [stack:2920]
7fddd22e0000-7fddd22e1000 ---p 00000000 00:00 0 
7fddd22e1000-7fddd23e1000 rw-p 00000000 00:00 0                          [stack:2919]
7fddd23e1000-7fddd23e2000 ---p 00000000 00:00 0 
7fddd23e2000-7fddd24e2000 rw-p 00000000 00:00 0                          [stack:2918]
7fddd24e2000-7fddd24e3000 ---p 00000000 00:00 0 
7fddd24e3000-7fddd25ee000 rw-p 00000000 00:00 0                          [stack:2917]
7fddd25ee000-7fddd2636000 rw-p 00000000 00:00 0 
7fddd2636000-7fddd2655000 rw-p 00000000 00:00 0 
7fddd2655000-7fddd2821000 rw-p 00000000 00:00 0 
7fddd2821000-7fddd282c000 rw-p 00000000 00:00 0 
7fddd282c000-7fddd2874000 rw-p 00000000 00:00 0 
7fddd2874000-7fddd2893000 rw-p 00000000 00:00 0 
7fddd2893000-7fddd2a5e000 rw-p 00000000 00:00 0 
7fddd2a5e000-7fddd2b1f000 rw-p 00000000 00:00 0 
7fddd2b1f000-7fddd2b20000 ---p 00000000 00:00 0 
7fddd2b20000-7fddd2b54000 rw-p 00000000 00:00 0 
7fddd2b54000-7fddd2b55000 rw-p 00000000 00:00 0 
7fddd2b55000-7fddd2b5d000 r-xp 00000000 08:07 8130223                    /usr/lib/jvm/java-7-openjdk-amd64/jre/lib/amd64/libzip.so
7fddd2b5d000-7fddd2d5c000 ---p 00008000 08:07 8130223                    /usr/lib/jvm/java-7-openjdk-amd64/jre/lib/amd64/libzip.so
7fddd2d5c000-7fddd2d5d000 r--p 00007000 08:07 8130223                    /usr/lib/jvm/java-7-openjdk-amd64/jre/lib/amd64/libzip.so
7fddd2d5d000-7fddd2d5e000 rw-p 00008000 08:07 8130223                    /usr/lib/jvm/java-7-openjdk-amd64/jre/lib/amd64/libzip.so
7fddd2d5e000-7fddd2d6a000 r-xp 00000000 08:07 5252128                    /lib/x86_64-linux-gnu/libnss_files-2.17.so
7fddd2d6a000-7fddd2f69000 ---p 0000c000 08:07 5252128                    /lib/x86_64-linux-gnu/libnss_files-2.17.so
7fddd2f69000-7fddd2f6a000 r--p 0000b000 08:07 5252128                    /lib/x86_64-linux-gnu/libnss_files-2.17.so
7fddd2f6a000-7fddd2f6b000 rw-p 0000c000 08:07 5252128                    /lib/x86_64-linux-gnu/libnss_files-2.17.so
7fddd2f6b000-7fddd2f76000 r-xp 00000000 08:07 5246736                    /lib/x86_64-linux-gnu/libnss_nis-2.17.so
7fddd2f76000-7fddd3175000 ---p 0000b000 08:07 5246736                    /lib/x86_64-linux-gnu/libnss_nis-2.17.so
7fddd3175000-7fddd3176000 r--p 0000a000 08:07 5246736                    /lib/x86_64-linux-gnu/libnss_nis-2.17.so
7fddd3176000-7fddd3177000 rw-p 0000b000 08:07 5246736                    /lib/x86_64-linux-gnu/libnss_nis-2.17.so
7fddd3177000-7fddd318e000 r-xp 00000000 08:07 5243692                    /lib/x86_64-linux-gnu/libnsl-2.17.so
7fddd318e000-7fddd338d000 ---p 00017000 08:07 5243692                    /lib/x86_64-linux-gnu/libnsl-2.17.so
7fddd338d000-7fddd338e000 r--p 00016000 08:07 5243692                    /lib/x86_64-linux-gnu/libnsl-2.17.so
7fddd338e000-7fddd338f000 rw-p 00017000 08:07 5243692                    /lib/x86_64-linux-gnu/libnsl-2.17.so
7fddd338f000-7fddd3391000 rw-p 00000000 00:00 0 
7fddd3391000-7fddd3399000 r-xp 00000000 08:07 5246561                    /lib/x86_64-linux-gnu/libnss_compat-2.17.so
7fddd3399000-7fddd3598000 ---p 00008000 08:07 5246561                    /lib/x86_64-linux-gnu/libnss_compat-2.17.so
7fddd3598000-7fddd3599000 r--p 00007000 08:07 5246561                    /lib/x86_64-linux-gnu/libnss_compat-2.17.so
7fddd3599000-7fddd359a000 rw-p 00008000 08:07 5246561                    /lib/x86_64-linux-gnu/libnss_compat-2.17.so
7fddd359a000-7fddd35c5000 r-xp 00000000 08:07 8130208                    /usr/lib/jvm/java-7-openjdk-amd64/jre/lib/amd64/libjava.so
7fddd35c5000-7fddd37c4000 ---p 0002b000 08:07 8130208                    /usr/lib/jvm/java-7-openjdk-amd64/jre/lib/amd64/libjava.so
7fddd37c4000-7fddd37c5000 r--p 0002a000 08:07 8130208                    /usr/lib/jvm/java-7-openjdk-amd64/jre/lib/amd64/libjava.so
7fddd37c5000-7fddd37c7000 rw-p 0002b000 08:07 8130208                    /usr/lib/jvm/java-7-openjdk-amd64/jre/lib/amd64/libjava.so
7fddd37c7000-7fddd37d7000 r-xp 00000000 08:07 8130207                    /usr/lib/jvm/java-7-openjdk-amd64/jre/lib/amd64/libverify.so
7fddd37d7000-7fddd39d6000 ---p 00010000 08:07 8130207                    /usr/lib/jvm/java-7-openjdk-amd64/jre/lib/amd64/libverify.so
7fddd39d6000-7fddd39d8000 r--p 0000f000 08:07 8130207                    /usr/lib/jvm/java-7-openjdk-amd64/jre/lib/amd64/libverify.so
7fddd39d8000-7fddd39d9000 rw-p 00011000 08:07 8130207                    /usr/lib/jvm/java-7-openjdk-amd64/jre/lib/amd64/libverify.so
7fddd39d9000-7fddd39e0000 r-xp 00000000 08:07 5252129                    /lib/x86_64-linux-gnu/librt-2.17.so
7fddd39e0000-7fddd3bdf000 ---p 00007000 08:07 5252129                    /lib/x86_64-linux-gnu/librt-2.17.so
7fddd3bdf000-7fddd3be0000 r--p 00006000 08:07 5252129                    /lib/x86_64-linux-gnu/librt-2.17.so
7fddd3be0000-7fddd3be1000 rw-p 00007000 08:07 5252129                    /lib/x86_64-linux-gnu/librt-2.17.so
7fddd3be1000-7fddd3bf6000 r-xp 00000000 08:07 5243965                    /lib/x86_64-linux-gnu/libgcc_s.so.1
7fddd3bf6000-7fddd3df5000 ---p 00015000 08:07 5243965                    /lib/x86_64-linux-gnu/libgcc_s.so.1
7fddd3df5000-7fddd3df6000 r--p 00014000 08:07 5243965                    /lib/x86_64-linux-gnu/libgcc_s.so.1
7fddd3df6000-7fddd3df7000 rw-p 00015000 08:07 5243965                    /lib/x86_64-linux-gnu/libgcc_s.so.1
7fddd3df7000-7fddd3efa000 r-xp 00000000 08:07 5246566                    /lib/x86_64-linux-gnu/libm-2.17.so
7fddd3efa000-7fddd40f9000 ---p 00103000 08:07 5246566                    /lib/x86_64-linux-gnu/libm-2.17.so
7fddd40f9000-7fddd40fa000 r--p 00102000 08:07 5246566                    /lib/x86_64-linux-gnu/libm-2.17.so
7fddd40fa000-7fddd40fb000 rw-p 00103000 08:07 5246566                    /lib/x86_64-linux-gnu/libm-2.17.so
7fddd40fb000-7fddd41e1000 r-xp 00000000 08:07 7864348                    /usr/lib/x86_64-linux-gnu/libstdc++.so.6.0.18
7fddd41e1000-7fddd43e0000 ---p 000e6000 08:07 7864348                    /usr/lib/x86_64-linux-gnu/libstdc++.so.6.0.18
7fddd43e0000-7fddd43e8000 r--p 000e5000 08:07 7864348                    /usr/lib/x86_64-linux-gnu/libstdc++.so.6.0.18
7fddd43e8000-7fddd43ea000 rw-p 000ed000 08:07 7864348                    /usr/lib/x86_64-linux-gnu/libstdc++.so.6.0.18
7fddd43ea000-7fddd43ff000 rw-p 00000000 00:00 0 
7fddd43ff000-7fddd4e0d000 r-xp 00000000 08:07 8130212                    /usr/lib/jvm/java-7-openjdk-amd64/jre/lib/amd64/server/libjvm.so
7fddd4e0d000-7fddd500c000 ---p 00a0e000 08:07 8130212                    /usr/lib/jvm/java-7-openjdk-amd64/jre/lib/amd64/server/libjvm.so
7fddd500c000-7fddd5085000 r--p 00a0d000 08:07 8130212                    /usr/lib/jvm/java-7-openjdk-amd64/jre/lib/amd64/server/libjvm.so
7fddd5085000-7fddd50a8000 rw-p 00a86000 08:07 8130212                    /usr/lib/jvm/java-7-openjdk-amd64/jre/lib/amd64/server/libjvm.so
7fddd50a8000-7fddd50d3000 rw-p 00000000 00:00 0 
7fddd50d3000-7fddd50eb000 r-xp 00000000 08:07 5243951                    /lib/x86_64-linux-gnu/libz.so.1.2.8
7fddd50eb000-7fddd52ea000 ---p 00018000 08:07 5243951                    /lib/x86_64-linux-gnu/libz.so.1.2.8
7fddd52ea000-7fddd52eb000 r--p 00017000 08:07 5243951                    /lib/x86_64-linux-gnu/libz.so.1.2.8
7fddd52eb000-7fddd52ec000 rw-p 00018000 08:07 5243951                    /lib/x86_64-linux-gnu/libz.so.1.2.8
7fddd52ec000-7fddd5303000 r-xp 00000000 08:07 5252661                    /lib/x86_64-linux-gnu/libpthread-2.17.so
7fddd5303000-7fddd5503000 ---p 00017000 08:07 5252661                    /lib/x86_64-linux-gnu/libpthread-2.17.so
7fddd5503000-7fddd5504000 r--p 00017000 08:07 5252661                    /lib/x86_64-linux-gnu/libpthread-2.17.so
7fddd5504000-7fddd5505000 rw-p 00018000 08:07 5252661                    /lib/x86_64-linux-gnu/libpthread-2.17.so
7fddd5505000-7fddd5509000 rw-p 00000000 00:00 0 
7fddd5509000-7fddd550c000 r-xp 00000000 08:07 5252660                    /lib/x86_64-linux-gnu/libdl-2.17.so
7fddd550c000-7fddd570b000 ---p 00003000 08:07 5252660                    /lib/x86_64-linux-gnu/libdl-2.17.so
7fddd570b000-7fddd570c000 r--p 00002000 08:07 5252660                    /lib/x86_64-linux-gnu/libdl-2.17.so
7fddd570c000-7fddd570d000 rw-p 00003000 08:07 5252660                    /lib/x86_64-linux-gnu/libdl-2.17.so
7fddd570d000-7fddd58ca000 r-xp 00000000 08:07 5252659                    /lib/x86_64-linux-gnu/libc-2.17.so
7fddd58ca000-7fddd5aca000 ---p 001bd000 08:07 5252659                    /lib/x86_64-linux-gnu/libc-2.17.so
7fddd5aca000-7fddd5ace000 r--p 001bd000 08:07 5252659                    /lib/x86_64-linux-gnu/libc-2.17.so
7fddd5ace000-7fddd5ad0000 rw-p 001c1000 08:07 5252659                    /lib/x86_64-linux-gnu/libc-2.17.so
7fddd5ad0000-7fddd5ad5000 rw-p 00000000 00:00 0 
7fddd5ad5000-7fddd5ae2000 r-xp 00000000 08:07 8130121                    /usr/lib/jvm/java-7-openjdk-amd64/jre/lib/amd64/jli/libjli.so
7fddd5ae2000-7fddd5ce1000 ---p 0000d000 08:07 8130121                    /usr/lib/jvm/java-7-openjdk-amd64/jre/lib/amd64/jli/libjli.so
7fddd5ce1000-7fddd5ce2000 r--p 0000c000 08:07 8130121                    /usr/lib/jvm/java-7-openjdk-amd64/jre/lib/amd64/jli/libjli.so
7fddd5ce2000-7fddd5ce3000 rw-p 0000d000 08:07 8130121                    /usr/lib/jvm/java-7-openjdk-amd64/jre/lib/amd64/jli/libjli.so
7fddd5ce3000-7fddd5d06000 r-xp 00000000 08:07 5246634                    /lib/x86_64-linux-gnu/ld-2.17.so
7fddd5d07000-7fddd5d08000 rw-p 00000000 00:00 0 
7fddd5d08000-7fddd5d09000 r--s 00001000 08:07 3805335                    /home/shiwali/soar/SoarSuite/out/java/soar-debugger-api.jar
7fddd5d09000-7fddd5d0a000 r--s 00003000 08:07 3805648                    /home/shiwali/soar/SoarSuite/out/java/swtgraphics2d.jar
7fddd5d0a000-7fddd5d0c000 r--s 00005000 08:07 3805321                    /home/shiwali/soar/SoarSuite/out/java/soar-smljava.jar
7fddd5d0c000-7fddd5d15000 r--s 000bc000 08:07 8130271                    /usr/lib/jvm/java-7-openjdk-common/jre/lib/resources.jar
7fddd5d15000-7fddd5d18000 r--s 00018000 08:07 3805299                    /home/shiwali/soar/SoarSuite/out/java/sml.jar
7fddd5d18000-7fddd5d1b000 r--s 0001d000 08:07 9833101                    /usr/local/share/java/lcm.jar
7fddd5d1b000-7fddd5d1e000 r--s 00028000 08:07 1707691                    /home/shiwali/InstructoSoarII/rosie/java/language/lgsoar.jar
7fddd5d1e000-7fddd5d28000 rw-p 00000000 00:00 0 
7fddd5d28000-7fddd5dde000 rw-p 00000000 00:00 0 
7fddd5dde000-7fddd5de1000 ---p 00000000 00:00 0 
7fddd5de1000-7fddd5ee4000 rw-p 00000000 00:00 0                          [stack:2916]
7fddd5ee4000-7fddd5ee7000 r--s 0001c000 08:07 1575757                    /home/shiwali/InstructoSoarII/rosie/java/insoar.jar
7fddd5ee7000-7fddd5ee9000 r--s 00012000 08:07 8130259                    /usr/lib/jvm/java-7-openjdk-common/jre/lib/ext/zipfs.jar
7fddd5ee9000-7fddd5eeb000 r--s 00006000 08:07 8264680                    /usr/share/java/java-atk-wrapper.jar
7fddd5eeb000-7fddd5eee000 r--s 0003c000 08:07 8130265                    /usr/lib/jvm/java-7-openjdk-common/jre/lib/ext/sunpkcs11.jar
7fddd5eee000-7fddd5ef1000 r--s 00032000 08:07 8130261                    /usr/lib/jvm/java-7-openjdk-common/jre/lib/ext/sunjce_provider.jar
7fddd5ef1000-7fddd5ef2000 r--s 00002000 08:07 8130267                    /usr/lib/jvm/java-7-openjdk-common/jre/lib/ext/dnsns.jar
7fddd5ef2000-7fddd5ef5000 r--s 0000f000 08:07 8130257                    /usr/lib/jvm/java-7-openjdk-common/jre/lib/ext/pulse-java.jar
7fddd5ef5000-7fddd5ef9000 r--s 00085000 08:07 8130263                    /usr/lib/jvm/java-7-openjdk-common/jre/lib/ext/localedata.jar
7fddd5ef9000-7fddd5f01000 rw-s 00000000 08:07 1573091                    /tmp/hsperfdata_shiwali/2911
7fddd5f01000-7fddd5f02000 rw-p 00000000 00:00 0 
7fddd5f02000-7fddd5f03000 r--p 00000000 00:00 0 
7fddd5f03000-7fddd5f05000 rw-p 00000000 00:00 0 
7fddd5f05000-7fddd5f06000 r--p 00022000 08:07 5246634                    /lib/x86_64-linux-gnu/ld-2.17.so
7fddd5f06000-7fddd5f08000 rw-p 00023000 08:07 5246634                    /lib/x86_64-linux-gnu/ld-2.17.so
7fffc0e7b000-7fffc0e9c000 rw-p 00000000 00:00 0                          [stack]
7fffc0ffe000-7fffc1000000 r-xp 00000000 00:00 0                          [vdso]
ffffffffff600000-ffffffffff601000 r-xp 00000000 00:00 0                  [vsyscall]

VM Arguments:
jvm_args: -Dfile.encoding=UTF-8 
java_command: edu.umich.insoar.InSoar
Launcher Type: SUN_STANDARD

Environment Variables:
PATH=/home/shiwali/bin:/usr/lib/lightdm/lightdm:/usr/local/sbin:/usr/local/bin:/usr/sbin:/usr/bin:/sbin:/bin:/usr/games:/usr/local/games
LD_LIBRARY_PATH=/home/shiwali/soar/SoarSuite/out
SHELL=/bin/bash
DISPLAY=:0

Signal Handlers:
SIGSEGV: [libjvm.so+0x871410], sa_mask[0]=0x7ffbfeff, sa_flags=0x10000004
SIGBUS: [libjvm.so+0x871410], sa_mask[0]=0x7ffbfeff, sa_flags=0x10000004
SIGFPE: [libjvm.so+0x709540], sa_mask[0]=0x7ffbfeff, sa_flags=0x10000004
SIGPIPE: SIG_IGN, sa_mask[0]=0x00000000, sa_flags=0x00000000
SIGXFSZ: [libjvm.so+0x709540], sa_mask[0]=0x7ffbfeff, sa_flags=0x10000004
SIGILL: [libjvm.so+0x709540], sa_mask[0]=0x7ffbfeff, sa_flags=0x10000004
SIGUSR1: SIG_DFL, sa_mask[0]=0x00000000, sa_flags=0x00000000
SIGUSR2: [libjvm.so+0x709270], sa_mask[0]=0x00000004, sa_flags=0x10000004
SIGHUP: [libjvm.so+0x709550], sa_mask[0]=0x7ffbfeff, sa_flags=0x10000004
SIGINT: [libjvm.so+0x709550], sa_mask[0]=0x7ffbfeff, sa_flags=0x10000004
SIGTERM: [libjvm.so+0x709550], sa_mask[0]=0x7ffbfeff, sa_flags=0x10000004
SIGQUIT: [libjvm.so+0x709550], sa_mask[0]=0x7ffbfeff, sa_flags=0x10000004


---------------  S Y S T E M  ---------------

OS:Ubuntu 13.10 (saucy)
uname:Linux 3.11.0-15-generic #23-Ubuntu SMP Mon Dec 9 18:17:04 UTC 2013 x86_64
libc:glibc 2.17 NPTL 2.17 
rlimit: STACK 8192k, CORE 0k, NPROC 46883, NOFILE 4096, AS infinity
load average:2.96 2.67 2.40

/proc/meminfo:
MemTotal:        6021332 kB
MemFree:          988332 kB
Buffers:           21076 kB
Cached:          1575824 kB
SwapCached:         1304 kB
Active:          3241704 kB
Inactive:        1509356 kB
Active(anon):    3001296 kB
Inactive(anon):  1033676 kB
Active(file):     240408 kB
Inactive(file):   475680 kB
Unevictable:          64 kB
Mlocked:              64 kB
SwapTotal:        975868 kB
SwapFree:         861736 kB
Dirty:               112 kB
Writeback:             0 kB
AnonPages:       3153052 kB
Mapped:           246056 kB
Shmem:            880808 kB
Slab:             146280 kB
SReclaimable:     105776 kB
SUnreclaim:        40504 kB
KernelStack:        5312 kB
PageTables:        54168 kB
NFS_Unstable:          0 kB
Bounce:                0 kB
WritebackTmp:          0 kB
CommitLimit:     3986532 kB
Committed_AS:    8917640 kB
VmallocTotal:   34359738367 kB
VmallocUsed:      354408 kB
VmallocChunk:   34359371388 kB
HardwareCorrupted:     0 kB
AnonHugePages:         0 kB
HugePages_Total:       0
HugePages_Free:        0
HugePages_Rsvd:        0
HugePages_Surp:        0
Hugepagesize:       2048 kB
DirectMap4k:       71296 kB
DirectMap2M:     6129664 kB


CPU:total 4 (2 cores per cpu, 2 threads per core) family 6 model 42 stepping 7, cmov, cx8, fxsr, mmx, sse, sse2, sse3, ssse3, sse4.1, sse4.2, popcnt, avx, ht, tsc, tscinvbit

/proc/cpuinfo:
processor	: 0
vendor_id	: GenuineIntel
cpu family	: 6
model		: 42
model name	: Intel(R) Core(TM) i5-2410M CPU @ 2.30GHz
stepping	: 7
microcode	: 0x15
cpu MHz		: 2300.000
cache size	: 3072 KB
physical id	: 0
siblings	: 4
core id		: 0
cpu cores	: 2
apicid		: 0
initial apicid	: 0
fpu		: yes
fpu_exception	: yes
cpuid level	: 13
wp		: yes
flags		: fpu vme de pse tsc msr pae mce cx8 apic sep mtrr pge mca cmov pat pse36 clflush dts acpi mmx fxsr sse sse2 ss ht tm pbe syscall nx rdtscp lm constant_tsc arch_perfmon pebs bts nopl xtopology nonstop_tsc aperfmperf eagerfpu pni pclmulqdq dtes64 monitor ds_cpl vmx est tm2 ssse3 cx16 xtpr pdcm pcid sse4_1 sse4_2 x2apic popcnt tsc_deadline_timer xsave avx lahf_lm ida arat epb xsaveopt pln pts dtherm tpr_shadow vnmi flexpriority ept vpid
bogomips	: 4589.84
clflush size	: 64
cache_alignment	: 64
address sizes	: 36 bits physical, 48 bits virtual
power management:

processor	: 1
vendor_id	: GenuineIntel
cpu family	: 6
model		: 42
model name	: Intel(R) Core(TM) i5-2410M CPU @ 2.30GHz
stepping	: 7
microcode	: 0x15
cpu MHz		: 2300.000
cache size	: 3072 KB
physical id	: 0
siblings	: 4
core id		: 0
cpu cores	: 2
apicid		: 1
initial apicid	: 1
fpu		: yes
fpu_exception	: yes
cpuid level	: 13
wp		: yes
flags		: fpu vme de pse tsc msr pae mce cx8 apic sep mtrr pge mca cmov pat pse36 clflush dts acpi mmx fxsr sse sse2 ss ht tm pbe syscall nx rdtscp lm constant_tsc arch_perfmon pebs bts nopl xtopology nonstop_tsc aperfmperf eagerfpu pni pclmulqdq dtes64 monitor ds_cpl vmx est tm2 ssse3 cx16 xtpr pdcm pcid sse4_1 sse4_2 x2apic popcnt tsc_deadline_timer xsave avx lahf_lm ida arat epb xsaveopt pln pts dtherm tpr_shadow vnmi flexpriority ept vpid
bogomips	: 4589.84
clflush size	: 64
cache_alignment	: 64
address sizes	: 36 bits physical, 48 bits virtual
power management:

processor	: 2
vendor_id	: GenuineIntel
cpu family	: 6
model		: 42
model name	: Intel(R) Core(TM) i5-2410M CPU @ 2.30GHz
stepping	: 7
microcode	: 0x15
cpu MHz		: 800.000
cache size	: 3072 KB
physical id	: 0
siblings	: 4
core id		: 1
cpu cores	: 2
apicid		: 2
initial apicid	: 2
fpu		: yes
fpu_exception	: yes
cpuid level	: 13
wp		: yes
flags		: fpu vme de pse tsc msr pae mce cx8 apic sep mtrr pge mca cmov pat pse36 clflush dts acpi mmx fxsr sse sse2 ss ht tm pbe syscall nx rdtscp lm constant_tsc arch_perfmon pebs bts nopl xtopology nonstop_tsc aperfmperf eagerfpu pni pclmulqdq dtes64 monitor ds_cpl vmx est tm2 ssse3 cx16 xtpr pdcm pcid sse4_1 sse4_2 x2apic popcnt tsc_deadline_timer xsave avx lahf_lm ida arat epb xsaveopt pln pts dtherm tpr_shadow vnmi flexpriority ept vpid
bogomips	: 4589.84
clflush size	: 64
cache_alignment	: 64
address sizes	: 36 bits physical, 48 bits virtual
power management:

processor	: 3
vendor_id	: GenuineIntel
cpu family	: 6
model		: 42
model name	: Intel(R) Core(TM) i5-2410M CPU @ 2.30GHz
stepping	: 7
microcode	: 0x15
cpu MHz		: 2300.000
cache size	: 3072 KB
physical id	: 0
siblings	: 4
core id		: 1
cpu cores	: 2
apicid		: 3
initial apicid	: 3
fpu		: yes
fpu_exception	: yes
cpuid level	: 13
wp		: yes
flags		: fpu vme de pse tsc msr pae mce cx8 apic sep mtrr pge mca cmov pat pse36 clflush dts acpi mmx fxsr sse sse2 ss ht tm pbe syscall nx rdtscp lm constant_tsc arch_perfmon pebs bts nopl xtopology nonstop_tsc aperfmperf eagerfpu pni pclmulqdq dtes64 monitor ds_cpl vmx est tm2 ssse3 cx16 xtpr pdcm pcid sse4_1 sse4_2 x2apic popcnt tsc_deadline_timer xsave avx lahf_lm ida arat epb xsaveopt pln pts dtherm tpr_shadow vnmi flexpriority ept vpid
bogomips	: 4589.84
clflush size	: 64
cache_alignment	: 64
address sizes	: 36 bits physical, 48 bits virtual
power management:



Memory: 4k page, physical 6021332k(988332k free), swap 975868k(861736k free)

vm_info: OpenJDK 64-Bit Server VM (23.7-b01) for linux-amd64 JRE (1.7.0_25-b30), built on Oct 11 2013 18:04:12 by "buildd" with gcc 4.8.1

time: Mon Jan 20 21:35:44 2014
elapsed time: 130 seconds

