#
# A fatal error has been detected by the Java Runtime Environment:
#
#  SIGSEGV (0xb) at pc=0x00007fbcc31e02b9, pid=6168, tid=140448693778176
#
# JRE version: 7.0_25-b30
# Java VM: OpenJDK 64-Bit Server VM (23.7-b01 mixed mode linux-amd64 compressed oops)
# Problematic frame:
# C  [libSoar.so+0x1d72b9]  add_wme_to_gds(agent_struct*, gds_struct*, wme_struct*)+0x4b
#
# Failed to write core dump. Core dumps have been disabled. To enable core dumping, try "ulimit -c unlimited" before starting Java again
#
# If you would like to submit a bug report, please include
# instructions on how to reproduce the bug and visit:
#   https://bugs.launchpad.net/ubuntu/+source/openjdk-7/
#

---------------  T H R E A D  ---------------

Current thread is native thread

siginfo:si_signo=SIGSEGV: si_errno=0, si_code=1 (SEGV_MAPERR), si_addr=0x0000000000000008

Registers:
RAX=0x0000000000000000, RBX=0x00007fbc8131f870, RCX=0x0000000000000000, RDX=0x0000000000000000
RSP=0x00007fbcc28059c0, RBP=0x00007fbcc2805af0, RSI=0x0000000000000000, RDI=0x00007fbc80000dd0
R8 =0x00007fbc81c89d40, R9 =0x0000000000000200, R10=0x0000000000000021, R11=0x00007fbc8132efc0
R12=0x0000000000000000, R13=0x00007fbcdeec1060, R14=0x00007fbcdee9f4f0, R15=0x0000000000001000
RIP=0x00007fbcc31e02b9, EFLAGS=0x0000000000010246, CSGSFS=0x0000000000000033, ERR=0x0000000000000004
  TRAPNO=0x000000000000000e

Top of Stack: (sp=0x00007fbcc28059c0)
0x00007fbcc28059c0:   00007fbc00000000 00007fbc80f96308
0x00007fbcc28059d0:   0000000000000000 00007fbc80000dd0
0x00007fbcc28059e0:   00007fbc81c96310 00007fbc81c96310
0x00007fbcc28059f0:   00007fbc81c96510 00007fbc81329e88
0x00007fbcc2805a00:   00007fbcc2805ad0 00007fbcc2805c50
0x00007fbcc2805a10:   00007fbc80b69230 00007fbc8131f870
0x00007fbcc2805a20:   00007fbcc2805af0 0000000000000000
0x00007fbcc2805a30:   00007fbcdeec1060 00007fbcdee9f4f0
0x00007fbcc2805a40:   0000000000001000 00007fbcc31e0c18
0x00007fbcc2805a50:   00007fbc81c96310 00007fbc80000dd0
0x00007fbcc2805a60:   00017fbc81c96510 0000000000000000
0x00007fbcc2805a70:   0000000000000000 00007fbc80000020
0x00007fbcc2805a80:   0000000000000018 0000000000000000
0x00007fbcc2805a90:   00007fbcdeec1060 00007fbcdee9f4f0
0x00007fbcc2805aa0:   0000000000001000 00007fbcde74b580
0x00007fbcc2805ab0:   00007fbc81c96510 00007fbc8131f870
0x00007fbcc2805ac0:   00007fbcc2805af0 00007fbcc31e01fe
0x00007fbcc2805ad0:   00007fbc8113e478 00007fbc80000dd0
0x00007fbcc2805ae0:   0000000000000000 a710006920ef5f00
0x00007fbcc2805af0:   00007fbcc2805ba0 00007fbcc31e0758
0x00007fbcc2805b00:   00007fbc81c96310 00007fbc80000dd0
0x00007fbcc2805b10:   00077fbc81c96510 0000000000000000
0x00007fbcc2805b20:   00007fbc8165f0a0 00007fbc81213c10
0x00007fbcc2805b30:   00007fbc8113ba38 00007fbc80f96308
0x00007fbcc2805b40:   0000000000000000 00007fbc8147bfb8
0x00007fbcc2805b50:   0000000000001000 00007fbcde74b580
0x00007fbcc2805b60:   0000000100000000 00007fbc8131f870
0x00007fbcc2805b70:   00007fbcc2805ba0 00007fbc8131f870
0x00007fbcc2805b80:   00007fbcc2805c50 0000000000000000
0x00007fbcc2805b90:   00007fbcdeec1060 00007fbc81213c10
0x00007fbcc2805ba0:   00007fbcc2805c50 00007fbcc31e0c52
0x00007fbcc2805bb0:   00007fbcdeec1060 00007fbc80000dd0 

Instructions: (pc=0x00007fbcc31e02b9)
0x00007fbcc31e0299:   45 f8 31 c0 48 8b 85 d8 fe ff ff 48 8b 95 e0 fe
0x00007fbcc31e02a9:   ff ff 48 89 90 90 00 00 00 48 8b 85 e0 fe ff ff
0x00007fbcc31e02b9:   48 8b 50 08 48 8b 85 d8 fe ff ff 48 89 90 98 00
0x00007fbcc31e02c9:   00 00 48 8b 85 d8 fe ff ff 48 c7 80 a0 00 00 00 

Register to memory mapping:

RAX=0x0000000000000000 is an unknown value
RBX=0x00007fbc8131f870 is an unknown value
RCX=0x0000000000000000 is an unknown value
RDX=0x0000000000000000 is an unknown value
RSP=0x00007fbcc28059c0 is an unknown value
RBP=0x00007fbcc2805af0 is an unknown value
RSI=0x0000000000000000 is an unknown value
RDI=0x00007fbc80000dd0 is an unknown value
R8 =0x00007fbc81c89d40 is an unknown value
R9 =0x0000000000000200 is an unknown value
R10=0x0000000000000021 is an unknown value
R11=0x00007fbc8132efc0 is an unknown value
R12=0x0000000000000000 is an unknown value
R13=0x00007fbcdeec1060: _rtld_global+0 in /lib64/ld-linux-x86-64.so.2 at 0x00007fbcdec9e000
R14=0x00007fbcdee9f4f0 is pointing into the stack for thread: 0x00007fbcd8009800
R15=0x0000000000001000 is an unknown value


Stack: [0x00007fbcc2007000,0x00007fbcc2808000],  sp=0x00007fbcc28059c0,  free space=8186k
Native frames: (J=compiled Java code, j=interpreted, Vv=VM code, C=native code)
C  [libSoar.so+0x1d72b9]  add_wme_to_gds(agent_struct*, gds_struct*, wme_struct*)+0x4b
C  [libSoar.so+0x1d7758]  elaborate_gds(agent_struct*)+0x328
C  [libSoar.so+0x1d7c52]  elaborate_gds(agent_struct*)+0x822
C  [libSoar.so+0x1d516a]  decide_non_context_slot(agent_struct*, slot_struct*)+0x4f6
C  [libSoar.so+0x1d52e3]  decide_non_context_slots(agent_struct*)+0x55
C  [libSoar.so+0x1d6f18]  do_working_memory_phase(agent_struct*)+0x105
C  [libSoar.so+0x1eb7ca]  epmem_respond_to_cmd(agent_struct*)+0xc30
C  [libSoar.so+0x1eb94c]  epmem_go(agent_struct*, bool)+0x5c
C  [libSoar.so+0x1f0297]  do_one_top_level_phase(agent_struct*)+0xb3b
C  [libSoar.so+0x1f1318]  run_for_n_decision_cycles(agent_struct*, long)+0xb8
C  [libSoar.so+0x380f5d]  sml::AgentSML::Step(sml::smlRunStepSize)+0x109
C  [libSoar.so+0x380d95]  sml::AgentSML::StepInClientThread(sml::smlRunStepSize)+0x43
C  [libSoar.so+0x391d66]  sml::RunScheduler::RunScheduledAgents(bool, sml::smlRunStepSize, unsigned long, sml::smlRunFlags, sml::smlRunStepSize, bool)+0x348
C  [libSoar.so+0x41d2d0]  cli::CommandLineInterface::DoRun(std::bitset<10ul> const&, int, cli::Cli::eRunInterleaveMode)+0x332
C  [libSoar.so+0x43e338]  cli::RunCommand::Parse(std::vector<std::string, std::allocator<std::string> >&)+0x67a
C  [libSoar.so+0x42e86f]  cli::Parser::handle_command(std::vector<std::string, std::allocator<std::string> >&)+0x91
C  [libSoar.so+0x42d596]  soar::tokenizer::parse_command()+0x1d0
C  [libSoar.so+0x42d33c]  soar::tokenizer::evaluate(char const*)+0x60
C  [libSoar.so+0x42080b]  cli::CommandLineInterface::Source(char const*, bool)+0x61
C  [libSoar.so+0x42ab13]  cli::CommandLineInterface::DoCommand(sml::Connection*, sml::AgentSML*, char const*, bool, bool, soarxml::ElementXML*)+0x11d
C  [libSoar.so+0x38c0e9]  sml::KernelSML::HandleCommandLine(sml::AgentSML*, char const*, sml::Connection*, sml::AnalyzeXML*, soarxml::ElementXML*)+0x481
C  [libSoar.so+0x3883c3]  sml::KernelSML::ProcessCommand(char const*, sml::Connection*, sml::AnalyzeXML*, soarxml::ElementXML*)+0x325
C  [libSoar.so+0x38868f]  sml::KernelSML::ProcessIncomingSML(sml::Connection*, soarxml::ElementXML*)+0x119
C  [libSoar.so+0x37f1c0]  ReceivedCall(sml::Connection*, soarxml::ElementXML*, void*)+0x3b
C  [libSoar.so+0x3f70d8]  sml::Callback::Invoke(soarxml::ElementXML*)+0x30
C  [libSoar.so+0x3f0dcb]  sml::Connection::InvokeCallbacks(soarxml::ElementXML*)+0x105
C  [libSoar.so+0x3f446d]  sml::RemoteConnection::ReceiveMessages(bool, int, int)+0x229
C  [libSoar.so+0x3f4241]  sml::RemoteConnection::ReceiveMessages(bool)+0x2b
C  [libSoar.so+0x385655]  sml::ConnectionManager::ReceiveAllMessages()+0x6f
C  [libSoar.so+0x38e062]  sml::ReceiverThread::Run()+0x2e
C  [libSoar.so+0x3f6d7d]  ThreadStartFunction(void*)+0x2b
C  [libSoar.so+0x3f6c35]  LinuxThreadFunc(void*)+0x28


---------------  P R O C E S S  ---------------

VM state:not at safepoint (normal execution)

VM Mutex/Monitor currently owned by a thread: None

Heap
 PSYoungGen      total 262400K, used 18191K [0x00000007d6c00000, 0x00000007f08a0000, 0x0000000800000000)
  eden space 253120K, 5% used [0x00000007d6c00000,0x00000007d78e73d8,0x00000007e6330000)
  from space 9280K, 53% used [0x00000007e6330000,0x00000007e680c9a8,0x00000007e6c40000)
  to   space 8768K, 0% used [0x00000007f0010000,0x00000007f0010000,0x00000007f08a0000)
 ParOldGen       total 84480K, used 9799K [0x0000000784400000, 0x0000000789680000, 0x00000007d6c00000)
  object space 84480K, 11% used [0x0000000784400000,0x0000000784d91e80,0x0000000789680000)
 PSPermGen       total 21248K, used 19089K [0x0000000779e00000, 0x000000077b2c0000, 0x0000000784400000)
  object space 21248K, 89% used [0x0000000779e00000,0x000000077b0a4448,0x000000077b2c0000)

Card table byte_map: [0x00007fbcd45ac000,0x00007fbcd49de000] byte_map_base: 0x00007fbcd09dd000

Polling page: 0x00007fbcdeebd000

Code Cache  [0x00007fbcd49de000, 0x00007fbcd4c4e000, 0x00007fbcd79de000)
 total_blobs=989 nmethods=438 adapters=503 free_code_cache=47375Kb largest_free_block=48467200

Compilation events (10 events):
Event: 123.676 Thread 0x00007fbcd8119800  451             lcm.lcm.UDPMulticastProvider$ReaderThread::handlePacket (85 bytes)
Event: 123.676 Thread 0x00007fbcd8116800  452             lcm.lcm.UDPMulticastProvider$ReaderThread::handleShortMessage (36 bytes)
Event: 123.681 Thread 0x00007fbcd8116800 nmethod 452 0x00007fbcd4b63b10 code [0x00007fbcd4b63cc0, 0x00007fbcd4b64148]
Event: 123.684 Thread 0x00007fbcd8119800 nmethod 451 0x00007fbcd4b96a10 code [0x00007fbcd4b96be0, 0x00007fbcd4b973b0]
Event: 127.056 Thread 0x00007fbcd8116800  453  s!         java.net.DatagramSocket::receive (306 bytes)
Event: 127.065 Thread 0x00007fbcd8116800 nmethod 453 0x00007fbcd4b97b50 code [0x00007fbcd4b97d60, 0x00007fbcd4b99090]
Event: 173.672 Thread 0x00007fbcd8119800  454             java.util.Locale::getDefault (13 bytes)
Event: 173.672 Thread 0x00007fbcd8119800 nmethod 454 0x00007fbcd4b638d0 code [0x00007fbcd4b63a00, 0x00007fbcd4b63a78]
Event: 174.628 Thread 0x00007fbcd8116800   11 % !         lcm.lcm.UDPMulticastProvider$ReaderThread::run @ 14 (62 bytes)
Event: 174.634 Thread 0x00007fbcd8116800 nmethod 11% 0x00007fbcd4b8e3d0 code [0x00007fbcd4b8e560, 0x00007fbcd4b8e7d0]

GC Heap History (10 events):
Event: 1.568 GC heap before
{Heap before GC invocations=5 (full 0):
 PSYoungGen      total 68608K, used 68368K [0x00000007d6c00000, 0x00000007db420000, 0x0000000800000000)
  eden space 63360K, 100% used [0x00000007d6c00000,0x00000007da9e0000,0x00000007da9e0000)
  from space 5248K, 95% used [0x00000007daf00000,0x00000007db3e4010,0x00000007db420000)
  to   space 5248K, 0% used [0x00000007da9e0000,0x00000007da9e0000,0x00000007daf00000)
 ParOldGen       total 84480K, used 3915K [0x0000000784400000, 0x0000000789680000, 0x00000007d6c00000)
  object space 84480K, 4% used [0x0000000784400000,0x00000007847d2e10,0x0000000789680000)
 PSPermGen       total 21248K, used 3569K [0x0000000779e00000, 0x000000077b2c0000, 0x0000000784400000)
  object space 21248K, 16% used [0x0000000779e00000,0x000000077a17c520,0x000000077b2c0000)
Event: 1.582 GC heap after
Heap after GC invocations=5 (full 0):
 PSYoungGen      total 68608K, used 5248K [0x00000007d6c00000, 0x00000007df840000, 0x0000000800000000)
  eden space 63360K, 0% used [0x00000007d6c00000,0x00000007d6c00000,0x00000007da9e0000)
  from space 5248K, 100% used [0x00000007da9e0000,0x00000007daf00000,0x00000007daf00000)
  to   space 8448K, 0% used [0x00000007df000000,0x00000007df000000,0x00000007df840000)
 ParOldGen       total 84480K, used 4787K [0x0000000784400000, 0x0000000789680000, 0x00000007d6c00000)
  object space 84480K, 5% used [0x0000000784400000,0x00000007848ace10,0x0000000789680000)
 PSPermGen       total 21248K, used 3569K [0x0000000779e00000, 0x000000077b2c0000, 0x0000000784400000)
  object space 21248K, 16% used [0x0000000779e00000,0x000000077a17c520,0x000000077b2c0000)
}
Event: 1.795 GC heap before
{Heap before GC invocations=6 (full 0):
 PSYoungGen      total 68608K, used 68608K [0x00000007d6c00000, 0x00000007df840000, 0x0000000800000000)
  eden space 63360K, 100% used [0x00000007d6c00000,0x00000007da9e0000,0x00000007da9e0000)
  from space 5248K, 100% used [0x00000007da9e0000,0x00000007daf00000,0x00000007daf00000)
  to   space 8448K, 0% used [0x00000007df000000,0x00000007df000000,0x00000007df840000)
 ParOldGen       total 84480K, used 4787K [0x0000000784400000, 0x0000000789680000, 0x00000007d6c00000)
  object space 84480K, 5% used [0x0000000784400000,0x00000007848ace10,0x0000000789680000)
 PSPermGen       total 21248K, used 3569K [0x0000000779e00000, 0x000000077b2c0000, 0x0000000784400000)
  object space 21248K, 16% used [0x0000000779e00000,0x000000077a17c520,0x000000077b2c0000)
Event: 1.806 GC heap after
Heap after GC invocations=6 (full 0):
 PSYoungGen      total 134656K, used 5616K [0x00000007d6c00000, 0x00000007df7c0000, 0x0000000800000000)
  eden space 126720K, 0% used [0x00000007d6c00000,0x00000007d6c00000,0x00000007de7c0000)
  from space 7936K, 70% used [0x00000007df000000,0x00000007df57c010,0x00000007df7c0000)
  to   space 8192K, 0% used [0x00000007de7c0000,0x00000007de7c0000,0x00000007defc0000)
 ParOldGen       total 84480K, used 4787K [0x0000000784400000, 0x0000000789680000, 0x00000007d6c00000)
  object space 84480K, 5% used [0x0000000784400000,0x00000007848ace10,0x0000000789680000)
 PSPermGen       total 21248K, used 3569K [0x0000000779e00000, 0x000000077b2c0000, 0x0000000784400000)
  object space 21248K, 16% used [0x0000000779e00000,0x000000077a17c520,0x000000077b2c0000)
}
Event: 2.248 GC heap before
{Heap before GC invocations=7 (full 0):
 PSYoungGen      total 134656K, used 132336K [0x00000007d6c00000, 0x00000007df7c0000, 0x0000000800000000)
  eden space 126720K, 100% used [0x00000007d6c00000,0x00000007de7c0000,0x00000007de7c0000)
  from space 7936K, 70% used [0x00000007df000000,0x00000007df57c010,0x00000007df7c0000)
  to   space 8192K, 0% used [0x00000007de7c0000,0x00000007de7c0000,0x00000007defc0000)
 ParOldGen       total 84480K, used 4787K [0x0000000784400000, 0x0000000789680000, 0x00000007d6c00000)
  object space 84480K, 5% used [0x0000000784400000,0x00000007848ace10,0x0000000789680000)
 PSPermGen       total 21248K, used 3569K [0x0000000779e00000, 0x000000077b2c0000, 0x0000000784400000)
  object space 21248K, 16% used [0x0000000779e00000,0x000000077a17c520,0x000000077b2c0000)
Event: 2.261 GC heap after
Heap after GC invocations=7 (full 0):
 PSYoungGen      total 134912K, used 1312K [0x00000007d6c00000, 0x00000007e7500000, 0x0000000800000000)
  eden space 126720K, 0% used [0x00000007d6c00000,0x00000007d6c00000,0x00000007de7c0000)
  from space 8192K, 16% used [0x00000007de7c0000,0x00000007de908000,0x00000007defc0000)
  to   space 8960K, 0% used [0x00000007e6c40000,0x00000007e6c40000,0x00000007e7500000)
 ParOldGen       total 84480K, used 9631K [0x0000000784400000, 0x0000000789680000, 0x00000007d6c00000)
  object space 84480K, 11% used [0x0000000784400000,0x0000000784d67e80,0x0000000789680000)
 PSPermGen       total 21248K, used 3569K [0x0000000779e00000, 0x000000077b2c0000, 0x0000000784400000)
  object space 21248K, 16% used [0x0000000779e00000,0x000000077a17c520,0x000000077b2c0000)
}
Event: 2.650 GC heap before
{Heap before GC invocations=8 (full 0):
 PSYoungGen      total 134912K, used 128032K [0x00000007d6c00000, 0x00000007e7500000, 0x0000000800000000)
  eden space 126720K, 100% used [0x00000007d6c00000,0x00000007de7c0000,0x00000007de7c0000)
  from space 8192K, 16% used [0x00000007de7c0000,0x00000007de908000,0x00000007defc0000)
  to   space 8960K, 0% used [0x00000007e6c40000,0x00000007e6c40000,0x00000007e7500000)
 ParOldGen       total 84480K, used 9631K [0x0000000784400000, 0x0000000789680000, 0x00000007d6c00000)
  object space 84480K, 11% used [0x0000000784400000,0x0000000784d67e80,0x0000000789680000)
 PSPermGen       total 21248K, used 3569K [0x0000000779e00000, 0x000000077b2c0000, 0x0000000784400000)
  object space 21248K, 16% used [0x0000000779e00000,0x000000077a17c520,0x000000077b2c0000)
Event: 2.663 GC heap after
Heap after GC invocations=8 (full 0):
 PSYoungGen      total 262080K, used 1760K [0x00000007d6c00000, 0x00000007e75a0000, 0x0000000800000000)
  eden space 253120K, 0% used [0x00000007d6c00000,0x00000007d6c00000,0x00000007e6330000)
  from space 8960K, 19% used [0x00000007e6c40000,0x00000007e6df8000,0x00000007e7500000)
  to   space 9280K, 0% used [0x00000007e6330000,0x00000007e6330000,0x00000007e6c40000)
 ParOldGen       total 84480K, used 9663K [0x0000000784400000, 0x0000000789680000, 0x00000007d6c00000)
  object space 84480K, 11% used [0x0000000784400000,0x0000000784d6fe80,0x0000000789680000)
 PSPermGen       total 21248K, used 3569K [0x0000000779e00000, 0x000000077b2c0000, 0x0000000784400000)
  object space 21248K, 16% used [0x0000000779e00000,0x000000077a17c520,0x000000077b2c0000)
}
Event: 191.788 GC heap before
{Heap before GC invocations=9 (full 0):
 PSYoungGen      total 262080K, used 254880K [0x00000007d6c00000, 0x00000007e75a0000, 0x0000000800000000)
  eden space 253120K, 100% used [0x00000007d6c00000,0x00000007e6330000,0x00000007e6330000)
  from space 8960K, 19% used [0x00000007e6c40000,0x00000007e6df8000,0x00000007e7500000)
  to   space 9280K, 0% used [0x00000007e6330000,0x00000007e6330000,0x00000007e6c40000)
 ParOldGen       total 84480K, used 9663K [0x0000000784400000, 0x0000000789680000, 0x00000007d6c00000)
  object space 84480K, 11% used [0x0000000784400000,0x0000000784d6fe80,0x0000000789680000)
 PSPermGen       total 21248K, used 19088K [0x0000000779e00000, 0x000000077b2c0000, 0x0000000784400000)
  object space 21248K, 89% used [0x0000000779e00000,0x000000077b0a4270,0x000000077b2c0000)
Event: 191.795 GC heap after
Heap after GC invocations=9 (full 0):
 PSYoungGen      total 262400K, used 4978K [0x00000007d6c00000, 0x00000007f08a0000, 0x0000000800000000)
  eden space 253120K, 0% used [0x00000007d6c00000,0x00000007d6c00000,0x00000007e6330000)
  from space 9280K, 53% used [0x00000007e6330000,0x00000007e680c9a8,0x00000007e6c40000)
  to   space 8768K, 0% used [0x00000007f0010000,0x00000007f0010000,0x00000007f08a0000)
 ParOldGen       total 84480K, used 9799K [0x0000000784400000, 0x0000000789680000, 0x00000007d6c00000)
  object space 84480K, 11% used [0x0000000784400000,0x0000000784d91e80,0x0000000789680000)
 PSPermGen       total 21248K, used 19088K [0x0000000779e00000, 0x000000077b2c0000, 0x0000000784400000)
  object space 21248K, 89% used [0x0000000779e00000,0x000000077b0a4270,0x000000077b2c0000)
}

Deoptimization events (10 events):
Event: 46.687 Thread 0x00007fbc5c0e0800 Uncommon trap -58 fr.pc 0x00007fbcd4b01efc
Event: 46.687 Thread 0x00007fbc5c0e0800 Uncommon trap -58 fr.pc 0x00007fbcd4b08488
Event: 46.687 Thread 0x00007fbc5c0e0800 Uncommon trap -58 fr.pc 0x00007fbcd4b01efc
Event: 46.692 Thread 0x00007fbc5c0e0800 Uncommon trap -58 fr.pc 0x00007fbcd4b01efc
Event: 46.692 Thread 0x00007fbc5c0e0800 Uncommon trap -58 fr.pc 0x00007fbcd4b08488
Event: 46.692 Thread 0x00007fbc5c0e0800 Uncommon trap -58 fr.pc 0x00007fbcd4b01efc
Event: 46.692 Thread 0x00007fbc5c0e0800 Uncommon trap -58 fr.pc 0x00007fbcd4b08488
Event: 46.693 Thread 0x00007fbc5c0e0800 Uncommon trap -58 fr.pc 0x00007fbcd4b08488
Event: 73.920 Thread 0x00007fbc60140000 Uncommon trap -83 fr.pc 0x00007fbcd4b50014
Event: 73.920 Thread 0x00007fbc60140000 Uncommon trap -83 fr.pc 0x00007fbcd4b40d38

Internal exceptions (10 events):
Event: 46.690 Thread 0x00007fbc5c0e0800 Threw 0x00000007e156b768 at /build/buildd/openjdk-7-7u25-2.3.10/build/openjdk/hotspot/src/share/vm/prims/jvm.cpp:1235
Event: 46.690 Thread 0x00007fbc5c0e0800 Threw 0x00000007e156ea80 at /build/buildd/openjdk-7-7u25-2.3.10/build/openjdk/hotspot/src/share/vm/prims/jvm.cpp:1235
Event: 46.690 Thread 0x00007fbc5c0e0800 Threw 0x00000007e15720d8 at /build/buildd/openjdk-7-7u25-2.3.10/build/openjdk/hotspot/src/share/vm/prims/jvm.cpp:1235
Event: 46.690 Thread 0x00007fbc5c0e0800 Threw 0x00000007e1574fa0 at /build/buildd/openjdk-7-7u25-2.3.10/build/openjdk/hotspot/src/share/vm/prims/jvm.cpp:1235
Event: 46.691 Thread 0x00007fbc5c0e0800 Threw 0x00000007e1578068 at /build/buildd/openjdk-7-7u25-2.3.10/build/openjdk/hotspot/src/share/vm/prims/jvm.cpp:1235
Event: 46.691 Thread 0x00007fbc5c0e0800 Threw 0x00000007e157b1a8 at /build/buildd/openjdk-7-7u25-2.3.10/build/openjdk/hotspot/src/share/vm/prims/jvm.cpp:1235
Event: 46.691 Thread 0x00007fbc5c0e0800 Threw 0x00000007e157e180 at /build/buildd/openjdk-7-7u25-2.3.10/build/openjdk/hotspot/src/share/vm/prims/jvm.cpp:1235
Event: 51.291 Thread 0x00007fbc5c0e0800 Threw 0x00000007e1f11bc8 at /build/buildd/openjdk-7-7u25-2.3.10/build/openjdk/hotspot/src/share/vm/prims/jvm.cpp:1235
Event: 73.920 Thread 0x00007fbc60140000 Implicit null exception at 0x00007fbcd4b4ff75 to 0x00007fbcd4b4fff9
Event: 73.920 Thread 0x00007fbc60140000 Implicit null exception at 0x00007fbcd4b3c2a4 to 0x00007fbcd4b40cb9

Events (10 events):
Event: 191.801 Executing VM operation: BulkRevokeBias
Event: 191.801 Executing VM operation: BulkRevokeBias done
Event: 191.801 Executing VM operation: RevokeBias
Event: 191.801 Executing VM operation: RevokeBias done
Event: 191.801 Executing VM operation: RevokeBias
Event: 191.801 Executing VM operation: RevokeBias done
Event: 191.801 Executing VM operation: BulkRevokeBias
Event: 191.801 Executing VM operation: BulkRevokeBias done
Event: 191.801 Executing VM operation: RevokeBias
Event: 191.801 Executing VM operation: RevokeBias done


Dynamic libraries:
00400000-00401000 r-xp 00000000 08:01 4466528                            /usr/lib/jvm/java-7-openjdk-amd64/jre/bin/java
00600000-00601000 r--p 00000000 08:01 4466528                            /usr/lib/jvm/java-7-openjdk-amd64/jre/bin/java
00601000-00602000 rw-p 00001000 08:01 4466528                            /usr/lib/jvm/java-7-openjdk-amd64/jre/bin/java
01639000-0165a000 rw-p 00000000 00:00 0                                  [heap]
779e00000-77b2c0000 rw-p 00000000 00:00 0 
77b2c0000-784400000 rw-p 00000000 00:00 0 
784400000-789680000 rw-p 00000000 00:00 0 
789680000-7d6c00000 rw-p 00000000 00:00 0 
7d6c00000-7f08a0000 rw-p 00000000 00:00 0 
7f08a0000-800000000 rw-p 00000000 00:00 0 
7fbc4c000000-7fbc4c021000 rw-p 00000000 00:00 0 
7fbc4c021000-7fbc50000000 ---p 00000000 00:00 0 
7fbc50000000-7fbc50021000 rw-p 00000000 00:00 0 
7fbc50021000-7fbc54000000 ---p 00000000 00:00 0 
7fbc54000000-7fbc54021000 rw-p 00000000 00:00 0 
7fbc54021000-7fbc58000000 ---p 00000000 00:00 0 
7fbc58000000-7fbc58021000 rw-p 00000000 00:00 0 
7fbc58021000-7fbc5c000000 ---p 00000000 00:00 0 
7fbc5c000000-7fbc5c1ae000 rw-p 00000000 00:00 0 
7fbc5c1ae000-7fbc60000000 ---p 00000000 00:00 0 
7fbc60000000-7fbc601ba000 rw-p 00000000 00:00 0 
7fbc601ba000-7fbc64000000 ---p 00000000 00:00 0 
7fbc64000000-7fbc64021000 rw-p 00000000 00:00 0 
7fbc64021000-7fbc68000000 ---p 00000000 00:00 0 
7fbc68000000-7fbc68021000 rw-p 00000000 00:00 0 
7fbc68021000-7fbc6c000000 ---p 00000000 00:00 0 
7fbc6c000000-7fbc6c021000 rw-p 00000000 00:00 0 
7fbc6c021000-7fbc70000000 ---p 00000000 00:00 0 
7fbc72084000-7fbc72579000 rw-p 00000000 00:00 0 
7fbc72579000-7fbc7257c000 ---p 00000000 00:00 0 
7fbc7257c000-7fbc7267a000 rw-p 00000000 00:00 0 
7fbc7267a000-7fbc7267d000 ---p 00000000 00:00 0 
7fbc7267d000-7fbc7277b000 rw-p 00000000 00:00 0 
7fbc7277b000-7fbc7277e000 ---p 00000000 00:00 0 
7fbc7277e000-7fbc7287c000 rw-p 00000000 00:00 0 
7fbc7287c000-7fbc7287f000 ---p 00000000 00:00 0 
7fbc7287f000-7fbc7297d000 rw-p 00000000 00:00 0                          [stack:6223]
7fbc7297d000-7fbc72980000 ---p 00000000 00:00 0 
7fbc72980000-7fbc72a7e000 rw-p 00000000 00:00 0 
7fbc72a7e000-7fbc72a8e000 r-xp 00000000 08:01 4466495                    /usr/lib/jvm/java-7-openjdk-amd64/jre/lib/amd64/libnio.so
7fbc72a8e000-7fbc72c8e000 ---p 00010000 08:01 4466495                    /usr/lib/jvm/java-7-openjdk-amd64/jre/lib/amd64/libnio.so
7fbc72c8e000-7fbc72c8f000 r--p 00010000 08:01 4466495                    /usr/lib/jvm/java-7-openjdk-amd64/jre/lib/amd64/libnio.so
7fbc72c8f000-7fbc72c90000 rw-p 00011000 08:01 4466495                    /usr/lib/jvm/java-7-openjdk-amd64/jre/lib/amd64/libnio.so
7fbc72c90000-7fbc73dff000 r-xp 00000000 08:01 4463905                    /usr/lib/x86_64-linux-gnu/libicudata.so.48.1.1
7fbc73dff000-7fbc73ffe000 ---p 0116f000 08:01 4463905                    /usr/lib/x86_64-linux-gnu/libicudata.so.48.1.1
7fbc73ffe000-7fbc73fff000 r--p 0116e000 08:01 4463905                    /usr/lib/x86_64-linux-gnu/libicudata.so.48.1.1
7fbc73fff000-7fbc74000000 rw-p 0116f000 08:01 4463905                    /usr/lib/x86_64-linux-gnu/libicudata.so.48.1.1
7fbc74000000-7fbc74021000 rw-p 00000000 00:00 0 
7fbc74021000-7fbc78000000 ---p 00000000 00:00 0 
7fbc7808b000-7fbc781d4000 rw-s 00000000 00:04 716341270                  /SYSV00000000 (deleted)
7fbc781d4000-7fbc78220000 r-xp 00000000 08:01 4466507                    /usr/lib/jvm/java-7-openjdk-amd64/jre/lib/amd64/libfontmanager.so
7fbc78220000-7fbc7841f000 ---p 0004c000 08:01 4466507                    /usr/lib/jvm/java-7-openjdk-amd64/jre/lib/amd64/libfontmanager.so
7fbc7841f000-7fbc78422000 r--p 0004b000 08:01 4466507                    /usr/lib/jvm/java-7-openjdk-amd64/jre/lib/amd64/libfontmanager.so
7fbc78422000-7fbc78423000 rw-p 0004e000 08:01 4466507                    /usr/lib/jvm/java-7-openjdk-amd64/jre/lib/amd64/libfontmanager.so
7fbc78423000-7fbc78426000 ---p 00000000 00:00 0 
7fbc78426000-7fbc78524000 rw-p 00000000 00:00 0                          [stack:6221]
7fbc78524000-7fbc78527000 ---p 00000000 00:00 0 
7fbc78527000-7fbc78625000 rw-p 00000000 00:00 0                          [stack:6220]
7fbc78625000-7fbc78628000 ---p 00000000 00:00 0 
7fbc78628000-7fbc78726000 rw-p 00000000 00:00 0                          [stack:6219]
7fbc78726000-7fbc78729000 r-xp 00000000 08:01 6033033                    /lib/x86_64-linux-gnu/libgpg-error.so.0.8.0
7fbc78729000-7fbc78928000 ---p 00003000 08:01 6033033                    /lib/x86_64-linux-gnu/libgpg-error.so.0.8.0
7fbc78928000-7fbc78929000 r--p 00002000 08:01 6033033                    /lib/x86_64-linux-gnu/libgpg-error.so.0.8.0
7fbc78929000-7fbc7892a000 rw-p 00003000 08:01 6033033                    /lib/x86_64-linux-gnu/libgpg-error.so.0.8.0
7fbc7892a000-7fbc7892c000 r-xp 00000000 08:01 6033044                    /lib/x86_64-linux-gnu/libkeyutils.so.1.4
7fbc7892c000-7fbc78b2c000 ---p 00002000 08:01 6033044                    /lib/x86_64-linux-gnu/libkeyutils.so.1.4
7fbc78b2c000-7fbc78b2d000 r--p 00002000 08:01 6033044                    /lib/x86_64-linux-gnu/libkeyutils.so.1.4
7fbc78b2d000-7fbc78b2e000 rw-p 00003000 08:01 6033044                    /lib/x86_64-linux-gnu/libkeyutils.so.1.4
7fbc78b2e000-7fbc78c84000 r-xp 00000000 08:01 4463919                    /usr/lib/x86_64-linux-gnu/libicuuc.so.48.1.1
7fbc78c84000-7fbc78e83000 ---p 00156000 08:01 4463919                    /usr/lib/x86_64-linux-gnu/libicuuc.so.48.1.1
7fbc78e83000-7fbc78e94000 r--p 00155000 08:01 4463919                    /usr/lib/x86_64-linux-gnu/libicuuc.so.48.1.1
7fbc78e94000-7fbc78e95000 rw-p 00166000 08:01 4463919                    /usr/lib/x86_64-linux-gnu/libicuuc.so.48.1.1
7fbc78e95000-7fbc78e99000 rw-p 00000000 00:00 0 
7fbc78e99000-7fbc78ecb000 r-xp 00000000 08:01 4463911                    /usr/lib/x86_64-linux-gnu/libicule.so.48.1.1
7fbc78ecb000-7fbc790cb000 ---p 00032000 08:01 4463911                    /usr/lib/x86_64-linux-gnu/libicule.so.48.1.1
7fbc790cb000-7fbc790cd000 r--p 00032000 08:01 4463911                    /usr/lib/x86_64-linux-gnu/libicule.so.48.1.1
7fbc790cd000-7fbc790ce000 rw-p 00034000 08:01 4463911                    /usr/lib/x86_64-linux-gnu/libicule.so.48.1.1
7fbc790ce000-7fbc79111000 r-xp 00000000 08:01 6029336                    /lib/x86_64-linux-gnu/libdbus-1.so.3.7.2
7fbc79111000-7fbc79310000 ---p 00043000 08:01 6029336                    /lib/x86_64-linux-gnu/libdbus-1.so.3.7.2
7fbc79310000-7fbc79311000 r--p 00042000 08:01 6029336                    /lib/x86_64-linux-gnu/libdbus-1.so.3.7.2
7fbc79311000-7fbc79312000 rw-p 00043000 08:01 6029336                    /lib/x86_64-linux-gnu/libdbus-1.so.3.7.2
7fbc79312000-7fbc79324000 r-xp 00000000 08:01 4464044                    /usr/lib/x86_64-linux-gnu/libp11-kit.so.0.0.0
7fbc79324000-7fbc79524000 ---p 00012000 08:01 4464044                    /usr/lib/x86_64-linux-gnu/libp11-kit.so.0.0.0
7fbc79524000-7fbc79525000 r--p 00012000 08:01 4464044                    /usr/lib/x86_64-linux-gnu/libp11-kit.so.0.0.0
7fbc79525000-7fbc79526000 rw-p 00013000 08:01 4464044                    /usr/lib/x86_64-linux-gnu/libp11-kit.so.0.0.0
7fbc79526000-7fbc79535000 r-xp 00000000 08:01 4464202                    /usr/lib/x86_64-linux-gnu/libtasn1.so.3.2.0
7fbc79535000-7fbc79735000 ---p 0000f000 08:01 4464202                    /usr/lib/x86_64-linux-gnu/libtasn1.so.3.2.0
7fbc79735000-7fbc79736000 r--p 0000f000 08:01 4464202                    /usr/lib/x86_64-linux-gnu/libtasn1.so.3.2.0
7fbc79736000-7fbc79737000 rw-p 00010000 08:01 4464202                    /usr/lib/x86_64-linux-gnu/libtasn1.so.3.2.0
7fbc79737000-7fbc797b1000 r-xp 00000000 08:01 6031341                    /lib/x86_64-linux-gnu/libgcrypt.so.11.7.0
7fbc797b1000-7fbc799b1000 ---p 0007a000 08:01 6031341                    /lib/x86_64-linux-gnu/libgcrypt.so.11.7.0
7fbc799b1000-7fbc799b2000 r--p 0007a000 08:01 6031341                    /lib/x86_64-linux-gnu/libgcrypt.so.11.7.0
7fbc799b2000-7fbc799b5000 rw-p 0007b000 08:01 6031341                    /lib/x86_64-linux-gnu/libgcrypt.so.11.7.0
7fbc799b5000-7fbc799bc000 r-xp 00000000 08:01 4463954                    /usr/lib/x86_64-linux-gnu/libkrb5support.so.0.1
7fbc799bc000-7fbc79bbb000 ---p 00007000 08:01 4463954                    /usr/lib/x86_64-linux-gnu/libkrb5support.so.0.1
7fbc79bbb000-7fbc79bbc000 r--p 00006000 08:01 4463954                    /usr/lib/x86_64-linux-gnu/libkrb5support.so.0.1
7fbc79bbc000-7fbc79bbd000 rw-p 00007000 08:01 4463954                    /usr/lib/x86_64-linux-gnu/libkrb5support.so.0.1
7fbc79bbd000-7fbc79bc0000 r-xp 00000000 08:01 6033009                    /lib/x86_64-linux-gnu/libcom_err.so.2.1
7fbc79bc0000-7fbc79dbf000 ---p 00003000 08:01 6033009                    /lib/x86_64-linux-gnu/libcom_err.so.2.1
7fbc79dbf000-7fbc79dc0000 r--p 00002000 08:01 6033009                    /lib/x86_64-linux-gnu/libcom_err.so.2.1
7fbc79dc0000-7fbc79dc1000 rw-p 00003000 08:01 6033009                    /lib/x86_64-linux-gnu/libcom_err.so.2.1
7fbc79dc1000-7fbc79de7000 r-xp 00000000 08:01 4463948                    /usr/lib/x86_64-linux-gnu/libk5crypto.so.3.1
7fbc79de7000-7fbc79fe7000 ---p 00026000 08:01 4463948                    /usr/lib/x86_64-linux-gnu/libk5crypto.so.3.1
7fbc79fe7000-7fbc79fe8000 r--p 00026000 08:01 4463948                    /usr/lib/x86_64-linux-gnu/libk5crypto.so.3.1
7fbc79fe8000-7fbc79fe9000 rw-p 00027000 08:01 4463948                    /usr/lib/x86_64-linux-gnu/libk5crypto.so.3.1
7fbc79fe9000-7fbc79fea000 rw-p 00000000 00:00 0 
7fbc79fea000-7fbc7a0ae000 r-xp 00000000 08:01 4463952                    /usr/lib/x86_64-linux-gnu/libkrb5.so.3.3
7fbc7a0ae000-7fbc7a2ad000 ---p 000c4000 08:01 4463952                    /usr/lib/x86_64-linux-gnu/libkrb5.so.3.3
7fbc7a2ad000-7fbc7a2b7000 r--p 000c3000 08:01 4463952                    /usr/lib/x86_64-linux-gnu/libkrb5.so.3.3
7fbc7a2b7000-7fbc7a2b8000 rw-p 000cd000 08:01 4463952                    /usr/lib/x86_64-linux-gnu/libkrb5.so.3.3
7fbc7a2b8000-7fbc7a34d000 r-xp 00000000 08:01 4463889                    /usr/lib/x86_64-linux-gnu/libharfbuzz.so.0.913.0
7fbc7a34d000-7fbc7a54c000 ---p 00095000 08:01 4463889                    /usr/lib/x86_64-linux-gnu/libharfbuzz.so.0.913.0
7fbc7a54c000-7fbc7a54e000 r--p 00094000 08:01 4463889                    /usr/lib/x86_64-linux-gnu/libharfbuzz.so.0.913.0
7fbc7a54e000-7fbc7a54f000 rw-p 00096000 08:01 4463889                    /usr/lib/x86_64-linux-gnu/libharfbuzz.so.0.913.0
7fbc7a54f000-7fbc7a557000 r-xp 00000000 08:01 4463414                    /usr/lib/x86_64-linux-gnu/libxcb-render.so.0.0.0
7fbc7a557000-7fbc7a757000 ---p 00008000 08:01 4463414                    /usr/lib/x86_64-linux-gnu/libxcb-render.so.0.0.0
7fbc7a757000-7fbc7a758000 r--p 00008000 08:01 4463414                    /usr/lib/x86_64-linux-gnu/libxcb-render.so.0.0.0
7fbc7a758000-7fbc7a759000 rw-p 00009000 08:01 4463414                    /usr/lib/x86_64-linux-gnu/libxcb-render.so.0.0.0
7fbc7a759000-7fbc7a75b000 r-xp 00000000 08:01 4464126                    /usr/lib/x86_64-linux-gnu/libxcb-shm.so.0.0.0
7fbc7a75b000-7fbc7a95a000 ---p 00002000 08:01 4464126                    /usr/lib/x86_64-linux-gnu/libxcb-shm.so.0.0.0
7fbc7a95a000-7fbc7a95b000 r--p 00001000 08:01 4464126                    /usr/lib/x86_64-linux-gnu/libxcb-shm.so.0.0.0
7fbc7a95b000-7fbc7a95c000 rw-p 00002000 08:01 4464126                    /usr/lib/x86_64-linux-gnu/libxcb-shm.so.0.0.0
7fbc7a95c000-7fbc7a981000 r-xp 00000000 08:01 6033109                    /lib/x86_64-linux-gnu/libpng12.so.0.49.0
7fbc7a981000-7fbc7ab80000 ---p 00025000 08:01 6033109                    /lib/x86_64-linux-gnu/libpng12.so.0.49.0
7fbc7ab80000-7fbc7ab81000 r--p 00024000 08:01 6033109                    /lib/x86_64-linux-gnu/libpng12.so.0.49.0
7fbc7ab81000-7fbc7ab82000 rw-p 00025000 08:01 6033109                    /lib/x86_64-linux-gnu/libpng12.so.0.49.0
7fbc7ab82000-7fbc7ac12000 r-xp 00000000 08:01 4464074                    /usr/lib/x86_64-linux-gnu/libpixman-1.so.0.28.2
7fbc7ac12000-7fbc7ae11000 ---p 00090000 08:01 4464074                    /usr/lib/x86_64-linux-gnu/libpixman-1.so.0.28.2
7fbc7ae11000-7fbc7ae18000 r--p 0008f000 08:01 4464074                    /usr/lib/x86_64-linux-gnu/libpixman-1.so.0.28.2
7fbc7ae18000-7fbc7ae19000 rw-p 00096000 08:01 4464074                    /usr/lib/x86_64-linux-gnu/libpixman-1.so.0.28.2
7fbc7ae19000-7fbc7ae1e000 r-xp 00000000 08:01 4463438                    /usr/lib/x86_64-linux-gnu/libXdmcp.so.6.0.0
7fbc7ae1e000-7fbc7b01d000 ---p 00005000 08:01 4463438                    /usr/lib/x86_64-linux-gnu/libXdmcp.so.6.0.0
7fbc7b01d000-7fbc7b01e000 r--p 00004000 08:01 4463438                    /usr/lib/x86_64-linux-gnu/libXdmcp.so.6.0.0
7fbc7b01e000-7fbc7b01f000 rw-p 00005000 08:01 4463438                    /usr/lib/x86_64-linux-gnu/libXdmcp.so.6.0.0
7fbc7b01f000-7fbc7b021000 r-xp 00000000 08:01 4463427                    /usr/lib/x86_64-linux-gnu/libXau.so.6.0.0
7fbc7b021000-7fbc7b221000 ---p 00002000 08:01 4463427                    /usr/lib/x86_64-linux-gnu/libXau.so.6.0.0
7fbc7b221000-7fbc7b222000 r--p 00002000 08:01 4463427                    /usr/lib/x86_64-linux-gnu/libXau.so.6.0.0
7fbc7b222000-7fbc7b223000 rw-p 00003000 08:01 4463427                    /usr/lib/x86_64-linux-gnu/libXau.so.6.0.0
7fbc7b223000-7fbc7b232000 r-xp 00000000 08:01 4463513                    /usr/lib/x86_64-linux-gnu/libavahi-client.so.3.2.9
7fbc7b232000-7fbc7b432000 ---p 0000f000 08:01 4463513                    /usr/lib/x86_64-linux-gnu/libavahi-client.so.3.2.9
7fbc7b432000-7fbc7b433000 r--p 0000f000 08:01 4463513                    /usr/lib/x86_64-linux-gnu/libavahi-client.so.3.2.9
7fbc7b433000-7fbc7b434000 rw-p 00010000 08:01 4463513                    /usr/lib/x86_64-linux-gnu/libavahi-client.so.3.2.9
7fbc7b434000-7fbc7b43f000 r-xp 00000000 08:01 4463515                    /usr/lib/x86_64-linux-gnu/libavahi-common.so.3.5.3
7fbc7b43f000-7fbc7b63e000 ---p 0000b000 08:01 4463515                    /usr/lib/x86_64-linux-gnu/libavahi-common.so.3.5.3
7fbc7b63e000-7fbc7b63f000 r--p 0000a000 08:01 4463515                    /usr/lib/x86_64-linux-gnu/libavahi-common.so.3.5.3
7fbc7b63f000-7fbc7b640000 rw-p 0000b000 08:01 4463515                    /usr/lib/x86_64-linux-gnu/libavahi-common.so.3.5.3
7fbc7b640000-7fbc7b6f5000 r-xp 00000000 08:01 4463233                    /usr/lib/x86_64-linux-gnu/libgnutls.so.26.22.6
7fbc7b6f5000-7fbc7b8f4000 ---p 000b5000 08:01 4463233                    /usr/lib/x86_64-linux-gnu/libgnutls.so.26.22.6
7fbc7b8f4000-7fbc7b8fa000 r--p 000b4000 08:01 4463233                    /usr/lib/x86_64-linux-gnu/libgnutls.so.26.22.6
7fbc7b8fa000-7fbc7b8fb000 rw-p 000ba000 08:01 4463233                    /usr/lib/x86_64-linux-gnu/libgnutls.so.26.22.6
7fbc7b8fb000-7fbc7b8fc000 rw-p 00000000 00:00 0 
7fbc7b8fc000-7fbc7b937000 r-xp 00000000 08:01 4463791                    /usr/lib/x86_64-linux-gnu/libgssapi_krb5.so.2.2
7fbc7b937000-7fbc7bb37000 ---p 0003b000 08:01 4463791                    /usr/lib/x86_64-linux-gnu/libgssapi_krb5.so.2.2
7fbc7bb37000-7fbc7bb38000 r--p 0003b000 08:01 4463791                    /usr/lib/x86_64-linux-gnu/libgssapi_krb5.so.2.2
7fbc7bb38000-7fbc7bb3a000 rw-p 0003c000 08:01 4463791                    /usr/lib/x86_64-linux-gnu/libgssapi_krb5.so.2.2
7fbc7bb3a000-7fbc7bb60000 r-xp 00000000 08:01 6033022                    /lib/x86_64-linux-gnu/libexpat.so.1.6.0
7fbc7bb60000-7fbc7bd60000 ---p 00026000 08:01 6033022                    /lib/x86_64-linux-gnu/libexpat.so.1.6.0
7fbc7bd60000-7fbc7bd62000 r--p 00026000 08:01 6033022                    /lib/x86_64-linux-gnu/libexpat.so.1.6.0
7fbc7bd62000-7fbc7bd63000 rw-p 00028000 08:01 6033022                    /lib/x86_64-linux-gnu/libexpat.so.1.6.0
7fbc7bd63000-7fbc7bdfa000 r-xp 00000000 08:01 4463701                    /usr/lib/x86_64-linux-gnu/libfreetype.so.6.10.0
7fbc7bdfa000-7fbc7bff9000 ---p 00097000 08:01 4463701                    /usr/lib/x86_64-linux-gnu/libfreetype.so.6.10.0
7fbc7bff9000-7fbc7bfff000 r--p 00096000 08:01 4463701                    /usr/lib/x86_64-linux-gnu/libfreetype.so.6.10.0
7fbc7bfff000-7fbc7c000000 rw-p 0009c000 08:01 4463701                    /usr/lib/x86_64-linux-gnu/libfreetype.so.6.10.0
7fbc7c000000-7fbc7c021000 rw-p 00000000 00:00 0 
7fbc7c021000-7fbc80000000 ---p 00000000 00:00 0 
7fbc80000000-7fbc81f04000 rw-p 00000000 00:00 0 
7fbc81f04000-7fbc84000000 ---p 00000000 00:00 0 
7fbc84000000-7fbc84021000 rw-p 00000000 00:00 0 
7fbc84021000-7fbc88000000 ---p 00000000 00:00 0 
7fbc88000000-7fbc88021000 rw-p 00000000 00:00 0 
7fbc88021000-7fbc8c000000 ---p 00000000 00:00 0 
7fbc8c000000-7fbc8d764000 rw-p 00000000 00:00 0 
7fbc8d764000-7fbc90000000 ---p 00000000 00:00 0 
7fbc90000000-7fbc90a9e000 rw-p 00000000 00:00 0 
7fbc90a9e000-7fbc94000000 ---p 00000000 00:00 0 
7fbc94000000-7fbc94021000 rw-p 00000000 00:00 0 
7fbc94021000-7fbc98000000 ---p 00000000 00:00 0 
7fbc98000000-7fbc98021000 rw-p 00000000 00:00 0 
7fbc98021000-7fbc9c000000 ---p 00000000 00:00 0 
7fbc9c000000-7fbc9c021000 rw-p 00000000 00:00 0 
7fbc9c021000-7fbca0000000 ---p 00000000 00:00 0 
7fbca0000000-7fbca0021000 rw-p 00000000 00:00 0 
7fbca0021000-7fbca4000000 ---p 00000000 00:00 0 
7fbca4000000-7fbca4021000 rw-p 00000000 00:00 0 
7fbca4021000-7fbca8000000 ---p 00000000 00:00 0 
7fbca80e0000-7fbca80e2000 r-xp 00000000 08:01 4463436                    /usr/lib/x86_64-linux-gnu/libXdamage.so.1.1.0
7fbca80e2000-7fbca82e1000 ---p 00002000 08:01 4463436                    /usr/lib/x86_64-linux-gnu/libXdamage.so.1.1.0
7fbca82e1000-7fbca82e2000 r--p 00001000 08:01 4463436                    /usr/lib/x86_64-linux-gnu/libXdamage.so.1.1.0
7fbca82e2000-7fbca82e3000 rw-p 00002000 08:01 4463436                    /usr/lib/x86_64-linux-gnu/libXdamage.so.1.1.0
7fbca82e3000-7fbca82e5000 r-xp 00000000 08:01 4463432                    /usr/lib/x86_64-linux-gnu/libXcomposite.so.1.0.0
7fbca82e5000-7fbca84e4000 ---p 00002000 08:01 4463432                    /usr/lib/x86_64-linux-gnu/libXcomposite.so.1.0.0
7fbca84e4000-7fbca84e5000 r--p 00001000 08:01 4463432                    /usr/lib/x86_64-linux-gnu/libXcomposite.so.1.0.0
7fbca84e5000-7fbca84e6000 rw-p 00002000 08:01 4463432                    /usr/lib/x86_64-linux-gnu/libXcomposite.so.1.0.0
7fbca84e6000-7fbca84ef000 r-xp 00000000 08:01 4464222                    /usr/lib/x86_64-linux-gnu/libXcursor.so.1.0.2
7fbca84ef000-7fbca86ef000 ---p 00009000 08:01 4464222                    /usr/lib/x86_64-linux-gnu/libXcursor.so.1.0.2
7fbca86ef000-7fbca86f0000 r--p 00009000 08:01 4464222                    /usr/lib/x86_64-linux-gnu/libXcursor.so.1.0.2
7fbca86f0000-7fbca86f1000 rw-p 0000a000 08:01 4464222                    /usr/lib/x86_64-linux-gnu/libXcursor.so.1.0.2
7fbca86f1000-7fbca86fa000 r-xp 00000000 08:01 4463453                    /usr/lib/x86_64-linux-gnu/libXrandr.so.2.2.0
7fbca86fa000-7fbca88f9000 ---p 00009000 08:01 4463453                    /usr/lib/x86_64-linux-gnu/libXrandr.so.2.2.0
7fbca88f9000-7fbca88fa000 r--p 00008000 08:01 4463453                    /usr/lib/x86_64-linux-gnu/libXrandr.so.2.2.0
7fbca88fa000-7fbca88fb000 rw-p 00009000 08:01 4463453                    /usr/lib/x86_64-linux-gnu/libXrandr.so.2.2.0
7fbca88fb000-7fbca88fd000 r-xp 00000000 08:01 4463765                    /usr/lib/x86_64-linux-gnu/libXinerama.so.1.0.0
7fbca88fd000-7fbca8afc000 ---p 00002000 08:01 4463765                    /usr/lib/x86_64-linux-gnu/libXinerama.so.1.0.0
7fbca8afc000-7fbca8afd000 r--p 00001000 08:01 4463765                    /usr/lib/x86_64-linux-gnu/libXinerama.so.1.0.0
7fbca8afd000-7fbca8afe000 rw-p 00002000 08:01 4463765                    /usr/lib/x86_64-linux-gnu/libXinerama.so.1.0.0
7fbca8afe000-7fbca8b11000 r-xp 00000000 08:01 4464056                    /usr/lib/x86_64-linux-gnu/libpangoft2-1.0.so.0.3200.5
7fbca8b11000-7fbca8d10000 ---p 00013000 08:01 4464056                    /usr/lib/x86_64-linux-gnu/libpangoft2-1.0.so.0.3200.5
7fbca8d10000-7fbca8d11000 r--p 00012000 08:01 4464056                    /usr/lib/x86_64-linux-gnu/libpangoft2-1.0.so.0.3200.5
7fbca8d11000-7fbca8d12000 rw-p 00013000 08:01 4464056                    /usr/lib/x86_64-linux-gnu/libpangoft2-1.0.so.0.3200.5
7fbca8d12000-7fbca8e10000 r-xp 00000000 08:01 4463539                    /usr/lib/x86_64-linux-gnu/libcairo.so.2.11200.14
7fbca8e10000-7fbca9010000 ---p 000fe000 08:01 4463539                    /usr/lib/x86_64-linux-gnu/libcairo.so.2.11200.14
7fbca9010000-7fbca9013000 r--p 000fe000 08:01 4463539                    /usr/lib/x86_64-linux-gnu/libcairo.so.2.11200.14
7fbca9013000-7fbca9014000 rw-p 00101000 08:01 4463539                    /usr/lib/x86_64-linux-gnu/libcairo.so.2.11200.14
7fbca9014000-7fbca9016000 rw-p 00000000 00:00 0 
7fbca9016000-7fbca9036000 r-xp 00000000 08:01 4463503                    /usr/lib/x86_64-linux-gnu/libatk-1.0.so.0.20809.1
7fbca9036000-7fbca9235000 ---p 00020000 08:01 4463503                    /usr/lib/x86_64-linux-gnu/libatk-1.0.so.0.20809.1
7fbca9235000-7fbca9237000 r--p 0001f000 08:01 4463503                    /usr/lib/x86_64-linux-gnu/libatk-1.0.so.0.20809.1
7fbca9237000-7fbca9238000 rw-p 00021000 08:01 4463503                    /usr/lib/x86_64-linux-gnu/libatk-1.0.so.0.20809.1
7fbca9238000-7fbca923d000 r-xp 00000000 08:01 4463594                    /usr/lib/x86_64-linux-gnu/libXfixes.so.3.1.0
7fbca923d000-7fbca943c000 ---p 00005000 08:01 4463594                    /usr/lib/x86_64-linux-gnu/libXfixes.so.3.1.0
7fbca943c000-7fbca943d000 r--p 00004000 08:01 4463594                    /usr/lib/x86_64-linux-gnu/libXfixes.so.3.1.0
7fbca943d000-7fbca943e000 rw-p 00005000 08:01 4463594                    /usr/lib/x86_64-linux-gnu/libXfixes.so.3.1.0
7fbca943e000-7fbca9449000 r-xp 00000000 08:01 4464054                    /usr/lib/x86_64-linux-gnu/libpangocairo-1.0.so.0.3200.5
7fbca9449000-7fbca9649000 ---p 0000b000 08:01 4464054                    /usr/lib/x86_64-linux-gnu/libpangocairo-1.0.so.0.3200.5
7fbca9649000-7fbca964a000 r--p 0000b000 08:01 4464054                    /usr/lib/x86_64-linux-gnu/libpangocairo-1.0.so.0.3200.5
7fbca964a000-7fbca964b000 rw-p 0000c000 08:01 4464054                    /usr/lib/x86_64-linux-gnu/libpangocairo-1.0.so.0.3200.5
7fbca964b000-7fbca9668000 r-xp 00000000 08:01 4463244                    /usr/lib/x86_64-linux-gnu/libxcb.so.1.1.0
7fbca9668000-7fbca9867000 ---p 0001d000 08:01 4463244                    /usr/lib/x86_64-linux-gnu/libxcb.so.1.1.0
7fbca9867000-7fbca9868000 r--p 0001c000 08:01 4463244                    /usr/lib/x86_64-linux-gnu/libxcb.so.1.1.0
7fbca9868000-7fbca9869000 rw-p 0001d000 08:01 4463244                    /usr/lib/x86_64-linux-gnu/libxcb.so.1.1.0
7fbca9869000-7fbca98c3000 r-xp 00000000 08:01 4463592                    /usr/lib/x86_64-linux-gnu/libcups.so.2
7fbca98c3000-7fbca9ac3000 ---p 0005a000 08:01 4463592                    /usr/lib/x86_64-linux-gnu/libcups.so.2
7fbca9ac3000-7fbca9ac8000 r--p 0005a000 08:01 4463592                    /usr/lib/x86_64-linux-gnu/libcups.so.2
7fbca9ac8000-7fbca9ac9000 rw-p 0005f000 08:01 4463592                    /usr/lib/x86_64-linux-gnu/libcups.so.2
7fbca9ac9000-7fbca9aca000 r-xp 00000000 08:01 4463869                    /usr/lib/x86_64-linux-gnu/libgthread-2.0.so.0.3600.0
7fbca9aca000-7fbca9cc9000 ---p 00001000 08:01 4463869                    /usr/lib/x86_64-linux-gnu/libgthread-2.0.so.0.3600.0
7fbca9cc9000-7fbca9cca000 r--p 00000000 08:01 4463869                    /usr/lib/x86_64-linux-gnu/libgthread-2.0.so.0.3600.0
7fbca9cca000-7fbca9ccb000 rw-p 00001000 08:01 4463869                    /usr/lib/x86_64-linux-gnu/libgthread-2.0.so.0.3600.0
7fbca9ccb000-7fbca9d02000 r-xp 00000000 08:01 4463673                    /usr/lib/x86_64-linux-gnu/libfontconfig.so.1.6.2
7fbca9d02000-7fbca9f02000 ---p 00037000 08:01 4463673                    /usr/lib/x86_64-linux-gnu/libfontconfig.so.1.6.2
7fbca9f02000-7fbca9f03000 r--p 00037000 08:01 4463673                    /usr/lib/x86_64-linux-gnu/libfontconfig.so.1.6.2
7fbca9f03000-7fbca9f04000 rw-p 00038000 08:01 4463673                    /usr/lib/x86_64-linux-gnu/libfontconfig.so.1.6.2
7fbca9f04000-7fbca9f05000 rw-p 00000000 00:00 0 
7fbca9f05000-7fbca9f4d000 r-xp 00000000 08:01 4464052                    /usr/lib/x86_64-linux-gnu/libpango-1.0.so.0.3200.5
7fbca9f4d000-7fbcaa14d000 ---p 00048000 08:01 4464052                    /usr/lib/x86_64-linux-gnu/libpango-1.0.so.0.3200.5
7fbcaa14d000-7fbcaa14f000 r--p 00048000 08:01 4464052                    /usr/lib/x86_64-linux-gnu/libpango-1.0.so.0.3200.5
7fbcaa14f000-7fbcaa150000 rw-p 0004a000 08:01 4464052                    /usr/lib/x86_64-linux-gnu/libpango-1.0.so.0.3200.5
7fbcaa150000-7fbcaa16e000 r-xp 00000000 08:01 4463732                    /usr/lib/x86_64-linux-gnu/libgdk_pixbuf-2.0.so.0.2800.0
7fbcaa16e000-7fbcaa36e000 ---p 0001e000 08:01 4463732                    /usr/lib/x86_64-linux-gnu/libgdk_pixbuf-2.0.so.0.2800.0
7fbcaa36e000-7fbcaa36f000 r--p 0001e000 08:01 4463732                    /usr/lib/x86_64-linux-gnu/libgdk_pixbuf-2.0.so.0.2800.0
7fbcaa36f000-7fbcaa370000 rw-p 0001f000 08:01 4463732                    /usr/lib/x86_64-linux-gnu/libgdk_pixbuf-2.0.so.0.2800.0
7fbcaa370000-7fbcaa41d000 r-xp 00000000 08:01 4463730                    /usr/lib/x86_64-linux-gnu/libgdk-x11-2.0.so.0.2400.17
7fbcaa41d000-7fbcaa61c000 ---p 000ad000 08:01 4463730                    /usr/lib/x86_64-linux-gnu/libgdk-x11-2.0.so.0.2400.17
7fbcaa61c000-7fbcaa620000 r--p 000ac000 08:01 4463730                    /usr/lib/x86_64-linux-gnu/libgdk-x11-2.0.so.0.2400.17
7fbcaa620000-7fbcaa622000 rw-p 000b0000 08:01 4463730                    /usr/lib/x86_64-linux-gnu/libgdk-x11-2.0.so.0.2400.17
7fbcaa622000-7fbcaaa4f000 r-xp 00000000 08:01 4463873                    /usr/lib/x86_64-linux-gnu/libgtk-x11-2.0.so.0.2400.17
7fbcaaa4f000-7fbcaac4e000 ---p 0042d000 08:01 4463873                    /usr/lib/x86_64-linux-gnu/libgtk-x11-2.0.so.0.2400.17
7fbcaac4e000-7fbcaac55000 r--p 0042c000 08:01 4463873                    /usr/lib/x86_64-linux-gnu/libgtk-x11-2.0.so.0.2400.17
7fbcaac55000-7fbcaac59000 rw-p 00433000 08:01 4463873                    /usr/lib/x86_64-linux-gnu/libgtk-x11-2.0.so.0.2400.17
7fbcaac59000-7fbcaac5b000 rw-p 00000000 00:00 0 
7fbcaac5b000-7fbcaac69000 r-xp 00000000 08:01 4463255                    /usr/lib/x86_64-linux-gnu/libXi.so.6.1.0
7fbcaac69000-7fbcaae69000 ---p 0000e000 08:01 4463255                    /usr/lib/x86_64-linux-gnu/libXi.so.6.1.0
7fbcaae69000-7fbcaae6a000 r--p 0000e000 08:01 4463255                    /usr/lib/x86_64-linux-gnu/libXi.so.6.1.0
7fbcaae6a000-7fbcaae6b000 rw-p 0000f000 08:01 4463255                    /usr/lib/x86_64-linux-gnu/libXi.so.6.1.0
7fbcaae6b000-7fbcaae70000 r-xp 00000000 08:01 4463461                    /usr/lib/x86_64-linux-gnu/libXtst.so.6.1.0
7fbcaae70000-7fbcab06f000 ---p 00005000 08:01 4463461                    /usr/lib/x86_64-linux-gnu/libXtst.so.6.1.0
7fbcab06f000-7fbcab070000 r--p 00004000 08:01 4463461                    /usr/lib/x86_64-linux-gnu/libXtst.so.6.1.0
7fbcab070000-7fbcab071000 rw-p 00005000 08:01 4463461                    /usr/lib/x86_64-linux-gnu/libXtst.so.6.1.0
7fbcab071000-7fbcab07a000 r-xp 00000000 08:01 4463395                    /usr/lib/x86_64-linux-gnu/libXrender.so.1.3.0
7fbcab07a000-7fbcab279000 ---p 00009000 08:01 4463395                    /usr/lib/x86_64-linux-gnu/libXrender.so.1.3.0
7fbcab279000-7fbcab27a000 r--p 00008000 08:01 4463395                    /usr/lib/x86_64-linux-gnu/libXrender.so.1.3.0
7fbcab27a000-7fbcab27b000 rw-p 00009000 08:01 4463395                    /usr/lib/x86_64-linux-gnu/libXrender.so.1.3.0
7fbcab27b000-7fbcab3af000 r-xp 00000000 08:01 4463247                    /usr/lib/x86_64-linux-gnu/libX11.so.6.3.0
7fbcab3af000-7fbcab5af000 ---p 00134000 08:01 4463247                    /usr/lib/x86_64-linux-gnu/libX11.so.6.3.0
7fbcab5af000-7fbcab5b0000 r--p 00134000 08:01 4463247                    /usr/lib/x86_64-linux-gnu/libX11.so.6.3.0
7fbcab5b0000-7fbcab5b5000 rw-p 00135000 08:01 4463247                    /usr/lib/x86_64-linux-gnu/libX11.so.6.3.0
7fbcab5b5000-7fbcab5c6000 r-xp 00000000 08:01 4463249                    /usr/lib/x86_64-linux-gnu/libXext.so.6.4.0
7fbcab5c6000-7fbcab7c5000 ---p 00011000 08:01 4463249                    /usr/lib/x86_64-linux-gnu/libXext.so.6.4.0
7fbcab7c5000-7fbcab7c6000 r--p 00010000 08:01 4463249                    /usr/lib/x86_64-linux-gnu/libXext.so.6.4.0
7fbcab7c6000-7fbcab7c7000 rw-p 00011000 08:01 4463249                    /usr/lib/x86_64-linux-gnu/libXext.so.6.4.0
7fbcab7c7000-7fbcab81a000 r-xp 00000000 08:01 4467641                    /usr/lib/jvm/java-7-openjdk-amd64/jre/lib/amd64/xawt/libmawt.so
7fbcab81a000-7fbcaba19000 ---p 00053000 08:01 4467641                    /usr/lib/jvm/java-7-openjdk-amd64/jre/lib/amd64/xawt/libmawt.so
7fbcaba19000-7fbcaba1a000 r--p 00052000 08:01 4467641                    /usr/lib/jvm/java-7-openjdk-amd64/jre/lib/amd64/xawt/libmawt.so
7fbcaba1a000-7fbcaba1d000 rw-p 00053000 08:01 4467641                    /usr/lib/jvm/java-7-openjdk-amd64/jre/lib/amd64/xawt/libmawt.so
7fbcaba1d000-7fbcaba1e000 rw-p 00000000 00:00 0 
7fbcaba1e000-7fbcababf000 r-xp 00000000 08:01 4466511                    /usr/lib/jvm/java-7-openjdk-amd64/jre/lib/amd64/libawt.so
7fbcababf000-7fbcabcbf000 ---p 000a1000 08:01 4466511                    /usr/lib/jvm/java-7-openjdk-amd64/jre/lib/amd64/libawt.so
7fbcabcbf000-7fbcabcc0000 r--p 000a1000 08:01 4466511                    /usr/lib/jvm/java-7-openjdk-amd64/jre/lib/amd64/libawt.so
7fbcabcc0000-7fbcabccb000 rw-p 000a2000 08:01 4466511                    /usr/lib/jvm/java-7-openjdk-amd64/jre/lib/amd64/libawt.so
7fbcabccb000-7fbcb0000000 rw-p 00000000 00:00 0 
7fbcb0000000-7fbcb0021000 rw-p 00000000 00:00 0 
7fbcb0021000-7fbcb4000000 ---p 00000000 00:00 0 
7fbcb4000000-7fbcb4021000 rw-p 00000000 00:00 0 
7fbcb4021000-7fbcb8000000 ---p 00000000 00:00 0 
7fbcb8000000-7fbcb8021000 rw-p 00000000 00:00 0 
7fbcb8021000-7fbcbc000000 ---p 00000000 00:00 0 
7fbcbc000000-7fbcbc021000 rw-p 00000000 00:00 0 
7fbcbc021000-7fbcc0000000 ---p 00000000 00:00 0 
7fbcc00c4000-7fbcc00c7000 ---p 00000000 00:00 0 
7fbcc00c7000-7fbcc01c5000 rw-p 00000000 00:00 0                          [stack:6218]
7fbcc01c5000-7fbcc01c8000 ---p 00000000 00:00 0 
7fbcc01c8000-7fbcc02c6000 rw-p 00000000 00:00 0                          [stack:6217]
7fbcc02c6000-7fbcc0303000 r-xp 00000000 08:01 6033097                    /lib/x86_64-linux-gnu/libpcre.so.3.13.1
7fbcc0303000-7fbcc0503000 ---p 0003d000 08:01 6033097                    /lib/x86_64-linux-gnu/libpcre.so.3.13.1
7fbcc0503000-7fbcc0504000 r--p 0003d000 08:01 6033097                    /lib/x86_64-linux-gnu/libpcre.so.3.13.1
7fbcc0504000-7fbcc0505000 rw-p 0003e000 08:01 6033097                    /lib/x86_64-linux-gnu/libpcre.so.3.13.1
7fbcc0505000-7fbcc050c000 r-xp 00000000 08:01 4463665                    /usr/lib/x86_64-linux-gnu/libffi.so.6.0.1
7fbcc050c000-7fbcc070b000 ---p 00007000 08:01 4463665                    /usr/lib/x86_64-linux-gnu/libffi.so.6.0.1
7fbcc070b000-7fbcc070c000 r--p 00006000 08:01 4463665                    /usr/lib/x86_64-linux-gnu/libffi.so.6.0.1
7fbcc070c000-7fbcc070d000 rw-p 00007000 08:01 4463665                    /usr/lib/x86_64-linux-gnu/libffi.so.6.0.1
7fbcc070d000-7fbcc0723000 r-xp 00000000 08:01 6033120                    /lib/x86_64-linux-gnu/libresolv-2.17.so
7fbcc0723000-7fbcc0923000 ---p 00016000 08:01 6033120                    /lib/x86_64-linux-gnu/libresolv-2.17.so
7fbcc0923000-7fbcc0924000 r--p 00016000 08:01 6033120                    /lib/x86_64-linux-gnu/libresolv-2.17.so
7fbcc0924000-7fbcc0925000 rw-p 00017000 08:01 6033120                    /lib/x86_64-linux-gnu/libresolv-2.17.so
7fbcc0925000-7fbcc0927000 rw-p 00000000 00:00 0 
7fbcc0927000-7fbcc0944000 r-xp 00000000 08:01 6033124                    /lib/x86_64-linux-gnu/libselinux.so.1
7fbcc0944000-7fbcc0b43000 ---p 0001d000 08:01 6033124                    /lib/x86_64-linux-gnu/libselinux.so.1
7fbcc0b43000-7fbcc0b44000 r--p 0001c000 08:01 6033124                    /lib/x86_64-linux-gnu/libselinux.so.1
7fbcc0b44000-7fbcc0b45000 rw-p 0001d000 08:01 6033124                    /lib/x86_64-linux-gnu/libselinux.so.1
7fbcc0b45000-7fbcc0b46000 rw-p 00000000 00:00 0 
7fbcc0b46000-7fbcc0b49000 r-xp 00000000 08:01 4463758                    /usr/lib/x86_64-linux-gnu/libgmodule-2.0.so.0.3600.0
7fbcc0b49000-7fbcc0d48000 ---p 00003000 08:01 4463758                    /usr/lib/x86_64-linux-gnu/libgmodule-2.0.so.0.3600.0
7fbcc0d48000-7fbcc0d49000 r--p 00002000 08:01 4463758                    /usr/lib/x86_64-linux-gnu/libgmodule-2.0.so.0.3600.0
7fbcc0d49000-7fbcc0d4a000 rw-p 00003000 08:01 4463758                    /usr/lib/x86_64-linux-gnu/libgmodule-2.0.so.0.3600.0
7fbcc0d4a000-7fbcc0e43000 r-xp 00000000 08:01 6033031                    /lib/x86_64-linux-gnu/libglib-2.0.so.0.3600.0
7fbcc0e43000-7fbcc1043000 ---p 000f9000 08:01 6033031                    /lib/x86_64-linux-gnu/libglib-2.0.so.0.3600.0
7fbcc1043000-7fbcc1044000 r--p 000f9000 08:01 6033031                    /lib/x86_64-linux-gnu/libglib-2.0.so.0.3600.0
7fbcc1044000-7fbcc1045000 rw-p 000fa000 08:01 6033031                    /lib/x86_64-linux-gnu/libglib-2.0.so.0.3600.0
7fbcc1045000-7fbcc1046000 rw-p 00000000 00:00 0 
7fbcc1046000-7fbcc1093000 r-xp 00000000 08:01 4463774                    /usr/lib/x86_64-linux-gnu/libgobject-2.0.so.0.3600.0
7fbcc1093000-7fbcc1293000 ---p 0004d000 08:01 4463774                    /usr/lib/x86_64-linux-gnu/libgobject-2.0.so.0.3600.0
7fbcc1293000-7fbcc1294000 r--p 0004d000 08:01 4463774                    /usr/lib/x86_64-linux-gnu/libgobject-2.0.so.0.3600.0
7fbcc1294000-7fbcc1295000 rw-p 0004e000 08:01 4463774                    /usr/lib/x86_64-linux-gnu/libgobject-2.0.so.0.3600.0
7fbcc1295000-7fbcc13e8000 r-xp 00000000 08:01 4463748                    /usr/lib/x86_64-linux-gnu/libgio-2.0.so.0.3600.0
7fbcc13e8000-7fbcc15e7000 ---p 00153000 08:01 4463748                    /usr/lib/x86_64-linux-gnu/libgio-2.0.so.0.3600.0
7fbcc15e7000-7fbcc15eb000 r--p 00152000 08:01 4463748                    /usr/lib/x86_64-linux-gnu/libgio-2.0.so.0.3600.0
7fbcc15eb000-7fbcc15ed000 rw-p 00156000 08:01 4463748                    /usr/lib/x86_64-linux-gnu/libgio-2.0.so.0.3600.0
7fbcc15ed000-7fbcc15ef000 rw-p 00000000 00:00 0 
7fbcc15ef000-7fbcc1605000 r-xp 00000000 08:01 4466499                    /usr/lib/jvm/java-7-openjdk-amd64/jre/lib/amd64/libnet.so
7fbcc1605000-7fbcc1804000 ---p 00016000 08:01 4466499                    /usr/lib/jvm/java-7-openjdk-amd64/jre/lib/amd64/libnet.so
7fbcc1804000-7fbcc1805000 r--p 00015000 08:01 4466499                    /usr/lib/jvm/java-7-openjdk-amd64/jre/lib/amd64/libnet.so
7fbcc1805000-7fbcc1806000 rw-p 00016000 08:01 4466499                    /usr/lib/jvm/java-7-openjdk-amd64/jre/lib/amd64/libnet.so
7fbcc1806000-7fbcc1809000 ---p 00000000 00:00 0 
7fbcc1809000-7fbcc2007000 rw-p 00000000 00:00 0                          [stack:6192]
7fbcc2007000-7fbcc2008000 ---p 00000000 00:00 0 
7fbcc2008000-7fbcc2808000 rw-p 00000000 00:00 0                          [stack:6191]
7fbcc2808000-7fbcc2809000 ---p 00000000 00:00 0 
7fbcc2809000-7fbcc3009000 rw-p 00000000 00:00 0                          [stack:6190]
7fbcc3009000-7fbcc3876000 r-xp 00000000 08:01 17042183                   /home/shiwali/soar/SoarSuite/out/libSoar.so
7fbcc3876000-7fbcc3a75000 ---p 0086d000 08:01 17042183                   /home/shiwali/soar/SoarSuite/out/libSoar.so
7fbcc3a75000-7fbcc3a86000 r--p 0086c000 08:01 17042183                   /home/shiwali/soar/SoarSuite/out/libSoar.so
7fbcc3a86000-7fbcc3a9d000 rw-p 0087d000 08:01 17042183                   /home/shiwali/soar/SoarSuite/out/libSoar.so
7fbcc3a9d000-7fbcc3aa1000 rw-p 00000000 00:00 0 
7fbcc3aa1000-7fbcc3afa000 r-xp 00000000 08:01 17042226                   /home/shiwali/soar/SoarSuite/out/libJava_sml_ClientInterface.so
7fbcc3afa000-7fbcc3cfa000 ---p 00059000 08:01 17042226                   /home/shiwali/soar/SoarSuite/out/libJava_sml_ClientInterface.so
7fbcc3cfa000-7fbcc3cfb000 r--p 00059000 08:01 17042226                   /home/shiwali/soar/SoarSuite/out/libJava_sml_ClientInterface.so
7fbcc3cfb000-7fbcc3cfd000 rw-p 0005a000 08:01 17042226                   /home/shiwali/soar/SoarSuite/out/libJava_sml_ClientInterface.so
7fbcc3cfd000-7fbcc3cfe000 ---p 00000000 00:00 0 
7fbcc3cfe000-7fbcc3dfe000 rw-p 00000000 00:00 0                          [stack:6189]
7fbcc3dfe000-7fbcc3e01000 ---p 00000000 00:00 0 
7fbcc3e01000-7fbcc3eff000 rw-p 00000000 00:00 0                          [stack:6188]
7fbcc3eff000-7fbcc3f02000 ---p 00000000 00:00 0 
7fbcc3f02000-7fbcc4000000 rw-p 00000000 00:00 0                          [stack:6187]
7fbcc4000000-7fbcc4021000 rw-p 00000000 00:00 0 
7fbcc4021000-7fbcc8000000 ---p 00000000 00:00 0 
7fbcc8000000-7fbcc8021000 rw-p 00000000 00:00 0 
7fbcc8021000-7fbccc000000 ---p 00000000 00:00 0 
7fbccc000000-7fbccc021000 rw-p 00000000 00:00 0 
7fbccc021000-7fbcd0000000 ---p 00000000 00:00 0 
7fbcd006d000-7fbcd0071000 r--s 00035000 08:01 17957274                   /home/shiwali/InstructoSoarII/probcog2/java/probcog.jar
7fbcd0071000-7fbcd0083000 r--s 00294000 08:01 16910059                   /home/shiwali/InstructoSoarII/april/java/april.jar
7fbcd0083000-7fbcd0096000 r--s 00211000 08:01 17171916                   /home/shiwali/soar/SoarSuite/out/java/swt.jar
7fbcd0096000-7fbcd00d8000 rw-p 00000000 00:00 0 
7fbcd00d8000-7fbcd00db000 ---p 00000000 00:00 0 
7fbcd00db000-7fbcd01d9000 rw-p 00000000 00:00 0                          [stack:6186]
7fbcd01d9000-7fbcd01dc000 ---p 00000000 00:00 0 
7fbcd01dc000-7fbcd02da000 rw-p 00000000 00:00 0                          [stack:6185]
7fbcd02da000-7fbcd09bb000 r--p 00000000 08:01 4462580                    /usr/lib/locale/locale-archive
7fbcd09bb000-7fbcd09be000 ---p 00000000 00:00 0 
7fbcd09be000-7fbcd0abc000 rw-p 00000000 00:00 0                          [stack:6184]
7fbcd0abc000-7fbcd0abf000 ---p 00000000 00:00 0 
7fbcd0abf000-7fbcd0bbd000 rw-p 00000000 00:00 0                          [stack:6183]
7fbcd0bbd000-7fbcd0bbe000 ---p 00000000 00:00 0 
7fbcd0bbe000-7fbcd289f000 rw-p 00000000 00:00 0                          [stack:6182]
7fbcd289f000-7fbcd2a4c000 r--s 01cec000 08:01 4466481                    /usr/lib/jvm/java-7-openjdk-amd64/jre/lib/rt.jar
7fbcd2a4c000-7fbcd3b10000 rw-p 00000000 00:00 0 
7fbcd3b10000-7fbcd3b11000 ---p 00000000 00:00 0 
7fbcd3b11000-7fbcd3c11000 rw-p 00000000 00:00 0                          [stack:6181]
7fbcd3c11000-7fbcd3c12000 ---p 00000000 00:00 0 
7fbcd3c12000-7fbcd3d12000 rw-p 00000000 00:00 0                          [stack:6180]
7fbcd3d12000-7fbcd3d13000 ---p 00000000 00:00 0 
7fbcd3d13000-7fbcd3e13000 rw-p 00000000 00:00 0                          [stack:6179]
7fbcd3e13000-7fbcd3e14000 ---p 00000000 00:00 0 
7fbcd3e14000-7fbcd3f14000 rw-p 00000000 00:00 0                          [stack:6178]
7fbcd3f14000-7fbcd3f15000 ---p 00000000 00:00 0 
7fbcd3f15000-7fbcd4015000 rw-p 00000000 00:00 0                          [stack:6177]
7fbcd4015000-7fbcd4016000 ---p 00000000 00:00 0 
7fbcd4016000-7fbcd4116000 rw-p 00000000 00:00 0                          [stack:6176]
7fbcd4116000-7fbcd4117000 ---p 00000000 00:00 0 
7fbcd4117000-7fbcd4217000 rw-p 00000000 00:00 0                          [stack:6175]
7fbcd4217000-7fbcd4218000 ---p 00000000 00:00 0 
7fbcd4218000-7fbcd4342000 rw-p 00000000 00:00 0                          [stack:6174]
7fbcd4342000-7fbcd45ac000 rw-p 00000000 00:00 0 
7fbcd45ac000-7fbcd45b7000 rw-p 00000000 00:00 0 
7fbcd45b7000-7fbcd45ff000 rw-p 00000000 00:00 0 
7fbcd45ff000-7fbcd4629000 rw-p 00000000 00:00 0 
7fbcd4629000-7fbcd4893000 rw-p 00000000 00:00 0 
7fbcd4893000-7fbcd4962000 rw-p 00000000 00:00 0 
7fbcd4962000-7fbcd49dd000 rw-p 00000000 00:00 0 
7fbcd49dd000-7fbcd49de000 rw-p 00000000 00:00 0 
7fbcd49de000-7fbcd4c4e000 rwxp 00000000 00:00 0 
7fbcd4c4e000-7fbcd79de000 rw-p 00000000 00:00 0 
7fbcd79de000-7fbcd79e6000 r-xp 00000000 08:01 4466526                    /usr/lib/jvm/java-7-openjdk-amd64/jre/lib/amd64/libzip.so
7fbcd79e6000-7fbcd7be5000 ---p 00008000 08:01 4466526                    /usr/lib/jvm/java-7-openjdk-amd64/jre/lib/amd64/libzip.so
7fbcd7be5000-7fbcd7be6000 r--p 00007000 08:01 4466526                    /usr/lib/jvm/java-7-openjdk-amd64/jre/lib/amd64/libzip.so
7fbcd7be6000-7fbcd7be7000 rw-p 00008000 08:01 4466526                    /usr/lib/jvm/java-7-openjdk-amd64/jre/lib/amd64/libzip.so
7fbcd7be7000-7fbcd7bf3000 r-xp 00000000 08:01 6033075                    /lib/x86_64-linux-gnu/libnss_files-2.17.so
7fbcd7bf3000-7fbcd7df2000 ---p 0000c000 08:01 6033075                    /lib/x86_64-linux-gnu/libnss_files-2.17.so
7fbcd7df2000-7fbcd7df3000 r--p 0000b000 08:01 6033075                    /lib/x86_64-linux-gnu/libnss_files-2.17.so
7fbcd7df3000-7fbcd7df4000 rw-p 0000c000 08:01 6033075                    /lib/x86_64-linux-gnu/libnss_files-2.17.so
7fbcd7df4000-7fbcd7dff000 r-xp 00000000 08:01 6033079                    /lib/x86_64-linux-gnu/libnss_nis-2.17.so
7fbcd7dff000-7fbcd7ffe000 ---p 0000b000 08:01 6033079                    /lib/x86_64-linux-gnu/libnss_nis-2.17.so
7fbcd7ffe000-7fbcd7fff000 r--p 0000a000 08:01 6033079                    /lib/x86_64-linux-gnu/libnss_nis-2.17.so
7fbcd7fff000-7fbcd8000000 rw-p 0000b000 08:01 6033079                    /lib/x86_64-linux-gnu/libnss_nis-2.17.so
7fbcd8000000-7fbcd8615000 rw-p 00000000 00:00 0 
7fbcd8615000-7fbcdc000000 ---p 00000000 00:00 0 
7fbcdc000000-7fbcdc003000 r--s 0001d000 08:01 5378582                    /usr/local/share/java/lcm.jar
7fbcdc003000-7fbcdc105000 rw-p 00000000 00:00 0 
7fbcdc105000-7fbcdc14d000 rw-p 00000000 00:00 0 
7fbcdc14d000-7fbcdc164000 r-xp 00000000 08:01 6033069                    /lib/x86_64-linux-gnu/libnsl-2.17.so
7fbcdc164000-7fbcdc363000 ---p 00017000 08:01 6033069                    /lib/x86_64-linux-gnu/libnsl-2.17.so
7fbcdc363000-7fbcdc364000 r--p 00016000 08:01 6033069                    /lib/x86_64-linux-gnu/libnsl-2.17.so
7fbcdc364000-7fbcdc365000 rw-p 00017000 08:01 6033069                    /lib/x86_64-linux-gnu/libnsl-2.17.so
7fbcdc365000-7fbcdc367000 rw-p 00000000 00:00 0 
7fbcdc367000-7fbcdc36f000 r-xp 00000000 08:01 6033071                    /lib/x86_64-linux-gnu/libnss_compat-2.17.so
7fbcdc36f000-7fbcdc56e000 ---p 00008000 08:01 6033071                    /lib/x86_64-linux-gnu/libnss_compat-2.17.so
7fbcdc56e000-7fbcdc56f000 r--p 00007000 08:01 6033071                    /lib/x86_64-linux-gnu/libnss_compat-2.17.so
7fbcdc56f000-7fbcdc570000 rw-p 00008000 08:01 6033071                    /lib/x86_64-linux-gnu/libnss_compat-2.17.so
7fbcdc570000-7fbcdc59b000 r-xp 00000000 08:01 4466510                    /usr/lib/jvm/java-7-openjdk-amd64/jre/lib/amd64/libjava.so
7fbcdc59b000-7fbcdc79a000 ---p 0002b000 08:01 4466510                    /usr/lib/jvm/java-7-openjdk-amd64/jre/lib/amd64/libjava.so
7fbcdc79a000-7fbcdc79b000 r--p 0002a000 08:01 4466510                    /usr/lib/jvm/java-7-openjdk-amd64/jre/lib/amd64/libjava.so
7fbcdc79b000-7fbcdc79d000 rw-p 0002b000 08:01 4466510                    /usr/lib/jvm/java-7-openjdk-amd64/jre/lib/amd64/libjava.so
7fbcdc79d000-7fbcdc7ac000 r-xp 00000000 08:01 4466509                    /usr/lib/jvm/java-7-openjdk-amd64/jre/lib/amd64/libverify.so
7fbcdc7ac000-7fbcdc9ab000 ---p 0000f000 08:01 4466509                    /usr/lib/jvm/java-7-openjdk-amd64/jre/lib/amd64/libverify.so
7fbcdc9ab000-7fbcdc9ad000 r--p 0000e000 08:01 4466509                    /usr/lib/jvm/java-7-openjdk-amd64/jre/lib/amd64/libverify.so
7fbcdc9ad000-7fbcdc9ae000 rw-p 00010000 08:01 4466509                    /usr/lib/jvm/java-7-openjdk-amd64/jre/lib/amd64/libverify.so
7fbcdc9ae000-7fbcdc9b5000 r-xp 00000000 08:01 6033122                    /lib/x86_64-linux-gnu/librt-2.17.so
7fbcdc9b5000-7fbcdcbb4000 ---p 00007000 08:01 6033122                    /lib/x86_64-linux-gnu/librt-2.17.so
7fbcdcbb4000-7fbcdcbb5000 r--p 00006000 08:01 6033122                    /lib/x86_64-linux-gnu/librt-2.17.so
7fbcdcbb5000-7fbcdcbb6000 rw-p 00007000 08:01 6033122                    /lib/x86_64-linux-gnu/librt-2.17.so
7fbcdcbb6000-7fbcdcbca000 r-xp 00000000 08:01 6033027                    /lib/x86_64-linux-gnu/libgcc_s.so.1
7fbcdcbca000-7fbcdcdca000 ---p 00014000 08:01 6033027                    /lib/x86_64-linux-gnu/libgcc_s.so.1
7fbcdcdca000-7fbcdcdcb000 r--p 00014000 08:01 6033027                    /lib/x86_64-linux-gnu/libgcc_s.so.1
7fbcdcdcb000-7fbcdcdcc000 rw-p 00015000 08:01 6033027                    /lib/x86_64-linux-gnu/libgcc_s.so.1
7fbcdcdcc000-7fbcdcecf000 r-xp 00000000 08:01 6033050                    /lib/x86_64-linux-gnu/libm-2.17.so
7fbcdcecf000-7fbcdd0cf000 ---p 00103000 08:01 6033050                    /lib/x86_64-linux-gnu/libm-2.17.so
7fbcdd0cf000-7fbcdd0d0000 r--p 00103000 08:01 6033050                    /lib/x86_64-linux-gnu/libm-2.17.so
7fbcdd0d0000-7fbcdd0d1000 rw-p 00104000 08:01 6033050                    /lib/x86_64-linux-gnu/libm-2.17.so
7fbcdd0d1000-7fbcdd1b6000 r-xp 00000000 08:01 4464194                    /usr/lib/x86_64-linux-gnu/libstdc++.so.6.0.17
7fbcdd1b6000-7fbcdd3b5000 ---p 000e5000 08:01 4464194                    /usr/lib/x86_64-linux-gnu/libstdc++.so.6.0.17
7fbcdd3b5000-7fbcdd3bd000 r--p 000e4000 08:01 4464194                    /usr/lib/x86_64-linux-gnu/libstdc++.so.6.0.17
7fbcdd3bd000-7fbcdd3bf000 rw-p 000ec000 08:01 4464194                    /usr/lib/x86_64-linux-gnu/libstdc++.so.6.0.17
7fbcdd3bf000-7fbcdd3d4000 rw-p 00000000 00:00 0 
7fbcdd3d4000-7fbcdddc4000 r-xp 00000000 08:01 4466515                    /usr/lib/jvm/java-7-openjdk-amd64/jre/lib/amd64/server/libjvm.so
7fbcdddc4000-7fbcddfc3000 ---p 009f0000 08:01 4466515                    /usr/lib/jvm/java-7-openjdk-amd64/jre/lib/amd64/server/libjvm.so
7fbcddfc3000-7fbcde042000 r--p 009ef000 08:01 4466515                    /usr/lib/jvm/java-7-openjdk-amd64/jre/lib/amd64/server/libjvm.so
7fbcde042000-7fbcde065000 rw-p 00a6e000 08:01 4466515                    /usr/lib/jvm/java-7-openjdk-amd64/jre/lib/amd64/server/libjvm.so
7fbcde065000-7fbcde090000 rw-p 00000000 00:00 0 
7fbcde090000-7fbcde0a6000 r-xp 00000000 08:01 6033155                    /lib/x86_64-linux-gnu/libz.so.1.2.7
7fbcde0a6000-7fbcde2a5000 ---p 00016000 08:01 6033155                    /lib/x86_64-linux-gnu/libz.so.1.2.7
7fbcde2a5000-7fbcde2a6000 r--p 00015000 08:01 6033155                    /lib/x86_64-linux-gnu/libz.so.1.2.7
7fbcde2a6000-7fbcde2a7000 rw-p 00016000 08:01 6033155                    /lib/x86_64-linux-gnu/libz.so.1.2.7
7fbcde2a7000-7fbcde2bf000 r-xp 00000000 08:01 6033114                    /lib/x86_64-linux-gnu/libpthread-2.17.so
7fbcde2bf000-7fbcde4be000 ---p 00018000 08:01 6033114                    /lib/x86_64-linux-gnu/libpthread-2.17.so
7fbcde4be000-7fbcde4bf000 r--p 00017000 08:01 6033114                    /lib/x86_64-linux-gnu/libpthread-2.17.so
7fbcde4bf000-7fbcde4c0000 rw-p 00018000 08:01 6033114                    /lib/x86_64-linux-gnu/libpthread-2.17.so
7fbcde4c0000-7fbcde4c4000 rw-p 00000000 00:00 0 
7fbcde4c4000-7fbcde4c7000 r-xp 00000000 08:01 6033017                    /lib/x86_64-linux-gnu/libdl-2.17.so
7fbcde4c7000-7fbcde6c6000 ---p 00003000 08:01 6033017                    /lib/x86_64-linux-gnu/libdl-2.17.so
7fbcde6c6000-7fbcde6c7000 r--p 00002000 08:01 6033017                    /lib/x86_64-linux-gnu/libdl-2.17.so
7fbcde6c7000-7fbcde6c8000 rw-p 00003000 08:01 6033017                    /lib/x86_64-linux-gnu/libdl-2.17.so
7fbcde6c8000-7fbcde886000 r-xp 00000000 08:01 6033002                    /lib/x86_64-linux-gnu/libc-2.17.so
7fbcde886000-7fbcdea85000 ---p 001be000 08:01 6033002                    /lib/x86_64-linux-gnu/libc-2.17.so
7fbcdea85000-7fbcdea89000 r--p 001bd000 08:01 6033002                    /lib/x86_64-linux-gnu/libc-2.17.so
7fbcdea89000-7fbcdea8b000 rw-p 001c1000 08:01 6033002                    /lib/x86_64-linux-gnu/libc-2.17.so
7fbcdea8b000-7fbcdea90000 rw-p 00000000 00:00 0 
7fbcdea90000-7fbcdea9d000 r-xp 00000000 08:01 4466492                    /usr/lib/jvm/java-7-openjdk-amd64/jre/lib/amd64/jli/libjli.so
7fbcdea9d000-7fbcdec9c000 ---p 0000d000 08:01 4466492                    /usr/lib/jvm/java-7-openjdk-amd64/jre/lib/amd64/jli/libjli.so
7fbcdec9c000-7fbcdec9d000 r--p 0000c000 08:01 4466492                    /usr/lib/jvm/java-7-openjdk-amd64/jre/lib/amd64/jli/libjli.so
7fbcdec9d000-7fbcdec9e000 rw-p 0000d000 08:01 4466492                    /usr/lib/jvm/java-7-openjdk-amd64/jre/lib/amd64/jli/libjli.so
7fbcdec9e000-7fbcdecc1000 r-xp 00000000 08:01 6032978                    /lib/x86_64-linux-gnu/ld-2.17.so
7fbcdecc2000-7fbcdecc3000 rw-p 00000000 00:00 0 
7fbcdecc3000-7fbcdeccc000 r--s 0005a000 08:01 17171911                   /home/shiwali/soar/SoarSuite/out/java/soar-debugger.jar
7fbcdeccc000-7fbcdeccd000 r--s 00001000 08:01 17171909                   /home/shiwali/soar/SoarSuite/out/java/soar-debugger-api.jar
7fbcdeccd000-7fbcdecce000 r--s 00003000 08:01 17171915                   /home/shiwali/soar/SoarSuite/out/java/swtgraphics2d.jar
7fbcdecce000-7fbcdecd0000 r--s 00005000 08:01 17171902                   /home/shiwali/soar/SoarSuite/out/java/soar-smljava.jar
7fbcdecd0000-7fbcdecd9000 r--s 000bc000 08:01 4465943                    /usr/lib/jvm/java-7-openjdk-common/jre/lib/resources.jar
7fbcdecd9000-7fbcdecdc000 r--s 00018000 08:01 17171891                   /home/shiwali/soar/SoarSuite/out/java/sml.jar
7fbcdecdc000-7fbcdece0000 r--s 00085000 08:01 4465946                    /usr/lib/jvm/java-7-openjdk-common/jre/lib/ext/localedata.jar
7fbcdece0000-7fbcdecea000 rw-p 00000000 00:00 0 
7fbcdecea000-7fbcdeda0000 rw-p 00000000 00:00 0 
7fbcdeda0000-7fbcdeda3000 ---p 00000000 00:00 0 
7fbcdeda3000-7fbcdeea6000 rw-p 00000000 00:00 0                          [stack:6169]
7fbcdeea6000-7fbcdeea9000 r--s 00032000 08:01 4465947                    /usr/lib/jvm/java-7-openjdk-common/jre/lib/ext/sunjce_provider.jar
7fbcdeea9000-7fbcdeeac000 r--s 0003c000 08:01 4465945                    /usr/lib/jvm/java-7-openjdk-common/jre/lib/ext/sunpkcs11.jar
7fbcdeeac000-7fbcdeead000 r--s 00002000 08:01 4465949                    /usr/lib/jvm/java-7-openjdk-common/jre/lib/ext/dnsns.jar
7fbcdeead000-7fbcdeeb0000 r--s 0000f000 08:01 4465948                    /usr/lib/jvm/java-7-openjdk-common/jre/lib/ext/pulse-java.jar
7fbcdeeb0000-7fbcdeeb2000 r--s 00006000 08:01 4855577                    /usr/share/java/java-atk-wrapper.jar
7fbcdeeb2000-7fbcdeeb4000 r--s 00012000 08:01 4465950                    /usr/lib/jvm/java-7-openjdk-common/jre/lib/ext/zipfs.jar
7fbcdeeb4000-7fbcdeebc000 rw-s 00000000 08:01 6160661                    /tmp/hsperfdata_shiwali/6168
7fbcdeebc000-7fbcdeebd000 rw-p 00000000 00:00 0 
7fbcdeebd000-7fbcdeebe000 r--p 00000000 00:00 0 
7fbcdeebe000-7fbcdeec0000 rw-p 00000000 00:00 0 
7fbcdeec0000-7fbcdeec1000 r--p 00022000 08:01 6032978                    /lib/x86_64-linux-gnu/ld-2.17.so
7fbcdeec1000-7fbcdeec3000 rw-p 00023000 08:01 6032978                    /lib/x86_64-linux-gnu/ld-2.17.so
7fffe6b00000-7fffe6b21000 rw-p 00000000 00:00 0                          [stack]
7fffe6bfe000-7fffe6c00000 r-xp 00000000 00:00 0                          [vdso]
ffffffffff600000-ffffffffff601000 r-xp 00000000 00:00 0                  [vsyscall]

VM Arguments:
jvm_args: -Dfile.encoding=UTF-8 
java_command: edu.umich.insoar.InSoar
Launcher Type: SUN_STANDARD

Environment Variables:
PATH=/usr/lib/lightdm/lightdm:/usr/local/sbin:/usr/local/bin:/usr/sbin:/usr/bin:/sbin:/bin:/usr/games:/usr/local/games
LD_LIBRARY_PATH=/home/shiwali/soar/SoarSuite/out
SHELL=/bin/bash
DISPLAY=:0

Signal Handlers:
SIGSEGV: [libjvm.so+0x84f410], sa_mask[0]=0x7ffbfeff, sa_flags=0x10000004
SIGBUS: [libjvm.so+0x84f410], sa_mask[0]=0x7ffbfeff, sa_flags=0x10000004
SIGFPE: [libjvm.so+0x6f19a0], sa_mask[0]=0x7ffbfeff, sa_flags=0x10000004
SIGPIPE: SIG_IGN, sa_mask[0]=0x00000000, sa_flags=0x00000000
SIGXFSZ: [libjvm.so+0x6f19a0], sa_mask[0]=0x7ffbfeff, sa_flags=0x10000004
SIGILL: [libjvm.so+0x6f19a0], sa_mask[0]=0x7ffbfeff, sa_flags=0x10000004
SIGUSR1: SIG_DFL, sa_mask[0]=0x00000000, sa_flags=0x00000000
SIGUSR2: [libjvm.so+0x6f1d70], sa_mask[0]=0x00000004, sa_flags=0x10000004
SIGHUP: [libjvm.so+0x6f1eb0], sa_mask[0]=0x7ffbfeff, sa_flags=0x10000004
SIGINT: [libjvm.so+0x6f1eb0], sa_mask[0]=0x7ffbfeff, sa_flags=0x10000004
SIGTERM: [libjvm.so+0x6f1eb0], sa_mask[0]=0x7ffbfeff, sa_flags=0x10000004
SIGQUIT: [libjvm.so+0x6f1eb0], sa_mask[0]=0x7ffbfeff, sa_flags=0x10000004


---------------  S Y S T E M  ---------------

OS:Ubuntu 13.04 (raring)
uname:Linux 3.8.0-27-generic #40-Ubuntu SMP Tue Jul 9 00:17:05 UTC 2013 x86_64
libc:glibc 2.17 NPTL 2.17 
rlimit: STACK 8192k, CORE 0k, NPROC 63152, NOFILE 4096, AS infinity
load average:1.71 1.86 1.80

/proc/meminfo:
MemTotal:        8102568 kB
MemFree:         2930536 kB
Buffers:          110208 kB
Cached:          1375248 kB
SwapCached:            0 kB
Active:          3748836 kB
Inactive:         883272 kB
Active(anon):    3147640 kB
Inactive(anon):    50616 kB
Active(file):     601196 kB
Inactive(file):   832656 kB
Unevictable:         100 kB
Mlocked:             100 kB
SwapTotal:       8311804 kB
SwapFree:        8311804 kB
Dirty:               452 kB
Writeback:             0 kB
AnonPages:       3147028 kB
Mapped:           250932 kB
Shmem:             51608 kB
Slab:             135400 kB
SReclaimable:      92496 kB
SUnreclaim:        42904 kB
KernelStack:        5672 kB
PageTables:        47000 kB
NFS_Unstable:          0 kB
Bounce:                0 kB
WritebackTmp:          0 kB
CommitLimit:    12363088 kB
Committed_AS:    7525668 kB
VmallocTotal:   34359738367 kB
VmallocUsed:      100824 kB
VmallocChunk:   34359621584 kB
HardwareCorrupted:     0 kB
AnonHugePages:         0 kB
HugePages_Total:       0
HugePages_Free:        0
HugePages_Rsvd:        0
HugePages_Surp:        0
Hugepagesize:       2048 kB
DirectMap4k:       68412 kB
DirectMap2M:     8245248 kB


CPU:total 8 (4 cores per cpu, 2 threads per core) family 6 model 30 stepping 5, cmov, cx8, fxsr, mmx, sse, sse2, sse3, ssse3, sse4.1, sse4.2, popcnt, ht, tsc, tscinvbit

/proc/cpuinfo:
processor	: 0
vendor_id	: GenuineIntel
cpu family	: 6
model		: 30
model name	: Intel(R) Core(TM) i7 CPU         860  @ 2.80GHz
stepping	: 5
microcode	: 0x5
cpu MHz		: 2794.000
cache size	: 8192 KB
physical id	: 0
siblings	: 8
core id		: 0
cpu cores	: 4
apicid		: 0
initial apicid	: 0
fpu		: yes
fpu_exception	: yes
cpuid level	: 11
wp		: yes
flags		: fpu vme de pse tsc msr pae mce cx8 apic sep mtrr pge mca cmov pat pse36 clflush dts acpi mmx fxsr sse sse2 ss ht tm pbe syscall nx rdtscp lm constant_tsc arch_perfmon pebs bts rep_good nopl xtopology nonstop_tsc aperfmperf pni dtes64 monitor ds_cpl vmx smx est tm2 ssse3 cx16 xtpr pdcm sse4_1 sse4_2 popcnt lahf_lm ida dtherm tpr_shadow vnmi flexpriority ept vpid
bogomips	: 5585.99
clflush size	: 64
cache_alignment	: 64
address sizes	: 36 bits physical, 48 bits virtual
power management:

processor	: 1
vendor_id	: GenuineIntel
cpu family	: 6
model		: 30
model name	: Intel(R) Core(TM) i7 CPU         860  @ 2.80GHz
stepping	: 5
microcode	: 0x5
cpu MHz		: 1197.000
cache size	: 8192 KB
physical id	: 0
siblings	: 8
core id		: 1
cpu cores	: 4
apicid		: 2
initial apicid	: 2
fpu		: yes
fpu_exception	: yes
cpuid level	: 11
wp		: yes
flags		: fpu vme de pse tsc msr pae mce cx8 apic sep mtrr pge mca cmov pat pse36 clflush dts acpi mmx fxsr sse sse2 ss ht tm pbe syscall nx rdtscp lm constant_tsc arch_perfmon pebs bts rep_good nopl xtopology nonstop_tsc aperfmperf pni dtes64 monitor ds_cpl vmx smx est tm2 ssse3 cx16 xtpr pdcm sse4_1 sse4_2 popcnt lahf_lm ida dtherm tpr_shadow vnmi flexpriority ept vpid
bogomips	: 5585.99
clflush size	: 64
cache_alignment	: 64
address sizes	: 36 bits physical, 48 bits virtual
power management:

processor	: 2
vendor_id	: GenuineIntel
cpu family	: 6
model		: 30
model name	: Intel(R) Core(TM) i7 CPU         860  @ 2.80GHz
stepping	: 5
microcode	: 0x5
cpu MHz		: 1197.000
cache size	: 8192 KB
physical id	: 0
siblings	: 8
core id		: 2
cpu cores	: 4
apicid		: 4
initial apicid	: 4
fpu		: yes
fpu_exception	: yes
cpuid level	: 11
wp		: yes
flags		: fpu vme de pse tsc msr pae mce cx8 apic sep mtrr pge mca cmov pat pse36 clflush dts acpi mmx fxsr sse sse2 ss ht tm pbe syscall nx rdtscp lm constant_tsc arch_perfmon pebs bts rep_good nopl xtopology nonstop_tsc aperfmperf pni dtes64 monitor ds_cpl vmx smx est tm2 ssse3 cx16 xtpr pdcm sse4_1 sse4_2 popcnt lahf_lm ida dtherm tpr_shadow vnmi flexpriority ept vpid
bogomips	: 5585.99
clflush size	: 64
cache_alignment	: 64
address sizes	: 36 bits physical, 48 bits virtual
power management:

processor	: 3
vendor_id	: GenuineIntel
cpu family	: 6
model		: 30
model name	: Intel(R) Core(TM) i7 CPU         860  @ 2.80GHz
stepping	: 5
microcode	: 0x5
cpu MHz		: 1197.000
cache size	: 8192 KB
physical id	: 0
siblings	: 8
core id		: 3
cpu cores	: 4
apicid		: 6
initial apicid	: 6
fpu		: yes
fpu_exception	: yes
cpuid level	: 11
wp		: yes
flags		: fpu vme de pse tsc msr pae mce cx8 apic sep mtrr pge mca cmov pat pse36 clflush dts acpi mmx fxsr sse sse2 ss ht tm pbe syscall nx rdtscp lm constant_tsc arch_perfmon pebs bts rep_good nopl xtopology nonstop_tsc aperfmperf pni dtes64 monitor ds_cpl vmx smx est tm2 ssse3 cx16 xtpr pdcm sse4_1 sse4_2 popcnt lahf_lm ida dtherm tpr_shadow vnmi flexpriority ept vpid
bogomips	: 5585.99
clflush size	: 64
cache_alignment	: 64
address sizes	: 36 bits physical, 48 bits virtual
power management:

processor	: 4
vendor_id	: GenuineIntel
cpu family	: 6
model		: 30
model name	: Intel(R) Core(TM) i7 CPU         860  @ 2.80GHz
stepping	: 5
microcode	: 0x5
cpu MHz		: 1197.000
cache size	: 8192 KB
physical id	: 0
siblings	: 8
core id		: 0
cpu cores	: 4
apicid		: 1
initial apicid	: 1
fpu		: yes
fpu_exception	: yes
cpuid level	: 11
wp		: yes
flags		: fpu vme de pse tsc msr pae mce cx8 apic sep mtrr pge mca cmov pat pse36 clflush dts acpi mmx fxsr sse sse2 ss ht tm pbe syscall nx rdtscp lm constant_tsc arch_perfmon pebs bts rep_good nopl xtopology nonstop_tsc aperfmperf pni dtes64 monitor ds_cpl vmx smx est tm2 ssse3 cx16 xtpr pdcm sse4_1 sse4_2 popcnt lahf_lm ida dtherm tpr_shadow vnmi flexpriority ept vpid
bogomips	: 5585.99
clflush size	: 64
cache_alignment	: 64
address sizes	: 36 bits physical, 48 bits virtual
power management:

processor	: 5
vendor_id	: GenuineIntel
cpu family	: 6
model		: 30
model name	: Intel(R) Core(TM) i7 CPU         860  @ 2.80GHz
stepping	: 5
microcode	: 0x5
cpu MHz		: 2794.000
cache size	: 8192 KB
physical id	: 0
siblings	: 8
core id		: 1
cpu cores	: 4
apicid		: 3
initial apicid	: 3
fpu		: yes
fpu_exception	: yes
cpuid level	: 11
wp		: yes
flags		: fpu vme de pse tsc msr pae mce cx8 apic sep mtrr pge mca cmov pat pse36 clflush dts acpi mmx fxsr sse sse2 ss ht tm pbe syscall nx rdtscp lm constant_tsc arch_perfmon pebs bts rep_good nopl xtopology nonstop_tsc aperfmperf pni dtes64 monitor ds_cpl vmx smx est tm2 ssse3 cx16 xtpr pdcm sse4_1 sse4_2 popcnt lahf_lm ida dtherm tpr_shadow vnmi flexpriority ept vpid
bogomips	: 5585.99
clflush size	: 64
cache_alignment	: 64
address sizes	: 36 bits physical, 48 bits virtual
power management:

processor	: 6
vendor_id	: GenuineIntel
cpu family	: 6
model		: 30
model name	: Intel(R) Core(TM) i7 CPU         860  @ 2.80GHz
stepping	: 5
microcode	: 0x5
cpu MHz		: 1197.000
cache size	: 8192 KB
physical id	: 0
siblings	: 8
core id		: 2
cpu cores	: 4
apicid		: 5
initial apicid	: 5
fpu		: yes
fpu_exception	: yes
cpuid level	: 11
wp		: yes
flags		: fpu vme de pse tsc msr pae mce cx8 apic sep mtrr pge mca cmov pat pse36 clflush dts acpi mmx fxsr sse sse2 ss ht tm pbe syscall nx rdtscp lm constant_tsc arch_perfmon pebs bts rep_good nopl xtopology nonstop_tsc aperfmperf pni dtes64 monitor ds_cpl vmx smx est tm2 ssse3 cx16 xtpr pdcm sse4_1 sse4_2 popcnt lahf_lm ida dtherm tpr_shadow vnmi flexpriority ept vpid
bogomips	: 5585.99
clflush size	: 64
cache_alignment	: 64
address sizes	: 36 bits physical, 48 bits virtual
power management:

processor	: 7
vendor_id	: GenuineIntel
cpu family	: 6
model		: 30
model name	: Intel(R) Core(TM) i7 CPU         860  @ 2.80GHz
stepping	: 5
microcode	: 0x5
cpu MHz		: 1197.000
cache size	: 8192 KB
physical id	: 0
siblings	: 8
core id		: 3
cpu cores	: 4
apicid		: 7
initial apicid	: 7
fpu		: yes
fpu_exception	: yes
cpuid level	: 11
wp		: yes
flags		: fpu vme de pse tsc msr pae mce cx8 apic sep mtrr pge mca cmov pat pse36 clflush dts acpi mmx fxsr sse sse2 ss ht tm pbe syscall nx rdtscp lm constant_tsc arch_perfmon pebs bts rep_good nopl xtopology nonstop_tsc aperfmperf pni dtes64 monitor ds_cpl vmx smx est tm2 ssse3 cx16 xtpr pdcm sse4_1 sse4_2 popcnt lahf_lm ida dtherm tpr_shadow vnmi flexpriority ept vpid
bogomips	: 5585.99
clflush size	: 64
cache_alignment	: 64
address sizes	: 36 bits physical, 48 bits virtual
power management:



Memory: 4k page, physical 8102568k(2930536k free), swap 8311804k(8311804k free)

vm_info: OpenJDK 64-Bit Server VM (23.7-b01) for linux-amd64 JRE (1.7.0_25-b30), built on Jul  3 2013 13:50:39 by "buildd" with gcc 4.7.3

time: Mon Aug 19 12:06:03 2013
elapsed time: 194 seconds

