#
# A fatal error has been detected by the Java Runtime Environment:
#
#  SIGSEGV (0xb) at pc=0x00007f27428ed55f, pid=11650, tid=139805722646272
#
# JRE version: 7.0_25-b30
# Java VM: OpenJDK 64-Bit Server VM (23.7-b01 mixed mode linux-amd64 compressed oops)
# Problematic frame:
# C  [libc.so.6+0x9855f]  envz_strip+0x11af
#
# Failed to write core dump. Core dumps have been disabled. To enable core dumping, try "ulimit -c unlimited" before starting Java again
#
# If you would like to submit a bug report, please include
# instructions on how to reproduce the bug and visit:
#   https://bugs.launchpad.net/ubuntu/+source/openjdk-7/
#

---------------  T H R E A D  ---------------

Current thread is native thread

siginfo:si_signo=SIGSEGV: si_errno=0, si_code=1 (SEGV_MAPERR), si_addr=0x0000000000000000

Registers:
RAX=0x00007f270e6f7d8f, RBX=0x0000000000000000, RCX=0x0000000000000000, RDX=0x00000000000000f0
RSP=0x00007f270e6f7af8, RBP=0x00007f270e6f7c00, RSI=0x0000000000000000, RDI=0x00007f270e6f7d8f
R8 =0x00000000000000f0, R9 =0x0000000000100000, R10=0x0000000000000000, R11=0x00007f27428e1c1d
R12=0x0000000000000000, R13=0x00007f274304e060, R14=0x00007f274302c4f0, R15=0x0000000000001000
RIP=0x00007f27428ed55f, EFLAGS=0x0000000000010283, CSGSFS=0x0000000000000033, ERR=0x0000000000000004
  TRAPNO=0x000000000000000e

Top of Stack: (sp=0x00007f270e6f7af8)
0x00007f270e6f7af8:   00007f270f0f8eac 00007f270e6f7b30
0x00007f270e6f7b08:   00007f270f3c4f1c 00007f274304e060
0x00007f270e6f7b18:   00000000000000f0 00007f270e6f7d8f
0x00007f270e6f7b28:   0000000100000000 00007f26e06345b0
0x00007f270e6f7b38:   00007f26e0000dd0 00007f270e6f7b60
0x00007f270e6f7b48:   00007f26e1231060 00007f2700000000
0x00007f270e6f7b58:   00007f270f179034 0000000000000000
0x00007f270e6f7b68:   00007f26e1231060 00007f270e6f7b90
0x00007f270e6f7b78:   00007f270f1609f6 0000000000000000
0x00007f270e6f7b88:   00007f26e1230f10 00007f270e6f7bb0
0x00007f270e6f7b98:   00007f270f179034 0000000000000000
0x00007f270e6f7ba8:   00007f26e1230f10 00007f270e6f7bd0
0x00007f270e6f7bb8:   00007f270f1609f6 0000000000000000
0x00007f270e6f7bc8:   00007f26e1230f10 00007f270e6f7c00
0x00007f270e6f7bd8:   00007f270f160a63 00007f270e6f7c10
0x00007f270e6f7be8:   9442ade9fa251a00 0000000000000000
0x00007f270e6f7bf8:   0000000000000000 00007f270e6f7c50
0x00007f270e6f7c08:   00007f270f0f8a3b 00007f270e6f7c40
0x00007f270e6f7c18:   00007f270e6f7c88 00007f270f505767
0x00007f270e6f7c28:   00000000000000ff 00007f270e6f7d80
0x00007f270e6f7c38:   00007f26e0000dd0 0000000100000000
0x00007f270e6f7c48:   00007f270e6f7d8f 00007f270e6f7d50
0x00007f270e6f7c58:   00007f270f0f8c2c 00007f270f505758
0x00007f270e6f7c68:   00000000000000ff 00007f270e6f7d80
0x00007f270e6f7c78:   00007f26e0000dd0 00007f26e1230fa0
0x00007f270e6f7c88:   0000003000000028 00007f270e6f7d60
0x00007f270e6f7c98:   00007f270e6f7ca0 00007f26e08c7640
0x00007f270e6f7ca8:   00007f26e0000dd0 00007f270e6f7d10
0x00007f270e6f7cb8:   00007f270e6f7d08 00007f26e06345b0
0x00007f270e6f7cc8:   0000000000100000 00007f270e6f7d10
0x00007f270e6f7cd8:   00007f270f0cc09c 00007f270e6f7d10
0x00007f270e6f7ce8:   00007f26e0f622f8 00007f26e0f622f8 

Instructions: (pc=0x00007f27428ed55f)
0x00007f27428ed53f:   10 f3 0f 7f 77 20 f3 0f 7f 7f 30 49 83 c0 0f 49
0x00007f27428ed54f:   29 d0 48 8d 7c 17 31 e9 95 0b 00 00 66 0f ef c0
0x00007f27428ed55f:   f3 0f 6f 0e f3 0f 6f 56 10 66 0f 74 c1 66 0f d7
0x00007f27428ed56f:   d0 49 83 f8 11 0f 86 92 02 00 00 48 85 d2 75 5d 

Register to memory mapping:

RAX=0x00007f270e6f7d8f is an unknown value
RBX=0x0000000000000000 is an unknown value
RCX=0x0000000000000000 is an unknown value
RDX=0x00000000000000f0 is an unknown value
RSP=0x00007f270e6f7af8 is an unknown value
RBP=0x00007f270e6f7c00 is an unknown value
RSI=0x0000000000000000 is an unknown value
RDI=0x00007f270e6f7d8f is an unknown value
R8 =0x00000000000000f0 is an unknown value
R9 =0x0000000000100000 is an unknown value
R10=0x0000000000000000 is an unknown value
R11=0x00007f27428e1c1d: <offset 0x8cc1d> in /lib/x86_64-linux-gnu/libc.so.6 at 0x00007f2742855000
R12=0x0000000000000000 is an unknown value
R13=0x00007f274304e060: _rtld_global+0 in /lib64/ld-linux-x86-64.so.2 at 0x00007f2742e2b000
R14=0x00007f274302c4f0 is pointing into the stack for thread: 0x00007f273c009800
R15=0x0000000000001000 is an unknown value


Stack: [0x00007f270def9000,0x00007f270e6fa000],  sp=0x00007f270e6f7af8,  free space=8186k
Native frames: (J=compiled Java code, j=interpreted, Vv=VM code, C=native code)
C  [libc.so.6+0x9855f]  envz_strip+0x11af
C  [libSoar.so+0x1fda3b]  vsnprintf_with_symbols(agent_struct*, char*, unsigned long, char const*, __va_list_tag*)+0x105
C  [libSoar.so+0x1fdc2c]  snprintf_with_symbols(agent_struct*, char*, unsigned long, char const*, ...)+0xb4
C  [libSoar.so+0x1d7d08]  gds_invalid_so_remove_goal(agent_struct*, wme_struct*)+0xa5
C  [libSoar.so+0x1d4e0d]  decide_non_context_slot(agent_struct*, slot_struct*)+0x199
C  [libSoar.so+0x1d52e3]  decide_non_context_slots(agent_struct*)+0x55
C  [libSoar.so+0x1d6f18]  do_working_memory_phase(agent_struct*)+0x105
C  [libSoar.so+0x1eff55]  do_one_top_level_phase(agent_struct*)+0x7f9
C  [libSoar.so+0x1f1318]  run_for_n_decision_cycles(agent_struct*, long)+0xb8
C  [libSoar.so+0x380f5d]  sml::AgentSML::Step(sml::smlRunStepSize)+0x109
C  [libSoar.so+0x380d95]  sml::AgentSML::StepInClientThread(sml::smlRunStepSize)+0x43
C  [libSoar.so+0x391d66]  sml::RunScheduler::RunScheduledAgents(bool, sml::smlRunStepSize, unsigned long, sml::smlRunFlags, sml::smlRunStepSize, bool)+0x348
C  [libSoar.so+0x41d2d0]  cli::CommandLineInterface::DoRun(std::bitset<10ul> const&, int, cli::Cli::eRunInterleaveMode)+0x332
C  [libSoar.so+0x43e338]  cli::RunCommand::Parse(std::vector<std::string, std::allocator<std::string> >&)+0x67a
C  [libSoar.so+0x42e86f]  cli::Parser::handle_command(std::vector<std::string, std::allocator<std::string> >&)+0x91
C  [libSoar.so+0x42d596]  soar::tokenizer::parse_command()+0x1d0
C  [libSoar.so+0x42d33c]  soar::tokenizer::evaluate(char const*)+0x60
C  [libSoar.so+0x42080b]  cli::CommandLineInterface::Source(char const*, bool)+0x61
C  [libSoar.so+0x42ab13]  cli::CommandLineInterface::DoCommand(sml::Connection*, sml::AgentSML*, char const*, bool, bool, soarxml::ElementXML*)+0x11d
C  [libSoar.so+0x38c0e9]  sml::KernelSML::HandleCommandLine(sml::AgentSML*, char const*, sml::Connection*, sml::AnalyzeXML*, soarxml::ElementXML*)+0x481
C  [libSoar.so+0x3883c3]  sml::KernelSML::ProcessCommand(char const*, sml::Connection*, sml::AnalyzeXML*, soarxml::ElementXML*)+0x325
C  [libSoar.so+0x38868f]  sml::KernelSML::ProcessIncomingSML(sml::Connection*, soarxml::ElementXML*)+0x119
C  [libSoar.so+0x37f1c0]  ReceivedCall(sml::Connection*, soarxml::ElementXML*, void*)+0x3b
C  [libSoar.so+0x3f70d8]  sml::Callback::Invoke(soarxml::ElementXML*)+0x30
C  [libSoar.so+0x3f0dcb]  sml::Connection::InvokeCallbacks(soarxml::ElementXML*)+0x105
C  [libSoar.so+0x3f446d]  sml::RemoteConnection::ReceiveMessages(bool, int, int)+0x229
C  [libSoar.so+0x3f4241]  sml::RemoteConnection::ReceiveMessages(bool)+0x2b
C  [libSoar.so+0x385655]  sml::ConnectionManager::ReceiveAllMessages()+0x6f
C  [libSoar.so+0x38e062]  sml::ReceiverThread::Run()+0x2e
C  [libSoar.so+0x3f6d7d]  ThreadStartFunction(void*)+0x2b
C  [libSoar.so+0x3f6c35]  LinuxThreadFunc(void*)+0x28


---------------  P R O C E S S  ---------------

VM state:not at safepoint (normal execution)

VM Mutex/Monitor currently owned by a thread: None

Heap
 PSYoungGen      total 262400K, used 80425K [0x00000007d6c00000, 0x00000007f0900000, 0x0000000800000000)
  eden space 253120K, 29% used [0x00000007d6c00000,0x00000007db5529e8,0x00000007e6330000)
  from space 9280K, 57% used [0x00000007e6330000,0x00000007e6867d20,0x00000007e6c40000)
  to   space 8960K, 0% used [0x00000007f0040000,0x00000007f0040000,0x00000007f0900000)
 ParOldGen       total 84480K, used 9642K [0x0000000784400000, 0x0000000789680000, 0x00000007d6c00000)
  object space 84480K, 11% used [0x0000000784400000,0x0000000784d6abd0,0x0000000789680000)
 PSPermGen       total 21248K, used 19192K [0x0000000779e00000, 0x000000077b2c0000, 0x0000000784400000)
  object space 21248K, 90% used [0x0000000779e00000,0x000000077b0be158,0x000000077b2c0000)

Card table byte_map: [0x00007f27387b8000,0x00007f2738bea000] byte_map_base: 0x00007f2734be9000

Polling page: 0x00007f274304a000

Code Cache  [0x00007f2738bea000, 0x00007f2738e5a000, 0x00007f273bbea000)
 total_blobs=1007 nmethods=456 adapters=503 free_code_cache=47355Kb largest_free_block=48451264

Compilation events (10 events):
Event: 167.777 Thread 0x00007f273c116800  471  s!         java.net.DatagramSocket::receive (306 bytes)
Event: 167.789 Thread 0x00007f273c116800 nmethod 471 0x00007f2738db35d0 code [0x00007f2738db37e0, 0x00007f2738db4870]
Event: 169.578 Thread 0x00007f273c119800  472             java.lang.ThreadLocal$ThreadLocalMap::access$000 (6 bytes)
Event: 169.580 Thread 0x00007f273c119800 nmethod 472 0x00007f2738da8a10 code [0x00007f2738da8b60, 0x00007f2738da8c88]
Event: 174.691 Thread 0x00007f273c116800   13 % !         lcm.lcm.UDPMulticastProvider$ReaderThread::run @ 14 (62 bytes)
Event: 174.693 Thread 0x00007f273c116800 nmethod 13% 0x00007f2738d11d10 code [0x00007f2738d11ea0, 0x00007f2738d12110]
Event: 209.520 Thread 0x00007f273c119800  473             probcog.lcmtypes.robot_action_t::<init> (33 bytes)
Event: 209.522 Thread 0x00007f273c119800 nmethod 473 0x00007f2738daa250 code [0x00007f2738daa3c0, 0x00007f2738daa5c8]
Event: 236.923 Thread 0x00007f273c116800  474             java.lang.ThreadLocal::getMap (5 bytes)
Event: 236.924 Thread 0x00007f273c116800 nmethod 474 0x00007f2738daa010 code [0x00007f2738daa140, 0x00007f2738daa1b8]

GC Heap History (10 events):
Event: 1.706 GC heap before
{Heap before GC invocations=5 (full 0):
 PSYoungGen      total 68608K, used 68464K [0x00000007d6c00000, 0x00000007db420000, 0x0000000800000000)
  eden space 63360K, 100% used [0x00000007d6c00000,0x00000007da9e0000,0x00000007da9e0000)
  from space 5248K, 97% used [0x00000007daf00000,0x00000007db3fc010,0x00000007db420000)
  to   space 5248K, 0% used [0x00000007da9e0000,0x00000007da9e0000,0x00000007daf00000)
 ParOldGen       total 84480K, used 3886K [0x0000000784400000, 0x0000000789680000, 0x00000007d6c00000)
  object space 84480K, 4% used [0x0000000784400000,0x00000007847cbb60,0x0000000789680000)
 PSPermGen       total 21248K, used 3569K [0x0000000779e00000, 0x000000077b2c0000, 0x0000000784400000)
  object space 21248K, 16% used [0x0000000779e00000,0x000000077a17c520,0x000000077b2c0000)
Event: 1.724 GC heap after
Heap after GC invocations=5 (full 0):
 PSYoungGen      total 68608K, used 5216K [0x00000007d6c00000, 0x00000007df820000, 0x0000000800000000)
  eden space 63360K, 0% used [0x00000007d6c00000,0x00000007d6c00000,0x00000007da9e0000)
  from space 5248K, 99% used [0x00000007da9e0000,0x00000007daef8020,0x00000007daf00000)
  to   space 8384K, 0% used [0x00000007deff0000,0x00000007deff0000,0x00000007df820000)
 ParOldGen       total 84480K, used 4782K [0x0000000784400000, 0x0000000789680000, 0x00000007d6c00000)
  object space 84480K, 5% used [0x0000000784400000,0x00000007848abb60,0x0000000789680000)
 PSPermGen       total 21248K, used 3569K [0x0000000779e00000, 0x000000077b2c0000, 0x0000000784400000)
  object space 21248K, 16% used [0x0000000779e00000,0x000000077a17c520,0x000000077b2c0000)
}
Event: 1.939 GC heap before
{Heap before GC invocations=6 (full 0):
 PSYoungGen      total 68608K, used 68576K [0x00000007d6c00000, 0x00000007df820000, 0x0000000800000000)
  eden space 63360K, 100% used [0x00000007d6c00000,0x00000007da9e0000,0x00000007da9e0000)
  from space 5248K, 99% used [0x00000007da9e0000,0x00000007daef8020,0x00000007daf00000)
  to   space 8384K, 0% used [0x00000007deff0000,0x00000007deff0000,0x00000007df820000)
 ParOldGen       total 84480K, used 4782K [0x0000000784400000, 0x0000000789680000, 0x00000007d6c00000)
  object space 84480K, 5% used [0x0000000784400000,0x00000007848abb60,0x0000000789680000)
 PSPermGen       total 21248K, used 3569K [0x0000000779e00000, 0x000000077b2c0000, 0x0000000784400000)
  object space 21248K, 16% used [0x0000000779e00000,0x000000077a17c520,0x000000077b2c0000)
Event: 1.953 GC heap after
Heap after GC invocations=6 (full 0):
 PSYoungGen      total 134720K, used 5536K [0x00000007d6c00000, 0x00000007df7c0000, 0x0000000800000000)
  eden space 126720K, 0% used [0x00000007d6c00000,0x00000007d6c00000,0x00000007de7c0000)
  from space 8000K, 69% used [0x00000007deff0000,0x00000007df558020,0x00000007df7c0000)
  to   space 8192K, 0% used [0x00000007de7c0000,0x00000007de7c0000,0x00000007defc0000)
 ParOldGen       total 84480K, used 4782K [0x0000000784400000, 0x0000000789680000, 0x00000007d6c00000)
  object space 84480K, 5% used [0x0000000784400000,0x00000007848abb60,0x0000000789680000)
 PSPermGen       total 21248K, used 3569K [0x0000000779e00000, 0x000000077b2c0000, 0x0000000784400000)
  object space 21248K, 16% used [0x0000000779e00000,0x000000077a17c520,0x000000077b2c0000)
}
Event: 2.420 GC heap before
{Heap before GC invocations=7 (full 0):
 PSYoungGen      total 134720K, used 132256K [0x00000007d6c00000, 0x00000007df7c0000, 0x0000000800000000)
  eden space 126720K, 100% used [0x00000007d6c00000,0x00000007de7c0000,0x00000007de7c0000)
  from space 8000K, 69% used [0x00000007deff0000,0x00000007df558020,0x00000007df7c0000)
  to   space 8192K, 0% used [0x00000007de7c0000,0x00000007de7c0000,0x00000007defc0000)
 ParOldGen       total 84480K, used 4782K [0x0000000784400000, 0x0000000789680000, 0x00000007d6c00000)
  object space 84480K, 5% used [0x0000000784400000,0x00000007848abb60,0x0000000789680000)
 PSPermGen       total 21248K, used 3569K [0x0000000779e00000, 0x000000077b2c0000, 0x0000000784400000)
  object space 21248K, 16% used [0x0000000779e00000,0x000000077a17c520,0x000000077b2c0000)
Event: 2.434 GC heap after
Heap after GC invocations=7 (full 0):
 PSYoungGen      total 134912K, used 1312K [0x00000007d6c00000, 0x00000007e7500000, 0x0000000800000000)
  eden space 126720K, 0% used [0x00000007d6c00000,0x00000007d6c00000,0x00000007de7c0000)
  from space 8192K, 16% used [0x00000007de7c0000,0x00000007de908000,0x00000007defc0000)
  to   space 8960K, 0% used [0x00000007e6c40000,0x00000007e6c40000,0x00000007e7500000)
 ParOldGen       total 84480K, used 9522K [0x0000000784400000, 0x0000000789680000, 0x00000007d6c00000)
  object space 84480K, 11% used [0x0000000784400000,0x0000000784d4cbd0,0x0000000789680000)
 PSPermGen       total 21248K, used 3569K [0x0000000779e00000, 0x000000077b2c0000, 0x0000000784400000)
  object space 21248K, 16% used [0x0000000779e00000,0x000000077a17c520,0x000000077b2c0000)
}
Event: 2.839 GC heap before
{Heap before GC invocations=8 (full 0):
 PSYoungGen      total 134912K, used 128032K [0x00000007d6c00000, 0x00000007e7500000, 0x0000000800000000)
  eden space 126720K, 100% used [0x00000007d6c00000,0x00000007de7c0000,0x00000007de7c0000)
  from space 8192K, 16% used [0x00000007de7c0000,0x00000007de908000,0x00000007defc0000)
  to   space 8960K, 0% used [0x00000007e6c40000,0x00000007e6c40000,0x00000007e7500000)
 ParOldGen       total 84480K, used 9522K [0x0000000784400000, 0x0000000789680000, 0x00000007d6c00000)
  object space 84480K, 11% used [0x0000000784400000,0x0000000784d4cbd0,0x0000000789680000)
 PSPermGen       total 21248K, used 3569K [0x0000000779e00000, 0x000000077b2c0000, 0x0000000784400000)
  object space 21248K, 16% used [0x0000000779e00000,0x000000077a17c520,0x000000077b2c0000)
Event: 2.844 GC heap after
Heap after GC invocations=8 (full 0):
 PSYoungGen      total 262080K, used 1792K [0x00000007d6c00000, 0x00000007e75a0000, 0x0000000800000000)
  eden space 253120K, 0% used [0x00000007d6c00000,0x00000007d6c00000,0x00000007e6330000)
  from space 8960K, 20% used [0x00000007e6c40000,0x00000007e6e00000,0x00000007e7500000)
  to   space 9280K, 0% used [0x00000007e6330000,0x00000007e6330000,0x00000007e6c40000)
 ParOldGen       total 84480K, used 9530K [0x0000000784400000, 0x0000000789680000, 0x00000007d6c00000)
  object space 84480K, 11% used [0x0000000784400000,0x0000000784d4ebd0,0x0000000789680000)
 PSPermGen       total 21248K, used 3569K [0x0000000779e00000, 0x000000077b2c0000, 0x0000000784400000)
  object space 21248K, 16% used [0x0000000779e00000,0x000000077a17c520,0x000000077b2c0000)
}
Event: 96.777 GC heap before
{Heap before GC invocations=9 (full 0):
 PSYoungGen      total 262080K, used 254912K [0x00000007d6c00000, 0x00000007e75a0000, 0x0000000800000000)
  eden space 253120K, 100% used [0x00000007d6c00000,0x00000007e6330000,0x00000007e6330000)
  from space 8960K, 20% used [0x00000007e6c40000,0x00000007e6e00000,0x00000007e7500000)
  to   space 9280K, 0% used [0x00000007e6330000,0x00000007e6330000,0x00000007e6c40000)
 ParOldGen       total 84480K, used 9530K [0x0000000784400000, 0x0000000789680000, 0x00000007d6c00000)
  object space 84480K, 11% used [0x0000000784400000,0x0000000784d4ebd0,0x0000000789680000)
 PSPermGen       total 21248K, used 19182K [0x0000000779e00000, 0x000000077b2c0000, 0x0000000784400000)
  object space 21248K, 90% used [0x0000000779e00000,0x000000077b0bb990,0x000000077b2c0000)
Event: 96.789 GC heap after
Heap after GC invocations=9 (full 0):
 PSYoungGen      total 262400K, used 5343K [0x00000007d6c00000, 0x00000007f0900000, 0x0000000800000000)
  eden space 253120K, 0% used [0x00000007d6c00000,0x00000007d6c00000,0x00000007e6330000)
  from space 9280K, 57% used [0x00000007e6330000,0x00000007e6867d20,0x00000007e6c40000)
  to   space 8960K, 0% used [0x00000007f0040000,0x00000007f0040000,0x00000007f0900000)
 ParOldGen       total 84480K, used 9642K [0x0000000784400000, 0x0000000789680000, 0x00000007d6c00000)
  object space 84480K, 11% used [0x0000000784400000,0x0000000784d6abd0,0x0000000789680000)
 PSPermGen       total 21248K, used 19182K [0x0000000779e00000, 0x000000077b2c0000, 0x0000000784400000)
  object space 21248K, 90% used [0x0000000779e00000,0x000000077b0bb990,0x000000077b2c0000)
}

Deoptimization events (10 events):
Event: 49.033 Thread 0x00007f26c00e0800 Uncommon trap -58 fr.pc 0x00007f2738d11e3c
Event: 49.033 Thread 0x00007f26c00e0800 Uncommon trap -58 fr.pc 0x00007f2738d1a508
Event: 49.034 Thread 0x00007f26c00e0800 Uncommon trap -58 fr.pc 0x00007f2738d1a508
Event: 83.403 Thread 0x00007f273c52d000 Uncommon trap -34 fr.pc 0x00007f2738d7a354
Event: 83.404 Thread 0x00007f273c52d000 Uncommon trap -34 fr.pc 0x00007f2738d7a354
Event: 83.404 Thread 0x00007f273c52d000 Uncommon trap -34 fr.pc 0x00007f2738d7a354
Event: 83.404 Thread 0x00007f273c52d000 Uncommon trap -34 fr.pc 0x00007f2738d7a354
Event: 84.973 Thread 0x00007f26c4144800 Uncommon trap -83 fr.pc 0x00007f2738d9e364
Event: 84.985 Thread 0x00007f26c4144800 Uncommon trap -83 fr.pc 0x00007f2738d64254
Event: 84.985 Thread 0x00007f26c4144800 Uncommon trap -83 fr.pc 0x00007f2738d5289c

Internal exceptions (10 events):
Event: 49.031 Thread 0x00007f26c00e0800 Threw 0x00000007e1f475b0 at /build/buildd/openjdk-7-7u25-2.3.10/build/openjdk/hotspot/src/share/vm/prims/jvm.cpp:1235
Event: 49.031 Thread 0x00007f26c00e0800 Threw 0x00000007e1f4ac08 at /build/buildd/openjdk-7-7u25-2.3.10/build/openjdk/hotspot/src/share/vm/prims/jvm.cpp:1235
Event: 49.032 Thread 0x00007f26c00e0800 Threw 0x00000007e1f4dad0 at /build/buildd/openjdk-7-7u25-2.3.10/build/openjdk/hotspot/src/share/vm/prims/jvm.cpp:1235
Event: 49.032 Thread 0x00007f26c00e0800 Threw 0x00000007e1f50b98 at /build/buildd/openjdk-7-7u25-2.3.10/build/openjdk/hotspot/src/share/vm/prims/jvm.cpp:1235
Event: 49.032 Thread 0x00007f26c00e0800 Threw 0x00000007e1f53cd8 at /build/buildd/openjdk-7-7u25-2.3.10/build/openjdk/hotspot/src/share/vm/prims/jvm.cpp:1235
Event: 49.032 Thread 0x00007f26c00e0800 Threw 0x00000007e1f56cb0 at /build/buildd/openjdk-7-7u25-2.3.10/build/openjdk/hotspot/src/share/vm/prims/jvm.cpp:1235
Event: 53.946 Thread 0x00007f26c00e0800 Threw 0x00000007e297a418 at /build/buildd/openjdk-7-7u25-2.3.10/build/openjdk/hotspot/src/share/vm/prims/jvm.cpp:1235
Event: 84.973 Thread 0x00007f26c4144800 Implicit null exception at 0x00007f2738d9dd0e to 0x00007f2738d9e349
Event: 84.985 Thread 0x00007f26c4144800 Implicit null exception at 0x00007f2738d641b5 to 0x00007f2738d64239
Event: 84.985 Thread 0x00007f26c4144800 Implicit null exception at 0x00007f2738d4df98 to 0x00007f2738d5281d

Events (10 events):
Event: 96.796 Executing VM operation: BulkRevokeBias
Event: 96.796 Executing VM operation: BulkRevokeBias done
Event: 96.796 Executing VM operation: RevokeBias
Event: 96.796 Executing VM operation: RevokeBias done
Event: 96.796 Executing VM operation: BulkRevokeBias
Event: 96.796 Executing VM operation: BulkRevokeBias done
Event: 107.257 loading class 0x00007f273c0bdd30
Event: 107.257 loading class 0x00007f273c0bdd30 done
Event: 125.085 Thread 0x00007f273c119800 flushing nmethod 0x00007f2738d11b10
Event: 125.088 Thread 0x00007f273c116800 flushing nmethod 0x00007f2738d1a1d0


Dynamic libraries:
00400000-00401000 r-xp 00000000 08:01 4466528                            /usr/lib/jvm/java-7-openjdk-amd64/jre/bin/java
00600000-00601000 r--p 00000000 08:01 4466528                            /usr/lib/jvm/java-7-openjdk-amd64/jre/bin/java
00601000-00602000 rw-p 00001000 08:01 4466528                            /usr/lib/jvm/java-7-openjdk-amd64/jre/bin/java
009e0000-00a01000 rw-p 00000000 00:00 0                                  [heap]
779e00000-77b2c0000 rw-p 00000000 00:00 0 
77b2c0000-784400000 rw-p 00000000 00:00 0 
784400000-789680000 rw-p 00000000 00:00 0 
789680000-7d6c00000 rw-p 00000000 00:00 0 
7d6c00000-7f0900000 rw-p 00000000 00:00 0 
7f0900000-800000000 rw-p 00000000 00:00 0 
7f26b0000000-7f26b0021000 rw-p 00000000 00:00 0 
7f26b0021000-7f26b4000000 ---p 00000000 00:00 0 
7f26b4000000-7f26b4021000 rw-p 00000000 00:00 0 
7f26b4021000-7f26b8000000 ---p 00000000 00:00 0 
7f26b8000000-7f26b8021000 rw-p 00000000 00:00 0 
7f26b8021000-7f26bc000000 ---p 00000000 00:00 0 
7f26bc000000-7f26bc021000 rw-p 00000000 00:00 0 
7f26bc021000-7f26c0000000 ---p 00000000 00:00 0 
7f26c0000000-7f26c01b0000 rw-p 00000000 00:00 0 
7f26c01b0000-7f26c4000000 ---p 00000000 00:00 0 
7f26c4000000-7f26c41ad000 rw-p 00000000 00:00 0 
7f26c41ad000-7f26c8000000 ---p 00000000 00:00 0 
7f26c8000000-7f26c8024000 rw-p 00000000 00:00 0 
7f26c8024000-7f26cc000000 ---p 00000000 00:00 0 
7f26cc000000-7f26cc021000 rw-p 00000000 00:00 0 
7f26cc021000-7f26d0000000 ---p 00000000 00:00 0 
7f26d0000000-7f26d0021000 rw-p 00000000 00:00 0 
7f26d0021000-7f26d4000000 ---p 00000000 00:00 0 
7f26d63b9000-7f26d68ae000 rw-p 00000000 00:00 0 
7f26d68ae000-7f26d68b1000 ---p 00000000 00:00 0 
7f26d68b1000-7f26d69af000 rw-p 00000000 00:00 0 
7f26d69af000-7f26d69b2000 ---p 00000000 00:00 0 
7f26d69b2000-7f26d6ab0000 rw-p 00000000 00:00 0 
7f26d6ab0000-7f26d6ab3000 ---p 00000000 00:00 0 
7f26d6ab3000-7f26d6bb1000 rw-p 00000000 00:00 0                          [stack:11706]
7f26d6bb1000-7f26d6bb4000 ---p 00000000 00:00 0 
7f26d6bb4000-7f26d6cb2000 rw-p 00000000 00:00 0 
7f26d6cb2000-7f26d6dfb000 rw-s 00000000 00:04 2029387847                 /SYSV00000000 (deleted)
7f26d6e40000-7f26d6e43000 ---p 00000000 00:00 0 
7f26d6e43000-7f26d6f41000 rw-p 00000000 00:00 0 
7f26d6f41000-7f26d6f51000 r-xp 00000000 08:01 4466495                    /usr/lib/jvm/java-7-openjdk-amd64/jre/lib/amd64/libnio.so
7f26d6f51000-7f26d7151000 ---p 00010000 08:01 4466495                    /usr/lib/jvm/java-7-openjdk-amd64/jre/lib/amd64/libnio.so
7f26d7151000-7f26d7152000 r--p 00010000 08:01 4466495                    /usr/lib/jvm/java-7-openjdk-amd64/jre/lib/amd64/libnio.so
7f26d7152000-7f26d7153000 rw-p 00011000 08:01 4466495                    /usr/lib/jvm/java-7-openjdk-amd64/jre/lib/amd64/libnio.so
7f26d7153000-7f26d719f000 r-xp 00000000 08:01 4466507                    /usr/lib/jvm/java-7-openjdk-amd64/jre/lib/amd64/libfontmanager.so
7f26d719f000-7f26d739e000 ---p 0004c000 08:01 4466507                    /usr/lib/jvm/java-7-openjdk-amd64/jre/lib/amd64/libfontmanager.so
7f26d739e000-7f26d73a1000 r--p 0004b000 08:01 4466507                    /usr/lib/jvm/java-7-openjdk-amd64/jre/lib/amd64/libfontmanager.so
7f26d73a1000-7f26d73a2000 rw-p 0004e000 08:01 4466507                    /usr/lib/jvm/java-7-openjdk-amd64/jre/lib/amd64/libfontmanager.so
7f26d73a2000-7f26d73a5000 ---p 00000000 00:00 0 
7f26d73a5000-7f26d74a3000 rw-p 00000000 00:00 0                          [stack:11703]
7f26d74a3000-7f26d74a6000 ---p 00000000 00:00 0 
7f26d74a6000-7f26d75a4000 rw-p 00000000 00:00 0                          [stack:11702]
7f26d75a4000-7f26d75a7000 ---p 00000000 00:00 0 
7f26d75a7000-7f26d76a5000 rw-p 00000000 00:00 0                          [stack:11701]
7f26d76a5000-7f26d76a8000 ---p 00000000 00:00 0 
7f26d76a8000-7f26d77a6000 rw-p 00000000 00:00 0                          [stack:11700]
7f26d77a6000-7f26d8915000 r-xp 00000000 08:01 4463905                    /usr/lib/x86_64-linux-gnu/libicudata.so.48.1.1
7f26d8915000-7f26d8b14000 ---p 0116f000 08:01 4463905                    /usr/lib/x86_64-linux-gnu/libicudata.so.48.1.1
7f26d8b14000-7f26d8b15000 r--p 0116e000 08:01 4463905                    /usr/lib/x86_64-linux-gnu/libicudata.so.48.1.1
7f26d8b15000-7f26d8b16000 rw-p 0116f000 08:01 4463905                    /usr/lib/x86_64-linux-gnu/libicudata.so.48.1.1
7f26d8b16000-7f26d8b19000 r-xp 00000000 08:01 6033033                    /lib/x86_64-linux-gnu/libgpg-error.so.0.8.0
7f26d8b19000-7f26d8d18000 ---p 00003000 08:01 6033033                    /lib/x86_64-linux-gnu/libgpg-error.so.0.8.0
7f26d8d18000-7f26d8d19000 r--p 00002000 08:01 6033033                    /lib/x86_64-linux-gnu/libgpg-error.so.0.8.0
7f26d8d19000-7f26d8d1a000 rw-p 00003000 08:01 6033033                    /lib/x86_64-linux-gnu/libgpg-error.so.0.8.0
7f26d8d1a000-7f26d8d1c000 r-xp 00000000 08:01 6033044                    /lib/x86_64-linux-gnu/libkeyutils.so.1.4
7f26d8d1c000-7f26d8f1c000 ---p 00002000 08:01 6033044                    /lib/x86_64-linux-gnu/libkeyutils.so.1.4
7f26d8f1c000-7f26d8f1d000 r--p 00002000 08:01 6033044                    /lib/x86_64-linux-gnu/libkeyutils.so.1.4
7f26d8f1d000-7f26d8f1e000 rw-p 00003000 08:01 6033044                    /lib/x86_64-linux-gnu/libkeyutils.so.1.4
7f26d8f1e000-7f26d9074000 r-xp 00000000 08:01 4463919                    /usr/lib/x86_64-linux-gnu/libicuuc.so.48.1.1
7f26d9074000-7f26d9273000 ---p 00156000 08:01 4463919                    /usr/lib/x86_64-linux-gnu/libicuuc.so.48.1.1
7f26d9273000-7f26d9284000 r--p 00155000 08:01 4463919                    /usr/lib/x86_64-linux-gnu/libicuuc.so.48.1.1
7f26d9284000-7f26d9285000 rw-p 00166000 08:01 4463919                    /usr/lib/x86_64-linux-gnu/libicuuc.so.48.1.1
7f26d9285000-7f26d9289000 rw-p 00000000 00:00 0 
7f26d9289000-7f26d92bb000 r-xp 00000000 08:01 4463911                    /usr/lib/x86_64-linux-gnu/libicule.so.48.1.1
7f26d92bb000-7f26d94bb000 ---p 00032000 08:01 4463911                    /usr/lib/x86_64-linux-gnu/libicule.so.48.1.1
7f26d94bb000-7f26d94bd000 r--p 00032000 08:01 4463911                    /usr/lib/x86_64-linux-gnu/libicule.so.48.1.1
7f26d94bd000-7f26d94be000 rw-p 00034000 08:01 4463911                    /usr/lib/x86_64-linux-gnu/libicule.so.48.1.1
7f26d94be000-7f26d9501000 r-xp 00000000 08:01 6029336                    /lib/x86_64-linux-gnu/libdbus-1.so.3.7.2
7f26d9501000-7f26d9700000 ---p 00043000 08:01 6029336                    /lib/x86_64-linux-gnu/libdbus-1.so.3.7.2
7f26d9700000-7f26d9701000 r--p 00042000 08:01 6029336                    /lib/x86_64-linux-gnu/libdbus-1.so.3.7.2
7f26d9701000-7f26d9702000 rw-p 00043000 08:01 6029336                    /lib/x86_64-linux-gnu/libdbus-1.so.3.7.2
7f26d9702000-7f26d9714000 r-xp 00000000 08:01 4464044                    /usr/lib/x86_64-linux-gnu/libp11-kit.so.0.0.0
7f26d9714000-7f26d9914000 ---p 00012000 08:01 4464044                    /usr/lib/x86_64-linux-gnu/libp11-kit.so.0.0.0
7f26d9914000-7f26d9915000 r--p 00012000 08:01 4464044                    /usr/lib/x86_64-linux-gnu/libp11-kit.so.0.0.0
7f26d9915000-7f26d9916000 rw-p 00013000 08:01 4464044                    /usr/lib/x86_64-linux-gnu/libp11-kit.so.0.0.0
7f26d9916000-7f26d9925000 r-xp 00000000 08:01 4464202                    /usr/lib/x86_64-linux-gnu/libtasn1.so.3.2.0
7f26d9925000-7f26d9b25000 ---p 0000f000 08:01 4464202                    /usr/lib/x86_64-linux-gnu/libtasn1.so.3.2.0
7f26d9b25000-7f26d9b26000 r--p 0000f000 08:01 4464202                    /usr/lib/x86_64-linux-gnu/libtasn1.so.3.2.0
7f26d9b26000-7f26d9b27000 rw-p 00010000 08:01 4464202                    /usr/lib/x86_64-linux-gnu/libtasn1.so.3.2.0
7f26d9b27000-7f26d9ba1000 r-xp 00000000 08:01 6031341                    /lib/x86_64-linux-gnu/libgcrypt.so.11.7.0
7f26d9ba1000-7f26d9da1000 ---p 0007a000 08:01 6031341                    /lib/x86_64-linux-gnu/libgcrypt.so.11.7.0
7f26d9da1000-7f26d9da2000 r--p 0007a000 08:01 6031341                    /lib/x86_64-linux-gnu/libgcrypt.so.11.7.0
7f26d9da2000-7f26d9da5000 rw-p 0007b000 08:01 6031341                    /lib/x86_64-linux-gnu/libgcrypt.so.11.7.0
7f26d9da5000-7f26d9dac000 r-xp 00000000 08:01 4463954                    /usr/lib/x86_64-linux-gnu/libkrb5support.so.0.1
7f26d9dac000-7f26d9fab000 ---p 00007000 08:01 4463954                    /usr/lib/x86_64-linux-gnu/libkrb5support.so.0.1
7f26d9fab000-7f26d9fac000 r--p 00006000 08:01 4463954                    /usr/lib/x86_64-linux-gnu/libkrb5support.so.0.1
7f26d9fac000-7f26d9fad000 rw-p 00007000 08:01 4463954                    /usr/lib/x86_64-linux-gnu/libkrb5support.so.0.1
7f26d9fad000-7f26d9fb0000 r-xp 00000000 08:01 6033009                    /lib/x86_64-linux-gnu/libcom_err.so.2.1
7f26d9fb0000-7f26da1af000 ---p 00003000 08:01 6033009                    /lib/x86_64-linux-gnu/libcom_err.so.2.1
7f26da1af000-7f26da1b0000 r--p 00002000 08:01 6033009                    /lib/x86_64-linux-gnu/libcom_err.so.2.1
7f26da1b0000-7f26da1b1000 rw-p 00003000 08:01 6033009                    /lib/x86_64-linux-gnu/libcom_err.so.2.1
7f26da1b1000-7f26da1d7000 r-xp 00000000 08:01 4463948                    /usr/lib/x86_64-linux-gnu/libk5crypto.so.3.1
7f26da1d7000-7f26da3d7000 ---p 00026000 08:01 4463948                    /usr/lib/x86_64-linux-gnu/libk5crypto.so.3.1
7f26da3d7000-7f26da3d8000 r--p 00026000 08:01 4463948                    /usr/lib/x86_64-linux-gnu/libk5crypto.so.3.1
7f26da3d8000-7f26da3d9000 rw-p 00027000 08:01 4463948                    /usr/lib/x86_64-linux-gnu/libk5crypto.so.3.1
7f26da3d9000-7f26da3da000 rw-p 00000000 00:00 0 
7f26da3da000-7f26da49e000 r-xp 00000000 08:01 4463952                    /usr/lib/x86_64-linux-gnu/libkrb5.so.3.3
7f26da49e000-7f26da69d000 ---p 000c4000 08:01 4463952                    /usr/lib/x86_64-linux-gnu/libkrb5.so.3.3
7f26da69d000-7f26da6a7000 r--p 000c3000 08:01 4463952                    /usr/lib/x86_64-linux-gnu/libkrb5.so.3.3
7f26da6a7000-7f26da6a8000 rw-p 000cd000 08:01 4463952                    /usr/lib/x86_64-linux-gnu/libkrb5.so.3.3
7f26da6a8000-7f26da73d000 r-xp 00000000 08:01 4463889                    /usr/lib/x86_64-linux-gnu/libharfbuzz.so.0.913.0
7f26da73d000-7f26da93c000 ---p 00095000 08:01 4463889                    /usr/lib/x86_64-linux-gnu/libharfbuzz.so.0.913.0
7f26da93c000-7f26da93e000 r--p 00094000 08:01 4463889                    /usr/lib/x86_64-linux-gnu/libharfbuzz.so.0.913.0
7f26da93e000-7f26da93f000 rw-p 00096000 08:01 4463889                    /usr/lib/x86_64-linux-gnu/libharfbuzz.so.0.913.0
7f26da93f000-7f26da947000 r-xp 00000000 08:01 4463414                    /usr/lib/x86_64-linux-gnu/libxcb-render.so.0.0.0
7f26da947000-7f26dab47000 ---p 00008000 08:01 4463414                    /usr/lib/x86_64-linux-gnu/libxcb-render.so.0.0.0
7f26dab47000-7f26dab48000 r--p 00008000 08:01 4463414                    /usr/lib/x86_64-linux-gnu/libxcb-render.so.0.0.0
7f26dab48000-7f26dab49000 rw-p 00009000 08:01 4463414                    /usr/lib/x86_64-linux-gnu/libxcb-render.so.0.0.0
7f26dab49000-7f26dab4b000 r-xp 00000000 08:01 4464126                    /usr/lib/x86_64-linux-gnu/libxcb-shm.so.0.0.0
7f26dab4b000-7f26dad4a000 ---p 00002000 08:01 4464126                    /usr/lib/x86_64-linux-gnu/libxcb-shm.so.0.0.0
7f26dad4a000-7f26dad4b000 r--p 00001000 08:01 4464126                    /usr/lib/x86_64-linux-gnu/libxcb-shm.so.0.0.0
7f26dad4b000-7f26dad4c000 rw-p 00002000 08:01 4464126                    /usr/lib/x86_64-linux-gnu/libxcb-shm.so.0.0.0
7f26dad4c000-7f26dad71000 r-xp 00000000 08:01 6033109                    /lib/x86_64-linux-gnu/libpng12.so.0.49.0
7f26dad71000-7f26daf70000 ---p 00025000 08:01 6033109                    /lib/x86_64-linux-gnu/libpng12.so.0.49.0
7f26daf70000-7f26daf71000 r--p 00024000 08:01 6033109                    /lib/x86_64-linux-gnu/libpng12.so.0.49.0
7f26daf71000-7f26daf72000 rw-p 00025000 08:01 6033109                    /lib/x86_64-linux-gnu/libpng12.so.0.49.0
7f26daf72000-7f26db002000 r-xp 00000000 08:01 4464074                    /usr/lib/x86_64-linux-gnu/libpixman-1.so.0.28.2
7f26db002000-7f26db201000 ---p 00090000 08:01 4464074                    /usr/lib/x86_64-linux-gnu/libpixman-1.so.0.28.2
7f26db201000-7f26db208000 r--p 0008f000 08:01 4464074                    /usr/lib/x86_64-linux-gnu/libpixman-1.so.0.28.2
7f26db208000-7f26db209000 rw-p 00096000 08:01 4464074                    /usr/lib/x86_64-linux-gnu/libpixman-1.so.0.28.2
7f26db209000-7f26db20e000 r-xp 00000000 08:01 4463438                    /usr/lib/x86_64-linux-gnu/libXdmcp.so.6.0.0
7f26db20e000-7f26db40d000 ---p 00005000 08:01 4463438                    /usr/lib/x86_64-linux-gnu/libXdmcp.so.6.0.0
7f26db40d000-7f26db40e000 r--p 00004000 08:01 4463438                    /usr/lib/x86_64-linux-gnu/libXdmcp.so.6.0.0
7f26db40e000-7f26db40f000 rw-p 00005000 08:01 4463438                    /usr/lib/x86_64-linux-gnu/libXdmcp.so.6.0.0
7f26db40f000-7f26db411000 r-xp 00000000 08:01 4463427                    /usr/lib/x86_64-linux-gnu/libXau.so.6.0.0
7f26db411000-7f26db611000 ---p 00002000 08:01 4463427                    /usr/lib/x86_64-linux-gnu/libXau.so.6.0.0
7f26db611000-7f26db612000 r--p 00002000 08:01 4463427                    /usr/lib/x86_64-linux-gnu/libXau.so.6.0.0
7f26db612000-7f26db613000 rw-p 00003000 08:01 4463427                    /usr/lib/x86_64-linux-gnu/libXau.so.6.0.0
7f26db613000-7f26db622000 r-xp 00000000 08:01 4463513                    /usr/lib/x86_64-linux-gnu/libavahi-client.so.3.2.9
7f26db622000-7f26db822000 ---p 0000f000 08:01 4463513                    /usr/lib/x86_64-linux-gnu/libavahi-client.so.3.2.9
7f26db822000-7f26db823000 r--p 0000f000 08:01 4463513                    /usr/lib/x86_64-linux-gnu/libavahi-client.so.3.2.9
7f26db823000-7f26db824000 rw-p 00010000 08:01 4463513                    /usr/lib/x86_64-linux-gnu/libavahi-client.so.3.2.9
7f26db824000-7f26db82f000 r-xp 00000000 08:01 4463515                    /usr/lib/x86_64-linux-gnu/libavahi-common.so.3.5.3
7f26db82f000-7f26dba2e000 ---p 0000b000 08:01 4463515                    /usr/lib/x86_64-linux-gnu/libavahi-common.so.3.5.3
7f26dba2e000-7f26dba2f000 r--p 0000a000 08:01 4463515                    /usr/lib/x86_64-linux-gnu/libavahi-common.so.3.5.3
7f26dba2f000-7f26dba30000 rw-p 0000b000 08:01 4463515                    /usr/lib/x86_64-linux-gnu/libavahi-common.so.3.5.3
7f26dba30000-7f26dbae5000 r-xp 00000000 08:01 4463233                    /usr/lib/x86_64-linux-gnu/libgnutls.so.26.22.6
7f26dbae5000-7f26dbce4000 ---p 000b5000 08:01 4463233                    /usr/lib/x86_64-linux-gnu/libgnutls.so.26.22.6
7f26dbce4000-7f26dbcea000 r--p 000b4000 08:01 4463233                    /usr/lib/x86_64-linux-gnu/libgnutls.so.26.22.6
7f26dbcea000-7f26dbceb000 rw-p 000ba000 08:01 4463233                    /usr/lib/x86_64-linux-gnu/libgnutls.so.26.22.6
7f26dbceb000-7f26dbcec000 rw-p 00000000 00:00 0 
7f26dbcec000-7f26dbd27000 r-xp 00000000 08:01 4463791                    /usr/lib/x86_64-linux-gnu/libgssapi_krb5.so.2.2
7f26dbd27000-7f26dbf27000 ---p 0003b000 08:01 4463791                    /usr/lib/x86_64-linux-gnu/libgssapi_krb5.so.2.2
7f26dbf27000-7f26dbf28000 r--p 0003b000 08:01 4463791                    /usr/lib/x86_64-linux-gnu/libgssapi_krb5.so.2.2
7f26dbf28000-7f26dbf2a000 rw-p 0003c000 08:01 4463791                    /usr/lib/x86_64-linux-gnu/libgssapi_krb5.so.2.2
7f26dbf2a000-7f26dbf50000 r-xp 00000000 08:01 6033022                    /lib/x86_64-linux-gnu/libexpat.so.1.6.0
7f26dbf50000-7f26dc150000 ---p 00026000 08:01 6033022                    /lib/x86_64-linux-gnu/libexpat.so.1.6.0
7f26dc150000-7f26dc152000 r--p 00026000 08:01 6033022                    /lib/x86_64-linux-gnu/libexpat.so.1.6.0
7f26dc152000-7f26dc153000 rw-p 00028000 08:01 6033022                    /lib/x86_64-linux-gnu/libexpat.so.1.6.0
7f26dc153000-7f26dc1ea000 r-xp 00000000 08:01 4463701                    /usr/lib/x86_64-linux-gnu/libfreetype.so.6.10.0
7f26dc1ea000-7f26dc3e9000 ---p 00097000 08:01 4463701                    /usr/lib/x86_64-linux-gnu/libfreetype.so.6.10.0
7f26dc3e9000-7f26dc3ef000 r--p 00096000 08:01 4463701                    /usr/lib/x86_64-linux-gnu/libfreetype.so.6.10.0
7f26dc3ef000-7f26dc3f0000 rw-p 0009c000 08:01 4463701                    /usr/lib/x86_64-linux-gnu/libfreetype.so.6.10.0
7f26dc3f0000-7f26dc3f2000 r-xp 00000000 08:01 4463436                    /usr/lib/x86_64-linux-gnu/libXdamage.so.1.1.0
7f26dc3f2000-7f26dc5f1000 ---p 00002000 08:01 4463436                    /usr/lib/x86_64-linux-gnu/libXdamage.so.1.1.0
7f26dc5f1000-7f26dc5f2000 r--p 00001000 08:01 4463436                    /usr/lib/x86_64-linux-gnu/libXdamage.so.1.1.0
7f26dc5f2000-7f26dc5f3000 rw-p 00002000 08:01 4463436                    /usr/lib/x86_64-linux-gnu/libXdamage.so.1.1.0
7f26dc5f3000-7f26dc5f5000 r-xp 00000000 08:01 4463432                    /usr/lib/x86_64-linux-gnu/libXcomposite.so.1.0.0
7f26dc5f5000-7f26dc7f4000 ---p 00002000 08:01 4463432                    /usr/lib/x86_64-linux-gnu/libXcomposite.so.1.0.0
7f26dc7f4000-7f26dc7f5000 r--p 00001000 08:01 4463432                    /usr/lib/x86_64-linux-gnu/libXcomposite.so.1.0.0
7f26dc7f5000-7f26dc7f6000 rw-p 00002000 08:01 4463432                    /usr/lib/x86_64-linux-gnu/libXcomposite.so.1.0.0
7f26dc7f6000-7f26dc7ff000 r-xp 00000000 08:01 4464222                    /usr/lib/x86_64-linux-gnu/libXcursor.so.1.0.2
7f26dc7ff000-7f26dc9ff000 ---p 00009000 08:01 4464222                    /usr/lib/x86_64-linux-gnu/libXcursor.so.1.0.2
7f26dc9ff000-7f26dca00000 r--p 00009000 08:01 4464222                    /usr/lib/x86_64-linux-gnu/libXcursor.so.1.0.2
7f26dca00000-7f26dca01000 rw-p 0000a000 08:01 4464222                    /usr/lib/x86_64-linux-gnu/libXcursor.so.1.0.2
7f26dca01000-7f26dca0a000 r-xp 00000000 08:01 4463453                    /usr/lib/x86_64-linux-gnu/libXrandr.so.2.2.0
7f26dca0a000-7f26dcc09000 ---p 00009000 08:01 4463453                    /usr/lib/x86_64-linux-gnu/libXrandr.so.2.2.0
7f26dcc09000-7f26dcc0a000 r--p 00008000 08:01 4463453                    /usr/lib/x86_64-linux-gnu/libXrandr.so.2.2.0
7f26dcc0a000-7f26dcc0b000 rw-p 00009000 08:01 4463453                    /usr/lib/x86_64-linux-gnu/libXrandr.so.2.2.0
7f26dcc0b000-7f26dcc0d000 r-xp 00000000 08:01 4463765                    /usr/lib/x86_64-linux-gnu/libXinerama.so.1.0.0
7f26dcc0d000-7f26dce0c000 ---p 00002000 08:01 4463765                    /usr/lib/x86_64-linux-gnu/libXinerama.so.1.0.0
7f26dce0c000-7f26dce0d000 r--p 00001000 08:01 4463765                    /usr/lib/x86_64-linux-gnu/libXinerama.so.1.0.0
7f26dce0d000-7f26dce0e000 rw-p 00002000 08:01 4463765                    /usr/lib/x86_64-linux-gnu/libXinerama.so.1.0.0
7f26dce0e000-7f26dce21000 r-xp 00000000 08:01 4464056                    /usr/lib/x86_64-linux-gnu/libpangoft2-1.0.so.0.3200.5
7f26dce21000-7f26dd020000 ---p 00013000 08:01 4464056                    /usr/lib/x86_64-linux-gnu/libpangoft2-1.0.so.0.3200.5
7f26dd020000-7f26dd021000 r--p 00012000 08:01 4464056                    /usr/lib/x86_64-linux-gnu/libpangoft2-1.0.so.0.3200.5
7f26dd021000-7f26dd022000 rw-p 00013000 08:01 4464056                    /usr/lib/x86_64-linux-gnu/libpangoft2-1.0.so.0.3200.5
7f26dd022000-7f26dd120000 r-xp 00000000 08:01 4463539                    /usr/lib/x86_64-linux-gnu/libcairo.so.2.11200.14
7f26dd120000-7f26dd320000 ---p 000fe000 08:01 4463539                    /usr/lib/x86_64-linux-gnu/libcairo.so.2.11200.14
7f26dd320000-7f26dd323000 r--p 000fe000 08:01 4463539                    /usr/lib/x86_64-linux-gnu/libcairo.so.2.11200.14
7f26dd323000-7f26dd324000 rw-p 00101000 08:01 4463539                    /usr/lib/x86_64-linux-gnu/libcairo.so.2.11200.14
7f26dd324000-7f26dd326000 rw-p 00000000 00:00 0 
7f26dd326000-7f26dd346000 r-xp 00000000 08:01 4463503                    /usr/lib/x86_64-linux-gnu/libatk-1.0.so.0.20809.1
7f26dd346000-7f26dd545000 ---p 00020000 08:01 4463503                    /usr/lib/x86_64-linux-gnu/libatk-1.0.so.0.20809.1
7f26dd545000-7f26dd547000 r--p 0001f000 08:01 4463503                    /usr/lib/x86_64-linux-gnu/libatk-1.0.so.0.20809.1
7f26dd547000-7f26dd548000 rw-p 00021000 08:01 4463503                    /usr/lib/x86_64-linux-gnu/libatk-1.0.so.0.20809.1
7f26dd548000-7f26dd54d000 r-xp 00000000 08:01 4463594                    /usr/lib/x86_64-linux-gnu/libXfixes.so.3.1.0
7f26dd54d000-7f26dd74c000 ---p 00005000 08:01 4463594                    /usr/lib/x86_64-linux-gnu/libXfixes.so.3.1.0
7f26dd74c000-7f26dd74d000 r--p 00004000 08:01 4463594                    /usr/lib/x86_64-linux-gnu/libXfixes.so.3.1.0
7f26dd74d000-7f26dd74e000 rw-p 00005000 08:01 4463594                    /usr/lib/x86_64-linux-gnu/libXfixes.so.3.1.0
7f26dd74e000-7f26dd759000 r-xp 00000000 08:01 4464054                    /usr/lib/x86_64-linux-gnu/libpangocairo-1.0.so.0.3200.5
7f26dd759000-7f26dd959000 ---p 0000b000 08:01 4464054                    /usr/lib/x86_64-linux-gnu/libpangocairo-1.0.so.0.3200.5
7f26dd959000-7f26dd95a000 r--p 0000b000 08:01 4464054                    /usr/lib/x86_64-linux-gnu/libpangocairo-1.0.so.0.3200.5
7f26dd95a000-7f26dd95b000 rw-p 0000c000 08:01 4464054                    /usr/lib/x86_64-linux-gnu/libpangocairo-1.0.so.0.3200.5
7f26dd95b000-7f26dd978000 r-xp 00000000 08:01 4463244                    /usr/lib/x86_64-linux-gnu/libxcb.so.1.1.0
7f26dd978000-7f26ddb77000 ---p 0001d000 08:01 4463244                    /usr/lib/x86_64-linux-gnu/libxcb.so.1.1.0
7f26ddb77000-7f26ddb78000 r--p 0001c000 08:01 4463244                    /usr/lib/x86_64-linux-gnu/libxcb.so.1.1.0
7f26ddb78000-7f26ddb79000 rw-p 0001d000 08:01 4463244                    /usr/lib/x86_64-linux-gnu/libxcb.so.1.1.0
7f26ddb79000-7f26ddbd3000 r-xp 00000000 08:01 4463592                    /usr/lib/x86_64-linux-gnu/libcups.so.2
7f26ddbd3000-7f26dddd3000 ---p 0005a000 08:01 4463592                    /usr/lib/x86_64-linux-gnu/libcups.so.2
7f26dddd3000-7f26dddd8000 r--p 0005a000 08:01 4463592                    /usr/lib/x86_64-linux-gnu/libcups.so.2
7f26dddd8000-7f26dddd9000 rw-p 0005f000 08:01 4463592                    /usr/lib/x86_64-linux-gnu/libcups.so.2
7f26dddd9000-7f26dddda000 r-xp 00000000 08:01 4463869                    /usr/lib/x86_64-linux-gnu/libgthread-2.0.so.0.3600.0
7f26dddda000-7f26ddfd9000 ---p 00001000 08:01 4463869                    /usr/lib/x86_64-linux-gnu/libgthread-2.0.so.0.3600.0
7f26ddfd9000-7f26ddfda000 r--p 00000000 08:01 4463869                    /usr/lib/x86_64-linux-gnu/libgthread-2.0.so.0.3600.0
7f26ddfda000-7f26ddfdb000 rw-p 00001000 08:01 4463869                    /usr/lib/x86_64-linux-gnu/libgthread-2.0.so.0.3600.0
7f26ddfdb000-7f26de012000 r-xp 00000000 08:01 4463673                    /usr/lib/x86_64-linux-gnu/libfontconfig.so.1.6.2
7f26de012000-7f26de212000 ---p 00037000 08:01 4463673                    /usr/lib/x86_64-linux-gnu/libfontconfig.so.1.6.2
7f26de212000-7f26de213000 r--p 00037000 08:01 4463673                    /usr/lib/x86_64-linux-gnu/libfontconfig.so.1.6.2
7f26de213000-7f26de214000 rw-p 00038000 08:01 4463673                    /usr/lib/x86_64-linux-gnu/libfontconfig.so.1.6.2
7f26de214000-7f26de215000 rw-p 00000000 00:00 0 
7f26de215000-7f26de25d000 r-xp 00000000 08:01 4464052                    /usr/lib/x86_64-linux-gnu/libpango-1.0.so.0.3200.5
7f26de25d000-7f26de45d000 ---p 00048000 08:01 4464052                    /usr/lib/x86_64-linux-gnu/libpango-1.0.so.0.3200.5
7f26de45d000-7f26de45f000 r--p 00048000 08:01 4464052                    /usr/lib/x86_64-linux-gnu/libpango-1.0.so.0.3200.5
7f26de45f000-7f26de460000 rw-p 0004a000 08:01 4464052                    /usr/lib/x86_64-linux-gnu/libpango-1.0.so.0.3200.5
7f26de460000-7f26de47e000 r-xp 00000000 08:01 4463732                    /usr/lib/x86_64-linux-gnu/libgdk_pixbuf-2.0.so.0.2800.0
7f26de47e000-7f26de67e000 ---p 0001e000 08:01 4463732                    /usr/lib/x86_64-linux-gnu/libgdk_pixbuf-2.0.so.0.2800.0
7f26de67e000-7f26de67f000 r--p 0001e000 08:01 4463732                    /usr/lib/x86_64-linux-gnu/libgdk_pixbuf-2.0.so.0.2800.0
7f26de67f000-7f26de680000 rw-p 0001f000 08:01 4463732                    /usr/lib/x86_64-linux-gnu/libgdk_pixbuf-2.0.so.0.2800.0
7f26de680000-7f26de72d000 r-xp 00000000 08:01 4463730                    /usr/lib/x86_64-linux-gnu/libgdk-x11-2.0.so.0.2400.17
7f26de72d000-7f26de92c000 ---p 000ad000 08:01 4463730                    /usr/lib/x86_64-linux-gnu/libgdk-x11-2.0.so.0.2400.17
7f26de92c000-7f26de930000 r--p 000ac000 08:01 4463730                    /usr/lib/x86_64-linux-gnu/libgdk-x11-2.0.so.0.2400.17
7f26de930000-7f26de932000 rw-p 000b0000 08:01 4463730                    /usr/lib/x86_64-linux-gnu/libgdk-x11-2.0.so.0.2400.17
7f26de932000-7f26ded5f000 r-xp 00000000 08:01 4463873                    /usr/lib/x86_64-linux-gnu/libgtk-x11-2.0.so.0.2400.17
7f26ded5f000-7f26def5e000 ---p 0042d000 08:01 4463873                    /usr/lib/x86_64-linux-gnu/libgtk-x11-2.0.so.0.2400.17
7f26def5e000-7f26def65000 r--p 0042c000 08:01 4463873                    /usr/lib/x86_64-linux-gnu/libgtk-x11-2.0.so.0.2400.17
7f26def65000-7f26def69000 rw-p 00433000 08:01 4463873                    /usr/lib/x86_64-linux-gnu/libgtk-x11-2.0.so.0.2400.17
7f26def69000-7f26def6b000 rw-p 00000000 00:00 0 
7f26def6b000-7f26def79000 r-xp 00000000 08:01 4463255                    /usr/lib/x86_64-linux-gnu/libXi.so.6.1.0
7f26def79000-7f26df179000 ---p 0000e000 08:01 4463255                    /usr/lib/x86_64-linux-gnu/libXi.so.6.1.0
7f26df179000-7f26df17a000 r--p 0000e000 08:01 4463255                    /usr/lib/x86_64-linux-gnu/libXi.so.6.1.0
7f26df17a000-7f26df17b000 rw-p 0000f000 08:01 4463255                    /usr/lib/x86_64-linux-gnu/libXi.so.6.1.0
7f26df17b000-7f26df180000 r-xp 00000000 08:01 4463461                    /usr/lib/x86_64-linux-gnu/libXtst.so.6.1.0
7f26df180000-7f26df37f000 ---p 00005000 08:01 4463461                    /usr/lib/x86_64-linux-gnu/libXtst.so.6.1.0
7f26df37f000-7f26df380000 r--p 00004000 08:01 4463461                    /usr/lib/x86_64-linux-gnu/libXtst.so.6.1.0
7f26df380000-7f26df381000 rw-p 00005000 08:01 4463461                    /usr/lib/x86_64-linux-gnu/libXtst.so.6.1.0
7f26df381000-7f26df38a000 r-xp 00000000 08:01 4463395                    /usr/lib/x86_64-linux-gnu/libXrender.so.1.3.0
7f26df38a000-7f26df589000 ---p 00009000 08:01 4463395                    /usr/lib/x86_64-linux-gnu/libXrender.so.1.3.0
7f26df589000-7f26df58a000 r--p 00008000 08:01 4463395                    /usr/lib/x86_64-linux-gnu/libXrender.so.1.3.0
7f26df58a000-7f26df58b000 rw-p 00009000 08:01 4463395                    /usr/lib/x86_64-linux-gnu/libXrender.so.1.3.0
7f26df58b000-7f26df6bf000 r-xp 00000000 08:01 4463247                    /usr/lib/x86_64-linux-gnu/libX11.so.6.3.0
7f26df6bf000-7f26df8bf000 ---p 00134000 08:01 4463247                    /usr/lib/x86_64-linux-gnu/libX11.so.6.3.0
7f26df8bf000-7f26df8c0000 r--p 00134000 08:01 4463247                    /usr/lib/x86_64-linux-gnu/libX11.so.6.3.0
7f26df8c0000-7f26df8c5000 rw-p 00135000 08:01 4463247                    /usr/lib/x86_64-linux-gnu/libX11.so.6.3.0
7f26df8c5000-7f26df8d6000 r-xp 00000000 08:01 4463249                    /usr/lib/x86_64-linux-gnu/libXext.so.6.4.0
7f26df8d6000-7f26dfad5000 ---p 00011000 08:01 4463249                    /usr/lib/x86_64-linux-gnu/libXext.so.6.4.0
7f26dfad5000-7f26dfad6000 r--p 00010000 08:01 4463249                    /usr/lib/x86_64-linux-gnu/libXext.so.6.4.0
7f26dfad6000-7f26dfad7000 rw-p 00011000 08:01 4463249                    /usr/lib/x86_64-linux-gnu/libXext.so.6.4.0
7f26dfad7000-7f26dfb2a000 r-xp 00000000 08:01 4467641                    /usr/lib/jvm/java-7-openjdk-amd64/jre/lib/amd64/xawt/libmawt.so
7f26dfb2a000-7f26dfd29000 ---p 00053000 08:01 4467641                    /usr/lib/jvm/java-7-openjdk-amd64/jre/lib/amd64/xawt/libmawt.so
7f26dfd29000-7f26dfd2a000 r--p 00052000 08:01 4467641                    /usr/lib/jvm/java-7-openjdk-amd64/jre/lib/amd64/xawt/libmawt.so
7f26dfd2a000-7f26dfd2d000 rw-p 00053000 08:01 4467641                    /usr/lib/jvm/java-7-openjdk-amd64/jre/lib/amd64/xawt/libmawt.so
7f26dfd2d000-7f26dfd2e000 rw-p 00000000 00:00 0 
7f26dfd2e000-7f26dfdcf000 r-xp 00000000 08:01 4466511                    /usr/lib/jvm/java-7-openjdk-amd64/jre/lib/amd64/libawt.so
7f26dfdcf000-7f26dffcf000 ---p 000a1000 08:01 4466511                    /usr/lib/jvm/java-7-openjdk-amd64/jre/lib/amd64/libawt.so
7f26dffcf000-7f26dffd0000 r--p 000a1000 08:01 4466511                    /usr/lib/jvm/java-7-openjdk-amd64/jre/lib/amd64/libawt.so
7f26dffd0000-7f26dffdb000 rw-p 000a2000 08:01 4466511                    /usr/lib/jvm/java-7-openjdk-amd64/jre/lib/amd64/libawt.so
7f26dffdb000-7f26e0000000 rw-p 00000000 00:00 0 
7f26e0000000-7f26e2037000 rw-p 00000000 00:00 0 
7f26e2037000-7f26e4000000 ---p 00000000 00:00 0 
7f26e4000000-7f26e4021000 rw-p 00000000 00:00 0 
7f26e4021000-7f26e8000000 ---p 00000000 00:00 0 
7f26e8000000-7f26e8021000 rw-p 00000000 00:00 0 
7f26e8021000-7f26ec000000 ---p 00000000 00:00 0 
7f26ec000000-7f26ec021000 rw-p 00000000 00:00 0 
7f26ec021000-7f26f0000000 ---p 00000000 00:00 0 
7f26f0000000-7f26f1361000 rw-p 00000000 00:00 0 
7f26f1361000-7f26f4000000 ---p 00000000 00:00 0 
7f26f4000000-7f26f4021000 rw-p 00000000 00:00 0 
7f26f4021000-7f26f8000000 ---p 00000000 00:00 0 
7f26f8000000-7f26f8021000 rw-p 00000000 00:00 0 
7f26f8021000-7f26fc000000 ---p 00000000 00:00 0 
7f26fc000000-7f26fd53a000 rw-p 00000000 00:00 0 
7f26fd53a000-7f2700000000 ---p 00000000 00:00 0 
7f2700000000-7f2700021000 rw-p 00000000 00:00 0 
7f2700021000-7f2704000000 ---p 00000000 00:00 0 
7f2704000000-7f2704021000 rw-p 00000000 00:00 0 
7f2704021000-7f2708000000 ---p 00000000 00:00 0 
7f2708000000-7f2708021000 rw-p 00000000 00:00 0 
7f2708021000-7f270c000000 ---p 00000000 00:00 0 
7f270c08d000-7f270c090000 ---p 00000000 00:00 0 
7f270c090000-7f270c18e000 rw-p 00000000 00:00 0                          [stack:11699]
7f270c18e000-7f270c1cb000 r-xp 00000000 08:01 6033097                    /lib/x86_64-linux-gnu/libpcre.so.3.13.1
7f270c1cb000-7f270c3cb000 ---p 0003d000 08:01 6033097                    /lib/x86_64-linux-gnu/libpcre.so.3.13.1
7f270c3cb000-7f270c3cc000 r--p 0003d000 08:01 6033097                    /lib/x86_64-linux-gnu/libpcre.so.3.13.1
7f270c3cc000-7f270c3cd000 rw-p 0003e000 08:01 6033097                    /lib/x86_64-linux-gnu/libpcre.so.3.13.1
7f270c3cd000-7f270c3d4000 r-xp 00000000 08:01 4463665                    /usr/lib/x86_64-linux-gnu/libffi.so.6.0.1
7f270c3d4000-7f270c5d3000 ---p 00007000 08:01 4463665                    /usr/lib/x86_64-linux-gnu/libffi.so.6.0.1
7f270c5d3000-7f270c5d4000 r--p 00006000 08:01 4463665                    /usr/lib/x86_64-linux-gnu/libffi.so.6.0.1
7f270c5d4000-7f270c5d5000 rw-p 00007000 08:01 4463665                    /usr/lib/x86_64-linux-gnu/libffi.so.6.0.1
7f270c5d5000-7f270c5eb000 r-xp 00000000 08:01 6033120                    /lib/x86_64-linux-gnu/libresolv-2.17.so
7f270c5eb000-7f270c7eb000 ---p 00016000 08:01 6033120                    /lib/x86_64-linux-gnu/libresolv-2.17.so
7f270c7eb000-7f270c7ec000 r--p 00016000 08:01 6033120                    /lib/x86_64-linux-gnu/libresolv-2.17.so
7f270c7ec000-7f270c7ed000 rw-p 00017000 08:01 6033120                    /lib/x86_64-linux-gnu/libresolv-2.17.so
7f270c7ed000-7f270c7ef000 rw-p 00000000 00:00 0 
7f270c7ef000-7f270c80c000 r-xp 00000000 08:01 6033124                    /lib/x86_64-linux-gnu/libselinux.so.1
7f270c80c000-7f270ca0b000 ---p 0001d000 08:01 6033124                    /lib/x86_64-linux-gnu/libselinux.so.1
7f270ca0b000-7f270ca0c000 r--p 0001c000 08:01 6033124                    /lib/x86_64-linux-gnu/libselinux.so.1
7f270ca0c000-7f270ca0d000 rw-p 0001d000 08:01 6033124                    /lib/x86_64-linux-gnu/libselinux.so.1
7f270ca0d000-7f270ca0e000 rw-p 00000000 00:00 0 
7f270ca0e000-7f270ca11000 r-xp 00000000 08:01 4463758                    /usr/lib/x86_64-linux-gnu/libgmodule-2.0.so.0.3600.0
7f270ca11000-7f270cc10000 ---p 00003000 08:01 4463758                    /usr/lib/x86_64-linux-gnu/libgmodule-2.0.so.0.3600.0
7f270cc10000-7f270cc11000 r--p 00002000 08:01 4463758                    /usr/lib/x86_64-linux-gnu/libgmodule-2.0.so.0.3600.0
7f270cc11000-7f270cc12000 rw-p 00003000 08:01 4463758                    /usr/lib/x86_64-linux-gnu/libgmodule-2.0.so.0.3600.0
7f270cc12000-7f270cd0b000 r-xp 00000000 08:01 6033031                    /lib/x86_64-linux-gnu/libglib-2.0.so.0.3600.0
7f270cd0b000-7f270cf0b000 ---p 000f9000 08:01 6033031                    /lib/x86_64-linux-gnu/libglib-2.0.so.0.3600.0
7f270cf0b000-7f270cf0c000 r--p 000f9000 08:01 6033031                    /lib/x86_64-linux-gnu/libglib-2.0.so.0.3600.0
7f270cf0c000-7f270cf0d000 rw-p 000fa000 08:01 6033031                    /lib/x86_64-linux-gnu/libglib-2.0.so.0.3600.0
7f270cf0d000-7f270cf0e000 rw-p 00000000 00:00 0 
7f270cf0e000-7f270cf5b000 r-xp 00000000 08:01 4463774                    /usr/lib/x86_64-linux-gnu/libgobject-2.0.so.0.3600.0
7f270cf5b000-7f270d15b000 ---p 0004d000 08:01 4463774                    /usr/lib/x86_64-linux-gnu/libgobject-2.0.so.0.3600.0
7f270d15b000-7f270d15c000 r--p 0004d000 08:01 4463774                    /usr/lib/x86_64-linux-gnu/libgobject-2.0.so.0.3600.0
7f270d15c000-7f270d15d000 rw-p 0004e000 08:01 4463774                    /usr/lib/x86_64-linux-gnu/libgobject-2.0.so.0.3600.0
7f270d15d000-7f270d2b0000 r-xp 00000000 08:01 4463748                    /usr/lib/x86_64-linux-gnu/libgio-2.0.so.0.3600.0
7f270d2b0000-7f270d4af000 ---p 00153000 08:01 4463748                    /usr/lib/x86_64-linux-gnu/libgio-2.0.so.0.3600.0
7f270d4af000-7f270d4b3000 r--p 00152000 08:01 4463748                    /usr/lib/x86_64-linux-gnu/libgio-2.0.so.0.3600.0
7f270d4b3000-7f270d4b5000 rw-p 00156000 08:01 4463748                    /usr/lib/x86_64-linux-gnu/libgio-2.0.so.0.3600.0
7f270d4b5000-7f270d4b7000 rw-p 00000000 00:00 0 
7f270d4cf000-7f270d4e5000 r-xp 00000000 08:01 4466499                    /usr/lib/jvm/java-7-openjdk-amd64/jre/lib/amd64/libnet.so
7f270d4e5000-7f270d6e4000 ---p 00016000 08:01 4466499                    /usr/lib/jvm/java-7-openjdk-amd64/jre/lib/amd64/libnet.so
7f270d6e4000-7f270d6e5000 r--p 00015000 08:01 4466499                    /usr/lib/jvm/java-7-openjdk-amd64/jre/lib/amd64/libnet.so
7f270d6e5000-7f270d6e6000 rw-p 00016000 08:01 4466499                    /usr/lib/jvm/java-7-openjdk-amd64/jre/lib/amd64/libnet.so
7f270d6e6000-7f270d6f8000 r--s 00294000 08:01 16910059                   /home/shiwali/InstructoSoarII/april/java/april.jar
7f270d6f8000-7f270d6fb000 ---p 00000000 00:00 0 
7f270d6fb000-7f270def9000 rw-p 00000000 00:00 0                          [stack:11674]
7f270def9000-7f270defa000 ---p 00000000 00:00 0 
7f270defa000-7f270e6fa000 rw-p 00000000 00:00 0                          [stack:11673]
7f270e6fa000-7f270e6fb000 ---p 00000000 00:00 0 
7f270e6fb000-7f270eefb000 rw-p 00000000 00:00 0                          [stack:11672]
7f270eefb000-7f270f768000 r-xp 00000000 08:01 17042183                   /home/shiwali/soar/SoarSuite/out/libSoar.so
7f270f768000-7f270f967000 ---p 0086d000 08:01 17042183                   /home/shiwali/soar/SoarSuite/out/libSoar.so
7f270f967000-7f270f978000 r--p 0086c000 08:01 17042183                   /home/shiwali/soar/SoarSuite/out/libSoar.so
7f270f978000-7f270f98f000 rw-p 0087d000 08:01 17042183                   /home/shiwali/soar/SoarSuite/out/libSoar.so
7f270f98f000-7f270f993000 rw-p 00000000 00:00 0 
7f270f993000-7f270f9ec000 r-xp 00000000 08:01 17042226                   /home/shiwali/soar/SoarSuite/out/libJava_sml_ClientInterface.so
7f270f9ec000-7f270fbec000 ---p 00059000 08:01 17042226                   /home/shiwali/soar/SoarSuite/out/libJava_sml_ClientInterface.so
7f270fbec000-7f270fbed000 r--p 00059000 08:01 17042226                   /home/shiwali/soar/SoarSuite/out/libJava_sml_ClientInterface.so
7f270fbed000-7f270fbef000 rw-p 0005a000 08:01 17042226                   /home/shiwali/soar/SoarSuite/out/libJava_sml_ClientInterface.so
7f270fbef000-7f270fbf0000 ---p 00000000 00:00 0 
7f270fbf0000-7f2714000000 rw-p 00000000 00:00 0                          [stack:11671]
7f2714000000-7f2714021000 rw-p 00000000 00:00 0 
7f2714021000-7f2718000000 ---p 00000000 00:00 0 
7f2718000000-7f2718021000 rw-p 00000000 00:00 0 
7f2718021000-7f271c000000 ---p 00000000 00:00 0 
7f271c000000-7f271c021000 rw-p 00000000 00:00 0 
7f271c021000-7f2720000000 ---p 00000000 00:00 0 
7f2720000000-7f2720021000 rw-p 00000000 00:00 0 
7f2720021000-7f2724000000 ---p 00000000 00:00 0 
7f2724000000-7f2724021000 rw-p 00000000 00:00 0 
7f2724021000-7f2728000000 ---p 00000000 00:00 0 
7f2728000000-7f2728021000 rw-p 00000000 00:00 0 
7f2728021000-7f272c000000 ---p 00000000 00:00 0 
7f272c000000-7f272c021000 rw-p 00000000 00:00 0 
7f272c021000-7f2730000000 ---p 00000000 00:00 0 
7f2730000000-7f2730021000 rw-p 00000000 00:00 0 
7f2730021000-7f2734000000 ---p 00000000 00:00 0 
7f2734000000-7f2734013000 r--s 00211000 08:01 17171916                   /home/shiwali/soar/SoarSuite/out/java/swt.jar
7f2734013000-7f2734055000 rw-p 00000000 00:00 0 
7f2734055000-7f2734058000 ---p 00000000 00:00 0 
7f2734058000-7f2734156000 rw-p 00000000 00:00 0                          [stack:11670]
7f2734156000-7f2734159000 ---p 00000000 00:00 0 
7f2734159000-7f2734257000 rw-p 00000000 00:00 0                          [stack:11669]
7f2734257000-7f273425a000 ---p 00000000 00:00 0 
7f273425a000-7f2734358000 rw-p 00000000 00:00 0                          [stack:11668]
7f2734358000-7f273435b000 ---p 00000000 00:00 0 
7f273435b000-7f2734459000 rw-p 00000000 00:00 0                          [stack:11667]
7f2734459000-7f2734b3a000 r--p 00000000 08:01 4462580                    /usr/lib/locale/locale-archive
7f2734b3a000-7f2734b3d000 ---p 00000000 00:00 0 
7f2734b3d000-7f2734c3b000 rw-p 00000000 00:00 0                          [stack:11666]
7f2734c3b000-7f2734c3e000 ---p 00000000 00:00 0 
7f2734c3e000-7f2734d3c000 rw-p 00000000 00:00 0                          [stack:11665]
7f2734d3c000-7f2734d3d000 ---p 00000000 00:00 0 
7f2734d3d000-7f2736aab000 rw-p 00000000 00:00 0                          [stack:11664]
7f2736aab000-7f2736c58000 r--s 01cec000 08:01 4466481                    /usr/lib/jvm/java-7-openjdk-amd64/jre/lib/rt.jar
7f2736c58000-7f2737d1c000 rw-p 00000000 00:00 0 
7f2737d1c000-7f2737d1d000 ---p 00000000 00:00 0 
7f2737d1d000-7f2737e1d000 rw-p 00000000 00:00 0                          [stack:11663]
7f2737e1d000-7f2737e1e000 ---p 00000000 00:00 0 
7f2737e1e000-7f2737f1e000 rw-p 00000000 00:00 0                          [stack:11662]
7f2737f1e000-7f2737f1f000 ---p 00000000 00:00 0 
7f2737f1f000-7f273801f000 rw-p 00000000 00:00 0                          [stack:11661]
7f273801f000-7f2738020000 ---p 00000000 00:00 0 
7f2738020000-7f2738120000 rw-p 00000000 00:00 0                          [stack:11660]
7f2738120000-7f2738121000 ---p 00000000 00:00 0 
7f2738121000-7f2738221000 rw-p 00000000 00:00 0                          [stack:11659]
7f2738221000-7f2738222000 ---p 00000000 00:00 0 
7f2738222000-7f2738322000 rw-p 00000000 00:00 0                          [stack:11658]
7f2738322000-7f2738323000 ---p 00000000 00:00 0 
7f2738323000-7f2738423000 rw-p 00000000 00:00 0                          [stack:11657]
7f2738423000-7f2738424000 ---p 00000000 00:00 0 
7f2738424000-7f273854e000 rw-p 00000000 00:00 0                          [stack:11656]
7f273854e000-7f27387b8000 rw-p 00000000 00:00 0 
7f27387b8000-7f27387c3000 rw-p 00000000 00:00 0 
7f27387c3000-7f273880b000 rw-p 00000000 00:00 0 
7f273880b000-7f2738835000 rw-p 00000000 00:00 0 
7f2738835000-7f2738a9f000 rw-p 00000000 00:00 0 
7f2738a9f000-7f2738b6e000 rw-p 00000000 00:00 0 
7f2738b6e000-7f2738be9000 rw-p 00000000 00:00 0 
7f2738be9000-7f2738bea000 rw-p 00000000 00:00 0 
7f2738bea000-7f2738e5a000 rwxp 00000000 00:00 0 
7f2738e5a000-7f273bbea000 rw-p 00000000 00:00 0 
7f273bbea000-7f273bbf2000 r-xp 00000000 08:01 4466526                    /usr/lib/jvm/java-7-openjdk-amd64/jre/lib/amd64/libzip.so
7f273bbf2000-7f273bdf1000 ---p 00008000 08:01 4466526                    /usr/lib/jvm/java-7-openjdk-amd64/jre/lib/amd64/libzip.so
7f273bdf1000-7f273bdf2000 r--p 00007000 08:01 4466526                    /usr/lib/jvm/java-7-openjdk-amd64/jre/lib/amd64/libzip.so
7f273bdf2000-7f273bdf3000 rw-p 00008000 08:01 4466526                    /usr/lib/jvm/java-7-openjdk-amd64/jre/lib/amd64/libzip.so
7f273bdf3000-7f273bdff000 r-xp 00000000 08:01 6033075                    /lib/x86_64-linux-gnu/libnss_files-2.17.so
7f273bdff000-7f273bffe000 ---p 0000c000 08:01 6033075                    /lib/x86_64-linux-gnu/libnss_files-2.17.so
7f273bffe000-7f273bfff000 r--p 0000b000 08:01 6033075                    /lib/x86_64-linux-gnu/libnss_files-2.17.so
7f273bfff000-7f273c000000 rw-p 0000c000 08:01 6033075                    /lib/x86_64-linux-gnu/libnss_files-2.17.so
7f273c000000-7f273c60b000 rw-p 00000000 00:00 0 
7f273c60b000-7f2740000000 ---p 00000000 00:00 0 
7f274000a000-7f274000e000 r--s 00035000 08:01 17957274                   /home/shiwali/InstructoSoarII/probcog2/java/probcog.jar
7f274000e000-7f2740011000 r--s 0001d000 08:01 5378582                    /usr/local/share/java/lcm.jar
7f2740011000-7f2740086000 rw-p 00000000 00:00 0 
7f2740086000-7f27400ce000 rw-p 00000000 00:00 0 
7f27400ce000-7f27400d9000 r-xp 00000000 08:01 6033079                    /lib/x86_64-linux-gnu/libnss_nis-2.17.so
7f27400d9000-7f27402d8000 ---p 0000b000 08:01 6033079                    /lib/x86_64-linux-gnu/libnss_nis-2.17.so
7f27402d8000-7f27402d9000 r--p 0000a000 08:01 6033079                    /lib/x86_64-linux-gnu/libnss_nis-2.17.so
7f27402d9000-7f27402da000 rw-p 0000b000 08:01 6033079                    /lib/x86_64-linux-gnu/libnss_nis-2.17.so
7f27402da000-7f27402f1000 r-xp 00000000 08:01 6033069                    /lib/x86_64-linux-gnu/libnsl-2.17.so
7f27402f1000-7f27404f0000 ---p 00017000 08:01 6033069                    /lib/x86_64-linux-gnu/libnsl-2.17.so
7f27404f0000-7f27404f1000 r--p 00016000 08:01 6033069                    /lib/x86_64-linux-gnu/libnsl-2.17.so
7f27404f1000-7f27404f2000 rw-p 00017000 08:01 6033069                    /lib/x86_64-linux-gnu/libnsl-2.17.so
7f27404f2000-7f27404f4000 rw-p 00000000 00:00 0 
7f27404f4000-7f27404fc000 r-xp 00000000 08:01 6033071                    /lib/x86_64-linux-gnu/libnss_compat-2.17.so
7f27404fc000-7f27406fb000 ---p 00008000 08:01 6033071                    /lib/x86_64-linux-gnu/libnss_compat-2.17.so
7f27406fb000-7f27406fc000 r--p 00007000 08:01 6033071                    /lib/x86_64-linux-gnu/libnss_compat-2.17.so
7f27406fc000-7f27406fd000 rw-p 00008000 08:01 6033071                    /lib/x86_64-linux-gnu/libnss_compat-2.17.so
7f27406fd000-7f2740728000 r-xp 00000000 08:01 4466510                    /usr/lib/jvm/java-7-openjdk-amd64/jre/lib/amd64/libjava.so
7f2740728000-7f2740927000 ---p 0002b000 08:01 4466510                    /usr/lib/jvm/java-7-openjdk-amd64/jre/lib/amd64/libjava.so
7f2740927000-7f2740928000 r--p 0002a000 08:01 4466510                    /usr/lib/jvm/java-7-openjdk-amd64/jre/lib/amd64/libjava.so
7f2740928000-7f274092a000 rw-p 0002b000 08:01 4466510                    /usr/lib/jvm/java-7-openjdk-amd64/jre/lib/amd64/libjava.so
7f274092a000-7f2740939000 r-xp 00000000 08:01 4466509                    /usr/lib/jvm/java-7-openjdk-amd64/jre/lib/amd64/libverify.so
7f2740939000-7f2740b38000 ---p 0000f000 08:01 4466509                    /usr/lib/jvm/java-7-openjdk-amd64/jre/lib/amd64/libverify.so
7f2740b38000-7f2740b3a000 r--p 0000e000 08:01 4466509                    /usr/lib/jvm/java-7-openjdk-amd64/jre/lib/amd64/libverify.so
7f2740b3a000-7f2740b3b000 rw-p 00010000 08:01 4466509                    /usr/lib/jvm/java-7-openjdk-amd64/jre/lib/amd64/libverify.so
7f2740b3b000-7f2740b42000 r-xp 00000000 08:01 6033122                    /lib/x86_64-linux-gnu/librt-2.17.so
7f2740b42000-7f2740d41000 ---p 00007000 08:01 6033122                    /lib/x86_64-linux-gnu/librt-2.17.so
7f2740d41000-7f2740d42000 r--p 00006000 08:01 6033122                    /lib/x86_64-linux-gnu/librt-2.17.so
7f2740d42000-7f2740d43000 rw-p 00007000 08:01 6033122                    /lib/x86_64-linux-gnu/librt-2.17.so
7f2740d43000-7f2740d57000 r-xp 00000000 08:01 6033027                    /lib/x86_64-linux-gnu/libgcc_s.so.1
7f2740d57000-7f2740f57000 ---p 00014000 08:01 6033027                    /lib/x86_64-linux-gnu/libgcc_s.so.1
7f2740f57000-7f2740f58000 r--p 00014000 08:01 6033027                    /lib/x86_64-linux-gnu/libgcc_s.so.1
7f2740f58000-7f2740f59000 rw-p 00015000 08:01 6033027                    /lib/x86_64-linux-gnu/libgcc_s.so.1
7f2740f59000-7f274105c000 r-xp 00000000 08:01 6033050                    /lib/x86_64-linux-gnu/libm-2.17.so
7f274105c000-7f274125c000 ---p 00103000 08:01 6033050                    /lib/x86_64-linux-gnu/libm-2.17.so
7f274125c000-7f274125d000 r--p 00103000 08:01 6033050                    /lib/x86_64-linux-gnu/libm-2.17.so
7f274125d000-7f274125e000 rw-p 00104000 08:01 6033050                    /lib/x86_64-linux-gnu/libm-2.17.so
7f274125e000-7f2741343000 r-xp 00000000 08:01 4464194                    /usr/lib/x86_64-linux-gnu/libstdc++.so.6.0.17
7f2741343000-7f2741542000 ---p 000e5000 08:01 4464194                    /usr/lib/x86_64-linux-gnu/libstdc++.so.6.0.17
7f2741542000-7f274154a000 r--p 000e4000 08:01 4464194                    /usr/lib/x86_64-linux-gnu/libstdc++.so.6.0.17
7f274154a000-7f274154c000 rw-p 000ec000 08:01 4464194                    /usr/lib/x86_64-linux-gnu/libstdc++.so.6.0.17
7f274154c000-7f2741561000 rw-p 00000000 00:00 0 
7f2741561000-7f2741f51000 r-xp 00000000 08:01 4466515                    /usr/lib/jvm/java-7-openjdk-amd64/jre/lib/amd64/server/libjvm.so
7f2741f51000-7f2742150000 ---p 009f0000 08:01 4466515                    /usr/lib/jvm/java-7-openjdk-amd64/jre/lib/amd64/server/libjvm.so
7f2742150000-7f27421cf000 r--p 009ef000 08:01 4466515                    /usr/lib/jvm/java-7-openjdk-amd64/jre/lib/amd64/server/libjvm.so
7f27421cf000-7f27421f2000 rw-p 00a6e000 08:01 4466515                    /usr/lib/jvm/java-7-openjdk-amd64/jre/lib/amd64/server/libjvm.so
7f27421f2000-7f274221d000 rw-p 00000000 00:00 0 
7f274221d000-7f2742233000 r-xp 00000000 08:01 6033155                    /lib/x86_64-linux-gnu/libz.so.1.2.7
7f2742233000-7f2742432000 ---p 00016000 08:01 6033155                    /lib/x86_64-linux-gnu/libz.so.1.2.7
7f2742432000-7f2742433000 r--p 00015000 08:01 6033155                    /lib/x86_64-linux-gnu/libz.so.1.2.7
7f2742433000-7f2742434000 rw-p 00016000 08:01 6033155                    /lib/x86_64-linux-gnu/libz.so.1.2.7
7f2742434000-7f274244c000 r-xp 00000000 08:01 6033114                    /lib/x86_64-linux-gnu/libpthread-2.17.so
7f274244c000-7f274264b000 ---p 00018000 08:01 6033114                    /lib/x86_64-linux-gnu/libpthread-2.17.so
7f274264b000-7f274264c000 r--p 00017000 08:01 6033114                    /lib/x86_64-linux-gnu/libpthread-2.17.so
7f274264c000-7f274264d000 rw-p 00018000 08:01 6033114                    /lib/x86_64-linux-gnu/libpthread-2.17.so
7f274264d000-7f2742651000 rw-p 00000000 00:00 0 
7f2742651000-7f2742654000 r-xp 00000000 08:01 6033017                    /lib/x86_64-linux-gnu/libdl-2.17.so
7f2742654000-7f2742853000 ---p 00003000 08:01 6033017                    /lib/x86_64-linux-gnu/libdl-2.17.so
7f2742853000-7f2742854000 r--p 00002000 08:01 6033017                    /lib/x86_64-linux-gnu/libdl-2.17.so
7f2742854000-7f2742855000 rw-p 00003000 08:01 6033017                    /lib/x86_64-linux-gnu/libdl-2.17.so
7f2742855000-7f2742a13000 r-xp 00000000 08:01 6033002                    /lib/x86_64-linux-gnu/libc-2.17.so
7f2742a13000-7f2742c12000 ---p 001be000 08:01 6033002                    /lib/x86_64-linux-gnu/libc-2.17.so
7f2742c12000-7f2742c16000 r--p 001bd000 08:01 6033002                    /lib/x86_64-linux-gnu/libc-2.17.so
7f2742c16000-7f2742c18000 rw-p 001c1000 08:01 6033002                    /lib/x86_64-linux-gnu/libc-2.17.so
7f2742c18000-7f2742c1d000 rw-p 00000000 00:00 0 
7f2742c1d000-7f2742c2a000 r-xp 00000000 08:01 4466492                    /usr/lib/jvm/java-7-openjdk-amd64/jre/lib/amd64/jli/libjli.so
7f2742c2a000-7f2742e29000 ---p 0000d000 08:01 4466492                    /usr/lib/jvm/java-7-openjdk-amd64/jre/lib/amd64/jli/libjli.so
7f2742e29000-7f2742e2a000 r--p 0000c000 08:01 4466492                    /usr/lib/jvm/java-7-openjdk-amd64/jre/lib/amd64/jli/libjli.so
7f2742e2a000-7f2742e2b000 rw-p 0000d000 08:01 4466492                    /usr/lib/jvm/java-7-openjdk-amd64/jre/lib/amd64/jli/libjli.so
7f2742e2b000-7f2742e4e000 r-xp 00000000 08:01 6032978                    /lib/x86_64-linux-gnu/ld-2.17.so
7f2742e4e000-7f2742e50000 rw-p 00000000 00:00 0 
7f2742e50000-7f2742e59000 r--s 0005a000 08:01 17171911                   /home/shiwali/soar/SoarSuite/out/java/soar-debugger.jar
7f2742e59000-7f2742e5a000 r--s 00001000 08:01 17171909                   /home/shiwali/soar/SoarSuite/out/java/soar-debugger-api.jar
7f2742e5a000-7f2742e5b000 r--s 00003000 08:01 17171915                   /home/shiwali/soar/SoarSuite/out/java/swtgraphics2d.jar
7f2742e5b000-7f2742e5d000 r--s 00005000 08:01 17171902                   /home/shiwali/soar/SoarSuite/out/java/soar-smljava.jar
7f2742e5d000-7f2742e66000 r--s 000bc000 08:01 4465943                    /usr/lib/jvm/java-7-openjdk-common/jre/lib/resources.jar
7f2742e66000-7f2742e69000 r--s 00018000 08:01 17171891                   /home/shiwali/soar/SoarSuite/out/java/sml.jar
7f2742e69000-7f2742e6d000 r--s 00085000 08:01 4465946                    /usr/lib/jvm/java-7-openjdk-common/jre/lib/ext/localedata.jar
7f2742e6d000-7f2742e77000 rw-p 00000000 00:00 0 
7f2742e77000-7f2742f2d000 rw-p 00000000 00:00 0 
7f2742f2d000-7f2742f30000 ---p 00000000 00:00 0 
7f2742f30000-7f2743033000 rw-p 00000000 00:00 0                          [stack:11655]
7f2743033000-7f2743036000 r--s 00032000 08:01 4465947                    /usr/lib/jvm/java-7-openjdk-common/jre/lib/ext/sunjce_provider.jar
7f2743036000-7f2743039000 r--s 0003c000 08:01 4465945                    /usr/lib/jvm/java-7-openjdk-common/jre/lib/ext/sunpkcs11.jar
7f2743039000-7f274303a000 r--s 00002000 08:01 4465949                    /usr/lib/jvm/java-7-openjdk-common/jre/lib/ext/dnsns.jar
7f274303a000-7f274303d000 r--s 0000f000 08:01 4465948                    /usr/lib/jvm/java-7-openjdk-common/jre/lib/ext/pulse-java.jar
7f274303d000-7f274303f000 r--s 00006000 08:01 4855577                    /usr/share/java/java-atk-wrapper.jar
7f274303f000-7f2743041000 r--s 00012000 08:01 4465950                    /usr/lib/jvm/java-7-openjdk-common/jre/lib/ext/zipfs.jar
7f2743041000-7f2743049000 rw-s 00000000 08:01 6160712                    /tmp/hsperfdata_shiwali/11650
7f2743049000-7f274304a000 rw-p 00000000 00:00 0 
7f274304a000-7f274304b000 r--p 00000000 00:00 0 
7f274304b000-7f274304d000 rw-p 00000000 00:00 0 
7f274304d000-7f274304e000 r--p 00022000 08:01 6032978                    /lib/x86_64-linux-gnu/ld-2.17.so
7f274304e000-7f2743050000 rw-p 00023000 08:01 6032978                    /lib/x86_64-linux-gnu/ld-2.17.so
7fff18d73000-7fff18d94000 rw-p 00000000 00:00 0                          [stack]
7fff18dfe000-7fff18e00000 r-xp 00000000 00:00 0                          [vdso]
ffffffffff600000-ffffffffff601000 r-xp 00000000 00:00 0                  [vsyscall]

VM Arguments:
jvm_args: -Dfile.encoding=UTF-8 
java_command: edu.umich.insoar.InSoar
Launcher Type: SUN_STANDARD

Environment Variables:
PATH=/usr/lib/lightdm/lightdm:/usr/local/sbin:/usr/local/bin:/usr/sbin:/usr/bin:/sbin:/bin:/usr/games:/usr/local/games
LD_LIBRARY_PATH=/home/shiwali/soar/SoarSuite/out
SHELL=/bin/bash
DISPLAY=:0

Signal Handlers:
SIGSEGV: [libjvm.so+0x84f410], sa_mask[0]=0x7ffbfeff, sa_flags=0x10000004
SIGBUS: [libjvm.so+0x84f410], sa_mask[0]=0x7ffbfeff, sa_flags=0x10000004
SIGFPE: [libjvm.so+0x6f19a0], sa_mask[0]=0x7ffbfeff, sa_flags=0x10000004
SIGPIPE: SIG_IGN, sa_mask[0]=0x00000000, sa_flags=0x00000000
SIGXFSZ: [libjvm.so+0x6f19a0], sa_mask[0]=0x7ffbfeff, sa_flags=0x10000004
SIGILL: [libjvm.so+0x6f19a0], sa_mask[0]=0x7ffbfeff, sa_flags=0x10000004
SIGUSR1: SIG_DFL, sa_mask[0]=0x00000000, sa_flags=0x00000000
SIGUSR2: [libjvm.so+0x6f1d70], sa_mask[0]=0x00000004, sa_flags=0x10000004
SIGHUP: [libjvm.so+0x6f1eb0], sa_mask[0]=0x7ffbfeff, sa_flags=0x10000004
SIGINT: [libjvm.so+0x6f1eb0], sa_mask[0]=0x7ffbfeff, sa_flags=0x10000004
SIGTERM: [libjvm.so+0x6f1eb0], sa_mask[0]=0x7ffbfeff, sa_flags=0x10000004
SIGQUIT: [libjvm.so+0x6f1eb0], sa_mask[0]=0x7ffbfeff, sa_flags=0x10000004


---------------  S Y S T E M  ---------------

OS:Ubuntu 13.04 (raring)
uname:Linux 3.8.0-27-generic #40-Ubuntu SMP Tue Jul 9 00:17:05 UTC 2013 x86_64
libc:glibc 2.17 NPTL 2.17 
rlimit: STACK 8192k, CORE 0k, NPROC 63152, NOFILE 4096, AS infinity
load average:1.76 2.18 2.29

/proc/meminfo:
MemTotal:        8102568 kB
MemFree:          941148 kB
Buffers:          137800 kB
Cached:          1719468 kB
SwapCached:            0 kB
Active:          5293364 kB
Inactive:        1179028 kB
Active(anon):    4620040 kB
Inactive(anon):    82472 kB
Active(file):     673324 kB
Inactive(file):  1096556 kB
Unevictable:         100 kB
Mlocked:             100 kB
SwapTotal:       8311804 kB
SwapFree:        8311804 kB
Dirty:              2100 kB
Writeback:             0 kB
AnonPages:       4615672 kB
Mapped:           292004 kB
Shmem:             87100 kB
Slab:             153520 kB
SReclaimable:     106520 kB
SUnreclaim:        47000 kB
KernelStack:        6376 kB
PageTables:        55300 kB
NFS_Unstable:          0 kB
Bounce:                0 kB
WritebackTmp:          0 kB
CommitLimit:    12363088 kB
Committed_AS:   10174012 kB
VmallocTotal:   34359738367 kB
VmallocUsed:      101264 kB
VmallocChunk:   34359608400 kB
HardwareCorrupted:     0 kB
AnonHugePages:         0 kB
HugePages_Total:       0
HugePages_Free:        0
HugePages_Rsvd:        0
HugePages_Surp:        0
Hugepagesize:       2048 kB
DirectMap4k:       68412 kB
DirectMap2M:     8245248 kB


CPU:total 8 (4 cores per cpu, 2 threads per core) family 6 model 30 stepping 5, cmov, cx8, fxsr, mmx, sse, sse2, sse3, ssse3, sse4.1, sse4.2, popcnt, ht, tsc, tscinvbit

/proc/cpuinfo:
processor	: 0
vendor_id	: GenuineIntel
cpu family	: 6
model		: 30
model name	: Intel(R) Core(TM) i7 CPU         860  @ 2.80GHz
stepping	: 5
microcode	: 0x5
cpu MHz		: 1197.000
cache size	: 8192 KB
physical id	: 0
siblings	: 8
core id		: 0
cpu cores	: 4
apicid		: 0
initial apicid	: 0
fpu		: yes
fpu_exception	: yes
cpuid level	: 11
wp		: yes
flags		: fpu vme de pse tsc msr pae mce cx8 apic sep mtrr pge mca cmov pat pse36 clflush dts acpi mmx fxsr sse sse2 ss ht tm pbe syscall nx rdtscp lm constant_tsc arch_perfmon pebs bts rep_good nopl xtopology nonstop_tsc aperfmperf pni dtes64 monitor ds_cpl vmx smx est tm2 ssse3 cx16 xtpr pdcm sse4_1 sse4_2 popcnt lahf_lm ida dtherm tpr_shadow vnmi flexpriority ept vpid
bogomips	: 5585.99
clflush size	: 64
cache_alignment	: 64
address sizes	: 36 bits physical, 48 bits virtual
power management:

processor	: 1
vendor_id	: GenuineIntel
cpu family	: 6
model		: 30
model name	: Intel(R) Core(TM) i7 CPU         860  @ 2.80GHz
stepping	: 5
microcode	: 0x5
cpu MHz		: 1197.000
cache size	: 8192 KB
physical id	: 0
siblings	: 8
core id		: 1
cpu cores	: 4
apicid		: 2
initial apicid	: 2
fpu		: yes
fpu_exception	: yes
cpuid level	: 11
wp		: yes
flags		: fpu vme de pse tsc msr pae mce cx8 apic sep mtrr pge mca cmov pat pse36 clflush dts acpi mmx fxsr sse sse2 ss ht tm pbe syscall nx rdtscp lm constant_tsc arch_perfmon pebs bts rep_good nopl xtopology nonstop_tsc aperfmperf pni dtes64 monitor ds_cpl vmx smx est tm2 ssse3 cx16 xtpr pdcm sse4_1 sse4_2 popcnt lahf_lm ida dtherm tpr_shadow vnmi flexpriority ept vpid
bogomips	: 5585.99
clflush size	: 64
cache_alignment	: 64
address sizes	: 36 bits physical, 48 bits virtual
power management:

processor	: 2
vendor_id	: GenuineIntel
cpu family	: 6
model		: 30
model name	: Intel(R) Core(TM) i7 CPU         860  @ 2.80GHz
stepping	: 5
microcode	: 0x5
cpu MHz		: 2794.000
cache size	: 8192 KB
physical id	: 0
siblings	: 8
core id		: 2
cpu cores	: 4
apicid		: 4
initial apicid	: 4
fpu		: yes
fpu_exception	: yes
cpuid level	: 11
wp		: yes
flags		: fpu vme de pse tsc msr pae mce cx8 apic sep mtrr pge mca cmov pat pse36 clflush dts acpi mmx fxsr sse sse2 ss ht tm pbe syscall nx rdtscp lm constant_tsc arch_perfmon pebs bts rep_good nopl xtopology nonstop_tsc aperfmperf pni dtes64 monitor ds_cpl vmx smx est tm2 ssse3 cx16 xtpr pdcm sse4_1 sse4_2 popcnt lahf_lm ida dtherm tpr_shadow vnmi flexpriority ept vpid
bogomips	: 5585.99
clflush size	: 64
cache_alignment	: 64
address sizes	: 36 bits physical, 48 bits virtual
power management:

processor	: 3
vendor_id	: GenuineIntel
cpu family	: 6
model		: 30
model name	: Intel(R) Core(TM) i7 CPU         860  @ 2.80GHz
stepping	: 5
microcode	: 0x5
cpu MHz		: 1197.000
cache size	: 8192 KB
physical id	: 0
siblings	: 8
core id		: 3
cpu cores	: 4
apicid		: 6
initial apicid	: 6
fpu		: yes
fpu_exception	: yes
cpuid level	: 11
wp		: yes
flags		: fpu vme de pse tsc msr pae mce cx8 apic sep mtrr pge mca cmov pat pse36 clflush dts acpi mmx fxsr sse sse2 ss ht tm pbe syscall nx rdtscp lm constant_tsc arch_perfmon pebs bts rep_good nopl xtopology nonstop_tsc aperfmperf pni dtes64 monitor ds_cpl vmx smx est tm2 ssse3 cx16 xtpr pdcm sse4_1 sse4_2 popcnt lahf_lm ida dtherm tpr_shadow vnmi flexpriority ept vpid
bogomips	: 5585.99
clflush size	: 64
cache_alignment	: 64
address sizes	: 36 bits physical, 48 bits virtual
power management:

processor	: 4
vendor_id	: GenuineIntel
cpu family	: 6
model		: 30
model name	: Intel(R) Core(TM) i7 CPU         860  @ 2.80GHz
stepping	: 5
microcode	: 0x5
cpu MHz		: 2794.000
cache size	: 8192 KB
physical id	: 0
siblings	: 8
core id		: 0
cpu cores	: 4
apicid		: 1
initial apicid	: 1
fpu		: yes
fpu_exception	: yes
cpuid level	: 11
wp		: yes
flags		: fpu vme de pse tsc msr pae mce cx8 apic sep mtrr pge mca cmov pat pse36 clflush dts acpi mmx fxsr sse sse2 ss ht tm pbe syscall nx rdtscp lm constant_tsc arch_perfmon pebs bts rep_good nopl xtopology nonstop_tsc aperfmperf pni dtes64 monitor ds_cpl vmx smx est tm2 ssse3 cx16 xtpr pdcm sse4_1 sse4_2 popcnt lahf_lm ida dtherm tpr_shadow vnmi flexpriority ept vpid
bogomips	: 5585.99
clflush size	: 64
cache_alignment	: 64
address sizes	: 36 bits physical, 48 bits virtual
power management:

processor	: 5
vendor_id	: GenuineIntel
cpu family	: 6
model		: 30
model name	: Intel(R) Core(TM) i7 CPU         860  @ 2.80GHz
stepping	: 5
microcode	: 0x5
cpu MHz		: 1197.000
cache size	: 8192 KB
physical id	: 0
siblings	: 8
core id		: 1
cpu cores	: 4
apicid		: 3
initial apicid	: 3
fpu		: yes
fpu_exception	: yes
cpuid level	: 11
wp		: yes
flags		: fpu vme de pse tsc msr pae mce cx8 apic sep mtrr pge mca cmov pat pse36 clflush dts acpi mmx fxsr sse sse2 ss ht tm pbe syscall nx rdtscp lm constant_tsc arch_perfmon pebs bts rep_good nopl xtopology nonstop_tsc aperfmperf pni dtes64 monitor ds_cpl vmx smx est tm2 ssse3 cx16 xtpr pdcm sse4_1 sse4_2 popcnt lahf_lm ida dtherm tpr_shadow vnmi flexpriority ept vpid
bogomips	: 5585.99
clflush size	: 64
cache_alignment	: 64
address sizes	: 36 bits physical, 48 bits virtual
power management:

processor	: 6
vendor_id	: GenuineIntel
cpu family	: 6
model		: 30
model name	: Intel(R) Core(TM) i7 CPU         860  @ 2.80GHz
stepping	: 5
microcode	: 0x5
cpu MHz		: 1197.000
cache size	: 8192 KB
physical id	: 0
siblings	: 8
core id		: 2
cpu cores	: 4
apicid		: 5
initial apicid	: 5
fpu		: yes
fpu_exception	: yes
cpuid level	: 11
wp		: yes
flags		: fpu vme de pse tsc msr pae mce cx8 apic sep mtrr pge mca cmov pat pse36 clflush dts acpi mmx fxsr sse sse2 ss ht tm pbe syscall nx rdtscp lm constant_tsc arch_perfmon pebs bts rep_good nopl xtopology nonstop_tsc aperfmperf pni dtes64 monitor ds_cpl vmx smx est tm2 ssse3 cx16 xtpr pdcm sse4_1 sse4_2 popcnt lahf_lm ida dtherm tpr_shadow vnmi flexpriority ept vpid
bogomips	: 5585.99
clflush size	: 64
cache_alignment	: 64
address sizes	: 36 bits physical, 48 bits virtual
power management:

processor	: 7
vendor_id	: GenuineIntel
cpu family	: 6
model		: 30
model name	: Intel(R) Core(TM) i7 CPU         860  @ 2.80GHz
stepping	: 5
microcode	: 0x5
cpu MHz		: 2794.000
cache size	: 8192 KB
physical id	: 0
siblings	: 8
core id		: 3
cpu cores	: 4
apicid		: 7
initial apicid	: 7
fpu		: yes
fpu_exception	: yes
cpuid level	: 11
wp		: yes
flags		: fpu vme de pse tsc msr pae mce cx8 apic sep mtrr pge mca cmov pat pse36 clflush dts acpi mmx fxsr sse sse2 ss ht tm pbe syscall nx rdtscp lm constant_tsc arch_perfmon pebs bts rep_good nopl xtopology nonstop_tsc aperfmperf pni dtes64 monitor ds_cpl vmx smx est tm2 ssse3 cx16 xtpr pdcm sse4_1 sse4_2 popcnt lahf_lm ida dtherm tpr_shadow vnmi flexpriority ept vpid
bogomips	: 5585.99
clflush size	: 64
cache_alignment	: 64
address sizes	: 36 bits physical, 48 bits virtual
power management:



Memory: 4k page, physical 8102568k(941148k free), swap 8311804k(8311804k free)

vm_info: OpenJDK 64-Bit Server VM (23.7-b01) for linux-amd64 JRE (1.7.0_25-b30), built on Jul  3 2013 13:50:39 by "buildd" with gcc 4.7.3

time: Mon Aug 19 16:32:28 2013
elapsed time: 290 seconds

