#
# A fatal error has been detected by the Java Runtime Environment:
#
#  SIGSEGV (0xb) at pc=0x00007ffb00000000, pid=3802, tid=140717837403904
#
# JRE version: 7.0_25-b30
# Java VM: OpenJDK 64-Bit Server VM (23.7-b01 mixed mode linux-amd64 compressed oops)
# Problematic frame:
# C  0x00007ffb00000000
[error occurred during error reporting (printing problematic frame), id 0xb]

# Failed to write core dump. Core dumps have been disabled. To enable core dumping, try "ulimit -c unlimited" before starting Java again
#
# If you would like to submit a bug report, please include
# instructions on how to reproduce the bug and visit:
#   https://bugs.launchpad.net/ubuntu/+source/openjdk-7/
#

---------------  T H R E A D  ---------------

Current thread is native thread

siginfo:si_signo=SIGSEGV: si_errno=0, si_code=1 (SEGV_MAPERR), si_addr=0x00007ffb00000000

Registers:
RAX=0x00007ffb30e4b7d8, RBX=0x00007ffb3009db18, RCX=0x00007ffb6cb62b90, RDX=0x0000000000000003
RSP=0x00007ffb6cb62af8, RBP=0x00007ffb6cb62b60, RSI=0x00007ffb3009d920, RDI=0x00007ffb30e4b7d8
R8 =0x00007ffb00000000, R9 =0x000000000000000a, R10=0x0000000000000000, R11=0x00007ffb8282c580
R12=0x00007ffb6cb62b40, R13=0x00007ffb82e99060, R14=0x00007ffb82e704f0, R15=0x0000000000001000
RIP=0x00007ffb00000000, EFLAGS=0x0000000000010202, CSGSFS=0x3333000000000033, ERR=0x0000000000000014
  TRAPNO=0x000000000000000e

Top of Stack: (sp=0x00007ffb6cb62af8)
0x00007ffb6cb62af8:   00007ffb6d80b2b6 00007ffb6cb62b20
0x00007ffb6cb62b08:   00007ffb6cb62b90 00000003311b2110
0x00007ffb6cb62b18:   00007ffb3009d920 00007ffb30dfd500
0x00007ffb6cb62b28:   00007ffb6cb62b8f 00007ffb6cb62b40
0x00007ffb6cb62b38:   00007ffb81166bc3 00007ffb30f35130
0x00007ffb6cb62b48:   00007ffb30dfd500 00007ffb311b2110
0x00007ffb6cb62b58:   0000000000000000 00007ffb6cb62bb0
0x00007ffb6cb62b68:   00007ffb6d8182b2 000000036cb62ba0
0x00007ffb6cb62b78:   00007ffb3009d920 00007ffb304a1fe0
0x00007ffb6cb62b88:   00007ffb6cb62bcf 00007ffb813ab4d8
0x00007ffb6cb62b98:   00007ffb304a1fe0 00007ffb6cb62bd0
0x00007ffb6cb62ba8:   00007ffb311b2110 00007ffb6cb62bd0
0x00007ffb6cb62bb8:   00007ffb6d80b0d8 00007ffb311b2110
0x00007ffb6cb62bc8:   00007ffb3009d920 00007ffb6cb62bf0
0x00007ffb6cb62bd8:   00007ffb6d80b05d 00007ffb311b2110
0x00007ffb6cb62be8:   00007ffb304a1f90 00007ffb6cb62c20
0x00007ffb6cb62bf8:   00007ffb6d80ad96 00007ffb6cb62c60
0x00007ffb6cb62c08:   00007ffb311b2110 0000007000000000
0x00007ffb6cb62c18:   00007ffb304a1f90 00007ffb6cb62cb0
0x00007ffb6cb62c28:   00007ffb6d804adc 00007ffb31202388
0x00007ffb6cb62c38:   00007ffb6cb62cf0 00007ffb6cb62d40
0x00007ffb6cb62c48:   00007ffb3009d6c0 0000000531202388
0x00007ffb6cb62c58:   0000000100000000 00007ffb30f1cbe8
0x00007ffb6cb62c68:   00007ffb304a1f90 00007ffb6d9c31ff
0x00007ffb6cb62c78:   00007ffb82e704f0 00007ffb311b2d10
0x00007ffb6cb62c88:   00007ffb311b2d28 00007ffb311b2d28
0x00007ffb6cb62c98:   00007ffb3049b4a0 00007ffb6cb62d70
0x00007ffb6cb62ca8:   00007ffb3049b4a0 00007ffb6cb62d70
0x00007ffb6cb62cb8:   00007ffb6d805308 00007ffb3049b4a0
0x00007ffb6cb62cc8:   00007ffb3009d6c0 63007ffb00000000
0x00007ffb6cb62cd8:   00007ffb82e704f0 00007ffb310b7ae0
0x00007ffb6cb62ce8:   00007ffb81166666 00007ffb30f1d188 

Instructions: (pc=0x00007ffb00000000)
0x00007ffaffffffe0:   
[error occurred during error reporting (printing registers, top of stack, instructions near pc), id 0xb]

Register to memory mapping:

RAX=0x00007ffb30e4b7d8 is an unknown value
RBX=0x00007ffb3009db18 is an unknown value
RCX=0x00007ffb6cb62b90 is an unknown value
RDX=0x0000000000000003 is an unknown value
RSP=0x00007ffb6cb62af8 is an unknown value
RBP=0x00007ffb6cb62b60 is an unknown value
RSI=0x00007ffb3009d920 is an unknown value
RDI=0x00007ffb30e4b7d8 is an unknown value
R8 =0x00007ffb00000000 is an unknown value
R9 =0x000000000000000a is an unknown value
R10=0x0000000000000000 is an unknown value
R11=0x00007ffb8282c580: <offset 0x18c580> in /lib/x86_64-linux-gnu/libc.so.6 at 0x00007ffb826a0000
R12=0x00007ffb6cb62b40 is an unknown value
R13=0x00007ffb82e99060: _rtld_global+0 in /lib64/ld-linux-x86-64.so.2 at 0x00007ffb82c76000
R14=0x00007ffb82e704f0 is pointing into the stack for thread: 0x00007ffb7c009800
R15=0x0000000000001000 is an unknown value


Stack: [0x00007ffb6c364000,0x00007ffb6cb65000],  sp=0x00007ffb6cb62af8,  free space=8186k
Native frames: (J=compiled Java code, j=interpreted, Vv=VM code, C=native code)
C  0x00007ffb00000000
[error occurred during error reporting (printing native stack), id 0xb]


---------------  P R O C E S S  ---------------

VM state:not at safepoint (normal execution)

VM Mutex/Monitor currently owned by a thread: None

Heap
 PSYoungGen      total 385280K, used 51639K [0x00000000e1560000, 0x00000000f9620000, 0x0000000100000000)
  eden space 376832K, 12% used [0x00000000e1560000,0x00000000e44ec108,0x00000000f8560000)
  from space 8448K, 34% used [0x00000000f8de0000,0x00000000f90c1ba8,0x00000000f9620000)
  to   space 8576K, 0% used [0x00000000f8560000,0x00000000f8560000,0x00000000f8dc0000)
 ParOldGen       total 62784K, used 12047K [0x00000000a4000000, 0x00000000a7d50000, 0x00000000e1560000)
  object space 62784K, 19% used [0x00000000a4000000,0x00000000a4bc3cc8,0x00000000a7d50000)
 PSPermGen       total 21248K, used 17082K [0x0000000099a00000, 0x000000009aec0000, 0x00000000a4000000)
  object space 21248K, 80% used [0x0000000099a00000,0x000000009aaae870,0x000000009aec0000)

Card table byte_map: [0x00007ffb786aa000,0x00007ffb789de000] byte_map_base: 0x00007ffb781dd000

Polling page: 0x00007ffb82e95000

Code Cache  [0x00007ffb789de000, 0x00007ffb78c4e000, 0x00007ffb7b9de000)
 total_blobs=934 nmethods=393 adapters=493 free_code_cache=47572Kb largest_free_block=48659008

Compilation events (10 events):
Event: 72.379 Thread 0x00007ffb7c111000  397             java.util.ArrayList$Itr::hasNext (20 bytes)
Event: 72.380 Thread 0x00007ffb7c111000 nmethod 397 0x00007ffb78b50c90 code [0x00007ffb78b50dc0, 0x00007ffb78b50e38]
Event: 72.642 Thread 0x00007ffb7c10e000  398             sml.WMElement::ConvertToIntElement (29 bytes)
Event: 72.643 Thread 0x00007ffb7c111000  399             sml.IntElement::GetValue (9 bytes)
Event: 72.644 Thread 0x00007ffb7c111000 nmethod 399 0x00007ffb78b50a10 code [0x00007ffb78b50b60, 0x00007ffb78b50be8]
Event: 72.646 Thread 0x00007ffb7c10e000 nmethod 398 0x00007ffb78b6b1d0 code [0x00007ffb78b6b320, 0x00007ffb78b6b438]
Event: 72.716 Thread 0x00007ffb7c111000  400             java.util.HashMap$HashIterator::nextEntry (99 bytes)
Event: 72.719 Thread 0x00007ffb7c111000 nmethod 400 0x00007ffb78b6c990 code [0x00007ffb78b6cae0, 0x00007ffb78b6cc18]
Event: 74.526 Thread 0x00007ffb7c10e000  404             java.util.AbstractList::<init> (10 bytes)
Event: 74.527 Thread 0x00007ffb7c10e000 nmethod 404 0x00007ffb78b507d0 code [0x00007ffb78b50900, 0x00007ffb78b50958]

GC Heap History (10 events):
Event: 8.477 GC heap before
{Heap before GC invocations=4 (full 0):
 PSYoungGen      total 51008K, used 50992K [0x00000000e1560000, 0x00000000e7900000, 0x0000000100000000)
  eden space 47104K, 100% used [0x00000000e1560000,0x00000000e4360000,0x00000000e4360000)
  from space 3904K, 99% used [0x00000000e4360000,0x00000000e472c010,0x00000000e4730000)
  to   space 3904K, 0% used [0x00000000e7530000,0x00000000e7530000,0x00000000e7900000)
 ParOldGen       total 62784K, used 6691K [0x00000000a4000000, 0x00000000a7d50000, 0x00000000e1560000)
  object space 62784K, 10% used [0x00000000a4000000,0x00000000a4688c58,0x00000000a7d50000)
 PSPermGen       total 21248K, used 3570K [0x0000000099a00000, 0x000000009aec0000, 0x00000000a4000000)
  object space 21248K, 16% used [0x0000000099a00000,0x0000000099d7cb18,0x000000009aec0000)
Event: 8.583 GC heap after
Heap after GC invocations=4 (full 0):
 PSYoungGen      total 98112K, used 3904K [0x00000000e1560000, 0x00000000e7900000, 0x0000000100000000)
  eden space 94208K, 0% used [0x00000000e1560000,0x00000000e1560000,0x00000000e7160000)
  from space 3904K, 100% used [0x00000000e7530000,0x00000000e7900000,0x00000000e7900000)
  to   space 3904K, 0% used [0x00000000e7160000,0x00000000e7160000,0x00000000e7530000)
 ParOldGen       total 62784K, used 7495K [0x00000000a4000000, 0x00000000a7d50000, 0x00000000e1560000)
  object space 62784K, 11% used [0x00000000a4000000,0x00000000a4751c68,0x00000000a7d50000)
 PSPermGen       total 21248K, used 3570K [0x0000000099a00000, 0x000000009aec0000, 0x00000000a4000000)
  object space 21248K, 16% used [0x0000000099a00000,0x0000000099d7cb18,0x000000009aec0000)
}
Event: 9.888 GC heap before
{Heap before GC invocations=5 (full 0):
 PSYoungGen      total 98112K, used 98112K [0x00000000e1560000, 0x00000000e7900000, 0x0000000100000000)
  eden space 94208K, 100% used [0x00000000e1560000,0x00000000e7160000,0x00000000e7160000)
  from space 3904K, 100% used [0x00000000e7530000,0x00000000e7900000,0x00000000e7900000)
  to   space 3904K, 0% used [0x00000000e7160000,0x00000000e7160000,0x00000000e7530000)
 ParOldGen       total 62784K, used 7495K [0x00000000a4000000, 0x00000000a7d50000, 0x00000000e1560000)
  object space 62784K, 11% used [0x00000000a4000000,0x00000000a4751c68,0x00000000a7d50000)
 PSPermGen       total 21248K, used 3570K [0x0000000099a00000, 0x000000009aec0000, 0x00000000a4000000)
  object space 21248K, 16% used [0x0000000099a00000,0x0000000099d7cb18,0x000000009aec0000)
Event: 9.961 GC heap after
Heap after GC invocations=5 (full 0):
 PSYoungGen      total 98112K, used 3904K [0x00000000e1560000, 0x00000000eddc0000, 0x0000000100000000)
  eden space 94208K, 0% used [0x00000000e1560000,0x00000000e1560000,0x00000000e7160000)
  from space 3904K, 100% used [0x00000000e7160000,0x00000000e7530000,0x00000000e7530000)
  to   space 8384K, 0% used [0x00000000ed590000,0x00000000ed590000,0x00000000eddc0000)
 ParOldGen       total 62784K, used 8263K [0x00000000a4000000, 0x00000000a7d50000, 0x00000000e1560000)
  object space 62784K, 13% used [0x00000000a4000000,0x00000000a4811c68,0x00000000a7d50000)
 PSPermGen       total 21248K, used 3570K [0x0000000099a00000, 0x000000009aec0000, 0x00000000a4000000)
  object space 21248K, 16% used [0x0000000099a00000,0x0000000099d7cb18,0x000000009aec0000)
}
Event: 10.844 GC heap before
{Heap before GC invocations=6 (full 0):
 PSYoungGen      total 98112K, used 98112K [0x00000000e1560000, 0x00000000eddc0000, 0x0000000100000000)
  eden space 94208K, 100% used [0x00000000e1560000,0x00000000e7160000,0x00000000e7160000)
  from space 3904K, 100% used [0x00000000e7160000,0x00000000e7530000,0x00000000e7530000)
  to   space 8384K, 0% used [0x00000000ed590000,0x00000000ed590000,0x00000000eddc0000)
 ParOldGen       total 62784K, used 8263K [0x00000000a4000000, 0x00000000a7d50000, 0x00000000e1560000)
  object space 62784K, 13% used [0x00000000a4000000,0x00000000a4811c68,0x00000000a7d50000)
 PSPermGen       total 21248K, used 3570K [0x0000000099a00000, 0x000000009aec0000, 0x00000000a4000000)
  object space 21248K, 16% used [0x0000000099a00000,0x0000000099d7cb18,0x000000009aec0000)
Event: 10.903 GC heap after
Heap after GC invocations=6 (full 0):
 PSYoungGen      total 196288K, used 4736K [0x00000000e1560000, 0x00000000edd40000, 0x0000000100000000)
  eden space 188416K, 0% used [0x00000000e1560000,0x00000000e1560000,0x00000000ecd60000)
  from space 7872K, 60% used [0x00000000ed590000,0x00000000eda30000,0x00000000edd40000)
  to   space 8128K, 0% used [0x00000000ecd60000,0x00000000ecd60000,0x00000000ed550000)
 ParOldGen       total 62784K, used 8263K [0x00000000a4000000, 0x00000000a7d50000, 0x00000000e1560000)
  object space 62784K, 13% used [0x00000000a4000000,0x00000000a4811c68,0x00000000a7d50000)
 PSPermGen       total 21248K, used 3570K [0x0000000099a00000, 0x000000009aec0000, 0x00000000a4000000)
  object space 21248K, 16% used [0x0000000099a00000,0x0000000099d7cb18,0x000000009aec0000)
}
Event: 12.851 GC heap before
{Heap before GC invocations=7 (full 0):
 PSYoungGen      total 196288K, used 193152K [0x00000000e1560000, 0x00000000edd40000, 0x0000000100000000)
  eden space 188416K, 100% used [0x00000000e1560000,0x00000000ecd60000,0x00000000ecd60000)
  from space 7872K, 60% used [0x00000000ed590000,0x00000000eda30000,0x00000000edd40000)
  to   space 8128K, 0% used [0x00000000ecd60000,0x00000000ecd60000,0x00000000ed550000)
 ParOldGen       total 62784K, used 8263K [0x00000000a4000000, 0x00000000a7d50000, 0x00000000e1560000)
  object space 62784K, 13% used [0x00000000a4000000,0x00000000a4811c68,0x00000000a7d50000)
 PSPermGen       total 21248K, used 3570K [0x0000000099a00000, 0x000000009aec0000, 0x00000000a4000000)
  object space 21248K, 16% used [0x0000000099a00000,0x0000000099d7cb18,0x000000009aec0000)
Event: 12.909 GC heap after
Heap after GC invocations=7 (full 0):
 PSYoungGen      total 196544K, used 1248K [0x00000000e1560000, 0x00000000f9660000, 0x0000000100000000)
  eden space 188416K, 0% used [0x00000000e1560000,0x00000000e1560000,0x00000000ecd60000)
  from space 8128K, 15% used [0x00000000ecd60000,0x00000000ece98000,0x00000000ed550000)
  to   space 8704K, 0% used [0x00000000f8de0000,0x00000000f8de0000,0x00000000f9660000)
 ParOldGen       total 62784K, used 11959K [0x00000000a4000000, 0x00000000a7d50000, 0x00000000e1560000)
  object space 62784K, 19% used [0x00000000a4000000,0x00000000a4badcc8,0x00000000a7d50000)
 PSPermGen       total 21248K, used 3570K [0x0000000099a00000, 0x000000009aec0000, 0x00000000a4000000)
  object space 21248K, 16% used [0x0000000099a00000,0x0000000099d7cb18,0x000000009aec0000)
}
Event: 65.692 GC heap before
{Heap before GC invocations=8 (full 0):
 PSYoungGen      total 196544K, used 189664K [0x00000000e1560000, 0x00000000f9660000, 0x0000000100000000)
  eden space 188416K, 100% used [0x00000000e1560000,0x00000000ecd60000,0x00000000ecd60000)
  from space 8128K, 15% used [0x00000000ecd60000,0x00000000ece98000,0x00000000ed550000)
  to   space 8704K, 0% used [0x00000000f8de0000,0x00000000f8de0000,0x00000000f9660000)
 ParOldGen       total 62784K, used 11959K [0x00000000a4000000, 0x00000000a7d50000, 0x00000000e1560000)
  object space 62784K, 19% used [0x00000000a4000000,0x00000000a4badcc8,0x00000000a7d50000)
 PSPermGen       total 21248K, used 17067K [0x0000000099a00000, 0x000000009aec0000, 0x00000000a4000000)
  object space 21248K, 80% used [0x0000000099a00000,0x000000009aaaae38,0x000000009aec0000)
Event: 65.728 GC heap after
Heap after GC invocations=8 (full 0):
 PSYoungGen      total 385280K, used 2950K [0x00000000e1560000, 0x00000000f9620000, 0x0000000100000000)
  eden space 376832K, 0% used [0x00000000e1560000,0x00000000e1560000,0x00000000f8560000)
  from space 8448K, 34% used [0x00000000f8de0000,0x00000000f90c1ba8,0x00000000f9620000)
  to   space 8576K, 0% used [0x00000000f8560000,0x00000000f8560000,0x00000000f8dc0000)
 ParOldGen       total 62784K, used 12047K [0x00000000a4000000, 0x00000000a7d50000, 0x00000000e1560000)
  object space 62784K, 19% used [0x00000000a4000000,0x00000000a4bc3cc8,0x00000000a7d50000)
 PSPermGen       total 21248K, used 17067K [0x0000000099a00000, 0x000000009aec0000, 0x00000000a4000000)
  object space 21248K, 80% used [0x0000000099a00000,0x000000009aaaae38,0x000000009aec0000)
}

Deoptimization events (10 events):
Event: 33.378 Thread 0x00007ffb140d5800 Uncommon trap -58 fr.pc 0x00007ffb78abcbe0
Event: 33.378 Thread 0x00007ffb140d5800 Uncommon trap -58 fr.pc 0x00007ffb78abcbe0
Event: 45.432 Thread 0x00007ffb7c50d800 Uncommon trap -34 fr.pc 0x00007ffb78abb438
Event: 54.748 Thread 0x00007ffb7c50d800 Uncommon trap -34 fr.pc 0x00007ffb78abb438
Event: 58.046 Thread 0x00007ffb140d5800 Uncommon trap -83 fr.pc 0x00007ffb78b38fd0
Event: 63.295 Thread 0x00007ffb140d5800 Uncommon trap -12 fr.pc 0x00007ffb78b5999c
Event: 63.297 Thread 0x00007ffb140d5800 Uncommon trap -83 fr.pc 0x00007ffb78b1d264
Event: 63.390 Thread 0x00007ffb7c315800 Uncommon trap -83 fr.pc 0x00007ffb78acb924
Event: 63.390 Thread 0x00007ffb7c315800 Uncommon trap -83 fr.pc 0x00007ffb78b60c64
Event: 70.321 Thread 0x00007ffb7c50d800 Uncommon trap -34 fr.pc 0x00007ffb78abb438

Internal exceptions (10 events):
Event: 33.035 Thread 0x00007ffb140d5800 Threw 0x00000000e7070940 at /build/buildd/openjdk-7-7u25-2.3.10/build/openjdk/hotspot/src/share/vm/prims/jvm.cpp:1235
Event: 33.036 Thread 0x00007ffb140d5800 Threw 0x00000000e7073d88 at /build/buildd/openjdk-7-7u25-2.3.10/build/openjdk/hotspot/src/share/vm/prims/jvm.cpp:1235
Event: 33.037 Thread 0x00007ffb140d5800 Threw 0x00000000e7077220 at /build/buildd/openjdk-7-7u25-2.3.10/build/openjdk/hotspot/src/share/vm/prims/jvm.cpp:1235
Event: 33.037 Thread 0x00007ffb140d5800 Threw 0x00000000e707a870 at /build/buildd/openjdk-7-7u25-2.3.10/build/openjdk/hotspot/src/share/vm/prims/jvm.cpp:1235
Event: 33.038 Thread 0x00007ffb140d5800 Threw 0x00000000e707d198 at /build/buildd/openjdk-7-7u25-2.3.10/build/openjdk/hotspot/src/share/vm/prims/jvm.cpp:1235
Event: 33.041 Thread 0x00007ffb140d5800 Threw 0x00000000e70a4ac0 at /build/buildd/openjdk-7-7u25-2.3.10/build/openjdk/hotspot/src/share/vm/prims/jvm.cpp:1235
Event: 57.739 Thread 0x00007ffb140d5800 Threw 0x00000000eb709430 at /build/buildd/openjdk-7-7u25-2.3.10/build/openjdk/hotspot/src/share/vm/prims/jvm.cpp:1235
Event: 57.751 Thread 0x00007ffb140d5800 Threw 0x00000000eb727bc8 at /build/buildd/openjdk-7-7u25-2.3.10/build/openjdk/hotspot/src/share/vm/prims/jvm.cpp:1235
Event: 63.295 Thread 0x00007ffb140d5800 Implicit null exception at 0x00007ffb78b5807c to 0x00007ffb78b59965
Event: 63.390 Thread 0x00007ffb7c315800 Implicit null exception at 0x00007ffb78b603c2 to 0x00007ffb78b60c51

Events (10 events):
Event: 65.743 Executing VM operation: BulkRevokeBias
Event: 65.743 Executing VM operation: BulkRevokeBias done
Event: 65.744 Executing VM operation: RevokeBias
Event: 65.744 Executing VM operation: RevokeBias done
Event: 65.744 Executing VM operation: RevokeBias
Event: 65.744 Executing VM operation: RevokeBias done
Event: 65.744 Executing VM operation: BulkRevokeBias
Event: 65.744 Executing VM operation: BulkRevokeBias done
Event: 70.321 Thread 0x00007ffb7c50d800 DEOPT PACKING pc=0x00007ffb78abb438 sp=0x00007ffb299266c0
Event: 70.321 Thread 0x00007ffb7c50d800 DEOPT UNPACKING pc=0x00007ffb78a17145 sp=0x00007ffb29926688 mode 2


Dynamic libraries:
00400000-00401000 r-xp 00000000 08:07 8132483                            /usr/lib/jvm/java-7-openjdk-amd64/jre/bin/java
00600000-00601000 r--p 00000000 08:07 8132483                            /usr/lib/jvm/java-7-openjdk-amd64/jre/bin/java
00601000-00602000 rw-p 00001000 08:07 8132483                            /usr/lib/jvm/java-7-openjdk-amd64/jre/bin/java
01c3c000-01c5d000 rw-p 00000000 00:00 0                                  [heap]
99a00000-9aec0000 rw-p 00000000 00:00 0 
9aec0000-a4000000 rw-p 00000000 00:00 0 
a4000000-a7d50000 rw-p 00000000 00:00 0 
a7d50000-e1560000 rw-p 00000000 00:00 0 
e1560000-f9620000 rw-p 00000000 00:00 0 
f9620000-f9660000 ---p 00000000 00:00 0 
f9660000-100000000 rw-p 00000000 00:00 0 
7ffb0c000000-7ffb0c021000 rw-p 00000000 00:00 0 
7ffb0c021000-7ffb10000000 ---p 00000000 00:00 0 
7ffb14000000-7ffb141d7000 rw-p 00000000 00:00 0 
7ffb141d7000-7ffb18000000 ---p 00000000 00:00 0 
7ffb18000000-7ffb181b0000 rw-p 00000000 00:00 0 
7ffb181b0000-7ffb1c000000 ---p 00000000 00:00 0 
7ffb1c000000-7ffb1c025000 rw-p 00000000 00:00 0 
7ffb1c025000-7ffb20000000 ---p 00000000 00:00 0 
7ffb20000000-7ffb20021000 rw-p 00000000 00:00 0 
7ffb20021000-7ffb24000000 ---p 00000000 00:00 0 
7ffb24000000-7ffb24021000 rw-p 00000000 00:00 0 
7ffb24021000-7ffb28000000 ---p 00000000 00:00 0 
7ffb2907d000-7ffb291c6000 rw-s 00000000 00:04 11272213                   /SYSV00000000 (deleted)
7ffb291c6000-7ffb291c9000 ---p 00000000 00:00 0 
7ffb291c9000-7ffb292c7000 rw-p 00000000 00:00 0                          [stack:4086]
7ffb292c7000-7ffb292ca000 ---p 00000000 00:00 0 
7ffb292ca000-7ffb293c8000 rw-p 00000000 00:00 0                          [stack:3855]
7ffb293c8000-7ffb293d8000 r-xp 00000000 08:07 8132427                    /usr/lib/jvm/java-7-openjdk-amd64/jre/lib/amd64/libnio.so
7ffb293d8000-7ffb295d8000 ---p 00010000 08:07 8132427                    /usr/lib/jvm/java-7-openjdk-amd64/jre/lib/amd64/libnio.so
7ffb295d8000-7ffb295d9000 r--p 00010000 08:07 8132427                    /usr/lib/jvm/java-7-openjdk-amd64/jre/lib/amd64/libnio.so
7ffb295d9000-7ffb295da000 rw-p 00011000 08:07 8132427                    /usr/lib/jvm/java-7-openjdk-amd64/jre/lib/amd64/libnio.so
7ffb295da000-7ffb29626000 r-xp 00000000 08:07 8132438                    /usr/lib/jvm/java-7-openjdk-amd64/jre/lib/amd64/libfontmanager.so
7ffb29626000-7ffb29825000 ---p 0004c000 08:07 8132438                    /usr/lib/jvm/java-7-openjdk-amd64/jre/lib/amd64/libfontmanager.so
7ffb29825000-7ffb29828000 r--p 0004b000 08:07 8132438                    /usr/lib/jvm/java-7-openjdk-amd64/jre/lib/amd64/libfontmanager.so
7ffb29828000-7ffb29829000 rw-p 0004e000 08:07 8132438                    /usr/lib/jvm/java-7-openjdk-amd64/jre/lib/amd64/libfontmanager.so
7ffb29829000-7ffb2982c000 ---p 00000000 00:00 0 
7ffb2982c000-7ffb2992a000 rw-p 00000000 00:00 0                          [stack:3853]
7ffb2992a000-7ffb2992d000 ---p 00000000 00:00 0 
7ffb2992d000-7ffb29a2b000 rw-p 00000000 00:00 0                          [stack:3852]
7ffb29a2b000-7ffb29a2e000 ---p 00000000 00:00 0 
7ffb29a2e000-7ffb29b2c000 rw-p 00000000 00:00 0                          [stack:3851]
7ffb29b2c000-7ffb29b2f000 ---p 00000000 00:00 0 
7ffb29b2f000-7ffb29c2d000 rw-p 00000000 00:00 0                          [stack:3850]
7ffb29c2d000-7ffb2ad9c000 r-xp 00000000 08:07 7871992                    /usr/lib/x86_64-linux-gnu/libicudata.so.48.1.1
7ffb2ad9c000-7ffb2af9b000 ---p 0116f000 08:07 7871992                    /usr/lib/x86_64-linux-gnu/libicudata.so.48.1.1
7ffb2af9b000-7ffb2af9c000 r--p 0116e000 08:07 7871992                    /usr/lib/x86_64-linux-gnu/libicudata.so.48.1.1
7ffb2af9c000-7ffb2af9d000 rw-p 0116f000 08:07 7871992                    /usr/lib/x86_64-linux-gnu/libicudata.so.48.1.1
7ffb2af9d000-7ffb2afa0000 r-xp 00000000 08:07 5246626                    /lib/x86_64-linux-gnu/libgpg-error.so.0.8.0
7ffb2afa0000-7ffb2b19f000 ---p 00003000 08:07 5246626                    /lib/x86_64-linux-gnu/libgpg-error.so.0.8.0
7ffb2b19f000-7ffb2b1a0000 r--p 00002000 08:07 5246626                    /lib/x86_64-linux-gnu/libgpg-error.so.0.8.0
7ffb2b1a0000-7ffb2b1a1000 rw-p 00003000 08:07 5246626                    /lib/x86_64-linux-gnu/libgpg-error.so.0.8.0
7ffb2b1a1000-7ffb2b1a3000 r-xp 00000000 08:07 5246637                    /lib/x86_64-linux-gnu/libkeyutils.so.1.4
7ffb2b1a3000-7ffb2b3a3000 ---p 00002000 08:07 5246637                    /lib/x86_64-linux-gnu/libkeyutils.so.1.4
7ffb2b3a3000-7ffb2b3a4000 r--p 00002000 08:07 5246637                    /lib/x86_64-linux-gnu/libkeyutils.so.1.4
7ffb2b3a4000-7ffb2b3a5000 rw-p 00003000 08:07 5246637                    /lib/x86_64-linux-gnu/libkeyutils.so.1.4
7ffb2b3a5000-7ffb2b4fb000 r-xp 00000000 08:07 7872006                    /usr/lib/x86_64-linux-gnu/libicuuc.so.48.1.1
7ffb2b4fb000-7ffb2b6fa000 ---p 00156000 08:07 7872006                    /usr/lib/x86_64-linux-gnu/libicuuc.so.48.1.1
7ffb2b6fa000-7ffb2b70b000 r--p 00155000 08:07 7872006                    /usr/lib/x86_64-linux-gnu/libicuuc.so.48.1.1
7ffb2b70b000-7ffb2b70c000 rw-p 00166000 08:07 7872006                    /usr/lib/x86_64-linux-gnu/libicuuc.so.48.1.1
7ffb2b70c000-7ffb2b710000 rw-p 00000000 00:00 0 
7ffb2b710000-7ffb2b742000 r-xp 00000000 08:07 7871998                    /usr/lib/x86_64-linux-gnu/libicule.so.48.1.1
7ffb2b742000-7ffb2b942000 ---p 00032000 08:07 7871998                    /usr/lib/x86_64-linux-gnu/libicule.so.48.1.1
7ffb2b942000-7ffb2b944000 r--p 00032000 08:07 7871998                    /usr/lib/x86_64-linux-gnu/libicule.so.48.1.1
7ffb2b944000-7ffb2b945000 rw-p 00034000 08:07 7871998                    /usr/lib/x86_64-linux-gnu/libicule.so.48.1.1
7ffb2b945000-7ffb2b988000 r-xp 00000000 08:07 5242885                    /lib/x86_64-linux-gnu/libdbus-1.so.3.7.2
7ffb2b988000-7ffb2bb87000 ---p 00043000 08:07 5242885                    /lib/x86_64-linux-gnu/libdbus-1.so.3.7.2
7ffb2bb87000-7ffb2bb88000 r--p 00042000 08:07 5242885                    /lib/x86_64-linux-gnu/libdbus-1.so.3.7.2
7ffb2bb88000-7ffb2bb89000 rw-p 00043000 08:07 5242885                    /lib/x86_64-linux-gnu/libdbus-1.so.3.7.2
7ffb2bb89000-7ffb2bb9b000 r-xp 00000000 08:07 7872131                    /usr/lib/x86_64-linux-gnu/libp11-kit.so.0.0.0
7ffb2bb9b000-7ffb2bd9b000 ---p 00012000 08:07 7872131                    /usr/lib/x86_64-linux-gnu/libp11-kit.so.0.0.0
7ffb2bd9b000-7ffb2bd9c000 r--p 00012000 08:07 7872131                    /usr/lib/x86_64-linux-gnu/libp11-kit.so.0.0.0
7ffb2bd9c000-7ffb2bd9d000 rw-p 00013000 08:07 7872131                    /usr/lib/x86_64-linux-gnu/libp11-kit.so.0.0.0
7ffb2bd9d000-7ffb2bdac000 r-xp 00000000 08:07 7872289                    /usr/lib/x86_64-linux-gnu/libtasn1.so.3.2.0
7ffb2bdac000-7ffb2bfac000 ---p 0000f000 08:07 7872289                    /usr/lib/x86_64-linux-gnu/libtasn1.so.3.2.0
7ffb2bfac000-7ffb2bfad000 r--p 0000f000 08:07 7872289                    /usr/lib/x86_64-linux-gnu/libtasn1.so.3.2.0
7ffb2bfad000-7ffb2bfae000 rw-p 00010000 08:07 7872289                    /usr/lib/x86_64-linux-gnu/libtasn1.so.3.2.0
7ffb2bfae000-7ffb2c028000 r-xp 00000000 08:07 5243988                    /lib/x86_64-linux-gnu/libgcrypt.so.11.7.0
7ffb2c028000-7ffb2c228000 ---p 0007a000 08:07 5243988                    /lib/x86_64-linux-gnu/libgcrypt.so.11.7.0
7ffb2c228000-7ffb2c229000 r--p 0007a000 08:07 5243988                    /lib/x86_64-linux-gnu/libgcrypt.so.11.7.0
7ffb2c229000-7ffb2c22c000 rw-p 0007b000 08:07 5243988                    /lib/x86_64-linux-gnu/libgcrypt.so.11.7.0
7ffb2c22c000-7ffb2c233000 r-xp 00000000 08:07 7872041                    /usr/lib/x86_64-linux-gnu/libkrb5support.so.0.1
7ffb2c233000-7ffb2c432000 ---p 00007000 08:07 7872041                    /usr/lib/x86_64-linux-gnu/libkrb5support.so.0.1
7ffb2c432000-7ffb2c433000 r--p 00006000 08:07 7872041                    /usr/lib/x86_64-linux-gnu/libkrb5support.so.0.1
7ffb2c433000-7ffb2c434000 rw-p 00007000 08:07 7872041                    /usr/lib/x86_64-linux-gnu/libkrb5support.so.0.1
7ffb2c434000-7ffb2c437000 r-xp 00000000 08:07 5246602                    /lib/x86_64-linux-gnu/libcom_err.so.2.1
7ffb2c437000-7ffb2c636000 ---p 00003000 08:07 5246602                    /lib/x86_64-linux-gnu/libcom_err.so.2.1
7ffb2c636000-7ffb2c637000 r--p 00002000 08:07 5246602                    /lib/x86_64-linux-gnu/libcom_err.so.2.1
7ffb2c637000-7ffb2c638000 rw-p 00003000 08:07 5246602                    /lib/x86_64-linux-gnu/libcom_err.so.2.1
7ffb2c638000-7ffb2c65e000 r-xp 00000000 08:07 7872035                    /usr/lib/x86_64-linux-gnu/libk5crypto.so.3.1
7ffb2c65e000-7ffb2c85e000 ---p 00026000 08:07 7872035                    /usr/lib/x86_64-linux-gnu/libk5crypto.so.3.1
7ffb2c85e000-7ffb2c85f000 r--p 00026000 08:07 7872035                    /usr/lib/x86_64-linux-gnu/libk5crypto.so.3.1
7ffb2c85f000-7ffb2c860000 rw-p 00027000 08:07 7872035                    /usr/lib/x86_64-linux-gnu/libk5crypto.so.3.1
7ffb2c860000-7ffb2c861000 rw-p 00000000 00:00 0 
7ffb2c861000-7ffb2c925000 r-xp 00000000 08:07 7872039                    /usr/lib/x86_64-linux-gnu/libkrb5.so.3.3
7ffb2c925000-7ffb2cb24000 ---p 000c4000 08:07 7872039                    /usr/lib/x86_64-linux-gnu/libkrb5.so.3.3
7ffb2cb24000-7ffb2cb2e000 r--p 000c3000 08:07 7872039                    /usr/lib/x86_64-linux-gnu/libkrb5.so.3.3
7ffb2cb2e000-7ffb2cb2f000 rw-p 000cd000 08:07 7872039                    /usr/lib/x86_64-linux-gnu/libkrb5.so.3.3
7ffb2cb2f000-7ffb2cbc4000 r-xp 00000000 08:07 7871976                    /usr/lib/x86_64-linux-gnu/libharfbuzz.so.0.913.0
7ffb2cbc4000-7ffb2cdc3000 ---p 00095000 08:07 7871976                    /usr/lib/x86_64-linux-gnu/libharfbuzz.so.0.913.0
7ffb2cdc3000-7ffb2cdc5000 r--p 00094000 08:07 7871976                    /usr/lib/x86_64-linux-gnu/libharfbuzz.so.0.913.0
7ffb2cdc5000-7ffb2cdc6000 rw-p 00096000 08:07 7871976                    /usr/lib/x86_64-linux-gnu/libharfbuzz.so.0.913.0
7ffb2cdc6000-7ffb2cdce000 r-xp 00000000 08:07 7876045                    /usr/lib/x86_64-linux-gnu/libxcb-render.so.0.0.0
7ffb2cdce000-7ffb2cfce000 ---p 00008000 08:07 7876045                    /usr/lib/x86_64-linux-gnu/libxcb-render.so.0.0.0
7ffb2cfce000-7ffb2cfcf000 r--p 00008000 08:07 7876045                    /usr/lib/x86_64-linux-gnu/libxcb-render.so.0.0.0
7ffb2cfcf000-7ffb2cfd0000 rw-p 00009000 08:07 7876045                    /usr/lib/x86_64-linux-gnu/libxcb-render.so.0.0.0
7ffb2cfd0000-7ffb2cfd2000 r-xp 00000000 08:07 7872377                    /usr/lib/x86_64-linux-gnu/libxcb-shm.so.0.0.0
7ffb2cfd2000-7ffb2d1d1000 ---p 00002000 08:07 7872377                    /usr/lib/x86_64-linux-gnu/libxcb-shm.so.0.0.0
7ffb2d1d1000-7ffb2d1d2000 r--p 00001000 08:07 7872377                    /usr/lib/x86_64-linux-gnu/libxcb-shm.so.0.0.0
7ffb2d1d2000-7ffb2d1d3000 rw-p 00002000 08:07 7872377                    /usr/lib/x86_64-linux-gnu/libxcb-shm.so.0.0.0
7ffb2d1d3000-7ffb2d1f8000 r-xp 00000000 08:07 5246702                    /lib/x86_64-linux-gnu/libpng12.so.0.49.0
7ffb2d1f8000-7ffb2d3f7000 ---p 00025000 08:07 5246702                    /lib/x86_64-linux-gnu/libpng12.so.0.49.0
7ffb2d3f7000-7ffb2d3f8000 r--p 00024000 08:07 5246702                    /lib/x86_64-linux-gnu/libpng12.so.0.49.0
7ffb2d3f8000-7ffb2d3f9000 rw-p 00025000 08:07 5246702                    /lib/x86_64-linux-gnu/libpng12.so.0.49.0
7ffb2d3f9000-7ffb2d489000 r-xp 00000000 08:07 7872161                    /usr/lib/x86_64-linux-gnu/libpixman-1.so.0.28.2
7ffb2d489000-7ffb2d688000 ---p 00090000 08:07 7872161                    /usr/lib/x86_64-linux-gnu/libpixman-1.so.0.28.2
7ffb2d688000-7ffb2d68f000 r--p 0008f000 08:07 7872161                    /usr/lib/x86_64-linux-gnu/libpixman-1.so.0.28.2
7ffb2d68f000-7ffb2d690000 rw-p 00096000 08:07 7872161                    /usr/lib/x86_64-linux-gnu/libpixman-1.so.0.28.2
7ffb2d690000-7ffb2d695000 r-xp 00000000 08:07 7871525                    /usr/lib/x86_64-linux-gnu/libXdmcp.so.6.0.0
7ffb2d695000-7ffb2d894000 ---p 00005000 08:07 7871525                    /usr/lib/x86_64-linux-gnu/libXdmcp.so.6.0.0
7ffb2d894000-7ffb2d895000 r--p 00004000 08:07 7871525                    /usr/lib/x86_64-linux-gnu/libXdmcp.so.6.0.0
7ffb2d895000-7ffb2d896000 rw-p 00005000 08:07 7871525                    /usr/lib/x86_64-linux-gnu/libXdmcp.so.6.0.0
7ffb2d896000-7ffb2d898000 r-xp 00000000 08:07 7871514                    /usr/lib/x86_64-linux-gnu/libXau.so.6.0.0
7ffb2d898000-7ffb2da98000 ---p 00002000 08:07 7871514                    /usr/lib/x86_64-linux-gnu/libXau.so.6.0.0
7ffb2da98000-7ffb2da99000 r--p 00002000 08:07 7871514                    /usr/lib/x86_64-linux-gnu/libXau.so.6.0.0
7ffb2da99000-7ffb2da9a000 rw-p 00003000 08:07 7871514                    /usr/lib/x86_64-linux-gnu/libXau.so.6.0.0
7ffb2da9a000-7ffb2daa9000 r-xp 00000000 08:07 7871600                    /usr/lib/x86_64-linux-gnu/libavahi-client.so.3.2.9
7ffb2daa9000-7ffb2dca9000 ---p 0000f000 08:07 7871600                    /usr/lib/x86_64-linux-gnu/libavahi-client.so.3.2.9
7ffb2dca9000-7ffb2dcaa000 r--p 0000f000 08:07 7871600                    /usr/lib/x86_64-linux-gnu/libavahi-client.so.3.2.9
7ffb2dcaa000-7ffb2dcab000 rw-p 00010000 08:07 7871600                    /usr/lib/x86_64-linux-gnu/libavahi-client.so.3.2.9
7ffb2dcab000-7ffb2dcb6000 r-xp 00000000 08:07 7871602                    /usr/lib/x86_64-linux-gnu/libavahi-common.so.3.5.3
7ffb2dcb6000-7ffb2deb5000 ---p 0000b000 08:07 7871602                    /usr/lib/x86_64-linux-gnu/libavahi-common.so.3.5.3
7ffb2deb5000-7ffb2deb6000 r--p 0000a000 08:07 7871602                    /usr/lib/x86_64-linux-gnu/libavahi-common.so.3.5.3
7ffb2deb6000-7ffb2deb7000 rw-p 0000b000 08:07 7871602                    /usr/lib/x86_64-linux-gnu/libavahi-common.so.3.5.3
7ffb2deb7000-7ffb2df6c000 r-xp 00000000 08:07 7876016                    /usr/lib/x86_64-linux-gnu/libgnutls.so.26.22.6
7ffb2df6c000-7ffb2e16b000 ---p 000b5000 08:07 7876016                    /usr/lib/x86_64-linux-gnu/libgnutls.so.26.22.6
7ffb2e16b000-7ffb2e171000 r--p 000b4000 08:07 7876016                    /usr/lib/x86_64-linux-gnu/libgnutls.so.26.22.6
7ffb2e171000-7ffb2e172000 rw-p 000ba000 08:07 7876016                    /usr/lib/x86_64-linux-gnu/libgnutls.so.26.22.6
7ffb2e172000-7ffb2e173000 rw-p 00000000 00:00 0 
7ffb2e173000-7ffb2e1ae000 r-xp 00000000 08:07 7871878                    /usr/lib/x86_64-linux-gnu/libgssapi_krb5.so.2.2
7ffb2e1ae000-7ffb2e3ae000 ---p 0003b000 08:07 7871878                    /usr/lib/x86_64-linux-gnu/libgssapi_krb5.so.2.2
7ffb2e3ae000-7ffb2e3af000 r--p 0003b000 08:07 7871878                    /usr/lib/x86_64-linux-gnu/libgssapi_krb5.so.2.2
7ffb2e3af000-7ffb2e3b1000 rw-p 0003c000 08:07 7871878                    /usr/lib/x86_64-linux-gnu/libgssapi_krb5.so.2.2
7ffb2e3b1000-7ffb2e3d7000 r-xp 00000000 08:07 5246615                    /lib/x86_64-linux-gnu/libexpat.so.1.6.0
7ffb2e3d7000-7ffb2e5d7000 ---p 00026000 08:07 5246615                    /lib/x86_64-linux-gnu/libexpat.so.1.6.0
7ffb2e5d7000-7ffb2e5d9000 r--p 00026000 08:07 5246615                    /lib/x86_64-linux-gnu/libexpat.so.1.6.0
7ffb2e5d9000-7ffb2e5da000 rw-p 00028000 08:07 5246615                    /lib/x86_64-linux-gnu/libexpat.so.1.6.0
7ffb2e5da000-7ffb2e671000 r-xp 00000000 08:07 7871788                    /usr/lib/x86_64-linux-gnu/libfreetype.so.6.10.0
7ffb2e671000-7ffb2e870000 ---p 00097000 08:07 7871788                    /usr/lib/x86_64-linux-gnu/libfreetype.so.6.10.0
7ffb2e870000-7ffb2e876000 r--p 00096000 08:07 7871788                    /usr/lib/x86_64-linux-gnu/libfreetype.so.6.10.0
7ffb2e876000-7ffb2e877000 rw-p 0009c000 08:07 7871788                    /usr/lib/x86_64-linux-gnu/libfreetype.so.6.10.0
7ffb2e877000-7ffb2e879000 r-xp 00000000 08:07 7871523                    /usr/lib/x86_64-linux-gnu/libXdamage.so.1.1.0
7ffb2e879000-7ffb2ea78000 ---p 00002000 08:07 7871523                    /usr/lib/x86_64-linux-gnu/libXdamage.so.1.1.0
7ffb2ea78000-7ffb2ea79000 r--p 00001000 08:07 7871523                    /usr/lib/x86_64-linux-gnu/libXdamage.so.1.1.0
7ffb2ea79000-7ffb2ea7a000 rw-p 00002000 08:07 7871523                    /usr/lib/x86_64-linux-gnu/libXdamage.so.1.1.0
7ffb2ea7a000-7ffb2ea7c000 r-xp 00000000 08:07 7871519                    /usr/lib/x86_64-linux-gnu/libXcomposite.so.1.0.0
7ffb2ea7c000-7ffb2ec7b000 ---p 00002000 08:07 7871519                    /usr/lib/x86_64-linux-gnu/libXcomposite.so.1.0.0
7ffb2ec7b000-7ffb2ec7c000 r--p 00001000 08:07 7871519                    /usr/lib/x86_64-linux-gnu/libXcomposite.so.1.0.0
7ffb2ec7c000-7ffb2ec7d000 rw-p 00002000 08:07 7871519                    /usr/lib/x86_64-linux-gnu/libXcomposite.so.1.0.0
7ffb2ec7d000-7ffb2ec86000 r-xp 00000000 08:07 7871546                    /usr/lib/x86_64-linux-gnu/libXcursor.so.1.0.2
7ffb2ec86000-7ffb2ee86000 ---p 00009000 08:07 7871546                    /usr/lib/x86_64-linux-gnu/libXcursor.so.1.0.2
7ffb2ee86000-7ffb2ee87000 r--p 00009000 08:07 7871546                    /usr/lib/x86_64-linux-gnu/libXcursor.so.1.0.2
7ffb2ee87000-7ffb2ee88000 rw-p 0000a000 08:07 7871546                    /usr/lib/x86_64-linux-gnu/libXcursor.so.1.0.2
7ffb2ee88000-7ffb2ee91000 r-xp 00000000 08:07 7871534                    /usr/lib/x86_64-linux-gnu/libXrandr.so.2.2.0
7ffb2ee91000-7ffb2f090000 ---p 00009000 08:07 7871534                    /usr/lib/x86_64-linux-gnu/libXrandr.so.2.2.0
7ffb2f090000-7ffb2f091000 r--p 00008000 08:07 7871534                    /usr/lib/x86_64-linux-gnu/libXrandr.so.2.2.0
7ffb2f091000-7ffb2f092000 rw-p 00009000 08:07 7871534                    /usr/lib/x86_64-linux-gnu/libXrandr.so.2.2.0
7ffb2f092000-7ffb2f094000 r-xp 00000000 08:07 7871532                    /usr/lib/x86_64-linux-gnu/libXinerama.so.1.0.0
7ffb2f094000-7ffb2f293000 ---p 00002000 08:07 7871532                    /usr/lib/x86_64-linux-gnu/libXinerama.so.1.0.0
7ffb2f293000-7ffb2f294000 r--p 00001000 08:07 7871532                    /usr/lib/x86_64-linux-gnu/libXinerama.so.1.0.0
7ffb2f294000-7ffb2f295000 rw-p 00002000 08:07 7871532                    /usr/lib/x86_64-linux-gnu/libXinerama.so.1.0.0
7ffb2f295000-7ffb2f2a8000 r-xp 00000000 08:07 7872143                    /usr/lib/x86_64-linux-gnu/libpangoft2-1.0.so.0.3200.5
7ffb2f2a8000-7ffb2f4a7000 ---p 00013000 08:07 7872143                    /usr/lib/x86_64-linux-gnu/libpangoft2-1.0.so.0.3200.5
7ffb2f4a7000-7ffb2f4a8000 r--p 00012000 08:07 7872143                    /usr/lib/x86_64-linux-gnu/libpangoft2-1.0.so.0.3200.5
7ffb2f4a8000-7ffb2f4a9000 rw-p 00013000 08:07 7872143                    /usr/lib/x86_64-linux-gnu/libpangoft2-1.0.so.0.3200.5
7ffb2f4a9000-7ffb2f5a7000 r-xp 00000000 08:07 7871626                    /usr/lib/x86_64-linux-gnu/libcairo.so.2.11200.14
7ffb2f5a7000-7ffb2f7a7000 ---p 000fe000 08:07 7871626                    /usr/lib/x86_64-linux-gnu/libcairo.so.2.11200.14
7ffb2f7a7000-7ffb2f7aa000 r--p 000fe000 08:07 7871626                    /usr/lib/x86_64-linux-gnu/libcairo.so.2.11200.14
7ffb2f7aa000-7ffb2f7ab000 rw-p 00101000 08:07 7871626                    /usr/lib/x86_64-linux-gnu/libcairo.so.2.11200.14
7ffb2f7ab000-7ffb2f7ad000 rw-p 00000000 00:00 0 
7ffb2f7ad000-7ffb2f7cd000 r-xp 00000000 08:07 7871590                    /usr/lib/x86_64-linux-gnu/libatk-1.0.so.0.20809.1
7ffb2f7cd000-7ffb2f9cc000 ---p 00020000 08:07 7871590                    /usr/lib/x86_64-linux-gnu/libatk-1.0.so.0.20809.1
7ffb2f9cc000-7ffb2f9ce000 r--p 0001f000 08:07 7871590                    /usr/lib/x86_64-linux-gnu/libatk-1.0.so.0.20809.1
7ffb2f9ce000-7ffb2f9cf000 rw-p 00021000 08:07 7871590                    /usr/lib/x86_64-linux-gnu/libatk-1.0.so.0.20809.1
7ffb2f9cf000-7ffb2f9d4000 r-xp 00000000 08:07 7871526                    /usr/lib/x86_64-linux-gnu/libXfixes.so.3.1.0
7ffb2f9d4000-7ffb2fbd3000 ---p 00005000 08:07 7871526                    /usr/lib/x86_64-linux-gnu/libXfixes.so.3.1.0
7ffb2fbd3000-7ffb2fbd4000 r--p 00004000 08:07 7871526                    /usr/lib/x86_64-linux-gnu/libXfixes.so.3.1.0
7ffb2fbd4000-7ffb2fbd5000 rw-p 00005000 08:07 7871526                    /usr/lib/x86_64-linux-gnu/libXfixes.so.3.1.0
7ffb2fbd5000-7ffb2fbe0000 r-xp 00000000 08:07 7872141                    /usr/lib/x86_64-linux-gnu/libpangocairo-1.0.so.0.3200.5
7ffb2fbe0000-7ffb2fde0000 ---p 0000b000 08:07 7872141                    /usr/lib/x86_64-linux-gnu/libpangocairo-1.0.so.0.3200.5
7ffb2fde0000-7ffb2fde1000 r--p 0000b000 08:07 7872141                    /usr/lib/x86_64-linux-gnu/libpangocairo-1.0.so.0.3200.5
7ffb2fde1000-7ffb2fde2000 rw-p 0000c000 08:07 7872141                    /usr/lib/x86_64-linux-gnu/libpangocairo-1.0.so.0.3200.5
7ffb2fde2000-7ffb2fdff000 r-xp 00000000 08:07 7873627                    /usr/lib/x86_64-linux-gnu/libxcb.so.1.1.0
7ffb2fdff000-7ffb2fffe000 ---p 0001d000 08:07 7873627                    /usr/lib/x86_64-linux-gnu/libxcb.so.1.1.0
7ffb2fffe000-7ffb2ffff000 r--p 0001c000 08:07 7873627                    /usr/lib/x86_64-linux-gnu/libxcb.so.1.1.0
7ffb2ffff000-7ffb30000000 rw-p 0001d000 08:07 7873627                    /usr/lib/x86_64-linux-gnu/libxcb.so.1.1.0
7ffb30000000-7ffb3124b000 rw-p 00000000 00:00 0 
7ffb3124b000-7ffb34000000 ---p 00000000 00:00 0 
7ffb34000000-7ffb34021000 rw-p 00000000 00:00 0 
7ffb34021000-7ffb38000000 ---p 00000000 00:00 0 
7ffb38000000-7ffb38021000 rw-p 00000000 00:00 0 
7ffb38021000-7ffb3c000000 ---p 00000000 00:00 0 
7ffb3c000000-7ffb3c021000 rw-p 00000000 00:00 0 
7ffb3c021000-7ffb40000000 ---p 00000000 00:00 0 
7ffb40000000-7ffb40e56000 rw-p 00000000 00:00 0 
7ffb40e56000-7ffb44000000 ---p 00000000 00:00 0 
7ffb44000000-7ffb44021000 rw-p 00000000 00:00 0 
7ffb44021000-7ffb48000000 ---p 00000000 00:00 0 
7ffb48000000-7ffb48021000 rw-p 00000000 00:00 0 
7ffb48021000-7ffb4c000000 ---p 00000000 00:00 0 
7ffb4c000000-7ffb4d49b000 rw-p 00000000 00:00 0 
7ffb4d49b000-7ffb50000000 ---p 00000000 00:00 0 
7ffb50000000-7ffb50021000 rw-p 00000000 00:00 0 
7ffb50021000-7ffb54000000 ---p 00000000 00:00 0 
7ffb54000000-7ffb54021000 rw-p 00000000 00:00 0 
7ffb54021000-7ffb58000000 ---p 00000000 00:00 0 
7ffb58000000-7ffb58021000 rw-p 00000000 00:00 0 
7ffb58021000-7ffb5c000000 ---p 00000000 00:00 0 
7ffb5c000000-7ffb5c021000 rw-p 00000000 00:00 0 
7ffb5c021000-7ffb60000000 ---p 00000000 00:00 0 
7ffb60000000-7ffb60021000 rw-p 00000000 00:00 0 
7ffb60021000-7ffb64000000 ---p 00000000 00:00 0 
7ffb6404f000-7ffb640a9000 r-xp 00000000 08:07 7871679                    /usr/lib/x86_64-linux-gnu/libcups.so.2
7ffb640a9000-7ffb642a9000 ---p 0005a000 08:07 7871679                    /usr/lib/x86_64-linux-gnu/libcups.so.2
7ffb642a9000-7ffb642ae000 r--p 0005a000 08:07 7871679                    /usr/lib/x86_64-linux-gnu/libcups.so.2
7ffb642ae000-7ffb642af000 rw-p 0005f000 08:07 7871679                    /usr/lib/x86_64-linux-gnu/libcups.so.2
7ffb642af000-7ffb642b0000 r-xp 00000000 08:07 7871956                    /usr/lib/x86_64-linux-gnu/libgthread-2.0.so.0.3600.0
7ffb642b0000-7ffb644af000 ---p 00001000 08:07 7871956                    /usr/lib/x86_64-linux-gnu/libgthread-2.0.so.0.3600.0
7ffb644af000-7ffb644b0000 r--p 00000000 08:07 7871956                    /usr/lib/x86_64-linux-gnu/libgthread-2.0.so.0.3600.0
7ffb644b0000-7ffb644b1000 rw-p 00001000 08:07 7871956                    /usr/lib/x86_64-linux-gnu/libgthread-2.0.so.0.3600.0
7ffb644b1000-7ffb644e8000 r-xp 00000000 08:07 7871760                    /usr/lib/x86_64-linux-gnu/libfontconfig.so.1.6.2
7ffb644e8000-7ffb646e8000 ---p 00037000 08:07 7871760                    /usr/lib/x86_64-linux-gnu/libfontconfig.so.1.6.2
7ffb646e8000-7ffb646e9000 r--p 00037000 08:07 7871760                    /usr/lib/x86_64-linux-gnu/libfontconfig.so.1.6.2
7ffb646e9000-7ffb646ea000 rw-p 00038000 08:07 7871760                    /usr/lib/x86_64-linux-gnu/libfontconfig.so.1.6.2
7ffb646ea000-7ffb646eb000 rw-p 00000000 00:00 0 
7ffb646eb000-7ffb64733000 r-xp 00000000 08:07 7872139                    /usr/lib/x86_64-linux-gnu/libpango-1.0.so.0.3200.5
7ffb64733000-7ffb64933000 ---p 00048000 08:07 7872139                    /usr/lib/x86_64-linux-gnu/libpango-1.0.so.0.3200.5
7ffb64933000-7ffb64935000 r--p 00048000 08:07 7872139                    /usr/lib/x86_64-linux-gnu/libpango-1.0.so.0.3200.5
7ffb64935000-7ffb64936000 rw-p 0004a000 08:07 7872139                    /usr/lib/x86_64-linux-gnu/libpango-1.0.so.0.3200.5
7ffb64936000-7ffb64954000 r-xp 00000000 08:07 7871819                    /usr/lib/x86_64-linux-gnu/libgdk_pixbuf-2.0.so.0.2800.0
7ffb64954000-7ffb64b54000 ---p 0001e000 08:07 7871819                    /usr/lib/x86_64-linux-gnu/libgdk_pixbuf-2.0.so.0.2800.0
7ffb64b54000-7ffb64b55000 r--p 0001e000 08:07 7871819                    /usr/lib/x86_64-linux-gnu/libgdk_pixbuf-2.0.so.0.2800.0
7ffb64b55000-7ffb64b56000 rw-p 0001f000 08:07 7871819                    /usr/lib/x86_64-linux-gnu/libgdk_pixbuf-2.0.so.0.2800.0
7ffb64b56000-7ffb64c03000 r-xp 00000000 08:07 7871817                    /usr/lib/x86_64-linux-gnu/libgdk-x11-2.0.so.0.2400.17
7ffb64c03000-7ffb64e02000 ---p 000ad000 08:07 7871817                    /usr/lib/x86_64-linux-gnu/libgdk-x11-2.0.so.0.2400.17
7ffb64e02000-7ffb64e06000 r--p 000ac000 08:07 7871817                    /usr/lib/x86_64-linux-gnu/libgdk-x11-2.0.so.0.2400.17
7ffb64e06000-7ffb64e08000 rw-p 000b0000 08:07 7871817                    /usr/lib/x86_64-linux-gnu/libgdk-x11-2.0.so.0.2400.17
7ffb64e08000-7ffb65235000 r-xp 00000000 08:07 7871960                    /usr/lib/x86_64-linux-gnu/libgtk-x11-2.0.so.0.2400.17
7ffb65235000-7ffb65434000 ---p 0042d000 08:07 7871960                    /usr/lib/x86_64-linux-gnu/libgtk-x11-2.0.so.0.2400.17
7ffb65434000-7ffb6543b000 r--p 0042c000 08:07 7871960                    /usr/lib/x86_64-linux-gnu/libgtk-x11-2.0.so.0.2400.17
7ffb6543b000-7ffb6543f000 rw-p 00433000 08:07 7871960                    /usr/lib/x86_64-linux-gnu/libgtk-x11-2.0.so.0.2400.17
7ffb6543f000-7ffb65441000 rw-p 00000000 00:00 0 
7ffb65441000-7ffb6544f000 r-xp 00000000 08:07 7871520                    /usr/lib/x86_64-linux-gnu/libXi.so.6.1.0
7ffb6544f000-7ffb6564f000 ---p 0000e000 08:07 7871520                    /usr/lib/x86_64-linux-gnu/libXi.so.6.1.0
7ffb6564f000-7ffb65650000 r--p 0000e000 08:07 7871520                    /usr/lib/x86_64-linux-gnu/libXi.so.6.1.0
7ffb65650000-7ffb65651000 rw-p 0000f000 08:07 7871520                    /usr/lib/x86_64-linux-gnu/libXi.so.6.1.0
7ffb65651000-7ffb65656000 r-xp 00000000 08:07 7871511                    /usr/lib/x86_64-linux-gnu/libXtst.so.6.1.0
7ffb65656000-7ffb65855000 ---p 00005000 08:07 7871511                    /usr/lib/x86_64-linux-gnu/libXtst.so.6.1.0
7ffb65855000-7ffb65856000 r--p 00004000 08:07 7871511                    /usr/lib/x86_64-linux-gnu/libXtst.so.6.1.0
7ffb65856000-7ffb65857000 rw-p 00005000 08:07 7871511                    /usr/lib/x86_64-linux-gnu/libXtst.so.6.1.0
7ffb65857000-7ffb65860000 r-xp 00000000 08:07 7872381                    /usr/lib/x86_64-linux-gnu/libXrender.so.1.3.0
7ffb65860000-7ffb65a5f000 ---p 00009000 08:07 7872381                    /usr/lib/x86_64-linux-gnu/libXrender.so.1.3.0
7ffb65a5f000-7ffb65a60000 r--p 00008000 08:07 7872381                    /usr/lib/x86_64-linux-gnu/libXrender.so.1.3.0
7ffb65a60000-7ffb65a61000 rw-p 00009000 08:07 7872381                    /usr/lib/x86_64-linux-gnu/libXrender.so.1.3.0
7ffb65a61000-7ffb65b95000 r-xp 00000000 08:07 7872387                    /usr/lib/x86_64-linux-gnu/libX11.so.6.3.0
7ffb65b95000-7ffb65d95000 ---p 00134000 08:07 7872387                    /usr/lib/x86_64-linux-gnu/libX11.so.6.3.0
7ffb65d95000-7ffb65d96000 r--p 00134000 08:07 7872387                    /usr/lib/x86_64-linux-gnu/libX11.so.6.3.0
7ffb65d96000-7ffb65d9b000 rw-p 00135000 08:07 7872387                    /usr/lib/x86_64-linux-gnu/libX11.so.6.3.0
7ffb65d9b000-7ffb65dac000 r-xp 00000000 08:07 7875654                    /usr/lib/x86_64-linux-gnu/libXext.so.6.4.0
7ffb65dac000-7ffb65fab000 ---p 00011000 08:07 7875654                    /usr/lib/x86_64-linux-gnu/libXext.so.6.4.0
7ffb65fab000-7ffb65fac000 r--p 00010000 08:07 7875654                    /usr/lib/x86_64-linux-gnu/libXext.so.6.4.0
7ffb65fac000-7ffb65fad000 rw-p 00011000 08:07 7875654                    /usr/lib/x86_64-linux-gnu/libXext.so.6.4.0
7ffb65fad000-7ffb66000000 r-xp 00000000 08:07 8132391                    /usr/lib/jvm/java-7-openjdk-amd64/jre/lib/amd64/xawt/libmawt.so
7ffb66000000-7ffb661ff000 ---p 00053000 08:07 8132391                    /usr/lib/jvm/java-7-openjdk-amd64/jre/lib/amd64/xawt/libmawt.so
7ffb661ff000-7ffb66200000 r--p 00052000 08:07 8132391                    /usr/lib/jvm/java-7-openjdk-amd64/jre/lib/amd64/xawt/libmawt.so
7ffb66200000-7ffb66203000 rw-p 00053000 08:07 8132391                    /usr/lib/jvm/java-7-openjdk-amd64/jre/lib/amd64/xawt/libmawt.so
7ffb66203000-7ffb66204000 rw-p 00000000 00:00 0 
7ffb66204000-7ffb662a5000 r-xp 00000000 08:07 8132442                    /usr/lib/jvm/java-7-openjdk-amd64/jre/lib/amd64/libawt.so
7ffb662a5000-7ffb664a5000 ---p 000a1000 08:07 8132442                    /usr/lib/jvm/java-7-openjdk-amd64/jre/lib/amd64/libawt.so
7ffb664a5000-7ffb664a6000 r--p 000a1000 08:07 8132442                    /usr/lib/jvm/java-7-openjdk-amd64/jre/lib/amd64/libawt.so
7ffb664a6000-7ffb664b1000 rw-p 000a2000 08:07 8132442                    /usr/lib/jvm/java-7-openjdk-amd64/jre/lib/amd64/libawt.so
7ffb664b1000-7ffb664d6000 rw-p 00000000 00:00 0 
7ffb664d6000-7ffb66513000 r-xp 00000000 08:07 5246690                    /lib/x86_64-linux-gnu/libpcre.so.3.13.1
7ffb66513000-7ffb66713000 ---p 0003d000 08:07 5246690                    /lib/x86_64-linux-gnu/libpcre.so.3.13.1
7ffb66713000-7ffb66714000 r--p 0003d000 08:07 5246690                    /lib/x86_64-linux-gnu/libpcre.so.3.13.1
7ffb66714000-7ffb66715000 rw-p 0003e000 08:07 5246690                    /lib/x86_64-linux-gnu/libpcre.so.3.13.1
7ffb66715000-7ffb6671c000 r-xp 00000000 08:07 7871752                    /usr/lib/x86_64-linux-gnu/libffi.so.6.0.1
7ffb6671c000-7ffb6691b000 ---p 00007000 08:07 7871752                    /usr/lib/x86_64-linux-gnu/libffi.so.6.0.1
7ffb6691b000-7ffb6691c000 r--p 00006000 08:07 7871752                    /usr/lib/x86_64-linux-gnu/libffi.so.6.0.1
7ffb6691c000-7ffb6691d000 rw-p 00007000 08:07 7871752                    /usr/lib/x86_64-linux-gnu/libffi.so.6.0.1
7ffb6691d000-7ffb66933000 r-xp 00000000 08:07 5246713                    /lib/x86_64-linux-gnu/libresolv-2.17.so
7ffb66933000-7ffb66b33000 ---p 00016000 08:07 5246713                    /lib/x86_64-linux-gnu/libresolv-2.17.so
7ffb66b33000-7ffb66b34000 r--p 00016000 08:07 5246713                    /lib/x86_64-linux-gnu/libresolv-2.17.so
7ffb66b34000-7ffb66b35000 rw-p 00017000 08:07 5246713                    /lib/x86_64-linux-gnu/libresolv-2.17.so
7ffb66b35000-7ffb66b37000 rw-p 00000000 00:00 0 
7ffb66b37000-7ffb66b54000 r-xp 00000000 08:07 5246717                    /lib/x86_64-linux-gnu/libselinux.so.1
7ffb66b54000-7ffb66d53000 ---p 0001d000 08:07 5246717                    /lib/x86_64-linux-gnu/libselinux.so.1
7ffb66d53000-7ffb66d54000 r--p 0001c000 08:07 5246717                    /lib/x86_64-linux-gnu/libselinux.so.1
7ffb66d54000-7ffb66d55000 rw-p 0001d000 08:07 5246717                    /lib/x86_64-linux-gnu/libselinux.so.1
7ffb66d55000-7ffb66d56000 rw-p 00000000 00:00 0 
7ffb66d56000-7ffb66d59000 r-xp 00000000 08:07 7871845                    /usr/lib/x86_64-linux-gnu/libgmodule-2.0.so.0.3600.0
7ffb66d59000-7ffb66f58000 ---p 00003000 08:07 7871845                    /usr/lib/x86_64-linux-gnu/libgmodule-2.0.so.0.3600.0
7ffb66f58000-7ffb66f59000 r--p 00002000 08:07 7871845                    /usr/lib/x86_64-linux-gnu/libgmodule-2.0.so.0.3600.0
7ffb66f59000-7ffb66f5a000 rw-p 00003000 08:07 7871845                    /usr/lib/x86_64-linux-gnu/libgmodule-2.0.so.0.3600.0
7ffb66f5a000-7ffb67053000 r-xp 00000000 08:07 5246624                    /lib/x86_64-linux-gnu/libglib-2.0.so.0.3600.0
7ffb67053000-7ffb67253000 ---p 000f9000 08:07 5246624                    /lib/x86_64-linux-gnu/libglib-2.0.so.0.3600.0
7ffb67253000-7ffb67254000 r--p 000f9000 08:07 5246624                    /lib/x86_64-linux-gnu/libglib-2.0.so.0.3600.0
7ffb67254000-7ffb67255000 rw-p 000fa000 08:07 5246624                    /lib/x86_64-linux-gnu/libglib-2.0.so.0.3600.0
7ffb67255000-7ffb67256000 rw-p 00000000 00:00 0 
7ffb67256000-7ffb672a3000 r-xp 00000000 08:07 7871861                    /usr/lib/x86_64-linux-gnu/libgobject-2.0.so.0.3600.0
7ffb672a3000-7ffb674a3000 ---p 0004d000 08:07 7871861                    /usr/lib/x86_64-linux-gnu/libgobject-2.0.so.0.3600.0
7ffb674a3000-7ffb674a4000 r--p 0004d000 08:07 7871861                    /usr/lib/x86_64-linux-gnu/libgobject-2.0.so.0.3600.0
7ffb674a4000-7ffb674a5000 rw-p 0004e000 08:07 7871861                    /usr/lib/x86_64-linux-gnu/libgobject-2.0.so.0.3600.0
7ffb674a5000-7ffb675f8000 r-xp 00000000 08:07 7871835                    /usr/lib/x86_64-linux-gnu/libgio-2.0.so.0.3600.0
7ffb675f8000-7ffb677f7000 ---p 00153000 08:07 7871835                    /usr/lib/x86_64-linux-gnu/libgio-2.0.so.0.3600.0
7ffb677f7000-7ffb677fb000 r--p 00152000 08:07 7871835                    /usr/lib/x86_64-linux-gnu/libgio-2.0.so.0.3600.0
7ffb677fb000-7ffb677fd000 rw-p 00156000 08:07 7871835                    /usr/lib/x86_64-linux-gnu/libgio-2.0.so.0.3600.0
7ffb677fd000-7ffb677ff000 rw-p 00000000 00:00 0 
7ffb677ff000-7ffb67800000 ---p 00000000 00:00 0 
7ffb67800000-7ffb68000000 rw-p 00000000 00:00 0                          [stack:3822]
7ffb68000000-7ffb68021000 rw-p 00000000 00:00 0 
7ffb68021000-7ffb6c000000 ---p 00000000 00:00 0 
7ffb6c012000-7ffb6c01f000 rw-s 00000000 00:04 12615703                   /SYSV00000000 (deleted)
7ffb6c02b000-7ffb6c02e000 ---p 00000000 00:00 0 
7ffb6c02e000-7ffb6c12c000 rw-p 00000000 00:00 0                          [stack:3849]
7ffb6c12c000-7ffb6c142000 r-xp 00000000 08:07 8132431                    /usr/lib/jvm/java-7-openjdk-amd64/jre/lib/amd64/libnet.so
7ffb6c142000-7ffb6c341000 ---p 00016000 08:07 8132431                    /usr/lib/jvm/java-7-openjdk-amd64/jre/lib/amd64/libnet.so
7ffb6c341000-7ffb6c342000 r--p 00015000 08:07 8132431                    /usr/lib/jvm/java-7-openjdk-amd64/jre/lib/amd64/libnet.so
7ffb6c342000-7ffb6c343000 rw-p 00016000 08:07 8132431                    /usr/lib/jvm/java-7-openjdk-amd64/jre/lib/amd64/libnet.so
7ffb6c343000-7ffb6c364000 rw-p 00000000 00:00 0 
7ffb6c364000-7ffb6c365000 ---p 00000000 00:00 0 
7ffb6c365000-7ffb6cb65000 rw-p 00000000 00:00 0                          [stack:3821]
7ffb6cb65000-7ffb6cb66000 ---p 00000000 00:00 0 
7ffb6cb66000-7ffb6d366000 rw-p 00000000 00:00 0                          [stack:3820]
7ffb6d366000-7ffb6dbd3000 r-xp 00000000 08:07 656225                     /home/shiwali/soar/SoarSuite/out/libSoar.so
7ffb6dbd3000-7ffb6ddd3000 ---p 0086d000 08:07 656225                     /home/shiwali/soar/SoarSuite/out/libSoar.so
7ffb6ddd3000-7ffb6dde4000 r--p 0086d000 08:07 656225                     /home/shiwali/soar/SoarSuite/out/libSoar.so
7ffb6dde4000-7ffb6ddfb000 rw-p 0087e000 08:07 656225                     /home/shiwali/soar/SoarSuite/out/libSoar.so
7ffb6ddfb000-7ffb6ddff000 rw-p 00000000 00:00 0 
7ffb6ddff000-7ffb6de58000 r-xp 00000000 08:07 658345                     /home/shiwali/soar/SoarSuite/out/libJava_sml_ClientInterface.so
7ffb6de58000-7ffb6e058000 ---p 00059000 08:07 658345                     /home/shiwali/soar/SoarSuite/out/libJava_sml_ClientInterface.so
7ffb6e058000-7ffb6e059000 r--p 00059000 08:07 658345                     /home/shiwali/soar/SoarSuite/out/libJava_sml_ClientInterface.so
7ffb6e059000-7ffb6e05b000 rw-p 0005a000 08:07 658345                     /home/shiwali/soar/SoarSuite/out/libJava_sml_ClientInterface.so
7ffb6e05b000-7ffb6e05c000 ---p 00000000 00:00 0 
7ffb6e05c000-7ffb6e15c000 rw-p 00000000 00:00 0                          [stack:3819]
7ffb6e15c000-7ffb6e15f000 ---p 00000000 00:00 0 
7ffb6e15f000-7ffb6e25d000 rw-p 00000000 00:00 0                          [stack:3818]
7ffb6e25d000-7ffb6e260000 ---p 00000000 00:00 0 
7ffb6e260000-7ffb6e35e000 rw-p 00000000 00:00 0                          [stack:3817]
7ffb6e35e000-7ffb6e361000 ---p 00000000 00:00 0 
7ffb6e361000-7ffb6e45f000 rw-p 00000000 00:00 0                          [stack:3816]
7ffb6e45f000-7ffb6e462000 ---p 00000000 00:00 0 
7ffb6e462000-7ffb6e560000 rw-p 00000000 00:00 0                          [stack:3815]
7ffb6e560000-7ffb6ec41000 r--p 00000000 08:07 7870646                    /usr/lib/locale/locale-archive
7ffb6ec41000-7ffb6ec44000 ---p 00000000 00:00 0 
7ffb6ec44000-7ffb6ed42000 rw-p 00000000 00:00 0                          [stack:3814]
7ffb6ed42000-7ffb6ed45000 ---p 00000000 00:00 0 
7ffb6ed45000-7ffb6ee43000 rw-p 00000000 00:00 0                          [stack:3813]
7ffb6ee43000-7ffb6ee44000 ---p 00000000 00:00 0 
7ffb6ee44000-7ffb6fe53000 rw-p 00000000 00:00 0                          [stack:3812]
7ffb6fe53000-7ffb70000000 r--s 01cec000 08:07 8132419                    /usr/lib/jvm/java-7-openjdk-amd64/jre/lib/rt.jar
7ffb70000000-7ffb70021000 rw-p 00000000 00:00 0 
7ffb70021000-7ffb74000000 ---p 00000000 00:00 0 
7ffb74004000-7ffb74008000 r--s 00038000 08:07 2891740                    /home/shiwali/InstructoSoarII/probcog2/java/probcog.jar
7ffb74008000-7ffb7401a000 r--s 0028f000 08:07 788696                     /home/shiwali/InstructoSoarII/april/java/april.jar
7ffb7401a000-7ffb780bb000 rw-p 00000000 00:00 0 
7ffb780bb000-7ffb780bc000 ---p 00000000 00:00 0 
7ffb780bc000-7ffb781bc000 rw-p 00000000 00:00 0                          [stack:3811]
7ffb781bc000-7ffb781bd000 ---p 00000000 00:00 0 
7ffb781bd000-7ffb782bd000 rw-p 00000000 00:00 0                          [stack:3810]
7ffb782bd000-7ffb782be000 ---p 00000000 00:00 0 
7ffb782be000-7ffb783be000 rw-p 00000000 00:00 0                          [stack:3808]
7ffb783be000-7ffb783bf000 ---p 00000000 00:00 0 
7ffb783bf000-7ffb784de000 rw-p 00000000 00:00 0                          [stack:3807]
7ffb784de000-7ffb786aa000 rw-p 00000000 00:00 0 
7ffb786aa000-7ffb786b5000 rw-p 00000000 00:00 0 
7ffb786b5000-7ffb786fd000 rw-p 00000000 00:00 0 
7ffb786fd000-7ffb7871c000 rw-p 00000000 00:00 0 
7ffb7871c000-7ffb788e7000 rw-p 00000000 00:00 0 
7ffb788e7000-7ffb789a9000 rw-p 00000000 00:00 0 
7ffb789a9000-7ffb789dd000 rw-p 00000000 00:00 0 
7ffb789dd000-7ffb789de000 rw-p 00000000 00:00 0 
7ffb789de000-7ffb78c4e000 rwxp 00000000 00:00 0 
7ffb78c4e000-7ffb7b9de000 rw-p 00000000 00:00 0 
7ffb7b9de000-7ffb7b9e6000 r-xp 00000000 08:07 8132482                    /usr/lib/jvm/java-7-openjdk-amd64/jre/lib/amd64/libzip.so
7ffb7b9e6000-7ffb7bbe5000 ---p 00008000 08:07 8132482                    /usr/lib/jvm/java-7-openjdk-amd64/jre/lib/amd64/libzip.so
7ffb7bbe5000-7ffb7bbe6000 r--p 00007000 08:07 8132482                    /usr/lib/jvm/java-7-openjdk-amd64/jre/lib/amd64/libzip.so
7ffb7bbe6000-7ffb7bbe7000 rw-p 00008000 08:07 8132482                    /usr/lib/jvm/java-7-openjdk-amd64/jre/lib/amd64/libzip.so
7ffb7bbe7000-7ffb7bbf3000 r-xp 00000000 08:07 5246668                    /lib/x86_64-linux-gnu/libnss_files-2.17.so
7ffb7bbf3000-7ffb7bdf2000 ---p 0000c000 08:07 5246668                    /lib/x86_64-linux-gnu/libnss_files-2.17.so
7ffb7bdf2000-7ffb7bdf3000 r--p 0000b000 08:07 5246668                    /lib/x86_64-linux-gnu/libnss_files-2.17.so
7ffb7bdf3000-7ffb7bdf4000 rw-p 0000c000 08:07 5246668                    /lib/x86_64-linux-gnu/libnss_files-2.17.so
7ffb7bdf4000-7ffb7bdff000 r-xp 00000000 08:07 5246672                    /lib/x86_64-linux-gnu/libnss_nis-2.17.so
7ffb7bdff000-7ffb7bffe000 ---p 0000b000 08:07 5246672                    /lib/x86_64-linux-gnu/libnss_nis-2.17.so
7ffb7bffe000-7ffb7bfff000 r--p 0000a000 08:07 5246672                    /lib/x86_64-linux-gnu/libnss_nis-2.17.so
7ffb7bfff000-7ffb7c000000 rw-p 0000b000 08:07 5246672                    /lib/x86_64-linux-gnu/libnss_nis-2.17.so
7ffb7c000000-7ffb7c5e5000 rw-p 00000000 00:00 0 
7ffb7c5e5000-7ffb80000000 ---p 00000000 00:00 0 
7ffb80001000-7ffb8000a000 r--s 0005a000 08:07 659918                     /home/shiwali/soar/SoarSuite/out/java/soar-debugger.jar
7ffb8000a000-7ffb8001d000 r--s 00211000 08:07 660019                     /home/shiwali/soar/SoarSuite/out/java/swt.jar
7ffb8001d000-7ffb800dd000 rw-p 00000000 00:00 0 
7ffb800dd000-7ffb80125000 rw-p 00000000 00:00 0 
7ffb80125000-7ffb8013c000 r-xp 00000000 08:07 5246662                    /lib/x86_64-linux-gnu/libnsl-2.17.so
7ffb8013c000-7ffb8033b000 ---p 00017000 08:07 5246662                    /lib/x86_64-linux-gnu/libnsl-2.17.so
7ffb8033b000-7ffb8033c000 r--p 00016000 08:07 5246662                    /lib/x86_64-linux-gnu/libnsl-2.17.so
7ffb8033c000-7ffb8033d000 rw-p 00017000 08:07 5246662                    /lib/x86_64-linux-gnu/libnsl-2.17.so
7ffb8033d000-7ffb8033f000 rw-p 00000000 00:00 0 
7ffb8033f000-7ffb80347000 r-xp 00000000 08:07 5246664                    /lib/x86_64-linux-gnu/libnss_compat-2.17.so
7ffb80347000-7ffb80546000 ---p 00008000 08:07 5246664                    /lib/x86_64-linux-gnu/libnss_compat-2.17.so
7ffb80546000-7ffb80547000 r--p 00007000 08:07 5246664                    /lib/x86_64-linux-gnu/libnss_compat-2.17.so
7ffb80547000-7ffb80548000 rw-p 00008000 08:07 5246664                    /lib/x86_64-linux-gnu/libnss_compat-2.17.so
7ffb80548000-7ffb80573000 r-xp 00000000 08:07 8132441                    /usr/lib/jvm/java-7-openjdk-amd64/jre/lib/amd64/libjava.so
7ffb80573000-7ffb80772000 ---p 0002b000 08:07 8132441                    /usr/lib/jvm/java-7-openjdk-amd64/jre/lib/amd64/libjava.so
7ffb80772000-7ffb80773000 r--p 0002a000 08:07 8132441                    /usr/lib/jvm/java-7-openjdk-amd64/jre/lib/amd64/libjava.so
7ffb80773000-7ffb80775000 rw-p 0002b000 08:07 8132441                    /usr/lib/jvm/java-7-openjdk-amd64/jre/lib/amd64/libjava.so
7ffb80775000-7ffb80784000 r-xp 00000000 08:07 8132440                    /usr/lib/jvm/java-7-openjdk-amd64/jre/lib/amd64/libverify.so
7ffb80784000-7ffb80983000 ---p 0000f000 08:07 8132440                    /usr/lib/jvm/java-7-openjdk-amd64/jre/lib/amd64/libverify.so
7ffb80983000-7ffb80985000 r--p 0000e000 08:07 8132440                    /usr/lib/jvm/java-7-openjdk-amd64/jre/lib/amd64/libverify.so
7ffb80985000-7ffb80986000 rw-p 00010000 08:07 8132440                    /usr/lib/jvm/java-7-openjdk-amd64/jre/lib/amd64/libverify.so
7ffb80986000-7ffb8098d000 r-xp 00000000 08:07 5246715                    /lib/x86_64-linux-gnu/librt-2.17.so
7ffb8098d000-7ffb80b8c000 ---p 00007000 08:07 5246715                    /lib/x86_64-linux-gnu/librt-2.17.so
7ffb80b8c000-7ffb80b8d000 r--p 00006000 08:07 5246715                    /lib/x86_64-linux-gnu/librt-2.17.so
7ffb80b8d000-7ffb80b8e000 rw-p 00007000 08:07 5246715                    /lib/x86_64-linux-gnu/librt-2.17.so
7ffb80b8e000-7ffb80ba2000 r-xp 00000000 08:07 5246620                    /lib/x86_64-linux-gnu/libgcc_s.so.1
7ffb80ba2000-7ffb80da2000 ---p 00014000 08:07 5246620                    /lib/x86_64-linux-gnu/libgcc_s.so.1
7ffb80da2000-7ffb80da3000 r--p 00014000 08:07 5246620                    /lib/x86_64-linux-gnu/libgcc_s.so.1
7ffb80da3000-7ffb80da4000 rw-p 00015000 08:07 5246620                    /lib/x86_64-linux-gnu/libgcc_s.so.1
7ffb80da4000-7ffb80ea7000 r-xp 00000000 08:07 5246643                    /lib/x86_64-linux-gnu/libm-2.17.so
7ffb80ea7000-7ffb810a7000 ---p 00103000 08:07 5246643                    /lib/x86_64-linux-gnu/libm-2.17.so
7ffb810a7000-7ffb810a8000 r--p 00103000 08:07 5246643                    /lib/x86_64-linux-gnu/libm-2.17.so
7ffb810a8000-7ffb810a9000 rw-p 00104000 08:07 5246643                    /lib/x86_64-linux-gnu/libm-2.17.so
7ffb810a9000-7ffb8118e000 r-xp 00000000 08:07 7872281                    /usr/lib/x86_64-linux-gnu/libstdc++.so.6.0.17
7ffb8118e000-7ffb8138d000 ---p 000e5000 08:07 7872281                    /usr/lib/x86_64-linux-gnu/libstdc++.so.6.0.17
7ffb8138d000-7ffb81395000 r--p 000e4000 08:07 7872281                    /usr/lib/x86_64-linux-gnu/libstdc++.so.6.0.17
7ffb81395000-7ffb81397000 rw-p 000ec000 08:07 7872281                    /usr/lib/x86_64-linux-gnu/libstdc++.so.6.0.17
7ffb81397000-7ffb813ac000 rw-p 00000000 00:00 0 
7ffb813ac000-7ffb81d9c000 r-xp 00000000 08:07 8132445                    /usr/lib/jvm/java-7-openjdk-amd64/jre/lib/amd64/server/libjvm.so
7ffb81d9c000-7ffb81f9b000 ---p 009f0000 08:07 8132445                    /usr/lib/jvm/java-7-openjdk-amd64/jre/lib/amd64/server/libjvm.so
7ffb81f9b000-7ffb8201a000 r--p 009ef000 08:07 8132445                    /usr/lib/jvm/java-7-openjdk-amd64/jre/lib/amd64/server/libjvm.so
7ffb8201a000-7ffb8203d000 rw-p 00a6e000 08:07 8132445                    /usr/lib/jvm/java-7-openjdk-amd64/jre/lib/amd64/server/libjvm.so
7ffb8203d000-7ffb82068000 rw-p 00000000 00:00 0 
7ffb82068000-7ffb8207e000 r-xp 00000000 08:07 5246748                    /lib/x86_64-linux-gnu/libz.so.1.2.7
7ffb8207e000-7ffb8227d000 ---p 00016000 08:07 5246748                    /lib/x86_64-linux-gnu/libz.so.1.2.7
7ffb8227d000-7ffb8227e000 r--p 00015000 08:07 5246748                    /lib/x86_64-linux-gnu/libz.so.1.2.7
7ffb8227e000-7ffb8227f000 rw-p 00016000 08:07 5246748                    /lib/x86_64-linux-gnu/libz.so.1.2.7
7ffb8227f000-7ffb82297000 r-xp 00000000 08:07 5246707                    /lib/x86_64-linux-gnu/libpthread-2.17.so
7ffb82297000-7ffb82496000 ---p 00018000 08:07 5246707                    /lib/x86_64-linux-gnu/libpthread-2.17.so
7ffb82496000-7ffb82497000 r--p 00017000 08:07 5246707                    /lib/x86_64-linux-gnu/libpthread-2.17.so
7ffb82497000-7ffb82498000 rw-p 00018000 08:07 5246707                    /lib/x86_64-linux-gnu/libpthread-2.17.so
7ffb82498000-7ffb8249c000 rw-p 00000000 00:00 0 
7ffb8249c000-7ffb8249f000 r-xp 00000000 08:07 5246610                    /lib/x86_64-linux-gnu/libdl-2.17.so
7ffb8249f000-7ffb8269e000 ---p 00003000 08:07 5246610                    /lib/x86_64-linux-gnu/libdl-2.17.so
7ffb8269e000-7ffb8269f000 r--p 00002000 08:07 5246610                    /lib/x86_64-linux-gnu/libdl-2.17.so
7ffb8269f000-7ffb826a0000 rw-p 00003000 08:07 5246610                    /lib/x86_64-linux-gnu/libdl-2.17.so
7ffb826a0000-7ffb8285e000 r-xp 00000000 08:07 5246595                    /lib/x86_64-linux-gnu/libc-2.17.so
7ffb8285e000-7ffb82a5d000 ---p 001be000 08:07 5246595                    /lib/x86_64-linux-gnu/libc-2.17.so
7ffb82a5d000-7ffb82a61000 r--p 001bd000 08:07 5246595                    /lib/x86_64-linux-gnu/libc-2.17.so
7ffb82a61000-7ffb82a63000 rw-p 001c1000 08:07 5246595                    /lib/x86_64-linux-gnu/libc-2.17.so
7ffb82a63000-7ffb82a68000 rw-p 00000000 00:00 0 
7ffb82a68000-7ffb82a75000 r-xp 00000000 08:07 8132424                    /usr/lib/jvm/java-7-openjdk-amd64/jre/lib/amd64/jli/libjli.so
7ffb82a75000-7ffb82c74000 ---p 0000d000 08:07 8132424                    /usr/lib/jvm/java-7-openjdk-amd64/jre/lib/amd64/jli/libjli.so
7ffb82c74000-7ffb82c75000 r--p 0000c000 08:07 8132424                    /usr/lib/jvm/java-7-openjdk-amd64/jre/lib/amd64/jli/libjli.so
7ffb82c75000-7ffb82c76000 rw-p 0000d000 08:07 8132424                    /usr/lib/jvm/java-7-openjdk-amd64/jre/lib/amd64/jli/libjli.so
7ffb82c76000-7ffb82c99000 r-xp 00000000 08:07 5246571                    /lib/x86_64-linux-gnu/ld-2.17.so
7ffb82c9b000-7ffb82c9c000 r--s 00001000 08:07 658906                     /home/shiwali/soar/SoarSuite/out/java/soar-debugger-api.jar
7ffb82c9c000-7ffb82c9d000 r--s 00003000 08:07 659992                     /home/shiwali/soar/SoarSuite/out/java/swtgraphics2d.jar
7ffb82c9d000-7ffb82c9f000 r--s 00005000 08:07 658899                     /home/shiwali/soar/SoarSuite/out/java/soar-smljava.jar
7ffb82c9f000-7ffb82ca8000 r--s 000bc000 08:07 8132175                    /usr/lib/jvm/java-7-openjdk-common/jre/lib/resources.jar
7ffb82ca8000-7ffb82cab000 r--s 00018000 08:07 658876                     /home/shiwali/soar/SoarSuite/out/java/sml.jar
7ffb82cab000-7ffb82cae000 r--s 0001d000 08:07 9833101                    /usr/local/share/java/lcm.jar
7ffb82cae000-7ffb82cb1000 r--s 00028000 08:07 1707691                    /home/shiwali/InstructoSoarII/rosie/java/language/lgsoar.jar
7ffb82cb1000-7ffb82cbb000 rw-p 00000000 00:00 0 
7ffb82cbb000-7ffb82d71000 rw-p 00000000 00:00 0 
7ffb82d71000-7ffb82d74000 ---p 00000000 00:00 0 
7ffb82d74000-7ffb82e77000 rw-p 00000000 00:00 0                          [stack:3804]
7ffb82e77000-7ffb82e7a000 r--s 0001c000 08:07 1575757                    /home/shiwali/InstructoSoarII/rosie/java/insoar.jar
7ffb82e7a000-7ffb82e7c000 r--s 00012000 08:07 8132181                    /usr/lib/jvm/java-7-openjdk-common/jre/lib/ext/zipfs.jar
7ffb82e7c000-7ffb82e7e000 r--s 00006000 08:07 8264680                    /usr/share/java/java-atk-wrapper.jar
7ffb82e7e000-7ffb82e81000 r--s 0003c000 08:07 8132176                    /usr/lib/jvm/java-7-openjdk-common/jre/lib/ext/sunpkcs11.jar
7ffb82e81000-7ffb82e84000 r--s 00032000 08:07 8132178                    /usr/lib/jvm/java-7-openjdk-common/jre/lib/ext/sunjce_provider.jar
7ffb82e84000-7ffb82e85000 r--s 00002000 08:07 8132180                    /usr/lib/jvm/java-7-openjdk-common/jre/lib/ext/dnsns.jar
7ffb82e85000-7ffb82e88000 r--s 0000f000 08:07 8132179                    /usr/lib/jvm/java-7-openjdk-common/jre/lib/ext/pulse-java.jar
7ffb82e88000-7ffb82e8c000 r--s 00085000 08:07 8132177                    /usr/lib/jvm/java-7-openjdk-common/jre/lib/ext/localedata.jar
7ffb82e8c000-7ffb82e94000 rw-s 00000000 08:07 3148965                    /tmp/hsperfdata_shiwali/3802
7ffb82e94000-7ffb82e95000 rw-p 00000000 00:00 0 
7ffb82e95000-7ffb82e96000 r--p 00000000 00:00 0 
7ffb82e96000-7ffb82e98000 rw-p 00000000 00:00 0 
7ffb82e98000-7ffb82e99000 r--p 00022000 08:07 5246571                    /lib/x86_64-linux-gnu/ld-2.17.so
7ffb82e99000-7ffb82e9b000 rw-p 00023000 08:07 5246571                    /lib/x86_64-linux-gnu/ld-2.17.so
7ffffa048000-7ffffa069000 rw-p 00000000 00:00 0                          [stack]
7ffffa156000-7ffffa158000 r-xp 00000000 00:00 0                          [vdso]
ffffffffff600000-ffffffffff601000 r-xp 00000000 00:00 0                  [vsyscall]

VM Arguments:
jvm_args: -Dfile.encoding=UTF-8 
java_command: edu.umich.insoar.InSoar
Launcher Type: SUN_STANDARD

Environment Variables:
PATH=/usr/lib/lightdm/lightdm:/usr/local/sbin:/usr/local/bin:/usr/sbin:/usr/bin:/sbin:/bin:/usr/games:/usr/local/games
LD_LIBRARY_PATH=/home/shiwali/soar/SoarSuite/out
SHELL=/bin/bash
DISPLAY=:0

Signal Handlers:
SIGSEGV: [libjvm.so+0x84f410], sa_mask[0]=0x7ffbfeff, sa_flags=0x10000004
SIGBUS: [libjvm.so+0x84f410], sa_mask[0]=0x7ffbfeff, sa_flags=0x10000004
SIGFPE: [libjvm.so+0x6f19a0], sa_mask[0]=0x7ffbfeff, sa_flags=0x10000004
SIGPIPE: SIG_IGN, sa_mask[0]=0x00000000, sa_flags=0x00000000
SIGXFSZ: [libjvm.so+0x6f19a0], sa_mask[0]=0x7ffbfeff, sa_flags=0x10000004
SIGILL: [libjvm.so+0x6f19a0], sa_mask[0]=0x7ffbfeff, sa_flags=0x10000004
SIGUSR1: SIG_DFL, sa_mask[0]=0x00000000, sa_flags=0x00000000
SIGUSR2: [libjvm.so+0x6f1d70], sa_mask[0]=0x00000004, sa_flags=0x10000004
SIGHUP: [libjvm.so+0x6f1eb0], sa_mask[0]=0x7ffbfeff, sa_flags=0x10000004
SIGINT: [libjvm.so+0x6f1eb0], sa_mask[0]=0x7ffbfeff, sa_flags=0x10000004
SIGTERM: [libjvm.so+0x6f1eb0], sa_mask[0]=0x7ffbfeff, sa_flags=0x10000004
SIGQUIT: [libjvm.so+0x6f1eb0], sa_mask[0]=0x7ffbfeff, sa_flags=0x10000004


---------------  S Y S T E M  ---------------

OS:Ubuntu 13.04 (raring)
uname:Linux 3.8.0-29-generic #42-Ubuntu SMP Tue Aug 13 19:40:39 UTC 2013 x86_64
libc:glibc 2.17 NPTL 2.17 
rlimit: STACK 8192k, CORE 0k, NPROC 46898, NOFILE 4096, AS infinity
load average:11.15 9.68 4.93

/proc/meminfo:
MemTotal:        6022116 kB
MemFree:         1934272 kB
Buffers:          136072 kB
Cached:          1536324 kB
SwapCached:            0 kB
Active:          2646832 kB
Inactive:        1195296 kB
Active(anon):    2191736 kB
Inactive(anon):   615732 kB
Active(file):     455096 kB
Inactive(file):   579564 kB
Unevictable:         228 kB
Mlocked:             228 kB
SwapTotal:        975868 kB
SwapFree:         975868 kB
Dirty:              1192 kB
Writeback:             0 kB
AnonPages:       2171072 kB
Mapped:           255792 kB
Shmem:            636848 kB
Slab:             126920 kB
SReclaimable:      95040 kB
SUnreclaim:        31880 kB
KernelStack:        5056 kB
PageTables:        40608 kB
NFS_Unstable:          0 kB
Bounce:                0 kB
WritebackTmp:          0 kB
CommitLimit:     3986924 kB
Committed_AS:    6556312 kB
VmallocTotal:   34359738367 kB
VmallocUsed:      354364 kB
VmallocChunk:   34359378396 kB
HardwareCorrupted:     0 kB
AnonHugePages:         0 kB
HugePages_Total:       0
HugePages_Free:        0
HugePages_Rsvd:        0
HugePages_Surp:        0
Hugepagesize:       2048 kB
DirectMap4k:       69632 kB
DirectMap2M:     6137856 kB


CPU:total 4 (2 cores per cpu, 2 threads per core) family 6 model 42 stepping 7, cmov, cx8, fxsr, mmx, sse, sse2, sse3, ssse3, sse4.1, sse4.2, popcnt, avx, ht, tsc, tscinvbit

/proc/cpuinfo:
processor	: 0
vendor_id	: GenuineIntel
cpu family	: 6
model		: 42
model name	: Intel(R) Core(TM) i5-2410M CPU @ 2.30GHz
stepping	: 7
microcode	: 0x15
cpu MHz		: 1600.000
cache size	: 3072 KB
physical id	: 0
siblings	: 4
core id		: 0
cpu cores	: 2
apicid		: 0
initial apicid	: 0
fpu		: yes
fpu_exception	: yes
cpuid level	: 13
wp		: yes
flags		: fpu vme de pse tsc msr pae mce cx8 apic sep mtrr pge mca cmov pat pse36 clflush dts acpi mmx fxsr sse sse2 ss ht tm pbe syscall nx rdtscp lm constant_tsc arch_perfmon pebs bts nopl xtopology nonstop_tsc aperfmperf eagerfpu pni pclmulqdq dtes64 monitor ds_cpl vmx est tm2 ssse3 cx16 xtpr pdcm pcid sse4_1 sse4_2 x2apic popcnt tsc_deadline_timer xsave avx lahf_lm ida arat epb xsaveopt pln pts dtherm tpr_shadow vnmi flexpriority ept vpid
bogomips	: 4589.64
clflush size	: 64
cache_alignment	: 64
address sizes	: 36 bits physical, 48 bits virtual
power management:

processor	: 1
vendor_id	: GenuineIntel
cpu family	: 6
model		: 42
model name	: Intel(R) Core(TM) i5-2410M CPU @ 2.30GHz
stepping	: 7
microcode	: 0x15
cpu MHz		: 1600.000
cache size	: 3072 KB
physical id	: 0
siblings	: 4
core id		: 0
cpu cores	: 2
apicid		: 1
initial apicid	: 1
fpu		: yes
fpu_exception	: yes
cpuid level	: 13
wp		: yes
flags		: fpu vme de pse tsc msr pae mce cx8 apic sep mtrr pge mca cmov pat pse36 clflush dts acpi mmx fxsr sse sse2 ss ht tm pbe syscall nx rdtscp lm constant_tsc arch_perfmon pebs bts nopl xtopology nonstop_tsc aperfmperf eagerfpu pni pclmulqdq dtes64 monitor ds_cpl vmx est tm2 ssse3 cx16 xtpr pdcm pcid sse4_1 sse4_2 x2apic popcnt tsc_deadline_timer xsave avx lahf_lm ida arat epb xsaveopt pln pts dtherm tpr_shadow vnmi flexpriority ept vpid
bogomips	: 4589.64
clflush size	: 64
cache_alignment	: 64
address sizes	: 36 bits physical, 48 bits virtual
power management:

processor	: 2
vendor_id	: GenuineIntel
cpu family	: 6
model		: 42
model name	: Intel(R) Core(TM) i5-2410M CPU @ 2.30GHz
stepping	: 7
microcode	: 0x15
cpu MHz		: 1600.000
cache size	: 3072 KB
physical id	: 0
siblings	: 4
core id		: 1
cpu cores	: 2
apicid		: 2
initial apicid	: 2
fpu		: yes
fpu_exception	: yes
cpuid level	: 13
wp		: yes
flags		: fpu vme de pse tsc msr pae mce cx8 apic sep mtrr pge mca cmov pat pse36 clflush dts acpi mmx fxsr sse sse2 ss ht tm pbe syscall nx rdtscp lm constant_tsc arch_perfmon pebs bts nopl xtopology nonstop_tsc aperfmperf eagerfpu pni pclmulqdq dtes64 monitor ds_cpl vmx est tm2 ssse3 cx16 xtpr pdcm pcid sse4_1 sse4_2 x2apic popcnt tsc_deadline_timer xsave avx lahf_lm ida arat epb xsaveopt pln pts dtherm tpr_shadow vnmi flexpriority ept vpid
bogomips	: 4589.64
clflush size	: 64
cache_alignment	: 64
address sizes	: 36 bits physical, 48 bits virtual
power management:

processor	: 3
vendor_id	: GenuineIntel
cpu family	: 6
model		: 42
model name	: Intel(R) Core(TM) i5-2410M CPU @ 2.30GHz
stepping	: 7
microcode	: 0x15
cpu MHz		: 1600.000
cache size	: 3072 KB
physical id	: 0
siblings	: 4
core id		: 1
cpu cores	: 2
apicid		: 3
initial apicid	: 3
fpu		: yes
fpu_exception	: yes
cpuid level	: 13
wp		: yes
flags		: fpu vme de pse tsc msr pae mce cx8 apic sep mtrr pge mca cmov pat pse36 clflush dts acpi mmx fxsr sse sse2 ss ht tm pbe syscall nx rdtscp lm constant_tsc arch_perfmon pebs bts nopl xtopology nonstop_tsc aperfmperf eagerfpu pni pclmulqdq dtes64 monitor ds_cpl vmx est tm2 ssse3 cx16 xtpr pdcm pcid sse4_1 sse4_2 x2apic popcnt tsc_deadline_timer xsave avx lahf_lm ida arat epb xsaveopt pln pts dtherm tpr_shadow vnmi flexpriority ept vpid
bogomips	: 4589.64
clflush size	: 64
cache_alignment	: 64
address sizes	: 36 bits physical, 48 bits virtual
power management:



Memory: 4k page, physical 6022116k(1934272k free), swap 975868k(975868k free)

vm_info: OpenJDK 64-Bit Server VM (23.7-b01) for linux-amd64 JRE (1.7.0_25-b30), built on Jul  3 2013 13:50:39 by "buildd" with gcc 4.7.3

time: Wed Sep  4 10:58:26 2013
elapsed time: 75 seconds

