#
# A fatal error has been detected by the Java Runtime Environment:
#
#  SIGSEGV (0xb) at pc=0x00007f7b0e1fd2b7, pid=2987, tid=140166484403968
#
# JRE version: 7.0_25-b30
# Java VM: OpenJDK 64-Bit Server VM (23.7-b01 mixed mode linux-amd64 compressed oops)
# Problematic frame:
# C  [libSoar.so+0x1c92b7]  remove_existing_context_and_descendents(agent_struct*, symbol_union*)+0x14f
#
# Failed to write core dump. Core dumps have been disabled. To enable core dumping, try "ulimit -c unlimited" before starting Java again
#
# If you would like to submit a bug report, please include
# instructions on how to reproduce the bug and visit:
#   https://bugs.launchpad.net/ubuntu/+source/openjdk-7/
#

---------------  T H R E A D  ---------------

Current thread is native thread

siginfo:si_signo=SIGSEGV: si_errno=0, si_code=1 (SEGV_MAPERR), si_addr=0x0000000000000057

Registers:
RAX=0xffffffffffffffff, RBX=0x0000000000000000, RCX=0x00007f7ad8007068, RDX=0x00007f7ad86646c0
RSP=0x00007f7b0d830cf0, RBP=0x00007f7b0d830d20, RSI=0x000000000000001b, RDI=0x00007f7ad80090d0
R8 =0x0000000000000000, R9 =0x0000000000000200, R10=0x0000000000000021, R11=0x00007f7ad8000078
R12=0x0000000000000000, R13=0x00007f7b27bf2060, R14=0x00007f7b27bc94e0, R15=0x0000000000001000
RIP=0x00007f7b0e1fd2b7, EFLAGS=0x0000000000010286, CSGSFS=0x0000000000000033, ERR=0x0000000000000004
  TRAPNO=0x000000000000000e

Top of Stack: (sp=0x00007f7b0d830cf0)
0x00007f7b0d830cf0:   00007f7ad998c520 00007f7ad8000dd0
0x00007f7b0d830d00:   ffffffffffffffff 00007f7ad8000dd0
0x00007f7b0d830d10:   0000000000000000 000000000000027d
0x00007f7b0d830d20:   00007f7b0d830d60 00007f7b0e1fd1a2
0x00007f7b0d830d30:   00007f7ad8664630 00007f7ad8000dd0
0x00007f7b0d830d40:   0000000000000000 00077f7b0e26eb23
0x00007f7b0d830d50:   0000000000000000 7a86e4821aad2000
0x00007f7b0d830d60:   00007f7b0d830ea0 00007f7b0e1ffc4e
0x00007f7b0d830d70:   00007f7ad998b968 00007f7ad8000dd0
0x00007f7b0d830d80:   00007f7b0d830da0 00007f7b0e2813e5
0x00007f7b0d830d90:   00007f7b0d830dd8 00007f7ad8000dd0
0x00007f7b0d830da0:   00007f7b0d830de0 00007f7b0e287d76
0x00007f7b0d830db0:   00007f7ad80232c8 00007f7ad8007390
0x00007f7b0d830dc0:   00007f7ad9927e88 00007f7ad8000dd0
0x00007f7b0d830dd0:   0000000000000008 00007f7ad867afa0
0x00007f7b0d830de0:   00007f7b0d830e00 00007f7b0e25cf7c
0x00007f7b0d830df0:   00007f7ad9927e88 00007f7ad8000dd0
0x00007f7b0d830e00:   00007f7b0d830ea0 00007f7b0e1fa7ad
0x00007f7b0d830e10:   00007f7b0d830e30 00007f7b0e2813e5
0x00007f7b0d830e20:   00007f000d830e00 00007f7b0d830ee8
0x00007f7b0d830e30:   00007f7ad9927e88 00007f7ad8000dd0
0x00007f7b0d830e40:   00007f7b0d830e70 00007f7ad97c60b8
0x00007f7b0d830e50:   00007f7a007fb688 00007f7ad8000dd0
0x00007f7b0d830e60:   00007f7ad8664670 00007f7ad928e9e0
0x00007f7b0d830e70:   00007f7b0d830ea0 00007f7b0e2642a2
0x00007f7b0d830e80:   00007f7ad998ba30 00007f7ad8000dd0
0x00007f7b0d830e90:   0000000000000000 7a86e4821aad2000
0x00007f7b0d830ea0:   00007f7b0d830f10 00007f7b0e1fcbd4
0x00007f7b0d830eb0:   00007f7ad9927e88 00007f7ad8000dd0
0x00007f7b0d830ec0:   00007f7ad9e26c00 00007f7ad8000dd0
0x00007f7b0d830ed0:   01007f7ad9e26de0 00007f7ad8e5d3e0
0x00007f7b0d830ee0:   0000000000000000 0000000000000000 

Instructions: (pc=0x00007f7b0e1fd2b7)
0x00007f7b0e1fd297:   8b 45 d0 48 8b 80 a8 00 00 00 48 89 45 e0 eb 0c
0x00007f7b0e1fd2a7:   48 8b 45 e0 48 8b 40 58 48 89 45 e0 48 8b 45 e0
0x00007f7b0e1fd2b7:   48 8b 40 58 48 85 c0 75 e7 e9 ae 00 00 00 48 8b
0x00007f7b0e1fd2c7:   45 e0 48 8b 40 60 48 89 45 f0 48 8b 45 e0 48 8b 

Register to memory mapping:

RAX=0xffffffffffffffff is an unknown value
RBX=0x0000000000000000 is an unknown value
RCX=0x00007f7ad8007068 is an unknown value
RDX=0x00007f7ad86646c0 is an unknown value
RSP=0x00007f7b0d830cf0 is an unknown value
RBP=0x00007f7b0d830d20 is an unknown value
RSI=0x000000000000001b is an unknown value
RDI=0x00007f7ad80090d0 is an unknown value
R8 =0x0000000000000000 is an unknown value
R9 =0x0000000000000200 is an unknown value
R10=0x0000000000000021 is an unknown value
R11=0x00007f7ad8000078 is an unknown value
R12=0x0000000000000000 is an unknown value
R13=0x00007f7b27bf2060: _rtld_global+0 in /lib64/ld-linux-x86-64.so.2 at 0x00007f7b279cf000
R14=0x00007f7b27bc94e0 is pointing into the stack for thread: 0x00007f7b20009800
R15=0x0000000000001000 is an unknown value


Stack: [0x00007f7b0d032000,0x00007f7b0d833000],  sp=0x00007f7b0d830cf0,  free space=8187k
Native frames: (J=compiled Java code, j=interpreted, Vv=VM code, C=native code)
C  [libSoar.so+0x1c92b7]  remove_existing_context_and_descendents(agent_struct*, symbol_union*)+0x14f
C  [libSoar.so+0x1c91a2]  remove_existing_context_and_descendents(agent_struct*, symbol_union*)+0x3a
C  [libSoar.so+0x1cbc4e]  gds_invalid_so_remove_goal(agent_struct*, wme_struct*)+0x29c
C  [libSoar.so+0x1c8bd4]  decide_non_context_slot(agent_struct*, slot_struct*)+0x18f
C  [libSoar.so+0x1c909b]  decide_non_context_slots(agent_struct*)+0x55
C  [libSoar.so+0x1cac95]  do_working_memory_phase(agent_struct*)+0x105
C  [libSoar.so+0x1e34ad]  do_one_top_level_phase(agent_struct*)+0x7ea
C  [libSoar.so+0x1e482a]  run_for_n_decision_cycles(agent_struct*, long)+0xb8
C  [libSoar.so+0x36cca5]  sml::AgentSML::Step(sml::smlRunStepSize)+0x109
C  [libSoar.so+0x36cadd]  sml::AgentSML::StepInClientThread(sml::smlRunStepSize)+0x43
C  [libSoar.so+0x37d92a]  sml::RunScheduler::RunScheduledAgents(bool, sml::smlRunStepSize, unsigned long, sml::smlRunFlags, sml::smlRunStepSize, bool)+0x344
C  [libSoar.so+0x407a48]  cli::CommandLineInterface::DoRun(std::bitset<10ul> const&, int, cli::Cli::eRunInterleaveMode)+0x332
C  [libSoar.so+0x428ab0]  cli::RunCommand::Parse(std::vector<std::string, std::allocator<std::string> >&)+0x67a
C  [libSoar.so+0x418fe7]  cli::Parser::handle_command(std::vector<std::string, std::allocator<std::string> >&)+0x91
C  [libSoar.so+0x417d0e]  soar::tokenizer::parse_command()+0x1d0
C  [libSoar.so+0x417ab4]  soar::tokenizer::evaluate(char const*)+0x60
C  [libSoar.so+0x40af83]  cli::CommandLineInterface::Source(char const*, bool)+0x61
C  [libSoar.so+0x41528b]  cli::CommandLineInterface::DoCommand(sml::Connection*, sml::AgentSML*, char const*, bool, bool, soarxml::ElementXML*)+0x11d
C  [libSoar.so+0x377d01]  sml::KernelSML::HandleCommandLine(sml::AgentSML*, char const*, sml::Connection*, sml::AnalyzeXML*, soarxml::ElementXML*)+0x483
C  [libSoar.so+0x374157]  sml::KernelSML::ProcessCommand(char const*, sml::Connection*, sml::AnalyzeXML*, soarxml::ElementXML*)+0x325
C  [libSoar.so+0x374423]  sml::KernelSML::ProcessIncomingSML(sml::Connection*, soarxml::ElementXML*)+0x119
C  [libSoar.so+0x36ae62]  ReceivedCall(sml::Connection*, soarxml::ElementXML*, void*)+0x3b
C  [libSoar.so+0x3e1444]  sml::Callback::Invoke(soarxml::ElementXML*)+0x30
C  [libSoar.so+0x3db137]  sml::Connection::InvokeCallbacks(soarxml::ElementXML*)+0x105
C  [libSoar.so+0x3de7d9]  sml::RemoteConnection::ReceiveMessages(bool, int, int)+0x229
C  [libSoar.so+0x3de5ad]  sml::RemoteConnection::ReceiveMessages(bool)+0x2b
C  [libSoar.so+0x37139f]  sml::ConnectionManager::ReceiveAllMessages()+0x71
C  [libSoar.so+0x379c7c]  sml::ReceiverThread::Run()+0x2e
C  [libSoar.so+0x3e10e9]  ThreadStartFunction(void*)+0x2b
C  [libSoar.so+0x3e0fa1]  LinuxThreadFunc(void*)+0x28


---------------  P R O C E S S  ---------------

VM state:not at safepoint (normal execution)

VM Mutex/Monitor currently owned by a thread: None

Heap
 PSYoungGen      total 308480K, used 67577K [0x00000000e1560000, 0x00000000f4b20000, 0x0000000100000000)
  eden space 300544K, 21% used [0x00000000e1560000,0x00000000e53391f0,0x00000000f3ae0000)
  from space 7936K, 53% used [0x00000000f4360000,0x00000000f47853a8,0x00000000f4b20000)
  to   space 8320K, 0% used [0x00000000f3ae0000,0x00000000f3ae0000,0x00000000f4300000)
 ParOldGen       total 62784K, used 10955K [0x00000000a4000000, 0x00000000a7d50000, 0x00000000e1560000)
  object space 62784K, 17% used [0x00000000a4000000,0x00000000a4ab2cb8,0x00000000a7d50000)
 PSPermGen       total 21248K, used 19354K [0x0000000099a00000, 0x000000009aec0000, 0x00000000a4000000)
  object space 21248K, 91% used [0x0000000099a00000,0x000000009ace6bc8,0x000000009aec0000)

Card table byte_map: [0x00007f7b2450d000,0x00007f7b24841000] byte_map_base: 0x00007f7b24040000

Polling page: 0x00007f7b27bee000

Code Cache  [0x00007f7b1d000000, 0x00007f7b1d270000, 0x00007f7b20000000)
 total_blobs=1055 nmethods=501 adapters=506 free_code_cache=47343Kb largest_free_block=48434560

Compilation events (10 events):
Event: 155.509 Thread 0x00007f7b20111000  519             java.util.HashMap::newEntryIterator (10 bytes)
Event: 155.523 Thread 0x00007f7b20111000 nmethod 519 0x00007f7b1d114510 code [0x00007f7b1d114660, 0x00007f7b1d114938]
Event: 156.515 Thread 0x00007f7b2010e000  520             lcm.lcm.UDPMulticastProvider$ReaderThread::handlePacket (85 bytes)
Event: 156.516 Thread 0x00007f7b20111000  521             lcm.lcm.UDPMulticastProvider$ReaderThread::handleShortMessage (36 bytes)
Event: 156.525 Thread 0x00007f7b20111000 nmethod 521 0x00007f7b1d1c1f50 code [0x00007f7b1d1c2100, 0x00007f7b1d1c2548]
Event: 156.540 Thread 0x00007f7b2010e000 nmethod 520 0x00007f7b1d1bee10 code [0x00007f7b1d1befe0, 0x00007f7b1d1bf770]
Event: 159.992 Thread 0x00007f7b20111000  522             sml.StringElement::<init> (15 bytes)
Event: 159.993 Thread 0x00007f7b20111000 nmethod 522 0x00007f7b1d1c2c50 code [0x00007f7b1d1c2da0, 0x00007f7b1d1c2e28]
Event: 178.735 Thread 0x00007f7b20111000   14 % !         lcm.lcm.UDPMulticastProvider$ReaderThread::run @ 14 (62 bytes)
Event: 178.742 Thread 0x00007f7b20111000 nmethod 14% 0x00007f7b1d131f50 code [0x00007f7b1d1320e0, 0x00007f7b1d132330]

GC Heap History (10 events):
Event: 3.665 GC heap before
{Heap before GC invocations=6 (full 0):
 PSYoungGen      total 51008K, used 50992K [0x00000000e1560000, 0x00000000e8180000, 0x0000000100000000)
  eden space 47104K, 100% used [0x00000000e1560000,0x00000000e4360000,0x00000000e4360000)
  from space 3904K, 99% used [0x00000000e4360000,0x00000000e472c010,0x00000000e4730000)
  to   space 8256K, 0% used [0x00000000e7970000,0x00000000e7970000,0x00000000e8180000)
 ParOldGen       total 62784K, used 7315K [0x00000000a4000000, 0x00000000a7d50000, 0x00000000e1560000)
  object space 62784K, 11% used [0x00000000a4000000,0x00000000a4724c58,0x00000000a7d50000)
 PSPermGen       total 21248K, used 3569K [0x0000000099a00000, 0x000000009aec0000, 0x00000000a4000000)
  object space 21248K, 16% used [0x0000000099a00000,0x0000000099d7c490,0x000000009aec0000)
Event: 3.711 GC heap after
Heap after GC invocations=6 (full 0):
 PSYoungGen      total 101696K, used 5472K [0x00000000e1560000, 0x00000000e80c0000, 0x0000000100000000)
  eden space 94208K, 0% used [0x00000000e1560000,0x00000000e1560000,0x00000000e7160000)
  from space 7488K, 73% used [0x00000000e7970000,0x00000000e7ec8000,0x00000000e80c0000)
  to   space 7872K, 0% used [0x00000000e7160000,0x00000000e7160000,0x00000000e7910000)
 ParOldGen       total 62784K, used 7315K [0x00000000a4000000, 0x00000000a7d50000, 0x00000000e1560000)
  object space 62784K, 11% used [0x00000000a4000000,0x00000000a4724c58,0x00000000a7d50000)
 PSPermGen       total 21248K, used 3569K [0x0000000099a00000, 0x000000009aec0000, 0x00000000a4000000)
  object space 21248K, 16% used [0x0000000099a00000,0x0000000099d7c490,0x000000009aec0000)
}
Event: 4.511 GC heap before
{Heap before GC invocations=7 (full 0):
 PSYoungGen      total 101696K, used 99680K [0x00000000e1560000, 0x00000000e80c0000, 0x0000000100000000)
  eden space 94208K, 100% used [0x00000000e1560000,0x00000000e7160000,0x00000000e7160000)
  from space 7488K, 73% used [0x00000000e7970000,0x00000000e7ec8000,0x00000000e80c0000)
  to   space 7872K, 0% used [0x00000000e7160000,0x00000000e7160000,0x00000000e7910000)
 ParOldGen       total 62784K, used 7315K [0x00000000a4000000, 0x00000000a7d50000, 0x00000000e1560000)
  object space 62784K, 11% used [0x00000000a4000000,0x00000000a4724c58,0x00000000a7d50000)
 PSPermGen       total 21248K, used 3569K [0x0000000099a00000, 0x000000009aec0000, 0x00000000a4000000)
  object space 21248K, 16% used [0x0000000099a00000,0x0000000099d7c490,0x000000009aec0000)
Event: 4.541 GC heap after
Heap after GC invocations=7 (full 0):
 PSYoungGen      total 102080K, used 1920K [0x00000000e1560000, 0x00000000edd80000, 0x0000000100000000)
  eden space 94208K, 0% used [0x00000000e1560000,0x00000000e1560000,0x00000000e7160000)
  from space 7872K, 24% used [0x00000000e7160000,0x00000000e7340000,0x00000000e7910000)
  to   space 8256K, 0% used [0x00000000ed570000,0x00000000ed570000,0x00000000edd80000)
 ParOldGen       total 62784K, used 10891K [0x00000000a4000000, 0x00000000a7d50000, 0x00000000e1560000)
  object space 62784K, 17% used [0x00000000a4000000,0x00000000a4aa2cb8,0x00000000a7d50000)
 PSPermGen       total 21248K, used 3569K [0x0000000099a00000, 0x000000009aec0000, 0x00000000a4000000)
  object space 21248K, 16% used [0x0000000099a00000,0x0000000099d7c490,0x000000009aec0000)
}
Event: 5.092 GC heap before
{Heap before GC invocations=8 (full 0):
 PSYoungGen      total 102080K, used 96128K [0x00000000e1560000, 0x00000000edd80000, 0x0000000100000000)
  eden space 94208K, 100% used [0x00000000e1560000,0x00000000e7160000,0x00000000e7160000)
  from space 7872K, 24% used [0x00000000e7160000,0x00000000e7340000,0x00000000e7910000)
  to   space 8256K, 0% used [0x00000000ed570000,0x00000000ed570000,0x00000000edd80000)
 ParOldGen       total 62784K, used 10891K [0x00000000a4000000, 0x00000000a7d50000, 0x00000000e1560000)
  object space 62784K, 17% used [0x00000000a4000000,0x00000000a4aa2cb8,0x00000000a7d50000)
 PSPermGen       total 21248K, used 3569K [0x0000000099a00000, 0x000000009aec0000, 0x00000000a4000000)
  object space 21248K, 16% used [0x0000000099a00000,0x0000000099d7c490,0x000000009aec0000)
Event: 5.093 GC heap after
Heap after GC invocations=8 (full 0):
 PSYoungGen      total 196096K, used 96K [0x00000000e1560000, 0x00000000edea0000, 0x0000000100000000)
  eden space 187840K, 0% used [0x00000000e1560000,0x00000000e1560000,0x00000000eccd0000)
  from space 8256K, 1% used [0x00000000ed570000,0x00000000ed588000,0x00000000edd80000)
  to   space 8832K, 0% used [0x00000000eccd0000,0x00000000eccd0000,0x00000000ed570000)
 ParOldGen       total 62784K, used 10907K [0x00000000a4000000, 0x00000000a7d50000, 0x00000000e1560000)
  object space 62784K, 17% used [0x00000000a4000000,0x00000000a4aa6cb8,0x00000000a7d50000)
 PSPermGen       total 21248K, used 3569K [0x0000000099a00000, 0x000000009aec0000, 0x00000000a4000000)
  object space 21248K, 16% used [0x0000000099a00000,0x0000000099d7c490,0x000000009aec0000)
}
Event: 14.142 GC heap before
{Heap before GC invocations=9 (full 0):
 PSYoungGen      total 196096K, used 187936K [0x00000000e1560000, 0x00000000edea0000, 0x0000000100000000)
  eden space 187840K, 100% used [0x00000000e1560000,0x00000000eccd0000,0x00000000eccd0000)
  from space 8256K, 1% used [0x00000000ed570000,0x00000000ed588000,0x00000000edd80000)
  to   space 8832K, 0% used [0x00000000eccd0000,0x00000000eccd0000,0x00000000ed570000)
 ParOldGen       total 62784K, used 10907K [0x00000000a4000000, 0x00000000a7d50000, 0x00000000e1560000)
  object space 62784K, 17% used [0x00000000a4000000,0x00000000a4aa6cb8,0x00000000a7d50000)
 PSPermGen       total 21248K, used 15433K [0x0000000099a00000, 0x000000009aec0000, 0x00000000a4000000)
  object space 21248K, 72% used [0x0000000099a00000,0x000000009a912528,0x000000009aec0000)
Event: 14.187 GC heap after
Heap after GC invocations=9 (full 0):
 PSYoungGen      total 196672K, used 2276K [0x00000000e1560000, 0x00000000f4be0000, 0x0000000100000000)
  eden space 187840K, 0% used [0x00000000e1560000,0x00000000e1560000,0x00000000eccd0000)
  from space 8832K, 25% used [0x00000000eccd0000,0x00000000ecf090a0,0x00000000ed570000)
  to   space 8704K, 0% used [0x00000000f4360000,0x00000000f4360000,0x00000000f4be0000)
 ParOldGen       total 62784K, used 10931K [0x00000000a4000000, 0x00000000a7d50000, 0x00000000e1560000)
  object space 62784K, 17% used [0x00000000a4000000,0x00000000a4aaccb8,0x00000000a7d50000)
 PSPermGen       total 21248K, used 15433K [0x0000000099a00000, 0x000000009aec0000, 0x00000000a4000000)
  object space 21248K, 72% used [0x0000000099a00000,0x000000009a912528,0x000000009aec0000)
}
Event: 118.497 GC heap before
{Heap before GC invocations=10 (full 0):
 PSYoungGen      total 196672K, used 190116K [0x00000000e1560000, 0x00000000f4be0000, 0x0000000100000000)
  eden space 187840K, 100% used [0x00000000e1560000,0x00000000eccd0000,0x00000000eccd0000)
  from space 8832K, 25% used [0x00000000eccd0000,0x00000000ecf090a0,0x00000000ed570000)
  to   space 8704K, 0% used [0x00000000f4360000,0x00000000f4360000,0x00000000f4be0000)
 ParOldGen       total 62784K, used 10931K [0x00000000a4000000, 0x00000000a7d50000, 0x00000000e1560000)
  object space 62784K, 17% used [0x00000000a4000000,0x00000000a4aaccb8,0x00000000a7d50000)
 PSPermGen       total 21248K, used 19336K [0x0000000099a00000, 0x000000009aec0000, 0x00000000a4000000)
  object space 21248K, 91% used [0x0000000099a00000,0x000000009ace2080,0x000000009aec0000)
Event: 118.519 GC heap after
Heap after GC invocations=10 (full 0):
 PSYoungGen      total 308480K, used 4244K [0x00000000e1560000, 0x00000000f4b20000, 0x0000000100000000)
  eden space 300544K, 0% used [0x00000000e1560000,0x00000000e1560000,0x00000000f3ae0000)
  from space 7936K, 53% used [0x00000000f4360000,0x00000000f47853a8,0x00000000f4b20000)
  to   space 8320K, 0% used [0x00000000f3ae0000,0x00000000f3ae0000,0x00000000f4300000)
 ParOldGen       total 62784K, used 10955K [0x00000000a4000000, 0x00000000a7d50000, 0x00000000e1560000)
  object space 62784K, 17% used [0x00000000a4000000,0x00000000a4ab2cb8,0x00000000a7d50000)
 PSPermGen       total 21248K, used 19336K [0x0000000099a00000, 0x000000009aec0000, 0x00000000a4000000)
  object space 21248K, 91% used [0x0000000099a00000,0x000000009ace2080,0x000000009aec0000)
}

Deoptimization events (10 events):
Event: 124.513 Thread 0x00007f7ab8048000 Uncommon trap -42 fr.pc 0x00007f7b1d1ab5f8
Event: 124.514 Thread 0x00007f7ab8048000 Uncommon trap -42 fr.pc 0x00007f7b1d1ab5f8
Event: 124.514 Thread 0x00007f7ab8048000 Uncommon trap -42 fr.pc 0x00007f7b1d1ab5f8
Event: 124.613 Thread 0x00007f7ab8048000 Uncommon trap -42 fr.pc 0x00007f7b1d1ab5f8
Event: 142.661 Thread 0x00007f7b20542000 Uncommon trap -34 fr.pc 0x00007f7b1d199e78
Event: 142.661 Thread 0x00007f7b20542000 Uncommon trap -34 fr.pc 0x00007f7b1d199e78
Event: 142.662 Thread 0x00007f7b20542000 Uncommon trap -34 fr.pc 0x00007f7b1d199e78
Event: 142.662 Thread 0x00007f7b20542000 Uncommon trap -34 fr.pc 0x00007f7b1d199e78
Event: 145.397 Thread 0x00007f7abc13d000 Uncommon trap -83 fr.pc 0x00007f7b1d1933cc
Event: 145.410 Thread 0x00007f7abc13d000 Uncommon trap -83 fr.pc 0x00007f7b1d1aa700

Internal exceptions (10 events):
Event: 77.790 Thread 0x00007f7ab8048000 Threw 0x00000000e8aebc80 at /build/buildd/openjdk-7-7u25-2.3.12/build/openjdk/hotspot/src/share/vm/prims/jvm.cpp:1235
Event: 77.790 Thread 0x00007f7ab8048000 Threw 0x00000000e8aef588 at /build/buildd/openjdk-7-7u25-2.3.12/build/openjdk/hotspot/src/share/vm/prims/jvm.cpp:1235
Event: 77.791 Thread 0x00007f7ab8048000 Threw 0x00000000e8af2700 at /build/buildd/openjdk-7-7u25-2.3.12/build/openjdk/hotspot/src/share/vm/prims/jvm.cpp:1235
Event: 77.793 Thread 0x00007f7ab8048000 Threw 0x00000000e8af5eb8 at /build/buildd/openjdk-7-7u25-2.3.12/build/openjdk/hotspot/src/share/vm/prims/jvm.cpp:1235
Event: 77.794 Thread 0x00007f7ab8048000 Threw 0x00000000e8af90e8 at /build/buildd/openjdk-7-7u25-2.3.12/build/openjdk/hotspot/src/share/vm/prims/jvm.cpp:1235
Event: 77.794 Thread 0x00007f7ab8048000 Threw 0x00000000e8afc198 at /build/buildd/openjdk-7-7u25-2.3.12/build/openjdk/hotspot/src/share/vm/prims/jvm.cpp:1235
Event: 77.795 Thread 0x00007f7ab8048000 Threw 0x00000000e8affa68 at /build/buildd/openjdk-7-7u25-2.3.12/build/openjdk/hotspot/src/share/vm/prims/jvm.cpp:1235
Event: 101.184 Thread 0x00007f7ab8048000 Threw 0x00000000eae9e018 at /build/buildd/openjdk-7-7u25-2.3.12/build/openjdk/hotspot/src/share/vm/prims/jvm.cpp:1235
Event: 145.397 Thread 0x00007f7abc13d000 Implicit null exception at 0x00007f7b1d192d76 to 0x00007f7b1d1933b1
Event: 145.410 Thread 0x00007f7abc13d000 Implicit null exception at 0x00007f7b1d1aa016 to 0x00007f7b1d1aa6e1

Events (10 events):
Event: 145.410 Thread 0x00007f7abc13d000 DEOPT PACKING pc=0x00007f7b1d1aa700 sp=0x00007f7b0d0303a0
Event: 145.410 Thread 0x00007f7abc13d000 DEOPT UNPACKING pc=0x00007f7b1d039145 sp=0x00007f7b0d0301e0 mode 2
Event: 145.411 Executing VM operation: RevokeBias
Event: 145.411 Executing VM operation: RevokeBias done
Event: 145.424 Executing VM operation: RevokeBias
Event: 145.424 Executing VM operation: RevokeBias done
Event: 145.424 Executing VM operation: RevokeBias
Event: 145.424 Executing VM operation: RevokeBias done
Event: 145.424 Executing VM operation: RevokeBias
Event: 145.424 Executing VM operation: RevokeBias done


Dynamic libraries:
00400000-00401000 r-xp 00000000 08:07 8130224                            /usr/lib/jvm/java-7-openjdk-amd64/jre/bin/java
00600000-00601000 r--p 00000000 08:07 8130224                            /usr/lib/jvm/java-7-openjdk-amd64/jre/bin/java
00601000-00602000 rw-p 00001000 08:07 8130224                            /usr/lib/jvm/java-7-openjdk-amd64/jre/bin/java
01abd000-01ade000 rw-p 00000000 00:00 0                                  [heap]
99a00000-9aec0000 rw-p 00000000 00:00 0 
9aec0000-a4000000 rw-p 00000000 00:00 0 
a4000000-a7d50000 rw-p 00000000 00:00 0 
a7d50000-e1560000 rw-p 00000000 00:00 0 
e1560000-f4b20000 rw-p 00000000 00:00 0 
f4b20000-f4be0000 ---p 00000000 00:00 0 
f4be0000-100000000 rw-p 00000000 00:00 0 
7f7aa8000000-7f7aa8021000 rw-p 00000000 00:00 0 
7f7aa8021000-7f7aac000000 ---p 00000000 00:00 0 
7f7aac000000-7f7aac021000 rw-p 00000000 00:00 0 
7f7aac021000-7f7ab0000000 ---p 00000000 00:00 0 
7f7ab0000000-7f7ab0021000 rw-p 00000000 00:00 0 
7f7ab0021000-7f7ab4000000 ---p 00000000 00:00 0 
7f7ab4000000-7f7ab4021000 rw-p 00000000 00:00 0 
7f7ab4021000-7f7ab8000000 ---p 00000000 00:00 0 
7f7ab8000000-7f7ab811b000 rw-p 00000000 00:00 0 
7f7ab811b000-7f7abc000000 ---p 00000000 00:00 0 
7f7abc000000-7f7abc1b5000 rw-p 00000000 00:00 0 
7f7abc1b5000-7f7ac0000000 ---p 00000000 00:00 0 
7f7ac0000000-7f7ac0021000 rw-p 00000000 00:00 0 
7f7ac0021000-7f7ac4000000 ---p 00000000 00:00 0 
7f7ac4000000-7f7ac4021000 rw-p 00000000 00:00 0 
7f7ac4021000-7f7ac8000000 ---p 00000000 00:00 0 
7f7ac8000000-7f7ac8021000 rw-p 00000000 00:00 0 
7f7ac8021000-7f7acc000000 ---p 00000000 00:00 0 
7f7accccd000-7f7acd1bf000 rw-p 00000000 00:00 0 
7f7acd1bf000-7f7acd308000 rw-s 00000000 00:04 322306074                  /SYSV00000000 (deleted)
7f7acd308000-7f7acd30b000 ---p 00000000 00:00 0 
7f7acd30b000-7f7acd409000 rw-p 00000000 00:00 0 
7f7acd409000-7f7acd40c000 ---p 00000000 00:00 0 
7f7acd40c000-7f7acd50a000 rw-p 00000000 00:00 0 
7f7acd50a000-7f7acd50d000 ---p 00000000 00:00 0 
7f7acd50d000-7f7acd60b000 rw-p 00000000 00:00 0 
7f7acd60b000-7f7acd60e000 ---p 00000000 00:00 0 
7f7acd60e000-7f7acd70c000 rw-p 00000000 00:00 0                          [stack:3040]
7f7acd70c000-7f7acd70f000 ---p 00000000 00:00 0 
7f7acd70f000-7f7acd80d000 rw-p 00000000 00:00 0 
7f7acd80d000-7f7acd81d000 r-xp 00000000 08:07 8130194                    /usr/lib/jvm/java-7-openjdk-amd64/jre/lib/amd64/libnio.so
7f7acd81d000-7f7acda1c000 ---p 00010000 08:07 8130194                    /usr/lib/jvm/java-7-openjdk-amd64/jre/lib/amd64/libnio.so
7f7acda1c000-7f7acda1d000 r--p 0000f000 08:07 8130194                    /usr/lib/jvm/java-7-openjdk-amd64/jre/lib/amd64/libnio.so
7f7acda1d000-7f7acda1e000 rw-p 00010000 08:07 8130194                    /usr/lib/jvm/java-7-openjdk-amd64/jre/lib/amd64/libnio.so
7f7acda1e000-7f7acda6a000 r-xp 00000000 08:07 8130205                    /usr/lib/jvm/java-7-openjdk-amd64/jre/lib/amd64/libfontmanager.so
7f7acda6a000-7f7acdc69000 ---p 0004c000 08:07 8130205                    /usr/lib/jvm/java-7-openjdk-amd64/jre/lib/amd64/libfontmanager.so
7f7acdc69000-7f7acdc6c000 r--p 0004b000 08:07 8130205                    /usr/lib/jvm/java-7-openjdk-amd64/jre/lib/amd64/libfontmanager.so
7f7acdc6c000-7f7acdc6d000 rw-p 0004e000 08:07 8130205                    /usr/lib/jvm/java-7-openjdk-amd64/jre/lib/amd64/libfontmanager.so
7f7acdc6d000-7f7acdc70000 ---p 00000000 00:00 0 
7f7acdc70000-7f7acdd6e000 rw-p 00000000 00:00 0                          [stack:3038]
7f7acdd6e000-7f7acdd71000 ---p 00000000 00:00 0 
7f7acdd71000-7f7acde6f000 rw-p 00000000 00:00 0                          [stack:3037]
7f7acde6f000-7f7acde72000 ---p 00000000 00:00 0 
7f7acde72000-7f7acdf70000 rw-p 00000000 00:00 0                          [stack:3036]
7f7acdf70000-7f7acdf74000 r-xp 00000000 08:07 5242929                    /lib/x86_64-linux-gnu/libgpg-error.so.0.10.0
7f7acdf74000-7f7ace173000 ---p 00004000 08:07 5242929                    /lib/x86_64-linux-gnu/libgpg-error.so.0.10.0
7f7ace173000-7f7ace174000 r--p 00003000 08:07 5242929                    /lib/x86_64-linux-gnu/libgpg-error.so.0.10.0
7f7ace174000-7f7ace175000 rw-p 00004000 08:07 5242929                    /lib/x86_64-linux-gnu/libgpg-error.so.0.10.0
7f7ace175000-7f7ace177000 r-xp 00000000 08:07 5242940                    /lib/x86_64-linux-gnu/libkeyutils.so.1.4
7f7ace177000-7f7ace377000 ---p 00002000 08:07 5242940                    /lib/x86_64-linux-gnu/libkeyutils.so.1.4
7f7ace377000-7f7ace378000 r--p 00002000 08:07 5242940                    /lib/x86_64-linux-gnu/libkeyutils.so.1.4
7f7ace378000-7f7ace379000 rw-p 00003000 08:07 5242940                    /lib/x86_64-linux-gnu/libkeyutils.so.1.4
7f7ace379000-7f7ace391000 r-xp 00000000 08:07 7864518                    /usr/lib/x86_64-linux-gnu/libgraphite2.so.3.0.1
7f7ace391000-7f7ace590000 ---p 00018000 08:07 7864518                    /usr/lib/x86_64-linux-gnu/libgraphite2.so.3.0.1
7f7ace590000-7f7ace592000 r--p 00017000 08:07 7864518                    /usr/lib/x86_64-linux-gnu/libgraphite2.so.3.0.1
7f7ace592000-7f7ace593000 rw-p 00019000 08:07 7864518                    /usr/lib/x86_64-linux-gnu/libgraphite2.so.3.0.1
7f7ace593000-7f7ace597000 r-xp 00000000 08:07 7870208                    /usr/lib/x86_64-linux-gnu/libXxf86vm.so.1.0.0
7f7ace597000-7f7ace797000 ---p 00004000 08:07 7870208                    /usr/lib/x86_64-linux-gnu/libXxf86vm.so.1.0.0
7f7ace797000-7f7ace798000 r--p 00004000 08:07 7870208                    /usr/lib/x86_64-linux-gnu/libXxf86vm.so.1.0.0
7f7ace798000-7f7ace799000 rw-p 00005000 08:07 7870208                    /usr/lib/x86_64-linux-gnu/libXxf86vm.so.1.0.0
7f7ace799000-7f7ace7ae000 r-xp 00000000 08:07 7866526                    /usr/lib/x86_64-linux-gnu/libxcb-glx.so.0.0.0
7f7ace7ae000-7f7ace9ad000 ---p 00015000 08:07 7866526                    /usr/lib/x86_64-linux-gnu/libxcb-glx.so.0.0.0
7f7ace9ad000-7f7ace9af000 r--p 00014000 08:07 7866526                    /usr/lib/x86_64-linux-gnu/libxcb-glx.so.0.0.0
7f7ace9af000-7f7ace9b0000 rw-p 00016000 08:07 7866526                    /usr/lib/x86_64-linux-gnu/libxcb-glx.so.0.0.0
7f7ace9b0000-7f7ace9d2000 r-xp 00000000 08:07 7868682                    /usr/lib/x86_64-linux-gnu/libglapi.so.0.0.0
7f7ace9d2000-7f7acebd2000 ---p 00022000 08:07 7868682                    /usr/lib/x86_64-linux-gnu/libglapi.so.0.0.0
7f7acebd2000-7f7acebd5000 r--p 00022000 08:07 7868682                    /usr/lib/x86_64-linux-gnu/libglapi.so.0.0.0
7f7acebd5000-7f7acebd6000 rw-p 00025000 08:07 7868682                    /usr/lib/x86_64-linux-gnu/libglapi.so.0.0.0
7f7acebd6000-7f7acebd7000 rw-p 00000000 00:00 0 
7f7acebd7000-7f7acebe2000 r-xp 00000000 08:07 7864548                    /usr/lib/x86_64-linux-gnu/libdrm.so.2.4.0
7f7acebe2000-7f7acede1000 ---p 0000b000 08:07 7864548                    /usr/lib/x86_64-linux-gnu/libdrm.so.2.4.0
7f7acede1000-7f7acede2000 r--p 0000a000 08:07 7864548                    /usr/lib/x86_64-linux-gnu/libdrm.so.2.4.0
7f7acede2000-7f7acede3000 rw-p 0000b000 08:07 7864548                    /usr/lib/x86_64-linux-gnu/libdrm.so.2.4.0
7f7acede3000-7f7acedf3000 r-xp 00000000 08:07 5242950                    /lib/x86_64-linux-gnu/libudev.so.1.3.5
7f7acedf3000-7f7aceff2000 ---p 00010000 08:07 5242950                    /lib/x86_64-linux-gnu/libudev.so.1.3.5
7f7aceff2000-7f7aceff3000 r--p 0000f000 08:07 5242950                    /lib/x86_64-linux-gnu/libudev.so.1.3.5
7f7aceff3000-7f7aceff4000 rw-p 00010000 08:07 5242950                    /lib/x86_64-linux-gnu/libudev.so.1.3.5
7f7aceff4000-7f7aceffa000 r-xp 00000000 08:07 7866501                    /usr/lib/x86_64-linux-gnu/libgbm.so.1.0.0
7f7aceffa000-7f7acf1fa000 ---p 00006000 08:07 7866501                    /usr/lib/x86_64-linux-gnu/libgbm.so.1.0.0
7f7acf1fa000-7f7acf1fb000 r--p 00006000 08:07 7866501                    /usr/lib/x86_64-linux-gnu/libgbm.so.1.0.0
7f7acf1fb000-7f7acf1fc000 rw-p 00007000 08:07 7866501                    /usr/lib/x86_64-linux-gnu/libgbm.so.1.0.0
7f7acf1fc000-7f7acf20a000 r-xp 00000000 08:07 7868902                    /usr/lib/x86_64-linux-gnu/libwayland-server.so.0.1.0
7f7acf20a000-7f7acf409000 ---p 0000e000 08:07 7868902                    /usr/lib/x86_64-linux-gnu/libwayland-server.so.0.1.0
7f7acf409000-7f7acf40b000 r--p 0000d000 08:07 7868902                    /usr/lib/x86_64-linux-gnu/libwayland-server.so.0.1.0
7f7acf40b000-7f7acf40c000 rw-p 0000f000 08:07 7868902                    /usr/lib/x86_64-linux-gnu/libwayland-server.so.0.1.0
7f7acf40c000-7f7acf417000 r-xp 00000000 08:07 7864504                    /usr/lib/x86_64-linux-gnu/libwayland-client.so.0.1.0
7f7acf417000-7f7acf616000 ---p 0000b000 08:07 7864504                    /usr/lib/x86_64-linux-gnu/libwayland-client.so.0.1.0
7f7acf616000-7f7acf618000 r--p 0000a000 08:07 7864504                    /usr/lib/x86_64-linux-gnu/libwayland-client.so.0.1.0
7f7acf618000-7f7acf619000 rw-p 0000c000 08:07 7864504                    /usr/lib/x86_64-linux-gnu/libwayland-client.so.0.1.0
7f7acf619000-7f7acf61e000 r-xp 00000000 08:07 7866542                    /usr/lib/x86_64-linux-gnu/libxcb-xfixes.so.0.0.0
7f7acf61e000-7f7acf81e000 ---p 00005000 08:07 7866542                    /usr/lib/x86_64-linux-gnu/libxcb-xfixes.so.0.0.0
7f7acf81e000-7f7acf81f000 r--p 00005000 08:07 7866542                    /usr/lib/x86_64-linux-gnu/libxcb-xfixes.so.0.0.0
7f7acf81f000-7f7acf820000 rw-p 00006000 08:07 7866542                    /usr/lib/x86_64-linux-gnu/libxcb-xfixes.so.0.0.0
7f7acf820000-7f7acf823000 r-xp 00000000 08:07 7869896                    /usr/lib/x86_64-linux-gnu/libxcb-dri2.so.0.0.0
7f7acf823000-7f7acfa23000 ---p 00003000 08:07 7869896                    /usr/lib/x86_64-linux-gnu/libxcb-dri2.so.0.0.0
7f7acfa23000-7f7acfa24000 r--p 00003000 08:07 7869896                    /usr/lib/x86_64-linux-gnu/libxcb-dri2.so.0.0.0
7f7acfa24000-7f7acfa25000 rw-p 00004000 08:07 7869896                    /usr/lib/x86_64-linux-gnu/libxcb-dri2.so.0.0.0
7f7acfa25000-7f7acfa26000 r-xp 00000000 08:07 7869904                    /usr/lib/x86_64-linux-gnu/libX11-xcb.so.1.0.0
7f7acfa26000-7f7acfc25000 ---p 00001000 08:07 7869904                    /usr/lib/x86_64-linux-gnu/libX11-xcb.so.1.0.0
7f7acfc25000-7f7acfc26000 r--p 00000000 08:07 7869904                    /usr/lib/x86_64-linux-gnu/libX11-xcb.so.1.0.0
7f7acfc26000-7f7acfc27000 rw-p 00001000 08:07 7869904                    /usr/lib/x86_64-linux-gnu/libX11-xcb.so.1.0.0
7f7acfc27000-7f7acfc6b000 r-xp 00000000 08:07 5242924                    /lib/x86_64-linux-gnu/libdbus-1.so.3.7.4
7f7acfc6b000-7f7acfe6a000 ---p 00044000 08:07 5242924                    /lib/x86_64-linux-gnu/libdbus-1.so.3.7.4
7f7acfe6a000-7f7acfe6b000 r--p 00043000 08:07 5242924                    /lib/x86_64-linux-gnu/libdbus-1.so.3.7.4
7f7acfe6b000-7f7acfe6c000 rw-p 00044000 08:07 5242924                    /lib/x86_64-linux-gnu/libdbus-1.so.3.7.4
7f7acfe6c000-7f7acfe8a000 r-xp 00000000 08:07 7870895                    /usr/lib/x86_64-linux-gnu/libp11-kit.so.0.0.0
7f7acfe8a000-7f7ad0089000 ---p 0001e000 08:07 7870895                    /usr/lib/x86_64-linux-gnu/libp11-kit.so.0.0.0
7f7ad0089000-7f7ad008b000 r--p 0001d000 08:07 7870895                    /usr/lib/x86_64-linux-gnu/libp11-kit.so.0.0.0
7f7ad008b000-7f7ad008c000 rw-p 0001f000 08:07 7870895                    /usr/lib/x86_64-linux-gnu/libp11-kit.so.0.0.0
7f7ad008c000-7f7ad009c000 r-xp 00000000 08:07 7870891                    /usr/lib/x86_64-linux-gnu/libtasn1.so.3.2.0
7f7ad009c000-7f7ad029b000 ---p 00010000 08:07 7870891                    /usr/lib/x86_64-linux-gnu/libtasn1.so.3.2.0
7f7ad029b000-7f7ad029c000 r--p 0000f000 08:07 7870891                    /usr/lib/x86_64-linux-gnu/libtasn1.so.3.2.0
7f7ad029c000-7f7ad029d000 rw-p 00010000 08:07 7870891                    /usr/lib/x86_64-linux-gnu/libtasn1.so.3.2.0
7f7ad029d000-7f7ad0317000 r-xp 00000000 08:07 5242933                    /lib/x86_64-linux-gnu/libgcrypt.so.11.7.0
7f7ad0317000-7f7ad0517000 ---p 0007a000 08:07 5242933                    /lib/x86_64-linux-gnu/libgcrypt.so.11.7.0
7f7ad0517000-7f7ad0518000 r--p 0007a000 08:07 5242933                    /lib/x86_64-linux-gnu/libgcrypt.so.11.7.0
7f7ad0518000-7f7ad051b000 rw-p 0007b000 08:07 5242933                    /lib/x86_64-linux-gnu/libgcrypt.so.11.7.0
7f7ad051b000-7f7ad0522000 r-xp 00000000 08:07 7866378                    /usr/lib/x86_64-linux-gnu/libkrb5support.so.0.1
7f7ad0522000-7f7ad0721000 ---p 00007000 08:07 7866378                    /usr/lib/x86_64-linux-gnu/libkrb5support.so.0.1
7f7ad0721000-7f7ad0722000 r--p 00006000 08:07 7866378                    /usr/lib/x86_64-linux-gnu/libkrb5support.so.0.1
7f7ad0722000-7f7ad0723000 rw-p 00007000 08:07 7866378                    /usr/lib/x86_64-linux-gnu/libkrb5support.so.0.1
7f7ad0723000-7f7ad0726000 r-xp 00000000 08:07 5242904                    /lib/x86_64-linux-gnu/libcom_err.so.2.1
7f7ad0726000-7f7ad0925000 ---p 00003000 08:07 5242904                    /lib/x86_64-linux-gnu/libcom_err.so.2.1
7f7ad0925000-7f7ad0926000 r--p 00002000 08:07 5242904                    /lib/x86_64-linux-gnu/libcom_err.so.2.1
7f7ad0926000-7f7ad0927000 rw-p 00003000 08:07 5242904                    /lib/x86_64-linux-gnu/libcom_err.so.2.1
7f7ad0927000-7f7ad094d000 r-xp 00000000 08:07 7870911                    /usr/lib/x86_64-linux-gnu/libk5crypto.so.3.1
7f7ad094d000-7f7ad0b4c000 ---p 00026000 08:07 7870911                    /usr/lib/x86_64-linux-gnu/libk5crypto.so.3.1
7f7ad0b4c000-7f7ad0b4d000 r--p 00025000 08:07 7870911                    /usr/lib/x86_64-linux-gnu/libk5crypto.so.3.1
7f7ad0b4d000-7f7ad0b4e000 rw-p 00026000 08:07 7870911                    /usr/lib/x86_64-linux-gnu/libk5crypto.so.3.1
7f7ad0b4e000-7f7ad0b4f000 rw-p 00000000 00:00 0 
7f7ad0b4f000-7f7ad0c14000 r-xp 00000000 08:07 7870927                    /usr/lib/x86_64-linux-gnu/libkrb5.so.3.3
7f7ad0c14000-7f7ad0e13000 ---p 000c5000 08:07 7870927                    /usr/lib/x86_64-linux-gnu/libkrb5.so.3.3
7f7ad0e13000-7f7ad0e1d000 r--p 000c4000 08:07 7870927                    /usr/lib/x86_64-linux-gnu/libkrb5.so.3.3
7f7ad0e1d000-7f7ad0e1e000 rw-p 000ce000 08:07 7870927                    /usr/lib/x86_64-linux-gnu/libkrb5.so.3.3
7f7ad0e1e000-7f7ad0e24000 r-xp 00000000 08:07 7864996                    /usr/lib/x86_64-linux-gnu/libdatrie.so.1.2.0
7f7ad0e24000-7f7ad1023000 ---p 00006000 08:07 7864996                    /usr/lib/x86_64-linux-gnu/libdatrie.so.1.2.0
7f7ad1023000-7f7ad1024000 r--p 00005000 08:07 7864996                    /usr/lib/x86_64-linux-gnu/libdatrie.so.1.2.0
7f7ad1024000-7f7ad1025000 rw-p 00006000 08:07 7864996                    /usr/lib/x86_64-linux-gnu/libdatrie.so.1.2.0
7f7ad1025000-7f7ad1075000 r-xp 00000000 08:07 7872140                    /usr/lib/x86_64-linux-gnu/libharfbuzz.so.0.919.0
7f7ad1075000-7f7ad1275000 ---p 00050000 08:07 7872140                    /usr/lib/x86_64-linux-gnu/libharfbuzz.so.0.919.0
7f7ad1275000-7f7ad1276000 r--p 00050000 08:07 7872140                    /usr/lib/x86_64-linux-gnu/libharfbuzz.so.0.919.0
7f7ad1276000-7f7ad1277000 rw-p 00051000 08:07 7872140                    /usr/lib/x86_64-linux-gnu/libharfbuzz.so.0.919.0
7f7ad1277000-7f7ad12d3000 r-xp 00000000 08:07 8258487                    /usr/lib/x86_64-linux-gnu/mesa/libGL.so.1.2.0
7f7ad12d3000-7f7ad14d3000 ---p 0005c000 08:07 8258487                    /usr/lib/x86_64-linux-gnu/mesa/libGL.so.1.2.0
7f7ad14d3000-7f7ad14d5000 r--p 0005c000 08:07 8258487                    /usr/lib/x86_64-linux-gnu/mesa/libGL.so.1.2.0
7f7ad14d5000-7f7ad14d6000 rw-p 0005e000 08:07 8258487                    /usr/lib/x86_64-linux-gnu/mesa/libGL.so.1.2.0
7f7ad14d6000-7f7ad14d7000 rw-p 00000000 00:00 0 
7f7ad14d7000-7f7ad14df000 r-xp 00000000 08:07 7870007                    /usr/lib/x86_64-linux-gnu/libxcb-render.so.0.0.0
7f7ad14df000-7f7ad16de000 ---p 00008000 08:07 7870007                    /usr/lib/x86_64-linux-gnu/libxcb-render.so.0.0.0
7f7ad16de000-7f7ad16df000 r--p 00007000 08:07 7870007                    /usr/lib/x86_64-linux-gnu/libxcb-render.so.0.0.0
7f7ad16df000-7f7ad16e0000 rw-p 00008000 08:07 7870007                    /usr/lib/x86_64-linux-gnu/libxcb-render.so.0.0.0
7f7ad16e0000-7f7ad16e2000 r-xp 00000000 08:07 7870014                    /usr/lib/x86_64-linux-gnu/libxcb-shm.so.0.0.0
7f7ad16e2000-7f7ad18e1000 ---p 00002000 08:07 7870014                    /usr/lib/x86_64-linux-gnu/libxcb-shm.so.0.0.0
7f7ad18e1000-7f7ad18e2000 r--p 00001000 08:07 7870014                    /usr/lib/x86_64-linux-gnu/libxcb-shm.so.0.0.0
7f7ad18e2000-7f7ad18e3000 rw-p 00002000 08:07 7870014                    /usr/lib/x86_64-linux-gnu/libxcb-shm.so.0.0.0
7f7ad18e3000-7f7ad1908000 r-xp 00000000 08:07 5242946                    /lib/x86_64-linux-gnu/libpng12.so.0.49.0
7f7ad1908000-7f7ad1b07000 ---p 00025000 08:07 5242946                    /lib/x86_64-linux-gnu/libpng12.so.0.49.0
7f7ad1b07000-7f7ad1b08000 r--p 00024000 08:07 5242946                    /lib/x86_64-linux-gnu/libpng12.so.0.49.0
7f7ad1b08000-7f7ad1b09000 rw-p 00025000 08:07 5242946                    /lib/x86_64-linux-gnu/libpng12.so.0.49.0
7f7ad1b09000-7f7ad1b2b000 r-xp 00000000 08:07 8258538                    /usr/lib/x86_64-linux-gnu/mesa-egl/libEGL.so.1.0.0
7f7ad1b2b000-7f7ad1d2b000 ---p 00022000 08:07 8258538                    /usr/lib/x86_64-linux-gnu/mesa-egl/libEGL.so.1.0.0
7f7ad1d2b000-7f7ad1d2c000 r--p 00022000 08:07 8258538                    /usr/lib/x86_64-linux-gnu/mesa-egl/libEGL.so.1.0.0
7f7ad1d2c000-7f7ad1d2d000 rw-p 00023000 08:07 8258538                    /usr/lib/x86_64-linux-gnu/mesa-egl/libEGL.so.1.0.0
7f7ad1d2d000-7f7ad1dce000 r-xp 00000000 08:07 7864906                    /usr/lib/x86_64-linux-gnu/libpixman-1.so.0.30.2
7f7ad1dce000-7f7ad1fce000 ---p 000a1000 08:07 7864906                    /usr/lib/x86_64-linux-gnu/libpixman-1.so.0.30.2
7f7ad1fce000-7f7ad1fd5000 r--p 000a1000 08:07 7864906                    /usr/lib/x86_64-linux-gnu/libpixman-1.so.0.30.2
7f7ad1fd5000-7f7ad1fd6000 rw-p 000a8000 08:07 7864906                    /usr/lib/x86_64-linux-gnu/libpixman-1.so.0.30.2
7f7ad1fd6000-7f7ad1fdb000 r-xp 00000000 08:07 7871525                    /usr/lib/x86_64-linux-gnu/libXdmcp.so.6.0.0
7f7ad1fdb000-7f7ad21da000 ---p 00005000 08:07 7871525                    /usr/lib/x86_64-linux-gnu/libXdmcp.so.6.0.0
7f7ad21da000-7f7ad21db000 r--p 00004000 08:07 7871525                    /usr/lib/x86_64-linux-gnu/libXdmcp.so.6.0.0
7f7ad21db000-7f7ad21dc000 rw-p 00005000 08:07 7871525                    /usr/lib/x86_64-linux-gnu/libXdmcp.so.6.0.0
7f7ad21dc000-7f7ad21de000 r-xp 00000000 08:07 7875069                    /usr/lib/x86_64-linux-gnu/libXau.so.6.0.0
7f7ad21de000-7f7ad23de000 ---p 00002000 08:07 7875069                    /usr/lib/x86_64-linux-gnu/libXau.so.6.0.0
7f7ad23de000-7f7ad23df000 r--p 00002000 08:07 7875069                    /usr/lib/x86_64-linux-gnu/libXau.so.6.0.0
7f7ad23df000-7f7ad23e0000 rw-p 00003000 08:07 7875069                    /usr/lib/x86_64-linux-gnu/libXau.so.6.0.0
7f7ad23e0000-7f7ad23ef000 r-xp 00000000 08:07 7866479                    /usr/lib/x86_64-linux-gnu/libavahi-client.so.3.2.9
7f7ad23ef000-7f7ad25ef000 ---p 0000f000 08:07 7866479                    /usr/lib/x86_64-linux-gnu/libavahi-client.so.3.2.9
7f7ad25ef000-7f7ad25f0000 r--p 0000f000 08:07 7866479                    /usr/lib/x86_64-linux-gnu/libavahi-client.so.3.2.9
7f7ad25f0000-7f7ad25f1000 rw-p 00010000 08:07 7866479                    /usr/lib/x86_64-linux-gnu/libavahi-client.so.3.2.9
7f7ad25f1000-7f7ad25fc000 r-xp 00000000 08:07 7864426                    /usr/lib/x86_64-linux-gnu/libavahi-common.so.3.5.3
7f7ad25fc000-7f7ad27fb000 ---p 0000b000 08:07 7864426                    /usr/lib/x86_64-linux-gnu/libavahi-common.so.3.5.3
7f7ad27fb000-7f7ad27fc000 r--p 0000a000 08:07 7864426                    /usr/lib/x86_64-linux-gnu/libavahi-common.so.3.5.3
7f7ad27fc000-7f7ad27fd000 rw-p 0000b000 08:07 7864426                    /usr/lib/x86_64-linux-gnu/libavahi-common.so.3.5.3
7f7ad27fd000-7f7ad28b3000 r-xp 00000000 08:07 7866371                    /usr/lib/x86_64-linux-gnu/libgnutls.so.26.22.6
7f7ad28b3000-7f7ad2ab3000 ---p 000b6000 08:07 7866371                    /usr/lib/x86_64-linux-gnu/libgnutls.so.26.22.6
7f7ad2ab3000-7f7ad2ab9000 r--p 000b6000 08:07 7866371                    /usr/lib/x86_64-linux-gnu/libgnutls.so.26.22.6
7f7ad2ab9000-7f7ad2aba000 rw-p 000bc000 08:07 7866371                    /usr/lib/x86_64-linux-gnu/libgnutls.so.26.22.6
7f7ad2aba000-7f7ad2abb000 rw-p 00000000 00:00 0 
7f7ad2abb000-7f7ad2af6000 r-xp 00000000 08:07 7866383                    /usr/lib/x86_64-linux-gnu/libgssapi_krb5.so.2.2
7f7ad2af6000-7f7ad2cf6000 ---p 0003b000 08:07 7866383                    /usr/lib/x86_64-linux-gnu/libgssapi_krb5.so.2.2
7f7ad2cf6000-7f7ad2cf7000 r--p 0003b000 08:07 7866383                    /usr/lib/x86_64-linux-gnu/libgssapi_krb5.so.2.2
7f7ad2cf7000-7f7ad2cf9000 rw-p 0003c000 08:07 7866383                    /usr/lib/x86_64-linux-gnu/libgssapi_krb5.so.2.2
7f7ad2cf9000-7f7ad2d20000 r-xp 00000000 08:07 5243699                    /lib/x86_64-linux-gnu/libexpat.so.1.6.0
7f7ad2d20000-7f7ad2f20000 ---p 00027000 08:07 5243699                    /lib/x86_64-linux-gnu/libexpat.so.1.6.0
7f7ad2f20000-7f7ad2f22000 r--p 00027000 08:07 5243699                    /lib/x86_64-linux-gnu/libexpat.so.1.6.0
7f7ad2f22000-7f7ad2f23000 rw-p 00029000 08:07 5243699                    /lib/x86_64-linux-gnu/libexpat.so.1.6.0
7f7ad2f23000-7f7ad2fbf000 r-xp 00000000 08:07 7866495                    /usr/lib/x86_64-linux-gnu/libfreetype.so.6.10.1
7f7ad2fbf000-7f7ad31bf000 ---p 0009c000 08:07 7866495                    /usr/lib/x86_64-linux-gnu/libfreetype.so.6.10.1
7f7ad31bf000-7f7ad31c4000 r--p 0009c000 08:07 7866495                    /usr/lib/x86_64-linux-gnu/libfreetype.so.6.10.1
7f7ad31c4000-7f7ad31c5000 rw-p 000a1000 08:07 7866495                    /usr/lib/x86_64-linux-gnu/libfreetype.so.6.10.1
7f7ad31c5000-7f7ad31cd000 r-xp 00000000 08:07 7865670                    /usr/lib/x86_64-linux-gnu/libthai.so.0.2.0
7f7ad31cd000-7f7ad33cc000 ---p 00008000 08:07 7865670                    /usr/lib/x86_64-linux-gnu/libthai.so.0.2.0
7f7ad33cc000-7f7ad33cd000 r--p 00007000 08:07 7865670                    /usr/lib/x86_64-linux-gnu/libthai.so.0.2.0
7f7ad33cd000-7f7ad33ce000 rw-p 00008000 08:07 7865670                    /usr/lib/x86_64-linux-gnu/libthai.so.0.2.0
7f7ad33ce000-7f7ad33d0000 r-xp 00000000 08:07 7870105                    /usr/lib/x86_64-linux-gnu/libXdamage.so.1.1.0
7f7ad33d0000-7f7ad35cf000 ---p 00002000 08:07 7870105                    /usr/lib/x86_64-linux-gnu/libXdamage.so.1.1.0
7f7ad35cf000-7f7ad35d0000 r--p 00001000 08:07 7870105                    /usr/lib/x86_64-linux-gnu/libXdamage.so.1.1.0
7f7ad35d0000-7f7ad35d1000 rw-p 00002000 08:07 7870105                    /usr/lib/x86_64-linux-gnu/libXdamage.so.1.1.0
7f7ad35d1000-7f7ad35d3000 r-xp 00000000 08:07 7870095                    /usr/lib/x86_64-linux-gnu/libXcomposite.so.1.0.0
7f7ad35d3000-7f7ad37d2000 ---p 00002000 08:07 7870095                    /usr/lib/x86_64-linux-gnu/libXcomposite.so.1.0.0
7f7ad37d2000-7f7ad37d3000 r--p 00001000 08:07 7870095                    /usr/lib/x86_64-linux-gnu/libXcomposite.so.1.0.0
7f7ad37d3000-7f7ad37d4000 rw-p 00002000 08:07 7870095                    /usr/lib/x86_64-linux-gnu/libXcomposite.so.1.0.0
7f7ad37d4000-7f7ad37dd000 r-xp 00000000 08:07 7870100                    /usr/lib/x86_64-linux-gnu/libXcursor.so.1.0.2
7f7ad37dd000-7f7ad39dc000 ---p 00009000 08:07 7870100                    /usr/lib/x86_64-linux-gnu/libXcursor.so.1.0.2
7f7ad39dc000-7f7ad39dd000 r--p 00008000 08:07 7870100                    /usr/lib/x86_64-linux-gnu/libXcursor.so.1.0.2
7f7ad39dd000-7f7ad39de000 rw-p 00009000 08:07 7870100                    /usr/lib/x86_64-linux-gnu/libXcursor.so.1.0.2
7f7ad39de000-7f7ad39e7000 r-xp 00000000 08:07 7870144                    /usr/lib/x86_64-linux-gnu/libXrandr.so.2.2.0
7f7ad39e7000-7f7ad3be6000 ---p 00009000 08:07 7870144                    /usr/lib/x86_64-linux-gnu/libXrandr.so.2.2.0
7f7ad3be6000-7f7ad3be7000 r--p 00008000 08:07 7870144                    /usr/lib/x86_64-linux-gnu/libXrandr.so.2.2.0
7f7ad3be7000-7f7ad3be8000 rw-p 00009000 08:07 7870144                    /usr/lib/x86_64-linux-gnu/libXrandr.so.2.2.0
7f7ad3be8000-7f7ad3bea000 r-xp 00000000 08:07 7870112                    /usr/lib/x86_64-linux-gnu/libXinerama.so.1.0.0
7f7ad3bea000-7f7ad3de9000 ---p 00002000 08:07 7870112                    /usr/lib/x86_64-linux-gnu/libXinerama.so.1.0.0
7f7ad3de9000-7f7ad3dea000 r--p 00001000 08:07 7870112                    /usr/lib/x86_64-linux-gnu/libXinerama.so.1.0.0
7f7ad3dea000-7f7ad3deb000 rw-p 00002000 08:07 7870112                    /usr/lib/x86_64-linux-gnu/libXinerama.so.1.0.0
7f7ad3deb000-7f7ad3dff000 r-xp 00000000 08:07 7871143                    /usr/lib/x86_64-linux-gnu/libpangoft2-1.0.so.0.3200.5
7f7ad3dff000-7f7ad3ffe000 ---p 00014000 08:07 7871143                    /usr/lib/x86_64-linux-gnu/libpangoft2-1.0.so.0.3200.5
7f7ad3ffe000-7f7ad3fff000 r--p 00013000 08:07 7871143                    /usr/lib/x86_64-linux-gnu/libpangoft2-1.0.so.0.3200.5
7f7ad3fff000-7f7ad4000000 rw-p 00014000 08:07 7871143                    /usr/lib/x86_64-linux-gnu/libpangoft2-1.0.so.0.3200.5
7f7ad4000000-7f7ad4021000 rw-p 00000000 00:00 0 
7f7ad4021000-7f7ad8000000 ---p 00000000 00:00 0 
7f7ad8000000-7f7ada0a9000 rw-p 00000000 00:00 0 
7f7ada0a9000-7f7adc000000 ---p 00000000 00:00 0 
7f7adc06c000-7f7adc06f000 ---p 00000000 00:00 0 
7f7adc06f000-7f7adc16d000 rw-p 00000000 00:00 0                          [stack:3035]
7f7adc16d000-7f7adc286000 r-xp 00000000 08:07 7866335                    /usr/lib/x86_64-linux-gnu/libcairo.so.2.11200.16
7f7adc286000-7f7adc486000 ---p 00119000 08:07 7866335                    /usr/lib/x86_64-linux-gnu/libcairo.so.2.11200.16
7f7adc486000-7f7adc489000 r--p 00119000 08:07 7866335                    /usr/lib/x86_64-linux-gnu/libcairo.so.2.11200.16
7f7adc489000-7f7adc48b000 rw-p 0011c000 08:07 7866335                    /usr/lib/x86_64-linux-gnu/libcairo.so.2.11200.16
7f7adc48b000-7f7adc48c000 rw-p 00000000 00:00 0 
7f7adc48c000-7f7adc4ab000 r-xp 00000000 08:07 7869937                    /usr/lib/x86_64-linux-gnu/libatk-1.0.so.0.21009.1
7f7adc4ab000-7f7adc6ab000 ---p 0001f000 08:07 7869937                    /usr/lib/x86_64-linux-gnu/libatk-1.0.so.0.21009.1
7f7adc6ab000-7f7adc6ad000 r--p 0001f000 08:07 7869937                    /usr/lib/x86_64-linux-gnu/libatk-1.0.so.0.21009.1
7f7adc6ad000-7f7adc6ae000 rw-p 00021000 08:07 7869937                    /usr/lib/x86_64-linux-gnu/libatk-1.0.so.0.21009.1
7f7adc6ae000-7f7adc6b3000 r-xp 00000000 08:07 7869474                    /usr/lib/x86_64-linux-gnu/libXfixes.so.3.1.0
7f7adc6b3000-7f7adc8b2000 ---p 00005000 08:07 7869474                    /usr/lib/x86_64-linux-gnu/libXfixes.so.3.1.0
7f7adc8b2000-7f7adc8b3000 r--p 00004000 08:07 7869474                    /usr/lib/x86_64-linux-gnu/libXfixes.so.3.1.0
7f7adc8b3000-7f7adc8b4000 rw-p 00005000 08:07 7869474                    /usr/lib/x86_64-linux-gnu/libXfixes.so.3.1.0
7f7adc8b4000-7f7adc8bf000 r-xp 00000000 08:07 7871123                    /usr/lib/x86_64-linux-gnu/libpangocairo-1.0.so.0.3200.5
7f7adc8bf000-7f7adcabf000 ---p 0000b000 08:07 7871123                    /usr/lib/x86_64-linux-gnu/libpangocairo-1.0.so.0.3200.5
7f7adcabf000-7f7adcac0000 r--p 0000b000 08:07 7871123                    /usr/lib/x86_64-linux-gnu/libpangocairo-1.0.so.0.3200.5
7f7adcac0000-7f7adcac1000 rw-p 0000c000 08:07 7871123                    /usr/lib/x86_64-linux-gnu/libpangocairo-1.0.so.0.3200.5
7f7adcac1000-7f7adcade000 r-xp 00000000 08:07 7866414                    /usr/lib/x86_64-linux-gnu/libxcb.so.1.1.0
7f7adcade000-7f7adccdd000 ---p 0001d000 08:07 7866414                    /usr/lib/x86_64-linux-gnu/libxcb.so.1.1.0
7f7adccdd000-7f7adccde000 r--p 0001c000 08:07 7866414                    /usr/lib/x86_64-linux-gnu/libxcb.so.1.1.0
7f7adccde000-7f7adccdf000 rw-p 0001d000 08:07 7866414                    /usr/lib/x86_64-linux-gnu/libxcb.so.1.1.0
7f7adccdf000-7f7adcd4b000 r-xp 00000000 08:07 7864762                    /usr/lib/x86_64-linux-gnu/libcups.so.2
7f7adcd4b000-7f7adcf4a000 ---p 0006c000 08:07 7864762                    /usr/lib/x86_64-linux-gnu/libcups.so.2
7f7adcf4a000-7f7adcf51000 r--p 0006b000 08:07 7864762                    /usr/lib/x86_64-linux-gnu/libcups.so.2
7f7adcf51000-7f7adcf52000 rw-p 00072000 08:07 7864762                    /usr/lib/x86_64-linux-gnu/libcups.so.2
7f7adcf52000-7f7adcf53000 r-xp 00000000 08:07 7869943                    /usr/lib/x86_64-linux-gnu/libgthread-2.0.so.0.3800.1
7f7adcf53000-7f7add152000 ---p 00001000 08:07 7869943                    /usr/lib/x86_64-linux-gnu/libgthread-2.0.so.0.3800.1
7f7add152000-7f7add153000 r--p 00000000 08:07 7869943                    /usr/lib/x86_64-linux-gnu/libgthread-2.0.so.0.3800.1
7f7add153000-7f7add154000 rw-p 00001000 08:07 7869943                    /usr/lib/x86_64-linux-gnu/libgthread-2.0.so.0.3800.1
7f7add154000-7f7add18d000 r-xp 00000000 08:07 7876035                    /usr/lib/x86_64-linux-gnu/libfontconfig.so.1.7.0
7f7add18d000-7f7add38d000 ---p 00039000 08:07 7876035                    /usr/lib/x86_64-linux-gnu/libfontconfig.so.1.7.0
7f7add38d000-7f7add38f000 r--p 00039000 08:07 7876035                    /usr/lib/x86_64-linux-gnu/libfontconfig.so.1.7.0
7f7add38f000-7f7add390000 rw-p 0003b000 08:07 7876035                    /usr/lib/x86_64-linux-gnu/libfontconfig.so.1.7.0
7f7add390000-7f7add3da000 r-xp 00000000 08:07 7871098                    /usr/lib/x86_64-linux-gnu/libpango-1.0.so.0.3200.5
7f7add3da000-7f7add5d9000 ---p 0004a000 08:07 7871098                    /usr/lib/x86_64-linux-gnu/libpango-1.0.so.0.3200.5
7f7add5d9000-7f7add5db000 r--p 00049000 08:07 7871098                    /usr/lib/x86_64-linux-gnu/libpango-1.0.so.0.3200.5
7f7add5db000-7f7add5dc000 rw-p 0004b000 08:07 7871098                    /usr/lib/x86_64-linux-gnu/libpango-1.0.so.0.3200.5
7f7add5dc000-7f7add5fb000 r-xp 00000000 08:07 7870068                    /usr/lib/x86_64-linux-gnu/libgdk_pixbuf-2.0.so.0.2800.1
7f7add5fb000-7f7add7fa000 ---p 0001f000 08:07 7870068                    /usr/lib/x86_64-linux-gnu/libgdk_pixbuf-2.0.so.0.2800.1
7f7add7fa000-7f7add7fb000 r--p 0001e000 08:07 7870068                    /usr/lib/x86_64-linux-gnu/libgdk_pixbuf-2.0.so.0.2800.1
7f7add7fb000-7f7add7fc000 rw-p 0001f000 08:07 7870068                    /usr/lib/x86_64-linux-gnu/libgdk_pixbuf-2.0.so.0.2800.1
7f7add7fc000-7f7add8a9000 r-xp 00000000 08:07 7870298                    /usr/lib/x86_64-linux-gnu/libgdk-x11-2.0.so.0.2400.20
7f7add8a9000-7f7addaa8000 ---p 000ad000 08:07 7870298                    /usr/lib/x86_64-linux-gnu/libgdk-x11-2.0.so.0.2400.20
7f7addaa8000-7f7addaac000 r--p 000ac000 08:07 7870298                    /usr/lib/x86_64-linux-gnu/libgdk-x11-2.0.so.0.2400.20
7f7addaac000-7f7addaae000 rw-p 000b0000 08:07 7870298                    /usr/lib/x86_64-linux-gnu/libgdk-x11-2.0.so.0.2400.20
7f7addaae000-7f7addedd000 r-xp 00000000 08:07 7870297                    /usr/lib/x86_64-linux-gnu/libgtk-x11-2.0.so.0.2400.20
7f7addedd000-7f7ade0dc000 ---p 0042f000 08:07 7870297                    /usr/lib/x86_64-linux-gnu/libgtk-x11-2.0.so.0.2400.20
7f7ade0dc000-7f7ade0e3000 r--p 0042e000 08:07 7870297                    /usr/lib/x86_64-linux-gnu/libgtk-x11-2.0.so.0.2400.20
7f7ade0e3000-7f7ade0e7000 rw-p 00435000 08:07 7870297                    /usr/lib/x86_64-linux-gnu/libgtk-x11-2.0.so.0.2400.20
7f7ade0e7000-7f7ade0ea000 rw-p 00000000 00:00 0 
7f7ade0ea000-7f7ade0f9000 r-xp 00000000 08:07 7867250                    /usr/lib/x86_64-linux-gnu/libXi.so.6.1.0
7f7ade0f9000-7f7ade2f8000 ---p 0000f000 08:07 7867250                    /usr/lib/x86_64-linux-gnu/libXi.so.6.1.0
7f7ade2f8000-7f7ade2f9000 r--p 0000e000 08:07 7867250                    /usr/lib/x86_64-linux-gnu/libXi.so.6.1.0
7f7ade2f9000-7f7ade2fa000 rw-p 0000f000 08:07 7867250                    /usr/lib/x86_64-linux-gnu/libXi.so.6.1.0
7f7ade2fa000-7f7ade2ff000 r-xp 00000000 08:07 7869958                    /usr/lib/x86_64-linux-gnu/libXtst.so.6.1.0
7f7ade2ff000-7f7ade4fe000 ---p 00005000 08:07 7869958                    /usr/lib/x86_64-linux-gnu/libXtst.so.6.1.0
7f7ade4fe000-7f7ade4ff000 r--p 00004000 08:07 7869958                    /usr/lib/x86_64-linux-gnu/libXtst.so.6.1.0
7f7ade4ff000-7f7ade500000 rw-p 00005000 08:07 7869958                    /usr/lib/x86_64-linux-gnu/libXtst.so.6.1.0
7f7ade500000-7f7ade509000 r-xp 00000000 08:07 7870002                    /usr/lib/x86_64-linux-gnu/libXrender.so.1.3.0
7f7ade509000-7f7ade708000 ---p 00009000 08:07 7870002                    /usr/lib/x86_64-linux-gnu/libXrender.so.1.3.0
7f7ade708000-7f7ade709000 r--p 00008000 08:07 7870002                    /usr/lib/x86_64-linux-gnu/libXrender.so.1.3.0
7f7ade709000-7f7ade70a000 rw-p 00009000 08:07 7870002                    /usr/lib/x86_64-linux-gnu/libXrender.so.1.3.0
7f7ade70a000-7f7ade83a000 r-xp 00000000 08:07 7875046                    /usr/lib/x86_64-linux-gnu/libX11.so.6.3.0
7f7ade83a000-7f7adea3a000 ---p 00130000 08:07 7875046                    /usr/lib/x86_64-linux-gnu/libX11.so.6.3.0
7f7adea3a000-7f7adea3b000 r--p 00130000 08:07 7875046                    /usr/lib/x86_64-linux-gnu/libX11.so.6.3.0
7f7adea3b000-7f7adea3f000 rw-p 00131000 08:07 7875046                    /usr/lib/x86_64-linux-gnu/libX11.so.6.3.0
7f7adea3f000-7f7adea50000 r-xp 00000000 08:07 7869451                    /usr/lib/x86_64-linux-gnu/libXext.so.6.4.0
7f7adea50000-7f7adec4f000 ---p 00011000 08:07 7869451                    /usr/lib/x86_64-linux-gnu/libXext.so.6.4.0
7f7adec4f000-7f7adec50000 r--p 00010000 08:07 7869451                    /usr/lib/x86_64-linux-gnu/libXext.so.6.4.0
7f7adec50000-7f7adec51000 rw-p 00011000 08:07 7869451                    /usr/lib/x86_64-linux-gnu/libXext.so.6.4.0
7f7adec51000-7f7adeca2000 r-xp 00000000 08:07 8128062                    /usr/lib/jvm/java-7-openjdk-amd64/jre/lib/amd64/xawt/libmawt.so
7f7adeca2000-7f7adeea1000 ---p 00051000 08:07 8128062                    /usr/lib/jvm/java-7-openjdk-amd64/jre/lib/amd64/xawt/libmawt.so
7f7adeea1000-7f7adeea2000 r--p 00050000 08:07 8128062                    /usr/lib/jvm/java-7-openjdk-amd64/jre/lib/amd64/xawt/libmawt.so
7f7adeea2000-7f7adeea5000 rw-p 00051000 08:07 8128062                    /usr/lib/jvm/java-7-openjdk-amd64/jre/lib/amd64/xawt/libmawt.so
7f7adeea5000-7f7adeea6000 rw-p 00000000 00:00 0 
7f7adeea6000-7f7adef47000 r-xp 00000000 08:07 8130209                    /usr/lib/jvm/java-7-openjdk-amd64/jre/lib/amd64/libawt.so
7f7adef47000-7f7adf146000 ---p 000a1000 08:07 8130209                    /usr/lib/jvm/java-7-openjdk-amd64/jre/lib/amd64/libawt.so
7f7adf146000-7f7adf147000 r--p 000a0000 08:07 8130209                    /usr/lib/jvm/java-7-openjdk-amd64/jre/lib/amd64/libawt.so
7f7adf147000-7f7adf152000 rw-p 000a1000 08:07 8130209                    /usr/lib/jvm/java-7-openjdk-amd64/jre/lib/amd64/libawt.so
7f7adf152000-7f7adf177000 rw-p 00000000 00:00 0 
7f7adf177000-7f7adf17a000 ---p 00000000 00:00 0 
7f7adf17a000-7f7adf278000 rw-p 00000000 00:00 0                          [stack:3034]
7f7adf278000-7f7adf2b5000 r-xp 00000000 08:07 5246690                    /lib/x86_64-linux-gnu/libpcre.so.3.13.1
7f7adf2b5000-7f7adf4b5000 ---p 0003d000 08:07 5246690                    /lib/x86_64-linux-gnu/libpcre.so.3.13.1
7f7adf4b5000-7f7adf4b6000 r--p 0003d000 08:07 5246690                    /lib/x86_64-linux-gnu/libpcre.so.3.13.1
7f7adf4b6000-7f7adf4b7000 rw-p 0003e000 08:07 5246690                    /lib/x86_64-linux-gnu/libpcre.so.3.13.1
7f7adf4b7000-7f7adf4be000 r-xp 00000000 08:07 7866333                    /usr/lib/x86_64-linux-gnu/libffi.so.6.0.1
7f7adf4be000-7f7adf6bd000 ---p 00007000 08:07 7866333                    /usr/lib/x86_64-linux-gnu/libffi.so.6.0.1
7f7adf6bd000-7f7adf6be000 r--p 00006000 08:07 7866333                    /usr/lib/x86_64-linux-gnu/libffi.so.6.0.1
7f7adf6be000-7f7adf6bf000 rw-p 00007000 08:07 7866333                    /usr/lib/x86_64-linux-gnu/libffi.so.6.0.1
7f7adf6bf000-7f7adf6d5000 r-xp 00000000 08:07 5246563                    /lib/x86_64-linux-gnu/libresolv-2.17.so
7f7adf6d5000-7f7adf8d5000 ---p 00016000 08:07 5246563                    /lib/x86_64-linux-gnu/libresolv-2.17.so
7f7adf8d5000-7f7adf8d6000 r--p 00016000 08:07 5246563                    /lib/x86_64-linux-gnu/libresolv-2.17.so
7f7adf8d6000-7f7adf8d7000 rw-p 00017000 08:07 5246563                    /lib/x86_64-linux-gnu/libresolv-2.17.so
7f7adf8d7000-7f7adf8d9000 rw-p 00000000 00:00 0 
7f7adf8d9000-7f7adf8f8000 r-xp 00000000 08:07 5252600                    /lib/x86_64-linux-gnu/libselinux.so.1
7f7adf8f8000-7f7adfaf8000 ---p 0001f000 08:07 5252600                    /lib/x86_64-linux-gnu/libselinux.so.1
7f7adfaf8000-7f7adfaf9000 r--p 0001f000 08:07 5252600                    /lib/x86_64-linux-gnu/libselinux.so.1
7f7adfaf9000-7f7adfafa000 rw-p 00020000 08:07 5252600                    /lib/x86_64-linux-gnu/libselinux.so.1
7f7adfafa000-7f7adfafb000 rw-p 00000000 00:00 0 
7f7adfafb000-7f7adfafe000 r-xp 00000000 08:07 7869944                    /usr/lib/x86_64-linux-gnu/libgmodule-2.0.so.0.3800.1
7f7adfafe000-7f7adfcfd000 ---p 00003000 08:07 7869944                    /usr/lib/x86_64-linux-gnu/libgmodule-2.0.so.0.3800.1
7f7adfcfd000-7f7adfcfe000 r--p 00002000 08:07 7869944                    /usr/lib/x86_64-linux-gnu/libgmodule-2.0.so.0.3800.1
7f7adfcfe000-7f7adfcff000 rw-p 00003000 08:07 7869944                    /usr/lib/x86_64-linux-gnu/libgmodule-2.0.so.0.3800.1
7f7adfcff000-7f7adfdfd000 r-xp 00000000 08:07 5242917                    /lib/x86_64-linux-gnu/libglib-2.0.so.0.3800.1
7f7adfdfd000-7f7adfffd000 ---p 000fe000 08:07 5242917                    /lib/x86_64-linux-gnu/libglib-2.0.so.0.3800.1
7f7adfffd000-7f7adfffe000 r--p 000fe000 08:07 5242917                    /lib/x86_64-linux-gnu/libglib-2.0.so.0.3800.1
7f7adfffe000-7f7adffff000 rw-p 000ff000 08:07 5242917                    /lib/x86_64-linux-gnu/libglib-2.0.so.0.3800.1
7f7adffff000-7f7ae0000000 rw-p 00000000 00:00 0 
7f7ae0000000-7f7ae0021000 rw-p 00000000 00:00 0 
7f7ae0021000-7f7ae4000000 ---p 00000000 00:00 0 
7f7ae4000000-7f7ae4021000 rw-p 00000000 00:00 0 
7f7ae4021000-7f7ae8000000 ---p 00000000 00:00 0 
7f7ae8000000-7f7ae8ec0000 rw-p 00000000 00:00 0 
7f7ae8ec0000-7f7aec000000 ---p 00000000 00:00 0 
7f7aec000000-7f7aec021000 rw-p 00000000 00:00 0 
7f7aec021000-7f7af0000000 ---p 00000000 00:00 0 
7f7af0000000-7f7af0021000 rw-p 00000000 00:00 0 
7f7af0021000-7f7af4000000 ---p 00000000 00:00 0 
7f7af4000000-7f7af4cf6000 rw-p 00000000 00:00 0 
7f7af4cf6000-7f7af8000000 ---p 00000000 00:00 0 
7f7af8000000-7f7af8021000 rw-p 00000000 00:00 0 
7f7af8021000-7f7afc000000 ---p 00000000 00:00 0 
7f7afc000000-7f7afc021000 rw-p 00000000 00:00 0 
7f7afc021000-7f7b00000000 ---p 00000000 00:00 0 
7f7b00000000-7f7b00021000 rw-p 00000000 00:00 0 
7f7b00021000-7f7b04000000 ---p 00000000 00:00 0 
7f7b04000000-7f7b04041000 rw-p 00000000 00:00 0 
7f7b04041000-7f7b08000000 ---p 00000000 00:00 0 
7f7b08000000-7f7b08021000 rw-p 00000000 00:00 0 
7f7b08021000-7f7b0c000000 ---p 00000000 00:00 0 
7f7b0c066000-7f7b0c0b5000 r-xp 00000000 08:07 7869942                    /usr/lib/x86_64-linux-gnu/libgobject-2.0.so.0.3800.1
7f7b0c0b5000-7f7b0c2b5000 ---p 0004f000 08:07 7869942                    /usr/lib/x86_64-linux-gnu/libgobject-2.0.so.0.3800.1
7f7b0c2b5000-7f7b0c2b6000 r--p 0004f000 08:07 7869942                    /usr/lib/x86_64-linux-gnu/libgobject-2.0.so.0.3800.1
7f7b0c2b6000-7f7b0c2b7000 rw-p 00050000 08:07 7869942                    /usr/lib/x86_64-linux-gnu/libgobject-2.0.so.0.3800.1
7f7b0c2b7000-7f7b0c413000 r-xp 00000000 08:07 7869941                    /usr/lib/x86_64-linux-gnu/libgio-2.0.so.0.3800.1
7f7b0c413000-7f7b0c612000 ---p 0015c000 08:07 7869941                    /usr/lib/x86_64-linux-gnu/libgio-2.0.so.0.3800.1
7f7b0c612000-7f7b0c616000 r--p 0015b000 08:07 7869941                    /usr/lib/x86_64-linux-gnu/libgio-2.0.so.0.3800.1
7f7b0c616000-7f7b0c618000 rw-p 0015f000 08:07 7869941                    /usr/lib/x86_64-linux-gnu/libgio-2.0.so.0.3800.1
7f7b0c618000-7f7b0c61a000 rw-p 00000000 00:00 0 
7f7b0c61a000-7f7b0c630000 r-xp 00000000 08:07 8130198                    /usr/lib/jvm/java-7-openjdk-amd64/jre/lib/amd64/libnet.so
7f7b0c630000-7f7b0c82f000 ---p 00016000 08:07 8130198                    /usr/lib/jvm/java-7-openjdk-amd64/jre/lib/amd64/libnet.so
7f7b0c82f000-7f7b0c830000 r--p 00015000 08:07 8130198                    /usr/lib/jvm/java-7-openjdk-amd64/jre/lib/amd64/libnet.so
7f7b0c830000-7f7b0c831000 rw-p 00016000 08:07 8130198                    /usr/lib/jvm/java-7-openjdk-amd64/jre/lib/amd64/libnet.so
7f7b0c831000-7f7b0c834000 ---p 00000000 00:00 0 
7f7b0c834000-7f7b0d032000 rw-p 00000000 00:00 0                          [stack:3009]
7f7b0d032000-7f7b0d033000 ---p 00000000 00:00 0 
7f7b0d033000-7f7b0d833000 rw-p 00000000 00:00 0                          [stack:3008]
7f7b0d833000-7f7b0d834000 ---p 00000000 00:00 0 
7f7b0d834000-7f7b0e034000 rw-p 00000000 00:00 0                          [stack:3007]
7f7b0e034000-7f7b0e88b000 r-xp 00000000 08:07 3801126                    /home/shiwali/soar/SoarSuite/out/libSoar.so
7f7b0e88b000-7f7b0ea8b000 ---p 00857000 08:07 3801126                    /home/shiwali/soar/SoarSuite/out/libSoar.so
7f7b0ea8b000-7f7b0ea9c000 r--p 00857000 08:07 3801126                    /home/shiwali/soar/SoarSuite/out/libSoar.so
7f7b0ea9c000-7f7b0eab2000 rw-p 00868000 08:07 3801126                    /home/shiwali/soar/SoarSuite/out/libSoar.so
7f7b0eab2000-7f7b0eab7000 rw-p 00000000 00:00 0 
7f7b0eab7000-7f7b0eb10000 r-xp 00000000 08:07 3805190                    /home/shiwali/soar/SoarSuite/out/libJava_sml_ClientInterface.so
7f7b0eb10000-7f7b0ed10000 ---p 00059000 08:07 3805190                    /home/shiwali/soar/SoarSuite/out/libJava_sml_ClientInterface.so
7f7b0ed10000-7f7b0ed11000 r--p 00059000 08:07 3805190                    /home/shiwali/soar/SoarSuite/out/libJava_sml_ClientInterface.so
7f7b0ed11000-7f7b0ed13000 rw-p 0005a000 08:07 3805190                    /home/shiwali/soar/SoarSuite/out/libJava_sml_ClientInterface.so
7f7b0ed13000-7f7b0ed14000 ---p 00000000 00:00 0 
7f7b0ed14000-7f7b0ee14000 rw-p 00000000 00:00 0                          [stack:3006]
7f7b0ee14000-7f7b0ee17000 ---p 00000000 00:00 0 
7f7b0ee17000-7f7b0ef15000 rw-p 00000000 00:00 0                          [stack:3005]
7f7b0ef15000-7f7b0ef18000 ---p 00000000 00:00 0 
7f7b0ef18000-7f7b0f016000 rw-p 00000000 00:00 0                          [stack:3004]
7f7b0f016000-7f7b0f019000 ---p 00000000 00:00 0 
7f7b0f019000-7f7b0f117000 rw-p 00000000 00:00 0                          [stack:3003]
7f7b0f117000-7f7b0f11a000 ---p 00000000 00:00 0 
7f7b0f11a000-7f7b0f218000 rw-p 00000000 00:00 0                          [stack:3002]
7f7b0f218000-7f7b0f8f9000 r--p 00000000 08:07 7870646                    /usr/lib/locale/locale-archive
7f7b0f8f9000-7f7b0f8fc000 ---p 00000000 00:00 0 
7f7b0f8fc000-7f7b0f9fa000 rw-p 00000000 00:00 0                          [stack:2999]
7f7b0f9fa000-7f7b0f9fd000 ---p 00000000 00:00 0 
7f7b0f9fd000-7f7b0fafb000 rw-p 00000000 00:00 0                          [stack:2998]
7f7b0fafb000-7f7b0fafc000 ---p 00000000 00:00 0 
7f7b0fafc000-7f7b10000000 rw-p 00000000 00:00 0                          [stack:2997]
7f7b10000000-7f7b10021000 rw-p 00000000 00:00 0 
7f7b10021000-7f7b14000000 ---p 00000000 00:00 0 
7f7b14057000-7f7b14062000 rw-s 00000000 00:04 322994200                  /SYSV00000000 (deleted)
7f7b14062000-7f7b14074000 r--s 00295000 08:07 786580                     /home/shiwali/InstructoSoarII/april/java/april.jar
7f7b14074000-7f7b14b23000 rw-p 00000000 00:00 0 
7f7b14b23000-7f7b14cd0000 r--s 01cec000 08:07 8130116                    /usr/lib/jvm/java-7-openjdk-amd64/jre/lib/rt.jar
7f7b14cd0000-7f7b18000000 rw-p 00000000 00:00 0 
7f7b18000000-7f7b18021000 rw-p 00000000 00:00 0 
7f7b18021000-7f7b1c000000 ---p 00000000 00:00 0 
7f7b1c007000-7f7b1c010000 r--s 0005a000 08:07 3805643                    /home/shiwali/soar/SoarSuite/out/java/soar-debugger.jar
7f7b1c010000-7f7b1cdfe000 rw-p 00000000 00:00 0 
7f7b1cdfe000-7f7b1cdff000 ---p 00000000 00:00 0 
7f7b1cdff000-7f7b1ceff000 rw-p 00000000 00:00 0                          [stack:2996]
7f7b1ceff000-7f7b1cf00000 ---p 00000000 00:00 0 
7f7b1cf00000-7f7b1d000000 rw-p 00000000 00:00 0                          [stack:2995]
7f7b1d000000-7f7b1d270000 rwxp 00000000 00:00 0 
7f7b1d270000-7f7b20603000 rw-p 00000000 00:00 0 
7f7b20603000-7f7b24000000 ---p 00000000 00:00 0 
7f7b24001000-7f7b24005000 r--s 00039000 08:07 2886744                    /home/shiwali/InstructoSoarII/probcog2/java/probcog.jar
7f7b24005000-7f7b24018000 r--s 00211000 08:07 3805649                    /home/shiwali/soar/SoarSuite/out/java/swt.jar
7f7b24018000-7f7b240cd000 rw-p 00000000 00:00 0 
7f7b240cd000-7f7b240ce000 ---p 00000000 00:00 0 
7f7b240ce000-7f7b241ce000 rw-p 00000000 00:00 0                          [stack:2994]
7f7b241ce000-7f7b241cf000 ---p 00000000 00:00 0 
7f7b241cf000-7f7b242da000 rw-p 00000000 00:00 0                          [stack:2993]
7f7b242da000-7f7b24322000 rw-p 00000000 00:00 0 
7f7b24322000-7f7b24341000 rw-p 00000000 00:00 0 
7f7b24341000-7f7b2450d000 rw-p 00000000 00:00 0 
7f7b2450d000-7f7b24518000 rw-p 00000000 00:00 0 
7f7b24518000-7f7b24560000 rw-p 00000000 00:00 0 
7f7b24560000-7f7b2457f000 rw-p 00000000 00:00 0 
7f7b2457f000-7f7b2474a000 rw-p 00000000 00:00 0 
7f7b2474a000-7f7b247e6000 rw-p 00000000 00:00 0 
7f7b247e6000-7f7b24840000 rw-p 00000000 00:00 0 
7f7b24840000-7f7b24841000 rw-p 00000000 00:00 0 
7f7b24841000-7f7b24849000 r-xp 00000000 08:07 8130223                    /usr/lib/jvm/java-7-openjdk-amd64/jre/lib/amd64/libzip.so
7f7b24849000-7f7b24a48000 ---p 00008000 08:07 8130223                    /usr/lib/jvm/java-7-openjdk-amd64/jre/lib/amd64/libzip.so
7f7b24a48000-7f7b24a49000 r--p 00007000 08:07 8130223                    /usr/lib/jvm/java-7-openjdk-amd64/jre/lib/amd64/libzip.so
7f7b24a49000-7f7b24a4a000 rw-p 00008000 08:07 8130223                    /usr/lib/jvm/java-7-openjdk-amd64/jre/lib/amd64/libzip.so
7f7b24a4a000-7f7b24a56000 r-xp 00000000 08:07 5252128                    /lib/x86_64-linux-gnu/libnss_files-2.17.so
7f7b24a56000-7f7b24c55000 ---p 0000c000 08:07 5252128                    /lib/x86_64-linux-gnu/libnss_files-2.17.so
7f7b24c55000-7f7b24c56000 r--p 0000b000 08:07 5252128                    /lib/x86_64-linux-gnu/libnss_files-2.17.so
7f7b24c56000-7f7b24c57000 rw-p 0000c000 08:07 5252128                    /lib/x86_64-linux-gnu/libnss_files-2.17.so
7f7b24c57000-7f7b24c62000 r-xp 00000000 08:07 5246736                    /lib/x86_64-linux-gnu/libnss_nis-2.17.so
7f7b24c62000-7f7b24e61000 ---p 0000b000 08:07 5246736                    /lib/x86_64-linux-gnu/libnss_nis-2.17.so
7f7b24e61000-7f7b24e62000 r--p 0000a000 08:07 5246736                    /lib/x86_64-linux-gnu/libnss_nis-2.17.so
7f7b24e62000-7f7b24e63000 rw-p 0000b000 08:07 5246736                    /lib/x86_64-linux-gnu/libnss_nis-2.17.so
7f7b24e63000-7f7b24e7a000 r-xp 00000000 08:07 5243692                    /lib/x86_64-linux-gnu/libnsl-2.17.so
7f7b24e7a000-7f7b25079000 ---p 00017000 08:07 5243692                    /lib/x86_64-linux-gnu/libnsl-2.17.so
7f7b25079000-7f7b2507a000 r--p 00016000 08:07 5243692                    /lib/x86_64-linux-gnu/libnsl-2.17.so
7f7b2507a000-7f7b2507b000 rw-p 00017000 08:07 5243692                    /lib/x86_64-linux-gnu/libnsl-2.17.so
7f7b2507b000-7f7b2507d000 rw-p 00000000 00:00 0 
7f7b2507d000-7f7b25085000 r-xp 00000000 08:07 5246561                    /lib/x86_64-linux-gnu/libnss_compat-2.17.so
7f7b25085000-7f7b25284000 ---p 00008000 08:07 5246561                    /lib/x86_64-linux-gnu/libnss_compat-2.17.so
7f7b25284000-7f7b25285000 r--p 00007000 08:07 5246561                    /lib/x86_64-linux-gnu/libnss_compat-2.17.so
7f7b25285000-7f7b25286000 rw-p 00008000 08:07 5246561                    /lib/x86_64-linux-gnu/libnss_compat-2.17.so
7f7b25286000-7f7b252b1000 r-xp 00000000 08:07 8130208                    /usr/lib/jvm/java-7-openjdk-amd64/jre/lib/amd64/libjava.so
7f7b252b1000-7f7b254b0000 ---p 0002b000 08:07 8130208                    /usr/lib/jvm/java-7-openjdk-amd64/jre/lib/amd64/libjava.so
7f7b254b0000-7f7b254b1000 r--p 0002a000 08:07 8130208                    /usr/lib/jvm/java-7-openjdk-amd64/jre/lib/amd64/libjava.so
7f7b254b1000-7f7b254b3000 rw-p 0002b000 08:07 8130208                    /usr/lib/jvm/java-7-openjdk-amd64/jre/lib/amd64/libjava.so
7f7b254b3000-7f7b254c3000 r-xp 00000000 08:07 8130207                    /usr/lib/jvm/java-7-openjdk-amd64/jre/lib/amd64/libverify.so
7f7b254c3000-7f7b256c2000 ---p 00010000 08:07 8130207                    /usr/lib/jvm/java-7-openjdk-amd64/jre/lib/amd64/libverify.so
7f7b256c2000-7f7b256c4000 r--p 0000f000 08:07 8130207                    /usr/lib/jvm/java-7-openjdk-amd64/jre/lib/amd64/libverify.so
7f7b256c4000-7f7b256c5000 rw-p 00011000 08:07 8130207                    /usr/lib/jvm/java-7-openjdk-amd64/jre/lib/amd64/libverify.so
7f7b256c5000-7f7b256cc000 r-xp 00000000 08:07 5252129                    /lib/x86_64-linux-gnu/librt-2.17.so
7f7b256cc000-7f7b258cb000 ---p 00007000 08:07 5252129                    /lib/x86_64-linux-gnu/librt-2.17.so
7f7b258cb000-7f7b258cc000 r--p 00006000 08:07 5252129                    /lib/x86_64-linux-gnu/librt-2.17.so
7f7b258cc000-7f7b258cd000 rw-p 00007000 08:07 5252129                    /lib/x86_64-linux-gnu/librt-2.17.so
7f7b258cd000-7f7b258e2000 r-xp 00000000 08:07 5243965                    /lib/x86_64-linux-gnu/libgcc_s.so.1
7f7b258e2000-7f7b25ae1000 ---p 00015000 08:07 5243965                    /lib/x86_64-linux-gnu/libgcc_s.so.1
7f7b25ae1000-7f7b25ae2000 r--p 00014000 08:07 5243965                    /lib/x86_64-linux-gnu/libgcc_s.so.1
7f7b25ae2000-7f7b25ae3000 rw-p 00015000 08:07 5243965                    /lib/x86_64-linux-gnu/libgcc_s.so.1
7f7b25ae3000-7f7b25be6000 r-xp 00000000 08:07 5246566                    /lib/x86_64-linux-gnu/libm-2.17.so
7f7b25be6000-7f7b25de5000 ---p 00103000 08:07 5246566                    /lib/x86_64-linux-gnu/libm-2.17.so
7f7b25de5000-7f7b25de6000 r--p 00102000 08:07 5246566                    /lib/x86_64-linux-gnu/libm-2.17.so
7f7b25de6000-7f7b25de7000 rw-p 00103000 08:07 5246566                    /lib/x86_64-linux-gnu/libm-2.17.so
7f7b25de7000-7f7b25ecd000 r-xp 00000000 08:07 7864348                    /usr/lib/x86_64-linux-gnu/libstdc++.so.6.0.18
7f7b25ecd000-7f7b260cc000 ---p 000e6000 08:07 7864348                    /usr/lib/x86_64-linux-gnu/libstdc++.so.6.0.18
7f7b260cc000-7f7b260d4000 r--p 000e5000 08:07 7864348                    /usr/lib/x86_64-linux-gnu/libstdc++.so.6.0.18
7f7b260d4000-7f7b260d6000 rw-p 000ed000 08:07 7864348                    /usr/lib/x86_64-linux-gnu/libstdc++.so.6.0.18
7f7b260d6000-7f7b260eb000 rw-p 00000000 00:00 0 
7f7b260eb000-7f7b26af9000 r-xp 00000000 08:07 8130212                    /usr/lib/jvm/java-7-openjdk-amd64/jre/lib/amd64/server/libjvm.so
7f7b26af9000-7f7b26cf8000 ---p 00a0e000 08:07 8130212                    /usr/lib/jvm/java-7-openjdk-amd64/jre/lib/amd64/server/libjvm.so
7f7b26cf8000-7f7b26d71000 r--p 00a0d000 08:07 8130212                    /usr/lib/jvm/java-7-openjdk-amd64/jre/lib/amd64/server/libjvm.so
7f7b26d71000-7f7b26d94000 rw-p 00a86000 08:07 8130212                    /usr/lib/jvm/java-7-openjdk-amd64/jre/lib/amd64/server/libjvm.so
7f7b26d94000-7f7b26dbf000 rw-p 00000000 00:00 0 
7f7b26dbf000-7f7b26dd7000 r-xp 00000000 08:07 5243951                    /lib/x86_64-linux-gnu/libz.so.1.2.8
7f7b26dd7000-7f7b26fd6000 ---p 00018000 08:07 5243951                    /lib/x86_64-linux-gnu/libz.so.1.2.8
7f7b26fd6000-7f7b26fd7000 r--p 00017000 08:07 5243951                    /lib/x86_64-linux-gnu/libz.so.1.2.8
7f7b26fd7000-7f7b26fd8000 rw-p 00018000 08:07 5243951                    /lib/x86_64-linux-gnu/libz.so.1.2.8
7f7b26fd8000-7f7b26fef000 r-xp 00000000 08:07 5252661                    /lib/x86_64-linux-gnu/libpthread-2.17.so
7f7b26fef000-7f7b271ef000 ---p 00017000 08:07 5252661                    /lib/x86_64-linux-gnu/libpthread-2.17.so
7f7b271ef000-7f7b271f0000 r--p 00017000 08:07 5252661                    /lib/x86_64-linux-gnu/libpthread-2.17.so
7f7b271f0000-7f7b271f1000 rw-p 00018000 08:07 5252661                    /lib/x86_64-linux-gnu/libpthread-2.17.so
7f7b271f1000-7f7b271f5000 rw-p 00000000 00:00 0 
7f7b271f5000-7f7b271f8000 r-xp 00000000 08:07 5252660                    /lib/x86_64-linux-gnu/libdl-2.17.so
7f7b271f8000-7f7b273f7000 ---p 00003000 08:07 5252660                    /lib/x86_64-linux-gnu/libdl-2.17.so
7f7b273f7000-7f7b273f8000 r--p 00002000 08:07 5252660                    /lib/x86_64-linux-gnu/libdl-2.17.so
7f7b273f8000-7f7b273f9000 rw-p 00003000 08:07 5252660                    /lib/x86_64-linux-gnu/libdl-2.17.so
7f7b273f9000-7f7b275b6000 r-xp 00000000 08:07 5252659                    /lib/x86_64-linux-gnu/libc-2.17.so
7f7b275b6000-7f7b277b6000 ---p 001bd000 08:07 5252659                    /lib/x86_64-linux-gnu/libc-2.17.so
7f7b277b6000-7f7b277ba000 r--p 001bd000 08:07 5252659                    /lib/x86_64-linux-gnu/libc-2.17.so
7f7b277ba000-7f7b277bc000 rw-p 001c1000 08:07 5252659                    /lib/x86_64-linux-gnu/libc-2.17.so
7f7b277bc000-7f7b277c1000 rw-p 00000000 00:00 0 
7f7b277c1000-7f7b277ce000 r-xp 00000000 08:07 8130121                    /usr/lib/jvm/java-7-openjdk-amd64/jre/lib/amd64/jli/libjli.so
7f7b277ce000-7f7b279cd000 ---p 0000d000 08:07 8130121                    /usr/lib/jvm/java-7-openjdk-amd64/jre/lib/amd64/jli/libjli.so
7f7b279cd000-7f7b279ce000 r--p 0000c000 08:07 8130121                    /usr/lib/jvm/java-7-openjdk-amd64/jre/lib/amd64/jli/libjli.so
7f7b279ce000-7f7b279cf000 rw-p 0000d000 08:07 8130121                    /usr/lib/jvm/java-7-openjdk-amd64/jre/lib/amd64/jli/libjli.so
7f7b279cf000-7f7b279f2000 r-xp 00000000 08:07 5246634                    /lib/x86_64-linux-gnu/ld-2.17.so
7f7b279f3000-7f7b279f4000 rw-p 00000000 00:00 0 
7f7b279f4000-7f7b279f5000 r--s 00001000 08:07 3805335                    /home/shiwali/soar/SoarSuite/out/java/soar-debugger-api.jar
7f7b279f5000-7f7b279f6000 r--s 00003000 08:07 3805648                    /home/shiwali/soar/SoarSuite/out/java/swtgraphics2d.jar
7f7b279f6000-7f7b279f8000 r--s 00005000 08:07 3805321                    /home/shiwali/soar/SoarSuite/out/java/soar-smljava.jar
7f7b279f8000-7f7b27a01000 r--s 000bc000 08:07 8130271                    /usr/lib/jvm/java-7-openjdk-common/jre/lib/resources.jar
7f7b27a01000-7f7b27a04000 r--s 00018000 08:07 3805299                    /home/shiwali/soar/SoarSuite/out/java/sml.jar
7f7b27a04000-7f7b27a07000 r--s 0001d000 08:07 9833101                    /usr/local/share/java/lcm.jar
7f7b27a07000-7f7b27a0a000 r--s 00028000 08:07 1707691                    /home/shiwali/InstructoSoarII/rosie/java/language/lgsoar.jar
7f7b27a0a000-7f7b27a14000 rw-p 00000000 00:00 0 
7f7b27a14000-7f7b27aca000 rw-p 00000000 00:00 0 
7f7b27aca000-7f7b27acd000 ---p 00000000 00:00 0 
7f7b27acd000-7f7b27bd0000 rw-p 00000000 00:00 0                          [stack:2992]
7f7b27bd0000-7f7b27bd3000 r--s 0001c000 08:07 1575757                    /home/shiwali/InstructoSoarII/rosie/java/insoar.jar
7f7b27bd3000-7f7b27bd5000 r--s 00012000 08:07 8130259                    /usr/lib/jvm/java-7-openjdk-common/jre/lib/ext/zipfs.jar
7f7b27bd5000-7f7b27bd7000 r--s 00006000 08:07 8264680                    /usr/share/java/java-atk-wrapper.jar
7f7b27bd7000-7f7b27bda000 r--s 0003c000 08:07 8130265                    /usr/lib/jvm/java-7-openjdk-common/jre/lib/ext/sunpkcs11.jar
7f7b27bda000-7f7b27bdd000 r--s 00032000 08:07 8130261                    /usr/lib/jvm/java-7-openjdk-common/jre/lib/ext/sunjce_provider.jar
7f7b27bdd000-7f7b27bde000 r--s 00002000 08:07 8130267                    /usr/lib/jvm/java-7-openjdk-common/jre/lib/ext/dnsns.jar
7f7b27bde000-7f7b27be1000 r--s 0000f000 08:07 8130257                    /usr/lib/jvm/java-7-openjdk-common/jre/lib/ext/pulse-java.jar
7f7b27be1000-7f7b27be5000 r--s 00085000 08:07 8130263                    /usr/lib/jvm/java-7-openjdk-common/jre/lib/ext/localedata.jar
7f7b27be5000-7f7b27bed000 rw-s 00000000 08:07 1573091                    /tmp/hsperfdata_shiwali/2987
7f7b27bed000-7f7b27bee000 rw-p 00000000 00:00 0 
7f7b27bee000-7f7b27bef000 r--p 00000000 00:00 0 
7f7b27bef000-7f7b27bf1000 rw-p 00000000 00:00 0 
7f7b27bf1000-7f7b27bf2000 r--p 00022000 08:07 5246634                    /lib/x86_64-linux-gnu/ld-2.17.so
7f7b27bf2000-7f7b27bf4000 rw-p 00023000 08:07 5246634                    /lib/x86_64-linux-gnu/ld-2.17.so
7fffaf3d0000-7fffaf3f1000 rw-p 00000000 00:00 0                          [stack]
7fffaf3fe000-7fffaf400000 r-xp 00000000 00:00 0                          [vdso]
ffffffffff600000-ffffffffff601000 r-xp 00000000 00:00 0                  [vsyscall]

VM Arguments:
jvm_args: -Dfile.encoding=UTF-8 
java_command: edu.umich.insoar.InSoar
Launcher Type: SUN_STANDARD

Environment Variables:
PATH=/home/shiwali/bin:/usr/lib/lightdm/lightdm:/usr/local/sbin:/usr/local/bin:/usr/sbin:/usr/bin:/sbin:/bin:/usr/games:/usr/local/games
LD_LIBRARY_PATH=/home/shiwali/soar/SoarSuite/out
SHELL=/bin/bash
DISPLAY=:0

Signal Handlers:
SIGSEGV: [libjvm.so+0x871410], sa_mask[0]=0x7ffbfeff, sa_flags=0x10000004
SIGBUS: [libjvm.so+0x871410], sa_mask[0]=0x7ffbfeff, sa_flags=0x10000004
SIGFPE: [libjvm.so+0x709540], sa_mask[0]=0x7ffbfeff, sa_flags=0x10000004
SIGPIPE: SIG_IGN, sa_mask[0]=0x00000000, sa_flags=0x00000000
SIGXFSZ: [libjvm.so+0x709540], sa_mask[0]=0x7ffbfeff, sa_flags=0x10000004
SIGILL: [libjvm.so+0x709540], sa_mask[0]=0x7ffbfeff, sa_flags=0x10000004
SIGUSR1: SIG_DFL, sa_mask[0]=0x00000000, sa_flags=0x00000000
SIGUSR2: [libjvm.so+0x709270], sa_mask[0]=0x00000004, sa_flags=0x10000004
SIGHUP: [libjvm.so+0x709550], sa_mask[0]=0x7ffbfeff, sa_flags=0x10000004
SIGINT: [libjvm.so+0x709550], sa_mask[0]=0x7ffbfeff, sa_flags=0x10000004
SIGTERM: [libjvm.so+0x709550], sa_mask[0]=0x7ffbfeff, sa_flags=0x10000004
SIGQUIT: [libjvm.so+0x709550], sa_mask[0]=0x7ffbfeff, sa_flags=0x10000004


---------------  S Y S T E M  ---------------

OS:Ubuntu 13.10 (saucy)
uname:Linux 3.11.0-15-generic #23-Ubuntu SMP Mon Dec 9 18:17:04 UTC 2013 x86_64
libc:glibc 2.17 NPTL 2.17 
rlimit: STACK 8192k, CORE 0k, NPROC 46883, NOFILE 4096, AS infinity
load average:2.93 2.97 2.58

/proc/meminfo:
MemTotal:        6021332 kB
MemFree:         1015924 kB
Buffers:           21944 kB
Cached:          1571340 kB
SwapCached:         1304 kB
Active:          3225012 kB
Inactive:        1498020 kB
Active(anon):    2976932 kB
Inactive(anon):  1028364 kB
Active(file):     248080 kB
Inactive(file):   469656 kB
Unevictable:          64 kB
Mlocked:              64 kB
SwapTotal:        975868 kB
SwapFree:         861736 kB
Dirty:               168 kB
Writeback:             0 kB
AnonPages:       3128720 kB
Mapped:           242688 kB
Shmem:            875548 kB
Slab:             146292 kB
SReclaimable:     105760 kB
SUnreclaim:        40532 kB
KernelStack:        5328 kB
PageTables:        54156 kB
NFS_Unstable:          0 kB
Bounce:                0 kB
WritebackTmp:          0 kB
CommitLimit:     3986532 kB
Committed_AS:    8829824 kB
VmallocTotal:   34359738367 kB
VmallocUsed:      354408 kB
VmallocChunk:   34359371388 kB
HardwareCorrupted:     0 kB
AnonHugePages:         0 kB
HugePages_Total:       0
HugePages_Free:        0
HugePages_Rsvd:        0
HugePages_Surp:        0
Hugepagesize:       2048 kB
DirectMap4k:       71296 kB
DirectMap2M:     6129664 kB


CPU:total 4 (2 cores per cpu, 2 threads per core) family 6 model 42 stepping 7, cmov, cx8, fxsr, mmx, sse, sse2, sse3, ssse3, sse4.1, sse4.2, popcnt, avx, ht, tsc, tscinvbit

/proc/cpuinfo:
processor	: 0
vendor_id	: GenuineIntel
cpu family	: 6
model		: 42
model name	: Intel(R) Core(TM) i5-2410M CPU @ 2.30GHz
stepping	: 7
microcode	: 0x15
cpu MHz		: 2300.000
cache size	: 3072 KB
physical id	: 0
siblings	: 4
core id		: 0
cpu cores	: 2
apicid		: 0
initial apicid	: 0
fpu		: yes
fpu_exception	: yes
cpuid level	: 13
wp		: yes
flags		: fpu vme de pse tsc msr pae mce cx8 apic sep mtrr pge mca cmov pat pse36 clflush dts acpi mmx fxsr sse sse2 ss ht tm pbe syscall nx rdtscp lm constant_tsc arch_perfmon pebs bts nopl xtopology nonstop_tsc aperfmperf eagerfpu pni pclmulqdq dtes64 monitor ds_cpl vmx est tm2 ssse3 cx16 xtpr pdcm pcid sse4_1 sse4_2 x2apic popcnt tsc_deadline_timer xsave avx lahf_lm ida arat epb xsaveopt pln pts dtherm tpr_shadow vnmi flexpriority ept vpid
bogomips	: 4589.84
clflush size	: 64
cache_alignment	: 64
address sizes	: 36 bits physical, 48 bits virtual
power management:

processor	: 1
vendor_id	: GenuineIntel
cpu family	: 6
model		: 42
model name	: Intel(R) Core(TM) i5-2410M CPU @ 2.30GHz
stepping	: 7
microcode	: 0x15
cpu MHz		: 2300.000
cache size	: 3072 KB
physical id	: 0
siblings	: 4
core id		: 0
cpu cores	: 2
apicid		: 1
initial apicid	: 1
fpu		: yes
fpu_exception	: yes
cpuid level	: 13
wp		: yes
flags		: fpu vme de pse tsc msr pae mce cx8 apic sep mtrr pge mca cmov pat pse36 clflush dts acpi mmx fxsr sse sse2 ss ht tm pbe syscall nx rdtscp lm constant_tsc arch_perfmon pebs bts nopl xtopology nonstop_tsc aperfmperf eagerfpu pni pclmulqdq dtes64 monitor ds_cpl vmx est tm2 ssse3 cx16 xtpr pdcm pcid sse4_1 sse4_2 x2apic popcnt tsc_deadline_timer xsave avx lahf_lm ida arat epb xsaveopt pln pts dtherm tpr_shadow vnmi flexpriority ept vpid
bogomips	: 4589.84
clflush size	: 64
cache_alignment	: 64
address sizes	: 36 bits physical, 48 bits virtual
power management:

processor	: 2
vendor_id	: GenuineIntel
cpu family	: 6
model		: 42
model name	: Intel(R) Core(TM) i5-2410M CPU @ 2.30GHz
stepping	: 7
microcode	: 0x15
cpu MHz		: 1200.000
cache size	: 3072 KB
physical id	: 0
siblings	: 4
core id		: 1
cpu cores	: 2
apicid		: 2
initial apicid	: 2
fpu		: yes
fpu_exception	: yes
cpuid level	: 13
wp		: yes
flags		: fpu vme de pse tsc msr pae mce cx8 apic sep mtrr pge mca cmov pat pse36 clflush dts acpi mmx fxsr sse sse2 ss ht tm pbe syscall nx rdtscp lm constant_tsc arch_perfmon pebs bts nopl xtopology nonstop_tsc aperfmperf eagerfpu pni pclmulqdq dtes64 monitor ds_cpl vmx est tm2 ssse3 cx16 xtpr pdcm pcid sse4_1 sse4_2 x2apic popcnt tsc_deadline_timer xsave avx lahf_lm ida arat epb xsaveopt pln pts dtherm tpr_shadow vnmi flexpriority ept vpid
bogomips	: 4589.84
clflush size	: 64
cache_alignment	: 64
address sizes	: 36 bits physical, 48 bits virtual
power management:

processor	: 3
vendor_id	: GenuineIntel
cpu family	: 6
model		: 42
model name	: Intel(R) Core(TM) i5-2410M CPU @ 2.30GHz
stepping	: 7
microcode	: 0x15
cpu MHz		: 2300.000
cache size	: 3072 KB
physical id	: 0
siblings	: 4
core id		: 1
cpu cores	: 2
apicid		: 3
initial apicid	: 3
fpu		: yes
fpu_exception	: yes
cpuid level	: 13
wp		: yes
flags		: fpu vme de pse tsc msr pae mce cx8 apic sep mtrr pge mca cmov pat pse36 clflush dts acpi mmx fxsr sse sse2 ss ht tm pbe syscall nx rdtscp lm constant_tsc arch_perfmon pebs bts nopl xtopology nonstop_tsc aperfmperf eagerfpu pni pclmulqdq dtes64 monitor ds_cpl vmx est tm2 ssse3 cx16 xtpr pdcm pcid sse4_1 sse4_2 x2apic popcnt tsc_deadline_timer xsave avx lahf_lm ida arat epb xsaveopt pln pts dtherm tpr_shadow vnmi flexpriority ept vpid
bogomips	: 4589.84
clflush size	: 64
cache_alignment	: 64
address sizes	: 36 bits physical, 48 bits virtual
power management:



Memory: 4k page, physical 6021332k(1015924k free), swap 975868k(861736k free)

vm_info: OpenJDK 64-Bit Server VM (23.7-b01) for linux-amd64 JRE (1.7.0_25-b30), built on Oct 11 2013 18:04:12 by "buildd" with gcc 4.8.1

time: Mon Jan 20 21:39:38 2014
elapsed time: 188 seconds

