#
# A fatal error has been detected by the Java Runtime Environment:
#
#  SIGSEGV (0xb) at pc=0x00007f699aa464c8, pid=2486, tid=140091532138240
#
# JRE version: 7.0_25-b30
# Java VM: OpenJDK 64-Bit Server VM (23.7-b01 mixed mode linux-amd64 compressed oops)
# Problematic frame:
# C  [libSoar.so+0x21f4c8]  print_match_set(agent_struct*, unsigned char, unsigned char)+0x146
#
# Failed to write core dump. Core dumps have been disabled. To enable core dumping, try "ulimit -c unlimited" before starting Java again
#
# If you would like to submit a bug report, please include
# instructions on how to reproduce the bug and visit:
#   https://bugs.launchpad.net/ubuntu/+source/openjdk-7/
#

---------------  T H R E A D  ---------------

Current thread is native thread

siginfo:si_signo=SIGSEGV: si_errno=0, si_code=1 (SEGV_MAPERR), si_addr=0x0000000000000030

Registers:
RAX=0x0000000000000000, RBX=0x0000000000000000, RCX=0x00007f695814fdf8, RDX=0x0000000000000000
RSP=0x00007f699a024150, RBP=0x00007f699a0241f0, RSI=0x00007f695814fdf8, RDI=0x00007f6958342c00
R8 =0x0000000000000000, R9 =0x0000000000000100, R10=0x0000000000000003, R11=0x00007f69bdfebd40
R12=0x0000000000000000, R13=0x00007f69be658060, R14=0x00007f69be6364f0, R15=0x0000000000001000
RIP=0x00007f699aa464c8, EFLAGS=0x0000000000010246, CSGSFS=0x0000000000000033, ERR=0x0000000000000004
  TRAPNO=0x000000000000000e

Top of Stack: (sp=0x00007f699a024150)
0x00007f699a024150:   00007f019a024200 00007f6958000dd0
0x00007f699a024160:   0000000000000000 00007f695b0df280
0x00007f699a024170:   00007f695814fdf8 00007f695814fdf8
0x00007f699a024180:   00007f699a024410 00007f699a0242c0
0x00007f699a024190:   00007f6958396080 00007f6958396080
0x00007f699a0241a0:   0000000100000000 00007f699ac556e2
0x00007f699a0241b0:   00007f695a097700 00007f69b81bae90
0x00007f699a0241c0:   00007f699a024220 0000000000000061
0x00007f699a0241d0:   00007f69be658060 00007f69be6364f0
0x00007f699a0241e0:   0000000000001000 00007f6958017460
0x00007f699a0241f0:   00007f699a024260 00007f699ac39059
0x00007f699a024200:   00007f699a024250 0000000000000000
0x00007f699a024210:   0000000300000000 00007f69b81b6fb0
0x00007f699a024220:   0000000000001000 00017f699ac7b1e2
0x00007f699a024230:   00007f699a024370 00007f6958000dd0
0x00007f699a024240:   00007f699a024260 00007f699a0242c0
0x00007f699a024250:   00007f699a024280 0000000000000000
0x00007f699a024260:   00007f699a0243a0 00007f699ac5e5ed
0x00007f699a024270:   00007f699a024410 00007f69b81bae90
0x00007f699a024280:   00007f699a0242b0 0000000300000000
0x00007f699a024290:   0000000000000001 00007f699a024370
0x00007f699a0242a0:   00007f695a097710 00007f69b81bae90
0x00007f699a0242b0:   00007f699a0242e0 00007f699ac6e628
0x00007f699a0242c0:   ffffffff00000001 00007f69bcb6a4d8
0x00007f699a0242d0:   00007f6900000000 00007f69bcb6a4d8
0x00007f699a0242e0:   0000000000000061 00007f699ae57aab
0x00007f699a0242f0:   0000000000000000 0000000000000063
0x00007f699a024300:   00007f699ae57087 0000000000000000
0x00007f699a024310:   000000000000006e 00007f699ae57ab6
0x00007f699a024320:   0000000000000000 0000000000000072
0x00007f699a024330:   00007f699ae57abc 0000000000000000
0x00007f699a024340:   0000000000000074 00007f699ae57ac8 

Instructions: (pc=0x00007f699aa464c8)
0x00007f699aa464a8:   e8 95 e3 fd ff e9 b7 00 00 00 48 8b 85 78 ff ff
0x00007f699aa464b8:   ff 48 8b 50 40 48 8b 85 78 ff ff ff 48 8b 40 20
0x00007f699aa464c8:   48 8b 40 30 48 8b 00 48 8b 4d 80 48 89 ce 48 89
0x00007f699aa464d8:   c7 e8 4a fe ff ff 48 89 45 88 48 83 7d 88 00 0f 

Register to memory mapping:

RAX=0x0000000000000000 is an unknown value
RBX=0x0000000000000000 is an unknown value
RCX=0x00007f695814fdf8 is an unknown value
RDX=0x0000000000000000 is an unknown value
RSP=0x00007f699a024150 is an unknown value
RBP=0x00007f699a0241f0 is an unknown value
RSI=0x00007f695814fdf8 is an unknown value
RDI=0x00007f6958342c00 is an unknown value
R8 =0x0000000000000000 is an unknown value
R9 =0x0000000000000100 is an unknown value
R10=0x0000000000000003 is an unknown value
R11=0x00007f69bdfebd40: <offset 0x18cd40> in /lib/x86_64-linux-gnu/libc.so.6 at 0x00007f69bde5f000
R12=0x0000000000000000 is an unknown value
R13=0x00007f69be658060: _rtld_global+0 in /lib64/ld-linux-x86-64.so.2 at 0x00007f69be435000
R14=0x00007f69be6364f0 is pointing into the stack for thread: 0x00007f69b8009800
R15=0x0000000000001000 is an unknown value


Stack: [0x00007f6999825000,0x00007f699a026000],  sp=0x00007f699a024150,  free space=8188k
Native frames: (J=compiled Java code, j=interpreted, Vv=VM code, C=native code)
C  [libSoar.so+0x21f4c8]  print_match_set(agent_struct*, unsigned char, unsigned char)+0x146
C  [libSoar.so+0x412059]  cli::CommandLineInterface::DoMatches(cli::Cli::eMatchesMode, cli::Cli::eWMEDetail, std::string const*)+0x203
C  [libSoar.so+0x4375ed]  cli::MatchesCommand::Parse(std::vector<std::string, std::allocator<std::string> >&)+0x3e1
C  [libSoar.so+0x42e6c7]  cli::Parser::handle_command(std::vector<std::string, std::allocator<std::string> >&)+0x91
C  [libSoar.so+0x42d3ee]  soar::tokenizer::parse_command()+0x1d0
C  [libSoar.so+0x42d194]  soar::tokenizer::evaluate(char const*)+0x60
C  [libSoar.so+0x420663]  cli::CommandLineInterface::Source(char const*, bool)+0x61
C  [libSoar.so+0x42a96b]  cli::CommandLineInterface::DoCommand(sml::Connection*, sml::AgentSML*, char const*, bool, bool, soarxml::ElementXML*)+0x11d
C  [libSoar.so+0x38bf41]  sml::KernelSML::HandleCommandLine(sml::AgentSML*, char const*, sml::Connection*, sml::AnalyzeXML*, soarxml::ElementXML*)+0x481
C  [libSoar.so+0x38821b]  sml::KernelSML::ProcessCommand(char const*, sml::Connection*, sml::AnalyzeXML*, soarxml::ElementXML*)+0x325
C  [libSoar.so+0x3884e7]  sml::KernelSML::ProcessIncomingSML(sml::Connection*, soarxml::ElementXML*)+0x119
C  [libSoar.so+0x37f018]  ReceivedCall(sml::Connection*, soarxml::ElementXML*, void*)+0x3b
C  [libSoar.so+0x3f6f30]  sml::Callback::Invoke(soarxml::ElementXML*)+0x30
C  [libSoar.so+0x3f0c23]  sml::Connection::InvokeCallbacks(soarxml::ElementXML*)+0x105
C  [libSoar.so+0x3f42c5]  sml::RemoteConnection::ReceiveMessages(bool, int, int)+0x229
C  [libSoar.so+0x3f4099]  sml::RemoteConnection::ReceiveMessages(bool)+0x2b
C  [libSoar.so+0x3854ad]  sml::ConnectionManager::ReceiveAllMessages()+0x6f
C  [libSoar.so+0x38deba]  sml::ReceiverThread::Run()+0x2e
C  [libSoar.so+0x3f6bd5]  ThreadStartFunction(void*)+0x2b
C  [libSoar.so+0x3f6a8d]  LinuxThreadFunc(void*)+0x28


---------------  P R O C E S S  ---------------

VM state:not at safepoint (normal execution)

VM Mutex/Monitor currently owned by a thread: None

Heap
 PSYoungGen      total 261760K, used 98564K [0x00000007d6c00000, 0x00000007f6b20000, 0x0000000800000000)
  eden space 253440K, 36% used [0x00000007d6c00000,0x00000007dc6ea8c8,0x00000007e6380000)
  from space 8320K, 65% used [0x00000007e6380000,0x00000007e68d69c8,0x00000007e6ba0000)
  to   space 8256K, 0% used [0x00000007f6310000,0x00000007f6310000,0x00000007f6b20000)
 ParOldGen       total 84480K, used 11058K [0x0000000784400000, 0x0000000789680000, 0x00000007d6c00000)
  object space 84480K, 13% used [0x0000000784400000,0x0000000784eccbd0,0x0000000789680000)
 PSPermGen       total 21248K, used 19498K [0x0000000779e00000, 0x000000077b2c0000, 0x0000000784400000)
  object space 21248K, 91% used [0x0000000779e00000,0x000000077b10ab40,0x000000077b2c0000)

Card table byte_map: [0x00007f69b3d4b000,0x00007f69b417d000] byte_map_base: 0x00007f69b017c000

Polling page: 0x00007f69be654000

Code Cache  [0x00007f69b417d000, 0x00007f69b43ed000, 0x00007f69b717d000)
 total_blobs=1082 nmethods=529 adapters=505 free_code_cache=47083Kb largest_free_block=48159360

Compilation events (10 events):
Event: 125.495 Thread 0x00007f69b8119800  541             lcm.lcm.UDPMulticastProvider$ReaderThread::handleShortMessage (36 bytes)
Event: 125.495 Thread 0x00007f69b8116800  540             lcm.lcm.UDPMulticastProvider$ReaderThread::handlePacket (85 bytes)
Event: 125.502 Thread 0x00007f69b8119800 nmethod 541 0x00007f69b4376d50 code [0x00007f69b4376f00, 0x00007f69b4377388]
Event: 125.505 Thread 0x00007f69b8116800 nmethod 540 0x00007f69b4375c10 code [0x00007f69b4375de0, 0x00007f69b43765b0]
Event: 145.057 Thread 0x00007f69b8119800  543             java.util.Locale::getDefault (13 bytes)
Event: 145.058 Thread 0x00007f69b8119800 nmethod 543 0x00007f69b4377ad0 code [0x00007f69b4377c00, 0x00007f69b4377c78]
Event: 148.197 Thread 0x00007f69b8116800  544             java.net.DatagramSocket::getImpl (16 bytes)
Event: 148.197 Thread 0x00007f69b8116800 nmethod 544 0x00007f69b4383990 code [0x00007f69b4383ae0, 0x00007f69b4383b88]
Event: 148.232 Thread 0x00007f69b8119800  545             java.net.DatagramSocket::isBound (5 bytes)
Event: 148.233 Thread 0x00007f69b8119800 nmethod 545 0x00007f69b435e810 code [0x00007f69b435e940, 0x00007f69b435e998]

GC Heap History (10 events):
Event: 1.344 GC heap before
{Heap before GC invocations=3 (full 0):
 PSYoungGen      total 68608K, used 68592K [0x00000007d6c00000, 0x00000007db420000, 0x0000000800000000)
  eden space 63360K, 100% used [0x00000007d6c00000,0x00000007da9e0000,0x00000007da9e0000)
  from space 5248K, 99% used [0x00000007daf00000,0x00000007db41c010,0x00000007db420000)
  to   space 5248K, 0% used [0x00000007da9e0000,0x00000007da9e0000,0x00000007daf00000)
 ParOldGen       total 84480K, used 3694K [0x0000000784400000, 0x0000000789680000, 0x00000007d6c00000)
  object space 84480K, 4% used [0x0000000784400000,0x000000078479bb60,0x0000000789680000)
 PSPermGen       total 21248K, used 3569K [0x0000000779e00000, 0x000000077b2c0000, 0x0000000784400000)
  object space 21248K, 16% used [0x0000000779e00000,0x000000077a17c520,0x000000077b2c0000)
Event: 1.356 GC heap after
Heap after GC invocations=3 (full 0):
 PSYoungGen      total 68608K, used 5152K [0x00000007d6c00000, 0x00000007df200000, 0x0000000800000000)
  eden space 63360K, 0% used [0x00000007d6c00000,0x00000007d6c00000,0x00000007da9e0000)
  from space 5248K, 98% used [0x00000007da9e0000,0x00000007daee8000,0x00000007daf00000)
  to   space 5248K, 0% used [0x00000007dece0000,0x00000007dece0000,0x00000007df200000)
 ParOldGen       total 84480K, used 3694K [0x0000000784400000, 0x0000000789680000, 0x00000007d6c00000)
  object space 84480K, 4% used [0x0000000784400000,0x000000078479bb60,0x0000000789680000)
 PSPermGen       total 21248K, used 3569K [0x0000000779e00000, 0x000000077b2c0000, 0x0000000784400000)
  object space 21248K, 16% used [0x0000000779e00000,0x000000077a17c520,0x000000077b2c0000)
}
Event: 1.625 GC heap before
{Heap before GC invocations=4 (full 0):
 PSYoungGen      total 68608K, used 68512K [0x00000007d6c00000, 0x00000007df200000, 0x0000000800000000)
  eden space 63360K, 100% used [0x00000007d6c00000,0x00000007da9e0000,0x00000007da9e0000)
  from space 5248K, 98% used [0x00000007da9e0000,0x00000007daee8000,0x00000007daf00000)
  to   space 5248K, 0% used [0x00000007dece0000,0x00000007dece0000,0x00000007df200000)
 ParOldGen       total 84480K, used 3694K [0x0000000784400000, 0x0000000789680000, 0x00000007d6c00000)
  object space 84480K, 4% used [0x0000000784400000,0x000000078479bb60,0x0000000789680000)
 PSPermGen       total 21248K, used 3569K [0x0000000779e00000, 0x000000077b2c0000, 0x0000000784400000)
  object space 21248K, 16% used [0x0000000779e00000,0x000000077a17c520,0x000000077b2c0000)
Event: 1.641 GC heap after
Heap after GC invocations=4 (full 0):
 PSYoungGen      total 131968K, used 5216K [0x00000007d6c00000, 0x00000007df200000, 0x0000000800000000)
  eden space 126720K, 0% used [0x00000007d6c00000,0x00000007d6c00000,0x00000007de7c0000)
  from space 5248K, 99% used [0x00000007dece0000,0x00000007df1f8020,0x00000007df200000)
  to   space 5248K, 0% used [0x00000007de7c0000,0x00000007de7c0000,0x00000007dece0000)
 ParOldGen       total 84480K, used 4798K [0x0000000784400000, 0x0000000789680000, 0x00000007d6c00000)
  object space 84480K, 5% used [0x0000000784400000,0x00000007848afb60,0x0000000789680000)
 PSPermGen       total 21248K, used 3569K [0x0000000779e00000, 0x000000077b2c0000, 0x0000000784400000)
  object space 21248K, 16% used [0x0000000779e00000,0x000000077a17c520,0x000000077b2c0000)
}
Event: 2.149 GC heap before
{Heap before GC invocations=5 (full 0):
 PSYoungGen      total 131968K, used 131936K [0x00000007d6c00000, 0x00000007df200000, 0x0000000800000000)
  eden space 126720K, 100% used [0x00000007d6c00000,0x00000007de7c0000,0x00000007de7c0000)
  from space 5248K, 99% used [0x00000007dece0000,0x00000007df1f8020,0x00000007df200000)
  to   space 5248K, 0% used [0x00000007de7c0000,0x00000007de7c0000,0x00000007dece0000)
 ParOldGen       total 84480K, used 4798K [0x0000000784400000, 0x0000000789680000, 0x00000007d6c00000)
  object space 84480K, 5% used [0x0000000784400000,0x00000007848afb60,0x0000000789680000)
 PSPermGen       total 21248K, used 3569K [0x0000000779e00000, 0x000000077b2c0000, 0x0000000784400000)
  object space 21248K, 16% used [0x0000000779e00000,0x000000077a17c520,0x000000077b2c0000)
Event: 2.171 GC heap after
Heap after GC invocations=5 (full 0):
 PSYoungGen      total 131968K, used 5216K [0x00000007d6c00000, 0x00000007e73c0000, 0x0000000800000000)
  eden space 126720K, 0% used [0x00000007d6c00000,0x00000007d6c00000,0x00000007de7c0000)
  from space 5248K, 99% used [0x00000007de7c0000,0x00000007decd8020,0x00000007dece0000)
  to   space 8320K, 0% used [0x00000007e6ba0000,0x00000007e6ba0000,0x00000007e73c0000)
 ParOldGen       total 84480K, used 6306K [0x0000000784400000, 0x0000000789680000, 0x00000007d6c00000)
  object space 84480K, 7% used [0x0000000784400000,0x0000000784a28b70,0x0000000789680000)
 PSPermGen       total 21248K, used 3569K [0x0000000779e00000, 0x000000077b2c0000, 0x0000000784400000)
  object space 21248K, 16% used [0x0000000779e00000,0x000000077a17c520,0x000000077b2c0000)
}
Event: 2.619 GC heap before
{Heap before GC invocations=6 (full 0):
 PSYoungGen      total 131968K, used 131936K [0x00000007d6c00000, 0x00000007e73c0000, 0x0000000800000000)
  eden space 126720K, 100% used [0x00000007d6c00000,0x00000007de7c0000,0x00000007de7c0000)
  from space 5248K, 99% used [0x00000007de7c0000,0x00000007decd8020,0x00000007dece0000)
  to   space 8320K, 0% used [0x00000007e6ba0000,0x00000007e6ba0000,0x00000007e73c0000)
 ParOldGen       total 84480K, used 6306K [0x0000000784400000, 0x0000000789680000, 0x00000007d6c00000)
  object space 84480K, 7% used [0x0000000784400000,0x0000000784a28b70,0x0000000789680000)
 PSPermGen       total 21248K, used 3569K [0x0000000779e00000, 0x000000077b2c0000, 0x0000000784400000)
  object space 21248K, 16% used [0x0000000779e00000,0x000000077a17c520,0x000000077b2c0000)
Event: 2.627 GC heap after
Heap after GC invocations=6 (full 0):
 PSYoungGen      total 261760K, used 5344K [0x00000007d6c00000, 0x00000007e73c0000, 0x0000000800000000)
  eden space 253440K, 0% used [0x00000007d6c00000,0x00000007d6c00000,0x00000007e6380000)
  from space 8320K, 64% used [0x00000007e6ba0000,0x00000007e70d8020,0x00000007e73c0000)
  to   space 8320K, 0% used [0x00000007e6380000,0x00000007e6380000,0x00000007e6ba0000)
 ParOldGen       total 84480K, used 6306K [0x0000000784400000, 0x0000000789680000, 0x00000007d6c00000)
  object space 84480K, 7% used [0x0000000784400000,0x0000000784a28b70,0x0000000789680000)
 PSPermGen       total 21248K, used 3569K [0x0000000779e00000, 0x000000077b2c0000, 0x0000000784400000)
  object space 21248K, 16% used [0x0000000779e00000,0x000000077a17c520,0x000000077b2c0000)
}
Event: 63.927 GC heap before
{Heap before GC invocations=7 (full 0):
 PSYoungGen      total 261760K, used 258784K [0x00000007d6c00000, 0x00000007e73c0000, 0x0000000800000000)
  eden space 253440K, 100% used [0x00000007d6c00000,0x00000007e6380000,0x00000007e6380000)
  from space 8320K, 64% used [0x00000007e6ba0000,0x00000007e70d8020,0x00000007e73c0000)
  to   space 8320K, 0% used [0x00000007e6380000,0x00000007e6380000,0x00000007e6ba0000)
 ParOldGen       total 84480K, used 6306K [0x0000000784400000, 0x0000000789680000, 0x00000007d6c00000)
  object space 84480K, 7% used [0x0000000784400000,0x0000000784a28b70,0x0000000789680000)
 PSPermGen       total 21248K, used 19299K [0x0000000779e00000, 0x000000077b2c0000, 0x0000000784400000)
  object space 21248K, 90% used [0x0000000779e00000,0x000000077b0d8c38,0x000000077b2c0000)
Event: 63.939 GC heap after
Heap after GC invocations=7 (full 0):
 PSYoungGen      total 261760K, used 5466K [0x00000007d6c00000, 0x00000007f6b20000, 0x0000000800000000)
  eden space 253440K, 0% used [0x00000007d6c00000,0x00000007d6c00000,0x00000007e6380000)
  from space 8320K, 65% used [0x00000007e6380000,0x00000007e68d69c8,0x00000007e6ba0000)
  to   space 8256K, 0% used [0x00000007f6310000,0x00000007f6310000,0x00000007f6b20000)
 ParOldGen       total 84480K, used 11058K [0x0000000784400000, 0x0000000789680000, 0x00000007d6c00000)
  object space 84480K, 13% used [0x0000000784400000,0x0000000784eccbd0,0x0000000789680000)
 PSPermGen       total 21248K, used 19299K [0x0000000779e00000, 0x000000077b2c0000, 0x0000000784400000)
  object space 21248K, 90% used [0x0000000779e00000,0x000000077b0d8c38,0x000000077b2c0000)
}

Deoptimization events (10 events):
Event: 18.822 Thread 0x00007f693c0de800 Uncommon trap -58 fr.pc 0x00007f69b4269cc0
Event: 18.822 Thread 0x00007f693c0de800 Uncommon trap -58 fr.pc 0x00007f69b4269cc0
Event: 18.822 Thread 0x00007f693c0de800 Uncommon trap -58 fr.pc 0x00007f69b4269cc0
Event: 18.822 Thread 0x00007f693c0de800 Uncommon trap -58 fr.pc 0x00007f69b4269cc0
Event: 31.308 Thread 0x00007f69b8547000 Uncommon trap -34 fr.pc 0x00007f69b42532a0
Event: 59.626 Thread 0x00007f69b8547000 Uncommon trap -34 fr.pc 0x00007f69b42532a0
Event: 72.077 Thread 0x00007f693c07d000 Uncommon trap -12 fr.pc 0x00007f69b431df3c
Event: 72.166 Thread 0x00007f69b8351000 Uncommon trap -83 fr.pc 0x00007f69b43492e0
Event: 89.258 Thread 0x00007f69b8547000 Uncommon trap -34 fr.pc 0x00007f69b42532a0
Event: 151.443 Thread 0x00007f6940144000 Uncommon trap -83 fr.pc 0x00007f69b42a4448

Internal exceptions (10 events):
Event: 18.753 Thread 0x00007f693c0de800 Threw 0x00000007e21c7f08 at /build/buildd/openjdk-7-7u25-2.3.10/build/openjdk/hotspot/src/share/vm/prims/jvm.cpp:1235
Event: 18.754 Thread 0x00007f693c0de800 Threw 0x00000007e21cb148 at /build/buildd/openjdk-7-7u25-2.3.10/build/openjdk/hotspot/src/share/vm/prims/jvm.cpp:1235
Event: 18.754 Thread 0x00007f693c0de800 Threw 0x00000007e21ce3c8 at /build/buildd/openjdk-7-7u25-2.3.10/build/openjdk/hotspot/src/share/vm/prims/jvm.cpp:1235
Event: 18.754 Thread 0x00007f693c0de800 Threw 0x00000007e21d0c40 at /build/buildd/openjdk-7-7u25-2.3.10/build/openjdk/hotspot/src/share/vm/prims/jvm.cpp:1235
Event: 18.756 Thread 0x00007f693c0de800 Threw 0x00000007e21fc760 at /build/buildd/openjdk-7-7u25-2.3.10/build/openjdk/hotspot/src/share/vm/prims/jvm.cpp:1235
Event: 65.909 Thread 0x00007f693c07d000 Threw 0x00000007d78ebc10 at /build/buildd/openjdk-7-7u25-2.3.10/build/openjdk/hotspot/src/share/vm/prims/jvm.cpp:1235
Event: 65.916 Thread 0x00007f693c07d000 Threw 0x00000007d790a090 at /build/buildd/openjdk-7-7u25-2.3.10/build/openjdk/hotspot/src/share/vm/prims/jvm.cpp:1235
Event: 72.077 Thread 0x00007f693c07d000 Implicit null exception at 0x00007f69b431cd1d to 0x00007f69b431df31
Event: 72.166 Thread 0x00007f69b8351000 Implicit null exception at 0x00007f69b4348ac2 to 0x00007f69b43492cd
Event: 151.443 Thread 0x00007f6940144000 Implicit null exception at 0x00007f69b42a3e0b to 0x00007f69b42a4431

Events (10 events):
Event: 112.608 Thread 0x00007f693c07d000 Thread exited: 0x00007f693c07d000
Event: 118.746 loading class 0x00007f69b80bdd30
Event: 118.746 loading class 0x00007f69b80bdd30 done
Event: 132.131 loading class 0x00007f6944001c70
Event: 132.149 loading class 0x00007f6944001c70 done
Event: 132.149 loading class 0x00007f693c061770
Event: 132.149 loading class 0x00007f693c061770 done
Event: 151.443 Thread 0x00007f6940144000 Thread added: 0x00007f6940144000
Event: 151.443 Thread 0x00007f6940144000 DEOPT PACKING pc=0x00007f69b42a4448 sp=0x00007f6999823520
Event: 151.443 Thread 0x00007f6940144000 DEOPT UNPACKING pc=0x00007f69b41b6145 sp=0x00007f69998234c8 mode 2


Dynamic libraries:
00400000-00401000 r-xp 00000000 08:01 4466528                            /usr/lib/jvm/java-7-openjdk-amd64/jre/bin/java
00600000-00601000 r--p 00000000 08:01 4466528                            /usr/lib/jvm/java-7-openjdk-amd64/jre/bin/java
00601000-00602000 rw-p 00001000 08:01 4466528                            /usr/lib/jvm/java-7-openjdk-amd64/jre/bin/java
0065b000-0067c000 rw-p 00000000 00:00 0                                  [heap]
779e00000-77b2c0000 rw-p 00000000 00:00 0 
77b2c0000-784400000 rw-p 00000000 00:00 0 
784400000-789680000 rw-p 00000000 00:00 0 
789680000-7d6c00000 rw-p 00000000 00:00 0 
7d6c00000-7f6b20000 rw-p 00000000 00:00 0 
7f6b20000-800000000 rw-p 00000000 00:00 0 
7f692c000000-7f692c021000 rw-p 00000000 00:00 0 
7f692c021000-7f6930000000 ---p 00000000 00:00 0 
7f6934000000-7f6934021000 rw-p 00000000 00:00 0 
7f6934021000-7f6938000000 ---p 00000000 00:00 0 
7f6938000000-7f6938021000 rw-p 00000000 00:00 0 
7f6938021000-7f693c000000 ---p 00000000 00:00 0 
7f693c000000-7f693c1ad000 rw-p 00000000 00:00 0 
7f693c1ad000-7f6940000000 ---p 00000000 00:00 0 
7f6940000000-7f6940232000 rw-p 00000000 00:00 0 
7f6940232000-7f6944000000 ---p 00000000 00:00 0 
7f6944000000-7f6944030000 rw-p 00000000 00:00 0 
7f6944030000-7f6948000000 ---p 00000000 00:00 0 
7f6948000000-7f6948021000 rw-p 00000000 00:00 0 
7f6948021000-7f694c000000 ---p 00000000 00:00 0 
7f694c000000-7f694c021000 rw-p 00000000 00:00 0 
7f694c021000-7f6950000000 ---p 00000000 00:00 0 
7f6951afe000-7f6951ff3000 rw-p 00000000 00:00 0 
7f6951ff3000-7f6951ff6000 ---p 00000000 00:00 0 
7f6951ff6000-7f69520f4000 rw-p 00000000 00:00 0                          [stack:2564]
7f69520f4000-7f69520f7000 ---p 00000000 00:00 0 
7f69520f7000-7f69521f5000 rw-p 00000000 00:00 0 
7f69521f5000-7f69521f8000 ---p 00000000 00:00 0 
7f69521f8000-7f69522f6000 rw-p 00000000 00:00 0 
7f69522f6000-7f69522f9000 ---p 00000000 00:00 0 
7f69522f9000-7f69523f7000 rw-p 00000000 00:00 0 
7f69523f7000-7f6952540000 rw-s 00000000 00:04 1860337680                 /SYSV00000000 (deleted)
7f6952540000-7f6952550000 r-xp 00000000 08:01 4466495                    /usr/lib/jvm/java-7-openjdk-amd64/jre/lib/amd64/libnio.so
7f6952550000-7f6952750000 ---p 00010000 08:01 4466495                    /usr/lib/jvm/java-7-openjdk-amd64/jre/lib/amd64/libnio.so
7f6952750000-7f6952751000 r--p 00010000 08:01 4466495                    /usr/lib/jvm/java-7-openjdk-amd64/jre/lib/amd64/libnio.so
7f6952751000-7f6952752000 rw-p 00011000 08:01 4466495                    /usr/lib/jvm/java-7-openjdk-amd64/jre/lib/amd64/libnio.so
7f6952752000-7f695279e000 r-xp 00000000 08:01 4466507                    /usr/lib/jvm/java-7-openjdk-amd64/jre/lib/amd64/libfontmanager.so
7f695279e000-7f695299d000 ---p 0004c000 08:01 4466507                    /usr/lib/jvm/java-7-openjdk-amd64/jre/lib/amd64/libfontmanager.so
7f695299d000-7f69529a0000 r--p 0004b000 08:01 4466507                    /usr/lib/jvm/java-7-openjdk-amd64/jre/lib/amd64/libfontmanager.so
7f69529a0000-7f69529a1000 rw-p 0004e000 08:01 4466507                    /usr/lib/jvm/java-7-openjdk-amd64/jre/lib/amd64/libfontmanager.so
7f69529a1000-7f69529a4000 ---p 00000000 00:00 0 
7f69529a4000-7f6952aa2000 rw-p 00000000 00:00 0                          [stack:2558]
7f6952aa2000-7f6952aa5000 ---p 00000000 00:00 0 
7f6952aa5000-7f6952ba3000 rw-p 00000000 00:00 0                          [stack:2557]
7f6952ba3000-7f6952ba6000 ---p 00000000 00:00 0 
7f6952ba6000-7f6952ca4000 rw-p 00000000 00:00 0                          [stack:2556]
7f6952ca4000-7f6952ca7000 ---p 00000000 00:00 0 
7f6952ca7000-7f6952da5000 rw-p 00000000 00:00 0                          [stack:2555]
7f6952da5000-7f6953f14000 r-xp 00000000 08:01 4463905                    /usr/lib/x86_64-linux-gnu/libicudata.so.48.1.1
7f6953f14000-7f6954113000 ---p 0116f000 08:01 4463905                    /usr/lib/x86_64-linux-gnu/libicudata.so.48.1.1
7f6954113000-7f6954114000 r--p 0116e000 08:01 4463905                    /usr/lib/x86_64-linux-gnu/libicudata.so.48.1.1
7f6954114000-7f6954115000 rw-p 0116f000 08:01 4463905                    /usr/lib/x86_64-linux-gnu/libicudata.so.48.1.1
7f6954115000-7f6954118000 r-xp 00000000 08:01 6033033                    /lib/x86_64-linux-gnu/libgpg-error.so.0.8.0
7f6954118000-7f6954317000 ---p 00003000 08:01 6033033                    /lib/x86_64-linux-gnu/libgpg-error.so.0.8.0
7f6954317000-7f6954318000 r--p 00002000 08:01 6033033                    /lib/x86_64-linux-gnu/libgpg-error.so.0.8.0
7f6954318000-7f6954319000 rw-p 00003000 08:01 6033033                    /lib/x86_64-linux-gnu/libgpg-error.so.0.8.0
7f6954319000-7f695431b000 r-xp 00000000 08:01 6033044                    /lib/x86_64-linux-gnu/libkeyutils.so.1.4
7f695431b000-7f695451b000 ---p 00002000 08:01 6033044                    /lib/x86_64-linux-gnu/libkeyutils.so.1.4
7f695451b000-7f695451c000 r--p 00002000 08:01 6033044                    /lib/x86_64-linux-gnu/libkeyutils.so.1.4
7f695451c000-7f695451d000 rw-p 00003000 08:01 6033044                    /lib/x86_64-linux-gnu/libkeyutils.so.1.4
7f695451d000-7f6954673000 r-xp 00000000 08:01 4463919                    /usr/lib/x86_64-linux-gnu/libicuuc.so.48.1.1
7f6954673000-7f6954872000 ---p 00156000 08:01 4463919                    /usr/lib/x86_64-linux-gnu/libicuuc.so.48.1.1
7f6954872000-7f6954883000 r--p 00155000 08:01 4463919                    /usr/lib/x86_64-linux-gnu/libicuuc.so.48.1.1
7f6954883000-7f6954884000 rw-p 00166000 08:01 4463919                    /usr/lib/x86_64-linux-gnu/libicuuc.so.48.1.1
7f6954884000-7f6954888000 rw-p 00000000 00:00 0 
7f6954888000-7f69548ba000 r-xp 00000000 08:01 4463911                    /usr/lib/x86_64-linux-gnu/libicule.so.48.1.1
7f69548ba000-7f6954aba000 ---p 00032000 08:01 4463911                    /usr/lib/x86_64-linux-gnu/libicule.so.48.1.1
7f6954aba000-7f6954abc000 r--p 00032000 08:01 4463911                    /usr/lib/x86_64-linux-gnu/libicule.so.48.1.1
7f6954abc000-7f6954abd000 rw-p 00034000 08:01 4463911                    /usr/lib/x86_64-linux-gnu/libicule.so.48.1.1
7f6954abd000-7f6954b00000 r-xp 00000000 08:01 6029336                    /lib/x86_64-linux-gnu/libdbus-1.so.3.7.2
7f6954b00000-7f6954cff000 ---p 00043000 08:01 6029336                    /lib/x86_64-linux-gnu/libdbus-1.so.3.7.2
7f6954cff000-7f6954d00000 r--p 00042000 08:01 6029336                    /lib/x86_64-linux-gnu/libdbus-1.so.3.7.2
7f6954d00000-7f6954d01000 rw-p 00043000 08:01 6029336                    /lib/x86_64-linux-gnu/libdbus-1.so.3.7.2
7f6954d01000-7f6954d13000 r-xp 00000000 08:01 4464044                    /usr/lib/x86_64-linux-gnu/libp11-kit.so.0.0.0
7f6954d13000-7f6954f13000 ---p 00012000 08:01 4464044                    /usr/lib/x86_64-linux-gnu/libp11-kit.so.0.0.0
7f6954f13000-7f6954f14000 r--p 00012000 08:01 4464044                    /usr/lib/x86_64-linux-gnu/libp11-kit.so.0.0.0
7f6954f14000-7f6954f15000 rw-p 00013000 08:01 4464044                    /usr/lib/x86_64-linux-gnu/libp11-kit.so.0.0.0
7f6954f15000-7f6954f24000 r-xp 00000000 08:01 4464202                    /usr/lib/x86_64-linux-gnu/libtasn1.so.3.2.0
7f6954f24000-7f6955124000 ---p 0000f000 08:01 4464202                    /usr/lib/x86_64-linux-gnu/libtasn1.so.3.2.0
7f6955124000-7f6955125000 r--p 0000f000 08:01 4464202                    /usr/lib/x86_64-linux-gnu/libtasn1.so.3.2.0
7f6955125000-7f6955126000 rw-p 00010000 08:01 4464202                    /usr/lib/x86_64-linux-gnu/libtasn1.so.3.2.0
7f6955126000-7f69551a0000 r-xp 00000000 08:01 6031341                    /lib/x86_64-linux-gnu/libgcrypt.so.11.7.0
7f69551a0000-7f69553a0000 ---p 0007a000 08:01 6031341                    /lib/x86_64-linux-gnu/libgcrypt.so.11.7.0
7f69553a0000-7f69553a1000 r--p 0007a000 08:01 6031341                    /lib/x86_64-linux-gnu/libgcrypt.so.11.7.0
7f69553a1000-7f69553a4000 rw-p 0007b000 08:01 6031341                    /lib/x86_64-linux-gnu/libgcrypt.so.11.7.0
7f69553a4000-7f69553ab000 r-xp 00000000 08:01 4463954                    /usr/lib/x86_64-linux-gnu/libkrb5support.so.0.1
7f69553ab000-7f69555aa000 ---p 00007000 08:01 4463954                    /usr/lib/x86_64-linux-gnu/libkrb5support.so.0.1
7f69555aa000-7f69555ab000 r--p 00006000 08:01 4463954                    /usr/lib/x86_64-linux-gnu/libkrb5support.so.0.1
7f69555ab000-7f69555ac000 rw-p 00007000 08:01 4463954                    /usr/lib/x86_64-linux-gnu/libkrb5support.so.0.1
7f69555ac000-7f69555af000 r-xp 00000000 08:01 6033009                    /lib/x86_64-linux-gnu/libcom_err.so.2.1
7f69555af000-7f69557ae000 ---p 00003000 08:01 6033009                    /lib/x86_64-linux-gnu/libcom_err.so.2.1
7f69557ae000-7f69557af000 r--p 00002000 08:01 6033009                    /lib/x86_64-linux-gnu/libcom_err.so.2.1
7f69557af000-7f69557b0000 rw-p 00003000 08:01 6033009                    /lib/x86_64-linux-gnu/libcom_err.so.2.1
7f69557b0000-7f69557d6000 r-xp 00000000 08:01 4463948                    /usr/lib/x86_64-linux-gnu/libk5crypto.so.3.1
7f69557d6000-7f69559d6000 ---p 00026000 08:01 4463948                    /usr/lib/x86_64-linux-gnu/libk5crypto.so.3.1
7f69559d6000-7f69559d7000 r--p 00026000 08:01 4463948                    /usr/lib/x86_64-linux-gnu/libk5crypto.so.3.1
7f69559d7000-7f69559d8000 rw-p 00027000 08:01 4463948                    /usr/lib/x86_64-linux-gnu/libk5crypto.so.3.1
7f69559d8000-7f69559d9000 rw-p 00000000 00:00 0 
7f69559d9000-7f6955a9d000 r-xp 00000000 08:01 4463952                    /usr/lib/x86_64-linux-gnu/libkrb5.so.3.3
7f6955a9d000-7f6955c9c000 ---p 000c4000 08:01 4463952                    /usr/lib/x86_64-linux-gnu/libkrb5.so.3.3
7f6955c9c000-7f6955ca6000 r--p 000c3000 08:01 4463952                    /usr/lib/x86_64-linux-gnu/libkrb5.so.3.3
7f6955ca6000-7f6955ca7000 rw-p 000cd000 08:01 4463952                    /usr/lib/x86_64-linux-gnu/libkrb5.so.3.3
7f6955ca7000-7f6955d3c000 r-xp 00000000 08:01 4463889                    /usr/lib/x86_64-linux-gnu/libharfbuzz.so.0.913.0
7f6955d3c000-7f6955f3b000 ---p 00095000 08:01 4463889                    /usr/lib/x86_64-linux-gnu/libharfbuzz.so.0.913.0
7f6955f3b000-7f6955f3d000 r--p 00094000 08:01 4463889                    /usr/lib/x86_64-linux-gnu/libharfbuzz.so.0.913.0
7f6955f3d000-7f6955f3e000 rw-p 00096000 08:01 4463889                    /usr/lib/x86_64-linux-gnu/libharfbuzz.so.0.913.0
7f6955f3e000-7f6955f46000 r-xp 00000000 08:01 4463414                    /usr/lib/x86_64-linux-gnu/libxcb-render.so.0.0.0
7f6955f46000-7f6956146000 ---p 00008000 08:01 4463414                    /usr/lib/x86_64-linux-gnu/libxcb-render.so.0.0.0
7f6956146000-7f6956147000 r--p 00008000 08:01 4463414                    /usr/lib/x86_64-linux-gnu/libxcb-render.so.0.0.0
7f6956147000-7f6956148000 rw-p 00009000 08:01 4463414                    /usr/lib/x86_64-linux-gnu/libxcb-render.so.0.0.0
7f6956148000-7f695614a000 r-xp 00000000 08:01 4464126                    /usr/lib/x86_64-linux-gnu/libxcb-shm.so.0.0.0
7f695614a000-7f6956349000 ---p 00002000 08:01 4464126                    /usr/lib/x86_64-linux-gnu/libxcb-shm.so.0.0.0
7f6956349000-7f695634a000 r--p 00001000 08:01 4464126                    /usr/lib/x86_64-linux-gnu/libxcb-shm.so.0.0.0
7f695634a000-7f695634b000 rw-p 00002000 08:01 4464126                    /usr/lib/x86_64-linux-gnu/libxcb-shm.so.0.0.0
7f695634b000-7f6956370000 r-xp 00000000 08:01 6033109                    /lib/x86_64-linux-gnu/libpng12.so.0.49.0
7f6956370000-7f695656f000 ---p 00025000 08:01 6033109                    /lib/x86_64-linux-gnu/libpng12.so.0.49.0
7f695656f000-7f6956570000 r--p 00024000 08:01 6033109                    /lib/x86_64-linux-gnu/libpng12.so.0.49.0
7f6956570000-7f6956571000 rw-p 00025000 08:01 6033109                    /lib/x86_64-linux-gnu/libpng12.so.0.49.0
7f6956571000-7f6956601000 r-xp 00000000 08:01 4464074                    /usr/lib/x86_64-linux-gnu/libpixman-1.so.0.28.2
7f6956601000-7f6956800000 ---p 00090000 08:01 4464074                    /usr/lib/x86_64-linux-gnu/libpixman-1.so.0.28.2
7f6956800000-7f6956807000 r--p 0008f000 08:01 4464074                    /usr/lib/x86_64-linux-gnu/libpixman-1.so.0.28.2
7f6956807000-7f6956808000 rw-p 00096000 08:01 4464074                    /usr/lib/x86_64-linux-gnu/libpixman-1.so.0.28.2
7f6956808000-7f695680d000 r-xp 00000000 08:01 4463438                    /usr/lib/x86_64-linux-gnu/libXdmcp.so.6.0.0
7f695680d000-7f6956a0c000 ---p 00005000 08:01 4463438                    /usr/lib/x86_64-linux-gnu/libXdmcp.so.6.0.0
7f6956a0c000-7f6956a0d000 r--p 00004000 08:01 4463438                    /usr/lib/x86_64-linux-gnu/libXdmcp.so.6.0.0
7f6956a0d000-7f6956a0e000 rw-p 00005000 08:01 4463438                    /usr/lib/x86_64-linux-gnu/libXdmcp.so.6.0.0
7f6956a0e000-7f6956a10000 r-xp 00000000 08:01 4463427                    /usr/lib/x86_64-linux-gnu/libXau.so.6.0.0
7f6956a10000-7f6956c10000 ---p 00002000 08:01 4463427                    /usr/lib/x86_64-linux-gnu/libXau.so.6.0.0
7f6956c10000-7f6956c11000 r--p 00002000 08:01 4463427                    /usr/lib/x86_64-linux-gnu/libXau.so.6.0.0
7f6956c11000-7f6956c12000 rw-p 00003000 08:01 4463427                    /usr/lib/x86_64-linux-gnu/libXau.so.6.0.0
7f6956c12000-7f6956c21000 r-xp 00000000 08:01 4463513                    /usr/lib/x86_64-linux-gnu/libavahi-client.so.3.2.9
7f6956c21000-7f6956e21000 ---p 0000f000 08:01 4463513                    /usr/lib/x86_64-linux-gnu/libavahi-client.so.3.2.9
7f6956e21000-7f6956e22000 r--p 0000f000 08:01 4463513                    /usr/lib/x86_64-linux-gnu/libavahi-client.so.3.2.9
7f6956e22000-7f6956e23000 rw-p 00010000 08:01 4463513                    /usr/lib/x86_64-linux-gnu/libavahi-client.so.3.2.9
7f6956e23000-7f6956e2e000 r-xp 00000000 08:01 4463515                    /usr/lib/x86_64-linux-gnu/libavahi-common.so.3.5.3
7f6956e2e000-7f695702d000 ---p 0000b000 08:01 4463515                    /usr/lib/x86_64-linux-gnu/libavahi-common.so.3.5.3
7f695702d000-7f695702e000 r--p 0000a000 08:01 4463515                    /usr/lib/x86_64-linux-gnu/libavahi-common.so.3.5.3
7f695702e000-7f695702f000 rw-p 0000b000 08:01 4463515                    /usr/lib/x86_64-linux-gnu/libavahi-common.so.3.5.3
7f695702f000-7f69570e4000 r-xp 00000000 08:01 4463233                    /usr/lib/x86_64-linux-gnu/libgnutls.so.26.22.6
7f69570e4000-7f69572e3000 ---p 000b5000 08:01 4463233                    /usr/lib/x86_64-linux-gnu/libgnutls.so.26.22.6
7f69572e3000-7f69572e9000 r--p 000b4000 08:01 4463233                    /usr/lib/x86_64-linux-gnu/libgnutls.so.26.22.6
7f69572e9000-7f69572ea000 rw-p 000ba000 08:01 4463233                    /usr/lib/x86_64-linux-gnu/libgnutls.so.26.22.6
7f69572ea000-7f69572eb000 rw-p 00000000 00:00 0 
7f69572eb000-7f6957326000 r-xp 00000000 08:01 4463791                    /usr/lib/x86_64-linux-gnu/libgssapi_krb5.so.2.2
7f6957326000-7f6957526000 ---p 0003b000 08:01 4463791                    /usr/lib/x86_64-linux-gnu/libgssapi_krb5.so.2.2
7f6957526000-7f6957527000 r--p 0003b000 08:01 4463791                    /usr/lib/x86_64-linux-gnu/libgssapi_krb5.so.2.2
7f6957527000-7f6957529000 rw-p 0003c000 08:01 4463791                    /usr/lib/x86_64-linux-gnu/libgssapi_krb5.so.2.2
7f6957529000-7f695754f000 r-xp 00000000 08:01 6033022                    /lib/x86_64-linux-gnu/libexpat.so.1.6.0
7f695754f000-7f695774f000 ---p 00026000 08:01 6033022                    /lib/x86_64-linux-gnu/libexpat.so.1.6.0
7f695774f000-7f6957751000 r--p 00026000 08:01 6033022                    /lib/x86_64-linux-gnu/libexpat.so.1.6.0
7f6957751000-7f6957752000 rw-p 00028000 08:01 6033022                    /lib/x86_64-linux-gnu/libexpat.so.1.6.0
7f6957752000-7f69577e9000 r-xp 00000000 08:01 4463701                    /usr/lib/x86_64-linux-gnu/libfreetype.so.6.10.0
7f69577e9000-7f69579e8000 ---p 00097000 08:01 4463701                    /usr/lib/x86_64-linux-gnu/libfreetype.so.6.10.0
7f69579e8000-7f69579ee000 r--p 00096000 08:01 4463701                    /usr/lib/x86_64-linux-gnu/libfreetype.so.6.10.0
7f69579ee000-7f69579ef000 rw-p 0009c000 08:01 4463701                    /usr/lib/x86_64-linux-gnu/libfreetype.so.6.10.0
7f69579ef000-7f69579f1000 r-xp 00000000 08:01 4463436                    /usr/lib/x86_64-linux-gnu/libXdamage.so.1.1.0
7f69579f1000-7f6957bf0000 ---p 00002000 08:01 4463436                    /usr/lib/x86_64-linux-gnu/libXdamage.so.1.1.0
7f6957bf0000-7f6957bf1000 r--p 00001000 08:01 4463436                    /usr/lib/x86_64-linux-gnu/libXdamage.so.1.1.0
7f6957bf1000-7f6957bf2000 rw-p 00002000 08:01 4463436                    /usr/lib/x86_64-linux-gnu/libXdamage.so.1.1.0
7f6957bf2000-7f6957bf4000 r-xp 00000000 08:01 4463432                    /usr/lib/x86_64-linux-gnu/libXcomposite.so.1.0.0
7f6957bf4000-7f6957df3000 ---p 00002000 08:01 4463432                    /usr/lib/x86_64-linux-gnu/libXcomposite.so.1.0.0
7f6957df3000-7f6957df4000 r--p 00001000 08:01 4463432                    /usr/lib/x86_64-linux-gnu/libXcomposite.so.1.0.0
7f6957df4000-7f6957df5000 rw-p 00002000 08:01 4463432                    /usr/lib/x86_64-linux-gnu/libXcomposite.so.1.0.0
7f6957df5000-7f6957dfe000 r-xp 00000000 08:01 4464222                    /usr/lib/x86_64-linux-gnu/libXcursor.so.1.0.2
7f6957dfe000-7f6957ffe000 ---p 00009000 08:01 4464222                    /usr/lib/x86_64-linux-gnu/libXcursor.so.1.0.2
7f6957ffe000-7f6957fff000 r--p 00009000 08:01 4464222                    /usr/lib/x86_64-linux-gnu/libXcursor.so.1.0.2
7f6957fff000-7f6958000000 rw-p 0000a000 08:01 4464222                    /usr/lib/x86_64-linux-gnu/libXcursor.so.1.0.2
7f6958000000-7f695bfd5000 rw-p 00000000 00:00 0 
7f695bfd5000-7f695c000000 ---p 00000000 00:00 0 
7f695c000000-7f695c021000 rw-p 00000000 00:00 0 
7f695c021000-7f6960000000 ---p 00000000 00:00 0 
7f6960000000-7f6960021000 rw-p 00000000 00:00 0 
7f6960021000-7f6964000000 ---p 00000000 00:00 0 
7f6964000000-7f6964021000 rw-p 00000000 00:00 0 
7f6964021000-7f6968000000 ---p 00000000 00:00 0 
7f6968000000-7f6969035000 rw-p 00000000 00:00 0 
7f6969035000-7f696c000000 ---p 00000000 00:00 0 
7f696c000000-7f696c021000 rw-p 00000000 00:00 0 
7f696c021000-7f6970000000 ---p 00000000 00:00 0 
7f6970000000-7f6970021000 rw-p 00000000 00:00 0 
7f6970021000-7f6974000000 ---p 00000000 00:00 0 
7f6974000000-7f6975206000 rw-p 00000000 00:00 0 
7f6975206000-7f6978000000 ---p 00000000 00:00 0 
7f6978000000-7f6978021000 rw-p 00000000 00:00 0 
7f6978021000-7f697c000000 ---p 00000000 00:00 0 
7f697c000000-7f697c021000 rw-p 00000000 00:00 0 
7f697c021000-7f6980000000 ---p 00000000 00:00 0 
7f6980000000-7f6980021000 rw-p 00000000 00:00 0 
7f6980021000-7f6984000000 ---p 00000000 00:00 0 
7f6984090000-7f6984099000 r-xp 00000000 08:01 4463453                    /usr/lib/x86_64-linux-gnu/libXrandr.so.2.2.0
7f6984099000-7f6984298000 ---p 00009000 08:01 4463453                    /usr/lib/x86_64-linux-gnu/libXrandr.so.2.2.0
7f6984298000-7f6984299000 r--p 00008000 08:01 4463453                    /usr/lib/x86_64-linux-gnu/libXrandr.so.2.2.0
7f6984299000-7f698429a000 rw-p 00009000 08:01 4463453                    /usr/lib/x86_64-linux-gnu/libXrandr.so.2.2.0
7f698429a000-7f698429c000 r-xp 00000000 08:01 4463765                    /usr/lib/x86_64-linux-gnu/libXinerama.so.1.0.0
7f698429c000-7f698449b000 ---p 00002000 08:01 4463765                    /usr/lib/x86_64-linux-gnu/libXinerama.so.1.0.0
7f698449b000-7f698449c000 r--p 00001000 08:01 4463765                    /usr/lib/x86_64-linux-gnu/libXinerama.so.1.0.0
7f698449c000-7f698449d000 rw-p 00002000 08:01 4463765                    /usr/lib/x86_64-linux-gnu/libXinerama.so.1.0.0
7f698449d000-7f69844b0000 r-xp 00000000 08:01 4464056                    /usr/lib/x86_64-linux-gnu/libpangoft2-1.0.so.0.3200.5
7f69844b0000-7f69846af000 ---p 00013000 08:01 4464056                    /usr/lib/x86_64-linux-gnu/libpangoft2-1.0.so.0.3200.5
7f69846af000-7f69846b0000 r--p 00012000 08:01 4464056                    /usr/lib/x86_64-linux-gnu/libpangoft2-1.0.so.0.3200.5
7f69846b0000-7f69846b1000 rw-p 00013000 08:01 4464056                    /usr/lib/x86_64-linux-gnu/libpangoft2-1.0.so.0.3200.5
7f69846b1000-7f69847af000 r-xp 00000000 08:01 4463539                    /usr/lib/x86_64-linux-gnu/libcairo.so.2.11200.14
7f69847af000-7f69849af000 ---p 000fe000 08:01 4463539                    /usr/lib/x86_64-linux-gnu/libcairo.so.2.11200.14
7f69849af000-7f69849b2000 r--p 000fe000 08:01 4463539                    /usr/lib/x86_64-linux-gnu/libcairo.so.2.11200.14
7f69849b2000-7f69849b3000 rw-p 00101000 08:01 4463539                    /usr/lib/x86_64-linux-gnu/libcairo.so.2.11200.14
7f69849b3000-7f69849b5000 rw-p 00000000 00:00 0 
7f69849b5000-7f69849d5000 r-xp 00000000 08:01 4463503                    /usr/lib/x86_64-linux-gnu/libatk-1.0.so.0.20809.1
7f69849d5000-7f6984bd4000 ---p 00020000 08:01 4463503                    /usr/lib/x86_64-linux-gnu/libatk-1.0.so.0.20809.1
7f6984bd4000-7f6984bd6000 r--p 0001f000 08:01 4463503                    /usr/lib/x86_64-linux-gnu/libatk-1.0.so.0.20809.1
7f6984bd6000-7f6984bd7000 rw-p 00021000 08:01 4463503                    /usr/lib/x86_64-linux-gnu/libatk-1.0.so.0.20809.1
7f6984bd7000-7f6984bdc000 r-xp 00000000 08:01 4463594                    /usr/lib/x86_64-linux-gnu/libXfixes.so.3.1.0
7f6984bdc000-7f6984ddb000 ---p 00005000 08:01 4463594                    /usr/lib/x86_64-linux-gnu/libXfixes.so.3.1.0
7f6984ddb000-7f6984ddc000 r--p 00004000 08:01 4463594                    /usr/lib/x86_64-linux-gnu/libXfixes.so.3.1.0
7f6984ddc000-7f6984ddd000 rw-p 00005000 08:01 4463594                    /usr/lib/x86_64-linux-gnu/libXfixes.so.3.1.0
7f6984ddd000-7f6984de8000 r-xp 00000000 08:01 4464054                    /usr/lib/x86_64-linux-gnu/libpangocairo-1.0.so.0.3200.5
7f6984de8000-7f6984fe8000 ---p 0000b000 08:01 4464054                    /usr/lib/x86_64-linux-gnu/libpangocairo-1.0.so.0.3200.5
7f6984fe8000-7f6984fe9000 r--p 0000b000 08:01 4464054                    /usr/lib/x86_64-linux-gnu/libpangocairo-1.0.so.0.3200.5
7f6984fe9000-7f6984fea000 rw-p 0000c000 08:01 4464054                    /usr/lib/x86_64-linux-gnu/libpangocairo-1.0.so.0.3200.5
7f6984fea000-7f6985007000 r-xp 00000000 08:01 4463244                    /usr/lib/x86_64-linux-gnu/libxcb.so.1.1.0
7f6985007000-7f6985206000 ---p 0001d000 08:01 4463244                    /usr/lib/x86_64-linux-gnu/libxcb.so.1.1.0
7f6985206000-7f6985207000 r--p 0001c000 08:01 4463244                    /usr/lib/x86_64-linux-gnu/libxcb.so.1.1.0
7f6985207000-7f6985208000 rw-p 0001d000 08:01 4463244                    /usr/lib/x86_64-linux-gnu/libxcb.so.1.1.0
7f6985208000-7f6985262000 r-xp 00000000 08:01 4463592                    /usr/lib/x86_64-linux-gnu/libcups.so.2
7f6985262000-7f6985462000 ---p 0005a000 08:01 4463592                    /usr/lib/x86_64-linux-gnu/libcups.so.2
7f6985462000-7f6985467000 r--p 0005a000 08:01 4463592                    /usr/lib/x86_64-linux-gnu/libcups.so.2
7f6985467000-7f6985468000 rw-p 0005f000 08:01 4463592                    /usr/lib/x86_64-linux-gnu/libcups.so.2
7f6985468000-7f6985469000 r-xp 00000000 08:01 4463869                    /usr/lib/x86_64-linux-gnu/libgthread-2.0.so.0.3600.0
7f6985469000-7f6985668000 ---p 00001000 08:01 4463869                    /usr/lib/x86_64-linux-gnu/libgthread-2.0.so.0.3600.0
7f6985668000-7f6985669000 r--p 00000000 08:01 4463869                    /usr/lib/x86_64-linux-gnu/libgthread-2.0.so.0.3600.0
7f6985669000-7f698566a000 rw-p 00001000 08:01 4463869                    /usr/lib/x86_64-linux-gnu/libgthread-2.0.so.0.3600.0
7f698566a000-7f69856a1000 r-xp 00000000 08:01 4463673                    /usr/lib/x86_64-linux-gnu/libfontconfig.so.1.6.2
7f69856a1000-7f69858a1000 ---p 00037000 08:01 4463673                    /usr/lib/x86_64-linux-gnu/libfontconfig.so.1.6.2
7f69858a1000-7f69858a2000 r--p 00037000 08:01 4463673                    /usr/lib/x86_64-linux-gnu/libfontconfig.so.1.6.2
7f69858a2000-7f69858a3000 rw-p 00038000 08:01 4463673                    /usr/lib/x86_64-linux-gnu/libfontconfig.so.1.6.2
7f69858a3000-7f69858a4000 rw-p 00000000 00:00 0 
7f69858a4000-7f69858ec000 r-xp 00000000 08:01 4464052                    /usr/lib/x86_64-linux-gnu/libpango-1.0.so.0.3200.5
7f69858ec000-7f6985aec000 ---p 00048000 08:01 4464052                    /usr/lib/x86_64-linux-gnu/libpango-1.0.so.0.3200.5
7f6985aec000-7f6985aee000 r--p 00048000 08:01 4464052                    /usr/lib/x86_64-linux-gnu/libpango-1.0.so.0.3200.5
7f6985aee000-7f6985aef000 rw-p 0004a000 08:01 4464052                    /usr/lib/x86_64-linux-gnu/libpango-1.0.so.0.3200.5
7f6985aef000-7f6985b0d000 r-xp 00000000 08:01 4463732                    /usr/lib/x86_64-linux-gnu/libgdk_pixbuf-2.0.so.0.2800.0
7f6985b0d000-7f6985d0d000 ---p 0001e000 08:01 4463732                    /usr/lib/x86_64-linux-gnu/libgdk_pixbuf-2.0.so.0.2800.0
7f6985d0d000-7f6985d0e000 r--p 0001e000 08:01 4463732                    /usr/lib/x86_64-linux-gnu/libgdk_pixbuf-2.0.so.0.2800.0
7f6985d0e000-7f6985d0f000 rw-p 0001f000 08:01 4463732                    /usr/lib/x86_64-linux-gnu/libgdk_pixbuf-2.0.so.0.2800.0
7f6985d0f000-7f6985dbc000 r-xp 00000000 08:01 4463730                    /usr/lib/x86_64-linux-gnu/libgdk-x11-2.0.so.0.2400.17
7f6985dbc000-7f6985fbb000 ---p 000ad000 08:01 4463730                    /usr/lib/x86_64-linux-gnu/libgdk-x11-2.0.so.0.2400.17
7f6985fbb000-7f6985fbf000 r--p 000ac000 08:01 4463730                    /usr/lib/x86_64-linux-gnu/libgdk-x11-2.0.so.0.2400.17
7f6985fbf000-7f6985fc1000 rw-p 000b0000 08:01 4463730                    /usr/lib/x86_64-linux-gnu/libgdk-x11-2.0.so.0.2400.17
7f6985fc1000-7f69863ee000 r-xp 00000000 08:01 4463873                    /usr/lib/x86_64-linux-gnu/libgtk-x11-2.0.so.0.2400.17
7f69863ee000-7f69865ed000 ---p 0042d000 08:01 4463873                    /usr/lib/x86_64-linux-gnu/libgtk-x11-2.0.so.0.2400.17
7f69865ed000-7f69865f4000 r--p 0042c000 08:01 4463873                    /usr/lib/x86_64-linux-gnu/libgtk-x11-2.0.so.0.2400.17
7f69865f4000-7f69865f8000 rw-p 00433000 08:01 4463873                    /usr/lib/x86_64-linux-gnu/libgtk-x11-2.0.so.0.2400.17
7f69865f8000-7f69865fa000 rw-p 00000000 00:00 0 
7f69865fa000-7f6986608000 r-xp 00000000 08:01 4463255                    /usr/lib/x86_64-linux-gnu/libXi.so.6.1.0
7f6986608000-7f6986808000 ---p 0000e000 08:01 4463255                    /usr/lib/x86_64-linux-gnu/libXi.so.6.1.0
7f6986808000-7f6986809000 r--p 0000e000 08:01 4463255                    /usr/lib/x86_64-linux-gnu/libXi.so.6.1.0
7f6986809000-7f698680a000 rw-p 0000f000 08:01 4463255                    /usr/lib/x86_64-linux-gnu/libXi.so.6.1.0
7f698680a000-7f698680f000 r-xp 00000000 08:01 4463461                    /usr/lib/x86_64-linux-gnu/libXtst.so.6.1.0
7f698680f000-7f6986a0e000 ---p 00005000 08:01 4463461                    /usr/lib/x86_64-linux-gnu/libXtst.so.6.1.0
7f6986a0e000-7f6986a0f000 r--p 00004000 08:01 4463461                    /usr/lib/x86_64-linux-gnu/libXtst.so.6.1.0
7f6986a0f000-7f6986a10000 rw-p 00005000 08:01 4463461                    /usr/lib/x86_64-linux-gnu/libXtst.so.6.1.0
7f6986a10000-7f6986a19000 r-xp 00000000 08:01 4463395                    /usr/lib/x86_64-linux-gnu/libXrender.so.1.3.0
7f6986a19000-7f6986c18000 ---p 00009000 08:01 4463395                    /usr/lib/x86_64-linux-gnu/libXrender.so.1.3.0
7f6986c18000-7f6986c19000 r--p 00008000 08:01 4463395                    /usr/lib/x86_64-linux-gnu/libXrender.so.1.3.0
7f6986c19000-7f6986c1a000 rw-p 00009000 08:01 4463395                    /usr/lib/x86_64-linux-gnu/libXrender.so.1.3.0
7f6986c1a000-7f6986d4e000 r-xp 00000000 08:01 4463247                    /usr/lib/x86_64-linux-gnu/libX11.so.6.3.0
7f6986d4e000-7f6986f4e000 ---p 00134000 08:01 4463247                    /usr/lib/x86_64-linux-gnu/libX11.so.6.3.0
7f6986f4e000-7f6986f4f000 r--p 00134000 08:01 4463247                    /usr/lib/x86_64-linux-gnu/libX11.so.6.3.0
7f6986f4f000-7f6986f54000 rw-p 00135000 08:01 4463247                    /usr/lib/x86_64-linux-gnu/libX11.so.6.3.0
7f6986f54000-7f6986f65000 r-xp 00000000 08:01 4463249                    /usr/lib/x86_64-linux-gnu/libXext.so.6.4.0
7f6986f65000-7f6987164000 ---p 00011000 08:01 4463249                    /usr/lib/x86_64-linux-gnu/libXext.so.6.4.0
7f6987164000-7f6987165000 r--p 00010000 08:01 4463249                    /usr/lib/x86_64-linux-gnu/libXext.so.6.4.0
7f6987165000-7f6987166000 rw-p 00011000 08:01 4463249                    /usr/lib/x86_64-linux-gnu/libXext.so.6.4.0
7f6987166000-7f69871b9000 r-xp 00000000 08:01 4467641                    /usr/lib/jvm/java-7-openjdk-amd64/jre/lib/amd64/xawt/libmawt.so
7f69871b9000-7f69873b8000 ---p 00053000 08:01 4467641                    /usr/lib/jvm/java-7-openjdk-amd64/jre/lib/amd64/xawt/libmawt.so
7f69873b8000-7f69873b9000 r--p 00052000 08:01 4467641                    /usr/lib/jvm/java-7-openjdk-amd64/jre/lib/amd64/xawt/libmawt.so
7f69873b9000-7f69873bc000 rw-p 00053000 08:01 4467641                    /usr/lib/jvm/java-7-openjdk-amd64/jre/lib/amd64/xawt/libmawt.so
7f69873bc000-7f69873bd000 rw-p 00000000 00:00 0 
7f69873bd000-7f698745e000 r-xp 00000000 08:01 4466511                    /usr/lib/jvm/java-7-openjdk-amd64/jre/lib/amd64/libawt.so
7f698745e000-7f698765e000 ---p 000a1000 08:01 4466511                    /usr/lib/jvm/java-7-openjdk-amd64/jre/lib/amd64/libawt.so
7f698765e000-7f698765f000 r--p 000a1000 08:01 4466511                    /usr/lib/jvm/java-7-openjdk-amd64/jre/lib/amd64/libawt.so
7f698765f000-7f698766a000 rw-p 000a2000 08:01 4466511                    /usr/lib/jvm/java-7-openjdk-amd64/jre/lib/amd64/libawt.so
7f698766a000-7f698768f000 rw-p 00000000 00:00 0 
7f698768f000-7f69876cc000 r-xp 00000000 08:01 6033097                    /lib/x86_64-linux-gnu/libpcre.so.3.13.1
7f69876cc000-7f69878cc000 ---p 0003d000 08:01 6033097                    /lib/x86_64-linux-gnu/libpcre.so.3.13.1
7f69878cc000-7f69878cd000 r--p 0003d000 08:01 6033097                    /lib/x86_64-linux-gnu/libpcre.so.3.13.1
7f69878cd000-7f69878ce000 rw-p 0003e000 08:01 6033097                    /lib/x86_64-linux-gnu/libpcre.so.3.13.1
7f69878ce000-7f69878d5000 r-xp 00000000 08:01 4463665                    /usr/lib/x86_64-linux-gnu/libffi.so.6.0.1
7f69878d5000-7f6987ad4000 ---p 00007000 08:01 4463665                    /usr/lib/x86_64-linux-gnu/libffi.so.6.0.1
7f6987ad4000-7f6987ad5000 r--p 00006000 08:01 4463665                    /usr/lib/x86_64-linux-gnu/libffi.so.6.0.1
7f6987ad5000-7f6987ad6000 rw-p 00007000 08:01 4463665                    /usr/lib/x86_64-linux-gnu/libffi.so.6.0.1
7f6987ad6000-7f6987aec000 r-xp 00000000 08:01 6033120                    /lib/x86_64-linux-gnu/libresolv-2.17.so
7f6987aec000-7f6987cec000 ---p 00016000 08:01 6033120                    /lib/x86_64-linux-gnu/libresolv-2.17.so
7f6987cec000-7f6987ced000 r--p 00016000 08:01 6033120                    /lib/x86_64-linux-gnu/libresolv-2.17.so
7f6987ced000-7f6987cee000 rw-p 00017000 08:01 6033120                    /lib/x86_64-linux-gnu/libresolv-2.17.so
7f6987cee000-7f698c000000 rw-p 00000000 00:00 0 
7f698c000000-7f698c021000 rw-p 00000000 00:00 0 
7f698c021000-7f6990000000 ---p 00000000 00:00 0 
7f6990000000-7f6990021000 rw-p 00000000 00:00 0 
7f6990021000-7f6994000000 ---p 00000000 00:00 0 
7f6994000000-7f6994021000 rw-p 00000000 00:00 0 
7f6994021000-7f6998000000 ---p 00000000 00:00 0 
7f699800b000-7f699800e000 ---p 00000000 00:00 0 
7f699800e000-7f699810c000 rw-p 00000000 00:00 0                          [stack:2554]
7f699810c000-7f6998129000 r-xp 00000000 08:01 6033124                    /lib/x86_64-linux-gnu/libselinux.so.1
7f6998129000-7f6998328000 ---p 0001d000 08:01 6033124                    /lib/x86_64-linux-gnu/libselinux.so.1
7f6998328000-7f6998329000 r--p 0001c000 08:01 6033124                    /lib/x86_64-linux-gnu/libselinux.so.1
7f6998329000-7f699832a000 rw-p 0001d000 08:01 6033124                    /lib/x86_64-linux-gnu/libselinux.so.1
7f699832a000-7f699832b000 rw-p 00000000 00:00 0 
7f699832b000-7f699832e000 r-xp 00000000 08:01 4463758                    /usr/lib/x86_64-linux-gnu/libgmodule-2.0.so.0.3600.0
7f699832e000-7f699852d000 ---p 00003000 08:01 4463758                    /usr/lib/x86_64-linux-gnu/libgmodule-2.0.so.0.3600.0
7f699852d000-7f699852e000 r--p 00002000 08:01 4463758                    /usr/lib/x86_64-linux-gnu/libgmodule-2.0.so.0.3600.0
7f699852e000-7f699852f000 rw-p 00003000 08:01 4463758                    /usr/lib/x86_64-linux-gnu/libgmodule-2.0.so.0.3600.0
7f699852f000-7f6998628000 r-xp 00000000 08:01 6033031                    /lib/x86_64-linux-gnu/libglib-2.0.so.0.3600.0
7f6998628000-7f6998828000 ---p 000f9000 08:01 6033031                    /lib/x86_64-linux-gnu/libglib-2.0.so.0.3600.0
7f6998828000-7f6998829000 r--p 000f9000 08:01 6033031                    /lib/x86_64-linux-gnu/libglib-2.0.so.0.3600.0
7f6998829000-7f699882a000 rw-p 000fa000 08:01 6033031                    /lib/x86_64-linux-gnu/libglib-2.0.so.0.3600.0
7f699882a000-7f699882b000 rw-p 00000000 00:00 0 
7f699882b000-7f6998878000 r-xp 00000000 08:01 4463774                    /usr/lib/x86_64-linux-gnu/libgobject-2.0.so.0.3600.0
7f6998878000-7f6998a78000 ---p 0004d000 08:01 4463774                    /usr/lib/x86_64-linux-gnu/libgobject-2.0.so.0.3600.0
7f6998a78000-7f6998a79000 r--p 0004d000 08:01 4463774                    /usr/lib/x86_64-linux-gnu/libgobject-2.0.so.0.3600.0
7f6998a79000-7f6998a7a000 rw-p 0004e000 08:01 4463774                    /usr/lib/x86_64-linux-gnu/libgobject-2.0.so.0.3600.0
7f6998a7a000-7f6998bcd000 r-xp 00000000 08:01 4463748                    /usr/lib/x86_64-linux-gnu/libgio-2.0.so.0.3600.0
7f6998bcd000-7f6998dcc000 ---p 00153000 08:01 4463748                    /usr/lib/x86_64-linux-gnu/libgio-2.0.so.0.3600.0
7f6998dcc000-7f6998dd0000 r--p 00152000 08:01 4463748                    /usr/lib/x86_64-linux-gnu/libgio-2.0.so.0.3600.0
7f6998dd0000-7f6998dd2000 rw-p 00156000 08:01 4463748                    /usr/lib/x86_64-linux-gnu/libgio-2.0.so.0.3600.0
7f6998dd2000-7f6998dd4000 rw-p 00000000 00:00 0 
7f6998dec000-7f6998e02000 r-xp 00000000 08:01 4466499                    /usr/lib/jvm/java-7-openjdk-amd64/jre/lib/amd64/libnet.so
7f6998e02000-7f6999001000 ---p 00016000 08:01 4466499                    /usr/lib/jvm/java-7-openjdk-amd64/jre/lib/amd64/libnet.so
7f6999001000-7f6999002000 r--p 00015000 08:01 4466499                    /usr/lib/jvm/java-7-openjdk-amd64/jre/lib/amd64/libnet.so
7f6999002000-7f6999003000 rw-p 00016000 08:01 4466499                    /usr/lib/jvm/java-7-openjdk-amd64/jre/lib/amd64/libnet.so
7f6999003000-7f6999024000 rw-p 00000000 00:00 0 
7f6999024000-7f6999027000 ---p 00000000 00:00 0 
7f6999027000-7f6999825000 rw-p 00000000 00:00 0                          [stack:2517]
7f6999825000-7f6999826000 ---p 00000000 00:00 0 
7f6999826000-7f699a026000 rw-p 00000000 00:00 0                          [stack:2516]
7f699a026000-7f699a027000 ---p 00000000 00:00 0 
7f699a027000-7f699a827000 rw-p 00000000 00:00 0                          [stack:2515]
7f699a827000-7f699b093000 r-xp 00000000 08:01 17695068                   /home/shiwali/soar/SoarSuite/out/libSoar.so
7f699b093000-7f699b293000 ---p 0086c000 08:01 17695068                   /home/shiwali/soar/SoarSuite/out/libSoar.so
7f699b293000-7f699b2a4000 r--p 0086c000 08:01 17695068                   /home/shiwali/soar/SoarSuite/out/libSoar.so
7f699b2a4000-7f699b2bb000 rw-p 0087d000 08:01 17695068                   /home/shiwali/soar/SoarSuite/out/libSoar.so
7f699b2bb000-7f699b2bf000 rw-p 00000000 00:00 0 
7f699b2bf000-7f699b318000 r-xp 00000000 08:01 17695473                   /home/shiwali/soar/SoarSuite/out/libJava_sml_ClientInterface.so
7f699b318000-7f699b518000 ---p 00059000 08:01 17695473                   /home/shiwali/soar/SoarSuite/out/libJava_sml_ClientInterface.so
7f699b518000-7f699b519000 r--p 00059000 08:01 17695473                   /home/shiwali/soar/SoarSuite/out/libJava_sml_ClientInterface.so
7f699b519000-7f699b51b000 rw-p 0005a000 08:01 17695473                   /home/shiwali/soar/SoarSuite/out/libJava_sml_ClientInterface.so
7f699b51b000-7f699b51c000 ---p 00000000 00:00 0 
7f699b51c000-7f699b61c000 rw-p 00000000 00:00 0                          [stack:2514]
7f699b61c000-7f699b61f000 ---p 00000000 00:00 0 
7f699b61f000-7f699b71d000 rw-p 00000000 00:00 0                          [stack:2513]
7f699b71d000-7f699b720000 ---p 00000000 00:00 0 
7f699b720000-7f699b81e000 rw-p 00000000 00:00 0                          [stack:2512]
7f699b81e000-7f699b821000 ---p 00000000 00:00 0 
7f699b821000-7f699b91f000 rw-p 00000000 00:00 0                          [stack:2511]
7f699b91f000-7f699c000000 r--p 00000000 08:01 4462580                    /usr/lib/locale/locale-archive
7f699c000000-7f699c021000 rw-p 00000000 00:00 0 
7f699c021000-7f69a0000000 ---p 00000000 00:00 0 
7f69a0000000-7f69a0021000 rw-p 00000000 00:00 0 
7f69a0021000-7f69a4000000 ---p 00000000 00:00 0 
7f69a4000000-7f69a4021000 rw-p 00000000 00:00 0 
7f69a4021000-7f69a8000000 ---p 00000000 00:00 0 
7f69a8000000-7f69a8021000 rw-p 00000000 00:00 0 
7f69a8021000-7f69ac000000 ---p 00000000 00:00 0 
7f69ac000000-7f69ac021000 rw-p 00000000 00:00 0 
7f69ac021000-7f69b0000000 ---p 00000000 00:00 0 
7f69b0005000-7f69b0017000 r--s 00294000 08:01 16910059                   /home/shiwali/InstructoSoarII/april/java/april.jar
7f69b0017000-7f69b0038000 rw-p 00000000 00:00 0 
7f69b0038000-7f69b003b000 ---p 00000000 00:00 0 
7f69b003b000-7f69b0139000 rw-p 00000000 00:00 0                          [stack:2510]
7f69b0139000-7f69b013c000 ---p 00000000 00:00 0 
7f69b013c000-7f69b023a000 rw-p 00000000 00:00 0                          [stack:2508]
7f69b023a000-7f69b023d000 ---p 00000000 00:00 0 
7f69b023d000-7f69b033b000 rw-p 00000000 00:00 0                          [stack:2506]
7f69b033b000-7f69b033c000 ---p 00000000 00:00 0 
7f69b033c000-7f69b203e000 rw-p 00000000 00:00 0                          [stack:2504]
7f69b203e000-7f69b21eb000 r--s 01cec000 08:01 4466481                    /usr/lib/jvm/java-7-openjdk-amd64/jre/lib/rt.jar
7f69b21eb000-7f69b32af000 rw-p 00000000 00:00 0 
7f69b32af000-7f69b32b0000 ---p 00000000 00:00 0 
7f69b32b0000-7f69b33b0000 rw-p 00000000 00:00 0                          [stack:2502]
7f69b33b0000-7f69b33b1000 ---p 00000000 00:00 0 
7f69b33b1000-7f69b34b1000 rw-p 00000000 00:00 0                          [stack:2500]
7f69b34b1000-7f69b34b2000 ---p 00000000 00:00 0 
7f69b34b2000-7f69b35b2000 rw-p 00000000 00:00 0                          [stack:2498]
7f69b35b2000-7f69b35b3000 ---p 00000000 00:00 0 
7f69b35b3000-7f69b36b3000 rw-p 00000000 00:00 0                          [stack:2496]
7f69b36b3000-7f69b36b4000 ---p 00000000 00:00 0 
7f69b36b4000-7f69b37b4000 rw-p 00000000 00:00 0                          [stack:2495]
7f69b37b4000-7f69b37b5000 ---p 00000000 00:00 0 
7f69b37b5000-7f69b38b5000 rw-p 00000000 00:00 0                          [stack:2494]
7f69b38b5000-7f69b38b6000 ---p 00000000 00:00 0 
7f69b38b6000-7f69b39b6000 rw-p 00000000 00:00 0                          [stack:2493]
7f69b39b6000-7f69b39b7000 ---p 00000000 00:00 0 
7f69b39b7000-7f69b3ae1000 rw-p 00000000 00:00 0                          [stack:2492]
7f69b3ae1000-7f69b3d4b000 rw-p 00000000 00:00 0 
7f69b3d4b000-7f69b3d56000 rw-p 00000000 00:00 0 
7f69b3d56000-7f69b3d9e000 rw-p 00000000 00:00 0 
7f69b3d9e000-7f69b3dc8000 rw-p 00000000 00:00 0 
7f69b3dc8000-7f69b4032000 rw-p 00000000 00:00 0 
7f69b4032000-7f69b4132000 rw-p 00000000 00:00 0 
7f69b4132000-7f69b417c000 rw-p 00000000 00:00 0 
7f69b417c000-7f69b417d000 rw-p 00000000 00:00 0 
7f69b417d000-7f69b43ed000 rwxp 00000000 00:00 0 
7f69b43ed000-7f69b717d000 rw-p 00000000 00:00 0 
7f69b717d000-7f69b7185000 r-xp 00000000 08:01 4466526                    /usr/lib/jvm/java-7-openjdk-amd64/jre/lib/amd64/libzip.so
7f69b7185000-7f69b7384000 ---p 00008000 08:01 4466526                    /usr/lib/jvm/java-7-openjdk-amd64/jre/lib/amd64/libzip.so
7f69b7384000-7f69b7385000 r--p 00007000 08:01 4466526                    /usr/lib/jvm/java-7-openjdk-amd64/jre/lib/amd64/libzip.so
7f69b7385000-7f69b7386000 rw-p 00008000 08:01 4466526                    /usr/lib/jvm/java-7-openjdk-amd64/jre/lib/amd64/libzip.so
7f69b7386000-7f69b7392000 r-xp 00000000 08:01 6033075                    /lib/x86_64-linux-gnu/libnss_files-2.17.so
7f69b7392000-7f69b7591000 ---p 0000c000 08:01 6033075                    /lib/x86_64-linux-gnu/libnss_files-2.17.so
7f69b7591000-7f69b7592000 r--p 0000b000 08:01 6033075                    /lib/x86_64-linux-gnu/libnss_files-2.17.so
7f69b7592000-7f69b7593000 rw-p 0000c000 08:01 6033075                    /lib/x86_64-linux-gnu/libnss_files-2.17.so
7f69b7593000-7f69b759e000 r-xp 00000000 08:01 6033079                    /lib/x86_64-linux-gnu/libnss_nis-2.17.so
7f69b759e000-7f69b779d000 ---p 0000b000 08:01 6033079                    /lib/x86_64-linux-gnu/libnss_nis-2.17.so
7f69b779d000-7f69b779e000 r--p 0000a000 08:01 6033079                    /lib/x86_64-linux-gnu/libnss_nis-2.17.so
7f69b779e000-7f69b779f000 rw-p 0000b000 08:01 6033079                    /lib/x86_64-linux-gnu/libnss_nis-2.17.so
7f69b779f000-7f69b77b6000 r-xp 00000000 08:01 6033069                    /lib/x86_64-linux-gnu/libnsl-2.17.so
7f69b77b6000-7f69b79b5000 ---p 00017000 08:01 6033069                    /lib/x86_64-linux-gnu/libnsl-2.17.so
7f69b79b5000-7f69b79b6000 r--p 00016000 08:01 6033069                    /lib/x86_64-linux-gnu/libnsl-2.17.so
7f69b79b6000-7f69b79b7000 rw-p 00017000 08:01 6033069                    /lib/x86_64-linux-gnu/libnsl-2.17.so
7f69b79b7000-7f69b79b9000 rw-p 00000000 00:00 0 
7f69b79b9000-7f69b79c1000 r-xp 00000000 08:01 6033071                    /lib/x86_64-linux-gnu/libnss_compat-2.17.so
7f69b79c1000-7f69b7bc0000 ---p 00008000 08:01 6033071                    /lib/x86_64-linux-gnu/libnss_compat-2.17.so
7f69b7bc0000-7f69b7bc1000 r--p 00007000 08:01 6033071                    /lib/x86_64-linux-gnu/libnss_compat-2.17.so
7f69b7bc1000-7f69b7bc2000 rw-p 00008000 08:01 6033071                    /lib/x86_64-linux-gnu/libnss_compat-2.17.so
7f69b7bc2000-7f69b7bed000 r-xp 00000000 08:01 4466510                    /usr/lib/jvm/java-7-openjdk-amd64/jre/lib/amd64/libjava.so
7f69b7bed000-7f69b7dec000 ---p 0002b000 08:01 4466510                    /usr/lib/jvm/java-7-openjdk-amd64/jre/lib/amd64/libjava.so
7f69b7dec000-7f69b7ded000 r--p 0002a000 08:01 4466510                    /usr/lib/jvm/java-7-openjdk-amd64/jre/lib/amd64/libjava.so
7f69b7ded000-7f69b7def000 rw-p 0002b000 08:01 4466510                    /usr/lib/jvm/java-7-openjdk-amd64/jre/lib/amd64/libjava.so
7f69b7def000-7f69b7dfe000 r-xp 00000000 08:01 4466509                    /usr/lib/jvm/java-7-openjdk-amd64/jre/lib/amd64/libverify.so
7f69b7dfe000-7f69b7ffd000 ---p 0000f000 08:01 4466509                    /usr/lib/jvm/java-7-openjdk-amd64/jre/lib/amd64/libverify.so
7f69b7ffd000-7f69b7fff000 r--p 0000e000 08:01 4466509                    /usr/lib/jvm/java-7-openjdk-amd64/jre/lib/amd64/libverify.so
7f69b7fff000-7f69b8000000 rw-p 00010000 08:01 4466509                    /usr/lib/jvm/java-7-openjdk-amd64/jre/lib/amd64/libverify.so
7f69b8000000-7f69b8627000 rw-p 00000000 00:00 0 
7f69b8627000-7f69bc000000 ---p 00000000 00:00 0 
7f69bc002000-7f69bc006000 r--s 00035000 08:01 17957274                   /home/shiwali/InstructoSoarII/probcog2/java/probcog.jar
7f69bc006000-7f69bc009000 r--s 0001d000 08:01 5378582                    /usr/local/share/java/lcm.jar
7f69bc009000-7f69bc01c000 r--s 00211000 08:01 17695927                   /home/shiwali/soar/SoarSuite/out/java/swt.jar
7f69bc01c000-7f69bc0fd000 rw-p 00000000 00:00 0 
7f69bc0fd000-7f69bc145000 rw-p 00000000 00:00 0 
7f69bc145000-7f69bc14c000 r-xp 00000000 08:01 6033122                    /lib/x86_64-linux-gnu/librt-2.17.so
7f69bc14c000-7f69bc34b000 ---p 00007000 08:01 6033122                    /lib/x86_64-linux-gnu/librt-2.17.so
7f69bc34b000-7f69bc34c000 r--p 00006000 08:01 6033122                    /lib/x86_64-linux-gnu/librt-2.17.so
7f69bc34c000-7f69bc34d000 rw-p 00007000 08:01 6033122                    /lib/x86_64-linux-gnu/librt-2.17.so
7f69bc34d000-7f69bc361000 r-xp 00000000 08:01 6033027                    /lib/x86_64-linux-gnu/libgcc_s.so.1
7f69bc361000-7f69bc561000 ---p 00014000 08:01 6033027                    /lib/x86_64-linux-gnu/libgcc_s.so.1
7f69bc561000-7f69bc562000 r--p 00014000 08:01 6033027                    /lib/x86_64-linux-gnu/libgcc_s.so.1
7f69bc562000-7f69bc563000 rw-p 00015000 08:01 6033027                    /lib/x86_64-linux-gnu/libgcc_s.so.1
7f69bc563000-7f69bc666000 r-xp 00000000 08:01 6033050                    /lib/x86_64-linux-gnu/libm-2.17.so
7f69bc666000-7f69bc866000 ---p 00103000 08:01 6033050                    /lib/x86_64-linux-gnu/libm-2.17.so
7f69bc866000-7f69bc867000 r--p 00103000 08:01 6033050                    /lib/x86_64-linux-gnu/libm-2.17.so
7f69bc867000-7f69bc868000 rw-p 00104000 08:01 6033050                    /lib/x86_64-linux-gnu/libm-2.17.so
7f69bc868000-7f69bc94d000 r-xp 00000000 08:01 4464194                    /usr/lib/x86_64-linux-gnu/libstdc++.so.6.0.17
7f69bc94d000-7f69bcb4c000 ---p 000e5000 08:01 4464194                    /usr/lib/x86_64-linux-gnu/libstdc++.so.6.0.17
7f69bcb4c000-7f69bcb54000 r--p 000e4000 08:01 4464194                    /usr/lib/x86_64-linux-gnu/libstdc++.so.6.0.17
7f69bcb54000-7f69bcb56000 rw-p 000ec000 08:01 4464194                    /usr/lib/x86_64-linux-gnu/libstdc++.so.6.0.17
7f69bcb56000-7f69bcb6b000 rw-p 00000000 00:00 0 
7f69bcb6b000-7f69bd55b000 r-xp 00000000 08:01 4466515                    /usr/lib/jvm/java-7-openjdk-amd64/jre/lib/amd64/server/libjvm.so
7f69bd55b000-7f69bd75a000 ---p 009f0000 08:01 4466515                    /usr/lib/jvm/java-7-openjdk-amd64/jre/lib/amd64/server/libjvm.so
7f69bd75a000-7f69bd7d9000 r--p 009ef000 08:01 4466515                    /usr/lib/jvm/java-7-openjdk-amd64/jre/lib/amd64/server/libjvm.so
7f69bd7d9000-7f69bd7fc000 rw-p 00a6e000 08:01 4466515                    /usr/lib/jvm/java-7-openjdk-amd64/jre/lib/amd64/server/libjvm.so
7f69bd7fc000-7f69bd827000 rw-p 00000000 00:00 0 
7f69bd827000-7f69bd83d000 r-xp 00000000 08:01 6033155                    /lib/x86_64-linux-gnu/libz.so.1.2.7
7f69bd83d000-7f69bda3c000 ---p 00016000 08:01 6033155                    /lib/x86_64-linux-gnu/libz.so.1.2.7
7f69bda3c000-7f69bda3d000 r--p 00015000 08:01 6033155                    /lib/x86_64-linux-gnu/libz.so.1.2.7
7f69bda3d000-7f69bda3e000 rw-p 00016000 08:01 6033155                    /lib/x86_64-linux-gnu/libz.so.1.2.7
7f69bda3e000-7f69bda56000 r-xp 00000000 08:01 6033114                    /lib/x86_64-linux-gnu/libpthread-2.17.so
7f69bda56000-7f69bdc55000 ---p 00018000 08:01 6033114                    /lib/x86_64-linux-gnu/libpthread-2.17.so
7f69bdc55000-7f69bdc56000 r--p 00017000 08:01 6033114                    /lib/x86_64-linux-gnu/libpthread-2.17.so
7f69bdc56000-7f69bdc57000 rw-p 00018000 08:01 6033114                    /lib/x86_64-linux-gnu/libpthread-2.17.so
7f69bdc57000-7f69bdc5b000 rw-p 00000000 00:00 0 
7f69bdc5b000-7f69bdc5e000 r-xp 00000000 08:01 6033017                    /lib/x86_64-linux-gnu/libdl-2.17.so
7f69bdc5e000-7f69bde5d000 ---p 00003000 08:01 6033017                    /lib/x86_64-linux-gnu/libdl-2.17.so
7f69bde5d000-7f69bde5e000 r--p 00002000 08:01 6033017                    /lib/x86_64-linux-gnu/libdl-2.17.so
7f69bde5e000-7f69bde5f000 rw-p 00003000 08:01 6033017                    /lib/x86_64-linux-gnu/libdl-2.17.so
7f69bde5f000-7f69be01d000 r-xp 00000000 08:01 6033002                    /lib/x86_64-linux-gnu/libc-2.17.so
7f69be01d000-7f69be21c000 ---p 001be000 08:01 6033002                    /lib/x86_64-linux-gnu/libc-2.17.so
7f69be21c000-7f69be220000 r--p 001bd000 08:01 6033002                    /lib/x86_64-linux-gnu/libc-2.17.so
7f69be220000-7f69be222000 rw-p 001c1000 08:01 6033002                    /lib/x86_64-linux-gnu/libc-2.17.so
7f69be222000-7f69be227000 rw-p 00000000 00:00 0 
7f69be227000-7f69be234000 r-xp 00000000 08:01 4466492                    /usr/lib/jvm/java-7-openjdk-amd64/jre/lib/amd64/jli/libjli.so
7f69be234000-7f69be433000 ---p 0000d000 08:01 4466492                    /usr/lib/jvm/java-7-openjdk-amd64/jre/lib/amd64/jli/libjli.so
7f69be433000-7f69be434000 r--p 0000c000 08:01 4466492                    /usr/lib/jvm/java-7-openjdk-amd64/jre/lib/amd64/jli/libjli.so
7f69be434000-7f69be435000 rw-p 0000d000 08:01 4466492                    /usr/lib/jvm/java-7-openjdk-amd64/jre/lib/amd64/jli/libjli.so
7f69be435000-7f69be458000 r-xp 00000000 08:01 6032978                    /lib/x86_64-linux-gnu/ld-2.17.so
7f69be459000-7f69be45a000 rw-p 00000000 00:00 0 
7f69be45a000-7f69be463000 r--s 0005a000 08:01 17695921                   /home/shiwali/soar/SoarSuite/out/java/soar-debugger.jar
7f69be463000-7f69be464000 r--s 00001000 08:01 17695613                   /home/shiwali/soar/SoarSuite/out/java/soar-debugger-api.jar
7f69be464000-7f69be465000 r--s 00003000 08:01 17695926                   /home/shiwali/soar/SoarSuite/out/java/swtgraphics2d.jar
7f69be465000-7f69be467000 r--s 00005000 08:01 17695599                   /home/shiwali/soar/SoarSuite/out/java/soar-smljava.jar
7f69be467000-7f69be470000 r--s 000bc000 08:01 4465943                    /usr/lib/jvm/java-7-openjdk-common/jre/lib/resources.jar
7f69be470000-7f69be473000 r--s 00018000 08:01 17695577                   /home/shiwali/soar/SoarSuite/out/java/sml.jar
7f69be473000-7f69be477000 r--s 00085000 08:01 4465946                    /usr/lib/jvm/java-7-openjdk-common/jre/lib/ext/localedata.jar
7f69be477000-7f69be481000 rw-p 00000000 00:00 0 
7f69be481000-7f69be537000 rw-p 00000000 00:00 0 
7f69be537000-7f69be53a000 ---p 00000000 00:00 0 
7f69be53a000-7f69be63d000 rw-p 00000000 00:00 0                          [stack:2491]
7f69be63d000-7f69be640000 r--s 00032000 08:01 4465947                    /usr/lib/jvm/java-7-openjdk-common/jre/lib/ext/sunjce_provider.jar
7f69be640000-7f69be643000 r--s 0003c000 08:01 4465945                    /usr/lib/jvm/java-7-openjdk-common/jre/lib/ext/sunpkcs11.jar
7f69be643000-7f69be644000 r--s 00002000 08:01 4465949                    /usr/lib/jvm/java-7-openjdk-common/jre/lib/ext/dnsns.jar
7f69be644000-7f69be647000 r--s 0000f000 08:01 4465948                    /usr/lib/jvm/java-7-openjdk-common/jre/lib/ext/pulse-java.jar
7f69be647000-7f69be649000 r--s 00006000 08:01 4855577                    /usr/share/java/java-atk-wrapper.jar
7f69be649000-7f69be64b000 r--s 00012000 08:01 4465950                    /usr/lib/jvm/java-7-openjdk-common/jre/lib/ext/zipfs.jar
7f69be64b000-7f69be653000 rw-s 00000000 08:01 6160791                    /tmp/hsperfdata_shiwali/2486
7f69be653000-7f69be654000 rw-p 00000000 00:00 0 
7f69be654000-7f69be655000 r--p 00000000 00:00 0 
7f69be655000-7f69be657000 rw-p 00000000 00:00 0 
7f69be657000-7f69be658000 r--p 00022000 08:01 6032978                    /lib/x86_64-linux-gnu/ld-2.17.so
7f69be658000-7f69be65a000 rw-p 00023000 08:01 6032978                    /lib/x86_64-linux-gnu/ld-2.17.so
7fffb9e65000-7fffb9e86000 rw-p 00000000 00:00 0                          [stack]
7fffb9ffe000-7fffba000000 r-xp 00000000 00:00 0                          [vdso]
ffffffffff600000-ffffffffff601000 r-xp 00000000 00:00 0                  [vsyscall]

VM Arguments:
jvm_args: -Dfile.encoding=UTF-8 
java_command: edu.umich.insoar.InSoar
Launcher Type: SUN_STANDARD

Environment Variables:
PATH=/usr/lib/lightdm/lightdm:/usr/local/sbin:/usr/local/bin:/usr/sbin:/usr/bin:/sbin:/bin:/usr/games:/usr/local/games
LD_LIBRARY_PATH=/home/shiwali/soar/SoarSuite/out
SHELL=/bin/bash
DISPLAY=:0

Signal Handlers:
SIGSEGV: [libjvm.so+0x84f410], sa_mask[0]=0x7ffbfeff, sa_flags=0x10000004
SIGBUS: [libjvm.so+0x84f410], sa_mask[0]=0x7ffbfeff, sa_flags=0x10000004
SIGFPE: [libjvm.so+0x6f19a0], sa_mask[0]=0x7ffbfeff, sa_flags=0x10000004
SIGPIPE: SIG_IGN, sa_mask[0]=0x00000000, sa_flags=0x00000000
SIGXFSZ: [libjvm.so+0x6f19a0], sa_mask[0]=0x7ffbfeff, sa_flags=0x10000004
SIGILL: [libjvm.so+0x6f19a0], sa_mask[0]=0x7ffbfeff, sa_flags=0x10000004
SIGUSR1: SIG_DFL, sa_mask[0]=0x00000000, sa_flags=0x00000000
SIGUSR2: [libjvm.so+0x6f1d70], sa_mask[0]=0x00000004, sa_flags=0x10000004
SIGHUP: [libjvm.so+0x6f1eb0], sa_mask[0]=0x7ffbfeff, sa_flags=0x10000004
SIGINT: [libjvm.so+0x6f1eb0], sa_mask[0]=0x7ffbfeff, sa_flags=0x10000004
SIGTERM: [libjvm.so+0x6f1eb0], sa_mask[0]=0x7ffbfeff, sa_flags=0x10000004
SIGQUIT: [libjvm.so+0x6f1eb0], sa_mask[0]=0x7ffbfeff, sa_flags=0x10000004


---------------  S Y S T E M  ---------------

OS:Ubuntu 13.04 (raring)
uname:Linux 3.8.0-27-generic #40-Ubuntu SMP Tue Jul 9 00:17:05 UTC 2013 x86_64
libc:glibc 2.17 NPTL 2.17 
rlimit: STACK 8192k, CORE 0k, NPROC 63152, NOFILE 4096, AS infinity
load average:1.93 1.62 1.23

/proc/meminfo:
MemTotal:        8102568 kB
MemFree:         1176388 kB
Buffers:          167284 kB
Cached:          1254832 kB
SwapCached:         6268 kB
Active:          3968700 kB
Inactive:        1668996 kB
Active(anon):    3181104 kB
Inactive(anon):  1076672 kB
Active(file):     787596 kB
Inactive(file):   592324 kB
Unevictable:         100 kB
Mlocked:             100 kB
SwapTotal:       8311804 kB
SwapFree:        8252604 kB
Dirty:               144 kB
Writeback:             0 kB
AnonPages:       4210336 kB
Mapped:           245896 kB
Shmem:             42140 kB
Slab:             242096 kB
SReclaimable:     178260 kB
SUnreclaim:        63836 kB
KernelStack:        5904 kB
PageTables:        56632 kB
NFS_Unstable:          0 kB
Bounce:                0 kB
WritebackTmp:          0 kB
CommitLimit:    12363088 kB
Committed_AS:    9161108 kB
VmallocTotal:   34359738367 kB
VmallocUsed:      102280 kB
VmallocChunk:   34359553512 kB
HardwareCorrupted:     0 kB
AnonHugePages:         0 kB
HugePages_Total:       0
HugePages_Free:        0
HugePages_Rsvd:        0
HugePages_Surp:        0
Hugepagesize:       2048 kB
DirectMap4k:       64316 kB
DirectMap2M:     8249344 kB


CPU:total 8 (4 cores per cpu, 2 threads per core) family 6 model 30 stepping 5, cmov, cx8, fxsr, mmx, sse, sse2, sse3, ssse3, sse4.1, sse4.2, popcnt, ht, tsc, tscinvbit

/proc/cpuinfo:
processor	: 0
vendor_id	: GenuineIntel
cpu family	: 6
model		: 30
model name	: Intel(R) Core(TM) i7 CPU         860  @ 2.80GHz
stepping	: 5
microcode	: 0x5
cpu MHz		: 1197.000
cache size	: 8192 KB
physical id	: 0
siblings	: 8
core id		: 0
cpu cores	: 4
apicid		: 0
initial apicid	: 0
fpu		: yes
fpu_exception	: yes
cpuid level	: 11
wp		: yes
flags		: fpu vme de pse tsc msr pae mce cx8 apic sep mtrr pge mca cmov pat pse36 clflush dts acpi mmx fxsr sse sse2 ss ht tm pbe syscall nx rdtscp lm constant_tsc arch_perfmon pebs bts rep_good nopl xtopology nonstop_tsc aperfmperf pni dtes64 monitor ds_cpl vmx smx est tm2 ssse3 cx16 xtpr pdcm sse4_1 sse4_2 popcnt lahf_lm ida dtherm tpr_shadow vnmi flexpriority ept vpid
bogomips	: 5585.70
clflush size	: 64
cache_alignment	: 64
address sizes	: 36 bits physical, 48 bits virtual
power management:

processor	: 1
vendor_id	: GenuineIntel
cpu family	: 6
model		: 30
model name	: Intel(R) Core(TM) i7 CPU         860  @ 2.80GHz
stepping	: 5
microcode	: 0x5
cpu MHz		: 2794.000
cache size	: 8192 KB
physical id	: 0
siblings	: 8
core id		: 1
cpu cores	: 4
apicid		: 2
initial apicid	: 2
fpu		: yes
fpu_exception	: yes
cpuid level	: 11
wp		: yes
flags		: fpu vme de pse tsc msr pae mce cx8 apic sep mtrr pge mca cmov pat pse36 clflush dts acpi mmx fxsr sse sse2 ss ht tm pbe syscall nx rdtscp lm constant_tsc arch_perfmon pebs bts rep_good nopl xtopology nonstop_tsc aperfmperf pni dtes64 monitor ds_cpl vmx smx est tm2 ssse3 cx16 xtpr pdcm sse4_1 sse4_2 popcnt lahf_lm ida dtherm tpr_shadow vnmi flexpriority ept vpid
bogomips	: 5585.70
clflush size	: 64
cache_alignment	: 64
address sizes	: 36 bits physical, 48 bits virtual
power management:

processor	: 2
vendor_id	: GenuineIntel
cpu family	: 6
model		: 30
model name	: Intel(R) Core(TM) i7 CPU         860  @ 2.80GHz
stepping	: 5
microcode	: 0x5
cpu MHz		: 2794.000
cache size	: 8192 KB
physical id	: 0
siblings	: 8
core id		: 2
cpu cores	: 4
apicid		: 4
initial apicid	: 4
fpu		: yes
fpu_exception	: yes
cpuid level	: 11
wp		: yes
flags		: fpu vme de pse tsc msr pae mce cx8 apic sep mtrr pge mca cmov pat pse36 clflush dts acpi mmx fxsr sse sse2 ss ht tm pbe syscall nx rdtscp lm constant_tsc arch_perfmon pebs bts rep_good nopl xtopology nonstop_tsc aperfmperf pni dtes64 monitor ds_cpl vmx smx est tm2 ssse3 cx16 xtpr pdcm sse4_1 sse4_2 popcnt lahf_lm ida dtherm tpr_shadow vnmi flexpriority ept vpid
bogomips	: 5585.70
clflush size	: 64
cache_alignment	: 64
address sizes	: 36 bits physical, 48 bits virtual
power management:

processor	: 3
vendor_id	: GenuineIntel
cpu family	: 6
model		: 30
model name	: Intel(R) Core(TM) i7 CPU         860  @ 2.80GHz
stepping	: 5
microcode	: 0x5
cpu MHz		: 2794.000
cache size	: 8192 KB
physical id	: 0
siblings	: 8
core id		: 3
cpu cores	: 4
apicid		: 6
initial apicid	: 6
fpu		: yes
fpu_exception	: yes
cpuid level	: 11
wp		: yes
flags		: fpu vme de pse tsc msr pae mce cx8 apic sep mtrr pge mca cmov pat pse36 clflush dts acpi mmx fxsr sse sse2 ss ht tm pbe syscall nx rdtscp lm constant_tsc arch_perfmon pebs bts rep_good nopl xtopology nonstop_tsc aperfmperf pni dtes64 monitor ds_cpl vmx smx est tm2 ssse3 cx16 xtpr pdcm sse4_1 sse4_2 popcnt lahf_lm ida dtherm tpr_shadow vnmi flexpriority ept vpid
bogomips	: 5585.70
clflush size	: 64
cache_alignment	: 64
address sizes	: 36 bits physical, 48 bits virtual
power management:

processor	: 4
vendor_id	: GenuineIntel
cpu family	: 6
model		: 30
model name	: Intel(R) Core(TM) i7 CPU         860  @ 2.80GHz
stepping	: 5
microcode	: 0x5
cpu MHz		: 1197.000
cache size	: 8192 KB
physical id	: 0
siblings	: 8
core id		: 0
cpu cores	: 4
apicid		: 1
initial apicid	: 1
fpu		: yes
fpu_exception	: yes
cpuid level	: 11
wp		: yes
flags		: fpu vme de pse tsc msr pae mce cx8 apic sep mtrr pge mca cmov pat pse36 clflush dts acpi mmx fxsr sse sse2 ss ht tm pbe syscall nx rdtscp lm constant_tsc arch_perfmon pebs bts rep_good nopl xtopology nonstop_tsc aperfmperf pni dtes64 monitor ds_cpl vmx smx est tm2 ssse3 cx16 xtpr pdcm sse4_1 sse4_2 popcnt lahf_lm ida dtherm tpr_shadow vnmi flexpriority ept vpid
bogomips	: 5585.70
clflush size	: 64
cache_alignment	: 64
address sizes	: 36 bits physical, 48 bits virtual
power management:

processor	: 5
vendor_id	: GenuineIntel
cpu family	: 6
model		: 30
model name	: Intel(R) Core(TM) i7 CPU         860  @ 2.80GHz
stepping	: 5
microcode	: 0x5
cpu MHz		: 2794.000
cache size	: 8192 KB
physical id	: 0
siblings	: 8
core id		: 1
cpu cores	: 4
apicid		: 3
initial apicid	: 3
fpu		: yes
fpu_exception	: yes
cpuid level	: 11
wp		: yes
flags		: fpu vme de pse tsc msr pae mce cx8 apic sep mtrr pge mca cmov pat pse36 clflush dts acpi mmx fxsr sse sse2 ss ht tm pbe syscall nx rdtscp lm constant_tsc arch_perfmon pebs bts rep_good nopl xtopology nonstop_tsc aperfmperf pni dtes64 monitor ds_cpl vmx smx est tm2 ssse3 cx16 xtpr pdcm sse4_1 sse4_2 popcnt lahf_lm ida dtherm tpr_shadow vnmi flexpriority ept vpid
bogomips	: 5585.70
clflush size	: 64
cache_alignment	: 64
address sizes	: 36 bits physical, 48 bits virtual
power management:

processor	: 6
vendor_id	: GenuineIntel
cpu family	: 6
model		: 30
model name	: Intel(R) Core(TM) i7 CPU         860  @ 2.80GHz
stepping	: 5
microcode	: 0x5
cpu MHz		: 1197.000
cache size	: 8192 KB
physical id	: 0
siblings	: 8
core id		: 2
cpu cores	: 4
apicid		: 5
initial apicid	: 5
fpu		: yes
fpu_exception	: yes
cpuid level	: 11
wp		: yes
flags		: fpu vme de pse tsc msr pae mce cx8 apic sep mtrr pge mca cmov pat pse36 clflush dts acpi mmx fxsr sse sse2 ss ht tm pbe syscall nx rdtscp lm constant_tsc arch_perfmon pebs bts rep_good nopl xtopology nonstop_tsc aperfmperf pni dtes64 monitor ds_cpl vmx smx est tm2 ssse3 cx16 xtpr pdcm sse4_1 sse4_2 popcnt lahf_lm ida dtherm tpr_shadow vnmi flexpriority ept vpid
bogomips	: 5585.70
clflush size	: 64
cache_alignment	: 64
address sizes	: 36 bits physical, 48 bits virtual
power management:

processor	: 7
vendor_id	: GenuineIntel
cpu family	: 6
model		: 30
model name	: Intel(R) Core(TM) i7 CPU         860  @ 2.80GHz
stepping	: 5
microcode	: 0x5
cpu MHz		: 2794.000
cache size	: 8192 KB
physical id	: 0
siblings	: 8
core id		: 3
cpu cores	: 4
apicid		: 7
initial apicid	: 7
fpu		: yes
fpu_exception	: yes
cpuid level	: 11
wp		: yes
flags		: fpu vme de pse tsc msr pae mce cx8 apic sep mtrr pge mca cmov pat pse36 clflush dts acpi mmx fxsr sse sse2 ss ht tm pbe syscall nx rdtscp lm constant_tsc arch_perfmon pebs bts rep_good nopl xtopology nonstop_tsc aperfmperf pni dtes64 monitor ds_cpl vmx smx est tm2 ssse3 cx16 xtpr pdcm sse4_1 sse4_2 popcnt lahf_lm ida dtherm tpr_shadow vnmi flexpriority ept vpid
bogomips	: 5585.70
clflush size	: 64
cache_alignment	: 64
address sizes	: 36 bits physical, 48 bits virtual
power management:



Memory: 4k page, physical 8102568k(1176388k free), swap 8311804k(8252604k free)

vm_info: OpenJDK 64-Bit Server VM (23.7-b01) for linux-amd64 JRE (1.7.0_25-b30), built on Jul  3 2013 13:50:39 by "buildd" with gcc 4.7.3

time: Tue Aug 13 10:18:57 2013
elapsed time: 151 seconds

