#
# A fatal error has been detected by the Java Runtime Environment:
#
#  SIGSEGV (0xb) at pc=0x00007fd04ddf52b9, pid=10326, tid=140532626081536
#
# JRE version: 7.0_25-b30
# Java VM: OpenJDK 64-Bit Server VM (23.7-b01 mixed mode linux-amd64 compressed oops)
# Problematic frame:
# C  [libSoar.so+0x1d72b9]  add_wme_to_gds(agent_struct*, gds_struct*, wme_struct*)+0x4b
#
# Failed to write core dump. Core dumps have been disabled. To enable core dumping, try "ulimit -c unlimited" before starting Java again
#
# If you would like to submit a bug report, please include
# instructions on how to reproduce the bug and visit:
#   https://bugs.launchpad.net/ubuntu/+source/openjdk-7/
#

---------------  T H R E A D  ---------------

Current thread is native thread

siginfo:si_signo=SIGSEGV: si_errno=0, si_code=1 (SEGV_MAPERR), si_addr=0x0000000000000008

Registers:
RAX=0x0000000000000000, RBX=0x00007fd0212758e0, RCX=0x0000000000000000, RDX=0x0000000000000000
RSP=0x00007fd04d41a9c0, RBP=0x00007fd04d41aaf0, RSI=0x0000000000000000, RDI=0x00007fd020000dd0
R8 =0x00007fd02191f6b0, R9 =0x0000000000000200, R10=0x0000000000000021, R11=0x00007fd020000078
R12=0x0000000000000000, R13=0x00007fd06f721060, R14=0x00007fd06f6f84f0, R15=0x0000000000001000
RIP=0x00007fd04ddf52b9, EFLAGS=0x0000000000010246, CSGSFS=0x0000000000000033, ERR=0x0000000000000004
  TRAPNO=0x000000000000000e

Top of Stack: (sp=0x00007fd04d41a9c0)
0x00007fd04d41a9c0:   00007fd000000000 00007fd020ff13e8
0x00007fd04d41a9d0:   0000000000000000 00007fd020000dd0
0x00007fd04d41a9e0:   00007fd0213a0720 00007fd0213a0720
0x00007fd04d41a9f0:   00007fd0213a0920 00007fd0211dfe08
0x00007fd04d41aa00:   00007fd04d41aad0 00007fd04d41ac50
0x00007fd04d41aa10:   00007fd0212ef000 00007fd0212758e0
0x00007fd04d41aa20:   00007fd04d41aaf0 0000000000000000
0x00007fd04d41aa30:   00007fd06f721060 00007fd06f6f84f0
0x00007fd04d41aa40:   0000000000001000 00007fd04ddf5c18
0x00007fd04d41aa50:   00007fd0213a0720 00007fd020000dd0
0x00007fd04d41aa60:   00017fd0213a0920 0000000000000000
0x00007fd04d41aa70:   0000000000000000 00007fd020000020
0x00007fd04d41aa80:   0000000000000018 0000000000000000
0x00007fd04d41aa90:   00007fd06f721060 00007fd06f6f84f0
0x00007fd04d41aaa0:   0000000000001000 00007fd06efab580
0x00007fd04d41aab0:   00007fd0213a0920 00007fd0212758e0
0x00007fd04d41aac0:   00007fd04d41aaf0 00007fd04ddf51fe
0x00007fd04d41aad0:   00007fd0207f9818 00007fd020000dd0
0x00007fd04d41aae0:   0000000000000000 a8c8f32c00f72300
0x00007fd04d41aaf0:   00007fd04d41aba0 00007fd04ddf5758
0x00007fd04d41ab00:   00007fd0213a0720 00007fd020000dd0
0x00007fd04d41ab10:   00077fd0213a0920 0000000000000000
0x00007fd04d41ab20:   00007fd0206e85e0 00007fd021347060
0x00007fd04d41ab30:   00007fd0207fa788 00007fd020ff13e8
0x00007fd04d41ab40:   0000000000000000 00007fd0214c5730
0x00007fd04d41ab50:   0000000000001000 00007fd06efab580
0x00007fd04d41ab60:   0000000100000000 00007fd0212758e0
0x00007fd04d41ab70:   00007fd04d41aba0 00007fd0212758e0
0x00007fd04d41ab80:   00007fd04d41ac50 0000000000000000
0x00007fd04d41ab90:   00007fd06f721060 00007fd021347060
0x00007fd04d41aba0:   00007fd04d41ac50 00007fd04ddf5c52
0x00007fd04d41abb0:   00007fd06f721060 00007fd020000dd0 

Instructions: (pc=0x00007fd04ddf52b9)
0x00007fd04ddf5299:   45 f8 31 c0 48 8b 85 d8 fe ff ff 48 8b 95 e0 fe
0x00007fd04ddf52a9:   ff ff 48 89 90 90 00 00 00 48 8b 85 e0 fe ff ff
0x00007fd04ddf52b9:   48 8b 50 08 48 8b 85 d8 fe ff ff 48 89 90 98 00
0x00007fd04ddf52c9:   00 00 48 8b 85 d8 fe ff ff 48 c7 80 a0 00 00 00 

Register to memory mapping:

RAX=0x0000000000000000 is an unknown value
RBX=0x00007fd0212758e0 is an unknown value
RCX=0x0000000000000000 is an unknown value
RDX=0x0000000000000000 is an unknown value
RSP=0x00007fd04d41a9c0 is an unknown value
RBP=0x00007fd04d41aaf0 is an unknown value
RSI=0x0000000000000000 is an unknown value
RDI=0x00007fd020000dd0 is an unknown value
R8 =0x00007fd02191f6b0 is an unknown value
R9 =0x0000000000000200 is an unknown value
R10=0x0000000000000021 is an unknown value
R11=0x00007fd020000078 is an unknown value
R12=0x0000000000000000 is an unknown value
R13=0x00007fd06f721060: _rtld_global+0 in /lib64/ld-linux-x86-64.so.2 at 0x00007fd06f4fe000
R14=0x00007fd06f6f84f0 is pointing into the stack for thread: 0x00007fd068009800
R15=0x0000000000001000 is an unknown value


Stack: [0x00007fd04cc1c000,0x00007fd04d41d000],  sp=0x00007fd04d41a9c0,  free space=8186k
Native frames: (J=compiled Java code, j=interpreted, Vv=VM code, C=native code)
C  [libSoar.so+0x1d72b9]  add_wme_to_gds(agent_struct*, gds_struct*, wme_struct*)+0x4b
C  [libSoar.so+0x1d7758]  elaborate_gds(agent_struct*)+0x328
C  [libSoar.so+0x1d7c52]  elaborate_gds(agent_struct*)+0x822
C  [libSoar.so+0x1d516a]  decide_non_context_slot(agent_struct*, slot_struct*)+0x4f6
C  [libSoar.so+0x1d52e3]  decide_non_context_slots(agent_struct*)+0x55
C  [libSoar.so+0x1d6f18]  do_working_memory_phase(agent_struct*)+0x105
C  [libSoar.so+0x1ebd21]  epmem_respond_to_cmd(agent_struct*)+0xc30
C  [libSoar.so+0x1ebea3]  epmem_go(agent_struct*, bool)+0x5c
C  [libSoar.so+0x1f07ee]  do_one_top_level_phase(agent_struct*)+0xb3b
C  [libSoar.so+0x1f186f]  run_for_n_decision_cycles(agent_struct*, long)+0xb8
C  [libSoar.so+0x381309]  sml::AgentSML::Step(sml::smlRunStepSize)+0x109
C  [libSoar.so+0x381141]  sml::AgentSML::StepInClientThread(sml::smlRunStepSize)+0x43
C  [libSoar.so+0x392112]  sml::RunScheduler::RunScheduledAgents(bool, sml::smlRunStepSize, unsigned long, sml::smlRunFlags, sml::smlRunStepSize, bool)+0x348
C  [libSoar.so+0x41d67c]  cli::CommandLineInterface::DoRun(std::bitset<10ul> const&, int, cli::Cli::eRunInterleaveMode)+0x332
C  [libSoar.so+0x43e6e4]  cli::RunCommand::Parse(std::vector<std::string, std::allocator<std::string> >&)+0x67a
C  [libSoar.so+0x42ec1b]  cli::Parser::handle_command(std::vector<std::string, std::allocator<std::string> >&)+0x91
C  [libSoar.so+0x42d942]  soar::tokenizer::parse_command()+0x1d0
C  [libSoar.so+0x42d6e8]  soar::tokenizer::evaluate(char const*)+0x60
C  [libSoar.so+0x420bb7]  cli::CommandLineInterface::Source(char const*, bool)+0x61
C  [libSoar.so+0x42aebf]  cli::CommandLineInterface::DoCommand(sml::Connection*, sml::AgentSML*, char const*, bool, bool, soarxml::ElementXML*)+0x11d
C  [libSoar.so+0x38c495]  sml::KernelSML::HandleCommandLine(sml::AgentSML*, char const*, sml::Connection*, sml::AnalyzeXML*, soarxml::ElementXML*)+0x481
C  [libSoar.so+0x38876f]  sml::KernelSML::ProcessCommand(char const*, sml::Connection*, sml::AnalyzeXML*, soarxml::ElementXML*)+0x325
C  [libSoar.so+0x388a3b]  sml::KernelSML::ProcessIncomingSML(sml::Connection*, soarxml::ElementXML*)+0x119
C  [libSoar.so+0x37f56c]  ReceivedCall(sml::Connection*, soarxml::ElementXML*, void*)+0x3b
C  [libSoar.so+0x3f7484]  sml::Callback::Invoke(soarxml::ElementXML*)+0x30
C  [libSoar.so+0x3f1177]  sml::Connection::InvokeCallbacks(soarxml::ElementXML*)+0x105
C  [libSoar.so+0x3f4819]  sml::RemoteConnection::ReceiveMessages(bool, int, int)+0x229
C  [libSoar.so+0x3f45ed]  sml::RemoteConnection::ReceiveMessages(bool)+0x2b
C  [libSoar.so+0x385a01]  sml::ConnectionManager::ReceiveAllMessages()+0x6f
C  [libSoar.so+0x38e40e]  sml::ReceiverThread::Run()+0x2e
C  [libSoar.so+0x3f7129]  ThreadStartFunction(void*)+0x2b
C  [libSoar.so+0x3f6fe1]  LinuxThreadFunc(void*)+0x28


---------------  P R O C E S S  ---------------

VM state:not at safepoint (normal execution)

VM Mutex/Monitor currently owned by a thread: None

Heap
 PSYoungGen      total 385216K, used 125199K [0x00000000e1560000, 0x0000000100000000, 0x0000000100000000)
  eden space 376832K, 32% used [0x00000000e1560000,0x00000000e8cb2330,0x00000000f8560000)
  from space 8384K, 35% used [0x00000000f8560000,0x00000000f8851bc8,0x00000000f8d90000)
  to   space 8320K, 0% used [0x00000000ff7e0000,0x00000000ff7e0000,0x0000000100000000)
 ParOldGen       total 62784K, used 12023K [0x00000000a4000000, 0x00000000a7d50000, 0x00000000e1560000)
  object space 62784K, 19% used [0x00000000a4000000,0x00000000a4bbdcc8,0x00000000a7d50000)
 PSPermGen       total 21248K, used 19573K [0x0000000099a00000, 0x000000009aec0000, 0x00000000a4000000)
  object space 21248K, 92% used [0x0000000099a00000,0x000000009ad1d700,0x000000009aec0000)

Card table byte_map: [0x00007fd06c057000,0x00007fd06c38b000] byte_map_base: 0x00007fd06bb8a000

Polling page: 0x00007fd06f71d000

Code Cache  [0x00007fd065000000, 0x00007fd065270000, 0x00007fd068000000)
 total_blobs=1075 nmethods=519 adapters=508 free_code_cache=46976Kb largest_free_block=47976832

Compilation events (10 events):
Event: 1812.631 Thread 0x00007fd06810e000  533             java.util.AbstractCollection::toArray (116 bytes)
Event: 1812.653 Thread 0x00007fd06810e000 nmethod 533 0x00007fd065197950 code [0x00007fd065197b00, 0x00007fd065198218]
Event: 1817.550 Thread 0x00007fd068111000  534             java.util.HashMap::containsKey (14 bytes)
Event: 1817.558 Thread 0x00007fd068111000 nmethod 534 0x00007fd06519b3d0 code [0x00007fd06519b540, 0x00007fd06519b8a8]
Event: 1818.454 Thread 0x00007fd06810e000  535  s          edu.umich.insoar.world.WorldObject::update (344 bytes)
Event: 1819.345 Thread 0x00007fd068111000  536             sml.Identifier::<init> (15 bytes)
Event: 1819.346 Thread 0x00007fd068111000 nmethod 536 0x00007fd0651976d0 code [0x00007fd065197820, 0x00007fd0651978a8]
Event: 1819.374 Thread 0x00007fd06810e000 nmethod 535 0x00007fd065207f50 code [0x00007fd0652089e0, 0x00007fd065210120]
Event: 1819.374 Thread 0x00007fd068111000  537  s          edu.umich.insoar.world.WorldModel::runEventHandler (393 bytes)
Event: 1820.651 Thread 0x00007fd068111000 nmethod 537 0x00007fd065222ed0 code [0x00007fd065223b40, 0x00007fd06522c708]

GC Heap History (10 events):
Event: 4.130 GC heap before
{Heap before GC invocations=5 (full 0):
 PSYoungGen      total 98112K, used 98112K [0x00000000e1560000, 0x00000000e7900000, 0x0000000100000000)
  eden space 94208K, 100% used [0x00000000e1560000,0x00000000e7160000,0x00000000e7160000)
  from space 3904K, 100% used [0x00000000e7530000,0x00000000e7900000,0x00000000e7900000)
  to   space 3904K, 0% used [0x00000000e7160000,0x00000000e7160000,0x00000000e7530000)
 ParOldGen       total 62784K, used 7547K [0x00000000a4000000, 0x00000000a7d50000, 0x00000000e1560000)
  object space 62784K, 12% used [0x00000000a4000000,0x00000000a475ec58,0x00000000a7d50000)
 PSPermGen       total 21248K, used 3568K [0x0000000099a00000, 0x000000009aec0000, 0x00000000a4000000)
  object space 21248K, 16% used [0x0000000099a00000,0x0000000099d7c2f8,0x000000009aec0000)
Event: 4.182 GC heap after
Heap after GC invocations=5 (full 0):
 PSYoungGen      total 98112K, used 3888K [0x00000000e1560000, 0x00000000edde0000, 0x0000000100000000)
  eden space 94208K, 0% used [0x00000000e1560000,0x00000000e1560000,0x00000000e7160000)
  from space 3904K, 99% used [0x00000000e7160000,0x00000000e752c010,0x00000000e7530000)
  to   space 8448K, 0% used [0x00000000ed5a0000,0x00000000ed5a0000,0x00000000edde0000)
 ParOldGen       total 62784K, used 8275K [0x00000000a4000000, 0x00000000a7d50000, 0x00000000e1560000)
  object space 62784K, 13% used [0x00000000a4000000,0x00000000a4814c58,0x00000000a7d50000)
 PSPermGen       total 21248K, used 3568K [0x0000000099a00000, 0x000000009aec0000, 0x00000000a4000000)
  object space 21248K, 16% used [0x0000000099a00000,0x0000000099d7c2f8,0x000000009aec0000)
}
Event: 4.941 GC heap before
{Heap before GC invocations=6 (full 0):
 PSYoungGen      total 98112K, used 98096K [0x00000000e1560000, 0x00000000edde0000, 0x0000000100000000)
  eden space 94208K, 100% used [0x00000000e1560000,0x00000000e7160000,0x00000000e7160000)
  from space 3904K, 99% used [0x00000000e7160000,0x00000000e752c010,0x00000000e7530000)
  to   space 8448K, 0% used [0x00000000ed5a0000,0x00000000ed5a0000,0x00000000edde0000)
 ParOldGen       total 62784K, used 8275K [0x00000000a4000000, 0x00000000a7d50000, 0x00000000e1560000)
  object space 62784K, 13% used [0x00000000a4000000,0x00000000a4814c58,0x00000000a7d50000)
 PSPermGen       total 21248K, used 3568K [0x0000000099a00000, 0x000000009aec0000, 0x00000000a4000000)
  object space 21248K, 16% used [0x0000000099a00000,0x0000000099d7c2f8,0x000000009aec0000)
Event: 4.967 GC heap after
Heap after GC invocations=6 (full 0):
 PSYoungGen      total 196352K, used 4752K [0x00000000e1560000, 0x00000000edd60000, 0x0000000100000000)
  eden space 188416K, 0% used [0x00000000e1560000,0x00000000e1560000,0x00000000ecd60000)
  from space 7936K, 59% used [0x00000000ed5a0000,0x00000000eda44010,0x00000000edd60000)
  to   space 8192K, 0% used [0x00000000ecd60000,0x00000000ecd60000,0x00000000ed560000)
 ParOldGen       total 62784K, used 8275K [0x00000000a4000000, 0x00000000a7d50000, 0x00000000e1560000)
  object space 62784K, 13% used [0x00000000a4000000,0x00000000a4814c58,0x00000000a7d50000)
 PSPermGen       total 21248K, used 3568K [0x0000000099a00000, 0x000000009aec0000, 0x00000000a4000000)
  object space 21248K, 16% used [0x0000000099a00000,0x0000000099d7c2f8,0x000000009aec0000)
}
Event: 6.134 GC heap before
{Heap before GC invocations=7 (full 0):
 PSYoungGen      total 196352K, used 193168K [0x00000000e1560000, 0x00000000edd60000, 0x0000000100000000)
  eden space 188416K, 100% used [0x00000000e1560000,0x00000000ecd60000,0x00000000ecd60000)
  from space 7936K, 59% used [0x00000000ed5a0000,0x00000000eda44010,0x00000000edd60000)
  to   space 8192K, 0% used [0x00000000ecd60000,0x00000000ecd60000,0x00000000ed560000)
 ParOldGen       total 62784K, used 8275K [0x00000000a4000000, 0x00000000a7d50000, 0x00000000e1560000)
  object space 62784K, 13% used [0x00000000a4000000,0x00000000a4814c58,0x00000000a7d50000)
 PSPermGen       total 21248K, used 3568K [0x0000000099a00000, 0x000000009aec0000, 0x00000000a4000000)
  object space 21248K, 16% used [0x0000000099a00000,0x0000000099d7c2f8,0x000000009aec0000)
Event: 6.158 GC heap after
Heap after GC invocations=7 (full 0):
 PSYoungGen      total 196608K, used 1216K [0x00000000e1560000, 0x00000000f9660000, 0x0000000100000000)
  eden space 188416K, 0% used [0x00000000e1560000,0x00000000e1560000,0x00000000ecd60000)
  from space 8192K, 14% used [0x00000000ecd60000,0x00000000ece90000,0x00000000ed560000)
  to   space 8704K, 0% used [0x00000000f8de0000,0x00000000f8de0000,0x00000000f9660000)
 ParOldGen       total 62784K, used 11943K [0x00000000a4000000, 0x00000000a7d50000, 0x00000000e1560000)
  object space 62784K, 19% used [0x00000000a4000000,0x00000000a4ba9cc8,0x00000000a7d50000)
 PSPermGen       total 21248K, used 3568K [0x0000000099a00000, 0x000000009aec0000, 0x00000000a4000000)
  object space 21248K, 16% used [0x0000000099a00000,0x0000000099d7c2f8,0x000000009aec0000)
}
Event: 105.351 GC heap before
{Heap before GC invocations=8 (full 0):
 PSYoungGen      total 196608K, used 189632K [0x00000000e1560000, 0x00000000f9660000, 0x0000000100000000)
  eden space 188416K, 100% used [0x00000000e1560000,0x00000000ecd60000,0x00000000ecd60000)
  from space 8192K, 14% used [0x00000000ecd60000,0x00000000ece90000,0x00000000ed560000)
  to   space 8704K, 0% used [0x00000000f8de0000,0x00000000f8de0000,0x00000000f9660000)
 ParOldGen       total 62784K, used 11943K [0x00000000a4000000, 0x00000000a7d50000, 0x00000000e1560000)
  object space 62784K, 19% used [0x00000000a4000000,0x00000000a4ba9cc8,0x00000000a7d50000)
 PSPermGen       total 21248K, used 19018K [0x0000000099a00000, 0x000000009aec0000, 0x00000000a4000000)
  object space 21248K, 89% used [0x0000000099a00000,0x000000009ac92868,0x000000009aec0000)
Event: 105.372 GC heap after
Heap after GC invocations=8 (full 0):
 PSYoungGen      total 384896K, used 4248K [0x00000000e1560000, 0x00000000f95c0000, 0x0000000100000000)
  eden space 376832K, 0% used [0x00000000e1560000,0x00000000e1560000,0x00000000f8560000)
  from space 8064K, 52% used [0x00000000f8de0000,0x00000000f92063c8,0x00000000f95c0000)
  to   space 8384K, 0% used [0x00000000f8560000,0x00000000f8560000,0x00000000f8d90000)
 ParOldGen       total 62784K, used 11967K [0x00000000a4000000, 0x00000000a7d50000, 0x00000000e1560000)
  object space 62784K, 19% used [0x00000000a4000000,0x00000000a4bafcc8,0x00000000a7d50000)
 PSPermGen       total 21248K, used 19018K [0x0000000099a00000, 0x000000009aec0000, 0x00000000a4000000)
  object space 21248K, 89% used [0x0000000099a00000,0x000000009ac92868,0x000000009aec0000)
}
Event: 1256.328 GC heap before
{Heap before GC invocations=9 (full 0):
 PSYoungGen      total 384896K, used 381080K [0x00000000e1560000, 0x00000000f95c0000, 0x0000000100000000)
  eden space 376832K, 100% used [0x00000000e1560000,0x00000000f8560000,0x00000000f8560000)
  from space 8064K, 52% used [0x00000000f8de0000,0x00000000f92063c8,0x00000000f95c0000)
  to   space 8384K, 0% used [0x00000000f8560000,0x00000000f8560000,0x00000000f8d90000)
 ParOldGen       total 62784K, used 11967K [0x00000000a4000000, 0x00000000a7d50000, 0x00000000e1560000)
  object space 62784K, 19% used [0x00000000a4000000,0x00000000a4bafcc8,0x00000000a7d50000)
 PSPermGen       total 21248K, used 19572K [0x0000000099a00000, 0x000000009aec0000, 0x00000000a4000000)
  object space 21248K, 92% used [0x0000000099a00000,0x000000009ad1d1e8,0x000000009aec0000)
Event: 1256.336 GC heap after
Heap after GC invocations=9 (full 0):
 PSYoungGen      total 385216K, used 3014K [0x00000000e1560000, 0x0000000100000000, 0x0000000100000000)
  eden space 376832K, 0% used [0x00000000e1560000,0x00000000e1560000,0x00000000f8560000)
  from space 8384K, 35% used [0x00000000f8560000,0x00000000f8851bc8,0x00000000f8d90000)
  to   space 8320K, 0% used [0x00000000ff7e0000,0x00000000ff7e0000,0x0000000100000000)
 ParOldGen       total 62784K, used 12023K [0x00000000a4000000, 0x00000000a7d50000, 0x00000000e1560000)
  object space 62784K, 19% used [0x00000000a4000000,0x00000000a4bbdcc8,0x00000000a7d50000)
 PSPermGen       total 21248K, used 19572K [0x0000000099a00000, 0x000000009aec0000, 0x00000000a4000000)
  object space 21248K, 92% used [0x0000000099a00000,0x000000009ad1d1e8,0x000000009aec0000)
}

Deoptimization events (10 events):
Event: 159.648 Thread 0x00007fd0000e4800 Uncommon trap -34 fr.pc 0x00007fd0651a7af8
Event: 159.648 Thread 0x00007fd0000e4800 Uncommon trap -34 fr.pc 0x00007fd0651a7af8
Event: 159.662 Thread 0x00007fd068521800 Uncommon trap -34 fr.pc 0x00007fd0651a7af8
Event: 159.663 Thread 0x00007fd068521800 Uncommon trap -34 fr.pc 0x00007fd0651a7af8
Event: 173.156 Thread 0x00007fd00411f800 Uncommon trap -83 fr.pc 0x00007fd0651d4d84
Event: 173.180 Thread 0x00007fd00411f800 Uncommon trap -83 fr.pc 0x00007fd06515fca0
Event: 1813.143 Thread 0x00007fd00411f800 Uncommon trap -42 fr.pc 0x00007fd065197fb8
Event: 1813.143 Thread 0x00007fd00411f800 Uncommon trap -42 fr.pc 0x00007fd065197fb8
Event: 1813.143 Thread 0x00007fd00411f800 Uncommon trap -42 fr.pc 0x00007fd065197fb8
Event: 1813.650 Thread 0x00007fd00411f800 Uncommon trap -42 fr.pc 0x00007fd065197fb8

Internal exceptions (10 events):
Event: 111.897 Thread 0x00007fd0000e4800 Threw 0x00000000e3c28d90 at /build/buildd/openjdk-7-7u25-2.3.10/build/openjdk/hotspot/src/share/vm/prims/jvm.cpp:1235
Event: 111.898 Thread 0x00007fd0000e4800 Threw 0x00000000e3c2c328 at /build/buildd/openjdk-7-7u25-2.3.10/build/openjdk/hotspot/src/share/vm/prims/jvm.cpp:1235
Event: 111.899 Thread 0x00007fd0000e4800 Threw 0x00000000e3c2fc30 at /build/buildd/openjdk-7-7u25-2.3.10/build/openjdk/hotspot/src/share/vm/prims/jvm.cpp:1235
Event: 111.899 Thread 0x00007fd0000e4800 Threw 0x00000000e3c32da8 at /build/buildd/openjdk-7-7u25-2.3.10/build/openjdk/hotspot/src/share/vm/prims/jvm.cpp:1235
Event: 111.900 Thread 0x00007fd0000e4800 Threw 0x00000000e3c36138 at /build/buildd/openjdk-7-7u25-2.3.10/build/openjdk/hotspot/src/share/vm/prims/jvm.cpp:1235
Event: 111.901 Thread 0x00007fd0000e4800 Threw 0x00000000e3c39368 at /build/buildd/openjdk-7-7u25-2.3.10/build/openjdk/hotspot/src/share/vm/prims/jvm.cpp:1235
Event: 111.901 Thread 0x00007fd0000e4800 Threw 0x00000000e3c3c418 at /build/buildd/openjdk-7-7u25-2.3.10/build/openjdk/hotspot/src/share/vm/prims/jvm.cpp:1235
Event: 121.502 Thread 0x00007fd0000e4800 Threw 0x00000000e562d110 at /build/buildd/openjdk-7-7u25-2.3.10/build/openjdk/hotspot/src/share/vm/prims/jvm.cpp:1235
Event: 173.156 Thread 0x00007fd00411f800 Implicit null exception at 0x00007fd0651d4736 to 0x00007fd0651d4d69
Event: 173.180 Thread 0x00007fd00411f800 Implicit null exception at 0x00007fd06515a722 to 0x00007fd06515fc11

Events (10 events):
Event: 1256.337 Executing VM operation: RevokeBias
Event: 1256.337 Executing VM operation: RevokeBias done
Event: 1813.143 Thread 0x00007fd00411f800 DEOPT PACKING pc=0x00007fd065197fb8 sp=0x00007fd04cc1a2a0
Event: 1813.143 Thread 0x00007fd00411f800 DEOPT UNPACKING pc=0x00007fd065039145 sp=0x00007fd04cc1a258 mode 2
Event: 1813.143 Thread 0x00007fd00411f800 DEOPT PACKING pc=0x00007fd065197fb8 sp=0x00007fd04cc1a2a0
Event: 1813.143 Thread 0x00007fd00411f800 DEOPT UNPACKING pc=0x00007fd065039145 sp=0x00007fd04cc1a258 mode 2
Event: 1813.143 Thread 0x00007fd00411f800 DEOPT PACKING pc=0x00007fd065197fb8 sp=0x00007fd04cc1a2a0
Event: 1813.143 Thread 0x00007fd00411f800 DEOPT UNPACKING pc=0x00007fd065039145 sp=0x00007fd04cc1a258 mode 2
Event: 1813.650 Thread 0x00007fd00411f800 DEOPT PACKING pc=0x00007fd065197fb8 sp=0x00007fd04cc1a2a0
Event: 1813.650 Thread 0x00007fd00411f800 DEOPT UNPACKING pc=0x00007fd065039145 sp=0x00007fd04cc1a258 mode 2


Dynamic libraries:
00400000-00401000 r-xp 00000000 08:07 8132483                            /usr/lib/jvm/java-7-openjdk-amd64/jre/bin/java
00600000-00601000 r--p 00000000 08:07 8132483                            /usr/lib/jvm/java-7-openjdk-amd64/jre/bin/java
00601000-00602000 rw-p 00001000 08:07 8132483                            /usr/lib/jvm/java-7-openjdk-amd64/jre/bin/java
01e81000-01ea2000 rw-p 00000000 00:00 0                                  [heap]
99a00000-9aec0000 rw-p 00000000 00:00 0 
9aec0000-a4000000 rw-p 00000000 00:00 0 
a4000000-a7d50000 rw-p 00000000 00:00 0 
a7d50000-e1560000 rw-p 00000000 00:00 0 
e1560000-100000000 rw-p 00000000 00:00 0 
7fcff0000000-7fcff0021000 rw-p 00000000 00:00 0 
7fcff0021000-7fcff4000000 ---p 00000000 00:00 0 
7fcff4000000-7fcff4021000 rw-p 00000000 00:00 0 
7fcff4021000-7fcff8000000 ---p 00000000 00:00 0 
7fcff8000000-7fcff8021000 rw-p 00000000 00:00 0 
7fcff8021000-7fcffc000000 ---p 00000000 00:00 0 
7fcffc000000-7fcffc021000 rw-p 00000000 00:00 0 
7fcffc021000-7fd000000000 ---p 00000000 00:00 0 
7fd000000000-7fd0001ac000 rw-p 00000000 00:00 0 
7fd0001ac000-7fd004000000 ---p 00000000 00:00 0 
7fd004000000-7fd0041aa000 rw-p 00000000 00:00 0 
7fd0041aa000-7fd008000000 ---p 00000000 00:00 0 
7fd008000000-7fd008029000 rw-p 00000000 00:00 0 
7fd008029000-7fd00c000000 ---p 00000000 00:00 0 
7fd00c000000-7fd00c021000 rw-p 00000000 00:00 0 
7fd00c021000-7fd010000000 ---p 00000000 00:00 0 
7fd010000000-7fd010021000 rw-p 00000000 00:00 0 
7fd010021000-7fd014000000 ---p 00000000 00:00 0 
7fd0150ca000-7fd0155bf000 rw-p 00000000 00:00 0 
7fd0155bf000-7fd015708000 rw-s 00000000 00:04 1245446164                 /SYSV00000000 (deleted)
7fd015708000-7fd01570b000 ---p 00000000 00:00 0 
7fd01570b000-7fd015809000 rw-p 00000000 00:00 0                          [stack:10380]
7fd015809000-7fd01580c000 ---p 00000000 00:00 0 
7fd01580c000-7fd01590a000 rw-p 00000000 00:00 0 
7fd01590a000-7fd01590d000 ---p 00000000 00:00 0 
7fd01590d000-7fd015a0b000 rw-p 00000000 00:00 0 
7fd015a0b000-7fd015a0e000 ---p 00000000 00:00 0 
7fd015a0e000-7fd015b0c000 rw-p 00000000 00:00 0 
7fd015b0c000-7fd015b0f000 ---p 00000000 00:00 0 
7fd015b0f000-7fd015c0d000 rw-p 00000000 00:00 0 
7fd015c0d000-7fd015c1d000 r-xp 00000000 08:07 8132427                    /usr/lib/jvm/java-7-openjdk-amd64/jre/lib/amd64/libnio.so
7fd015c1d000-7fd015e1d000 ---p 00010000 08:07 8132427                    /usr/lib/jvm/java-7-openjdk-amd64/jre/lib/amd64/libnio.so
7fd015e1d000-7fd015e1e000 r--p 00010000 08:07 8132427                    /usr/lib/jvm/java-7-openjdk-amd64/jre/lib/amd64/libnio.so
7fd015e1e000-7fd015e1f000 rw-p 00011000 08:07 8132427                    /usr/lib/jvm/java-7-openjdk-amd64/jre/lib/amd64/libnio.so
7fd015e1f000-7fd015e6b000 r-xp 00000000 08:07 8132438                    /usr/lib/jvm/java-7-openjdk-amd64/jre/lib/amd64/libfontmanager.so
7fd015e6b000-7fd01606a000 ---p 0004c000 08:07 8132438                    /usr/lib/jvm/java-7-openjdk-amd64/jre/lib/amd64/libfontmanager.so
7fd01606a000-7fd01606d000 r--p 0004b000 08:07 8132438                    /usr/lib/jvm/java-7-openjdk-amd64/jre/lib/amd64/libfontmanager.so
7fd01606d000-7fd01606e000 rw-p 0004e000 08:07 8132438                    /usr/lib/jvm/java-7-openjdk-amd64/jre/lib/amd64/libfontmanager.so
7fd01606e000-7fd016071000 ---p 00000000 00:00 0 
7fd016071000-7fd01616f000 rw-p 00000000 00:00 0                          [stack:10372]
7fd01616f000-7fd016172000 ---p 00000000 00:00 0 
7fd016172000-7fd016270000 rw-p 00000000 00:00 0                          [stack:10371]
7fd016270000-7fd016273000 ---p 00000000 00:00 0 
7fd016273000-7fd016371000 rw-p 00000000 00:00 0                          [stack:10370]
7fd016371000-7fd016374000 ---p 00000000 00:00 0 
7fd016374000-7fd016472000 rw-p 00000000 00:00 0                          [stack:10369]
7fd016472000-7fd0175e1000 r-xp 00000000 08:07 7871992                    /usr/lib/x86_64-linux-gnu/libicudata.so.48.1.1
7fd0175e1000-7fd0177e0000 ---p 0116f000 08:07 7871992                    /usr/lib/x86_64-linux-gnu/libicudata.so.48.1.1
7fd0177e0000-7fd0177e1000 r--p 0116e000 08:07 7871992                    /usr/lib/x86_64-linux-gnu/libicudata.so.48.1.1
7fd0177e1000-7fd0177e2000 rw-p 0116f000 08:07 7871992                    /usr/lib/x86_64-linux-gnu/libicudata.so.48.1.1
7fd0177e2000-7fd0177e5000 r-xp 00000000 08:07 5246626                    /lib/x86_64-linux-gnu/libgpg-error.so.0.8.0
7fd0177e5000-7fd0179e4000 ---p 00003000 08:07 5246626                    /lib/x86_64-linux-gnu/libgpg-error.so.0.8.0
7fd0179e4000-7fd0179e5000 r--p 00002000 08:07 5246626                    /lib/x86_64-linux-gnu/libgpg-error.so.0.8.0
7fd0179e5000-7fd0179e6000 rw-p 00003000 08:07 5246626                    /lib/x86_64-linux-gnu/libgpg-error.so.0.8.0
7fd0179e6000-7fd0179e8000 r-xp 00000000 08:07 5246637                    /lib/x86_64-linux-gnu/libkeyutils.so.1.4
7fd0179e8000-7fd017be8000 ---p 00002000 08:07 5246637                    /lib/x86_64-linux-gnu/libkeyutils.so.1.4
7fd017be8000-7fd017be9000 r--p 00002000 08:07 5246637                    /lib/x86_64-linux-gnu/libkeyutils.so.1.4
7fd017be9000-7fd017bea000 rw-p 00003000 08:07 5246637                    /lib/x86_64-linux-gnu/libkeyutils.so.1.4
7fd017bea000-7fd017d40000 r-xp 00000000 08:07 7872006                    /usr/lib/x86_64-linux-gnu/libicuuc.so.48.1.1
7fd017d40000-7fd017f3f000 ---p 00156000 08:07 7872006                    /usr/lib/x86_64-linux-gnu/libicuuc.so.48.1.1
7fd017f3f000-7fd017f50000 r--p 00155000 08:07 7872006                    /usr/lib/x86_64-linux-gnu/libicuuc.so.48.1.1
7fd017f50000-7fd017f51000 rw-p 00166000 08:07 7872006                    /usr/lib/x86_64-linux-gnu/libicuuc.so.48.1.1
7fd017f51000-7fd017f55000 rw-p 00000000 00:00 0 
7fd017f55000-7fd017f87000 r-xp 00000000 08:07 7871998                    /usr/lib/x86_64-linux-gnu/libicule.so.48.1.1
7fd017f87000-7fd018187000 ---p 00032000 08:07 7871998                    /usr/lib/x86_64-linux-gnu/libicule.so.48.1.1
7fd018187000-7fd018189000 r--p 00032000 08:07 7871998                    /usr/lib/x86_64-linux-gnu/libicule.so.48.1.1
7fd018189000-7fd01818a000 rw-p 00034000 08:07 7871998                    /usr/lib/x86_64-linux-gnu/libicule.so.48.1.1
7fd01818a000-7fd0181cd000 r-xp 00000000 08:07 5242885                    /lib/x86_64-linux-gnu/libdbus-1.so.3.7.2
7fd0181cd000-7fd0183cc000 ---p 00043000 08:07 5242885                    /lib/x86_64-linux-gnu/libdbus-1.so.3.7.2
7fd0183cc000-7fd0183cd000 r--p 00042000 08:07 5242885                    /lib/x86_64-linux-gnu/libdbus-1.so.3.7.2
7fd0183cd000-7fd0183ce000 rw-p 00043000 08:07 5242885                    /lib/x86_64-linux-gnu/libdbus-1.so.3.7.2
7fd0183ce000-7fd0183e0000 r-xp 00000000 08:07 7872131                    /usr/lib/x86_64-linux-gnu/libp11-kit.so.0.0.0
7fd0183e0000-7fd0185e0000 ---p 00012000 08:07 7872131                    /usr/lib/x86_64-linux-gnu/libp11-kit.so.0.0.0
7fd0185e0000-7fd0185e1000 r--p 00012000 08:07 7872131                    /usr/lib/x86_64-linux-gnu/libp11-kit.so.0.0.0
7fd0185e1000-7fd0185e2000 rw-p 00013000 08:07 7872131                    /usr/lib/x86_64-linux-gnu/libp11-kit.so.0.0.0
7fd0185e2000-7fd0185f1000 r-xp 00000000 08:07 7872289                    /usr/lib/x86_64-linux-gnu/libtasn1.so.3.2.0
7fd0185f1000-7fd0187f1000 ---p 0000f000 08:07 7872289                    /usr/lib/x86_64-linux-gnu/libtasn1.so.3.2.0
7fd0187f1000-7fd0187f2000 r--p 0000f000 08:07 7872289                    /usr/lib/x86_64-linux-gnu/libtasn1.so.3.2.0
7fd0187f2000-7fd0187f3000 rw-p 00010000 08:07 7872289                    /usr/lib/x86_64-linux-gnu/libtasn1.so.3.2.0
7fd0187f3000-7fd01886d000 r-xp 00000000 08:07 5243988                    /lib/x86_64-linux-gnu/libgcrypt.so.11.7.0
7fd01886d000-7fd018a6d000 ---p 0007a000 08:07 5243988                    /lib/x86_64-linux-gnu/libgcrypt.so.11.7.0
7fd018a6d000-7fd018a6e000 r--p 0007a000 08:07 5243988                    /lib/x86_64-linux-gnu/libgcrypt.so.11.7.0
7fd018a6e000-7fd018a71000 rw-p 0007b000 08:07 5243988                    /lib/x86_64-linux-gnu/libgcrypt.so.11.7.0
7fd018a71000-7fd018a78000 r-xp 00000000 08:07 7872041                    /usr/lib/x86_64-linux-gnu/libkrb5support.so.0.1
7fd018a78000-7fd018c77000 ---p 00007000 08:07 7872041                    /usr/lib/x86_64-linux-gnu/libkrb5support.so.0.1
7fd018c77000-7fd018c78000 r--p 00006000 08:07 7872041                    /usr/lib/x86_64-linux-gnu/libkrb5support.so.0.1
7fd018c78000-7fd018c79000 rw-p 00007000 08:07 7872041                    /usr/lib/x86_64-linux-gnu/libkrb5support.so.0.1
7fd018c79000-7fd018c7c000 r-xp 00000000 08:07 5246602                    /lib/x86_64-linux-gnu/libcom_err.so.2.1
7fd018c7c000-7fd018e7b000 ---p 00003000 08:07 5246602                    /lib/x86_64-linux-gnu/libcom_err.so.2.1
7fd018e7b000-7fd018e7c000 r--p 00002000 08:07 5246602                    /lib/x86_64-linux-gnu/libcom_err.so.2.1
7fd018e7c000-7fd018e7d000 rw-p 00003000 08:07 5246602                    /lib/x86_64-linux-gnu/libcom_err.so.2.1
7fd018e7d000-7fd018ea3000 r-xp 00000000 08:07 7872035                    /usr/lib/x86_64-linux-gnu/libk5crypto.so.3.1
7fd018ea3000-7fd0190a3000 ---p 00026000 08:07 7872035                    /usr/lib/x86_64-linux-gnu/libk5crypto.so.3.1
7fd0190a3000-7fd0190a4000 r--p 00026000 08:07 7872035                    /usr/lib/x86_64-linux-gnu/libk5crypto.so.3.1
7fd0190a4000-7fd0190a5000 rw-p 00027000 08:07 7872035                    /usr/lib/x86_64-linux-gnu/libk5crypto.so.3.1
7fd0190a5000-7fd0190a6000 rw-p 00000000 00:00 0 
7fd0190a6000-7fd01916a000 r-xp 00000000 08:07 7872039                    /usr/lib/x86_64-linux-gnu/libkrb5.so.3.3
7fd01916a000-7fd019369000 ---p 000c4000 08:07 7872039                    /usr/lib/x86_64-linux-gnu/libkrb5.so.3.3
7fd019369000-7fd019373000 r--p 000c3000 08:07 7872039                    /usr/lib/x86_64-linux-gnu/libkrb5.so.3.3
7fd019373000-7fd019374000 rw-p 000cd000 08:07 7872039                    /usr/lib/x86_64-linux-gnu/libkrb5.so.3.3
7fd019374000-7fd019409000 r-xp 00000000 08:07 7871976                    /usr/lib/x86_64-linux-gnu/libharfbuzz.so.0.913.0
7fd019409000-7fd019608000 ---p 00095000 08:07 7871976                    /usr/lib/x86_64-linux-gnu/libharfbuzz.so.0.913.0
7fd019608000-7fd01960a000 r--p 00094000 08:07 7871976                    /usr/lib/x86_64-linux-gnu/libharfbuzz.so.0.913.0
7fd01960a000-7fd01960b000 rw-p 00096000 08:07 7871976                    /usr/lib/x86_64-linux-gnu/libharfbuzz.so.0.913.0
7fd01960b000-7fd019613000 r-xp 00000000 08:07 7876045                    /usr/lib/x86_64-linux-gnu/libxcb-render.so.0.0.0
7fd019613000-7fd019813000 ---p 00008000 08:07 7876045                    /usr/lib/x86_64-linux-gnu/libxcb-render.so.0.0.0
7fd019813000-7fd019814000 r--p 00008000 08:07 7876045                    /usr/lib/x86_64-linux-gnu/libxcb-render.so.0.0.0
7fd019814000-7fd019815000 rw-p 00009000 08:07 7876045                    /usr/lib/x86_64-linux-gnu/libxcb-render.so.0.0.0
7fd019815000-7fd019817000 r-xp 00000000 08:07 7872377                    /usr/lib/x86_64-linux-gnu/libxcb-shm.so.0.0.0
7fd019817000-7fd019a16000 ---p 00002000 08:07 7872377                    /usr/lib/x86_64-linux-gnu/libxcb-shm.so.0.0.0
7fd019a16000-7fd019a17000 r--p 00001000 08:07 7872377                    /usr/lib/x86_64-linux-gnu/libxcb-shm.so.0.0.0
7fd019a17000-7fd019a18000 rw-p 00002000 08:07 7872377                    /usr/lib/x86_64-linux-gnu/libxcb-shm.so.0.0.0
7fd019a18000-7fd019a3d000 r-xp 00000000 08:07 5246702                    /lib/x86_64-linux-gnu/libpng12.so.0.49.0
7fd019a3d000-7fd019c3c000 ---p 00025000 08:07 5246702                    /lib/x86_64-linux-gnu/libpng12.so.0.49.0
7fd019c3c000-7fd019c3d000 r--p 00024000 08:07 5246702                    /lib/x86_64-linux-gnu/libpng12.so.0.49.0
7fd019c3d000-7fd019c3e000 rw-p 00025000 08:07 5246702                    /lib/x86_64-linux-gnu/libpng12.so.0.49.0
7fd019c3e000-7fd019cce000 r-xp 00000000 08:07 7872161                    /usr/lib/x86_64-linux-gnu/libpixman-1.so.0.28.2
7fd019cce000-7fd019ecd000 ---p 00090000 08:07 7872161                    /usr/lib/x86_64-linux-gnu/libpixman-1.so.0.28.2
7fd019ecd000-7fd019ed4000 r--p 0008f000 08:07 7872161                    /usr/lib/x86_64-linux-gnu/libpixman-1.so.0.28.2
7fd019ed4000-7fd019ed5000 rw-p 00096000 08:07 7872161                    /usr/lib/x86_64-linux-gnu/libpixman-1.so.0.28.2
7fd019ed5000-7fd019eda000 r-xp 00000000 08:07 7871525                    /usr/lib/x86_64-linux-gnu/libXdmcp.so.6.0.0
7fd019eda000-7fd01a0d9000 ---p 00005000 08:07 7871525                    /usr/lib/x86_64-linux-gnu/libXdmcp.so.6.0.0
7fd01a0d9000-7fd01a0da000 r--p 00004000 08:07 7871525                    /usr/lib/x86_64-linux-gnu/libXdmcp.so.6.0.0
7fd01a0da000-7fd01a0db000 rw-p 00005000 08:07 7871525                    /usr/lib/x86_64-linux-gnu/libXdmcp.so.6.0.0
7fd01a0db000-7fd01a0dd000 r-xp 00000000 08:07 7871514                    /usr/lib/x86_64-linux-gnu/libXau.so.6.0.0
7fd01a0dd000-7fd01a2dd000 ---p 00002000 08:07 7871514                    /usr/lib/x86_64-linux-gnu/libXau.so.6.0.0
7fd01a2dd000-7fd01a2de000 r--p 00002000 08:07 7871514                    /usr/lib/x86_64-linux-gnu/libXau.so.6.0.0
7fd01a2de000-7fd01a2df000 rw-p 00003000 08:07 7871514                    /usr/lib/x86_64-linux-gnu/libXau.so.6.0.0
7fd01a2df000-7fd01a2ee000 r-xp 00000000 08:07 7871600                    /usr/lib/x86_64-linux-gnu/libavahi-client.so.3.2.9
7fd01a2ee000-7fd01a4ee000 ---p 0000f000 08:07 7871600                    /usr/lib/x86_64-linux-gnu/libavahi-client.so.3.2.9
7fd01a4ee000-7fd01a4ef000 r--p 0000f000 08:07 7871600                    /usr/lib/x86_64-linux-gnu/libavahi-client.so.3.2.9
7fd01a4ef000-7fd01a4f0000 rw-p 00010000 08:07 7871600                    /usr/lib/x86_64-linux-gnu/libavahi-client.so.3.2.9
7fd01a4f0000-7fd01a4fb000 r-xp 00000000 08:07 7871602                    /usr/lib/x86_64-linux-gnu/libavahi-common.so.3.5.3
7fd01a4fb000-7fd01a6fa000 ---p 0000b000 08:07 7871602                    /usr/lib/x86_64-linux-gnu/libavahi-common.so.3.5.3
7fd01a6fa000-7fd01a6fb000 r--p 0000a000 08:07 7871602                    /usr/lib/x86_64-linux-gnu/libavahi-common.so.3.5.3
7fd01a6fb000-7fd01a6fc000 rw-p 0000b000 08:07 7871602                    /usr/lib/x86_64-linux-gnu/libavahi-common.so.3.5.3
7fd01a6fc000-7fd01a7b1000 r-xp 00000000 08:07 7876016                    /usr/lib/x86_64-linux-gnu/libgnutls.so.26.22.6
7fd01a7b1000-7fd01a9b0000 ---p 000b5000 08:07 7876016                    /usr/lib/x86_64-linux-gnu/libgnutls.so.26.22.6
7fd01a9b0000-7fd01a9b6000 r--p 000b4000 08:07 7876016                    /usr/lib/x86_64-linux-gnu/libgnutls.so.26.22.6
7fd01a9b6000-7fd01a9b7000 rw-p 000ba000 08:07 7876016                    /usr/lib/x86_64-linux-gnu/libgnutls.so.26.22.6
7fd01a9b7000-7fd01a9b8000 rw-p 00000000 00:00 0 
7fd01a9b8000-7fd01a9f3000 r-xp 00000000 08:07 7871878                    /usr/lib/x86_64-linux-gnu/libgssapi_krb5.so.2.2
7fd01a9f3000-7fd01abf3000 ---p 0003b000 08:07 7871878                    /usr/lib/x86_64-linux-gnu/libgssapi_krb5.so.2.2
7fd01abf3000-7fd01abf4000 r--p 0003b000 08:07 7871878                    /usr/lib/x86_64-linux-gnu/libgssapi_krb5.so.2.2
7fd01abf4000-7fd01abf6000 rw-p 0003c000 08:07 7871878                    /usr/lib/x86_64-linux-gnu/libgssapi_krb5.so.2.2
7fd01abf6000-7fd01ac1c000 r-xp 00000000 08:07 5246615                    /lib/x86_64-linux-gnu/libexpat.so.1.6.0
7fd01ac1c000-7fd01ae1c000 ---p 00026000 08:07 5246615                    /lib/x86_64-linux-gnu/libexpat.so.1.6.0
7fd01ae1c000-7fd01ae1e000 r--p 00026000 08:07 5246615                    /lib/x86_64-linux-gnu/libexpat.so.1.6.0
7fd01ae1e000-7fd01ae1f000 rw-p 00028000 08:07 5246615                    /lib/x86_64-linux-gnu/libexpat.so.1.6.0
7fd01ae1f000-7fd01aeb6000 r-xp 00000000 08:07 7871788                    /usr/lib/x86_64-linux-gnu/libfreetype.so.6.10.0
7fd01aeb6000-7fd01b0b5000 ---p 00097000 08:07 7871788                    /usr/lib/x86_64-linux-gnu/libfreetype.so.6.10.0
7fd01b0b5000-7fd01b0bb000 r--p 00096000 08:07 7871788                    /usr/lib/x86_64-linux-gnu/libfreetype.so.6.10.0
7fd01b0bb000-7fd01b0bc000 rw-p 0009c000 08:07 7871788                    /usr/lib/x86_64-linux-gnu/libfreetype.so.6.10.0
7fd01b0bc000-7fd01b0be000 r-xp 00000000 08:07 7871523                    /usr/lib/x86_64-linux-gnu/libXdamage.so.1.1.0
7fd01b0be000-7fd01b2bd000 ---p 00002000 08:07 7871523                    /usr/lib/x86_64-linux-gnu/libXdamage.so.1.1.0
7fd01b2bd000-7fd01b2be000 r--p 00001000 08:07 7871523                    /usr/lib/x86_64-linux-gnu/libXdamage.so.1.1.0
7fd01b2be000-7fd01b2bf000 rw-p 00002000 08:07 7871523                    /usr/lib/x86_64-linux-gnu/libXdamage.so.1.1.0
7fd01b2bf000-7fd01b2c1000 r-xp 00000000 08:07 7871519                    /usr/lib/x86_64-linux-gnu/libXcomposite.so.1.0.0
7fd01b2c1000-7fd01b4c0000 ---p 00002000 08:07 7871519                    /usr/lib/x86_64-linux-gnu/libXcomposite.so.1.0.0
7fd01b4c0000-7fd01b4c1000 r--p 00001000 08:07 7871519                    /usr/lib/x86_64-linux-gnu/libXcomposite.so.1.0.0
7fd01b4c1000-7fd01b4c2000 rw-p 00002000 08:07 7871519                    /usr/lib/x86_64-linux-gnu/libXcomposite.so.1.0.0
7fd01b4c2000-7fd01b4cb000 r-xp 00000000 08:07 7871546                    /usr/lib/x86_64-linux-gnu/libXcursor.so.1.0.2
7fd01b4cb000-7fd01b6cb000 ---p 00009000 08:07 7871546                    /usr/lib/x86_64-linux-gnu/libXcursor.so.1.0.2
7fd01b6cb000-7fd01b6cc000 r--p 00009000 08:07 7871546                    /usr/lib/x86_64-linux-gnu/libXcursor.so.1.0.2
7fd01b6cc000-7fd01b6cd000 rw-p 0000a000 08:07 7871546                    /usr/lib/x86_64-linux-gnu/libXcursor.so.1.0.2
7fd01b6cd000-7fd01b6d6000 r-xp 00000000 08:07 7871534                    /usr/lib/x86_64-linux-gnu/libXrandr.so.2.2.0
7fd01b6d6000-7fd01b8d5000 ---p 00009000 08:07 7871534                    /usr/lib/x86_64-linux-gnu/libXrandr.so.2.2.0
7fd01b8d5000-7fd01b8d6000 r--p 00008000 08:07 7871534                    /usr/lib/x86_64-linux-gnu/libXrandr.so.2.2.0
7fd01b8d6000-7fd01b8d7000 rw-p 00009000 08:07 7871534                    /usr/lib/x86_64-linux-gnu/libXrandr.so.2.2.0
7fd01b8d7000-7fd01b8d9000 r-xp 00000000 08:07 7871532                    /usr/lib/x86_64-linux-gnu/libXinerama.so.1.0.0
7fd01b8d9000-7fd01bad8000 ---p 00002000 08:07 7871532                    /usr/lib/x86_64-linux-gnu/libXinerama.so.1.0.0
7fd01bad8000-7fd01bad9000 r--p 00001000 08:07 7871532                    /usr/lib/x86_64-linux-gnu/libXinerama.so.1.0.0
7fd01bad9000-7fd01bada000 rw-p 00002000 08:07 7871532                    /usr/lib/x86_64-linux-gnu/libXinerama.so.1.0.0
7fd01bada000-7fd01bbd8000 r-xp 00000000 08:07 7871626                    /usr/lib/x86_64-linux-gnu/libcairo.so.2.11200.14
7fd01bbd8000-7fd01bdd8000 ---p 000fe000 08:07 7871626                    /usr/lib/x86_64-linux-gnu/libcairo.so.2.11200.14
7fd01bdd8000-7fd01bddb000 r--p 000fe000 08:07 7871626                    /usr/lib/x86_64-linux-gnu/libcairo.so.2.11200.14
7fd01bddb000-7fd01bddc000 rw-p 00101000 08:07 7871626                    /usr/lib/x86_64-linux-gnu/libcairo.so.2.11200.14
7fd01bddc000-7fd01bdde000 rw-p 00000000 00:00 0 
7fd01bdde000-7fd01bdfe000 r-xp 00000000 08:07 7871590                    /usr/lib/x86_64-linux-gnu/libatk-1.0.so.0.20809.1
7fd01bdfe000-7fd01bffd000 ---p 00020000 08:07 7871590                    /usr/lib/x86_64-linux-gnu/libatk-1.0.so.0.20809.1
7fd01bffd000-7fd01bfff000 r--p 0001f000 08:07 7871590                    /usr/lib/x86_64-linux-gnu/libatk-1.0.so.0.20809.1
7fd01bfff000-7fd01c000000 rw-p 00021000 08:07 7871590                    /usr/lib/x86_64-linux-gnu/libatk-1.0.so.0.20809.1
7fd01c000000-7fd01c021000 rw-p 00000000 00:00 0 
7fd01c021000-7fd020000000 ---p 00000000 00:00 0 
7fd020000000-7fd021f3c000 rw-p 00000000 00:00 0 
7fd021f3c000-7fd024000000 ---p 00000000 00:00 0 
7fd02400b000-7fd02401e000 r-xp 00000000 08:07 7872143                    /usr/lib/x86_64-linux-gnu/libpangoft2-1.0.so.0.3200.5
7fd02401e000-7fd02421d000 ---p 00013000 08:07 7872143                    /usr/lib/x86_64-linux-gnu/libpangoft2-1.0.so.0.3200.5
7fd02421d000-7fd02421e000 r--p 00012000 08:07 7872143                    /usr/lib/x86_64-linux-gnu/libpangoft2-1.0.so.0.3200.5
7fd02421e000-7fd02421f000 rw-p 00013000 08:07 7872143                    /usr/lib/x86_64-linux-gnu/libpangoft2-1.0.so.0.3200.5
7fd02421f000-7fd024224000 r-xp 00000000 08:07 7871526                    /usr/lib/x86_64-linux-gnu/libXfixes.so.3.1.0
7fd024224000-7fd024423000 ---p 00005000 08:07 7871526                    /usr/lib/x86_64-linux-gnu/libXfixes.so.3.1.0
7fd024423000-7fd024424000 r--p 00004000 08:07 7871526                    /usr/lib/x86_64-linux-gnu/libXfixes.so.3.1.0
7fd024424000-7fd024425000 rw-p 00005000 08:07 7871526                    /usr/lib/x86_64-linux-gnu/libXfixes.so.3.1.0
7fd024425000-7fd024430000 r-xp 00000000 08:07 7872141                    /usr/lib/x86_64-linux-gnu/libpangocairo-1.0.so.0.3200.5
7fd024430000-7fd024630000 ---p 0000b000 08:07 7872141                    /usr/lib/x86_64-linux-gnu/libpangocairo-1.0.so.0.3200.5
7fd024630000-7fd024631000 r--p 0000b000 08:07 7872141                    /usr/lib/x86_64-linux-gnu/libpangocairo-1.0.so.0.3200.5
7fd024631000-7fd024632000 rw-p 0000c000 08:07 7872141                    /usr/lib/x86_64-linux-gnu/libpangocairo-1.0.so.0.3200.5
7fd024632000-7fd02464f000 r-xp 00000000 08:07 7873627                    /usr/lib/x86_64-linux-gnu/libxcb.so.1.1.0
7fd02464f000-7fd02484e000 ---p 0001d000 08:07 7873627                    /usr/lib/x86_64-linux-gnu/libxcb.so.1.1.0
7fd02484e000-7fd02484f000 r--p 0001c000 08:07 7873627                    /usr/lib/x86_64-linux-gnu/libxcb.so.1.1.0
7fd02484f000-7fd024850000 rw-p 0001d000 08:07 7873627                    /usr/lib/x86_64-linux-gnu/libxcb.so.1.1.0
7fd024850000-7fd0248aa000 r-xp 00000000 08:07 7871679                    /usr/lib/x86_64-linux-gnu/libcups.so.2
7fd0248aa000-7fd024aaa000 ---p 0005a000 08:07 7871679                    /usr/lib/x86_64-linux-gnu/libcups.so.2
7fd024aaa000-7fd024aaf000 r--p 0005a000 08:07 7871679                    /usr/lib/x86_64-linux-gnu/libcups.so.2
7fd024aaf000-7fd024ab0000 rw-p 0005f000 08:07 7871679                    /usr/lib/x86_64-linux-gnu/libcups.so.2
7fd024ab0000-7fd024ab1000 r-xp 00000000 08:07 7871956                    /usr/lib/x86_64-linux-gnu/libgthread-2.0.so.0.3600.0
7fd024ab1000-7fd024cb0000 ---p 00001000 08:07 7871956                    /usr/lib/x86_64-linux-gnu/libgthread-2.0.so.0.3600.0
7fd024cb0000-7fd024cb1000 r--p 00000000 08:07 7871956                    /usr/lib/x86_64-linux-gnu/libgthread-2.0.so.0.3600.0
7fd024cb1000-7fd024cb2000 rw-p 00001000 08:07 7871956                    /usr/lib/x86_64-linux-gnu/libgthread-2.0.so.0.3600.0
7fd024cb2000-7fd024ce9000 r-xp 00000000 08:07 7871760                    /usr/lib/x86_64-linux-gnu/libfontconfig.so.1.6.2
7fd024ce9000-7fd024ee9000 ---p 00037000 08:07 7871760                    /usr/lib/x86_64-linux-gnu/libfontconfig.so.1.6.2
7fd024ee9000-7fd024eea000 r--p 00037000 08:07 7871760                    /usr/lib/x86_64-linux-gnu/libfontconfig.so.1.6.2
7fd024eea000-7fd024eeb000 rw-p 00038000 08:07 7871760                    /usr/lib/x86_64-linux-gnu/libfontconfig.so.1.6.2
7fd024eeb000-7fd024eec000 rw-p 00000000 00:00 0 
7fd024eec000-7fd024f34000 r-xp 00000000 08:07 7872139                    /usr/lib/x86_64-linux-gnu/libpango-1.0.so.0.3200.5
7fd024f34000-7fd025134000 ---p 00048000 08:07 7872139                    /usr/lib/x86_64-linux-gnu/libpango-1.0.so.0.3200.5
7fd025134000-7fd025136000 r--p 00048000 08:07 7872139                    /usr/lib/x86_64-linux-gnu/libpango-1.0.so.0.3200.5
7fd025136000-7fd025137000 rw-p 0004a000 08:07 7872139                    /usr/lib/x86_64-linux-gnu/libpango-1.0.so.0.3200.5
7fd025137000-7fd025155000 r-xp 00000000 08:07 7871819                    /usr/lib/x86_64-linux-gnu/libgdk_pixbuf-2.0.so.0.2800.0
7fd025155000-7fd025355000 ---p 0001e000 08:07 7871819                    /usr/lib/x86_64-linux-gnu/libgdk_pixbuf-2.0.so.0.2800.0
7fd025355000-7fd025356000 r--p 0001e000 08:07 7871819                    /usr/lib/x86_64-linux-gnu/libgdk_pixbuf-2.0.so.0.2800.0
7fd025356000-7fd025357000 rw-p 0001f000 08:07 7871819                    /usr/lib/x86_64-linux-gnu/libgdk_pixbuf-2.0.so.0.2800.0
7fd025357000-7fd025404000 r-xp 00000000 08:07 7871817                    /usr/lib/x86_64-linux-gnu/libgdk-x11-2.0.so.0.2400.17
7fd025404000-7fd025603000 ---p 000ad000 08:07 7871817                    /usr/lib/x86_64-linux-gnu/libgdk-x11-2.0.so.0.2400.17
7fd025603000-7fd025607000 r--p 000ac000 08:07 7871817                    /usr/lib/x86_64-linux-gnu/libgdk-x11-2.0.so.0.2400.17
7fd025607000-7fd025609000 rw-p 000b0000 08:07 7871817                    /usr/lib/x86_64-linux-gnu/libgdk-x11-2.0.so.0.2400.17
7fd025609000-7fd025a36000 r-xp 00000000 08:07 7871960                    /usr/lib/x86_64-linux-gnu/libgtk-x11-2.0.so.0.2400.17
7fd025a36000-7fd025c35000 ---p 0042d000 08:07 7871960                    /usr/lib/x86_64-linux-gnu/libgtk-x11-2.0.so.0.2400.17
7fd025c35000-7fd025c3c000 r--p 0042c000 08:07 7871960                    /usr/lib/x86_64-linux-gnu/libgtk-x11-2.0.so.0.2400.17
7fd025c3c000-7fd025c40000 rw-p 00433000 08:07 7871960                    /usr/lib/x86_64-linux-gnu/libgtk-x11-2.0.so.0.2400.17
7fd025c40000-7fd025c42000 rw-p 00000000 00:00 0 
7fd025c42000-7fd025c50000 r-xp 00000000 08:07 7871520                    /usr/lib/x86_64-linux-gnu/libXi.so.6.1.0
7fd025c50000-7fd025e50000 ---p 0000e000 08:07 7871520                    /usr/lib/x86_64-linux-gnu/libXi.so.6.1.0
7fd025e50000-7fd025e51000 r--p 0000e000 08:07 7871520                    /usr/lib/x86_64-linux-gnu/libXi.so.6.1.0
7fd025e51000-7fd025e52000 rw-p 0000f000 08:07 7871520                    /usr/lib/x86_64-linux-gnu/libXi.so.6.1.0
7fd025e52000-7fd025e57000 r-xp 00000000 08:07 7871511                    /usr/lib/x86_64-linux-gnu/libXtst.so.6.1.0
7fd025e57000-7fd026056000 ---p 00005000 08:07 7871511                    /usr/lib/x86_64-linux-gnu/libXtst.so.6.1.0
7fd026056000-7fd026057000 r--p 00004000 08:07 7871511                    /usr/lib/x86_64-linux-gnu/libXtst.so.6.1.0
7fd026057000-7fd026058000 rw-p 00005000 08:07 7871511                    /usr/lib/x86_64-linux-gnu/libXtst.so.6.1.0
7fd026058000-7fd026061000 r-xp 00000000 08:07 7872381                    /usr/lib/x86_64-linux-gnu/libXrender.so.1.3.0
7fd026061000-7fd026260000 ---p 00009000 08:07 7872381                    /usr/lib/x86_64-linux-gnu/libXrender.so.1.3.0
7fd026260000-7fd026261000 r--p 00008000 08:07 7872381                    /usr/lib/x86_64-linux-gnu/libXrender.so.1.3.0
7fd026261000-7fd026262000 rw-p 00009000 08:07 7872381                    /usr/lib/x86_64-linux-gnu/libXrender.so.1.3.0
7fd026262000-7fd026396000 r-xp 00000000 08:07 7872387                    /usr/lib/x86_64-linux-gnu/libX11.so.6.3.0
7fd026396000-7fd026596000 ---p 00134000 08:07 7872387                    /usr/lib/x86_64-linux-gnu/libX11.so.6.3.0
7fd026596000-7fd026597000 r--p 00134000 08:07 7872387                    /usr/lib/x86_64-linux-gnu/libX11.so.6.3.0
7fd026597000-7fd02659c000 rw-p 00135000 08:07 7872387                    /usr/lib/x86_64-linux-gnu/libX11.so.6.3.0
7fd02659c000-7fd0265ad000 r-xp 00000000 08:07 7875654                    /usr/lib/x86_64-linux-gnu/libXext.so.6.4.0
7fd0265ad000-7fd0267ac000 ---p 00011000 08:07 7875654                    /usr/lib/x86_64-linux-gnu/libXext.so.6.4.0
7fd0267ac000-7fd0267ad000 r--p 00010000 08:07 7875654                    /usr/lib/x86_64-linux-gnu/libXext.so.6.4.0
7fd0267ad000-7fd0267ae000 rw-p 00011000 08:07 7875654                    /usr/lib/x86_64-linux-gnu/libXext.so.6.4.0
7fd0267ae000-7fd026801000 r-xp 00000000 08:07 8132391                    /usr/lib/jvm/java-7-openjdk-amd64/jre/lib/amd64/xawt/libmawt.so
7fd026801000-7fd026a00000 ---p 00053000 08:07 8132391                    /usr/lib/jvm/java-7-openjdk-amd64/jre/lib/amd64/xawt/libmawt.so
7fd026a00000-7fd026a01000 r--p 00052000 08:07 8132391                    /usr/lib/jvm/java-7-openjdk-amd64/jre/lib/amd64/xawt/libmawt.so
7fd026a01000-7fd026a04000 rw-p 00053000 08:07 8132391                    /usr/lib/jvm/java-7-openjdk-amd64/jre/lib/amd64/xawt/libmawt.so
7fd026a04000-7fd026a05000 rw-p 00000000 00:00 0 
7fd026a05000-7fd026aa6000 r-xp 00000000 08:07 8132442                    /usr/lib/jvm/java-7-openjdk-amd64/jre/lib/amd64/libawt.so
7fd026aa6000-7fd026ca6000 ---p 000a1000 08:07 8132442                    /usr/lib/jvm/java-7-openjdk-amd64/jre/lib/amd64/libawt.so
7fd026ca6000-7fd026ca7000 r--p 000a1000 08:07 8132442                    /usr/lib/jvm/java-7-openjdk-amd64/jre/lib/amd64/libawt.so
7fd026ca7000-7fd026cb2000 rw-p 000a2000 08:07 8132442                    /usr/lib/jvm/java-7-openjdk-amd64/jre/lib/amd64/libawt.so
7fd026cb2000-7fd026cd7000 rw-p 00000000 00:00 0 
7fd026cd7000-7fd026d14000 r-xp 00000000 08:07 5246690                    /lib/x86_64-linux-gnu/libpcre.so.3.13.1
7fd026d14000-7fd026f14000 ---p 0003d000 08:07 5246690                    /lib/x86_64-linux-gnu/libpcre.so.3.13.1
7fd026f14000-7fd026f15000 r--p 0003d000 08:07 5246690                    /lib/x86_64-linux-gnu/libpcre.so.3.13.1
7fd026f15000-7fd026f16000 rw-p 0003e000 08:07 5246690                    /lib/x86_64-linux-gnu/libpcre.so.3.13.1
7fd026f16000-7fd026f1d000 r-xp 00000000 08:07 7871752                    /usr/lib/x86_64-linux-gnu/libffi.so.6.0.1
7fd026f1d000-7fd02711c000 ---p 00007000 08:07 7871752                    /usr/lib/x86_64-linux-gnu/libffi.so.6.0.1
7fd02711c000-7fd02711d000 r--p 00006000 08:07 7871752                    /usr/lib/x86_64-linux-gnu/libffi.so.6.0.1
7fd02711d000-7fd02711e000 rw-p 00007000 08:07 7871752                    /usr/lib/x86_64-linux-gnu/libffi.so.6.0.1
7fd02711e000-7fd027134000 r-xp 00000000 08:07 5246713                    /lib/x86_64-linux-gnu/libresolv-2.17.so
7fd027134000-7fd027334000 ---p 00016000 08:07 5246713                    /lib/x86_64-linux-gnu/libresolv-2.17.so
7fd027334000-7fd027335000 r--p 00016000 08:07 5246713                    /lib/x86_64-linux-gnu/libresolv-2.17.so
7fd027335000-7fd027336000 rw-p 00017000 08:07 5246713                    /lib/x86_64-linux-gnu/libresolv-2.17.so
7fd027336000-7fd027338000 rw-p 00000000 00:00 0 
7fd027338000-7fd027355000 r-xp 00000000 08:07 5246717                    /lib/x86_64-linux-gnu/libselinux.so.1
7fd027355000-7fd027554000 ---p 0001d000 08:07 5246717                    /lib/x86_64-linux-gnu/libselinux.so.1
7fd027554000-7fd027555000 r--p 0001c000 08:07 5246717                    /lib/x86_64-linux-gnu/libselinux.so.1
7fd027555000-7fd027556000 rw-p 0001d000 08:07 5246717                    /lib/x86_64-linux-gnu/libselinux.so.1
7fd027556000-7fd027557000 rw-p 00000000 00:00 0 
7fd027557000-7fd02755a000 r-xp 00000000 08:07 7871845                    /usr/lib/x86_64-linux-gnu/libgmodule-2.0.so.0.3600.0
7fd02755a000-7fd027759000 ---p 00003000 08:07 7871845                    /usr/lib/x86_64-linux-gnu/libgmodule-2.0.so.0.3600.0
7fd027759000-7fd02775a000 r--p 00002000 08:07 7871845                    /usr/lib/x86_64-linux-gnu/libgmodule-2.0.so.0.3600.0
7fd02775a000-7fd02775b000 rw-p 00003000 08:07 7871845                    /usr/lib/x86_64-linux-gnu/libgmodule-2.0.so.0.3600.0
7fd02775b000-7fd027854000 r-xp 00000000 08:07 5246624                    /lib/x86_64-linux-gnu/libglib-2.0.so.0.3600.0
7fd027854000-7fd027a54000 ---p 000f9000 08:07 5246624                    /lib/x86_64-linux-gnu/libglib-2.0.so.0.3600.0
7fd027a54000-7fd027a55000 r--p 000f9000 08:07 5246624                    /lib/x86_64-linux-gnu/libglib-2.0.so.0.3600.0
7fd027a55000-7fd027a56000 rw-p 000fa000 08:07 5246624                    /lib/x86_64-linux-gnu/libglib-2.0.so.0.3600.0
7fd027a56000-7fd027a57000 rw-p 00000000 00:00 0 
7fd027a57000-7fd027aa4000 r-xp 00000000 08:07 7871861                    /usr/lib/x86_64-linux-gnu/libgobject-2.0.so.0.3600.0
7fd027aa4000-7fd027ca4000 ---p 0004d000 08:07 7871861                    /usr/lib/x86_64-linux-gnu/libgobject-2.0.so.0.3600.0
7fd027ca4000-7fd027ca5000 r--p 0004d000 08:07 7871861                    /usr/lib/x86_64-linux-gnu/libgobject-2.0.so.0.3600.0
7fd027ca5000-7fd027ca6000 rw-p 0004e000 08:07 7871861                    /usr/lib/x86_64-linux-gnu/libgobject-2.0.so.0.3600.0
7fd027ca6000-7fd027df9000 r-xp 00000000 08:07 7871835                    /usr/lib/x86_64-linux-gnu/libgio-2.0.so.0.3600.0
7fd027df9000-7fd027ff8000 ---p 00153000 08:07 7871835                    /usr/lib/x86_64-linux-gnu/libgio-2.0.so.0.3600.0
7fd027ff8000-7fd027ffc000 r--p 00152000 08:07 7871835                    /usr/lib/x86_64-linux-gnu/libgio-2.0.so.0.3600.0
7fd027ffc000-7fd027ffe000 rw-p 00156000 08:07 7871835                    /usr/lib/x86_64-linux-gnu/libgio-2.0.so.0.3600.0
7fd027ffe000-7fd028000000 rw-p 00000000 00:00 0 
7fd028000000-7fd028021000 rw-p 00000000 00:00 0 
7fd028021000-7fd02c000000 ---p 00000000 00:00 0 
7fd02c000000-7fd02c021000 rw-p 00000000 00:00 0 
7fd02c021000-7fd030000000 ---p 00000000 00:00 0 
7fd030000000-7fd03164f000 rw-p 00000000 00:00 0 
7fd03164f000-7fd034000000 ---p 00000000 00:00 0 
7fd034000000-7fd034021000 rw-p 00000000 00:00 0 
7fd034021000-7fd038000000 ---p 00000000 00:00 0 
7fd038000000-7fd038021000 rw-p 00000000 00:00 0 
7fd038021000-7fd03c000000 ---p 00000000 00:00 0 
7fd03c000000-7fd03d9af000 rw-p 00000000 00:00 0 
7fd03d9af000-7fd040000000 ---p 00000000 00:00 0 
7fd040000000-7fd040021000 rw-p 00000000 00:00 0 
7fd040021000-7fd044000000 ---p 00000000 00:00 0 
7fd044000000-7fd044021000 rw-p 00000000 00:00 0 
7fd044021000-7fd048000000 ---p 00000000 00:00 0 
7fd048000000-7fd048031000 rw-p 00000000 00:00 0 
7fd048031000-7fd04c000000 ---p 00000000 00:00 0 
7fd04c0a3000-7fd04c0ae000 rw-s 00000000 00:04 1246003270                 /SYSV00000000 (deleted)
7fd04c0b4000-7fd04c0b7000 ---p 00000000 00:00 0 
7fd04c0b7000-7fd04c1b5000 rw-p 00000000 00:00 0                          [stack:10368]
7fd04c1b5000-7fd04c1cb000 r-xp 00000000 08:07 8132431                    /usr/lib/jvm/java-7-openjdk-amd64/jre/lib/amd64/libnet.so
7fd04c1cb000-7fd04c3ca000 ---p 00016000 08:07 8132431                    /usr/lib/jvm/java-7-openjdk-amd64/jre/lib/amd64/libnet.so
7fd04c3ca000-7fd04c3cb000 r--p 00015000 08:07 8132431                    /usr/lib/jvm/java-7-openjdk-amd64/jre/lib/amd64/libnet.so
7fd04c3cb000-7fd04c3cc000 rw-p 00016000 08:07 8132431                    /usr/lib/jvm/java-7-openjdk-amd64/jre/lib/amd64/libnet.so
7fd04c3cc000-7fd04c3de000 r--s 0028f000 08:07 788696                     /home/shiwali/InstructoSoarII/april/java/april.jar
7fd04c3de000-7fd04c3e7000 r--s 0005a000 08:07 659918                     /home/shiwali/soar/SoarSuite/out/java/soar-debugger.jar
7fd04c3e7000-7fd04c3fa000 r--s 00211000 08:07 660019                     /home/shiwali/soar/SoarSuite/out/java/swt.jar
7fd04c3fa000-7fd04c41b000 rw-p 00000000 00:00 0 
7fd04c41b000-7fd04c41e000 ---p 00000000 00:00 0 
7fd04c41e000-7fd04cc1c000 rw-p 00000000 00:00 0                          [stack:10347]
7fd04cc1c000-7fd04cc1d000 ---p 00000000 00:00 0 
7fd04cc1d000-7fd04d41d000 rw-p 00000000 00:00 0                          [stack:10346]
7fd04d41d000-7fd04d41e000 ---p 00000000 00:00 0 
7fd04d41e000-7fd04dc1e000 rw-p 00000000 00:00 0                          [stack:10345]
7fd04dc1e000-7fd04e48b000 r-xp 00000000 08:07 656225                     /home/shiwali/soar/SoarSuite/out/libSoar.so
7fd04e48b000-7fd04e68b000 ---p 0086d000 08:07 656225                     /home/shiwali/soar/SoarSuite/out/libSoar.so
7fd04e68b000-7fd04e69c000 r--p 0086d000 08:07 656225                     /home/shiwali/soar/SoarSuite/out/libSoar.so
7fd04e69c000-7fd04e6b3000 rw-p 0087e000 08:07 656225                     /home/shiwali/soar/SoarSuite/out/libSoar.so
7fd04e6b3000-7fd04e6b7000 rw-p 00000000 00:00 0 
7fd04e6b7000-7fd04e710000 r-xp 00000000 08:07 658345                     /home/shiwali/soar/SoarSuite/out/libJava_sml_ClientInterface.so
7fd04e710000-7fd04e910000 ---p 00059000 08:07 658345                     /home/shiwali/soar/SoarSuite/out/libJava_sml_ClientInterface.so
7fd04e910000-7fd04e911000 r--p 00059000 08:07 658345                     /home/shiwali/soar/SoarSuite/out/libJava_sml_ClientInterface.so
7fd04e911000-7fd04e913000 rw-p 0005a000 08:07 658345                     /home/shiwali/soar/SoarSuite/out/libJava_sml_ClientInterface.so
7fd04e913000-7fd04e914000 ---p 00000000 00:00 0 
7fd04e914000-7fd04ea14000 rw-p 00000000 00:00 0                          [stack:10344]
7fd04ea14000-7fd04ea17000 ---p 00000000 00:00 0 
7fd04ea17000-7fd04eb15000 rw-p 00000000 00:00 0                          [stack:10343]
7fd04eb15000-7fd04eb18000 ---p 00000000 00:00 0 
7fd04eb18000-7fd04ec16000 rw-p 00000000 00:00 0                          [stack:10342]
7fd04ec16000-7fd04ec19000 ---p 00000000 00:00 0 
7fd04ec19000-7fd04ed17000 rw-p 00000000 00:00 0                          [stack:10341]
7fd04ed17000-7fd04ed1a000 ---p 00000000 00:00 0 
7fd04ed1a000-7fd04ee18000 rw-p 00000000 00:00 0                          [stack:10340]
7fd04ee18000-7fd04f4f9000 r--p 00000000 08:07 7870646                    /usr/lib/locale/locale-archive
7fd04f4f9000-7fd04f4fc000 ---p 00000000 00:00 0 
7fd04f4fc000-7fd04f5fa000 rw-p 00000000 00:00 0                          [stack:10338]
7fd04f5fa000-7fd04f5fd000 ---p 00000000 00:00 0 
7fd04f5fd000-7fd04f6fb000 rw-p 00000000 00:00 0                          [stack:10337]
7fd04f6fb000-7fd04f6fc000 ---p 00000000 00:00 0 
7fd04f6fc000-7fd054000000 rw-p 00000000 00:00 0                          [stack:10336]
7fd054000000-7fd054021000 rw-p 00000000 00:00 0 
7fd054021000-7fd058000000 ---p 00000000 00:00 0 
7fd058000000-7fd058021000 rw-p 00000000 00:00 0 
7fd058021000-7fd05c000000 ---p 00000000 00:00 0 
7fd05c000000-7fd05c021000 rw-p 00000000 00:00 0 
7fd05c021000-7fd060000000 ---p 00000000 00:00 0 
7fd060000000-7fd060021000 rw-p 00000000 00:00 0 
7fd060021000-7fd064000000 ---p 00000000 00:00 0 
7fd064003000-7fd06483c000 rw-p 00000000 00:00 0 
7fd06483c000-7fd0649e9000 r--s 01cec000 08:07 8132419                    /usr/lib/jvm/java-7-openjdk-amd64/jre/lib/rt.jar
7fd0649e9000-7fd064a11000 rw-p 00000000 00:00 0 
7fd064a11000-7fd064a12000 ---p 00000000 00:00 0 
7fd064a12000-7fd064b12000 rw-p 00000000 00:00 0                          [stack:10335]
7fd064b12000-7fd064b13000 ---p 00000000 00:00 0 
7fd064b13000-7fd064c13000 rw-p 00000000 00:00 0                          [stack:10334]
7fd064c13000-7fd064c14000 ---p 00000000 00:00 0 
7fd064c14000-7fd064d14000 rw-p 00000000 00:00 0                          [stack:10333]
7fd064d14000-7fd064d15000 ---p 00000000 00:00 0 
7fd064d15000-7fd064e34000 rw-p 00000000 00:00 0                          [stack:10332]
7fd064e34000-7fd065000000 rw-p 00000000 00:00 0 
7fd065000000-7fd065270000 rwxp 00000000 00:00 0 
7fd065270000-7fd0685f1000 rw-p 00000000 00:00 0 
7fd0685f1000-7fd06c000000 ---p 00000000 00:00 0 
7fd06c000000-7fd06c004000 r--s 00035000 08:07 2884905                    /home/shiwali/InstructoSoarII/probcog2/java/probcog.jar
7fd06c004000-7fd06c00f000 rw-p 00000000 00:00 0 
7fd06c00f000-7fd06c057000 rw-p 00000000 00:00 0 
7fd06c057000-7fd06c062000 rw-p 00000000 00:00 0 
7fd06c062000-7fd06c0aa000 rw-p 00000000 00:00 0 
7fd06c0aa000-7fd06c0c9000 rw-p 00000000 00:00 0 
7fd06c0c9000-7fd06c294000 rw-p 00000000 00:00 0 
7fd06c294000-7fd06c38a000 rw-p 00000000 00:00 0 
7fd06c38a000-7fd06c38b000 rw-p 00000000 00:00 0 
7fd06c38b000-7fd06c393000 r-xp 00000000 08:07 8132482                    /usr/lib/jvm/java-7-openjdk-amd64/jre/lib/amd64/libzip.so
7fd06c393000-7fd06c592000 ---p 00008000 08:07 8132482                    /usr/lib/jvm/java-7-openjdk-amd64/jre/lib/amd64/libzip.so
7fd06c592000-7fd06c593000 r--p 00007000 08:07 8132482                    /usr/lib/jvm/java-7-openjdk-amd64/jre/lib/amd64/libzip.so
7fd06c593000-7fd06c594000 rw-p 00008000 08:07 8132482                    /usr/lib/jvm/java-7-openjdk-amd64/jre/lib/amd64/libzip.so
7fd06c594000-7fd06c5a0000 r-xp 00000000 08:07 5246668                    /lib/x86_64-linux-gnu/libnss_files-2.17.so
7fd06c5a0000-7fd06c79f000 ---p 0000c000 08:07 5246668                    /lib/x86_64-linux-gnu/libnss_files-2.17.so
7fd06c79f000-7fd06c7a0000 r--p 0000b000 08:07 5246668                    /lib/x86_64-linux-gnu/libnss_files-2.17.so
7fd06c7a0000-7fd06c7a1000 rw-p 0000c000 08:07 5246668                    /lib/x86_64-linux-gnu/libnss_files-2.17.so
7fd06c7a1000-7fd06c7ac000 r-xp 00000000 08:07 5246672                    /lib/x86_64-linux-gnu/libnss_nis-2.17.so
7fd06c7ac000-7fd06c9ab000 ---p 0000b000 08:07 5246672                    /lib/x86_64-linux-gnu/libnss_nis-2.17.so
7fd06c9ab000-7fd06c9ac000 r--p 0000a000 08:07 5246672                    /lib/x86_64-linux-gnu/libnss_nis-2.17.so
7fd06c9ac000-7fd06c9ad000 rw-p 0000b000 08:07 5246672                    /lib/x86_64-linux-gnu/libnss_nis-2.17.so
7fd06c9ad000-7fd06c9c4000 r-xp 00000000 08:07 5246662                    /lib/x86_64-linux-gnu/libnsl-2.17.so
7fd06c9c4000-7fd06cbc3000 ---p 00017000 08:07 5246662                    /lib/x86_64-linux-gnu/libnsl-2.17.so
7fd06cbc3000-7fd06cbc4000 r--p 00016000 08:07 5246662                    /lib/x86_64-linux-gnu/libnsl-2.17.so
7fd06cbc4000-7fd06cbc5000 rw-p 00017000 08:07 5246662                    /lib/x86_64-linux-gnu/libnsl-2.17.so
7fd06cbc5000-7fd06cbc7000 rw-p 00000000 00:00 0 
7fd06cbc7000-7fd06cbcf000 r-xp 00000000 08:07 5246664                    /lib/x86_64-linux-gnu/libnss_compat-2.17.so
7fd06cbcf000-7fd06cdce000 ---p 00008000 08:07 5246664                    /lib/x86_64-linux-gnu/libnss_compat-2.17.so
7fd06cdce000-7fd06cdcf000 r--p 00007000 08:07 5246664                    /lib/x86_64-linux-gnu/libnss_compat-2.17.so
7fd06cdcf000-7fd06cdd0000 rw-p 00008000 08:07 5246664                    /lib/x86_64-linux-gnu/libnss_compat-2.17.so
7fd06cdd0000-7fd06cdfb000 r-xp 00000000 08:07 8132441                    /usr/lib/jvm/java-7-openjdk-amd64/jre/lib/amd64/libjava.so
7fd06cdfb000-7fd06cffa000 ---p 0002b000 08:07 8132441                    /usr/lib/jvm/java-7-openjdk-amd64/jre/lib/amd64/libjava.so
7fd06cffa000-7fd06cffb000 r--p 0002a000 08:07 8132441                    /usr/lib/jvm/java-7-openjdk-amd64/jre/lib/amd64/libjava.so
7fd06cffb000-7fd06cffd000 rw-p 0002b000 08:07 8132441                    /usr/lib/jvm/java-7-openjdk-amd64/jre/lib/amd64/libjava.so
7fd06cffd000-7fd06d00c000 r-xp 00000000 08:07 8132440                    /usr/lib/jvm/java-7-openjdk-amd64/jre/lib/amd64/libverify.so
7fd06d00c000-7fd06d20b000 ---p 0000f000 08:07 8132440                    /usr/lib/jvm/java-7-openjdk-amd64/jre/lib/amd64/libverify.so
7fd06d20b000-7fd06d20d000 r--p 0000e000 08:07 8132440                    /usr/lib/jvm/java-7-openjdk-amd64/jre/lib/amd64/libverify.so
7fd06d20d000-7fd06d20e000 rw-p 00010000 08:07 8132440                    /usr/lib/jvm/java-7-openjdk-amd64/jre/lib/amd64/libverify.so
7fd06d20e000-7fd06d215000 r-xp 00000000 08:07 5246715                    /lib/x86_64-linux-gnu/librt-2.17.so
7fd06d215000-7fd06d414000 ---p 00007000 08:07 5246715                    /lib/x86_64-linux-gnu/librt-2.17.so
7fd06d414000-7fd06d415000 r--p 00006000 08:07 5246715                    /lib/x86_64-linux-gnu/librt-2.17.so
7fd06d415000-7fd06d416000 rw-p 00007000 08:07 5246715                    /lib/x86_64-linux-gnu/librt-2.17.so
7fd06d416000-7fd06d42a000 r-xp 00000000 08:07 5246620                    /lib/x86_64-linux-gnu/libgcc_s.so.1
7fd06d42a000-7fd06d62a000 ---p 00014000 08:07 5246620                    /lib/x86_64-linux-gnu/libgcc_s.so.1
7fd06d62a000-7fd06d62b000 r--p 00014000 08:07 5246620                    /lib/x86_64-linux-gnu/libgcc_s.so.1
7fd06d62b000-7fd06d62c000 rw-p 00015000 08:07 5246620                    /lib/x86_64-linux-gnu/libgcc_s.so.1
7fd06d62c000-7fd06d72f000 r-xp 00000000 08:07 5246643                    /lib/x86_64-linux-gnu/libm-2.17.so
7fd06d72f000-7fd06d92f000 ---p 00103000 08:07 5246643                    /lib/x86_64-linux-gnu/libm-2.17.so
7fd06d92f000-7fd06d930000 r--p 00103000 08:07 5246643                    /lib/x86_64-linux-gnu/libm-2.17.so
7fd06d930000-7fd06d931000 rw-p 00104000 08:07 5246643                    /lib/x86_64-linux-gnu/libm-2.17.so
7fd06d931000-7fd06da16000 r-xp 00000000 08:07 7872281                    /usr/lib/x86_64-linux-gnu/libstdc++.so.6.0.17
7fd06da16000-7fd06dc15000 ---p 000e5000 08:07 7872281                    /usr/lib/x86_64-linux-gnu/libstdc++.so.6.0.17
7fd06dc15000-7fd06dc1d000 r--p 000e4000 08:07 7872281                    /usr/lib/x86_64-linux-gnu/libstdc++.so.6.0.17
7fd06dc1d000-7fd06dc1f000 rw-p 000ec000 08:07 7872281                    /usr/lib/x86_64-linux-gnu/libstdc++.so.6.0.17
7fd06dc1f000-7fd06dc34000 rw-p 00000000 00:00 0 
7fd06dc34000-7fd06e624000 r-xp 00000000 08:07 8132445                    /usr/lib/jvm/java-7-openjdk-amd64/jre/lib/amd64/server/libjvm.so
7fd06e624000-7fd06e823000 ---p 009f0000 08:07 8132445                    /usr/lib/jvm/java-7-openjdk-amd64/jre/lib/amd64/server/libjvm.so
7fd06e823000-7fd06e8a2000 r--p 009ef000 08:07 8132445                    /usr/lib/jvm/java-7-openjdk-amd64/jre/lib/amd64/server/libjvm.so
7fd06e8a2000-7fd06e8c5000 rw-p 00a6e000 08:07 8132445                    /usr/lib/jvm/java-7-openjdk-amd64/jre/lib/amd64/server/libjvm.so
7fd06e8c5000-7fd06e8f0000 rw-p 00000000 00:00 0 
7fd06e8f0000-7fd06e906000 r-xp 00000000 08:07 5246748                    /lib/x86_64-linux-gnu/libz.so.1.2.7
7fd06e906000-7fd06eb05000 ---p 00016000 08:07 5246748                    /lib/x86_64-linux-gnu/libz.so.1.2.7
7fd06eb05000-7fd06eb06000 r--p 00015000 08:07 5246748                    /lib/x86_64-linux-gnu/libz.so.1.2.7
7fd06eb06000-7fd06eb07000 rw-p 00016000 08:07 5246748                    /lib/x86_64-linux-gnu/libz.so.1.2.7
7fd06eb07000-7fd06eb1f000 r-xp 00000000 08:07 5246707                    /lib/x86_64-linux-gnu/libpthread-2.17.so
7fd06eb1f000-7fd06ed1e000 ---p 00018000 08:07 5246707                    /lib/x86_64-linux-gnu/libpthread-2.17.so
7fd06ed1e000-7fd06ed1f000 r--p 00017000 08:07 5246707                    /lib/x86_64-linux-gnu/libpthread-2.17.so
7fd06ed1f000-7fd06ed20000 rw-p 00018000 08:07 5246707                    /lib/x86_64-linux-gnu/libpthread-2.17.so
7fd06ed20000-7fd06ed24000 rw-p 00000000 00:00 0 
7fd06ed24000-7fd06ed27000 r-xp 00000000 08:07 5246610                    /lib/x86_64-linux-gnu/libdl-2.17.so
7fd06ed27000-7fd06ef26000 ---p 00003000 08:07 5246610                    /lib/x86_64-linux-gnu/libdl-2.17.so
7fd06ef26000-7fd06ef27000 r--p 00002000 08:07 5246610                    /lib/x86_64-linux-gnu/libdl-2.17.so
7fd06ef27000-7fd06ef28000 rw-p 00003000 08:07 5246610                    /lib/x86_64-linux-gnu/libdl-2.17.so
7fd06ef28000-7fd06f0e6000 r-xp 00000000 08:07 5246595                    /lib/x86_64-linux-gnu/libc-2.17.so
7fd06f0e6000-7fd06f2e5000 ---p 001be000 08:07 5246595                    /lib/x86_64-linux-gnu/libc-2.17.so
7fd06f2e5000-7fd06f2e9000 r--p 001bd000 08:07 5246595                    /lib/x86_64-linux-gnu/libc-2.17.so
7fd06f2e9000-7fd06f2eb000 rw-p 001c1000 08:07 5246595                    /lib/x86_64-linux-gnu/libc-2.17.so
7fd06f2eb000-7fd06f2f0000 rw-p 00000000 00:00 0 
7fd06f2f0000-7fd06f2fd000 r-xp 00000000 08:07 8132424                    /usr/lib/jvm/java-7-openjdk-amd64/jre/lib/amd64/jli/libjli.so
7fd06f2fd000-7fd06f4fc000 ---p 0000d000 08:07 8132424                    /usr/lib/jvm/java-7-openjdk-amd64/jre/lib/amd64/jli/libjli.so
7fd06f4fc000-7fd06f4fd000 r--p 0000c000 08:07 8132424                    /usr/lib/jvm/java-7-openjdk-amd64/jre/lib/amd64/jli/libjli.so
7fd06f4fd000-7fd06f4fe000 rw-p 0000d000 08:07 8132424                    /usr/lib/jvm/java-7-openjdk-amd64/jre/lib/amd64/jli/libjli.so
7fd06f4fe000-7fd06f521000 r-xp 00000000 08:07 5246571                    /lib/x86_64-linux-gnu/ld-2.17.so
7fd06f521000-7fd06f523000 rw-p 00000000 00:00 0 
7fd06f523000-7fd06f524000 r--s 00001000 08:07 658906                     /home/shiwali/soar/SoarSuite/out/java/soar-debugger-api.jar
7fd06f524000-7fd06f525000 r--s 00003000 08:07 659992                     /home/shiwali/soar/SoarSuite/out/java/swtgraphics2d.jar
7fd06f525000-7fd06f527000 r--s 00005000 08:07 658899                     /home/shiwali/soar/SoarSuite/out/java/soar-smljava.jar
7fd06f527000-7fd06f530000 r--s 000bc000 08:07 8132175                    /usr/lib/jvm/java-7-openjdk-common/jre/lib/resources.jar
7fd06f530000-7fd06f533000 r--s 00018000 08:07 658876                     /home/shiwali/soar/SoarSuite/out/java/sml.jar
7fd06f533000-7fd06f536000 r--s 0001d000 08:07 9833101                    /usr/local/share/java/lcm.jar
7fd06f536000-7fd06f539000 r--s 00028000 08:07 1707691                    /home/shiwali/InstructoSoarII/rosie/java/language/lgsoar.jar
7fd06f539000-7fd06f543000 rw-p 00000000 00:00 0 
7fd06f543000-7fd06f5f9000 rw-p 00000000 00:00 0 
7fd06f5f9000-7fd06f5fc000 ---p 00000000 00:00 0 
7fd06f5fc000-7fd06f6ff000 rw-p 00000000 00:00 0                          [stack:10327]
7fd06f6ff000-7fd06f702000 r--s 0001c000 08:07 1575757                    /home/shiwali/InstructoSoarII/rosie/java/insoar.jar
7fd06f702000-7fd06f704000 r--s 00012000 08:07 8132181                    /usr/lib/jvm/java-7-openjdk-common/jre/lib/ext/zipfs.jar
7fd06f704000-7fd06f706000 r--s 00006000 08:07 8264680                    /usr/share/java/java-atk-wrapper.jar
7fd06f706000-7fd06f709000 r--s 0003c000 08:07 8132176                    /usr/lib/jvm/java-7-openjdk-common/jre/lib/ext/sunpkcs11.jar
7fd06f709000-7fd06f70c000 r--s 00032000 08:07 8132178                    /usr/lib/jvm/java-7-openjdk-common/jre/lib/ext/sunjce_provider.jar
7fd06f70c000-7fd06f70d000 r--s 00002000 08:07 8132180                    /usr/lib/jvm/java-7-openjdk-common/jre/lib/ext/dnsns.jar
7fd06f70d000-7fd06f710000 r--s 0000f000 08:07 8132179                    /usr/lib/jvm/java-7-openjdk-common/jre/lib/ext/pulse-java.jar
7fd06f710000-7fd06f714000 r--s 00085000 08:07 8132177                    /usr/lib/jvm/java-7-openjdk-common/jre/lib/ext/localedata.jar
7fd06f714000-7fd06f71c000 rw-s 00000000 08:07 1055660                    /tmp/hsperfdata_shiwali/10326
7fd06f71c000-7fd06f71d000 rw-p 00000000 00:00 0 
7fd06f71d000-7fd06f71e000 r--p 00000000 00:00 0 
7fd06f71e000-7fd06f720000 rw-p 00000000 00:00 0 
7fd06f720000-7fd06f721000 r--p 00022000 08:07 5246571                    /lib/x86_64-linux-gnu/ld-2.17.so
7fd06f721000-7fd06f723000 rw-p 00023000 08:07 5246571                    /lib/x86_64-linux-gnu/ld-2.17.so
7fff5356c000-7fff5358d000 rw-p 00000000 00:00 0                          [stack]
7fff535a9000-7fff535ab000 r-xp 00000000 00:00 0                          [vdso]
ffffffffff600000-ffffffffff601000 r-xp 00000000 00:00 0                  [vsyscall]

VM Arguments:
jvm_args: -Dfile.encoding=UTF-8 
java_command: edu.umich.insoar.InSoar
Launcher Type: SUN_STANDARD

Environment Variables:
PATH=/usr/lib/lightdm/lightdm:/usr/local/sbin:/usr/local/bin:/usr/sbin:/usr/bin:/sbin:/bin:/usr/games:/usr/local/games
LD_LIBRARY_PATH=/home/shiwali/soar/SoarSuite/out
SHELL=/bin/bash
DISPLAY=:0

Signal Handlers:
SIGSEGV: [libjvm.so+0x84f410], sa_mask[0]=0x7ffbfeff, sa_flags=0x10000004
SIGBUS: [libjvm.so+0x84f410], sa_mask[0]=0x7ffbfeff, sa_flags=0x10000004
SIGFPE: [libjvm.so+0x6f19a0], sa_mask[0]=0x7ffbfeff, sa_flags=0x10000004
SIGPIPE: SIG_IGN, sa_mask[0]=0x00000000, sa_flags=0x00000000
SIGXFSZ: [libjvm.so+0x6f19a0], sa_mask[0]=0x7ffbfeff, sa_flags=0x10000004
SIGILL: [libjvm.so+0x6f19a0], sa_mask[0]=0x7ffbfeff, sa_flags=0x10000004
SIGUSR1: SIG_DFL, sa_mask[0]=0x00000000, sa_flags=0x00000000
SIGUSR2: [libjvm.so+0x6f1d70], sa_mask[0]=0x00000004, sa_flags=0x10000004
SIGHUP: [libjvm.so+0x6f1eb0], sa_mask[0]=0x7ffbfeff, sa_flags=0x10000004
SIGINT: [libjvm.so+0x6f1eb0], sa_mask[0]=0x7ffbfeff, sa_flags=0x10000004
SIGTERM: [libjvm.so+0x6f1eb0], sa_mask[0]=0x7ffbfeff, sa_flags=0x10000004
SIGQUIT: [libjvm.so+0x6f1eb0], sa_mask[0]=0x7ffbfeff, sa_flags=0x10000004


---------------  S Y S T E M  ---------------

OS:Ubuntu 13.04 (raring)
uname:Linux 3.8.0-27-generic #40-Ubuntu SMP Tue Jul 9 00:17:05 UTC 2013 x86_64
libc:glibc 2.17 NPTL 2.17 
rlimit: STACK 8192k, CORE 0k, NPROC 46898, NOFILE 4096, AS infinity
load average:2.22 2.02 1.98

/proc/meminfo:
MemTotal:        6022120 kB
MemFree:          517140 kB
Buffers:          112676 kB
Cached:          1951732 kB
SwapCached:            0 kB
Active:          3655020 kB
Inactive:        1590372 kB
Active(anon):    3147572 kB
Inactive(anon):   895092 kB
Active(file):     507448 kB
Inactive(file):   695280 kB
Unevictable:         216 kB
Mlocked:             216 kB
SwapTotal:        975868 kB
SwapFree:         975844 kB
Dirty:             10816 kB
Writeback:             0 kB
AnonPages:       3181172 kB
Mapped:           292532 kB
Shmem:            861672 kB
Slab:             129464 kB
SReclaimable:      92516 kB
SUnreclaim:        36948 kB
KernelStack:        5216 kB
PageTables:        51280 kB
NFS_Unstable:          0 kB
Bounce:                0 kB
WritebackTmp:          0 kB
CommitLimit:     3986928 kB
Committed_AS:    8562484 kB
VmallocTotal:   34359738367 kB
VmallocUsed:      355740 kB
VmallocChunk:   34359379580 kB
HardwareCorrupted:     0 kB
AnonHugePages:         0 kB
HugePages_Total:       0
HugePages_Free:        0
HugePages_Rsvd:        0
HugePages_Surp:        0
Hugepagesize:       2048 kB
DirectMap4k:       55296 kB
DirectMap2M:     6152192 kB


CPU:total 4 (2 cores per cpu, 2 threads per core) family 6 model 42 stepping 7, cmov, cx8, fxsr, mmx, sse, sse2, sse3, ssse3, sse4.1, sse4.2, popcnt, avx, ht, tsc, tscinvbit

/proc/cpuinfo:
processor	: 0
vendor_id	: GenuineIntel
cpu family	: 6
model		: 42
model name	: Intel(R) Core(TM) i5-2410M CPU @ 2.30GHz
stepping	: 7
microcode	: 0x15
cpu MHz		: 2300.000
cache size	: 3072 KB
physical id	: 0
siblings	: 4
core id		: 0
cpu cores	: 2
apicid		: 0
initial apicid	: 0
fpu		: yes
fpu_exception	: yes
cpuid level	: 13
wp		: yes
flags		: fpu vme de pse tsc msr pae mce cx8 apic sep mtrr pge mca cmov pat pse36 clflush dts acpi mmx fxsr sse sse2 ss ht tm pbe syscall nx rdtscp lm constant_tsc arch_perfmon pebs bts nopl xtopology nonstop_tsc aperfmperf eagerfpu pni pclmulqdq dtes64 monitor ds_cpl vmx est tm2 ssse3 cx16 xtpr pdcm pcid sse4_1 sse4_2 x2apic popcnt tsc_deadline_timer xsave avx lahf_lm ida arat epb xsaveopt pln pts dtherm tpr_shadow vnmi flexpriority ept vpid
bogomips	: 4589.29
clflush size	: 64
cache_alignment	: 64
address sizes	: 36 bits physical, 48 bits virtual
power management:

processor	: 1
vendor_id	: GenuineIntel
cpu family	: 6
model		: 42
model name	: Intel(R) Core(TM) i5-2410M CPU @ 2.30GHz
stepping	: 7
microcode	: 0x15
cpu MHz		: 800.000
cache size	: 3072 KB
physical id	: 0
siblings	: 4
core id		: 0
cpu cores	: 2
apicid		: 1
initial apicid	: 1
fpu		: yes
fpu_exception	: yes
cpuid level	: 13
wp		: yes
flags		: fpu vme de pse tsc msr pae mce cx8 apic sep mtrr pge mca cmov pat pse36 clflush dts acpi mmx fxsr sse sse2 ss ht tm pbe syscall nx rdtscp lm constant_tsc arch_perfmon pebs bts nopl xtopology nonstop_tsc aperfmperf eagerfpu pni pclmulqdq dtes64 monitor ds_cpl vmx est tm2 ssse3 cx16 xtpr pdcm pcid sse4_1 sse4_2 x2apic popcnt tsc_deadline_timer xsave avx lahf_lm ida arat epb xsaveopt pln pts dtherm tpr_shadow vnmi flexpriority ept vpid
bogomips	: 4589.29
clflush size	: 64
cache_alignment	: 64
address sizes	: 36 bits physical, 48 bits virtual
power management:

processor	: 2
vendor_id	: GenuineIntel
cpu family	: 6
model		: 42
model name	: Intel(R) Core(TM) i5-2410M CPU @ 2.30GHz
stepping	: 7
microcode	: 0x15
cpu MHz		: 800.000
cache size	: 3072 KB
physical id	: 0
siblings	: 4
core id		: 1
cpu cores	: 2
apicid		: 2
initial apicid	: 2
fpu		: yes
fpu_exception	: yes
cpuid level	: 13
wp		: yes
flags		: fpu vme de pse tsc msr pae mce cx8 apic sep mtrr pge mca cmov pat pse36 clflush dts acpi mmx fxsr sse sse2 ss ht tm pbe syscall nx rdtscp lm constant_tsc arch_perfmon pebs bts nopl xtopology nonstop_tsc aperfmperf eagerfpu pni pclmulqdq dtes64 monitor ds_cpl vmx est tm2 ssse3 cx16 xtpr pdcm pcid sse4_1 sse4_2 x2apic popcnt tsc_deadline_timer xsave avx lahf_lm ida arat epb xsaveopt pln pts dtherm tpr_shadow vnmi flexpriority ept vpid
bogomips	: 4589.29
clflush size	: 64
cache_alignment	: 64
address sizes	: 36 bits physical, 48 bits virtual
power management:

processor	: 3
vendor_id	: GenuineIntel
cpu family	: 6
model		: 42
model name	: Intel(R) Core(TM) i5-2410M CPU @ 2.30GHz
stepping	: 7
microcode	: 0x15
cpu MHz		: 1800.000
cache size	: 3072 KB
physical id	: 0
siblings	: 4
core id		: 1
cpu cores	: 2
apicid		: 3
initial apicid	: 3
fpu		: yes
fpu_exception	: yes
cpuid level	: 13
wp		: yes
flags		: fpu vme de pse tsc msr pae mce cx8 apic sep mtrr pge mca cmov pat pse36 clflush dts acpi mmx fxsr sse sse2 ss ht tm pbe syscall nx rdtscp lm constant_tsc arch_perfmon pebs bts nopl xtopology nonstop_tsc aperfmperf eagerfpu pni pclmulqdq dtes64 monitor ds_cpl vmx est tm2 ssse3 cx16 xtpr pdcm pcid sse4_1 sse4_2 x2apic popcnt tsc_deadline_timer xsave avx lahf_lm ida arat epb xsaveopt pln pts dtherm tpr_shadow vnmi flexpriority ept vpid
bogomips	: 4589.29
clflush size	: 64
cache_alignment	: 64
address sizes	: 36 bits physical, 48 bits virtual
power management:



Memory: 4k page, physical 6022120k(517140k free), swap 975868k(975844k free)

vm_info: OpenJDK 64-Bit Server VM (23.7-b01) for linux-amd64 JRE (1.7.0_25-b30), built on Jul  3 2013 13:50:39 by "buildd" with gcc 4.7.3

time: Sun Aug 18 23:27:32 2013
elapsed time: 1827 seconds

