#
# A fatal error has been detected by the Java Runtime Environment:
#
#  SIGSEGV (0xb) at pc=0x00007f9e308cf66f, pid=4181, tid=140316640274176
#
# JRE version: 7.0_25-b30
# Java VM: OpenJDK 64-Bit Server VM (23.7-b01 mixed mode linux-amd64 compressed oops)
# Problematic frame:
# C  [libSoar.so+0x1d766f]  elaborate_gds(agent_struct*)+0x23f
#
# Failed to write core dump. Core dumps have been disabled. To enable core dumping, try "ulimit -c unlimited" before starting Java again
#
# If you would like to submit a bug report, please include
# instructions on how to reproduce the bug and visit:
#   https://bugs.launchpad.net/ubuntu/+source/openjdk-7/
#

---------------  T H R E A D  ---------------

Current thread is native thread

siginfo:si_signo=SIGSEGV: si_errno=0, si_code=128 (), si_addr=0x0000000000000000

Registers:
RAX=0x7f9df0e8b4800000, RBX=0x0000000000000000, RCX=0x0000000000000001, RDX=0x00007f9df11c881a
RSP=0x00007f9e037fcdf0, RBP=0x00007f9e037fce90, RSI=0x0000000000000001, RDI=0x00007f9df17088b0
R8 =0x0000000000000002, R9 =0x0000000000000030, R10=0x0000000000000004, R11=0x00007f9df0000078
R12=0x0000000000000000, R13=0x00007f9e4229c060, R14=0x00007f9e422734f0, R15=0x0000000000001000
RIP=0x00007f9e308cf66f, EFLAGS=0x0000000000010206, CSGSFS=0x0000000000000033, ERR=0x0000000000000000
  TRAPNO=0x000000000000000d

Top of Stack: (sp=0x00007f9e037fcdf0)
0x00007f9e037fcdf0:   00007f9df12186a0 00007f9df0000dd0
0x00007f9e037fce00:   00027f9df0007068 00007f9df0000dd0
0x00007f9e037fce10:   00007f9df17e93f0 00007f9df0b03f70
0x00007f9e037fce20:   00007f9df0af2d40 00007f9df0ee3348
0x00007f9e037fce30:   00007f9df100d5e0 00007f9e422734f0
0x00007f9e037fce40:   0000000000001000 00007f9e41b26580
0x00007f9e037fce50:   00007f9df10a9038 0000000000000000
0x00007f9e037fce60:   00007f9e037fce90 00007f9e308cf1fe
0x00007f9e037fce70:   00007f9df0af2d40 00007f9df11c881a
0x00007f9e037fce80:   7f9df0e8b4800000 00007f9df0b03f70
0x00007f9e037fce90:   00007f9e037fcf00 00007f9e308cd16a
0x00007f9e037fcea0:   00007f9df1070330 00007f9df0000dd0
0x00007f9e037fceb0:   00007f9e037fcee0 00007f9e30947b03
0x00007f9e037fcec0:   00007f9e037fcef0 00007f9df00008e0
0x00007f9e037fced0:   00007f9e30d029a7 00007f9df0df84e0
0x00007f9e037fcee0:   00007f9df10a8de0 00007f9df0df84e0
0x00007f9e037fcef0:   0000000000000000 00007f9df00070b0
0x00007f9e037fcf00:   00007f9e037fcf30 00007f9e308cd2e3
0x00007f9e037fcf10:   00007f9e30d029a7 00007f9df0000dd0
0x00007f9e037fcf20:   00007f9df13805f8 00007f9df1070330
0x00007f9e037fcf30:   00007f9e037fcf50 00007f9e308cef18
0x00007f9e037fcf40:   00007f9e00000000 00007f9df0000dd0
0x00007f9e037fcf50:   00007f9e037fcfe0 00007f9e308e84ac
0x00007f9e037fcf60:   00007fff675feac9 00007f9df0000dd0
0x00007f9e037fcf70:   00000001037fcf90 0000000000000000
0x00007f9e037fcf80:   0000000000000000 00007f9e4229c060
0x00007f9e037fcf90:   00007f9e037fcfc0 00007f9e41bb1ead
0x00007f9e037fcfa0:   00007f9e037fd000 00007f9e30937c55
0x00007f9e037fcfb0:   000000000000047e 0000000006cb7cbd
0x00007f9e037fcfc0:   00007f9e037fcfe0 00007f9e30938014
0x00007f9e037fcfd0:   00007f9e381e7ee8 00007f9df0004ad0
0x00007f9e037fcfe0:   00007f9e037fd010 00007f9e308e986f 

Instructions: (pc=0x00007f9e308cf66f)
0x00007f9e308cf64f:   74 0f 48 8b 45 e8 48 8b 55 f0 48 89 90 a0 00 00
0x00007f9e308cf65f:   00 48 83 7d f0 00 74 11 48 8b 45 f0 48 8b 55 e8
0x00007f9e308cf66f:   48 89 90 98 00 00 00 eb 13 48 8b 45 98 48 8b 80
0x00007f9e308cf67f:   90 00 00 00 48 8b 55 e8 48 89 50 08 48 8b 45 98 

Register to memory mapping:

RAX=0x7f9df0e8b4800000 is an unknown value
RBX=0x0000000000000000 is an unknown value
RCX=0x0000000000000001 is an unknown value
RDX=0x00007f9df11c881a is an unknown value
RSP=0x00007f9e037fcdf0 is an unknown value
RBP=0x00007f9e037fce90 is an unknown value
RSI=0x0000000000000001 is an unknown value
RDI=0x00007f9df17088b0 is an unknown value
R8 =0x0000000000000002 is an unknown value
R9 =0x0000000000000030 is an unknown value
R10=0x0000000000000004 is an unknown value
R11=0x00007f9df0000078 is an unknown value
R12=0x0000000000000000 is an unknown value
R13=0x00007f9e4229c060: _rtld_global+0 in /lib64/ld-linux-x86-64.so.2 at 0x00007f9e42079000
R14=0x00007f9e422734f0 is pointing into the stack for thread: 0x00007f9e38009800
R15=0x0000000000001000 is an unknown value


Stack: [0x00007f9e02ffe000,0x00007f9e037ff000],  sp=0x00007f9e037fcdf0,  free space=8187k
Native frames: (J=compiled Java code, j=interpreted, Vv=VM code, C=native code)
C  [libSoar.so+0x1d766f]  elaborate_gds(agent_struct*)+0x23f
C  [libSoar.so+0x1d516a]  decide_non_context_slot(agent_struct*, slot_struct*)+0x4f6
C  [libSoar.so+0x1d52e3]  decide_non_context_slots(agent_struct*)+0x55
C  [libSoar.so+0x1d6f18]  do_working_memory_phase(agent_struct*)+0x105
C  [libSoar.so+0x1f04ac]  do_one_top_level_phase(agent_struct*)+0x7f9
C  [libSoar.so+0x1f186f]  run_for_n_decision_cycles(agent_struct*, long)+0xb8
C  [libSoar.so+0x381309]  sml::AgentSML::Step(sml::smlRunStepSize)+0x109
C  [libSoar.so+0x381141]  sml::AgentSML::StepInClientThread(sml::smlRunStepSize)+0x43
C  [libSoar.so+0x392112]  sml::RunScheduler::RunScheduledAgents(bool, sml::smlRunStepSize, unsigned long, sml::smlRunFlags, sml::smlRunStepSize, bool)+0x348
C  [libSoar.so+0x41d67c]  cli::CommandLineInterface::DoRun(std::bitset<10ul> const&, int, cli::Cli::eRunInterleaveMode)+0x332
C  [libSoar.so+0x43e6e4]  cli::RunCommand::Parse(std::vector<std::string, std::allocator<std::string> >&)+0x67a
C  [libSoar.so+0x42ec1b]  cli::Parser::handle_command(std::vector<std::string, std::allocator<std::string> >&)+0x91
C  [libSoar.so+0x42d942]  soar::tokenizer::parse_command()+0x1d0
C  [libSoar.so+0x42d6e8]  soar::tokenizer::evaluate(char const*)+0x60
C  [libSoar.so+0x420bb7]  cli::CommandLineInterface::Source(char const*, bool)+0x61
C  [libSoar.so+0x42aebf]  cli::CommandLineInterface::DoCommand(sml::Connection*, sml::AgentSML*, char const*, bool, bool, soarxml::ElementXML*)+0x11d
C  [libSoar.so+0x38c495]  sml::KernelSML::HandleCommandLine(sml::AgentSML*, char const*, sml::Connection*, sml::AnalyzeXML*, soarxml::ElementXML*)+0x481
C  [libSoar.so+0x38876f]  sml::KernelSML::ProcessCommand(char const*, sml::Connection*, sml::AnalyzeXML*, soarxml::ElementXML*)+0x325
C  [libSoar.so+0x388a3b]  sml::KernelSML::ProcessIncomingSML(sml::Connection*, soarxml::ElementXML*)+0x119
C  [libSoar.so+0x37f56c]  ReceivedCall(sml::Connection*, soarxml::ElementXML*, void*)+0x3b
C  [libSoar.so+0x3f7484]  sml::Callback::Invoke(soarxml::ElementXML*)+0x30
C  [libSoar.so+0x3f1177]  sml::Connection::InvokeCallbacks(soarxml::ElementXML*)+0x105
C  [libSoar.so+0x3f4819]  sml::RemoteConnection::ReceiveMessages(bool, int, int)+0x229
C  [libSoar.so+0x3f45ed]  sml::RemoteConnection::ReceiveMessages(bool)+0x2b
C  [libSoar.so+0x385a01]  sml::ConnectionManager::ReceiveAllMessages()+0x6f
C  [libSoar.so+0x38e40e]  sml::ReceiverThread::Run()+0x2e
C  [libSoar.so+0x3f7129]  ThreadStartFunction(void*)+0x2b
C  [libSoar.so+0x3f6fe1]  LinuxThreadFunc(void*)+0x28


---------------  P R O C E S S  ---------------

VM state:not at safepoint (normal execution)

VM Mutex/Monitor currently owned by a thread: None

Heap
 PSYoungGen      total 384960K, used 256033K [0x00000000e1560000, 0x00000000f95e0000, 0x0000000100000000)
  eden space 376832K, 66% used [0x00000000e1560000,0x00000000f0bde228,0x00000000f8560000)
  from space 8128K, 44% used [0x00000000f8df0000,0x00000000f917a3b8,0x00000000f95e0000)
  to   space 8448K, 0% used [0x00000000f8560000,0x00000000f8560000,0x00000000f8da0000)
 ParOldGen       total 62784K, used 10655K [0x00000000a4000000, 0x00000000a7d50000, 0x00000000e1560000)
  object space 62784K, 16% used [0x00000000a4000000,0x00000000a4a67cc8,0x00000000a7d50000)
 PSPermGen       total 21248K, used 19304K [0x0000000099a00000, 0x000000009aec0000, 0x00000000a4000000)
  object space 21248K, 90% used [0x0000000099a00000,0x000000009acda178,0x000000009aec0000)

Card table byte_map: [0x00007f9e3ebd2000,0x00007f9e3ef06000] byte_map_base: 0x00007f9e3e705000

Polling page: 0x00007f9e42298000

Code Cache  [0x00007f9e35000000, 0x00007f9e35270000, 0x00007f9e38000000)
 total_blobs=1064 nmethods=508 adapters=508 free_code_cache=47209Kb largest_free_block=48242240

Compilation events (10 events):
Event: 212.783 Thread 0x00007f9e38111000  520             probcog.lcmtypes.robot_action_t::<init> (33 bytes)
Event: 212.789 Thread 0x00007f9e38111000 nmethod 520 0x00007f9e351aea50 code [0x00007f9e351aebc0, 0x00007f9e351aeda8]
Event: 221.707 Thread 0x00007f9e3810e000  521             java.lang.String::toLowerCase (8 bytes)
Event: 221.709 Thread 0x00007f9e3810e000 nmethod 521 0x00007f9e351fb7d0 code [0x00007f9e351fb920, 0x00007f9e351fb9c8]
Event: 229.540 Thread 0x00007f9e38111000  522             java.lang.ThreadLocal::getMap (5 bytes)
Event: 229.540 Thread 0x00007f9e3810e000  523             java.lang.ThreadLocal::access$400 (5 bytes)
Event: 229.541 Thread 0x00007f9e38111000 nmethod 522 0x00007f9e351af850 code [0x00007f9e351af980, 0x00007f9e351af9f8]
Event: 229.541 Thread 0x00007f9e3810e000 nmethod 523 0x00007f9e351fb5d0 code [0x00007f9e351fb700, 0x00007f9e351fb758]
Event: 258.189 Thread 0x00007f9e3810e000  524             java.util.AbstractCollection::toArray (116 bytes)
Event: 258.225 Thread 0x00007f9e3810e000 nmethod 524 0x00007f9e351a8ed0 code [0x00007f9e351a9100, 0x00007f9e351a9df8]

GC Heap History (10 events):
Event: 4.485 GC heap before
{Heap before GC invocations=4 (full 0):
 PSYoungGen      total 51008K, used 50992K [0x00000000e1560000, 0x00000000e7900000, 0x0000000100000000)
  eden space 47104K, 100% used [0x00000000e1560000,0x00000000e4360000,0x00000000e4360000)
  from space 3904K, 99% used [0x00000000e4360000,0x00000000e472c010,0x00000000e4730000)
  to   space 3904K, 0% used [0x00000000e7530000,0x00000000e7530000,0x00000000e7900000)
 ParOldGen       total 62784K, used 6627K [0x00000000a4000000, 0x00000000a7d50000, 0x00000000e1560000)
  object space 62784K, 10% used [0x00000000a4000000,0x00000000a4678c68,0x00000000a7d50000)
 PSPermGen       total 21248K, used 3569K [0x0000000099a00000, 0x000000009aec0000, 0x00000000a4000000)
  object space 21248K, 16% used [0x0000000099a00000,0x0000000099d7c428,0x000000009aec0000)
Event: 4.550 GC heap after
Heap after GC invocations=4 (full 0):
 PSYoungGen      total 98112K, used 3872K [0x00000000e1560000, 0x00000000e7900000, 0x0000000100000000)
  eden space 94208K, 0% used [0x00000000e1560000,0x00000000e1560000,0x00000000e7160000)
  from space 3904K, 99% used [0x00000000e7530000,0x00000000e78f8020,0x00000000e7900000)
  to   space 3904K, 0% used [0x00000000e7160000,0x00000000e7160000,0x00000000e7530000)
 ParOldGen       total 62784K, used 6931K [0x00000000a4000000, 0x00000000a7d50000, 0x00000000e1560000)
  object space 62784K, 11% used [0x00000000a4000000,0x00000000a46c4c68,0x00000000a7d50000)
 PSPermGen       total 21248K, used 3569K [0x0000000099a00000, 0x000000009aec0000, 0x00000000a4000000)
  object space 21248K, 16% used [0x0000000099a00000,0x0000000099d7c428,0x000000009aec0000)
}
Event: 6.072 GC heap before
{Heap before GC invocations=5 (full 0):
 PSYoungGen      total 98112K, used 98080K [0x00000000e1560000, 0x00000000e7900000, 0x0000000100000000)
  eden space 94208K, 100% used [0x00000000e1560000,0x00000000e7160000,0x00000000e7160000)
  from space 3904K, 99% used [0x00000000e7530000,0x00000000e78f8020,0x00000000e7900000)
  to   space 3904K, 0% used [0x00000000e7160000,0x00000000e7160000,0x00000000e7530000)
 ParOldGen       total 62784K, used 6931K [0x00000000a4000000, 0x00000000a7d50000, 0x00000000e1560000)
  object space 62784K, 11% used [0x00000000a4000000,0x00000000a46c4c68,0x00000000a7d50000)
 PSPermGen       total 21248K, used 3569K [0x0000000099a00000, 0x000000009aec0000, 0x00000000a4000000)
  object space 21248K, 16% used [0x0000000099a00000,0x0000000099d7c428,0x000000009aec0000)
Event: 6.110 GC heap after
Heap after GC invocations=5 (full 0):
 PSYoungGen      total 98112K, used 3904K [0x00000000e1560000, 0x00000000ede20000, 0x0000000100000000)
  eden space 94208K, 0% used [0x00000000e1560000,0x00000000e1560000,0x00000000e7160000)
  from space 3904K, 100% used [0x00000000e7160000,0x00000000e7530000,0x00000000e7530000)
  to   space 8576K, 0% used [0x00000000ed5c0000,0x00000000ed5c0000,0x00000000ede20000)
 ParOldGen       total 62784K, used 7323K [0x00000000a4000000, 0x00000000a7d50000, 0x00000000e1560000)
  object space 62784K, 11% used [0x00000000a4000000,0x00000000a4726c68,0x00000000a7d50000)
 PSPermGen       total 21248K, used 3569K [0x0000000099a00000, 0x000000009aec0000, 0x00000000a4000000)
  object space 21248K, 16% used [0x0000000099a00000,0x0000000099d7c428,0x000000009aec0000)
}
Event: 6.950 GC heap before
{Heap before GC invocations=6 (full 0):
 PSYoungGen      total 98112K, used 98112K [0x00000000e1560000, 0x00000000ede20000, 0x0000000100000000)
  eden space 94208K, 100% used [0x00000000e1560000,0x00000000e7160000,0x00000000e7160000)
  from space 3904K, 100% used [0x00000000e7160000,0x00000000e7530000,0x00000000e7530000)
  to   space 8576K, 0% used [0x00000000ed5c0000,0x00000000ed5c0000,0x00000000ede20000)
 ParOldGen       total 62784K, used 7323K [0x00000000a4000000, 0x00000000a7d50000, 0x00000000e1560000)
  object space 62784K, 11% used [0x00000000a4000000,0x00000000a4726c68,0x00000000a7d50000)
 PSPermGen       total 21248K, used 3569K [0x0000000099a00000, 0x000000009aec0000, 0x00000000a4000000)
  object space 21248K, 16% used [0x0000000099a00000,0x0000000099d7c428,0x000000009aec0000)
Event: 7.017 GC heap after
Heap after GC invocations=6 (full 0):
 PSYoungGen      total 196480K, used 4384K [0x00000000e1560000, 0x00000000edda0000, 0x0000000100000000)
  eden space 188416K, 0% used [0x00000000e1560000,0x00000000e1560000,0x00000000ecd60000)
  from space 8064K, 54% used [0x00000000ed5c0000,0x00000000eda08000,0x00000000edda0000)
  to   space 8320K, 0% used [0x00000000ecd60000,0x00000000ecd60000,0x00000000ed580000)
 ParOldGen       total 62784K, used 7323K [0x00000000a4000000, 0x00000000a7d50000, 0x00000000e1560000)
  object space 62784K, 11% used [0x00000000a4000000,0x00000000a4726c68,0x00000000a7d50000)
 PSPermGen       total 21248K, used 3569K [0x0000000099a00000, 0x000000009aec0000, 0x00000000a4000000)
  object space 21248K, 16% used [0x0000000099a00000,0x0000000099d7c428,0x000000009aec0000)
}
Event: 8.638 GC heap before
{Heap before GC invocations=7 (full 0):
 PSYoungGen      total 196480K, used 192800K [0x00000000e1560000, 0x00000000edda0000, 0x0000000100000000)
  eden space 188416K, 100% used [0x00000000e1560000,0x00000000ecd60000,0x00000000ecd60000)
  from space 8064K, 54% used [0x00000000ed5c0000,0x00000000eda08000,0x00000000edda0000)
  to   space 8320K, 0% used [0x00000000ecd60000,0x00000000ecd60000,0x00000000ed580000)
 ParOldGen       total 62784K, used 7323K [0x00000000a4000000, 0x00000000a7d50000, 0x00000000e1560000)
  object space 62784K, 11% used [0x00000000a4000000,0x00000000a4726c68,0x00000000a7d50000)
 PSPermGen       total 21248K, used 3569K [0x0000000099a00000, 0x000000009aec0000, 0x00000000a4000000)
  object space 21248K, 16% used [0x0000000099a00000,0x0000000099d7c428,0x000000009aec0000)
Event: 8.680 GC heap after
Heap after GC invocations=7 (full 0):
 PSYoungGen      total 196736K, used 1248K [0x00000000e1560000, 0x00000000f9680000, 0x0000000100000000)
  eden space 188416K, 0% used [0x00000000e1560000,0x00000000e1560000,0x00000000ecd60000)
  from space 8320K, 15% used [0x00000000ecd60000,0x00000000ece98000,0x00000000ed580000)
  to   space 8768K, 0% used [0x00000000f8df0000,0x00000000f8df0000,0x00000000f9680000)
 ParOldGen       total 62784K, used 10623K [0x00000000a4000000, 0x00000000a7d50000, 0x00000000e1560000)
  object space 62784K, 16% used [0x00000000a4000000,0x00000000a4a5fcc8,0x00000000a7d50000)
 PSPermGen       total 21248K, used 3569K [0x0000000099a00000, 0x000000009aec0000, 0x00000000a4000000)
  object space 21248K, 16% used [0x0000000099a00000,0x0000000099d7c428,0x000000009aec0000)
}
Event: 70.333 GC heap before
{Heap before GC invocations=8 (full 0):
 PSYoungGen      total 196736K, used 189664K [0x00000000e1560000, 0x00000000f9680000, 0x0000000100000000)
  eden space 188416K, 100% used [0x00000000e1560000,0x00000000ecd60000,0x00000000ecd60000)
  from space 8320K, 15% used [0x00000000ecd60000,0x00000000ece98000,0x00000000ed580000)
  to   space 8768K, 0% used [0x00000000f8df0000,0x00000000f8df0000,0x00000000f9680000)
 ParOldGen       total 62784K, used 10623K [0x00000000a4000000, 0x00000000a7d50000, 0x00000000e1560000)
  object space 62784K, 16% used [0x00000000a4000000,0x00000000a4a5fcc8,0x00000000a7d50000)
 PSPermGen       total 21248K, used 19078K [0x0000000099a00000, 0x000000009aec0000, 0x00000000a4000000)
  object space 21248K, 89% used [0x0000000099a00000,0x000000009aca1a58,0x000000009aec0000)
Event: 70.368 GC heap after
Heap after GC invocations=8 (full 0):
 PSYoungGen      total 384960K, used 3624K [0x00000000e1560000, 0x00000000f95e0000, 0x0000000100000000)
  eden space 376832K, 0% used [0x00000000e1560000,0x00000000e1560000,0x00000000f8560000)
  from space 8128K, 44% used [0x00000000f8df0000,0x00000000f917a3b8,0x00000000f95e0000)
  to   space 8448K, 0% used [0x00000000f8560000,0x00000000f8560000,0x00000000f8da0000)
 ParOldGen       total 62784K, used 10655K [0x00000000a4000000, 0x00000000a7d50000, 0x00000000e1560000)
  object space 62784K, 16% used [0x00000000a4000000,0x00000000a4a67cc8,0x00000000a7d50000)
 PSPermGen       total 21248K, used 19078K [0x0000000099a00000, 0x000000009aec0000, 0x00000000a4000000)
  object space 21248K, 89% used [0x0000000099a00000,0x000000009aca1a58,0x000000009aec0000)
}

Deoptimization events (10 events):
Event: 108.657 Thread 0x00007f9dd40df000 Uncommon trap -58 fr.pc 0x00007f9e3512a29c
Event: 108.657 Thread 0x00007f9dd40df000 Uncommon trap -58 fr.pc 0x00007f9e3512a29c
Event: 108.679 Thread 0x00007f9dd40df000 Uncommon trap -58 fr.pc 0x00007f9e3512a29c
Event: 108.679 Thread 0x00007f9dd40df000 Uncommon trap -58 fr.pc 0x00007f9e3512a29c
Event: 147.722 Thread 0x00007f9dd40df000 Uncommon trap -42 fr.pc 0x00007f9e351fd128
Event: 147.722 Thread 0x00007f9dd40df000 Uncommon trap -42 fr.pc 0x00007f9e351fd128
Event: 147.722 Thread 0x00007f9dd40df000 Uncommon trap -42 fr.pc 0x00007f9e351fd128
Event: 147.827 Thread 0x00007f9dd40df000 Uncommon trap -42 fr.pc 0x00007f9e351fd128
Event: 157.671 Thread 0x00007f9dd813a000 Uncommon trap -83 fr.pc 0x00007f9e35197c54
Event: 157.693 Thread 0x00007f9dd813a000 Uncommon trap -83 fr.pc 0x00007f9e35151410

Internal exceptions (10 events):
Event: 108.672 Thread 0x00007f9dd40df000 Threw 0x00000000e77e44b8 at /build/buildd/openjdk-7-7u25-2.3.10/build/openjdk/hotspot/src/share/vm/prims/jvm.cpp:1235
Event: 108.674 Thread 0x00007f9dd40df000 Threw 0x00000000e77e7a50 at /build/buildd/openjdk-7-7u25-2.3.10/build/openjdk/hotspot/src/share/vm/prims/jvm.cpp:1235
Event: 108.675 Thread 0x00007f9dd40df000 Threw 0x00000000e77eb358 at /build/buildd/openjdk-7-7u25-2.3.10/build/openjdk/hotspot/src/share/vm/prims/jvm.cpp:1235
Event: 108.676 Thread 0x00007f9dd40df000 Threw 0x00000000e77ee4d0 at /build/buildd/openjdk-7-7u25-2.3.10/build/openjdk/hotspot/src/share/vm/prims/jvm.cpp:1235
Event: 108.676 Thread 0x00007f9dd40df000 Threw 0x00000000e77f1860 at /build/buildd/openjdk-7-7u25-2.3.10/build/openjdk/hotspot/src/share/vm/prims/jvm.cpp:1235
Event: 108.677 Thread 0x00007f9dd40df000 Threw 0x00000000e77f4a90 at /build/buildd/openjdk-7-7u25-2.3.10/build/openjdk/hotspot/src/share/vm/prims/jvm.cpp:1235
Event: 108.678 Thread 0x00007f9dd40df000 Threw 0x00000000e77f7b40 at /build/buildd/openjdk-7-7u25-2.3.10/build/openjdk/hotspot/src/share/vm/prims/jvm.cpp:1235
Event: 123.015 Thread 0x00007f9dd40df000 Threw 0x00000000e972d208 at /build/buildd/openjdk-7-7u25-2.3.10/build/openjdk/hotspot/src/share/vm/prims/jvm.cpp:1235
Event: 157.671 Thread 0x00007f9dd813a000 Implicit null exception at 0x00007f9e351975f6 to 0x00007f9e35197c39
Event: 157.693 Thread 0x00007f9dd813a000 Implicit null exception at 0x00007f9e3514bcf2 to 0x00007f9e35151385

Events (10 events):
Event: 157.693 Thread 0x00007f9dd813a000 DEOPT PACKING pc=0x00007f9e35151410 sp=0x00007f9e02ffc400
Event: 157.693 Thread 0x00007f9dd813a000 DEOPT UNPACKING pc=0x00007f9e35039145 sp=0x00007f9e02ffc108 mode 2
Event: 157.693 Executing VM operation: RevokeBias
Event: 157.693 Executing VM operation: RevokeBias done
Event: 157.694 Executing VM operation: RevokeBias
Event: 157.694 Executing VM operation: RevokeBias done
Event: 157.699 Executing VM operation: RevokeBias
Event: 157.700 Executing VM operation: RevokeBias done
Event: 157.700 Executing VM operation: RevokeBias
Event: 157.700 Executing VM operation: RevokeBias done


Dynamic libraries:
00400000-00401000 r-xp 00000000 08:07 8132483                            /usr/lib/jvm/java-7-openjdk-amd64/jre/bin/java
00600000-00601000 r--p 00000000 08:07 8132483                            /usr/lib/jvm/java-7-openjdk-amd64/jre/bin/java
00601000-00602000 rw-p 00001000 08:07 8132483                            /usr/lib/jvm/java-7-openjdk-amd64/jre/bin/java
015de000-015ff000 rw-p 00000000 00:00 0                                  [heap]
99a00000-9aec0000 rw-p 00000000 00:00 0 
9aec0000-a4000000 rw-p 00000000 00:00 0 
a4000000-a7d50000 rw-p 00000000 00:00 0 
a7d50000-e1560000 rw-p 00000000 00:00 0 
e1560000-f95e0000 rw-p 00000000 00:00 0 
f95e0000-f9680000 ---p 00000000 00:00 0 
f9680000-100000000 rw-p 00000000 00:00 0 
7f9dc3b0b000-7f9dc4000000 rw-p 00000000 00:00 0 
7f9dc4000000-7f9dc4021000 rw-p 00000000 00:00 0 
7f9dc4021000-7f9dc8000000 ---p 00000000 00:00 0 
7f9dc8000000-7f9dc8021000 rw-p 00000000 00:00 0 
7f9dc8021000-7f9dcc000000 ---p 00000000 00:00 0 
7f9dcc000000-7f9dcc021000 rw-p 00000000 00:00 0 
7f9dcc021000-7f9dd0000000 ---p 00000000 00:00 0 
7f9dd0000000-7f9dd0021000 rw-p 00000000 00:00 0 
7f9dd0021000-7f9dd4000000 ---p 00000000 00:00 0 
7f9dd4000000-7f9dd41e3000 rw-p 00000000 00:00 0 
7f9dd41e3000-7f9dd8000000 ---p 00000000 00:00 0 
7f9dd8000000-7f9dd81ab000 rw-p 00000000 00:00 0 
7f9dd81ab000-7f9ddc000000 ---p 00000000 00:00 0 
7f9ddc000000-7f9ddc027000 rw-p 00000000 00:00 0 
7f9ddc027000-7f9de0000000 ---p 00000000 00:00 0 
7f9de0000000-7f9de0021000 rw-p 00000000 00:00 0 
7f9de0021000-7f9de4000000 ---p 00000000 00:00 0 
7f9de4000000-7f9de4021000 rw-p 00000000 00:00 0 
7f9de4021000-7f9de8000000 ---p 00000000 00:00 0 
7f9de80c2000-7f9de820b000 rw-s 00000000 00:04 21823553                   /SYSV00000000 (deleted)
7f9de820b000-7f9de820e000 ---p 00000000 00:00 0 
7f9de820e000-7f9de830c000 rw-p 00000000 00:00 0                          [stack:4234]
7f9de830c000-7f9de830f000 ---p 00000000 00:00 0 
7f9de830f000-7f9de840d000 rw-p 00000000 00:00 0 
7f9de840d000-7f9de8410000 ---p 00000000 00:00 0 
7f9de8410000-7f9de850e000 rw-p 00000000 00:00 0 
7f9de850e000-7f9de8511000 ---p 00000000 00:00 0 
7f9de8511000-7f9de860f000 rw-p 00000000 00:00 0 
7f9de860f000-7f9de8612000 ---p 00000000 00:00 0 
7f9de8612000-7f9de8710000 rw-p 00000000 00:00 0 
7f9de8710000-7f9de8720000 r-xp 00000000 08:07 8132427                    /usr/lib/jvm/java-7-openjdk-amd64/jre/lib/amd64/libnio.so
7f9de8720000-7f9de8920000 ---p 00010000 08:07 8132427                    /usr/lib/jvm/java-7-openjdk-amd64/jre/lib/amd64/libnio.so
7f9de8920000-7f9de8921000 r--p 00010000 08:07 8132427                    /usr/lib/jvm/java-7-openjdk-amd64/jre/lib/amd64/libnio.so
7f9de8921000-7f9de8922000 rw-p 00011000 08:07 8132427                    /usr/lib/jvm/java-7-openjdk-amd64/jre/lib/amd64/libnio.so
7f9de8922000-7f9de896e000 r-xp 00000000 08:07 8132438                    /usr/lib/jvm/java-7-openjdk-amd64/jre/lib/amd64/libfontmanager.so
7f9de896e000-7f9de8b6d000 ---p 0004c000 08:07 8132438                    /usr/lib/jvm/java-7-openjdk-amd64/jre/lib/amd64/libfontmanager.so
7f9de8b6d000-7f9de8b70000 r--p 0004b000 08:07 8132438                    /usr/lib/jvm/java-7-openjdk-amd64/jre/lib/amd64/libfontmanager.so
7f9de8b70000-7f9de8b71000 rw-p 0004e000 08:07 8132438                    /usr/lib/jvm/java-7-openjdk-amd64/jre/lib/amd64/libfontmanager.so
7f9de8b71000-7f9de8b74000 ---p 00000000 00:00 0 
7f9de8b74000-7f9de8c72000 rw-p 00000000 00:00 0                          [stack:4227]
7f9de8c72000-7f9de8c75000 ---p 00000000 00:00 0 
7f9de8c75000-7f9de8d73000 rw-p 00000000 00:00 0                          [stack:4226]
7f9de8d73000-7f9de8d76000 ---p 00000000 00:00 0 
7f9de8d76000-7f9de8e74000 rw-p 00000000 00:00 0                          [stack:4225]
7f9de8e74000-7f9de9fe3000 r-xp 00000000 08:07 7871992                    /usr/lib/x86_64-linux-gnu/libicudata.so.48.1.1
7f9de9fe3000-7f9dea1e2000 ---p 0116f000 08:07 7871992                    /usr/lib/x86_64-linux-gnu/libicudata.so.48.1.1
7f9dea1e2000-7f9dea1e3000 r--p 0116e000 08:07 7871992                    /usr/lib/x86_64-linux-gnu/libicudata.so.48.1.1
7f9dea1e3000-7f9dea1e4000 rw-p 0116f000 08:07 7871992                    /usr/lib/x86_64-linux-gnu/libicudata.so.48.1.1
7f9dea1e4000-7f9dea1e7000 r-xp 00000000 08:07 5246626                    /lib/x86_64-linux-gnu/libgpg-error.so.0.8.0
7f9dea1e7000-7f9dea3e6000 ---p 00003000 08:07 5246626                    /lib/x86_64-linux-gnu/libgpg-error.so.0.8.0
7f9dea3e6000-7f9dea3e7000 r--p 00002000 08:07 5246626                    /lib/x86_64-linux-gnu/libgpg-error.so.0.8.0
7f9dea3e7000-7f9dea3e8000 rw-p 00003000 08:07 5246626                    /lib/x86_64-linux-gnu/libgpg-error.so.0.8.0
7f9dea3e8000-7f9dea3ea000 r-xp 00000000 08:07 5246637                    /lib/x86_64-linux-gnu/libkeyutils.so.1.4
7f9dea3ea000-7f9dea5ea000 ---p 00002000 08:07 5246637                    /lib/x86_64-linux-gnu/libkeyutils.so.1.4
7f9dea5ea000-7f9dea5eb000 r--p 00002000 08:07 5246637                    /lib/x86_64-linux-gnu/libkeyutils.so.1.4
7f9dea5eb000-7f9dea5ec000 rw-p 00003000 08:07 5246637                    /lib/x86_64-linux-gnu/libkeyutils.so.1.4
7f9dea5ec000-7f9dea742000 r-xp 00000000 08:07 7872006                    /usr/lib/x86_64-linux-gnu/libicuuc.so.48.1.1
7f9dea742000-7f9dea941000 ---p 00156000 08:07 7872006                    /usr/lib/x86_64-linux-gnu/libicuuc.so.48.1.1
7f9dea941000-7f9dea952000 r--p 00155000 08:07 7872006                    /usr/lib/x86_64-linux-gnu/libicuuc.so.48.1.1
7f9dea952000-7f9dea953000 rw-p 00166000 08:07 7872006                    /usr/lib/x86_64-linux-gnu/libicuuc.so.48.1.1
7f9dea953000-7f9dea957000 rw-p 00000000 00:00 0 
7f9dea957000-7f9dea989000 r-xp 00000000 08:07 7871998                    /usr/lib/x86_64-linux-gnu/libicule.so.48.1.1
7f9dea989000-7f9deab89000 ---p 00032000 08:07 7871998                    /usr/lib/x86_64-linux-gnu/libicule.so.48.1.1
7f9deab89000-7f9deab8b000 r--p 00032000 08:07 7871998                    /usr/lib/x86_64-linux-gnu/libicule.so.48.1.1
7f9deab8b000-7f9deab8c000 rw-p 00034000 08:07 7871998                    /usr/lib/x86_64-linux-gnu/libicule.so.48.1.1
7f9deab8c000-7f9deabcf000 r-xp 00000000 08:07 5242885                    /lib/x86_64-linux-gnu/libdbus-1.so.3.7.2
7f9deabcf000-7f9deadce000 ---p 00043000 08:07 5242885                    /lib/x86_64-linux-gnu/libdbus-1.so.3.7.2
7f9deadce000-7f9deadcf000 r--p 00042000 08:07 5242885                    /lib/x86_64-linux-gnu/libdbus-1.so.3.7.2
7f9deadcf000-7f9deadd0000 rw-p 00043000 08:07 5242885                    /lib/x86_64-linux-gnu/libdbus-1.so.3.7.2
7f9deadd0000-7f9deade2000 r-xp 00000000 08:07 7872131                    /usr/lib/x86_64-linux-gnu/libp11-kit.so.0.0.0
7f9deade2000-7f9deafe2000 ---p 00012000 08:07 7872131                    /usr/lib/x86_64-linux-gnu/libp11-kit.so.0.0.0
7f9deafe2000-7f9deafe3000 r--p 00012000 08:07 7872131                    /usr/lib/x86_64-linux-gnu/libp11-kit.so.0.0.0
7f9deafe3000-7f9deafe4000 rw-p 00013000 08:07 7872131                    /usr/lib/x86_64-linux-gnu/libp11-kit.so.0.0.0
7f9deafe4000-7f9deaff3000 r-xp 00000000 08:07 7872289                    /usr/lib/x86_64-linux-gnu/libtasn1.so.3.2.0
7f9deaff3000-7f9deb1f3000 ---p 0000f000 08:07 7872289                    /usr/lib/x86_64-linux-gnu/libtasn1.so.3.2.0
7f9deb1f3000-7f9deb1f4000 r--p 0000f000 08:07 7872289                    /usr/lib/x86_64-linux-gnu/libtasn1.so.3.2.0
7f9deb1f4000-7f9deb1f5000 rw-p 00010000 08:07 7872289                    /usr/lib/x86_64-linux-gnu/libtasn1.so.3.2.0
7f9deb1f5000-7f9deb26f000 r-xp 00000000 08:07 5243988                    /lib/x86_64-linux-gnu/libgcrypt.so.11.7.0
7f9deb26f000-7f9deb46f000 ---p 0007a000 08:07 5243988                    /lib/x86_64-linux-gnu/libgcrypt.so.11.7.0
7f9deb46f000-7f9deb470000 r--p 0007a000 08:07 5243988                    /lib/x86_64-linux-gnu/libgcrypt.so.11.7.0
7f9deb470000-7f9deb473000 rw-p 0007b000 08:07 5243988                    /lib/x86_64-linux-gnu/libgcrypt.so.11.7.0
7f9deb473000-7f9deb47a000 r-xp 00000000 08:07 7872041                    /usr/lib/x86_64-linux-gnu/libkrb5support.so.0.1
7f9deb47a000-7f9deb679000 ---p 00007000 08:07 7872041                    /usr/lib/x86_64-linux-gnu/libkrb5support.so.0.1
7f9deb679000-7f9deb67a000 r--p 00006000 08:07 7872041                    /usr/lib/x86_64-linux-gnu/libkrb5support.so.0.1
7f9deb67a000-7f9deb67b000 rw-p 00007000 08:07 7872041                    /usr/lib/x86_64-linux-gnu/libkrb5support.so.0.1
7f9deb67b000-7f9deb67e000 r-xp 00000000 08:07 5246602                    /lib/x86_64-linux-gnu/libcom_err.so.2.1
7f9deb67e000-7f9deb87d000 ---p 00003000 08:07 5246602                    /lib/x86_64-linux-gnu/libcom_err.so.2.1
7f9deb87d000-7f9deb87e000 r--p 00002000 08:07 5246602                    /lib/x86_64-linux-gnu/libcom_err.so.2.1
7f9deb87e000-7f9deb87f000 rw-p 00003000 08:07 5246602                    /lib/x86_64-linux-gnu/libcom_err.so.2.1
7f9deb87f000-7f9deb8a5000 r-xp 00000000 08:07 7872035                    /usr/lib/x86_64-linux-gnu/libk5crypto.so.3.1
7f9deb8a5000-7f9debaa5000 ---p 00026000 08:07 7872035                    /usr/lib/x86_64-linux-gnu/libk5crypto.so.3.1
7f9debaa5000-7f9debaa6000 r--p 00026000 08:07 7872035                    /usr/lib/x86_64-linux-gnu/libk5crypto.so.3.1
7f9debaa6000-7f9debaa7000 rw-p 00027000 08:07 7872035                    /usr/lib/x86_64-linux-gnu/libk5crypto.so.3.1
7f9debaa7000-7f9debaa8000 rw-p 00000000 00:00 0 
7f9debaa8000-7f9debb6c000 r-xp 00000000 08:07 7872039                    /usr/lib/x86_64-linux-gnu/libkrb5.so.3.3
7f9debb6c000-7f9debd6b000 ---p 000c4000 08:07 7872039                    /usr/lib/x86_64-linux-gnu/libkrb5.so.3.3
7f9debd6b000-7f9debd75000 r--p 000c3000 08:07 7872039                    /usr/lib/x86_64-linux-gnu/libkrb5.so.3.3
7f9debd75000-7f9debd76000 rw-p 000cd000 08:07 7872039                    /usr/lib/x86_64-linux-gnu/libkrb5.so.3.3
7f9debd76000-7f9debe0b000 r-xp 00000000 08:07 7871976                    /usr/lib/x86_64-linux-gnu/libharfbuzz.so.0.913.0
7f9debe0b000-7f9dec00a000 ---p 00095000 08:07 7871976                    /usr/lib/x86_64-linux-gnu/libharfbuzz.so.0.913.0
7f9dec00a000-7f9dec00c000 r--p 00094000 08:07 7871976                    /usr/lib/x86_64-linux-gnu/libharfbuzz.so.0.913.0
7f9dec00c000-7f9dec00d000 rw-p 00096000 08:07 7871976                    /usr/lib/x86_64-linux-gnu/libharfbuzz.so.0.913.0
7f9dec00d000-7f9dec015000 r-xp 00000000 08:07 7876045                    /usr/lib/x86_64-linux-gnu/libxcb-render.so.0.0.0
7f9dec015000-7f9dec215000 ---p 00008000 08:07 7876045                    /usr/lib/x86_64-linux-gnu/libxcb-render.so.0.0.0
7f9dec215000-7f9dec216000 r--p 00008000 08:07 7876045                    /usr/lib/x86_64-linux-gnu/libxcb-render.so.0.0.0
7f9dec216000-7f9dec217000 rw-p 00009000 08:07 7876045                    /usr/lib/x86_64-linux-gnu/libxcb-render.so.0.0.0
7f9dec217000-7f9dec219000 r-xp 00000000 08:07 7872377                    /usr/lib/x86_64-linux-gnu/libxcb-shm.so.0.0.0
7f9dec219000-7f9dec418000 ---p 00002000 08:07 7872377                    /usr/lib/x86_64-linux-gnu/libxcb-shm.so.0.0.0
7f9dec418000-7f9dec419000 r--p 00001000 08:07 7872377                    /usr/lib/x86_64-linux-gnu/libxcb-shm.so.0.0.0
7f9dec419000-7f9dec41a000 rw-p 00002000 08:07 7872377                    /usr/lib/x86_64-linux-gnu/libxcb-shm.so.0.0.0
7f9dec41a000-7f9dec43f000 r-xp 00000000 08:07 5246702                    /lib/x86_64-linux-gnu/libpng12.so.0.49.0
7f9dec43f000-7f9dec63e000 ---p 00025000 08:07 5246702                    /lib/x86_64-linux-gnu/libpng12.so.0.49.0
7f9dec63e000-7f9dec63f000 r--p 00024000 08:07 5246702                    /lib/x86_64-linux-gnu/libpng12.so.0.49.0
7f9dec63f000-7f9dec640000 rw-p 00025000 08:07 5246702                    /lib/x86_64-linux-gnu/libpng12.so.0.49.0
7f9dec640000-7f9dec6d0000 r-xp 00000000 08:07 7872161                    /usr/lib/x86_64-linux-gnu/libpixman-1.so.0.28.2
7f9dec6d0000-7f9dec8cf000 ---p 00090000 08:07 7872161                    /usr/lib/x86_64-linux-gnu/libpixman-1.so.0.28.2
7f9dec8cf000-7f9dec8d6000 r--p 0008f000 08:07 7872161                    /usr/lib/x86_64-linux-gnu/libpixman-1.so.0.28.2
7f9dec8d6000-7f9dec8d7000 rw-p 00096000 08:07 7872161                    /usr/lib/x86_64-linux-gnu/libpixman-1.so.0.28.2
7f9dec8d7000-7f9dec8dc000 r-xp 00000000 08:07 7871525                    /usr/lib/x86_64-linux-gnu/libXdmcp.so.6.0.0
7f9dec8dc000-7f9decadb000 ---p 00005000 08:07 7871525                    /usr/lib/x86_64-linux-gnu/libXdmcp.so.6.0.0
7f9decadb000-7f9decadc000 r--p 00004000 08:07 7871525                    /usr/lib/x86_64-linux-gnu/libXdmcp.so.6.0.0
7f9decadc000-7f9decadd000 rw-p 00005000 08:07 7871525                    /usr/lib/x86_64-linux-gnu/libXdmcp.so.6.0.0
7f9decadd000-7f9decadf000 r-xp 00000000 08:07 7871514                    /usr/lib/x86_64-linux-gnu/libXau.so.6.0.0
7f9decadf000-7f9deccdf000 ---p 00002000 08:07 7871514                    /usr/lib/x86_64-linux-gnu/libXau.so.6.0.0
7f9deccdf000-7f9decce0000 r--p 00002000 08:07 7871514                    /usr/lib/x86_64-linux-gnu/libXau.so.6.0.0
7f9decce0000-7f9decce1000 rw-p 00003000 08:07 7871514                    /usr/lib/x86_64-linux-gnu/libXau.so.6.0.0
7f9decce1000-7f9deccf0000 r-xp 00000000 08:07 7871600                    /usr/lib/x86_64-linux-gnu/libavahi-client.so.3.2.9
7f9deccf0000-7f9decef0000 ---p 0000f000 08:07 7871600                    /usr/lib/x86_64-linux-gnu/libavahi-client.so.3.2.9
7f9decef0000-7f9decef1000 r--p 0000f000 08:07 7871600                    /usr/lib/x86_64-linux-gnu/libavahi-client.so.3.2.9
7f9decef1000-7f9decef2000 rw-p 00010000 08:07 7871600                    /usr/lib/x86_64-linux-gnu/libavahi-client.so.3.2.9
7f9decef2000-7f9decefd000 r-xp 00000000 08:07 7871602                    /usr/lib/x86_64-linux-gnu/libavahi-common.so.3.5.3
7f9decefd000-7f9ded0fc000 ---p 0000b000 08:07 7871602                    /usr/lib/x86_64-linux-gnu/libavahi-common.so.3.5.3
7f9ded0fc000-7f9ded0fd000 r--p 0000a000 08:07 7871602                    /usr/lib/x86_64-linux-gnu/libavahi-common.so.3.5.3
7f9ded0fd000-7f9ded0fe000 rw-p 0000b000 08:07 7871602                    /usr/lib/x86_64-linux-gnu/libavahi-common.so.3.5.3
7f9ded0fe000-7f9ded1b3000 r-xp 00000000 08:07 7876016                    /usr/lib/x86_64-linux-gnu/libgnutls.so.26.22.6
7f9ded1b3000-7f9ded3b2000 ---p 000b5000 08:07 7876016                    /usr/lib/x86_64-linux-gnu/libgnutls.so.26.22.6
7f9ded3b2000-7f9ded3b8000 r--p 000b4000 08:07 7876016                    /usr/lib/x86_64-linux-gnu/libgnutls.so.26.22.6
7f9ded3b8000-7f9ded3b9000 rw-p 000ba000 08:07 7876016                    /usr/lib/x86_64-linux-gnu/libgnutls.so.26.22.6
7f9ded3b9000-7f9ded3ba000 rw-p 00000000 00:00 0 
7f9ded3ba000-7f9ded3f5000 r-xp 00000000 08:07 7871878                    /usr/lib/x86_64-linux-gnu/libgssapi_krb5.so.2.2
7f9ded3f5000-7f9ded5f5000 ---p 0003b000 08:07 7871878                    /usr/lib/x86_64-linux-gnu/libgssapi_krb5.so.2.2
7f9ded5f5000-7f9ded5f6000 r--p 0003b000 08:07 7871878                    /usr/lib/x86_64-linux-gnu/libgssapi_krb5.so.2.2
7f9ded5f6000-7f9ded5f8000 rw-p 0003c000 08:07 7871878                    /usr/lib/x86_64-linux-gnu/libgssapi_krb5.so.2.2
7f9ded5f8000-7f9ded61e000 r-xp 00000000 08:07 5246615                    /lib/x86_64-linux-gnu/libexpat.so.1.6.0
7f9ded61e000-7f9ded81e000 ---p 00026000 08:07 5246615                    /lib/x86_64-linux-gnu/libexpat.so.1.6.0
7f9ded81e000-7f9ded820000 r--p 00026000 08:07 5246615                    /lib/x86_64-linux-gnu/libexpat.so.1.6.0
7f9ded820000-7f9ded821000 rw-p 00028000 08:07 5246615                    /lib/x86_64-linux-gnu/libexpat.so.1.6.0
7f9ded821000-7f9ded8b8000 r-xp 00000000 08:07 7871788                    /usr/lib/x86_64-linux-gnu/libfreetype.so.6.10.0
7f9ded8b8000-7f9dedab7000 ---p 00097000 08:07 7871788                    /usr/lib/x86_64-linux-gnu/libfreetype.so.6.10.0
7f9dedab7000-7f9dedabd000 r--p 00096000 08:07 7871788                    /usr/lib/x86_64-linux-gnu/libfreetype.so.6.10.0
7f9dedabd000-7f9dedabe000 rw-p 0009c000 08:07 7871788                    /usr/lib/x86_64-linux-gnu/libfreetype.so.6.10.0
7f9dedabe000-7f9dedac0000 r-xp 00000000 08:07 7871523                    /usr/lib/x86_64-linux-gnu/libXdamage.so.1.1.0
7f9dedac0000-7f9dedcbf000 ---p 00002000 08:07 7871523                    /usr/lib/x86_64-linux-gnu/libXdamage.so.1.1.0
7f9dedcbf000-7f9dedcc0000 r--p 00001000 08:07 7871523                    /usr/lib/x86_64-linux-gnu/libXdamage.so.1.1.0
7f9dedcc0000-7f9dedcc1000 rw-p 00002000 08:07 7871523                    /usr/lib/x86_64-linux-gnu/libXdamage.so.1.1.0
7f9dedcc1000-7f9dedcc3000 r-xp 00000000 08:07 7871519                    /usr/lib/x86_64-linux-gnu/libXcomposite.so.1.0.0
7f9dedcc3000-7f9dedec2000 ---p 00002000 08:07 7871519                    /usr/lib/x86_64-linux-gnu/libXcomposite.so.1.0.0
7f9dedec2000-7f9dedec3000 r--p 00001000 08:07 7871519                    /usr/lib/x86_64-linux-gnu/libXcomposite.so.1.0.0
7f9dedec3000-7f9dedec4000 rw-p 00002000 08:07 7871519                    /usr/lib/x86_64-linux-gnu/libXcomposite.so.1.0.0
7f9dedec4000-7f9dedecd000 r-xp 00000000 08:07 7871546                    /usr/lib/x86_64-linux-gnu/libXcursor.so.1.0.2
7f9dedecd000-7f9dee0cd000 ---p 00009000 08:07 7871546                    /usr/lib/x86_64-linux-gnu/libXcursor.so.1.0.2
7f9dee0cd000-7f9dee0ce000 r--p 00009000 08:07 7871546                    /usr/lib/x86_64-linux-gnu/libXcursor.so.1.0.2
7f9dee0ce000-7f9dee0cf000 rw-p 0000a000 08:07 7871546                    /usr/lib/x86_64-linux-gnu/libXcursor.so.1.0.2
7f9dee0cf000-7f9dee0d8000 r-xp 00000000 08:07 7871534                    /usr/lib/x86_64-linux-gnu/libXrandr.so.2.2.0
7f9dee0d8000-7f9dee2d7000 ---p 00009000 08:07 7871534                    /usr/lib/x86_64-linux-gnu/libXrandr.so.2.2.0
7f9dee2d7000-7f9dee2d8000 r--p 00008000 08:07 7871534                    /usr/lib/x86_64-linux-gnu/libXrandr.so.2.2.0
7f9dee2d8000-7f9dee2d9000 rw-p 00009000 08:07 7871534                    /usr/lib/x86_64-linux-gnu/libXrandr.so.2.2.0
7f9dee2d9000-7f9dee2db000 r-xp 00000000 08:07 7871532                    /usr/lib/x86_64-linux-gnu/libXinerama.so.1.0.0
7f9dee2db000-7f9dee4da000 ---p 00002000 08:07 7871532                    /usr/lib/x86_64-linux-gnu/libXinerama.so.1.0.0
7f9dee4da000-7f9dee4db000 r--p 00001000 08:07 7871532                    /usr/lib/x86_64-linux-gnu/libXinerama.so.1.0.0
7f9dee4db000-7f9dee4dc000 rw-p 00002000 08:07 7871532                    /usr/lib/x86_64-linux-gnu/libXinerama.so.1.0.0
7f9dee4dc000-7f9dee4ef000 r-xp 00000000 08:07 7872143                    /usr/lib/x86_64-linux-gnu/libpangoft2-1.0.so.0.3200.5
7f9dee4ef000-7f9dee6ee000 ---p 00013000 08:07 7872143                    /usr/lib/x86_64-linux-gnu/libpangoft2-1.0.so.0.3200.5
7f9dee6ee000-7f9dee6ef000 r--p 00012000 08:07 7872143                    /usr/lib/x86_64-linux-gnu/libpangoft2-1.0.so.0.3200.5
7f9dee6ef000-7f9dee6f0000 rw-p 00013000 08:07 7872143                    /usr/lib/x86_64-linux-gnu/libpangoft2-1.0.so.0.3200.5
7f9dee6f0000-7f9dee7ee000 r-xp 00000000 08:07 7871626                    /usr/lib/x86_64-linux-gnu/libcairo.so.2.11200.14
7f9dee7ee000-7f9dee9ee000 ---p 000fe000 08:07 7871626                    /usr/lib/x86_64-linux-gnu/libcairo.so.2.11200.14
7f9dee9ee000-7f9dee9f1000 r--p 000fe000 08:07 7871626                    /usr/lib/x86_64-linux-gnu/libcairo.so.2.11200.14
7f9dee9f1000-7f9dee9f2000 rw-p 00101000 08:07 7871626                    /usr/lib/x86_64-linux-gnu/libcairo.so.2.11200.14
7f9dee9f2000-7f9dee9f4000 rw-p 00000000 00:00 0 
7f9dee9f4000-7f9deea14000 r-xp 00000000 08:07 7871590                    /usr/lib/x86_64-linux-gnu/libatk-1.0.so.0.20809.1
7f9deea14000-7f9deec13000 ---p 00020000 08:07 7871590                    /usr/lib/x86_64-linux-gnu/libatk-1.0.so.0.20809.1
7f9deec13000-7f9deec15000 r--p 0001f000 08:07 7871590                    /usr/lib/x86_64-linux-gnu/libatk-1.0.so.0.20809.1
7f9deec15000-7f9deec16000 rw-p 00021000 08:07 7871590                    /usr/lib/x86_64-linux-gnu/libatk-1.0.so.0.20809.1
7f9deec16000-7f9deec1b000 r-xp 00000000 08:07 7871526                    /usr/lib/x86_64-linux-gnu/libXfixes.so.3.1.0
7f9deec1b000-7f9deee1a000 ---p 00005000 08:07 7871526                    /usr/lib/x86_64-linux-gnu/libXfixes.so.3.1.0
7f9deee1a000-7f9deee1b000 r--p 00004000 08:07 7871526                    /usr/lib/x86_64-linux-gnu/libXfixes.so.3.1.0
7f9deee1b000-7f9deee1c000 rw-p 00005000 08:07 7871526                    /usr/lib/x86_64-linux-gnu/libXfixes.so.3.1.0
7f9deee1c000-7f9deee27000 r-xp 00000000 08:07 7872141                    /usr/lib/x86_64-linux-gnu/libpangocairo-1.0.so.0.3200.5
7f9deee27000-7f9def027000 ---p 0000b000 08:07 7872141                    /usr/lib/x86_64-linux-gnu/libpangocairo-1.0.so.0.3200.5
7f9def027000-7f9def028000 r--p 0000b000 08:07 7872141                    /usr/lib/x86_64-linux-gnu/libpangocairo-1.0.so.0.3200.5
7f9def028000-7f9def029000 rw-p 0000c000 08:07 7872141                    /usr/lib/x86_64-linux-gnu/libpangocairo-1.0.so.0.3200.5
7f9def029000-7f9def046000 r-xp 00000000 08:07 7873627                    /usr/lib/x86_64-linux-gnu/libxcb.so.1.1.0
7f9def046000-7f9def245000 ---p 0001d000 08:07 7873627                    /usr/lib/x86_64-linux-gnu/libxcb.so.1.1.0
7f9def245000-7f9def246000 r--p 0001c000 08:07 7873627                    /usr/lib/x86_64-linux-gnu/libxcb.so.1.1.0
7f9def246000-7f9def247000 rw-p 0001d000 08:07 7873627                    /usr/lib/x86_64-linux-gnu/libxcb.so.1.1.0
7f9def247000-7f9def2a1000 r-xp 00000000 08:07 7871679                    /usr/lib/x86_64-linux-gnu/libcups.so.2
7f9def2a1000-7f9def4a1000 ---p 0005a000 08:07 7871679                    /usr/lib/x86_64-linux-gnu/libcups.so.2
7f9def4a1000-7f9def4a6000 r--p 0005a000 08:07 7871679                    /usr/lib/x86_64-linux-gnu/libcups.so.2
7f9def4a6000-7f9def4a7000 rw-p 0005f000 08:07 7871679                    /usr/lib/x86_64-linux-gnu/libcups.so.2
7f9def4a7000-7f9def4a8000 r-xp 00000000 08:07 7871956                    /usr/lib/x86_64-linux-gnu/libgthread-2.0.so.0.3600.0
7f9def4a8000-7f9def6a7000 ---p 00001000 08:07 7871956                    /usr/lib/x86_64-linux-gnu/libgthread-2.0.so.0.3600.0
7f9def6a7000-7f9def6a8000 r--p 00000000 08:07 7871956                    /usr/lib/x86_64-linux-gnu/libgthread-2.0.so.0.3600.0
7f9def6a8000-7f9def6a9000 rw-p 00001000 08:07 7871956                    /usr/lib/x86_64-linux-gnu/libgthread-2.0.so.0.3600.0
7f9def6a9000-7f9def6e0000 r-xp 00000000 08:07 7871760                    /usr/lib/x86_64-linux-gnu/libfontconfig.so.1.6.2
7f9def6e0000-7f9def8e0000 ---p 00037000 08:07 7871760                    /usr/lib/x86_64-linux-gnu/libfontconfig.so.1.6.2
7f9def8e0000-7f9def8e1000 r--p 00037000 08:07 7871760                    /usr/lib/x86_64-linux-gnu/libfontconfig.so.1.6.2
7f9def8e1000-7f9def8e2000 rw-p 00038000 08:07 7871760                    /usr/lib/x86_64-linux-gnu/libfontconfig.so.1.6.2
7f9def8e2000-7f9def8e3000 rw-p 00000000 00:00 0 
7f9def8e3000-7f9def92b000 r-xp 00000000 08:07 7872139                    /usr/lib/x86_64-linux-gnu/libpango-1.0.so.0.3200.5
7f9def92b000-7f9defb2b000 ---p 00048000 08:07 7872139                    /usr/lib/x86_64-linux-gnu/libpango-1.0.so.0.3200.5
7f9defb2b000-7f9defb2d000 r--p 00048000 08:07 7872139                    /usr/lib/x86_64-linux-gnu/libpango-1.0.so.0.3200.5
7f9defb2d000-7f9defb2e000 rw-p 0004a000 08:07 7872139                    /usr/lib/x86_64-linux-gnu/libpango-1.0.so.0.3200.5
7f9defb2e000-7f9defb4c000 r-xp 00000000 08:07 7871819                    /usr/lib/x86_64-linux-gnu/libgdk_pixbuf-2.0.so.0.2800.0
7f9defb4c000-7f9defd4c000 ---p 0001e000 08:07 7871819                    /usr/lib/x86_64-linux-gnu/libgdk_pixbuf-2.0.so.0.2800.0
7f9defd4c000-7f9defd4d000 r--p 0001e000 08:07 7871819                    /usr/lib/x86_64-linux-gnu/libgdk_pixbuf-2.0.so.0.2800.0
7f9defd4d000-7f9defd4e000 rw-p 0001f000 08:07 7871819                    /usr/lib/x86_64-linux-gnu/libgdk_pixbuf-2.0.so.0.2800.0
7f9defd4e000-7f9defdfb000 r-xp 00000000 08:07 7871817                    /usr/lib/x86_64-linux-gnu/libgdk-x11-2.0.so.0.2400.17
7f9defdfb000-7f9defffa000 ---p 000ad000 08:07 7871817                    /usr/lib/x86_64-linux-gnu/libgdk-x11-2.0.so.0.2400.17
7f9defffa000-7f9defffe000 r--p 000ac000 08:07 7871817                    /usr/lib/x86_64-linux-gnu/libgdk-x11-2.0.so.0.2400.17
7f9defffe000-7f9df0000000 rw-p 000b0000 08:07 7871817                    /usr/lib/x86_64-linux-gnu/libgdk-x11-2.0.so.0.2400.17
7f9df0000000-7f9df1f9c000 rw-p 00000000 00:00 0 
7f9df1f9c000-7f9df4000000 ---p 00000000 00:00 0 
7f9df4000000-7f9df4021000 rw-p 00000000 00:00 0 
7f9df4021000-7f9df8000000 ---p 00000000 00:00 0 
7f9df8000000-7f9df8021000 rw-p 00000000 00:00 0 
7f9df8021000-7f9dfc000000 ---p 00000000 00:00 0 
7f9dfc000000-7f9dfc021000 rw-p 00000000 00:00 0 
7f9dfc021000-7f9e00000000 ---p 00000000 00:00 0 
7f9e0005f000-7f9e00062000 ---p 00000000 00:00 0 
7f9e00062000-7f9e00160000 rw-p 00000000 00:00 0                          [stack:4224]
7f9e00160000-7f9e0058d000 r-xp 00000000 08:07 7871960                    /usr/lib/x86_64-linux-gnu/libgtk-x11-2.0.so.0.2400.17
7f9e0058d000-7f9e0078c000 ---p 0042d000 08:07 7871960                    /usr/lib/x86_64-linux-gnu/libgtk-x11-2.0.so.0.2400.17
7f9e0078c000-7f9e00793000 r--p 0042c000 08:07 7871960                    /usr/lib/x86_64-linux-gnu/libgtk-x11-2.0.so.0.2400.17
7f9e00793000-7f9e00797000 rw-p 00433000 08:07 7871960                    /usr/lib/x86_64-linux-gnu/libgtk-x11-2.0.so.0.2400.17
7f9e00797000-7f9e00799000 rw-p 00000000 00:00 0 
7f9e00799000-7f9e007a7000 r-xp 00000000 08:07 7871520                    /usr/lib/x86_64-linux-gnu/libXi.so.6.1.0
7f9e007a7000-7f9e009a7000 ---p 0000e000 08:07 7871520                    /usr/lib/x86_64-linux-gnu/libXi.so.6.1.0
7f9e009a7000-7f9e009a8000 r--p 0000e000 08:07 7871520                    /usr/lib/x86_64-linux-gnu/libXi.so.6.1.0
7f9e009a8000-7f9e009a9000 rw-p 0000f000 08:07 7871520                    /usr/lib/x86_64-linux-gnu/libXi.so.6.1.0
7f9e009a9000-7f9e009ae000 r-xp 00000000 08:07 7871511                    /usr/lib/x86_64-linux-gnu/libXtst.so.6.1.0
7f9e009ae000-7f9e00bad000 ---p 00005000 08:07 7871511                    /usr/lib/x86_64-linux-gnu/libXtst.so.6.1.0
7f9e00bad000-7f9e00bae000 r--p 00004000 08:07 7871511                    /usr/lib/x86_64-linux-gnu/libXtst.so.6.1.0
7f9e00bae000-7f9e00baf000 rw-p 00005000 08:07 7871511                    /usr/lib/x86_64-linux-gnu/libXtst.so.6.1.0
7f9e00baf000-7f9e00bb8000 r-xp 00000000 08:07 7872381                    /usr/lib/x86_64-linux-gnu/libXrender.so.1.3.0
7f9e00bb8000-7f9e00db7000 ---p 00009000 08:07 7872381                    /usr/lib/x86_64-linux-gnu/libXrender.so.1.3.0
7f9e00db7000-7f9e00db8000 r--p 00008000 08:07 7872381                    /usr/lib/x86_64-linux-gnu/libXrender.so.1.3.0
7f9e00db8000-7f9e00db9000 rw-p 00009000 08:07 7872381                    /usr/lib/x86_64-linux-gnu/libXrender.so.1.3.0
7f9e00db9000-7f9e00eed000 r-xp 00000000 08:07 7872387                    /usr/lib/x86_64-linux-gnu/libX11.so.6.3.0
7f9e00eed000-7f9e010ed000 ---p 00134000 08:07 7872387                    /usr/lib/x86_64-linux-gnu/libX11.so.6.3.0
7f9e010ed000-7f9e010ee000 r--p 00134000 08:07 7872387                    /usr/lib/x86_64-linux-gnu/libX11.so.6.3.0
7f9e010ee000-7f9e010f3000 rw-p 00135000 08:07 7872387                    /usr/lib/x86_64-linux-gnu/libX11.so.6.3.0
7f9e010f3000-7f9e01104000 r-xp 00000000 08:07 7875654                    /usr/lib/x86_64-linux-gnu/libXext.so.6.4.0
7f9e01104000-7f9e01303000 ---p 00011000 08:07 7875654                    /usr/lib/x86_64-linux-gnu/libXext.so.6.4.0
7f9e01303000-7f9e01304000 r--p 00010000 08:07 7875654                    /usr/lib/x86_64-linux-gnu/libXext.so.6.4.0
7f9e01304000-7f9e01305000 rw-p 00011000 08:07 7875654                    /usr/lib/x86_64-linux-gnu/libXext.so.6.4.0
7f9e01305000-7f9e01358000 r-xp 00000000 08:07 8132391                    /usr/lib/jvm/java-7-openjdk-amd64/jre/lib/amd64/xawt/libmawt.so
7f9e01358000-7f9e01557000 ---p 00053000 08:07 8132391                    /usr/lib/jvm/java-7-openjdk-amd64/jre/lib/amd64/xawt/libmawt.so
7f9e01557000-7f9e01558000 r--p 00052000 08:07 8132391                    /usr/lib/jvm/java-7-openjdk-amd64/jre/lib/amd64/xawt/libmawt.so
7f9e01558000-7f9e0155b000 rw-p 00053000 08:07 8132391                    /usr/lib/jvm/java-7-openjdk-amd64/jre/lib/amd64/xawt/libmawt.so
7f9e0155b000-7f9e0155c000 rw-p 00000000 00:00 0 
7f9e0155c000-7f9e015fd000 r-xp 00000000 08:07 8132442                    /usr/lib/jvm/java-7-openjdk-amd64/jre/lib/amd64/libawt.so
7f9e015fd000-7f9e017fd000 ---p 000a1000 08:07 8132442                    /usr/lib/jvm/java-7-openjdk-amd64/jre/lib/amd64/libawt.so
7f9e017fd000-7f9e017fe000 r--p 000a1000 08:07 8132442                    /usr/lib/jvm/java-7-openjdk-amd64/jre/lib/amd64/libawt.so
7f9e017fe000-7f9e01809000 rw-p 000a2000 08:07 8132442                    /usr/lib/jvm/java-7-openjdk-amd64/jre/lib/amd64/libawt.so
7f9e01809000-7f9e0182e000 rw-p 00000000 00:00 0 
7f9e0182e000-7f9e0186b000 r-xp 00000000 08:07 5246690                    /lib/x86_64-linux-gnu/libpcre.so.3.13.1
7f9e0186b000-7f9e01a6b000 ---p 0003d000 08:07 5246690                    /lib/x86_64-linux-gnu/libpcre.so.3.13.1
7f9e01a6b000-7f9e01a6c000 r--p 0003d000 08:07 5246690                    /lib/x86_64-linux-gnu/libpcre.so.3.13.1
7f9e01a6c000-7f9e01a6d000 rw-p 0003e000 08:07 5246690                    /lib/x86_64-linux-gnu/libpcre.so.3.13.1
7f9e01a6d000-7f9e01a74000 r-xp 00000000 08:07 7871752                    /usr/lib/x86_64-linux-gnu/libffi.so.6.0.1
7f9e01a74000-7f9e01c73000 ---p 00007000 08:07 7871752                    /usr/lib/x86_64-linux-gnu/libffi.so.6.0.1
7f9e01c73000-7f9e01c74000 r--p 00006000 08:07 7871752                    /usr/lib/x86_64-linux-gnu/libffi.so.6.0.1
7f9e01c74000-7f9e01c75000 rw-p 00007000 08:07 7871752                    /usr/lib/x86_64-linux-gnu/libffi.so.6.0.1
7f9e01c75000-7f9e01c8b000 r-xp 00000000 08:07 5246713                    /lib/x86_64-linux-gnu/libresolv-2.17.so
7f9e01c8b000-7f9e01e8b000 ---p 00016000 08:07 5246713                    /lib/x86_64-linux-gnu/libresolv-2.17.so
7f9e01e8b000-7f9e01e8c000 r--p 00016000 08:07 5246713                    /lib/x86_64-linux-gnu/libresolv-2.17.so
7f9e01e8c000-7f9e01e8d000 rw-p 00017000 08:07 5246713                    /lib/x86_64-linux-gnu/libresolv-2.17.so
7f9e01e8d000-7f9e01e8f000 rw-p 00000000 00:00 0 
7f9e01e8f000-7f9e01eac000 r-xp 00000000 08:07 5246717                    /lib/x86_64-linux-gnu/libselinux.so.1
7f9e01eac000-7f9e020ab000 ---p 0001d000 08:07 5246717                    /lib/x86_64-linux-gnu/libselinux.so.1
7f9e020ab000-7f9e020ac000 r--p 0001c000 08:07 5246717                    /lib/x86_64-linux-gnu/libselinux.so.1
7f9e020ac000-7f9e020ad000 rw-p 0001d000 08:07 5246717                    /lib/x86_64-linux-gnu/libselinux.so.1
7f9e020ad000-7f9e020ae000 rw-p 00000000 00:00 0 
7f9e020ae000-7f9e020b1000 r-xp 00000000 08:07 7871845                    /usr/lib/x86_64-linux-gnu/libgmodule-2.0.so.0.3600.0
7f9e020b1000-7f9e022b0000 ---p 00003000 08:07 7871845                    /usr/lib/x86_64-linux-gnu/libgmodule-2.0.so.0.3600.0
7f9e022b0000-7f9e022b1000 r--p 00002000 08:07 7871845                    /usr/lib/x86_64-linux-gnu/libgmodule-2.0.so.0.3600.0
7f9e022b1000-7f9e022b2000 rw-p 00003000 08:07 7871845                    /usr/lib/x86_64-linux-gnu/libgmodule-2.0.so.0.3600.0
7f9e022b2000-7f9e023ab000 r-xp 00000000 08:07 5246624                    /lib/x86_64-linux-gnu/libglib-2.0.so.0.3600.0
7f9e023ab000-7f9e025ab000 ---p 000f9000 08:07 5246624                    /lib/x86_64-linux-gnu/libglib-2.0.so.0.3600.0
7f9e025ab000-7f9e025ac000 r--p 000f9000 08:07 5246624                    /lib/x86_64-linux-gnu/libglib-2.0.so.0.3600.0
7f9e025ac000-7f9e025ad000 rw-p 000fa000 08:07 5246624                    /lib/x86_64-linux-gnu/libglib-2.0.so.0.3600.0
7f9e025ad000-7f9e025ae000 rw-p 00000000 00:00 0 
7f9e025ae000-7f9e025fb000 r-xp 00000000 08:07 7871861                    /usr/lib/x86_64-linux-gnu/libgobject-2.0.so.0.3600.0
7f9e025fb000-7f9e027fb000 ---p 0004d000 08:07 7871861                    /usr/lib/x86_64-linux-gnu/libgobject-2.0.so.0.3600.0
7f9e027fb000-7f9e027fc000 r--p 0004d000 08:07 7871861                    /usr/lib/x86_64-linux-gnu/libgobject-2.0.so.0.3600.0
7f9e027fc000-7f9e027fd000 rw-p 0004e000 08:07 7871861                    /usr/lib/x86_64-linux-gnu/libgobject-2.0.so.0.3600.0
7f9e027fd000-7f9e02800000 ---p 00000000 00:00 0 
7f9e02800000-7f9e02ffe000 rw-p 00000000 00:00 0                          [stack:4201]
7f9e02ffe000-7f9e02fff000 ---p 00000000 00:00 0 
7f9e02fff000-7f9e037ff000 rw-p 00000000 00:00 0                          [stack:4200]
7f9e037ff000-7f9e03800000 ---p 00000000 00:00 0 
7f9e03800000-7f9e04000000 rw-p 00000000 00:00 0                          [stack:4199]
7f9e04000000-7f9e057c3000 rw-p 00000000 00:00 0 
7f9e057c3000-7f9e08000000 ---p 00000000 00:00 0 
7f9e08000000-7f9e08021000 rw-p 00000000 00:00 0 
7f9e08021000-7f9e0c000000 ---p 00000000 00:00 0 
7f9e0c000000-7f9e0c021000 rw-p 00000000 00:00 0 
7f9e0c021000-7f9e10000000 ---p 00000000 00:00 0 
7f9e10000000-7f9e1103d000 rw-p 00000000 00:00 0 
7f9e1103d000-7f9e14000000 ---p 00000000 00:00 0 
7f9e14000000-7f9e14021000 rw-p 00000000 00:00 0 
7f9e14021000-7f9e18000000 ---p 00000000 00:00 0 
7f9e18000000-7f9e18021000 rw-p 00000000 00:00 0 
7f9e18021000-7f9e1c000000 ---p 00000000 00:00 0 
7f9e1c000000-7f9e1c021000 rw-p 00000000 00:00 0 
7f9e1c021000-7f9e20000000 ---p 00000000 00:00 0 
7f9e20000000-7f9e20049000 rw-p 00000000 00:00 0 
7f9e20049000-7f9e24000000 ---p 00000000 00:00 0 
7f9e24000000-7f9e24021000 rw-p 00000000 00:00 0 
7f9e24021000-7f9e28000000 ---p 00000000 00:00 0 
7f9e28000000-7f9e28021000 rw-p 00000000 00:00 0 
7f9e28021000-7f9e2c000000 ---p 00000000 00:00 0 
7f9e2c000000-7f9e2c021000 rw-p 00000000 00:00 0 
7f9e2c021000-7f9e30000000 ---p 00000000 00:00 0 
7f9e30086000-7f9e30089000 ---p 00000000 00:00 0 
7f9e30089000-7f9e30187000 rw-p 00000000 00:00 0                          [stack:4223]
7f9e30187000-7f9e302da000 r-xp 00000000 08:07 7871835                    /usr/lib/x86_64-linux-gnu/libgio-2.0.so.0.3600.0
7f9e302da000-7f9e304d9000 ---p 00153000 08:07 7871835                    /usr/lib/x86_64-linux-gnu/libgio-2.0.so.0.3600.0
7f9e304d9000-7f9e304dd000 r--p 00152000 08:07 7871835                    /usr/lib/x86_64-linux-gnu/libgio-2.0.so.0.3600.0
7f9e304dd000-7f9e304df000 rw-p 00156000 08:07 7871835                    /usr/lib/x86_64-linux-gnu/libgio-2.0.so.0.3600.0
7f9e304df000-7f9e304e1000 rw-p 00000000 00:00 0 
7f9e304e1000-7f9e304f7000 r-xp 00000000 08:07 8132431                    /usr/lib/jvm/java-7-openjdk-amd64/jre/lib/amd64/libnet.so
7f9e304f7000-7f9e306f6000 ---p 00016000 08:07 8132431                    /usr/lib/jvm/java-7-openjdk-amd64/jre/lib/amd64/libnet.so
7f9e306f6000-7f9e306f7000 r--p 00015000 08:07 8132431                    /usr/lib/jvm/java-7-openjdk-amd64/jre/lib/amd64/libnet.so
7f9e306f7000-7f9e306f8000 rw-p 00016000 08:07 8132431                    /usr/lib/jvm/java-7-openjdk-amd64/jre/lib/amd64/libnet.so
7f9e306f8000-7f9e30f65000 r-xp 00000000 08:07 656225                     /home/shiwali/soar/SoarSuite/out/libSoar.so
7f9e30f65000-7f9e31165000 ---p 0086d000 08:07 656225                     /home/shiwali/soar/SoarSuite/out/libSoar.so
7f9e31165000-7f9e31176000 r--p 0086d000 08:07 656225                     /home/shiwali/soar/SoarSuite/out/libSoar.so
7f9e31176000-7f9e3118d000 rw-p 0087e000 08:07 656225                     /home/shiwali/soar/SoarSuite/out/libSoar.so
7f9e3118d000-7f9e31191000 rw-p 00000000 00:00 0 
7f9e31191000-7f9e311ea000 r-xp 00000000 08:07 658345                     /home/shiwali/soar/SoarSuite/out/libJava_sml_ClientInterface.so
7f9e311ea000-7f9e313ea000 ---p 00059000 08:07 658345                     /home/shiwali/soar/SoarSuite/out/libJava_sml_ClientInterface.so
7f9e313ea000-7f9e313eb000 r--p 00059000 08:07 658345                     /home/shiwali/soar/SoarSuite/out/libJava_sml_ClientInterface.so
7f9e313eb000-7f9e313ed000 rw-p 0005a000 08:07 658345                     /home/shiwali/soar/SoarSuite/out/libJava_sml_ClientInterface.so
7f9e313ed000-7f9e313ee000 ---p 00000000 00:00 0 
7f9e313ee000-7f9e314ee000 rw-p 00000000 00:00 0                          [stack:4198]
7f9e314ee000-7f9e314f1000 ---p 00000000 00:00 0 
7f9e314f1000-7f9e315ef000 rw-p 00000000 00:00 0                          [stack:4197]
7f9e315ef000-7f9e31cd0000 r--p 00000000 08:07 7870646                    /usr/lib/locale/locale-archive
7f9e31cd0000-7f9e35000000 rw-p 00000000 00:00 0 
7f9e35000000-7f9e35270000 rwxp 00000000 00:00 0 
7f9e35270000-7f9e385f3000 rw-p 00000000 00:00 0 
7f9e385f3000-7f9e3c000000 ---p 00000000 00:00 0 
7f9e3c04a000-7f9e3c055000 rw-s 00000000 00:04 24510530                   /SYSV00000000 (deleted)
7f9e3c055000-7f9e3c059000 r--s 00035000 08:07 2884905                    /home/shiwali/InstructoSoarII/probcog2/java/probcog.jar
7f9e3c059000-7f9e3c06b000 r--s 0028f000 08:07 788696                     /home/shiwali/InstructoSoarII/april/java/april.jar
7f9e3c06b000-7f9e3c074000 r--s 0005a000 08:07 659918                     /home/shiwali/soar/SoarSuite/out/java/soar-debugger.jar
7f9e3c074000-7f9e3c087000 r--s 00211000 08:07 660019                     /home/shiwali/soar/SoarSuite/out/java/swt.jar
7f9e3c087000-7f9e3c0c9000 rw-p 00000000 00:00 0 
7f9e3c0c9000-7f9e3c0cc000 ---p 00000000 00:00 0 
7f9e3c0cc000-7f9e3c1ca000 rw-p 00000000 00:00 0                          [stack:4196]
7f9e3c1ca000-7f9e3c1cd000 ---p 00000000 00:00 0 
7f9e3c1cd000-7f9e3c2cb000 rw-p 00000000 00:00 0                          [stack:4195]
7f9e3c2cb000-7f9e3c2ce000 ---p 00000000 00:00 0 
7f9e3c2ce000-7f9e3c3cc000 rw-p 00000000 00:00 0                          [stack:4194]
7f9e3c3cc000-7f9e3c3cf000 ---p 00000000 00:00 0 
7f9e3c3cf000-7f9e3c4cd000 rw-p 00000000 00:00 0                          [stack:4193]
7f9e3c4cd000-7f9e3c4d0000 ---p 00000000 00:00 0 
7f9e3c4d0000-7f9e3c5ce000 rw-p 00000000 00:00 0                          [stack:4192]
7f9e3c5ce000-7f9e3c5cf000 ---p 00000000 00:00 0 
7f9e3c5cf000-7f9e3d6ef000 rw-p 00000000 00:00 0                          [stack:4191]
7f9e3d6ef000-7f9e3d89c000 r--s 01cec000 08:07 8132419                    /usr/lib/jvm/java-7-openjdk-amd64/jre/lib/rt.jar
7f9e3d89c000-7f9e3e590000 rw-p 00000000 00:00 0 
7f9e3e590000-7f9e3e591000 ---p 00000000 00:00 0 
7f9e3e591000-7f9e3e691000 rw-p 00000000 00:00 0                          [stack:4190]
7f9e3e691000-7f9e3e692000 ---p 00000000 00:00 0 
7f9e3e692000-7f9e3e792000 rw-p 00000000 00:00 0                          [stack:4189]
7f9e3e792000-7f9e3e793000 ---p 00000000 00:00 0 
7f9e3e793000-7f9e3e893000 rw-p 00000000 00:00 0                          [stack:4188]
7f9e3e893000-7f9e3e894000 ---p 00000000 00:00 0 
7f9e3e894000-7f9e3e99f000 rw-p 00000000 00:00 0                          [stack:4187]
7f9e3e99f000-7f9e3e9e7000 rw-p 00000000 00:00 0 
7f9e3e9e7000-7f9e3ea06000 rw-p 00000000 00:00 0 
7f9e3ea06000-7f9e3ebd2000 rw-p 00000000 00:00 0 
7f9e3ebd2000-7f9e3ebdd000 rw-p 00000000 00:00 0 
7f9e3ebdd000-7f9e3ec25000 rw-p 00000000 00:00 0 
7f9e3ec25000-7f9e3ec44000 rw-p 00000000 00:00 0 
7f9e3ec44000-7f9e3ee0f000 rw-p 00000000 00:00 0 
7f9e3ee0f000-7f9e3eed0000 rw-p 00000000 00:00 0 
7f9e3eed0000-7f9e3eed1000 ---p 00000000 00:00 0 
7f9e3eed1000-7f9e3ef05000 rw-p 00000000 00:00 0 
7f9e3ef05000-7f9e3ef06000 rw-p 00000000 00:00 0 
7f9e3ef06000-7f9e3ef0e000 r-xp 00000000 08:07 8132482                    /usr/lib/jvm/java-7-openjdk-amd64/jre/lib/amd64/libzip.so
7f9e3ef0e000-7f9e3f10d000 ---p 00008000 08:07 8132482                    /usr/lib/jvm/java-7-openjdk-amd64/jre/lib/amd64/libzip.so
7f9e3f10d000-7f9e3f10e000 r--p 00007000 08:07 8132482                    /usr/lib/jvm/java-7-openjdk-amd64/jre/lib/amd64/libzip.so
7f9e3f10e000-7f9e3f10f000 rw-p 00008000 08:07 8132482                    /usr/lib/jvm/java-7-openjdk-amd64/jre/lib/amd64/libzip.so
7f9e3f10f000-7f9e3f11b000 r-xp 00000000 08:07 5246668                    /lib/x86_64-linux-gnu/libnss_files-2.17.so
7f9e3f11b000-7f9e3f31a000 ---p 0000c000 08:07 5246668                    /lib/x86_64-linux-gnu/libnss_files-2.17.so
7f9e3f31a000-7f9e3f31b000 r--p 0000b000 08:07 5246668                    /lib/x86_64-linux-gnu/libnss_files-2.17.so
7f9e3f31b000-7f9e3f31c000 rw-p 0000c000 08:07 5246668                    /lib/x86_64-linux-gnu/libnss_files-2.17.so
7f9e3f31c000-7f9e3f327000 r-xp 00000000 08:07 5246672                    /lib/x86_64-linux-gnu/libnss_nis-2.17.so
7f9e3f327000-7f9e3f526000 ---p 0000b000 08:07 5246672                    /lib/x86_64-linux-gnu/libnss_nis-2.17.so
7f9e3f526000-7f9e3f527000 r--p 0000a000 08:07 5246672                    /lib/x86_64-linux-gnu/libnss_nis-2.17.so
7f9e3f527000-7f9e3f528000 rw-p 0000b000 08:07 5246672                    /lib/x86_64-linux-gnu/libnss_nis-2.17.so
7f9e3f528000-7f9e3f53f000 r-xp 00000000 08:07 5246662                    /lib/x86_64-linux-gnu/libnsl-2.17.so
7f9e3f53f000-7f9e3f73e000 ---p 00017000 08:07 5246662                    /lib/x86_64-linux-gnu/libnsl-2.17.so
7f9e3f73e000-7f9e3f73f000 r--p 00016000 08:07 5246662                    /lib/x86_64-linux-gnu/libnsl-2.17.so
7f9e3f73f000-7f9e3f740000 rw-p 00017000 08:07 5246662                    /lib/x86_64-linux-gnu/libnsl-2.17.so
7f9e3f740000-7f9e3f742000 rw-p 00000000 00:00 0 
7f9e3f742000-7f9e3f74a000 r-xp 00000000 08:07 5246664                    /lib/x86_64-linux-gnu/libnss_compat-2.17.so
7f9e3f74a000-7f9e3f949000 ---p 00008000 08:07 5246664                    /lib/x86_64-linux-gnu/libnss_compat-2.17.so
7f9e3f949000-7f9e3f94a000 r--p 00007000 08:07 5246664                    /lib/x86_64-linux-gnu/libnss_compat-2.17.so
7f9e3f94a000-7f9e3f94b000 rw-p 00008000 08:07 5246664                    /lib/x86_64-linux-gnu/libnss_compat-2.17.so
7f9e3f94b000-7f9e3f976000 r-xp 00000000 08:07 8132441                    /usr/lib/jvm/java-7-openjdk-amd64/jre/lib/amd64/libjava.so
7f9e3f976000-7f9e3fb75000 ---p 0002b000 08:07 8132441                    /usr/lib/jvm/java-7-openjdk-amd64/jre/lib/amd64/libjava.so
7f9e3fb75000-7f9e3fb76000 r--p 0002a000 08:07 8132441                    /usr/lib/jvm/java-7-openjdk-amd64/jre/lib/amd64/libjava.so
7f9e3fb76000-7f9e3fb78000 rw-p 0002b000 08:07 8132441                    /usr/lib/jvm/java-7-openjdk-amd64/jre/lib/amd64/libjava.so
7f9e3fb78000-7f9e3fb87000 r-xp 00000000 08:07 8132440                    /usr/lib/jvm/java-7-openjdk-amd64/jre/lib/amd64/libverify.so
7f9e3fb87000-7f9e3fd86000 ---p 0000f000 08:07 8132440                    /usr/lib/jvm/java-7-openjdk-amd64/jre/lib/amd64/libverify.so
7f9e3fd86000-7f9e3fd88000 r--p 0000e000 08:07 8132440                    /usr/lib/jvm/java-7-openjdk-amd64/jre/lib/amd64/libverify.so
7f9e3fd88000-7f9e3fd89000 rw-p 00010000 08:07 8132440                    /usr/lib/jvm/java-7-openjdk-amd64/jre/lib/amd64/libverify.so
7f9e3fd89000-7f9e3fd90000 r-xp 00000000 08:07 5246715                    /lib/x86_64-linux-gnu/librt-2.17.so
7f9e3fd90000-7f9e3ff8f000 ---p 00007000 08:07 5246715                    /lib/x86_64-linux-gnu/librt-2.17.so
7f9e3ff8f000-7f9e3ff90000 r--p 00006000 08:07 5246715                    /lib/x86_64-linux-gnu/librt-2.17.so
7f9e3ff90000-7f9e3ff91000 rw-p 00007000 08:07 5246715                    /lib/x86_64-linux-gnu/librt-2.17.so
7f9e3ff91000-7f9e3ffa5000 r-xp 00000000 08:07 5246620                    /lib/x86_64-linux-gnu/libgcc_s.so.1
7f9e3ffa5000-7f9e401a5000 ---p 00014000 08:07 5246620                    /lib/x86_64-linux-gnu/libgcc_s.so.1
7f9e401a5000-7f9e401a6000 r--p 00014000 08:07 5246620                    /lib/x86_64-linux-gnu/libgcc_s.so.1
7f9e401a6000-7f9e401a7000 rw-p 00015000 08:07 5246620                    /lib/x86_64-linux-gnu/libgcc_s.so.1
7f9e401a7000-7f9e402aa000 r-xp 00000000 08:07 5246643                    /lib/x86_64-linux-gnu/libm-2.17.so
7f9e402aa000-7f9e404aa000 ---p 00103000 08:07 5246643                    /lib/x86_64-linux-gnu/libm-2.17.so
7f9e404aa000-7f9e404ab000 r--p 00103000 08:07 5246643                    /lib/x86_64-linux-gnu/libm-2.17.so
7f9e404ab000-7f9e404ac000 rw-p 00104000 08:07 5246643                    /lib/x86_64-linux-gnu/libm-2.17.so
7f9e404ac000-7f9e40591000 r-xp 00000000 08:07 7872281                    /usr/lib/x86_64-linux-gnu/libstdc++.so.6.0.17
7f9e40591000-7f9e40790000 ---p 000e5000 08:07 7872281                    /usr/lib/x86_64-linux-gnu/libstdc++.so.6.0.17
7f9e40790000-7f9e40798000 r--p 000e4000 08:07 7872281                    /usr/lib/x86_64-linux-gnu/libstdc++.so.6.0.17
7f9e40798000-7f9e4079a000 rw-p 000ec000 08:07 7872281                    /usr/lib/x86_64-linux-gnu/libstdc++.so.6.0.17
7f9e4079a000-7f9e407af000 rw-p 00000000 00:00 0 
7f9e407af000-7f9e4119f000 r-xp 00000000 08:07 8132445                    /usr/lib/jvm/java-7-openjdk-amd64/jre/lib/amd64/server/libjvm.so
7f9e4119f000-7f9e4139e000 ---p 009f0000 08:07 8132445                    /usr/lib/jvm/java-7-openjdk-amd64/jre/lib/amd64/server/libjvm.so
7f9e4139e000-7f9e4141d000 r--p 009ef000 08:07 8132445                    /usr/lib/jvm/java-7-openjdk-amd64/jre/lib/amd64/server/libjvm.so
7f9e4141d000-7f9e41440000 rw-p 00a6e000 08:07 8132445                    /usr/lib/jvm/java-7-openjdk-amd64/jre/lib/amd64/server/libjvm.so
7f9e41440000-7f9e4146b000 rw-p 00000000 00:00 0 
7f9e4146b000-7f9e41481000 r-xp 00000000 08:07 5246748                    /lib/x86_64-linux-gnu/libz.so.1.2.7
7f9e41481000-7f9e41680000 ---p 00016000 08:07 5246748                    /lib/x86_64-linux-gnu/libz.so.1.2.7
7f9e41680000-7f9e41681000 r--p 00015000 08:07 5246748                    /lib/x86_64-linux-gnu/libz.so.1.2.7
7f9e41681000-7f9e41682000 rw-p 00016000 08:07 5246748                    /lib/x86_64-linux-gnu/libz.so.1.2.7
7f9e41682000-7f9e4169a000 r-xp 00000000 08:07 5246707                    /lib/x86_64-linux-gnu/libpthread-2.17.so
7f9e4169a000-7f9e41899000 ---p 00018000 08:07 5246707                    /lib/x86_64-linux-gnu/libpthread-2.17.so
7f9e41899000-7f9e4189a000 r--p 00017000 08:07 5246707                    /lib/x86_64-linux-gnu/libpthread-2.17.so
7f9e4189a000-7f9e4189b000 rw-p 00018000 08:07 5246707                    /lib/x86_64-linux-gnu/libpthread-2.17.so
7f9e4189b000-7f9e4189f000 rw-p 00000000 00:00 0 
7f9e4189f000-7f9e418a2000 r-xp 00000000 08:07 5246610                    /lib/x86_64-linux-gnu/libdl-2.17.so
7f9e418a2000-7f9e41aa1000 ---p 00003000 08:07 5246610                    /lib/x86_64-linux-gnu/libdl-2.17.so
7f9e41aa1000-7f9e41aa2000 r--p 00002000 08:07 5246610                    /lib/x86_64-linux-gnu/libdl-2.17.so
7f9e41aa2000-7f9e41aa3000 rw-p 00003000 08:07 5246610                    /lib/x86_64-linux-gnu/libdl-2.17.so
7f9e41aa3000-7f9e41c61000 r-xp 00000000 08:07 5246595                    /lib/x86_64-linux-gnu/libc-2.17.so
7f9e41c61000-7f9e41e60000 ---p 001be000 08:07 5246595                    /lib/x86_64-linux-gnu/libc-2.17.so
7f9e41e60000-7f9e41e64000 r--p 001bd000 08:07 5246595                    /lib/x86_64-linux-gnu/libc-2.17.so
7f9e41e64000-7f9e41e66000 rw-p 001c1000 08:07 5246595                    /lib/x86_64-linux-gnu/libc-2.17.so
7f9e41e66000-7f9e41e6b000 rw-p 00000000 00:00 0 
7f9e41e6b000-7f9e41e78000 r-xp 00000000 08:07 8132424                    /usr/lib/jvm/java-7-openjdk-amd64/jre/lib/amd64/jli/libjli.so
7f9e41e78000-7f9e42077000 ---p 0000d000 08:07 8132424                    /usr/lib/jvm/java-7-openjdk-amd64/jre/lib/amd64/jli/libjli.so
7f9e42077000-7f9e42078000 r--p 0000c000 08:07 8132424                    /usr/lib/jvm/java-7-openjdk-amd64/jre/lib/amd64/jli/libjli.so
7f9e42078000-7f9e42079000 rw-p 0000d000 08:07 8132424                    /usr/lib/jvm/java-7-openjdk-amd64/jre/lib/amd64/jli/libjli.so
7f9e42079000-7f9e4209c000 r-xp 00000000 08:07 5246571                    /lib/x86_64-linux-gnu/ld-2.17.so
7f9e4209c000-7f9e4209e000 rw-p 00000000 00:00 0 
7f9e4209e000-7f9e4209f000 r--s 00001000 08:07 658906                     /home/shiwali/soar/SoarSuite/out/java/soar-debugger-api.jar
7f9e4209f000-7f9e420a0000 r--s 00003000 08:07 659992                     /home/shiwali/soar/SoarSuite/out/java/swtgraphics2d.jar
7f9e420a0000-7f9e420a2000 r--s 00005000 08:07 658899                     /home/shiwali/soar/SoarSuite/out/java/soar-smljava.jar
7f9e420a2000-7f9e420ab000 r--s 000bc000 08:07 8132175                    /usr/lib/jvm/java-7-openjdk-common/jre/lib/resources.jar
7f9e420ab000-7f9e420ae000 r--s 00018000 08:07 658876                     /home/shiwali/soar/SoarSuite/out/java/sml.jar
7f9e420ae000-7f9e420b1000 r--s 0001d000 08:07 9833101                    /usr/local/share/java/lcm.jar
7f9e420b1000-7f9e420b4000 r--s 00028000 08:07 1707691                    /home/shiwali/InstructoSoarII/rosie/java/language/lgsoar.jar
7f9e420b4000-7f9e420be000 rw-p 00000000 00:00 0 
7f9e420be000-7f9e42174000 rw-p 00000000 00:00 0 
7f9e42174000-7f9e42177000 ---p 00000000 00:00 0 
7f9e42177000-7f9e4227a000 rw-p 00000000 00:00 0                          [stack:4182]
7f9e4227a000-7f9e4227d000 r--s 0001c000 08:07 1575757                    /home/shiwali/InstructoSoarII/rosie/java/insoar.jar
7f9e4227d000-7f9e4227f000 r--s 00012000 08:07 8132181                    /usr/lib/jvm/java-7-openjdk-common/jre/lib/ext/zipfs.jar
7f9e4227f000-7f9e42281000 r--s 00006000 08:07 8264680                    /usr/share/java/java-atk-wrapper.jar
7f9e42281000-7f9e42284000 r--s 0003c000 08:07 8132176                    /usr/lib/jvm/java-7-openjdk-common/jre/lib/ext/sunpkcs11.jar
7f9e42284000-7f9e42287000 r--s 00032000 08:07 8132178                    /usr/lib/jvm/java-7-openjdk-common/jre/lib/ext/sunjce_provider.jar
7f9e42287000-7f9e42288000 r--s 00002000 08:07 8132180                    /usr/lib/jvm/java-7-openjdk-common/jre/lib/ext/dnsns.jar
7f9e42288000-7f9e4228b000 r--s 0000f000 08:07 8132179                    /usr/lib/jvm/java-7-openjdk-common/jre/lib/ext/pulse-java.jar
7f9e4228b000-7f9e4228f000 r--s 00085000 08:07 8132177                    /usr/lib/jvm/java-7-openjdk-common/jre/lib/ext/localedata.jar
7f9e4228f000-7f9e42297000 rw-s 00000000 08:07 1055678                    /tmp/hsperfdata_shiwali/4181
7f9e42297000-7f9e42298000 rw-p 00000000 00:00 0 
7f9e42298000-7f9e42299000 r--p 00000000 00:00 0 
7f9e42299000-7f9e4229b000 rw-p 00000000 00:00 0 
7f9e4229b000-7f9e4229c000 r--p 00022000 08:07 5246571                    /lib/x86_64-linux-gnu/ld-2.17.so
7f9e4229c000-7f9e4229e000 rw-p 00023000 08:07 5246571                    /lib/x86_64-linux-gnu/ld-2.17.so
7fff6759a000-7fff675bb000 rw-p 00000000 00:00 0                          [stack]
7fff675fe000-7fff67600000 r-xp 00000000 00:00 0                          [vdso]
ffffffffff600000-ffffffffff601000 r-xp 00000000 00:00 0                  [vsyscall]

VM Arguments:
jvm_args: -Dfile.encoding=UTF-8 
java_command: edu.umich.insoar.InSoar
Launcher Type: SUN_STANDARD

Environment Variables:
PATH=/usr/lib/lightdm/lightdm:/usr/local/sbin:/usr/local/bin:/usr/sbin:/usr/bin:/sbin:/bin:/usr/games:/usr/local/games
LD_LIBRARY_PATH=/home/shiwali/soar/SoarSuite/out
SHELL=/bin/bash
DISPLAY=:0

Signal Handlers:
SIGSEGV: [libjvm.so+0x84f410], sa_mask[0]=0x7ffbfeff, sa_flags=0x10000004
SIGBUS: [libjvm.so+0x84f410], sa_mask[0]=0x7ffbfeff, sa_flags=0x10000004
SIGFPE: [libjvm.so+0x6f19a0], sa_mask[0]=0x7ffbfeff, sa_flags=0x10000004
SIGPIPE: SIG_IGN, sa_mask[0]=0x00000000, sa_flags=0x00000000
SIGXFSZ: [libjvm.so+0x6f19a0], sa_mask[0]=0x7ffbfeff, sa_flags=0x10000004
SIGILL: [libjvm.so+0x6f19a0], sa_mask[0]=0x7ffbfeff, sa_flags=0x10000004
SIGUSR1: SIG_DFL, sa_mask[0]=0x00000000, sa_flags=0x00000000
SIGUSR2: [libjvm.so+0x6f1d70], sa_mask[0]=0x00000004, sa_flags=0x10000004
SIGHUP: [libjvm.so+0x6f1eb0], sa_mask[0]=0x7ffbfeff, sa_flags=0x10000004
SIGINT: [libjvm.so+0x6f1eb0], sa_mask[0]=0x7ffbfeff, sa_flags=0x10000004
SIGTERM: [libjvm.so+0x6f1eb0], sa_mask[0]=0x7ffbfeff, sa_flags=0x10000004
SIGQUIT: [libjvm.so+0x6f1eb0], sa_mask[0]=0x7ffbfeff, sa_flags=0x10000004


---------------  S Y S T E M  ---------------

OS:Ubuntu 13.04 (raring)
uname:Linux 3.8.0-27-generic #40-Ubuntu SMP Tue Jul 9 00:17:05 UTC 2013 x86_64
libc:glibc 2.17 NPTL 2.17 
rlimit: STACK 8192k, CORE 0k, NPROC 46898, NOFILE 4096, AS infinity
load average:2.96 6.01 4.09

/proc/meminfo:
MemTotal:        6022120 kB
MemFree:         1256740 kB
Buffers:          180884 kB
Cached:          1566344 kB
SwapCached:            0 kB
Active:          3223028 kB
Inactive:        1257284 kB
Active(anon):    2738628 kB
Inactive(anon):   641044 kB
Active(file):     484400 kB
Inactive(file):   616240 kB
Unevictable:         216 kB
Mlocked:             216 kB
SwapTotal:        975868 kB
SwapFree:         975868 kB
Dirty:               724 kB
Writeback:             0 kB
AnonPages:       2733396 kB
Mapped:           300688 kB
Shmem:            646592 kB
Slab:             162176 kB
SReclaimable:     129632 kB
SUnreclaim:        32544 kB
KernelStack:        5144 kB
PageTables:        44500 kB
NFS_Unstable:          0 kB
Bounce:                0 kB
WritebackTmp:          0 kB
CommitLimit:     3986928 kB
Committed_AS:    7261460 kB
VmallocTotal:   34359738367 kB
VmallocUsed:      355740 kB
VmallocChunk:   34359378556 kB
HardwareCorrupted:     0 kB
AnonHugePages:         0 kB
HugePages_Total:       0
HugePages_Free:        0
HugePages_Rsvd:        0
HugePages_Surp:        0
Hugepagesize:       2048 kB
DirectMap4k:       59392 kB
DirectMap2M:     6148096 kB


CPU:total 4 (2 cores per cpu, 2 threads per core) family 6 model 42 stepping 7, cmov, cx8, fxsr, mmx, sse, sse2, sse3, ssse3, sse4.1, sse4.2, popcnt, avx, ht, tsc, tscinvbit

/proc/cpuinfo:
processor	: 0
vendor_id	: GenuineIntel
cpu family	: 6
model		: 42
model name	: Intel(R) Core(TM) i5-2410M CPU @ 2.30GHz
stepping	: 7
microcode	: 0x15
cpu MHz		: 1800.000
cache size	: 3072 KB
physical id	: 0
siblings	: 4
core id		: 0
cpu cores	: 2
apicid		: 0
initial apicid	: 0
fpu		: yes
fpu_exception	: yes
cpuid level	: 13
wp		: yes
flags		: fpu vme de pse tsc msr pae mce cx8 apic sep mtrr pge mca cmov pat pse36 clflush dts acpi mmx fxsr sse sse2 ss ht tm pbe syscall nx rdtscp lm constant_tsc arch_perfmon pebs bts nopl xtopology nonstop_tsc aperfmperf eagerfpu pni pclmulqdq dtes64 monitor ds_cpl vmx est tm2 ssse3 cx16 xtpr pdcm pcid sse4_1 sse4_2 x2apic popcnt tsc_deadline_timer xsave avx lahf_lm ida arat epb xsaveopt pln pts dtherm tpr_shadow vnmi flexpriority ept vpid
bogomips	: 4589.57
clflush size	: 64
cache_alignment	: 64
address sizes	: 36 bits physical, 48 bits virtual
power management:

processor	: 1
vendor_id	: GenuineIntel
cpu family	: 6
model		: 42
model name	: Intel(R) Core(TM) i5-2410M CPU @ 2.30GHz
stepping	: 7
microcode	: 0x15
cpu MHz		: 800.000
cache size	: 3072 KB
physical id	: 0
siblings	: 4
core id		: 0
cpu cores	: 2
apicid		: 1
initial apicid	: 1
fpu		: yes
fpu_exception	: yes
cpuid level	: 13
wp		: yes
flags		: fpu vme de pse tsc msr pae mce cx8 apic sep mtrr pge mca cmov pat pse36 clflush dts acpi mmx fxsr sse sse2 ss ht tm pbe syscall nx rdtscp lm constant_tsc arch_perfmon pebs bts nopl xtopology nonstop_tsc aperfmperf eagerfpu pni pclmulqdq dtes64 monitor ds_cpl vmx est tm2 ssse3 cx16 xtpr pdcm pcid sse4_1 sse4_2 x2apic popcnt tsc_deadline_timer xsave avx lahf_lm ida arat epb xsaveopt pln pts dtherm tpr_shadow vnmi flexpriority ept vpid
bogomips	: 4589.57
clflush size	: 64
cache_alignment	: 64
address sizes	: 36 bits physical, 48 bits virtual
power management:

processor	: 2
vendor_id	: GenuineIntel
cpu family	: 6
model		: 42
model name	: Intel(R) Core(TM) i5-2410M CPU @ 2.30GHz
stepping	: 7
microcode	: 0x15
cpu MHz		: 2300.000
cache size	: 3072 KB
physical id	: 0
siblings	: 4
core id		: 1
cpu cores	: 2
apicid		: 2
initial apicid	: 2
fpu		: yes
fpu_exception	: yes
cpuid level	: 13
wp		: yes
flags		: fpu vme de pse tsc msr pae mce cx8 apic sep mtrr pge mca cmov pat pse36 clflush dts acpi mmx fxsr sse sse2 ss ht tm pbe syscall nx rdtscp lm constant_tsc arch_perfmon pebs bts nopl xtopology nonstop_tsc aperfmperf eagerfpu pni pclmulqdq dtes64 monitor ds_cpl vmx est tm2 ssse3 cx16 xtpr pdcm pcid sse4_1 sse4_2 x2apic popcnt tsc_deadline_timer xsave avx lahf_lm ida arat epb xsaveopt pln pts dtherm tpr_shadow vnmi flexpriority ept vpid
bogomips	: 4589.57
clflush size	: 64
cache_alignment	: 64
address sizes	: 36 bits physical, 48 bits virtual
power management:

processor	: 3
vendor_id	: GenuineIntel
cpu family	: 6
model		: 42
model name	: Intel(R) Core(TM) i5-2410M CPU @ 2.30GHz
stepping	: 7
microcode	: 0x15
cpu MHz		: 2300.000
cache size	: 3072 KB
physical id	: 0
siblings	: 4
core id		: 1
cpu cores	: 2
apicid		: 3
initial apicid	: 3
fpu		: yes
fpu_exception	: yes
cpuid level	: 13
wp		: yes
flags		: fpu vme de pse tsc msr pae mce cx8 apic sep mtrr pge mca cmov pat pse36 clflush dts acpi mmx fxsr sse sse2 ss ht tm pbe syscall nx rdtscp lm constant_tsc arch_perfmon pebs bts nopl xtopology nonstop_tsc aperfmperf eagerfpu pni pclmulqdq dtes64 monitor ds_cpl vmx est tm2 ssse3 cx16 xtpr pdcm pcid sse4_1 sse4_2 x2apic popcnt tsc_deadline_timer xsave avx lahf_lm ida arat epb xsaveopt pln pts dtherm tpr_shadow vnmi flexpriority ept vpid
bogomips	: 4589.57
clflush size	: 64
cache_alignment	: 64
address sizes	: 36 bits physical, 48 bits virtual
power management:



Memory: 4k page, physical 6022120k(1256740k free), swap 975868k(975868k free)

vm_info: OpenJDK 64-Bit Server VM (23.7-b01) for linux-amd64 JRE (1.7.0_25-b30), built on Jul  3 2013 13:50:39 by "buildd" with gcc 4.7.3

time: Mon Aug 19 20:13:29 2013
elapsed time: 262 seconds

