#
# A fatal error has been detected by the Java Runtime Environment:
#
#  SIGSEGV (0xb) at pc=0x00007fc64d78966f, pid=12279, tid=140489669674752
#
# JRE version: 7.0_25-b30
# Java VM: OpenJDK 64-Bit Server VM (23.7-b01 mixed mode linux-amd64 compressed oops)
# Problematic frame:
# C  [libSoar.so+0x1d766f]  elaborate_gds(agent_struct*)+0x23f
#
# Failed to write core dump. Core dumps have been disabled. To enable core dumping, try "ulimit -c unlimited" before starting Java again
#
# If you would like to submit a bug report, please include
# instructions on how to reproduce the bug and visit:
#   https://bugs.launchpad.net/ubuntu/+source/openjdk-7/
#

---------------  T H R E A D  ---------------

Current thread is native thread

siginfo:si_signo=SIGSEGV: si_errno=0, si_code=128 (), si_addr=0x0000000000000000

Registers:
RAX=0x7fc610d490200000, RBX=0x0000000000000000, RCX=0x0000000000000001, RDX=0x00007fc61157cd3a
RSP=0x00007fc64cdaedf0, RBP=0x00007fc64cdaee90, RSI=0x0000000000000001, RDI=0x00007fc6113249f0
R8 =0x0000000000000002, R9 =0x0000000000000030, R10=0x0000000000000004, R11=0x00007fc610000078
R12=0x0000000000000000, R13=0x00007fc67139d060, R14=0x00007fc67137b4f0, R15=0x0000000000001000
RIP=0x00007fc64d78966f, EFLAGS=0x0000000000010206, CSGSFS=0x0000000000000033, ERR=0x0000000000000000
  TRAPNO=0x000000000000000d

Top of Stack: (sp=0x00007fc64cdaedf0)
0x00007fc64cdaedf0:   00007fc6111f3030 00007fc610000dd0
0x00007fc64cdaee00:   00027fc610007068 00007fc610000dd0
0x00007fc64cdaee10:   00007fc61116bf70 00007fc6111f31a0
0x00007fc64cdaee20:   00007fc610afee88 00007fc610ccdaa8
0x00007fc64cdaee30:   00007fc610ff6870 00007fc67137b4f0
0x00007fc64cdaee40:   0000000000001000 00007fc670c27580
0x00007fc64cdaee50:   00007fc61108dce0 0000000000000000
0x00007fc64cdaee60:   00007fc64cdaee90 00007fc64d7891fe
0x00007fc64cdaee70:   00007fc610afee88 00007fc61157cd3a
0x00007fc64cdaee80:   7fc610d490200000 00007fc6111f31a0
0x00007fc64cdaee90:   00007fc64cdaef00 00007fc64d78716a
0x00007fc64cdaeea0:   00007fc610ef1760 00007fc610000dd0
0x00007fc64cdaeeb0:   00007fc64cdaeee0 00007fc64d801755
0x00007fc64cdaeec0:   00007fc64cdaeef0 00007fc6100008e0
0x00007fc64cdaeed0:   00007fc64dbbc607 00007fc610de79a0
0x00007fc64cdaeee0:   00007fc6110c7ce0 00007fc610de79a0
0x00007fc64cdaeef0:   0000000000000000 00007fc6100070b0
0x00007fc64cdaef00:   00007fc64cdaef30 00007fc64d7872e3
0x00007fc64cdaef10:   00007fc64dbbc607 00007fc610000dd0
0x00007fc64cdaef20:   00007fc610e2e828 00007fc610ef1760
0x00007fc64cdaef30:   00007fc64cdaef50 00007fc64d788f18
0x00007fc64cdaef40:   00007fc600000000 00007fc610000dd0
0x00007fc64cdaef50:   00007fc64cdaefe0 00007fc64d7a1f55
0x00007fc64cdaef60:   00007fff535feac9 00007fc610000dd0
0x00007fc64cdaef70:   000000014cdaef90 0000000000000000
0x00007fc64cdaef80:   0000000000000000 00007fc67139d060
0x00007fc64cdaef90:   00007fc64cdaefc0 00007fc670cb2ead
0x00007fc64cdaefa0:   00007fc64cdaf000 00007fc64d7f18a7
0x00007fc64cdaefb0:   0000000000006081 000000000895b87e
0x00007fc64cdaefc0:   00007fc64cdaefe0 00007fc64d7f1c66
0x00007fc64cdaefd0:   00007fc6681d0868 00007fc610004ad0
0x00007fc64cdaefe0:   00007fc64cdaf010 00007fc64d7a3318 

Instructions: (pc=0x00007fc64d78966f)
0x00007fc64d78964f:   74 0f 48 8b 45 e8 48 8b 55 f0 48 89 90 a0 00 00
0x00007fc64d78965f:   00 48 83 7d f0 00 74 11 48 8b 45 f0 48 8b 55 e8
0x00007fc64d78966f:   48 89 90 98 00 00 00 eb 13 48 8b 45 98 48 8b 80
0x00007fc64d78967f:   90 00 00 00 48 8b 55 e8 48 89 50 08 48 8b 45 98 

Register to memory mapping:

RAX=0x7fc610d490200000 is an unknown value
RBX=0x0000000000000000 is an unknown value
RCX=0x0000000000000001 is an unknown value
RDX=0x00007fc61157cd3a is an unknown value
RSP=0x00007fc64cdaedf0 is an unknown value
RBP=0x00007fc64cdaee90 is an unknown value
RSI=0x0000000000000001 is an unknown value
RDI=0x00007fc6113249f0 is an unknown value
R8 =0x0000000000000002 is an unknown value
R9 =0x0000000000000030 is an unknown value
R10=0x0000000000000004 is an unknown value
R11=0x00007fc610000078 is an unknown value
R12=0x0000000000000000 is an unknown value
R13=0x00007fc67139d060: _rtld_global+0 in /lib64/ld-linux-x86-64.so.2 at 0x00007fc67117a000
R14=0x00007fc67137b4f0 is pointing into the stack for thread: 0x00007fc668009800
R15=0x0000000000001000 is an unknown value


Stack: [0x00007fc64c5b0000,0x00007fc64cdb1000],  sp=0x00007fc64cdaedf0,  free space=8187k
Native frames: (J=compiled Java code, j=interpreted, Vv=VM code, C=native code)
C  [libSoar.so+0x1d766f]  elaborate_gds(agent_struct*)+0x23f
C  [libSoar.so+0x1d516a]  decide_non_context_slot(agent_struct*, slot_struct*)+0x4f6
C  [libSoar.so+0x1d52e3]  decide_non_context_slots(agent_struct*)+0x55
C  [libSoar.so+0x1d6f18]  do_working_memory_phase(agent_struct*)+0x105
C  [libSoar.so+0x1eff55]  do_one_top_level_phase(agent_struct*)+0x7f9
C  [libSoar.so+0x1f1318]  run_for_n_decision_cycles(agent_struct*, long)+0xb8
C  [libSoar.so+0x380f5d]  sml::AgentSML::Step(sml::smlRunStepSize)+0x109
C  [libSoar.so+0x380d95]  sml::AgentSML::StepInClientThread(sml::smlRunStepSize)+0x43
C  [libSoar.so+0x391d66]  sml::RunScheduler::RunScheduledAgents(bool, sml::smlRunStepSize, unsigned long, sml::smlRunFlags, sml::smlRunStepSize, bool)+0x348
C  [libSoar.so+0x41d2d0]  cli::CommandLineInterface::DoRun(std::bitset<10ul> const&, int, cli::Cli::eRunInterleaveMode)+0x332
C  [libSoar.so+0x43e338]  cli::RunCommand::Parse(std::vector<std::string, std::allocator<std::string> >&)+0x67a
C  [libSoar.so+0x42e86f]  cli::Parser::handle_command(std::vector<std::string, std::allocator<std::string> >&)+0x91
C  [libSoar.so+0x42d596]  soar::tokenizer::parse_command()+0x1d0
C  [libSoar.so+0x42d33c]  soar::tokenizer::evaluate(char const*)+0x60
C  [libSoar.so+0x42080b]  cli::CommandLineInterface::Source(char const*, bool)+0x61
C  [libSoar.so+0x42ab13]  cli::CommandLineInterface::DoCommand(sml::Connection*, sml::AgentSML*, char const*, bool, bool, soarxml::ElementXML*)+0x11d
C  [libSoar.so+0x38c0e9]  sml::KernelSML::HandleCommandLine(sml::AgentSML*, char const*, sml::Connection*, sml::AnalyzeXML*, soarxml::ElementXML*)+0x481
C  [libSoar.so+0x3883c3]  sml::KernelSML::ProcessCommand(char const*, sml::Connection*, sml::AnalyzeXML*, soarxml::ElementXML*)+0x325
C  [libSoar.so+0x38868f]  sml::KernelSML::ProcessIncomingSML(sml::Connection*, soarxml::ElementXML*)+0x119
C  [libSoar.so+0x37f1c0]  ReceivedCall(sml::Connection*, soarxml::ElementXML*, void*)+0x3b
C  [libSoar.so+0x3f70d8]  sml::Callback::Invoke(soarxml::ElementXML*)+0x30
C  [libSoar.so+0x3f0dcb]  sml::Connection::InvokeCallbacks(soarxml::ElementXML*)+0x105
C  [libSoar.so+0x3f446d]  sml::RemoteConnection::ReceiveMessages(bool, int, int)+0x229
C  [libSoar.so+0x3f4241]  sml::RemoteConnection::ReceiveMessages(bool)+0x2b
C  [libSoar.so+0x385655]  sml::ConnectionManager::ReceiveAllMessages()+0x6f
C  [libSoar.so+0x38e062]  sml::ReceiverThread::Run()+0x2e
C  [libSoar.so+0x3f6d7d]  ThreadStartFunction(void*)+0x2b
C  [libSoar.so+0x3f6c35]  LinuxThreadFunc(void*)+0x28


---------------  P R O C E S S  ---------------

VM state:not at safepoint (normal execution)

VM Mutex/Monitor currently owned by a thread: None

Heap
 PSYoungGen      total 262464K, used 68141K [0x00000007d6c00000, 0x00000007f0900000, 0x0000000800000000)
  eden space 253184K, 24% used [0x00000007d6c00000,0x00000007da972b30,0x00000007e6340000)
  from space 9280K, 56% used [0x00000007e6340000,0x00000007e68589b8,0x00000007e6c50000)
  to   space 8896K, 0% used [0x00000007f0050000,0x00000007f0050000,0x00000007f0900000)
 ParOldGen       total 84480K, used 10390K [0x0000000784400000, 0x0000000789680000, 0x00000007d6c00000)
  object space 84480K, 12% used [0x0000000784400000,0x0000000784e25bc0,0x0000000789680000)
 PSPermGen       total 21248K, used 19100K [0x0000000779e00000, 0x000000077b2c0000, 0x0000000784400000)
  object space 21248K, 89% used [0x0000000779e00000,0x000000077b0a72f0,0x000000077b2c0000)

Card table byte_map: [0x00007fc66dbd5000,0x00007fc66e007000] byte_map_base: 0x00007fc66a006000

Polling page: 0x00007fc671399000

Code Cache  [0x00007fc665000000, 0x00007fc665270000, 0x00007fc668000000)
 total_blobs=1007 nmethods=456 adapters=503 free_code_cache=47353Kb largest_free_block=48450176

Compilation events (10 events):
Event: 259.388 Thread 0x00007fc668119800  470             java.util.HashMap$KeySet::<init> (6 bytes)
Event: 259.388 Thread 0x00007fc668116800  471             java.util.HashMap$KeySet::<init> (10 bytes)
Event: 259.388 Thread 0x00007fc668119800 nmethod 470 0x00007fc6651b2a90 code [0x00007fc6651b2bc0, 0x00007fc6651b2c38]
Event: 259.389 Thread 0x00007fc668116800 nmethod 471 0x00007fc6651b4950 code [0x00007fc6651b4a80, 0x00007fc6651b4af8]
Event: 297.759 Thread 0x00007fc668119800  472             java.lang.ThreadLocal::getMap (5 bytes)
Event: 297.760 Thread 0x00007fc668119800 nmethod 472 0x00007fc66507c090 code [0x00007fc66507c1c0, 0x00007fc66507c238]
Event: 298.482 Thread 0x00007fc668116800  473             java.util.HashSet::remove (20 bytes)
Event: 298.493 Thread 0x00007fc668116800 nmethod 473 0x00007fc6651a49d0 code [0x00007fc6651a4b60, 0x00007fc6651a50a8]
Event: 301.640 Thread 0x00007fc668119800  474             java.lang.String::toLowerCase (8 bytes)
Event: 301.641 Thread 0x00007fc668119800 nmethod 474 0x00007fc6651a4710 code [0x00007fc6651a4860, 0x00007fc6651a4928]

GC Heap History (10 events):
Event: 1.692 GC heap before
{Heap before GC invocations=5 (full 0):
 PSYoungGen      total 68608K, used 68608K [0x00000007d6c00000, 0x00000007db420000, 0x0000000800000000)
  eden space 63360K, 100% used [0x00000007d6c00000,0x00000007da9e0000,0x00000007da9e0000)
  from space 5248K, 100% used [0x00000007daf00000,0x00000007db420000,0x00000007db420000)
  to   space 5248K, 0% used [0x00000007da9e0000,0x00000007da9e0000,0x00000007daf00000)
 ParOldGen       total 84480K, used 4110K [0x0000000784400000, 0x0000000789680000, 0x00000007d6c00000)
  object space 84480K, 4% used [0x0000000784400000,0x0000000784803b60,0x0000000789680000)
 PSPermGen       total 21248K, used 3568K [0x0000000779e00000, 0x000000077b2c0000, 0x0000000784400000)
  object space 21248K, 16% used [0x0000000779e00000,0x000000077a17c2f8,0x000000077b2c0000)
Event: 1.715 GC heap after
Heap after GC invocations=5 (full 0):
 PSYoungGen      total 68608K, used 5232K [0x00000007d6c00000, 0x00000007df820000, 0x0000000800000000)
  eden space 63360K, 0% used [0x00000007d6c00000,0x00000007d6c00000,0x00000007da9e0000)
  from space 5248K, 99% used [0x00000007da9e0000,0x00000007daefc010,0x00000007daf00000)
  to   space 8384K, 0% used [0x00000007deff0000,0x00000007deff0000,0x00000007df820000)
 ParOldGen       total 84480K, used 5222K [0x0000000784400000, 0x0000000789680000, 0x00000007d6c00000)
  object space 84480K, 6% used [0x0000000784400000,0x0000000784919b60,0x0000000789680000)
 PSPermGen       total 21248K, used 3568K [0x0000000779e00000, 0x000000077b2c0000, 0x0000000784400000)
  object space 21248K, 16% used [0x0000000779e00000,0x000000077a17c2f8,0x000000077b2c0000)
}
Event: 1.944 GC heap before
{Heap before GC invocations=6 (full 0):
 PSYoungGen      total 68608K, used 68592K [0x00000007d6c00000, 0x00000007df820000, 0x0000000800000000)
  eden space 63360K, 100% used [0x00000007d6c00000,0x00000007da9e0000,0x00000007da9e0000)
  from space 5248K, 99% used [0x00000007da9e0000,0x00000007daefc010,0x00000007daf00000)
  to   space 8384K, 0% used [0x00000007deff0000,0x00000007deff0000,0x00000007df820000)
 ParOldGen       total 84480K, used 5222K [0x0000000784400000, 0x0000000789680000, 0x00000007d6c00000)
  object space 84480K, 6% used [0x0000000784400000,0x0000000784919b60,0x0000000789680000)
 PSPermGen       total 21248K, used 3568K [0x0000000779e00000, 0x000000077b2c0000, 0x0000000784400000)
  object space 21248K, 16% used [0x0000000779e00000,0x000000077a17c2f8,0x000000077b2c0000)
Event: 1.958 GC heap after
Heap after GC invocations=6 (full 0):
 PSYoungGen      total 134720K, used 5808K [0x00000007d6c00000, 0x00000007df7c0000, 0x0000000800000000)
  eden space 126720K, 0% used [0x00000007d6c00000,0x00000007d6c00000,0x00000007de7c0000)
  from space 8000K, 72% used [0x00000007deff0000,0x00000007df59c010,0x00000007df7c0000)
  to   space 8192K, 0% used [0x00000007de7c0000,0x00000007de7c0000,0x00000007defc0000)
 ParOldGen       total 84480K, used 5222K [0x0000000784400000, 0x0000000789680000, 0x00000007d6c00000)
  object space 84480K, 6% used [0x0000000784400000,0x0000000784919b60,0x0000000789680000)
 PSPermGen       total 21248K, used 3568K [0x0000000779e00000, 0x000000077b2c0000, 0x0000000784400000)
  object space 21248K, 16% used [0x0000000779e00000,0x000000077a17c2f8,0x000000077b2c0000)
}
Event: 2.442 GC heap before
{Heap before GC invocations=7 (full 0):
 PSYoungGen      total 134720K, used 132528K [0x00000007d6c00000, 0x00000007df7c0000, 0x0000000800000000)
  eden space 126720K, 100% used [0x00000007d6c00000,0x00000007de7c0000,0x00000007de7c0000)
  from space 8000K, 72% used [0x00000007deff0000,0x00000007df59c010,0x00000007df7c0000)
  to   space 8192K, 0% used [0x00000007de7c0000,0x00000007de7c0000,0x00000007defc0000)
 ParOldGen       total 84480K, used 5222K [0x0000000784400000, 0x0000000789680000, 0x00000007d6c00000)
  object space 84480K, 6% used [0x0000000784400000,0x0000000784919b60,0x0000000789680000)
 PSPermGen       total 21248K, used 3568K [0x0000000779e00000, 0x000000077b2c0000, 0x0000000784400000)
  object space 21248K, 16% used [0x0000000779e00000,0x000000077a17c2f8,0x000000077b2c0000)
Event: 2.456 GC heap after
Heap after GC invocations=7 (full 0):
 PSYoungGen      total 134912K, used 1312K [0x00000007d6c00000, 0x00000007e7520000, 0x0000000800000000)
  eden space 126720K, 0% used [0x00000007d6c00000,0x00000007d6c00000,0x00000007de7c0000)
  from space 8192K, 16% used [0x00000007de7c0000,0x00000007de908000,0x00000007defc0000)
  to   space 9024K, 0% used [0x00000007e6c50000,0x00000007e6c50000,0x00000007e7520000)
 ParOldGen       total 84480K, used 10214K [0x0000000784400000, 0x0000000789680000, 0x00000007d6c00000)
  object space 84480K, 12% used [0x0000000784400000,0x0000000784df9bc0,0x0000000789680000)
 PSPermGen       total 21248K, used 3568K [0x0000000779e00000, 0x000000077b2c0000, 0x0000000784400000)
  object space 21248K, 16% used [0x0000000779e00000,0x000000077a17c2f8,0x000000077b2c0000)
}
Event: 2.878 GC heap before
{Heap before GC invocations=8 (full 0):
 PSYoungGen      total 134912K, used 128032K [0x00000007d6c00000, 0x00000007e7520000, 0x0000000800000000)
  eden space 126720K, 100% used [0x00000007d6c00000,0x00000007de7c0000,0x00000007de7c0000)
  from space 8192K, 16% used [0x00000007de7c0000,0x00000007de908000,0x00000007defc0000)
  to   space 9024K, 0% used [0x00000007e6c50000,0x00000007e6c50000,0x00000007e7520000)
 ParOldGen       total 84480K, used 10214K [0x0000000784400000, 0x0000000789680000, 0x00000007d6c00000)
  object space 84480K, 12% used [0x0000000784400000,0x0000000784df9bc0,0x0000000789680000)
 PSPermGen       total 21248K, used 3568K [0x0000000779e00000, 0x000000077b2c0000, 0x0000000784400000)
  object space 21248K, 16% used [0x0000000779e00000,0x000000077a17c2f8,0x000000077b2c0000)
Event: 2.884 GC heap after
Heap after GC invocations=8 (full 0):
 PSYoungGen      total 262208K, used 1856K [0x00000007d6c00000, 0x00000007e75a0000, 0x0000000800000000)
  eden space 253184K, 0% used [0x00000007d6c00000,0x00000007d6c00000,0x00000007e6340000)
  from space 9024K, 20% used [0x00000007e6c50000,0x00000007e6e20000,0x00000007e7520000)
  to   space 9280K, 0% used [0x00000007e6340000,0x00000007e6340000,0x00000007e6c50000)
 ParOldGen       total 84480K, used 10238K [0x0000000784400000, 0x0000000789680000, 0x00000007d6c00000)
  object space 84480K, 12% used [0x0000000784400000,0x0000000784dffbc0,0x0000000789680000)
 PSPermGen       total 21248K, used 3568K [0x0000000779e00000, 0x000000077b2c0000, 0x0000000784400000)
  object space 21248K, 16% used [0x0000000779e00000,0x000000077a17c2f8,0x000000077b2c0000)
}
Event: 156.326 GC heap before
{Heap before GC invocations=9 (full 0):
 PSYoungGen      total 262208K, used 255040K [0x00000007d6c00000, 0x00000007e75a0000, 0x0000000800000000)
  eden space 253184K, 100% used [0x00000007d6c00000,0x00000007e6340000,0x00000007e6340000)
  from space 9024K, 20% used [0x00000007e6c50000,0x00000007e6e20000,0x00000007e7520000)
  to   space 9280K, 0% used [0x00000007e6340000,0x00000007e6340000,0x00000007e6c50000)
 ParOldGen       total 84480K, used 10238K [0x0000000784400000, 0x0000000789680000, 0x00000007d6c00000)
  object space 84480K, 12% used [0x0000000784400000,0x0000000784dffbc0,0x0000000789680000)
 PSPermGen       total 21248K, used 19091K [0x0000000779e00000, 0x000000077b2c0000, 0x0000000784400000)
  object space 21248K, 89% used [0x0000000779e00000,0x000000077b0a4fc0,0x000000077b2c0000)
Event: 156.336 GC heap after
Heap after GC invocations=9 (full 0):
 PSYoungGen      total 262464K, used 5218K [0x00000007d6c00000, 0x00000007f0900000, 0x0000000800000000)
  eden space 253184K, 0% used [0x00000007d6c00000,0x00000007d6c00000,0x00000007e6340000)
  from space 9280K, 56% used [0x00000007e6340000,0x00000007e68589b8,0x00000007e6c50000)
  to   space 8896K, 0% used [0x00000007f0050000,0x00000007f0050000,0x00000007f0900000)
 ParOldGen       total 84480K, used 10390K [0x0000000784400000, 0x0000000789680000, 0x00000007d6c00000)
  object space 84480K, 12% used [0x0000000784400000,0x0000000784e25bc0,0x0000000789680000)
 PSPermGen       total 21248K, used 19091K [0x0000000779e00000, 0x000000077b2c0000, 0x0000000784400000)
  object space 21248K, 89% used [0x0000000779e00000,0x000000077b0a4fc0,0x000000077b2c0000)
}

Deoptimization events (10 events):
Event: 47.847 Thread 0x00007fc5f00dc800 Uncommon trap -58 fr.pc 0x00007fc6651218fc
Event: 47.847 Thread 0x00007fc5f00dc800 Uncommon trap -58 fr.pc 0x00007fc665128548
Event: 47.847 Thread 0x00007fc5f00dc800 Uncommon trap -58 fr.pc 0x00007fc6651218fc
Event: 47.854 Thread 0x00007fc5f00dc800 Uncommon trap -58 fr.pc 0x00007fc6651218fc
Event: 47.854 Thread 0x00007fc5f00dc800 Uncommon trap -58 fr.pc 0x00007fc665128548
Event: 47.854 Thread 0x00007fc5f00dc800 Uncommon trap -58 fr.pc 0x00007fc6651218fc
Event: 47.854 Thread 0x00007fc5f00dc800 Uncommon trap -58 fr.pc 0x00007fc665128548
Event: 47.855 Thread 0x00007fc5f00dc800 Uncommon trap -58 fr.pc 0x00007fc665128548
Event: 78.780 Thread 0x00007fc5f4135000 Uncommon trap -83 fr.pc 0x00007fc66516cd54
Event: 78.780 Thread 0x00007fc5f4135000 Uncommon trap -83 fr.pc 0x00007fc66515a25c

Internal exceptions (10 events):
Event: 47.850 Thread 0x00007fc5f00dc800 Threw 0x00000007e186d7a0 at /build/buildd/openjdk-7-7u25-2.3.10/build/openjdk/hotspot/src/share/vm/prims/jvm.cpp:1235
Event: 47.850 Thread 0x00007fc5f00dc800 Threw 0x00000007e1870ab8 at /build/buildd/openjdk-7-7u25-2.3.10/build/openjdk/hotspot/src/share/vm/prims/jvm.cpp:1235
Event: 47.851 Thread 0x00007fc5f00dc800 Threw 0x00000007e1874110 at /build/buildd/openjdk-7-7u25-2.3.10/build/openjdk/hotspot/src/share/vm/prims/jvm.cpp:1235
Event: 47.851 Thread 0x00007fc5f00dc800 Threw 0x00000007e1876fd8 at /build/buildd/openjdk-7-7u25-2.3.10/build/openjdk/hotspot/src/share/vm/prims/jvm.cpp:1235
Event: 47.852 Thread 0x00007fc5f00dc800 Threw 0x00000007e187a0a0 at /build/buildd/openjdk-7-7u25-2.3.10/build/openjdk/hotspot/src/share/vm/prims/jvm.cpp:1235
Event: 47.852 Thread 0x00007fc5f00dc800 Threw 0x00000007e187d1e0 at /build/buildd/openjdk-7-7u25-2.3.10/build/openjdk/hotspot/src/share/vm/prims/jvm.cpp:1235
Event: 47.853 Thread 0x00007fc5f00dc800 Threw 0x00000007e18801b8 at /build/buildd/openjdk-7-7u25-2.3.10/build/openjdk/hotspot/src/share/vm/prims/jvm.cpp:1235
Event: 54.632 Thread 0x00007fc5f00dc800 Threw 0x00000007e26372b0 at /build/buildd/openjdk-7-7u25-2.3.10/build/openjdk/hotspot/src/share/vm/prims/jvm.cpp:1235
Event: 78.780 Thread 0x00007fc5f4135000 Implicit null exception at 0x00007fc66516ccb5 to 0x00007fc66516cd39
Event: 78.780 Thread 0x00007fc5f4135000 Implicit null exception at 0x00007fc665155908 to 0x00007fc66515a1dd

Events (10 events):
Event: 156.343 Executing VM operation: BulkRevokeBias done
Event: 156.343 Executing VM operation: RevokeBias
Event: 156.343 Executing VM operation: RevokeBias done
Event: 156.344 Executing VM operation: RevokeBias
Event: 156.344 Executing VM operation: RevokeBias done
Event: 156.344 Executing VM operation: BulkRevokeBias
Event: 156.344 Executing VM operation: BulkRevokeBias done
Event: 156.344 Executing VM operation: RevokeBias
Event: 156.344 Executing VM operation: RevokeBias done
Event: 214.249 Thread 0x00007fc668119800 flushing nmethod 0x00007fc66507ab90


Dynamic libraries:
00400000-00401000 r-xp 00000000 08:01 4466528                            /usr/lib/jvm/java-7-openjdk-amd64/jre/bin/java
00600000-00601000 r--p 00000000 08:01 4466528                            /usr/lib/jvm/java-7-openjdk-amd64/jre/bin/java
00601000-00602000 rw-p 00001000 08:01 4466528                            /usr/lib/jvm/java-7-openjdk-amd64/jre/bin/java
01f41000-01f62000 rw-p 00000000 00:00 0                                  [heap]
779e00000-77b2c0000 rw-p 00000000 00:00 0 
77b2c0000-784400000 rw-p 00000000 00:00 0 
784400000-789680000 rw-p 00000000 00:00 0 
789680000-7d6c00000 rw-p 00000000 00:00 0 
7d6c00000-7f0900000 rw-p 00000000 00:00 0 
7f0900000-800000000 rw-p 00000000 00:00 0 
7fc5e0000000-7fc5e0021000 rw-p 00000000 00:00 0 
7fc5e0021000-7fc5e4000000 ---p 00000000 00:00 0 
7fc5e4000000-7fc5e4021000 rw-p 00000000 00:00 0 
7fc5e4021000-7fc5e8000000 ---p 00000000 00:00 0 
7fc5e8000000-7fc5e8021000 rw-p 00000000 00:00 0 
7fc5e8021000-7fc5ec000000 ---p 00000000 00:00 0 
7fc5ec000000-7fc5ec021000 rw-p 00000000 00:00 0 
7fc5ec021000-7fc5f0000000 ---p 00000000 00:00 0 
7fc5f0000000-7fc5f01ac000 rw-p 00000000 00:00 0 
7fc5f01ac000-7fc5f4000000 ---p 00000000 00:00 0 
7fc5f4000000-7fc5f41b0000 rw-p 00000000 00:00 0 
7fc5f41b0000-7fc5f8000000 ---p 00000000 00:00 0 
7fc5f8000000-7fc5f8021000 rw-p 00000000 00:00 0 
7fc5f8021000-7fc5fc000000 ---p 00000000 00:00 0 
7fc5fc000000-7fc5fc021000 rw-p 00000000 00:00 0 
7fc5fc021000-7fc600000000 ---p 00000000 00:00 0 
7fc600000000-7fc600021000 rw-p 00000000 00:00 0 
7fc600021000-7fc604000000 ---p 00000000 00:00 0 
7fc604000000-7fc604021000 rw-p 00000000 00:00 0 
7fc604021000-7fc608000000 ---p 00000000 00:00 0 
7fc60860e000-7fc608b03000 rw-p 00000000 00:00 0 
7fc608b03000-7fc608b06000 ---p 00000000 00:00 0 
7fc608b06000-7fc608c04000 rw-p 00000000 00:00 0 
7fc608c04000-7fc608c07000 ---p 00000000 00:00 0 
7fc608c07000-7fc608d05000 rw-p 00000000 00:00 0 
7fc608d05000-7fc608d08000 ---p 00000000 00:00 0 
7fc608d08000-7fc608e06000 rw-p 00000000 00:00 0 
7fc608e06000-7fc608e09000 ---p 00000000 00:00 0 
7fc608e09000-7fc608f07000 rw-p 00000000 00:00 0                          [stack:12334]
7fc608f07000-7fc609050000 rw-s 00000000 00:04 203096138                  /SYSV00000000 (deleted)
7fc609095000-7fc609098000 ---p 00000000 00:00 0 
7fc609098000-7fc609196000 rw-p 00000000 00:00 0 
7fc609196000-7fc6091a6000 r-xp 00000000 08:01 4466495                    /usr/lib/jvm/java-7-openjdk-amd64/jre/lib/amd64/libnio.so
7fc6091a6000-7fc6093a6000 ---p 00010000 08:01 4466495                    /usr/lib/jvm/java-7-openjdk-amd64/jre/lib/amd64/libnio.so
7fc6093a6000-7fc6093a7000 r--p 00010000 08:01 4466495                    /usr/lib/jvm/java-7-openjdk-amd64/jre/lib/amd64/libnio.so
7fc6093a7000-7fc6093a8000 rw-p 00011000 08:01 4466495                    /usr/lib/jvm/java-7-openjdk-amd64/jre/lib/amd64/libnio.so
7fc6093a8000-7fc6093f4000 r-xp 00000000 08:01 4466507                    /usr/lib/jvm/java-7-openjdk-amd64/jre/lib/amd64/libfontmanager.so
7fc6093f4000-7fc6095f3000 ---p 0004c000 08:01 4466507                    /usr/lib/jvm/java-7-openjdk-amd64/jre/lib/amd64/libfontmanager.so
7fc6095f3000-7fc6095f6000 r--p 0004b000 08:01 4466507                    /usr/lib/jvm/java-7-openjdk-amd64/jre/lib/amd64/libfontmanager.so
7fc6095f6000-7fc6095f7000 rw-p 0004e000 08:01 4466507                    /usr/lib/jvm/java-7-openjdk-amd64/jre/lib/amd64/libfontmanager.so
7fc6095f7000-7fc6095fa000 ---p 00000000 00:00 0 
7fc6095fa000-7fc6096f8000 rw-p 00000000 00:00 0                          [stack:12332]
7fc6096f8000-7fc6096fb000 ---p 00000000 00:00 0 
7fc6096fb000-7fc6097f9000 rw-p 00000000 00:00 0                          [stack:12331]
7fc6097f9000-7fc60a968000 r-xp 00000000 08:01 4463905                    /usr/lib/x86_64-linux-gnu/libicudata.so.48.1.1
7fc60a968000-7fc60ab67000 ---p 0116f000 08:01 4463905                    /usr/lib/x86_64-linux-gnu/libicudata.so.48.1.1
7fc60ab67000-7fc60ab68000 r--p 0116e000 08:01 4463905                    /usr/lib/x86_64-linux-gnu/libicudata.so.48.1.1
7fc60ab68000-7fc60ab69000 rw-p 0116f000 08:01 4463905                    /usr/lib/x86_64-linux-gnu/libicudata.so.48.1.1
7fc60ab69000-7fc60ab6c000 r-xp 00000000 08:01 6033033                    /lib/x86_64-linux-gnu/libgpg-error.so.0.8.0
7fc60ab6c000-7fc60ad6b000 ---p 00003000 08:01 6033033                    /lib/x86_64-linux-gnu/libgpg-error.so.0.8.0
7fc60ad6b000-7fc60ad6c000 r--p 00002000 08:01 6033033                    /lib/x86_64-linux-gnu/libgpg-error.so.0.8.0
7fc60ad6c000-7fc60ad6d000 rw-p 00003000 08:01 6033033                    /lib/x86_64-linux-gnu/libgpg-error.so.0.8.0
7fc60ad6d000-7fc60ad6f000 r-xp 00000000 08:01 6033044                    /lib/x86_64-linux-gnu/libkeyutils.so.1.4
7fc60ad6f000-7fc60af6f000 ---p 00002000 08:01 6033044                    /lib/x86_64-linux-gnu/libkeyutils.so.1.4
7fc60af6f000-7fc60af70000 r--p 00002000 08:01 6033044                    /lib/x86_64-linux-gnu/libkeyutils.so.1.4
7fc60af70000-7fc60af71000 rw-p 00003000 08:01 6033044                    /lib/x86_64-linux-gnu/libkeyutils.so.1.4
7fc60af71000-7fc60b0c7000 r-xp 00000000 08:01 4463919                    /usr/lib/x86_64-linux-gnu/libicuuc.so.48.1.1
7fc60b0c7000-7fc60b2c6000 ---p 00156000 08:01 4463919                    /usr/lib/x86_64-linux-gnu/libicuuc.so.48.1.1
7fc60b2c6000-7fc60b2d7000 r--p 00155000 08:01 4463919                    /usr/lib/x86_64-linux-gnu/libicuuc.so.48.1.1
7fc60b2d7000-7fc60b2d8000 rw-p 00166000 08:01 4463919                    /usr/lib/x86_64-linux-gnu/libicuuc.so.48.1.1
7fc60b2d8000-7fc60b2dc000 rw-p 00000000 00:00 0 
7fc60b2dc000-7fc60b30e000 r-xp 00000000 08:01 4463911                    /usr/lib/x86_64-linux-gnu/libicule.so.48.1.1
7fc60b30e000-7fc60b50e000 ---p 00032000 08:01 4463911                    /usr/lib/x86_64-linux-gnu/libicule.so.48.1.1
7fc60b50e000-7fc60b510000 r--p 00032000 08:01 4463911                    /usr/lib/x86_64-linux-gnu/libicule.so.48.1.1
7fc60b510000-7fc60b511000 rw-p 00034000 08:01 4463911                    /usr/lib/x86_64-linux-gnu/libicule.so.48.1.1
7fc60b511000-7fc60b554000 r-xp 00000000 08:01 6029336                    /lib/x86_64-linux-gnu/libdbus-1.so.3.7.2
7fc60b554000-7fc60b753000 ---p 00043000 08:01 6029336                    /lib/x86_64-linux-gnu/libdbus-1.so.3.7.2
7fc60b753000-7fc60b754000 r--p 00042000 08:01 6029336                    /lib/x86_64-linux-gnu/libdbus-1.so.3.7.2
7fc60b754000-7fc60b755000 rw-p 00043000 08:01 6029336                    /lib/x86_64-linux-gnu/libdbus-1.so.3.7.2
7fc60b755000-7fc60b767000 r-xp 00000000 08:01 4464044                    /usr/lib/x86_64-linux-gnu/libp11-kit.so.0.0.0
7fc60b767000-7fc60b967000 ---p 00012000 08:01 4464044                    /usr/lib/x86_64-linux-gnu/libp11-kit.so.0.0.0
7fc60b967000-7fc60b968000 r--p 00012000 08:01 4464044                    /usr/lib/x86_64-linux-gnu/libp11-kit.so.0.0.0
7fc60b968000-7fc60b969000 rw-p 00013000 08:01 4464044                    /usr/lib/x86_64-linux-gnu/libp11-kit.so.0.0.0
7fc60b969000-7fc60b978000 r-xp 00000000 08:01 4464202                    /usr/lib/x86_64-linux-gnu/libtasn1.so.3.2.0
7fc60b978000-7fc60bb78000 ---p 0000f000 08:01 4464202                    /usr/lib/x86_64-linux-gnu/libtasn1.so.3.2.0
7fc60bb78000-7fc60bb79000 r--p 0000f000 08:01 4464202                    /usr/lib/x86_64-linux-gnu/libtasn1.so.3.2.0
7fc60bb79000-7fc60bb7a000 rw-p 00010000 08:01 4464202                    /usr/lib/x86_64-linux-gnu/libtasn1.so.3.2.0
7fc60bb7a000-7fc60bbf4000 r-xp 00000000 08:01 6031341                    /lib/x86_64-linux-gnu/libgcrypt.so.11.7.0
7fc60bbf4000-7fc60bdf4000 ---p 0007a000 08:01 6031341                    /lib/x86_64-linux-gnu/libgcrypt.so.11.7.0
7fc60bdf4000-7fc60bdf5000 r--p 0007a000 08:01 6031341                    /lib/x86_64-linux-gnu/libgcrypt.so.11.7.0
7fc60bdf5000-7fc60bdf8000 rw-p 0007b000 08:01 6031341                    /lib/x86_64-linux-gnu/libgcrypt.so.11.7.0
7fc60bdf8000-7fc60bdff000 r-xp 00000000 08:01 4463954                    /usr/lib/x86_64-linux-gnu/libkrb5support.so.0.1
7fc60bdff000-7fc60bffe000 ---p 00007000 08:01 4463954                    /usr/lib/x86_64-linux-gnu/libkrb5support.so.0.1
7fc60bffe000-7fc60bfff000 r--p 00006000 08:01 4463954                    /usr/lib/x86_64-linux-gnu/libkrb5support.so.0.1
7fc60bfff000-7fc60c000000 rw-p 00007000 08:01 4463954                    /usr/lib/x86_64-linux-gnu/libkrb5support.so.0.1
7fc60c000000-7fc60c021000 rw-p 00000000 00:00 0 
7fc60c021000-7fc610000000 ---p 00000000 00:00 0 
7fc610000000-7fc611f0b000 rw-p 00000000 00:00 0 
7fc611f0b000-7fc614000000 ---p 00000000 00:00 0 
7fc614000000-7fc614021000 rw-p 00000000 00:00 0 
7fc614021000-7fc618000000 ---p 00000000 00:00 0 
7fc618000000-7fc618021000 rw-p 00000000 00:00 0 
7fc618021000-7fc61c000000 ---p 00000000 00:00 0 
7fc61c000000-7fc61d6a6000 rw-p 00000000 00:00 0 
7fc61d6a6000-7fc620000000 ---p 00000000 00:00 0 
7fc620000000-7fc621350000 rw-p 00000000 00:00 0 
7fc621350000-7fc624000000 ---p 00000000 00:00 0 
7fc624000000-7fc624021000 rw-p 00000000 00:00 0 
7fc624021000-7fc628000000 ---p 00000000 00:00 0 
7fc628000000-7fc628021000 rw-p 00000000 00:00 0 
7fc628021000-7fc62c000000 ---p 00000000 00:00 0 
7fc62c000000-7fc62c021000 rw-p 00000000 00:00 0 
7fc62c021000-7fc630000000 ---p 00000000 00:00 0 
7fc630023000-7fc630026000 ---p 00000000 00:00 0 
7fc630026000-7fc630124000 rw-p 00000000 00:00 0                          [stack:12330]
7fc630124000-7fc630127000 r-xp 00000000 08:01 6033009                    /lib/x86_64-linux-gnu/libcom_err.so.2.1
7fc630127000-7fc630326000 ---p 00003000 08:01 6033009                    /lib/x86_64-linux-gnu/libcom_err.so.2.1
7fc630326000-7fc630327000 r--p 00002000 08:01 6033009                    /lib/x86_64-linux-gnu/libcom_err.so.2.1
7fc630327000-7fc630328000 rw-p 00003000 08:01 6033009                    /lib/x86_64-linux-gnu/libcom_err.so.2.1
7fc630328000-7fc63034e000 r-xp 00000000 08:01 4463948                    /usr/lib/x86_64-linux-gnu/libk5crypto.so.3.1
7fc63034e000-7fc63054e000 ---p 00026000 08:01 4463948                    /usr/lib/x86_64-linux-gnu/libk5crypto.so.3.1
7fc63054e000-7fc63054f000 r--p 00026000 08:01 4463948                    /usr/lib/x86_64-linux-gnu/libk5crypto.so.3.1
7fc63054f000-7fc630550000 rw-p 00027000 08:01 4463948                    /usr/lib/x86_64-linux-gnu/libk5crypto.so.3.1
7fc630550000-7fc630551000 rw-p 00000000 00:00 0 
7fc630551000-7fc630615000 r-xp 00000000 08:01 4463952                    /usr/lib/x86_64-linux-gnu/libkrb5.so.3.3
7fc630615000-7fc630814000 ---p 000c4000 08:01 4463952                    /usr/lib/x86_64-linux-gnu/libkrb5.so.3.3
7fc630814000-7fc63081e000 r--p 000c3000 08:01 4463952                    /usr/lib/x86_64-linux-gnu/libkrb5.so.3.3
7fc63081e000-7fc63081f000 rw-p 000cd000 08:01 4463952                    /usr/lib/x86_64-linux-gnu/libkrb5.so.3.3
7fc63081f000-7fc6308b4000 r-xp 00000000 08:01 4463889                    /usr/lib/x86_64-linux-gnu/libharfbuzz.so.0.913.0
7fc6308b4000-7fc630ab3000 ---p 00095000 08:01 4463889                    /usr/lib/x86_64-linux-gnu/libharfbuzz.so.0.913.0
7fc630ab3000-7fc630ab5000 r--p 00094000 08:01 4463889                    /usr/lib/x86_64-linux-gnu/libharfbuzz.so.0.913.0
7fc630ab5000-7fc630ab6000 rw-p 00096000 08:01 4463889                    /usr/lib/x86_64-linux-gnu/libharfbuzz.so.0.913.0
7fc630ab6000-7fc630abe000 r-xp 00000000 08:01 4463414                    /usr/lib/x86_64-linux-gnu/libxcb-render.so.0.0.0
7fc630abe000-7fc630cbe000 ---p 00008000 08:01 4463414                    /usr/lib/x86_64-linux-gnu/libxcb-render.so.0.0.0
7fc630cbe000-7fc630cbf000 r--p 00008000 08:01 4463414                    /usr/lib/x86_64-linux-gnu/libxcb-render.so.0.0.0
7fc630cbf000-7fc630cc0000 rw-p 00009000 08:01 4463414                    /usr/lib/x86_64-linux-gnu/libxcb-render.so.0.0.0
7fc630cc0000-7fc630cc2000 r-xp 00000000 08:01 4464126                    /usr/lib/x86_64-linux-gnu/libxcb-shm.so.0.0.0
7fc630cc2000-7fc630ec1000 ---p 00002000 08:01 4464126                    /usr/lib/x86_64-linux-gnu/libxcb-shm.so.0.0.0
7fc630ec1000-7fc630ec2000 r--p 00001000 08:01 4464126                    /usr/lib/x86_64-linux-gnu/libxcb-shm.so.0.0.0
7fc630ec2000-7fc630ec3000 rw-p 00002000 08:01 4464126                    /usr/lib/x86_64-linux-gnu/libxcb-shm.so.0.0.0
7fc630ec3000-7fc630ee8000 r-xp 00000000 08:01 6033109                    /lib/x86_64-linux-gnu/libpng12.so.0.49.0
7fc630ee8000-7fc6310e7000 ---p 00025000 08:01 6033109                    /lib/x86_64-linux-gnu/libpng12.so.0.49.0
7fc6310e7000-7fc6310e8000 r--p 00024000 08:01 6033109                    /lib/x86_64-linux-gnu/libpng12.so.0.49.0
7fc6310e8000-7fc6310e9000 rw-p 00025000 08:01 6033109                    /lib/x86_64-linux-gnu/libpng12.so.0.49.0
7fc6310e9000-7fc631179000 r-xp 00000000 08:01 4464074                    /usr/lib/x86_64-linux-gnu/libpixman-1.so.0.28.2
7fc631179000-7fc631378000 ---p 00090000 08:01 4464074                    /usr/lib/x86_64-linux-gnu/libpixman-1.so.0.28.2
7fc631378000-7fc63137f000 r--p 0008f000 08:01 4464074                    /usr/lib/x86_64-linux-gnu/libpixman-1.so.0.28.2
7fc63137f000-7fc631380000 rw-p 00096000 08:01 4464074                    /usr/lib/x86_64-linux-gnu/libpixman-1.so.0.28.2
7fc631380000-7fc631385000 r-xp 00000000 08:01 4463438                    /usr/lib/x86_64-linux-gnu/libXdmcp.so.6.0.0
7fc631385000-7fc631584000 ---p 00005000 08:01 4463438                    /usr/lib/x86_64-linux-gnu/libXdmcp.so.6.0.0
7fc631584000-7fc631585000 r--p 00004000 08:01 4463438                    /usr/lib/x86_64-linux-gnu/libXdmcp.so.6.0.0
7fc631585000-7fc631586000 rw-p 00005000 08:01 4463438                    /usr/lib/x86_64-linux-gnu/libXdmcp.so.6.0.0
7fc631586000-7fc631588000 r-xp 00000000 08:01 4463427                    /usr/lib/x86_64-linux-gnu/libXau.so.6.0.0
7fc631588000-7fc631788000 ---p 00002000 08:01 4463427                    /usr/lib/x86_64-linux-gnu/libXau.so.6.0.0
7fc631788000-7fc631789000 r--p 00002000 08:01 4463427                    /usr/lib/x86_64-linux-gnu/libXau.so.6.0.0
7fc631789000-7fc63178a000 rw-p 00003000 08:01 4463427                    /usr/lib/x86_64-linux-gnu/libXau.so.6.0.0
7fc63178a000-7fc631799000 r-xp 00000000 08:01 4463513                    /usr/lib/x86_64-linux-gnu/libavahi-client.so.3.2.9
7fc631799000-7fc631999000 ---p 0000f000 08:01 4463513                    /usr/lib/x86_64-linux-gnu/libavahi-client.so.3.2.9
7fc631999000-7fc63199a000 r--p 0000f000 08:01 4463513                    /usr/lib/x86_64-linux-gnu/libavahi-client.so.3.2.9
7fc63199a000-7fc63199b000 rw-p 00010000 08:01 4463513                    /usr/lib/x86_64-linux-gnu/libavahi-client.so.3.2.9
7fc63199b000-7fc6319a6000 r-xp 00000000 08:01 4463515                    /usr/lib/x86_64-linux-gnu/libavahi-common.so.3.5.3
7fc6319a6000-7fc631ba5000 ---p 0000b000 08:01 4463515                    /usr/lib/x86_64-linux-gnu/libavahi-common.so.3.5.3
7fc631ba5000-7fc631ba6000 r--p 0000a000 08:01 4463515                    /usr/lib/x86_64-linux-gnu/libavahi-common.so.3.5.3
7fc631ba6000-7fc631ba7000 rw-p 0000b000 08:01 4463515                    /usr/lib/x86_64-linux-gnu/libavahi-common.so.3.5.3
7fc631ba7000-7fc631c5c000 r-xp 00000000 08:01 4463233                    /usr/lib/x86_64-linux-gnu/libgnutls.so.26.22.6
7fc631c5c000-7fc631e5b000 ---p 000b5000 08:01 4463233                    /usr/lib/x86_64-linux-gnu/libgnutls.so.26.22.6
7fc631e5b000-7fc631e61000 r--p 000b4000 08:01 4463233                    /usr/lib/x86_64-linux-gnu/libgnutls.so.26.22.6
7fc631e61000-7fc631e62000 rw-p 000ba000 08:01 4463233                    /usr/lib/x86_64-linux-gnu/libgnutls.so.26.22.6
7fc631e62000-7fc631e63000 rw-p 00000000 00:00 0 
7fc631e63000-7fc631e9e000 r-xp 00000000 08:01 4463791                    /usr/lib/x86_64-linux-gnu/libgssapi_krb5.so.2.2
7fc631e9e000-7fc63209e000 ---p 0003b000 08:01 4463791                    /usr/lib/x86_64-linux-gnu/libgssapi_krb5.so.2.2
7fc63209e000-7fc63209f000 r--p 0003b000 08:01 4463791                    /usr/lib/x86_64-linux-gnu/libgssapi_krb5.so.2.2
7fc63209f000-7fc6320a1000 rw-p 0003c000 08:01 4463791                    /usr/lib/x86_64-linux-gnu/libgssapi_krb5.so.2.2
7fc6320a1000-7fc6320c7000 r-xp 00000000 08:01 6033022                    /lib/x86_64-linux-gnu/libexpat.so.1.6.0
7fc6320c7000-7fc6322c7000 ---p 00026000 08:01 6033022                    /lib/x86_64-linux-gnu/libexpat.so.1.6.0
7fc6322c7000-7fc6322c9000 r--p 00026000 08:01 6033022                    /lib/x86_64-linux-gnu/libexpat.so.1.6.0
7fc6322c9000-7fc6322ca000 rw-p 00028000 08:01 6033022                    /lib/x86_64-linux-gnu/libexpat.so.1.6.0
7fc6322ca000-7fc632361000 r-xp 00000000 08:01 4463701                    /usr/lib/x86_64-linux-gnu/libfreetype.so.6.10.0
7fc632361000-7fc632560000 ---p 00097000 08:01 4463701                    /usr/lib/x86_64-linux-gnu/libfreetype.so.6.10.0
7fc632560000-7fc632566000 r--p 00096000 08:01 4463701                    /usr/lib/x86_64-linux-gnu/libfreetype.so.6.10.0
7fc632566000-7fc632567000 rw-p 0009c000 08:01 4463701                    /usr/lib/x86_64-linux-gnu/libfreetype.so.6.10.0
7fc632567000-7fc632569000 r-xp 00000000 08:01 4463436                    /usr/lib/x86_64-linux-gnu/libXdamage.so.1.1.0
7fc632569000-7fc632768000 ---p 00002000 08:01 4463436                    /usr/lib/x86_64-linux-gnu/libXdamage.so.1.1.0
7fc632768000-7fc632769000 r--p 00001000 08:01 4463436                    /usr/lib/x86_64-linux-gnu/libXdamage.so.1.1.0
7fc632769000-7fc63276a000 rw-p 00002000 08:01 4463436                    /usr/lib/x86_64-linux-gnu/libXdamage.so.1.1.0
7fc63276a000-7fc63276c000 r-xp 00000000 08:01 4463432                    /usr/lib/x86_64-linux-gnu/libXcomposite.so.1.0.0
7fc63276c000-7fc63296b000 ---p 00002000 08:01 4463432                    /usr/lib/x86_64-linux-gnu/libXcomposite.so.1.0.0
7fc63296b000-7fc63296c000 r--p 00001000 08:01 4463432                    /usr/lib/x86_64-linux-gnu/libXcomposite.so.1.0.0
7fc63296c000-7fc63296d000 rw-p 00002000 08:01 4463432                    /usr/lib/x86_64-linux-gnu/libXcomposite.so.1.0.0
7fc63296d000-7fc632976000 r-xp 00000000 08:01 4464222                    /usr/lib/x86_64-linux-gnu/libXcursor.so.1.0.2
7fc632976000-7fc632b76000 ---p 00009000 08:01 4464222                    /usr/lib/x86_64-linux-gnu/libXcursor.so.1.0.2
7fc632b76000-7fc632b77000 r--p 00009000 08:01 4464222                    /usr/lib/x86_64-linux-gnu/libXcursor.so.1.0.2
7fc632b77000-7fc632b78000 rw-p 0000a000 08:01 4464222                    /usr/lib/x86_64-linux-gnu/libXcursor.so.1.0.2
7fc632b78000-7fc632b81000 r-xp 00000000 08:01 4463453                    /usr/lib/x86_64-linux-gnu/libXrandr.so.2.2.0
7fc632b81000-7fc632d80000 ---p 00009000 08:01 4463453                    /usr/lib/x86_64-linux-gnu/libXrandr.so.2.2.0
7fc632d80000-7fc632d81000 r--p 00008000 08:01 4463453                    /usr/lib/x86_64-linux-gnu/libXrandr.so.2.2.0
7fc632d81000-7fc632d82000 rw-p 00009000 08:01 4463453                    /usr/lib/x86_64-linux-gnu/libXrandr.so.2.2.0
7fc632d82000-7fc632d84000 r-xp 00000000 08:01 4463765                    /usr/lib/x86_64-linux-gnu/libXinerama.so.1.0.0
7fc632d84000-7fc632f83000 ---p 00002000 08:01 4463765                    /usr/lib/x86_64-linux-gnu/libXinerama.so.1.0.0
7fc632f83000-7fc632f84000 r--p 00001000 08:01 4463765                    /usr/lib/x86_64-linux-gnu/libXinerama.so.1.0.0
7fc632f84000-7fc632f85000 rw-p 00002000 08:01 4463765                    /usr/lib/x86_64-linux-gnu/libXinerama.so.1.0.0
7fc632f85000-7fc632f98000 r-xp 00000000 08:01 4464056                    /usr/lib/x86_64-linux-gnu/libpangoft2-1.0.so.0.3200.5
7fc632f98000-7fc633197000 ---p 00013000 08:01 4464056                    /usr/lib/x86_64-linux-gnu/libpangoft2-1.0.so.0.3200.5
7fc633197000-7fc633198000 r--p 00012000 08:01 4464056                    /usr/lib/x86_64-linux-gnu/libpangoft2-1.0.so.0.3200.5
7fc633198000-7fc633199000 rw-p 00013000 08:01 4464056                    /usr/lib/x86_64-linux-gnu/libpangoft2-1.0.so.0.3200.5
7fc633199000-7fc633297000 r-xp 00000000 08:01 4463539                    /usr/lib/x86_64-linux-gnu/libcairo.so.2.11200.14
7fc633297000-7fc633497000 ---p 000fe000 08:01 4463539                    /usr/lib/x86_64-linux-gnu/libcairo.so.2.11200.14
7fc633497000-7fc63349a000 r--p 000fe000 08:01 4463539                    /usr/lib/x86_64-linux-gnu/libcairo.so.2.11200.14
7fc63349a000-7fc63349b000 rw-p 00101000 08:01 4463539                    /usr/lib/x86_64-linux-gnu/libcairo.so.2.11200.14
7fc63349b000-7fc63349d000 rw-p 00000000 00:00 0 
7fc63349d000-7fc6334bd000 r-xp 00000000 08:01 4463503                    /usr/lib/x86_64-linux-gnu/libatk-1.0.so.0.20809.1
7fc6334bd000-7fc6336bc000 ---p 00020000 08:01 4463503                    /usr/lib/x86_64-linux-gnu/libatk-1.0.so.0.20809.1
7fc6336bc000-7fc6336be000 r--p 0001f000 08:01 4463503                    /usr/lib/x86_64-linux-gnu/libatk-1.0.so.0.20809.1
7fc6336be000-7fc6336bf000 rw-p 00021000 08:01 4463503                    /usr/lib/x86_64-linux-gnu/libatk-1.0.so.0.20809.1
7fc6336bf000-7fc6336c4000 r-xp 00000000 08:01 4463594                    /usr/lib/x86_64-linux-gnu/libXfixes.so.3.1.0
7fc6336c4000-7fc6338c3000 ---p 00005000 08:01 4463594                    /usr/lib/x86_64-linux-gnu/libXfixes.so.3.1.0
7fc6338c3000-7fc6338c4000 r--p 00004000 08:01 4463594                    /usr/lib/x86_64-linux-gnu/libXfixes.so.3.1.0
7fc6338c4000-7fc6338c5000 rw-p 00005000 08:01 4463594                    /usr/lib/x86_64-linux-gnu/libXfixes.so.3.1.0
7fc6338c5000-7fc6338d0000 r-xp 00000000 08:01 4464054                    /usr/lib/x86_64-linux-gnu/libpangocairo-1.0.so.0.3200.5
7fc6338d0000-7fc633ad0000 ---p 0000b000 08:01 4464054                    /usr/lib/x86_64-linux-gnu/libpangocairo-1.0.so.0.3200.5
7fc633ad0000-7fc633ad1000 r--p 0000b000 08:01 4464054                    /usr/lib/x86_64-linux-gnu/libpangocairo-1.0.so.0.3200.5
7fc633ad1000-7fc633ad2000 rw-p 0000c000 08:01 4464054                    /usr/lib/x86_64-linux-gnu/libpangocairo-1.0.so.0.3200.5
7fc633ad2000-7fc633aef000 r-xp 00000000 08:01 4463244                    /usr/lib/x86_64-linux-gnu/libxcb.so.1.1.0
7fc633aef000-7fc633cee000 ---p 0001d000 08:01 4463244                    /usr/lib/x86_64-linux-gnu/libxcb.so.1.1.0
7fc633cee000-7fc633cef000 r--p 0001c000 08:01 4463244                    /usr/lib/x86_64-linux-gnu/libxcb.so.1.1.0
7fc633cef000-7fc633cf0000 rw-p 0001d000 08:01 4463244                    /usr/lib/x86_64-linux-gnu/libxcb.so.1.1.0
7fc633cf0000-7fc638000000 rw-p 00000000 00:00 0 
7fc638000000-7fc638021000 rw-p 00000000 00:00 0 
7fc638021000-7fc63c000000 ---p 00000000 00:00 0 
7fc63c000000-7fc63c021000 rw-p 00000000 00:00 0 
7fc63c021000-7fc640000000 ---p 00000000 00:00 0 
7fc640000000-7fc640021000 rw-p 00000000 00:00 0 
7fc640021000-7fc644000000 ---p 00000000 00:00 0 
7fc64409c000-7fc64409f000 ---p 00000000 00:00 0 
7fc64409f000-7fc64419d000 rw-p 00000000 00:00 0                          [stack:12329]
7fc64419d000-7fc6441f7000 r-xp 00000000 08:01 4463592                    /usr/lib/x86_64-linux-gnu/libcups.so.2
7fc6441f7000-7fc6443f7000 ---p 0005a000 08:01 4463592                    /usr/lib/x86_64-linux-gnu/libcups.so.2
7fc6443f7000-7fc6443fc000 r--p 0005a000 08:01 4463592                    /usr/lib/x86_64-linux-gnu/libcups.so.2
7fc6443fc000-7fc6443fd000 rw-p 0005f000 08:01 4463592                    /usr/lib/x86_64-linux-gnu/libcups.so.2
7fc6443fd000-7fc6443fe000 r-xp 00000000 08:01 4463869                    /usr/lib/x86_64-linux-gnu/libgthread-2.0.so.0.3600.0
7fc6443fe000-7fc6445fd000 ---p 00001000 08:01 4463869                    /usr/lib/x86_64-linux-gnu/libgthread-2.0.so.0.3600.0
7fc6445fd000-7fc6445fe000 r--p 00000000 08:01 4463869                    /usr/lib/x86_64-linux-gnu/libgthread-2.0.so.0.3600.0
7fc6445fe000-7fc6445ff000 rw-p 00001000 08:01 4463869                    /usr/lib/x86_64-linux-gnu/libgthread-2.0.so.0.3600.0
7fc6445ff000-7fc644636000 r-xp 00000000 08:01 4463673                    /usr/lib/x86_64-linux-gnu/libfontconfig.so.1.6.2
7fc644636000-7fc644836000 ---p 00037000 08:01 4463673                    /usr/lib/x86_64-linux-gnu/libfontconfig.so.1.6.2
7fc644836000-7fc644837000 r--p 00037000 08:01 4463673                    /usr/lib/x86_64-linux-gnu/libfontconfig.so.1.6.2
7fc644837000-7fc644838000 rw-p 00038000 08:01 4463673                    /usr/lib/x86_64-linux-gnu/libfontconfig.so.1.6.2
7fc644838000-7fc644839000 rw-p 00000000 00:00 0 
7fc644839000-7fc644881000 r-xp 00000000 08:01 4464052                    /usr/lib/x86_64-linux-gnu/libpango-1.0.so.0.3200.5
7fc644881000-7fc644a81000 ---p 00048000 08:01 4464052                    /usr/lib/x86_64-linux-gnu/libpango-1.0.so.0.3200.5
7fc644a81000-7fc644a83000 r--p 00048000 08:01 4464052                    /usr/lib/x86_64-linux-gnu/libpango-1.0.so.0.3200.5
7fc644a83000-7fc644a84000 rw-p 0004a000 08:01 4464052                    /usr/lib/x86_64-linux-gnu/libpango-1.0.so.0.3200.5
7fc644a84000-7fc644aa2000 r-xp 00000000 08:01 4463732                    /usr/lib/x86_64-linux-gnu/libgdk_pixbuf-2.0.so.0.2800.0
7fc644aa2000-7fc644ca2000 ---p 0001e000 08:01 4463732                    /usr/lib/x86_64-linux-gnu/libgdk_pixbuf-2.0.so.0.2800.0
7fc644ca2000-7fc644ca3000 r--p 0001e000 08:01 4463732                    /usr/lib/x86_64-linux-gnu/libgdk_pixbuf-2.0.so.0.2800.0
7fc644ca3000-7fc644ca4000 rw-p 0001f000 08:01 4463732                    /usr/lib/x86_64-linux-gnu/libgdk_pixbuf-2.0.so.0.2800.0
7fc644ca4000-7fc644d51000 r-xp 00000000 08:01 4463730                    /usr/lib/x86_64-linux-gnu/libgdk-x11-2.0.so.0.2400.17
7fc644d51000-7fc644f50000 ---p 000ad000 08:01 4463730                    /usr/lib/x86_64-linux-gnu/libgdk-x11-2.0.so.0.2400.17
7fc644f50000-7fc644f54000 r--p 000ac000 08:01 4463730                    /usr/lib/x86_64-linux-gnu/libgdk-x11-2.0.so.0.2400.17
7fc644f54000-7fc644f56000 rw-p 000b0000 08:01 4463730                    /usr/lib/x86_64-linux-gnu/libgdk-x11-2.0.so.0.2400.17
7fc644f56000-7fc645383000 r-xp 00000000 08:01 4463873                    /usr/lib/x86_64-linux-gnu/libgtk-x11-2.0.so.0.2400.17
7fc645383000-7fc645582000 ---p 0042d000 08:01 4463873                    /usr/lib/x86_64-linux-gnu/libgtk-x11-2.0.so.0.2400.17
7fc645582000-7fc645589000 r--p 0042c000 08:01 4463873                    /usr/lib/x86_64-linux-gnu/libgtk-x11-2.0.so.0.2400.17
7fc645589000-7fc64558d000 rw-p 00433000 08:01 4463873                    /usr/lib/x86_64-linux-gnu/libgtk-x11-2.0.so.0.2400.17
7fc64558d000-7fc64558f000 rw-p 00000000 00:00 0 
7fc64558f000-7fc64559d000 r-xp 00000000 08:01 4463255                    /usr/lib/x86_64-linux-gnu/libXi.so.6.1.0
7fc64559d000-7fc64579d000 ---p 0000e000 08:01 4463255                    /usr/lib/x86_64-linux-gnu/libXi.so.6.1.0
7fc64579d000-7fc64579e000 r--p 0000e000 08:01 4463255                    /usr/lib/x86_64-linux-gnu/libXi.so.6.1.0
7fc64579e000-7fc64579f000 rw-p 0000f000 08:01 4463255                    /usr/lib/x86_64-linux-gnu/libXi.so.6.1.0
7fc64579f000-7fc6457a4000 r-xp 00000000 08:01 4463461                    /usr/lib/x86_64-linux-gnu/libXtst.so.6.1.0
7fc6457a4000-7fc6459a3000 ---p 00005000 08:01 4463461                    /usr/lib/x86_64-linux-gnu/libXtst.so.6.1.0
7fc6459a3000-7fc6459a4000 r--p 00004000 08:01 4463461                    /usr/lib/x86_64-linux-gnu/libXtst.so.6.1.0
7fc6459a4000-7fc6459a5000 rw-p 00005000 08:01 4463461                    /usr/lib/x86_64-linux-gnu/libXtst.so.6.1.0
7fc6459a5000-7fc6459ae000 r-xp 00000000 08:01 4463395                    /usr/lib/x86_64-linux-gnu/libXrender.so.1.3.0
7fc6459ae000-7fc645bad000 ---p 00009000 08:01 4463395                    /usr/lib/x86_64-linux-gnu/libXrender.so.1.3.0
7fc645bad000-7fc645bae000 r--p 00008000 08:01 4463395                    /usr/lib/x86_64-linux-gnu/libXrender.so.1.3.0
7fc645bae000-7fc645baf000 rw-p 00009000 08:01 4463395                    /usr/lib/x86_64-linux-gnu/libXrender.so.1.3.0
7fc645baf000-7fc645ce3000 r-xp 00000000 08:01 4463247                    /usr/lib/x86_64-linux-gnu/libX11.so.6.3.0
7fc645ce3000-7fc645ee3000 ---p 00134000 08:01 4463247                    /usr/lib/x86_64-linux-gnu/libX11.so.6.3.0
7fc645ee3000-7fc645ee4000 r--p 00134000 08:01 4463247                    /usr/lib/x86_64-linux-gnu/libX11.so.6.3.0
7fc645ee4000-7fc645ee9000 rw-p 00135000 08:01 4463247                    /usr/lib/x86_64-linux-gnu/libX11.so.6.3.0
7fc645ee9000-7fc645efa000 r-xp 00000000 08:01 4463249                    /usr/lib/x86_64-linux-gnu/libXext.so.6.4.0
7fc645efa000-7fc6460f9000 ---p 00011000 08:01 4463249                    /usr/lib/x86_64-linux-gnu/libXext.so.6.4.0
7fc6460f9000-7fc6460fa000 r--p 00010000 08:01 4463249                    /usr/lib/x86_64-linux-gnu/libXext.so.6.4.0
7fc6460fa000-7fc6460fb000 rw-p 00011000 08:01 4463249                    /usr/lib/x86_64-linux-gnu/libXext.so.6.4.0
7fc6460fb000-7fc64614e000 r-xp 00000000 08:01 4467641                    /usr/lib/jvm/java-7-openjdk-amd64/jre/lib/amd64/xawt/libmawt.so
7fc64614e000-7fc64634d000 ---p 00053000 08:01 4467641                    /usr/lib/jvm/java-7-openjdk-amd64/jre/lib/amd64/xawt/libmawt.so
7fc64634d000-7fc64634e000 r--p 00052000 08:01 4467641                    /usr/lib/jvm/java-7-openjdk-amd64/jre/lib/amd64/xawt/libmawt.so
7fc64634e000-7fc646351000 rw-p 00053000 08:01 4467641                    /usr/lib/jvm/java-7-openjdk-amd64/jre/lib/amd64/xawt/libmawt.so
7fc646351000-7fc646352000 rw-p 00000000 00:00 0 
7fc646352000-7fc6463f3000 r-xp 00000000 08:01 4466511                    /usr/lib/jvm/java-7-openjdk-amd64/jre/lib/amd64/libawt.so
7fc6463f3000-7fc6465f3000 ---p 000a1000 08:01 4466511                    /usr/lib/jvm/java-7-openjdk-amd64/jre/lib/amd64/libawt.so
7fc6465f3000-7fc6465f4000 r--p 000a1000 08:01 4466511                    /usr/lib/jvm/java-7-openjdk-amd64/jre/lib/amd64/libawt.so
7fc6465f4000-7fc6465ff000 rw-p 000a2000 08:01 4466511                    /usr/lib/jvm/java-7-openjdk-amd64/jre/lib/amd64/libawt.so
7fc6465ff000-7fc646624000 rw-p 00000000 00:00 0 
7fc646624000-7fc646627000 ---p 00000000 00:00 0 
7fc646627000-7fc646725000 rw-p 00000000 00:00 0                          [stack:12328]
7fc646725000-7fc646762000 r-xp 00000000 08:01 6033097                    /lib/x86_64-linux-gnu/libpcre.so.3.13.1
7fc646762000-7fc646962000 ---p 0003d000 08:01 6033097                    /lib/x86_64-linux-gnu/libpcre.so.3.13.1
7fc646962000-7fc646963000 r--p 0003d000 08:01 6033097                    /lib/x86_64-linux-gnu/libpcre.so.3.13.1
7fc646963000-7fc646964000 rw-p 0003e000 08:01 6033097                    /lib/x86_64-linux-gnu/libpcre.so.3.13.1
7fc646964000-7fc64696b000 r-xp 00000000 08:01 4463665                    /usr/lib/x86_64-linux-gnu/libffi.so.6.0.1
7fc64696b000-7fc646b6a000 ---p 00007000 08:01 4463665                    /usr/lib/x86_64-linux-gnu/libffi.so.6.0.1
7fc646b6a000-7fc646b6b000 r--p 00006000 08:01 4463665                    /usr/lib/x86_64-linux-gnu/libffi.so.6.0.1
7fc646b6b000-7fc646b6c000 rw-p 00007000 08:01 4463665                    /usr/lib/x86_64-linux-gnu/libffi.so.6.0.1
7fc646b6c000-7fc646b82000 r-xp 00000000 08:01 6033120                    /lib/x86_64-linux-gnu/libresolv-2.17.so
7fc646b82000-7fc646d82000 ---p 00016000 08:01 6033120                    /lib/x86_64-linux-gnu/libresolv-2.17.so
7fc646d82000-7fc646d83000 r--p 00016000 08:01 6033120                    /lib/x86_64-linux-gnu/libresolv-2.17.so
7fc646d83000-7fc646d84000 rw-p 00017000 08:01 6033120                    /lib/x86_64-linux-gnu/libresolv-2.17.so
7fc646d84000-7fc646d86000 rw-p 00000000 00:00 0 
7fc646d86000-7fc646da3000 r-xp 00000000 08:01 6033124                    /lib/x86_64-linux-gnu/libselinux.so.1
7fc646da3000-7fc646fa2000 ---p 0001d000 08:01 6033124                    /lib/x86_64-linux-gnu/libselinux.so.1
7fc646fa2000-7fc646fa3000 r--p 0001c000 08:01 6033124                    /lib/x86_64-linux-gnu/libselinux.so.1
7fc646fa3000-7fc646fa4000 rw-p 0001d000 08:01 6033124                    /lib/x86_64-linux-gnu/libselinux.so.1
7fc646fa4000-7fc646fa5000 rw-p 00000000 00:00 0 
7fc646fa5000-7fc646fa8000 r-xp 00000000 08:01 4463758                    /usr/lib/x86_64-linux-gnu/libgmodule-2.0.so.0.3600.0
7fc646fa8000-7fc6471a7000 ---p 00003000 08:01 4463758                    /usr/lib/x86_64-linux-gnu/libgmodule-2.0.so.0.3600.0
7fc6471a7000-7fc6471a8000 r--p 00002000 08:01 4463758                    /usr/lib/x86_64-linux-gnu/libgmodule-2.0.so.0.3600.0
7fc6471a8000-7fc6471a9000 rw-p 00003000 08:01 4463758                    /usr/lib/x86_64-linux-gnu/libgmodule-2.0.so.0.3600.0
7fc6471a9000-7fc6472a2000 r-xp 00000000 08:01 6033031                    /lib/x86_64-linux-gnu/libglib-2.0.so.0.3600.0
7fc6472a2000-7fc6474a2000 ---p 000f9000 08:01 6033031                    /lib/x86_64-linux-gnu/libglib-2.0.so.0.3600.0
7fc6474a2000-7fc6474a3000 r--p 000f9000 08:01 6033031                    /lib/x86_64-linux-gnu/libglib-2.0.so.0.3600.0
7fc6474a3000-7fc6474a4000 rw-p 000fa000 08:01 6033031                    /lib/x86_64-linux-gnu/libglib-2.0.so.0.3600.0
7fc6474a4000-7fc6474a5000 rw-p 00000000 00:00 0 
7fc6474a5000-7fc6475f8000 r-xp 00000000 08:01 4463748                    /usr/lib/x86_64-linux-gnu/libgio-2.0.so.0.3600.0
7fc6475f8000-7fc6477f7000 ---p 00153000 08:01 4463748                    /usr/lib/x86_64-linux-gnu/libgio-2.0.so.0.3600.0
7fc6477f7000-7fc6477fb000 r--p 00152000 08:01 4463748                    /usr/lib/x86_64-linux-gnu/libgio-2.0.so.0.3600.0
7fc6477fb000-7fc6477fd000 rw-p 00156000 08:01 4463748                    /usr/lib/x86_64-linux-gnu/libgio-2.0.so.0.3600.0
7fc6477fd000-7fc6477ff000 rw-p 00000000 00:00 0 
7fc6477ff000-7fc647802000 ---p 00000000 00:00 0 
7fc647802000-7fc648000000 rw-p 00000000 00:00 0                          [stack:12303]
7fc648000000-7fc648021000 rw-p 00000000 00:00 0 
7fc648021000-7fc64c000000 ---p 00000000 00:00 0 
7fc64c0cb000-7fc64c118000 r-xp 00000000 08:01 4463774                    /usr/lib/x86_64-linux-gnu/libgobject-2.0.so.0.3600.0
7fc64c118000-7fc64c318000 ---p 0004d000 08:01 4463774                    /usr/lib/x86_64-linux-gnu/libgobject-2.0.so.0.3600.0
7fc64c318000-7fc64c319000 r--p 0004d000 08:01 4463774                    /usr/lib/x86_64-linux-gnu/libgobject-2.0.so.0.3600.0
7fc64c319000-7fc64c31a000 rw-p 0004e000 08:01 4463774                    /usr/lib/x86_64-linux-gnu/libgobject-2.0.so.0.3600.0
7fc64c332000-7fc64c348000 r-xp 00000000 08:01 4466499                    /usr/lib/jvm/java-7-openjdk-amd64/jre/lib/amd64/libnet.so
7fc64c348000-7fc64c547000 ---p 00016000 08:01 4466499                    /usr/lib/jvm/java-7-openjdk-amd64/jre/lib/amd64/libnet.so
7fc64c547000-7fc64c548000 r--p 00015000 08:01 4466499                    /usr/lib/jvm/java-7-openjdk-amd64/jre/lib/amd64/libnet.so
7fc64c548000-7fc64c549000 rw-p 00016000 08:01 4466499                    /usr/lib/jvm/java-7-openjdk-amd64/jre/lib/amd64/libnet.so
7fc64c549000-7fc64c55b000 r--s 00294000 08:01 16910059                   /home/shiwali/InstructoSoarII/april/java/april.jar
7fc64c55b000-7fc64c56e000 r--s 00211000 08:01 17171916                   /home/shiwali/soar/SoarSuite/out/java/swt.jar
7fc64c56e000-7fc64c5b0000 rw-p 00000000 00:00 0 
7fc64c5b0000-7fc64c5b1000 ---p 00000000 00:00 0 
7fc64c5b1000-7fc64cdb1000 rw-p 00000000 00:00 0                          [stack:12302]
7fc64cdb1000-7fc64cdb2000 ---p 00000000 00:00 0 
7fc64cdb2000-7fc64d5b2000 rw-p 00000000 00:00 0                          [stack:12301]
7fc64d5b2000-7fc64de1f000 r-xp 00000000 08:01 17042183                   /home/shiwali/soar/SoarSuite/out/libSoar.so
7fc64de1f000-7fc64e01e000 ---p 0086d000 08:01 17042183                   /home/shiwali/soar/SoarSuite/out/libSoar.so
7fc64e01e000-7fc64e02f000 r--p 0086c000 08:01 17042183                   /home/shiwali/soar/SoarSuite/out/libSoar.so
7fc64e02f000-7fc64e046000 rw-p 0087d000 08:01 17042183                   /home/shiwali/soar/SoarSuite/out/libSoar.so
7fc64e046000-7fc64e04a000 rw-p 00000000 00:00 0 
7fc64e04a000-7fc64e0a3000 r-xp 00000000 08:01 17042226                   /home/shiwali/soar/SoarSuite/out/libJava_sml_ClientInterface.so
7fc64e0a3000-7fc64e2a3000 ---p 00059000 08:01 17042226                   /home/shiwali/soar/SoarSuite/out/libJava_sml_ClientInterface.so
7fc64e2a3000-7fc64e2a4000 r--p 00059000 08:01 17042226                   /home/shiwali/soar/SoarSuite/out/libJava_sml_ClientInterface.so
7fc64e2a4000-7fc64e2a6000 rw-p 0005a000 08:01 17042226                   /home/shiwali/soar/SoarSuite/out/libJava_sml_ClientInterface.so
7fc64e2a6000-7fc64e2a7000 ---p 00000000 00:00 0 
7fc64e2a7000-7fc64e3a7000 rw-p 00000000 00:00 0                          [stack:12300]
7fc64e3a7000-7fc64e3aa000 ---p 00000000 00:00 0 
7fc64e3aa000-7fc64e4a8000 rw-p 00000000 00:00 0                          [stack:12299]
7fc64e4a8000-7fc64e4ab000 ---p 00000000 00:00 0 
7fc64e4ab000-7fc64e5a9000 rw-p 00000000 00:00 0                          [stack:12298]
7fc64e5a9000-7fc64e5ac000 ---p 00000000 00:00 0 
7fc64e5ac000-7fc64e6aa000 rw-p 00000000 00:00 0                          [stack:12297]
7fc64e6aa000-7fc64e6ad000 ---p 00000000 00:00 0 
7fc64e6ad000-7fc64e7ab000 rw-p 00000000 00:00 0                          [stack:12296]
7fc64e7ab000-7fc64ee8c000 r--p 00000000 08:01 4462580                    /usr/lib/locale/locale-archive
7fc64ee8c000-7fc64ee8f000 ---p 00000000 00:00 0 
7fc64ee8f000-7fc64ef8d000 rw-p 00000000 00:00 0                          [stack:12295]
7fc64ef8d000-7fc64ef90000 ---p 00000000 00:00 0 
7fc64ef90000-7fc64f08e000 rw-p 00000000 00:00 0                          [stack:12294]
7fc64f08e000-7fc64f08f000 ---p 00000000 00:00 0 
7fc64f08f000-7fc650000000 rw-p 00000000 00:00 0                          [stack:12293]
7fc650000000-7fc650021000 rw-p 00000000 00:00 0 
7fc650021000-7fc654000000 ---p 00000000 00:00 0 
7fc654000000-7fc654021000 rw-p 00000000 00:00 0 
7fc654021000-7fc658000000 ---p 00000000 00:00 0 
7fc658000000-7fc658021000 rw-p 00000000 00:00 0 
7fc658021000-7fc65c000000 ---p 00000000 00:00 0 
7fc65c000000-7fc65c021000 rw-p 00000000 00:00 0 
7fc65c021000-7fc660000000 ---p 00000000 00:00 0 
7fc660000000-7fc660021000 rw-p 00000000 00:00 0 
7fc660021000-7fc664000000 ---p 00000000 00:00 0 
7fc664006000-7fc66400a000 r--s 00035000 08:01 17957274                   /home/shiwali/InstructoSoarII/probcog2/java/probcog.jar
7fc66400a000-7fc66400d000 r--s 0001d000 08:01 5378582                    /usr/local/share/java/lcm.jar
7fc66400d000-7fc664e2b000 rw-p 00000000 00:00 0 
7fc664e2b000-7fc664fd8000 r--s 01cec000 08:01 4466481                    /usr/lib/jvm/java-7-openjdk-amd64/jre/lib/rt.jar
7fc664fd8000-7fc665000000 rw-p 00000000 00:00 0 
7fc665000000-7fc665270000 rwxp 00000000 00:00 0 
7fc665270000-7fc668620000 rw-p 00000000 00:00 0 
7fc668620000-7fc66c000000 ---p 00000000 00:00 0 
7fc66c001000-7fc66d0e6000 rw-p 00000000 00:00 0 
7fc66d0e6000-7fc66d0e7000 ---p 00000000 00:00 0 
7fc66d0e7000-7fc66d1e7000 rw-p 00000000 00:00 0                          [stack:12292]
7fc66d1e7000-7fc66d1e8000 ---p 00000000 00:00 0 
7fc66d1e8000-7fc66d2e8000 rw-p 00000000 00:00 0                          [stack:12291]
7fc66d2e8000-7fc66d2e9000 ---p 00000000 00:00 0 
7fc66d2e9000-7fc66d3e9000 rw-p 00000000 00:00 0                          [stack:12290]
7fc66d3e9000-7fc66d3ea000 ---p 00000000 00:00 0 
7fc66d3ea000-7fc66d4ea000 rw-p 00000000 00:00 0                          [stack:12289]
7fc66d4ea000-7fc66d4eb000 ---p 00000000 00:00 0 
7fc66d4eb000-7fc66d5eb000 rw-p 00000000 00:00 0                          [stack:12288]
7fc66d5eb000-7fc66d5ec000 ---p 00000000 00:00 0 
7fc66d5ec000-7fc66d6ec000 rw-p 00000000 00:00 0                          [stack:12287]
7fc66d6ec000-7fc66d6ed000 ---p 00000000 00:00 0 
7fc66d6ed000-7fc66d7ed000 rw-p 00000000 00:00 0                          [stack:12286]
7fc66d7ed000-7fc66d7ee000 ---p 00000000 00:00 0 
7fc66d7ee000-7fc66d8f9000 rw-p 00000000 00:00 0                          [stack:12285]
7fc66d8f9000-7fc66d941000 rw-p 00000000 00:00 0 
7fc66d941000-7fc66d96b000 rw-p 00000000 00:00 0 
7fc66d96b000-7fc66dbd5000 rw-p 00000000 00:00 0 
7fc66dbd5000-7fc66dbe0000 rw-p 00000000 00:00 0 
7fc66dbe0000-7fc66dc28000 rw-p 00000000 00:00 0 
7fc66dc28000-7fc66dc52000 rw-p 00000000 00:00 0 
7fc66dc52000-7fc66debc000 rw-p 00000000 00:00 0 
7fc66debc000-7fc66df8b000 rw-p 00000000 00:00 0 
7fc66df8b000-7fc66e006000 rw-p 00000000 00:00 0 
7fc66e006000-7fc66e007000 rw-p 00000000 00:00 0 
7fc66e007000-7fc66e00f000 r-xp 00000000 08:01 4466526                    /usr/lib/jvm/java-7-openjdk-amd64/jre/lib/amd64/libzip.so
7fc66e00f000-7fc66e20e000 ---p 00008000 08:01 4466526                    /usr/lib/jvm/java-7-openjdk-amd64/jre/lib/amd64/libzip.so
7fc66e20e000-7fc66e20f000 r--p 00007000 08:01 4466526                    /usr/lib/jvm/java-7-openjdk-amd64/jre/lib/amd64/libzip.so
7fc66e20f000-7fc66e210000 rw-p 00008000 08:01 4466526                    /usr/lib/jvm/java-7-openjdk-amd64/jre/lib/amd64/libzip.so
7fc66e210000-7fc66e21c000 r-xp 00000000 08:01 6033075                    /lib/x86_64-linux-gnu/libnss_files-2.17.so
7fc66e21c000-7fc66e41b000 ---p 0000c000 08:01 6033075                    /lib/x86_64-linux-gnu/libnss_files-2.17.so
7fc66e41b000-7fc66e41c000 r--p 0000b000 08:01 6033075                    /lib/x86_64-linux-gnu/libnss_files-2.17.so
7fc66e41c000-7fc66e41d000 rw-p 0000c000 08:01 6033075                    /lib/x86_64-linux-gnu/libnss_files-2.17.so
7fc66e41d000-7fc66e428000 r-xp 00000000 08:01 6033079                    /lib/x86_64-linux-gnu/libnss_nis-2.17.so
7fc66e428000-7fc66e627000 ---p 0000b000 08:01 6033079                    /lib/x86_64-linux-gnu/libnss_nis-2.17.so
7fc66e627000-7fc66e628000 r--p 0000a000 08:01 6033079                    /lib/x86_64-linux-gnu/libnss_nis-2.17.so
7fc66e628000-7fc66e629000 rw-p 0000b000 08:01 6033079                    /lib/x86_64-linux-gnu/libnss_nis-2.17.so
7fc66e629000-7fc66e640000 r-xp 00000000 08:01 6033069                    /lib/x86_64-linux-gnu/libnsl-2.17.so
7fc66e640000-7fc66e83f000 ---p 00017000 08:01 6033069                    /lib/x86_64-linux-gnu/libnsl-2.17.so
7fc66e83f000-7fc66e840000 r--p 00016000 08:01 6033069                    /lib/x86_64-linux-gnu/libnsl-2.17.so
7fc66e840000-7fc66e841000 rw-p 00017000 08:01 6033069                    /lib/x86_64-linux-gnu/libnsl-2.17.so
7fc66e841000-7fc66e843000 rw-p 00000000 00:00 0 
7fc66e843000-7fc66e84b000 r-xp 00000000 08:01 6033071                    /lib/x86_64-linux-gnu/libnss_compat-2.17.so
7fc66e84b000-7fc66ea4a000 ---p 00008000 08:01 6033071                    /lib/x86_64-linux-gnu/libnss_compat-2.17.so
7fc66ea4a000-7fc66ea4b000 r--p 00007000 08:01 6033071                    /lib/x86_64-linux-gnu/libnss_compat-2.17.so
7fc66ea4b000-7fc66ea4c000 rw-p 00008000 08:01 6033071                    /lib/x86_64-linux-gnu/libnss_compat-2.17.so
7fc66ea4c000-7fc66ea77000 r-xp 00000000 08:01 4466510                    /usr/lib/jvm/java-7-openjdk-amd64/jre/lib/amd64/libjava.so
7fc66ea77000-7fc66ec76000 ---p 0002b000 08:01 4466510                    /usr/lib/jvm/java-7-openjdk-amd64/jre/lib/amd64/libjava.so
7fc66ec76000-7fc66ec77000 r--p 0002a000 08:01 4466510                    /usr/lib/jvm/java-7-openjdk-amd64/jre/lib/amd64/libjava.so
7fc66ec77000-7fc66ec79000 rw-p 0002b000 08:01 4466510                    /usr/lib/jvm/java-7-openjdk-amd64/jre/lib/amd64/libjava.so
7fc66ec79000-7fc66ec88000 r-xp 00000000 08:01 4466509                    /usr/lib/jvm/java-7-openjdk-amd64/jre/lib/amd64/libverify.so
7fc66ec88000-7fc66ee87000 ---p 0000f000 08:01 4466509                    /usr/lib/jvm/java-7-openjdk-amd64/jre/lib/amd64/libverify.so
7fc66ee87000-7fc66ee89000 r--p 0000e000 08:01 4466509                    /usr/lib/jvm/java-7-openjdk-amd64/jre/lib/amd64/libverify.so
7fc66ee89000-7fc66ee8a000 rw-p 00010000 08:01 4466509                    /usr/lib/jvm/java-7-openjdk-amd64/jre/lib/amd64/libverify.so
7fc66ee8a000-7fc66ee91000 r-xp 00000000 08:01 6033122                    /lib/x86_64-linux-gnu/librt-2.17.so
7fc66ee91000-7fc66f090000 ---p 00007000 08:01 6033122                    /lib/x86_64-linux-gnu/librt-2.17.so
7fc66f090000-7fc66f091000 r--p 00006000 08:01 6033122                    /lib/x86_64-linux-gnu/librt-2.17.so
7fc66f091000-7fc66f092000 rw-p 00007000 08:01 6033122                    /lib/x86_64-linux-gnu/librt-2.17.so
7fc66f092000-7fc66f0a6000 r-xp 00000000 08:01 6033027                    /lib/x86_64-linux-gnu/libgcc_s.so.1
7fc66f0a6000-7fc66f2a6000 ---p 00014000 08:01 6033027                    /lib/x86_64-linux-gnu/libgcc_s.so.1
7fc66f2a6000-7fc66f2a7000 r--p 00014000 08:01 6033027                    /lib/x86_64-linux-gnu/libgcc_s.so.1
7fc66f2a7000-7fc66f2a8000 rw-p 00015000 08:01 6033027                    /lib/x86_64-linux-gnu/libgcc_s.so.1
7fc66f2a8000-7fc66f3ab000 r-xp 00000000 08:01 6033050                    /lib/x86_64-linux-gnu/libm-2.17.so
7fc66f3ab000-7fc66f5ab000 ---p 00103000 08:01 6033050                    /lib/x86_64-linux-gnu/libm-2.17.so
7fc66f5ab000-7fc66f5ac000 r--p 00103000 08:01 6033050                    /lib/x86_64-linux-gnu/libm-2.17.so
7fc66f5ac000-7fc66f5ad000 rw-p 00104000 08:01 6033050                    /lib/x86_64-linux-gnu/libm-2.17.so
7fc66f5ad000-7fc66f692000 r-xp 00000000 08:01 4464194                    /usr/lib/x86_64-linux-gnu/libstdc++.so.6.0.17
7fc66f692000-7fc66f891000 ---p 000e5000 08:01 4464194                    /usr/lib/x86_64-linux-gnu/libstdc++.so.6.0.17
7fc66f891000-7fc66f899000 r--p 000e4000 08:01 4464194                    /usr/lib/x86_64-linux-gnu/libstdc++.so.6.0.17
7fc66f899000-7fc66f89b000 rw-p 000ec000 08:01 4464194                    /usr/lib/x86_64-linux-gnu/libstdc++.so.6.0.17
7fc66f89b000-7fc66f8b0000 rw-p 00000000 00:00 0 
7fc66f8b0000-7fc6702a0000 r-xp 00000000 08:01 4466515                    /usr/lib/jvm/java-7-openjdk-amd64/jre/lib/amd64/server/libjvm.so
7fc6702a0000-7fc67049f000 ---p 009f0000 08:01 4466515                    /usr/lib/jvm/java-7-openjdk-amd64/jre/lib/amd64/server/libjvm.so
7fc67049f000-7fc67051e000 r--p 009ef000 08:01 4466515                    /usr/lib/jvm/java-7-openjdk-amd64/jre/lib/amd64/server/libjvm.so
7fc67051e000-7fc670541000 rw-p 00a6e000 08:01 4466515                    /usr/lib/jvm/java-7-openjdk-amd64/jre/lib/amd64/server/libjvm.so
7fc670541000-7fc67056c000 rw-p 00000000 00:00 0 
7fc67056c000-7fc670582000 r-xp 00000000 08:01 6033155                    /lib/x86_64-linux-gnu/libz.so.1.2.7
7fc670582000-7fc670781000 ---p 00016000 08:01 6033155                    /lib/x86_64-linux-gnu/libz.so.1.2.7
7fc670781000-7fc670782000 r--p 00015000 08:01 6033155                    /lib/x86_64-linux-gnu/libz.so.1.2.7
7fc670782000-7fc670783000 rw-p 00016000 08:01 6033155                    /lib/x86_64-linux-gnu/libz.so.1.2.7
7fc670783000-7fc67079b000 r-xp 00000000 08:01 6033114                    /lib/x86_64-linux-gnu/libpthread-2.17.so
7fc67079b000-7fc67099a000 ---p 00018000 08:01 6033114                    /lib/x86_64-linux-gnu/libpthread-2.17.so
7fc67099a000-7fc67099b000 r--p 00017000 08:01 6033114                    /lib/x86_64-linux-gnu/libpthread-2.17.so
7fc67099b000-7fc67099c000 rw-p 00018000 08:01 6033114                    /lib/x86_64-linux-gnu/libpthread-2.17.so
7fc67099c000-7fc6709a0000 rw-p 00000000 00:00 0 
7fc6709a0000-7fc6709a3000 r-xp 00000000 08:01 6033017                    /lib/x86_64-linux-gnu/libdl-2.17.so
7fc6709a3000-7fc670ba2000 ---p 00003000 08:01 6033017                    /lib/x86_64-linux-gnu/libdl-2.17.so
7fc670ba2000-7fc670ba3000 r--p 00002000 08:01 6033017                    /lib/x86_64-linux-gnu/libdl-2.17.so
7fc670ba3000-7fc670ba4000 rw-p 00003000 08:01 6033017                    /lib/x86_64-linux-gnu/libdl-2.17.so
7fc670ba4000-7fc670d62000 r-xp 00000000 08:01 6033002                    /lib/x86_64-linux-gnu/libc-2.17.so
7fc670d62000-7fc670f61000 ---p 001be000 08:01 6033002                    /lib/x86_64-linux-gnu/libc-2.17.so
7fc670f61000-7fc670f65000 r--p 001bd000 08:01 6033002                    /lib/x86_64-linux-gnu/libc-2.17.so
7fc670f65000-7fc670f67000 rw-p 001c1000 08:01 6033002                    /lib/x86_64-linux-gnu/libc-2.17.so
7fc670f67000-7fc670f6c000 rw-p 00000000 00:00 0 
7fc670f6c000-7fc670f79000 r-xp 00000000 08:01 4466492                    /usr/lib/jvm/java-7-openjdk-amd64/jre/lib/amd64/jli/libjli.so
7fc670f79000-7fc671178000 ---p 0000d000 08:01 4466492                    /usr/lib/jvm/java-7-openjdk-amd64/jre/lib/amd64/jli/libjli.so
7fc671178000-7fc671179000 r--p 0000c000 08:01 4466492                    /usr/lib/jvm/java-7-openjdk-amd64/jre/lib/amd64/jli/libjli.so
7fc671179000-7fc67117a000 rw-p 0000d000 08:01 4466492                    /usr/lib/jvm/java-7-openjdk-amd64/jre/lib/amd64/jli/libjli.so
7fc67117a000-7fc67119d000 r-xp 00000000 08:01 6032978                    /lib/x86_64-linux-gnu/ld-2.17.so
7fc67119e000-7fc67119f000 rw-p 00000000 00:00 0 
7fc67119f000-7fc6711a8000 r--s 0005a000 08:01 17171911                   /home/shiwali/soar/SoarSuite/out/java/soar-debugger.jar
7fc6711a8000-7fc6711a9000 r--s 00001000 08:01 17171909                   /home/shiwali/soar/SoarSuite/out/java/soar-debugger-api.jar
7fc6711a9000-7fc6711aa000 r--s 00003000 08:01 17171915                   /home/shiwali/soar/SoarSuite/out/java/swtgraphics2d.jar
7fc6711aa000-7fc6711ac000 r--s 00005000 08:01 17171902                   /home/shiwali/soar/SoarSuite/out/java/soar-smljava.jar
7fc6711ac000-7fc6711b5000 r--s 000bc000 08:01 4465943                    /usr/lib/jvm/java-7-openjdk-common/jre/lib/resources.jar
7fc6711b5000-7fc6711b8000 r--s 00018000 08:01 17171891                   /home/shiwali/soar/SoarSuite/out/java/sml.jar
7fc6711b8000-7fc6711bc000 r--s 00085000 08:01 4465946                    /usr/lib/jvm/java-7-openjdk-common/jre/lib/ext/localedata.jar
7fc6711bc000-7fc6711c6000 rw-p 00000000 00:00 0 
7fc6711c6000-7fc67127c000 rw-p 00000000 00:00 0 
7fc67127c000-7fc67127f000 ---p 00000000 00:00 0 
7fc67127f000-7fc671382000 rw-p 00000000 00:00 0                          [stack:12284]
7fc671382000-7fc671385000 r--s 00032000 08:01 4465947                    /usr/lib/jvm/java-7-openjdk-common/jre/lib/ext/sunjce_provider.jar
7fc671385000-7fc671388000 r--s 0003c000 08:01 4465945                    /usr/lib/jvm/java-7-openjdk-common/jre/lib/ext/sunpkcs11.jar
7fc671388000-7fc671389000 r--s 00002000 08:01 4465949                    /usr/lib/jvm/java-7-openjdk-common/jre/lib/ext/dnsns.jar
7fc671389000-7fc67138c000 r--s 0000f000 08:01 4465948                    /usr/lib/jvm/java-7-openjdk-common/jre/lib/ext/pulse-java.jar
7fc67138c000-7fc67138e000 r--s 00006000 08:01 4855577                    /usr/share/java/java-atk-wrapper.jar
7fc67138e000-7fc671390000 r--s 00012000 08:01 4465950                    /usr/lib/jvm/java-7-openjdk-common/jre/lib/ext/zipfs.jar
7fc671390000-7fc671398000 rw-s 00000000 08:01 6160697                    /tmp/hsperfdata_shiwali/12279
7fc671398000-7fc671399000 rw-p 00000000 00:00 0 
7fc671399000-7fc67139a000 r--p 00000000 00:00 0 
7fc67139a000-7fc67139c000 rw-p 00000000 00:00 0 
7fc67139c000-7fc67139d000 r--p 00022000 08:01 6032978                    /lib/x86_64-linux-gnu/ld-2.17.so
7fc67139d000-7fc67139f000 rw-p 00023000 08:01 6032978                    /lib/x86_64-linux-gnu/ld-2.17.so
7fff5351f000-7fff53540000 rw-p 00000000 00:00 0                          [stack]
7fff535fe000-7fff53600000 r-xp 00000000 00:00 0                          [vdso]
ffffffffff600000-ffffffffff601000 r-xp 00000000 00:00 0                  [vsyscall]

VM Arguments:
jvm_args: -Dfile.encoding=UTF-8 
java_command: edu.umich.insoar.InSoar
Launcher Type: SUN_STANDARD

Environment Variables:
PATH=/usr/lib/lightdm/lightdm:/usr/local/sbin:/usr/local/bin:/usr/sbin:/usr/bin:/sbin:/bin:/usr/games:/usr/local/games
LD_LIBRARY_PATH=/home/shiwali/soar/SoarSuite/out
SHELL=/bin/bash
DISPLAY=:0

Signal Handlers:
SIGSEGV: [libjvm.so+0x84f410], sa_mask[0]=0x7ffbfeff, sa_flags=0x10000004
SIGBUS: [libjvm.so+0x84f410], sa_mask[0]=0x7ffbfeff, sa_flags=0x10000004
SIGFPE: [libjvm.so+0x6f19a0], sa_mask[0]=0x7ffbfeff, sa_flags=0x10000004
SIGPIPE: SIG_IGN, sa_mask[0]=0x00000000, sa_flags=0x00000000
SIGXFSZ: [libjvm.so+0x6f19a0], sa_mask[0]=0x7ffbfeff, sa_flags=0x10000004
SIGILL: [libjvm.so+0x6f19a0], sa_mask[0]=0x7ffbfeff, sa_flags=0x10000004
SIGUSR1: SIG_DFL, sa_mask[0]=0x00000000, sa_flags=0x00000000
SIGUSR2: [libjvm.so+0x6f1d70], sa_mask[0]=0x00000004, sa_flags=0x10000004
SIGHUP: [libjvm.so+0x6f1eb0], sa_mask[0]=0x7ffbfeff, sa_flags=0x10000004
SIGINT: [libjvm.so+0x6f1eb0], sa_mask[0]=0x7ffbfeff, sa_flags=0x10000004
SIGTERM: [libjvm.so+0x6f1eb0], sa_mask[0]=0x7ffbfeff, sa_flags=0x10000004
SIGQUIT: [libjvm.so+0x6f1eb0], sa_mask[0]=0x7ffbfeff, sa_flags=0x10000004


---------------  S Y S T E M  ---------------

OS:Ubuntu 13.04 (raring)
uname:Linux 3.8.0-27-generic #40-Ubuntu SMP Tue Jul 9 00:17:05 UTC 2013 x86_64
libc:glibc 2.17 NPTL 2.17 
rlimit: STACK 8192k, CORE 0k, NPROC 63152, NOFILE 4096, AS infinity
load average:1.98 2.20 2.25

/proc/meminfo:
MemTotal:        8102568 kB
MemFree:          804648 kB
Buffers:          139644 kB
Cached:          1727772 kB
SwapCached:            0 kB
Active:          5352876 kB
Inactive:        1187132 kB
Active(anon):    4677152 kB
Inactive(anon):    87200 kB
Active(file):     675724 kB
Inactive(file):  1099932 kB
Unevictable:         100 kB
Mlocked:             100 kB
SwapTotal:       8311804 kB
SwapFree:        8311804 kB
Dirty:               836 kB
Writeback:             0 kB
AnonPages:       4672520 kB
Mapped:           296852 kB
Shmem:             91764 kB
Slab:             154312 kB
SReclaimable:     106524 kB
SUnreclaim:        47788 kB
KernelStack:        6344 kB
PageTables:        55056 kB
NFS_Unstable:          0 kB
Bounce:                0 kB
WritebackTmp:          0 kB
CommitLimit:    12363088 kB
Committed_AS:   10174764 kB
VmallocTotal:   34359738367 kB
VmallocUsed:      101504 kB
VmallocChunk:   34359607736 kB
HardwareCorrupted:     0 kB
AnonHugePages:         0 kB
HugePages_Total:       0
HugePages_Free:        0
HugePages_Rsvd:        0
HugePages_Surp:        0
Hugepagesize:       2048 kB
DirectMap4k:       68412 kB
DirectMap2M:     8245248 kB


CPU:total 8 (4 cores per cpu, 2 threads per core) family 6 model 30 stepping 5, cmov, cx8, fxsr, mmx, sse, sse2, sse3, ssse3, sse4.1, sse4.2, popcnt, ht, tsc, tscinvbit

/proc/cpuinfo:
processor	: 0
vendor_id	: GenuineIntel
cpu family	: 6
model		: 30
model name	: Intel(R) Core(TM) i7 CPU         860  @ 2.80GHz
stepping	: 5
microcode	: 0x5
cpu MHz		: 1197.000
cache size	: 8192 KB
physical id	: 0
siblings	: 8
core id		: 0
cpu cores	: 4
apicid		: 0
initial apicid	: 0
fpu		: yes
fpu_exception	: yes
cpuid level	: 11
wp		: yes
flags		: fpu vme de pse tsc msr pae mce cx8 apic sep mtrr pge mca cmov pat pse36 clflush dts acpi mmx fxsr sse sse2 ss ht tm pbe syscall nx rdtscp lm constant_tsc arch_perfmon pebs bts rep_good nopl xtopology nonstop_tsc aperfmperf pni dtes64 monitor ds_cpl vmx smx est tm2 ssse3 cx16 xtpr pdcm sse4_1 sse4_2 popcnt lahf_lm ida dtherm tpr_shadow vnmi flexpriority ept vpid
bogomips	: 5585.99
clflush size	: 64
cache_alignment	: 64
address sizes	: 36 bits physical, 48 bits virtual
power management:

processor	: 1
vendor_id	: GenuineIntel
cpu family	: 6
model		: 30
model name	: Intel(R) Core(TM) i7 CPU         860  @ 2.80GHz
stepping	: 5
microcode	: 0x5
cpu MHz		: 2794.000
cache size	: 8192 KB
physical id	: 0
siblings	: 8
core id		: 1
cpu cores	: 4
apicid		: 2
initial apicid	: 2
fpu		: yes
fpu_exception	: yes
cpuid level	: 11
wp		: yes
flags		: fpu vme de pse tsc msr pae mce cx8 apic sep mtrr pge mca cmov pat pse36 clflush dts acpi mmx fxsr sse sse2 ss ht tm pbe syscall nx rdtscp lm constant_tsc arch_perfmon pebs bts rep_good nopl xtopology nonstop_tsc aperfmperf pni dtes64 monitor ds_cpl vmx smx est tm2 ssse3 cx16 xtpr pdcm sse4_1 sse4_2 popcnt lahf_lm ida dtherm tpr_shadow vnmi flexpriority ept vpid
bogomips	: 5585.99
clflush size	: 64
cache_alignment	: 64
address sizes	: 36 bits physical, 48 bits virtual
power management:

processor	: 2
vendor_id	: GenuineIntel
cpu family	: 6
model		: 30
model name	: Intel(R) Core(TM) i7 CPU         860  @ 2.80GHz
stepping	: 5
microcode	: 0x5
cpu MHz		: 2794.000
cache size	: 8192 KB
physical id	: 0
siblings	: 8
core id		: 2
cpu cores	: 4
apicid		: 4
initial apicid	: 4
fpu		: yes
fpu_exception	: yes
cpuid level	: 11
wp		: yes
flags		: fpu vme de pse tsc msr pae mce cx8 apic sep mtrr pge mca cmov pat pse36 clflush dts acpi mmx fxsr sse sse2 ss ht tm pbe syscall nx rdtscp lm constant_tsc arch_perfmon pebs bts rep_good nopl xtopology nonstop_tsc aperfmperf pni dtes64 monitor ds_cpl vmx smx est tm2 ssse3 cx16 xtpr pdcm sse4_1 sse4_2 popcnt lahf_lm ida dtherm tpr_shadow vnmi flexpriority ept vpid
bogomips	: 5585.99
clflush size	: 64
cache_alignment	: 64
address sizes	: 36 bits physical, 48 bits virtual
power management:

processor	: 3
vendor_id	: GenuineIntel
cpu family	: 6
model		: 30
model name	: Intel(R) Core(TM) i7 CPU         860  @ 2.80GHz
stepping	: 5
microcode	: 0x5
cpu MHz		: 1197.000
cache size	: 8192 KB
physical id	: 0
siblings	: 8
core id		: 3
cpu cores	: 4
apicid		: 6
initial apicid	: 6
fpu		: yes
fpu_exception	: yes
cpuid level	: 11
wp		: yes
flags		: fpu vme de pse tsc msr pae mce cx8 apic sep mtrr pge mca cmov pat pse36 clflush dts acpi mmx fxsr sse sse2 ss ht tm pbe syscall nx rdtscp lm constant_tsc arch_perfmon pebs bts rep_good nopl xtopology nonstop_tsc aperfmperf pni dtes64 monitor ds_cpl vmx smx est tm2 ssse3 cx16 xtpr pdcm sse4_1 sse4_2 popcnt lahf_lm ida dtherm tpr_shadow vnmi flexpriority ept vpid
bogomips	: 5585.99
clflush size	: 64
cache_alignment	: 64
address sizes	: 36 bits physical, 48 bits virtual
power management:

processor	: 4
vendor_id	: GenuineIntel
cpu family	: 6
model		: 30
model name	: Intel(R) Core(TM) i7 CPU         860  @ 2.80GHz
stepping	: 5
microcode	: 0x5
cpu MHz		: 1197.000
cache size	: 8192 KB
physical id	: 0
siblings	: 8
core id		: 0
cpu cores	: 4
apicid		: 1
initial apicid	: 1
fpu		: yes
fpu_exception	: yes
cpuid level	: 11
wp		: yes
flags		: fpu vme de pse tsc msr pae mce cx8 apic sep mtrr pge mca cmov pat pse36 clflush dts acpi mmx fxsr sse sse2 ss ht tm pbe syscall nx rdtscp lm constant_tsc arch_perfmon pebs bts rep_good nopl xtopology nonstop_tsc aperfmperf pni dtes64 monitor ds_cpl vmx smx est tm2 ssse3 cx16 xtpr pdcm sse4_1 sse4_2 popcnt lahf_lm ida dtherm tpr_shadow vnmi flexpriority ept vpid
bogomips	: 5585.99
clflush size	: 64
cache_alignment	: 64
address sizes	: 36 bits physical, 48 bits virtual
power management:

processor	: 5
vendor_id	: GenuineIntel
cpu family	: 6
model		: 30
model name	: Intel(R) Core(TM) i7 CPU         860  @ 2.80GHz
stepping	: 5
microcode	: 0x5
cpu MHz		: 2794.000
cache size	: 8192 KB
physical id	: 0
siblings	: 8
core id		: 1
cpu cores	: 4
apicid		: 3
initial apicid	: 3
fpu		: yes
fpu_exception	: yes
cpuid level	: 11
wp		: yes
flags		: fpu vme de pse tsc msr pae mce cx8 apic sep mtrr pge mca cmov pat pse36 clflush dts acpi mmx fxsr sse sse2 ss ht tm pbe syscall nx rdtscp lm constant_tsc arch_perfmon pebs bts rep_good nopl xtopology nonstop_tsc aperfmperf pni dtes64 monitor ds_cpl vmx smx est tm2 ssse3 cx16 xtpr pdcm sse4_1 sse4_2 popcnt lahf_lm ida dtherm tpr_shadow vnmi flexpriority ept vpid
bogomips	: 5585.99
clflush size	: 64
cache_alignment	: 64
address sizes	: 36 bits physical, 48 bits virtual
power management:

processor	: 6
vendor_id	: GenuineIntel
cpu family	: 6
model		: 30
model name	: Intel(R) Core(TM) i7 CPU         860  @ 2.80GHz
stepping	: 5
microcode	: 0x5
cpu MHz		: 1197.000
cache size	: 8192 KB
physical id	: 0
siblings	: 8
core id		: 2
cpu cores	: 4
apicid		: 5
initial apicid	: 5
fpu		: yes
fpu_exception	: yes
cpuid level	: 11
wp		: yes
flags		: fpu vme de pse tsc msr pae mce cx8 apic sep mtrr pge mca cmov pat pse36 clflush dts acpi mmx fxsr sse sse2 ss ht tm pbe syscall nx rdtscp lm constant_tsc arch_perfmon pebs bts rep_good nopl xtopology nonstop_tsc aperfmperf pni dtes64 monitor ds_cpl vmx smx est tm2 ssse3 cx16 xtpr pdcm sse4_1 sse4_2 popcnt lahf_lm ida dtherm tpr_shadow vnmi flexpriority ept vpid
bogomips	: 5585.99
clflush size	: 64
cache_alignment	: 64
address sizes	: 36 bits physical, 48 bits virtual
power management:

processor	: 7
vendor_id	: GenuineIntel
cpu family	: 6
model		: 30
model name	: Intel(R) Core(TM) i7 CPU         860  @ 2.80GHz
stepping	: 5
microcode	: 0x5
cpu MHz		: 2794.000
cache size	: 8192 KB
physical id	: 0
siblings	: 8
core id		: 3
cpu cores	: 4
apicid		: 7
initial apicid	: 7
fpu		: yes
fpu_exception	: yes
cpuid level	: 11
wp		: yes
flags		: fpu vme de pse tsc msr pae mce cx8 apic sep mtrr pge mca cmov pat pse36 clflush dts acpi mmx fxsr sse sse2 ss ht tm pbe syscall nx rdtscp lm constant_tsc arch_perfmon pebs bts rep_good nopl xtopology nonstop_tsc aperfmperf pni dtes64 monitor ds_cpl vmx smx est tm2 ssse3 cx16 xtpr pdcm sse4_1 sse4_2 popcnt lahf_lm ida dtherm tpr_shadow vnmi flexpriority ept vpid
bogomips	: 5585.99
clflush size	: 64
cache_alignment	: 64
address sizes	: 36 bits physical, 48 bits virtual
power management:



Memory: 4k page, physical 8102568k(804400k free), swap 8311804k(8311804k free)

vm_info: OpenJDK 64-Bit Server VM (23.7-b01) for linux-amd64 JRE (1.7.0_25-b30), built on Jul  3 2013 13:50:39 by "buildd" with gcc 4.7.3

time: Mon Aug 19 16:53:27 2013
elapsed time: 305 seconds

