#
# A fatal error has been detected by the Java Runtime Environment:
#
#  SIGSEGV (0xb) at pc=0x00007f7e459ee2b9, pid=7347, tid=140180300322560
#
# JRE version: 7.0_25-b30
# Java VM: OpenJDK 64-Bit Server VM (23.7-b01 mixed mode linux-amd64 compressed oops)
# Problematic frame:
# C  [libSoar.so+0x1d72b9]  add_wme_to_gds(agent_struct*, gds_struct*, wme_struct*)+0x4b
#
# Failed to write core dump. Core dumps have been disabled. To enable core dumping, try "ulimit -c unlimited" before starting Java again
#
# If you would like to submit a bug report, please include
# instructions on how to reproduce the bug and visit:
#   https://bugs.launchpad.net/ubuntu/+source/openjdk-7/
#

---------------  T H R E A D  ---------------

Current thread is native thread

siginfo:si_signo=SIGSEGV: si_errno=0, si_code=1 (SEGV_MAPERR), si_addr=0x0000000000000008

Registers:
RAX=0x0000000000000000, RBX=0x00007f7de9388460, RCX=0x0000000000000000, RDX=0x0000000000000000
RSP=0x00007f7e450139c0, RBP=0x00007f7e45013af0, RSI=0x0000000000000000, RDI=0x00007f7de8000dd0
R8 =0x00007f7de9843620, R9 =0x0000000000000200, R10=0x0000000000000021, R11=0x00007f7de8000078
R12=0x0000000000000000, R13=0x00007f7e59634060, R14=0x00007f7e596124f0, R15=0x0000000000001000
RIP=0x00007f7e459ee2b9, EFLAGS=0x0000000000010246, CSGSFS=0x0000000000000033, ERR=0x0000000000000004
  TRAPNO=0x000000000000000e

Top of Stack: (sp=0x00007f7e450139c0)
0x00007f7e450139c0:   00007f7d00000000 00007f7de90ab548
0x00007f7e450139d0:   0000000000000000 00007f7de8000dd0
0x00007f7e450139e0:   00007f7de92c1880 00007f7de92c1880
0x00007f7e450139f0:   00007f7de92c1a80 00007f7de923dab8
0x00007f7e45013a00:   00007f7e45013ad0 00007f7e45013c50
0x00007f7e45013a10:   00007f7de93bd430 00007f7de9388460
0x00007f7e45013a20:   00007f7e45013af0 0000000000000000
0x00007f7e45013a30:   00007f7e59634060 00007f7e596124f0
0x00007f7e45013a40:   0000000000001000 00007f7e459eec18
0x00007f7e45013a50:   00007f7de92c1880 00007f7de8000dd0
0x00007f7e45013a60:   00017f7de92c1a80 0000000000000000
0x00007f7e45013a70:   0000000000000000 00007f7de8000020
0x00007f7e45013a80:   0000000000000018 0000000000000000
0x00007f7e45013a90:   00007f7e59634060 00007f7e596124f0
0x00007f7e45013aa0:   0000000000001000 00007f7e58ebe580
0x00007f7e45013ab0:   00007f7de92c1a80 00007f7de9388460
0x00007f7e45013ac0:   00007f7e45013af0 00007f7e459ee1fe
0x00007f7e45013ad0:   00007f7de91423e8 00007f7de8000dd0
0x00007f7e45013ae0:   0000000000000000 d0768d853832b700
0x00007f7e45013af0:   00007f7e45013ba0 00007f7e459ee758
0x00007f7e45013b00:   00007f7de92c1880 00007f7de8000dd0
0x00007f7e45013b10:   00077f7de92c1a80 0000000000000000
0x00007f7e45013b20:   00007f7de96d20c0 00007f7de9339e90
0x00007f7e45013b30:   00007f7de9142e10 00007f7de90ab548
0x00007f7e45013b40:   0000000000000000 00007f7de9478c70
0x00007f7e45013b50:   0000000000001000 00007f7e58ebe580
0x00007f7e45013b60:   0000000100000000 00007f7de9388460
0x00007f7e45013b70:   00007f7e45013ba0 00007f7de9388460
0x00007f7e45013b80:   00007f7e45013c50 0000000000000000
0x00007f7e45013b90:   00007f7e59634060 00007f7de9339e90
0x00007f7e45013ba0:   00007f7e45013c50 00007f7e459eec52
0x00007f7e45013bb0:   00007f7e59634060 00007f7de8000dd0 

Instructions: (pc=0x00007f7e459ee2b9)
0x00007f7e459ee299:   45 f8 31 c0 48 8b 85 d8 fe ff ff 48 8b 95 e0 fe
0x00007f7e459ee2a9:   ff ff 48 89 90 90 00 00 00 48 8b 85 e0 fe ff ff
0x00007f7e459ee2b9:   48 8b 50 08 48 8b 85 d8 fe ff ff 48 89 90 98 00
0x00007f7e459ee2c9:   00 00 48 8b 85 d8 fe ff ff 48 c7 80 a0 00 00 00 

Register to memory mapping:

RAX=0x0000000000000000 is an unknown value
RBX=0x00007f7de9388460 is an unknown value
RCX=0x0000000000000000 is an unknown value
RDX=0x0000000000000000 is an unknown value
RSP=0x00007f7e450139c0 is an unknown value
RBP=0x00007f7e45013af0 is an unknown value
RSI=0x0000000000000000 is an unknown value
RDI=0x00007f7de8000dd0 is an unknown value
R8 =0x00007f7de9843620 is an unknown value
R9 =0x0000000000000200 is an unknown value
R10=0x0000000000000021 is an unknown value
R11=0x00007f7de8000078 is an unknown value
R12=0x0000000000000000 is an unknown value
R13=0x00007f7e59634060: _rtld_global+0 in /lib64/ld-linux-x86-64.so.2 at 0x00007f7e59411000
R14=0x00007f7e596124f0 is pointing into the stack for thread: 0x00007f7e50009800
R15=0x0000000000001000 is an unknown value


Stack: [0x00007f7e44815000,0x00007f7e45016000],  sp=0x00007f7e450139c0,  free space=8186k
Native frames: (J=compiled Java code, j=interpreted, Vv=VM code, C=native code)
C  [libSoar.so+0x1d72b9]  add_wme_to_gds(agent_struct*, gds_struct*, wme_struct*)+0x4b
C  [libSoar.so+0x1d7758]  elaborate_gds(agent_struct*)+0x328
C  [libSoar.so+0x1d7c52]  elaborate_gds(agent_struct*)+0x822
C  [libSoar.so+0x1d516a]  decide_non_context_slot(agent_struct*, slot_struct*)+0x4f6
C  [libSoar.so+0x1d52e3]  decide_non_context_slots(agent_struct*)+0x55
C  [libSoar.so+0x1d6f18]  do_working_memory_phase(agent_struct*)+0x105
C  [libSoar.so+0x1eb7ca]  epmem_respond_to_cmd(agent_struct*)+0xc30
C  [libSoar.so+0x1eb94c]  epmem_go(agent_struct*, bool)+0x5c
C  [libSoar.so+0x1f0297]  do_one_top_level_phase(agent_struct*)+0xb3b
C  [libSoar.so+0x1f1318]  run_for_n_decision_cycles(agent_struct*, long)+0xb8
C  [libSoar.so+0x380f5d]  sml::AgentSML::Step(sml::smlRunStepSize)+0x109
C  [libSoar.so+0x380d95]  sml::AgentSML::StepInClientThread(sml::smlRunStepSize)+0x43
C  [libSoar.so+0x391d66]  sml::RunScheduler::RunScheduledAgents(bool, sml::smlRunStepSize, unsigned long, sml::smlRunFlags, sml::smlRunStepSize, bool)+0x348
C  [libSoar.so+0x41d2d0]  cli::CommandLineInterface::DoRun(std::bitset<10ul> const&, int, cli::Cli::eRunInterleaveMode)+0x332
C  [libSoar.so+0x43e338]  cli::RunCommand::Parse(std::vector<std::string, std::allocator<std::string> >&)+0x67a
C  [libSoar.so+0x42e86f]  cli::Parser::handle_command(std::vector<std::string, std::allocator<std::string> >&)+0x91
C  [libSoar.so+0x42d596]  soar::tokenizer::parse_command()+0x1d0
C  [libSoar.so+0x42d33c]  soar::tokenizer::evaluate(char const*)+0x60
C  [libSoar.so+0x42080b]  cli::CommandLineInterface::Source(char const*, bool)+0x61
C  [libSoar.so+0x42ab13]  cli::CommandLineInterface::DoCommand(sml::Connection*, sml::AgentSML*, char const*, bool, bool, soarxml::ElementXML*)+0x11d
C  [libSoar.so+0x38c0e9]  sml::KernelSML::HandleCommandLine(sml::AgentSML*, char const*, sml::Connection*, sml::AnalyzeXML*, soarxml::ElementXML*)+0x481
C  [libSoar.so+0x3883c3]  sml::KernelSML::ProcessCommand(char const*, sml::Connection*, sml::AnalyzeXML*, soarxml::ElementXML*)+0x325
C  [libSoar.so+0x38868f]  sml::KernelSML::ProcessIncomingSML(sml::Connection*, soarxml::ElementXML*)+0x119
C  [libSoar.so+0x37f1c0]  ReceivedCall(sml::Connection*, soarxml::ElementXML*, void*)+0x3b
C  [libSoar.so+0x3f70d8]  sml::Callback::Invoke(soarxml::ElementXML*)+0x30
C  [libSoar.so+0x3f0dcb]  sml::Connection::InvokeCallbacks(soarxml::ElementXML*)+0x105
C  [libSoar.so+0x3f446d]  sml::RemoteConnection::ReceiveMessages(bool, int, int)+0x229
C  [libSoar.so+0x3f4241]  sml::RemoteConnection::ReceiveMessages(bool)+0x2b
C  [libSoar.so+0x385655]  sml::ConnectionManager::ReceiveAllMessages()+0x6f
C  [libSoar.so+0x38e062]  sml::ReceiverThread::Run()+0x2e
C  [libSoar.so+0x3f6d7d]  ThreadStartFunction(void*)+0x2b
C  [libSoar.so+0x3f6c35]  LinuxThreadFunc(void*)+0x28


---------------  P R O C E S S  ---------------

VM state:not at safepoint (normal execution)

VM Mutex/Monitor currently owned by a thread: None

Heap
 PSYoungGen      total 262464K, used 79529K [0x00000007d6c00000, 0x00000007f0900000, 0x0000000800000000)
  eden space 253184K, 29% used [0x00000007d6c00000,0x00000007db4b2a38,0x00000007e6340000)
  from space 9280K, 54% used [0x00000007e6340000,0x00000007e6837d00,0x00000007e6c50000)
  to   space 8896K, 0% used [0x00000007f0050000,0x00000007f0050000,0x00000007f0900000)
 ParOldGen       total 84480K, used 9754K [0x0000000784400000, 0x0000000789680000, 0x00000007d6c00000)
  object space 84480K, 11% used [0x0000000784400000,0x0000000784d86bd0,0x0000000789680000)
 PSPermGen       total 21248K, used 19102K [0x0000000779e00000, 0x000000077b2c0000, 0x0000000784400000)
  object space 21248K, 89% used [0x0000000779e00000,0x000000077b0a7990,0x000000077b2c0000)

Card table byte_map: [0x00007f7e55e6c000,0x00007f7e5629e000] byte_map_base: 0x00007f7e5229d000

Polling page: 0x00007f7e59630000

Code Cache  [0x00007f7e4d000000, 0x00007f7e4d270000, 0x00007f7e50000000)
 total_blobs=1019 nmethods=468 adapters=503 free_code_cache=47319Kb largest_free_block=48414016

Compilation events (10 events):
Event: 405.947 Thread 0x00007f7e50119800 nmethod 484 0x00007f7e4d1c2ad0 code [0x00007f7e4d1c2c00, 0x00007f7e4d1c2c98]
Event: 405.955 Thread 0x00007f7e50116800 nmethod 483 0x00007f7e4d1c1e50 code [0x00007f7e4d1c1fe0, 0x00007f7e4d1c2718]
Event: 413.270 Thread 0x00007f7e50119800  485             java.util.HashMap$KeySet::<init> (6 bytes)
Event: 413.270 Thread 0x00007f7e50116800  486             java.util.HashMap$KeySet::<init> (10 bytes)
Event: 413.271 Thread 0x00007f7e50119800 nmethod 485 0x00007f7e4d108dd0 code [0x00007f7e4d108f00, 0x00007f7e4d108f78]
Event: 413.271 Thread 0x00007f7e50116800 nmethod 486 0x00007f7e4d127190 code [0x00007f7e4d1272c0, 0x00007f7e4d127338]
Event: 417.615 Thread 0x00007f7e50116800  487             java.util.HashSet::remove (20 bytes)
Event: 417.623 Thread 0x00007f7e50116800 nmethod 487 0x00007f7e4d1b4ad0 code [0x00007f7e4d1b4c60, 0x00007f7e4d1b5168]
Event: 419.522 Thread 0x00007f7e50119800  488             java.util.HashMap$KeySet::size (8 bytes)
Event: 419.523 Thread 0x00007f7e50119800 nmethod 488 0x00007f7e4d126f50 code [0x00007f7e4d127080, 0x00007f7e4d1270f8]

GC Heap History (10 events):
Event: 1.707 GC heap before
{Heap before GC invocations=5 (full 0):
 PSYoungGen      total 68608K, used 68416K [0x00000007d6c00000, 0x00000007db420000, 0x0000000800000000)
  eden space 63360K, 100% used [0x00000007d6c00000,0x00000007da9e0000,0x00000007da9e0000)
  from space 5248K, 96% used [0x00000007daf00000,0x00000007db3f0020,0x00000007db420000)
  to   space 5248K, 0% used [0x00000007da9e0000,0x00000007da9e0000,0x00000007daf00000)
 ParOldGen       total 84480K, used 3846K [0x0000000784400000, 0x0000000789680000, 0x00000007d6c00000)
  object space 84480K, 4% used [0x0000000784400000,0x00000007847c1b60,0x0000000789680000)
 PSPermGen       total 21248K, used 3568K [0x0000000779e00000, 0x000000077b2c0000, 0x0000000784400000)
  object space 21248K, 16% used [0x0000000779e00000,0x000000077a17c2f8,0x000000077b2c0000)
Event: 1.720 GC heap after
Heap after GC invocations=5 (full 0):
 PSYoungGen      total 68608K, used 5216K [0x00000007d6c00000, 0x00000007df840000, 0x0000000800000000)
  eden space 63360K, 0% used [0x00000007d6c00000,0x00000007d6c00000,0x00000007da9e0000)
  from space 5248K, 99% used [0x00000007da9e0000,0x00000007daef8020,0x00000007daf00000)
  to   space 8448K, 0% used [0x00000007df000000,0x00000007df000000,0x00000007df840000)
 ParOldGen       total 84480K, used 4854K [0x0000000784400000, 0x0000000789680000, 0x00000007d6c00000)
  object space 84480K, 5% used [0x0000000784400000,0x00000007848bdb60,0x0000000789680000)
 PSPermGen       total 21248K, used 3568K [0x0000000779e00000, 0x000000077b2c0000, 0x0000000784400000)
  object space 21248K, 16% used [0x0000000779e00000,0x000000077a17c2f8,0x000000077b2c0000)
}
Event: 1.983 GC heap before
{Heap before GC invocations=6 (full 0):
 PSYoungGen      total 68608K, used 68576K [0x00000007d6c00000, 0x00000007df840000, 0x0000000800000000)
  eden space 63360K, 100% used [0x00000007d6c00000,0x00000007da9e0000,0x00000007da9e0000)
  from space 5248K, 99% used [0x00000007da9e0000,0x00000007daef8020,0x00000007daf00000)
  to   space 8448K, 0% used [0x00000007df000000,0x00000007df000000,0x00000007df840000)
 ParOldGen       total 84480K, used 4854K [0x0000000784400000, 0x0000000789680000, 0x00000007d6c00000)
  object space 84480K, 5% used [0x0000000784400000,0x00000007848bdb60,0x0000000789680000)
 PSPermGen       total 21248K, used 3568K [0x0000000779e00000, 0x000000077b2c0000, 0x0000000784400000)
  object space 21248K, 16% used [0x0000000779e00000,0x000000077a17c2f8,0x000000077b2c0000)
Event: 1.993 GC heap after
Heap after GC invocations=6 (full 0):
 PSYoungGen      total 134784K, used 5520K [0x00000007d6c00000, 0x00000007df7e0000, 0x0000000800000000)
  eden space 126720K, 0% used [0x00000007d6c00000,0x00000007d6c00000,0x00000007de7c0000)
  from space 8064K, 68% used [0x00000007df000000,0x00000007df564010,0x00000007df7e0000)
  to   space 8256K, 0% used [0x00000007de7c0000,0x00000007de7c0000,0x00000007defd0000)
 ParOldGen       total 84480K, used 4854K [0x0000000784400000, 0x0000000789680000, 0x00000007d6c00000)
  object space 84480K, 5% used [0x0000000784400000,0x00000007848bdb60,0x0000000789680000)
 PSPermGen       total 21248K, used 3568K [0x0000000779e00000, 0x000000077b2c0000, 0x0000000784400000)
  object space 21248K, 16% used [0x0000000779e00000,0x000000077a17c2f8,0x000000077b2c0000)
}
Event: 2.462 GC heap before
{Heap before GC invocations=7 (full 0):
 PSYoungGen      total 134784K, used 132240K [0x00000007d6c00000, 0x00000007df7e0000, 0x0000000800000000)
  eden space 126720K, 100% used [0x00000007d6c00000,0x00000007de7c0000,0x00000007de7c0000)
  from space 8064K, 68% used [0x00000007df000000,0x00000007df564010,0x00000007df7e0000)
  to   space 8256K, 0% used [0x00000007de7c0000,0x00000007de7c0000,0x00000007defd0000)
 ParOldGen       total 84480K, used 4854K [0x0000000784400000, 0x0000000789680000, 0x00000007d6c00000)
  object space 84480K, 5% used [0x0000000784400000,0x00000007848bdb60,0x0000000789680000)
 PSPermGen       total 21248K, used 3568K [0x0000000779e00000, 0x000000077b2c0000, 0x0000000784400000)
  object space 21248K, 16% used [0x0000000779e00000,0x000000077a17c2f8,0x000000077b2c0000)
Event: 2.475 GC heap after
Heap after GC invocations=7 (full 0):
 PSYoungGen      total 134976K, used 1344K [0x00000007d6c00000, 0x00000007e7520000, 0x0000000800000000)
  eden space 126720K, 0% used [0x00000007d6c00000,0x00000007d6c00000,0x00000007de7c0000)
  from space 8256K, 16% used [0x00000007de7c0000,0x00000007de910000,0x00000007defd0000)
  to   space 9024K, 0% used [0x00000007e6c50000,0x00000007e6c50000,0x00000007e7520000)
 ParOldGen       total 84480K, used 9578K [0x0000000784400000, 0x0000000789680000, 0x00000007d6c00000)
  object space 84480K, 11% used [0x0000000784400000,0x0000000784d5abd0,0x0000000789680000)
 PSPermGen       total 21248K, used 3568K [0x0000000779e00000, 0x000000077b2c0000, 0x0000000784400000)
  object space 21248K, 16% used [0x0000000779e00000,0x000000077a17c2f8,0x000000077b2c0000)
}
Event: 2.880 GC heap before
{Heap before GC invocations=8 (full 0):
 PSYoungGen      total 134976K, used 128064K [0x00000007d6c00000, 0x00000007e7520000, 0x0000000800000000)
  eden space 126720K, 100% used [0x00000007d6c00000,0x00000007de7c0000,0x00000007de7c0000)
  from space 8256K, 16% used [0x00000007de7c0000,0x00000007de910000,0x00000007defd0000)
  to   space 9024K, 0% used [0x00000007e6c50000,0x00000007e6c50000,0x00000007e7520000)
 ParOldGen       total 84480K, used 9578K [0x0000000784400000, 0x0000000789680000, 0x00000007d6c00000)
  object space 84480K, 11% used [0x0000000784400000,0x0000000784d5abd0,0x0000000789680000)
 PSPermGen       total 21248K, used 3568K [0x0000000779e00000, 0x000000077b2c0000, 0x0000000784400000)
  object space 21248K, 16% used [0x0000000779e00000,0x000000077a17c2f8,0x000000077b2c0000)
Event: 2.886 GC heap after
Heap after GC invocations=8 (full 0):
 PSYoungGen      total 262208K, used 1728K [0x00000007d6c00000, 0x00000007e75a0000, 0x0000000800000000)
  eden space 253184K, 0% used [0x00000007d6c00000,0x00000007d6c00000,0x00000007e6340000)
  from space 9024K, 19% used [0x00000007e6c50000,0x00000007e6e00000,0x00000007e7520000)
  to   space 9280K, 0% used [0x00000007e6340000,0x00000007e6340000,0x00000007e6c50000)
 ParOldGen       total 84480K, used 9698K [0x0000000784400000, 0x0000000789680000, 0x00000007d6c00000)
  object space 84480K, 11% used [0x0000000784400000,0x0000000784d78bd0,0x0000000789680000)
 PSPermGen       total 21248K, used 3568K [0x0000000779e00000, 0x000000077b2c0000, 0x0000000784400000)
  object space 21248K, 16% used [0x0000000779e00000,0x000000077a17c2f8,0x000000077b2c0000)
}
Event: 163.066 GC heap before
{Heap before GC invocations=9 (full 0):
 PSYoungGen      total 262208K, used 254912K [0x00000007d6c00000, 0x00000007e75a0000, 0x0000000800000000)
  eden space 253184K, 100% used [0x00000007d6c00000,0x00000007e6340000,0x00000007e6340000)
  from space 9024K, 19% used [0x00000007e6c50000,0x00000007e6e00000,0x00000007e7520000)
  to   space 9280K, 0% used [0x00000007e6340000,0x00000007e6340000,0x00000007e6c50000)
 ParOldGen       total 84480K, used 9698K [0x0000000784400000, 0x0000000789680000, 0x00000007d6c00000)
  object space 84480K, 11% used [0x0000000784400000,0x0000000784d78bd0,0x0000000789680000)
 PSPermGen       total 21248K, used 19089K [0x0000000779e00000, 0x000000077b2c0000, 0x0000000784400000)
  object space 21248K, 89% used [0x0000000779e00000,0x000000077b0a47b0,0x000000077b2c0000)
Event: 163.073 GC heap after
Heap after GC invocations=9 (full 0):
 PSYoungGen      total 262464K, used 5087K [0x00000007d6c00000, 0x00000007f0900000, 0x0000000800000000)
  eden space 253184K, 0% used [0x00000007d6c00000,0x00000007d6c00000,0x00000007e6340000)
  from space 9280K, 54% used [0x00000007e6340000,0x00000007e6837d00,0x00000007e6c50000)
  to   space 8896K, 0% used [0x00000007f0050000,0x00000007f0050000,0x00000007f0900000)
 ParOldGen       total 84480K, used 9754K [0x0000000784400000, 0x0000000789680000, 0x00000007d6c00000)
  object space 84480K, 11% used [0x0000000784400000,0x0000000784d86bd0,0x0000000789680000)
 PSPermGen       total 21248K, used 19089K [0x0000000779e00000, 0x000000077b2c0000, 0x0000000784400000)
  object space 21248K, 89% used [0x0000000779e00000,0x000000077b0a47b0,0x000000077b2c0000)
}

Deoptimization events (10 events):
Event: 46.347 Thread 0x00007f7dcc0d3800 Uncommon trap -58 fr.pc 0x00007f7e4d109794
Event: 46.347 Thread 0x00007f7dcc0d3800 Uncommon trap -58 fr.pc 0x00007f7e4d126fbc
Event: 46.347 Thread 0x00007f7dcc0d3800 Uncommon trap -58 fr.pc 0x00007f7e4d126fbc
Event: 46.353 Thread 0x00007f7dcc0d3800 Uncommon trap -58 fr.pc 0x00007f7e4d126fbc
Event: 46.353 Thread 0x00007f7dcc0d3800 Uncommon trap -58 fr.pc 0x00007f7e4d126fbc
Event: 76.728 Thread 0x00007f7e50517000 Uncommon trap -34 fr.pc 0x00007f7e4d18d194
Event: 76.728 Thread 0x00007f7e50517000 Uncommon trap -34 fr.pc 0x00007f7e4d18d194
Event: 76.728 Thread 0x00007f7e50517000 Uncommon trap -34 fr.pc 0x00007f7e4d18d194
Event: 76.728 Thread 0x00007f7e50517000 Uncommon trap -34 fr.pc 0x00007f7e4d18d194
Event: 80.313 Thread 0x00007f7dd0136000 Uncommon trap -83 fr.pc 0x00007f7e4d161b90

Internal exceptions (10 events):
Event: 46.350 Thread 0x00007f7dcc0d3800 Threw 0x00000007e1837f60 at /build/buildd/openjdk-7-7u25-2.3.10/build/openjdk/hotspot/src/share/vm/prims/jvm.cpp:1235
Event: 46.350 Thread 0x00007f7dcc0d3800 Threw 0x00000007e183b1e8 at /build/buildd/openjdk-7-7u25-2.3.10/build/openjdk/hotspot/src/share/vm/prims/jvm.cpp:1235
Event: 46.351 Thread 0x00007f7dcc0d3800 Threw 0x00000007e183e500 at /build/buildd/openjdk-7-7u25-2.3.10/build/openjdk/hotspot/src/share/vm/prims/jvm.cpp:1235
Event: 46.351 Thread 0x00007f7dcc0d3800 Threw 0x00000007e1841b58 at /build/buildd/openjdk-7-7u25-2.3.10/build/openjdk/hotspot/src/share/vm/prims/jvm.cpp:1235
Event: 46.351 Thread 0x00007f7dcc0d3800 Threw 0x00000007e1844a20 at /build/buildd/openjdk-7-7u25-2.3.10/build/openjdk/hotspot/src/share/vm/prims/jvm.cpp:1235
Event: 46.352 Thread 0x00007f7dcc0d3800 Threw 0x00000007e1847ae8 at /build/buildd/openjdk-7-7u25-2.3.10/build/openjdk/hotspot/src/share/vm/prims/jvm.cpp:1235
Event: 46.352 Thread 0x00007f7dcc0d3800 Threw 0x00000007e184ac28 at /build/buildd/openjdk-7-7u25-2.3.10/build/openjdk/hotspot/src/share/vm/prims/jvm.cpp:1235
Event: 46.352 Thread 0x00007f7dcc0d3800 Threw 0x00000007e184dc00 at /build/buildd/openjdk-7-7u25-2.3.10/build/openjdk/hotspot/src/share/vm/prims/jvm.cpp:1235
Event: 51.845 Thread 0x00007f7dcc0d3800 Threw 0x00000007e2392dd0 at /build/buildd/openjdk-7-7u25-2.3.10/build/openjdk/hotspot/src/share/vm/prims/jvm.cpp:1235
Event: 80.313 Thread 0x00007f7dd0136000 Implicit null exception at 0x00007f7e4d15d03b to 0x00007f7e4d161b1d

Events (10 events):
Event: 163.079 Executing VM operation: RevokeBias
Event: 163.079 Executing VM operation: RevokeBias done
Event: 163.079 Executing VM operation: RevokeBias
Event: 163.079 Executing VM operation: RevokeBias done
Event: 163.079 Executing VM operation: BulkRevokeBias
Event: 163.079 Executing VM operation: BulkRevokeBias done
Event: 163.079 Executing VM operation: RevokeBias
Event: 163.079 Executing VM operation: RevokeBias done
Event: 374.603 Thread 0x00007f7e50119800 flushing nmethod 0x00007f7e4d108f90
Event: 405.948 Thread 0x00007f7e50119800 flushing nmethod 0x00007f7e4d126c90


Dynamic libraries:
00400000-00401000 r-xp 00000000 08:01 4466528                            /usr/lib/jvm/java-7-openjdk-amd64/jre/bin/java
00600000-00601000 r--p 00000000 08:01 4466528                            /usr/lib/jvm/java-7-openjdk-amd64/jre/bin/java
00601000-00602000 rw-p 00001000 08:01 4466528                            /usr/lib/jvm/java-7-openjdk-amd64/jre/bin/java
00736000-00757000 rw-p 00000000 00:00 0                                  [heap]
779e00000-77b2c0000 rw-p 00000000 00:00 0 
77b2c0000-784400000 rw-p 00000000 00:00 0 
784400000-789680000 rw-p 00000000 00:00 0 
789680000-7d6c00000 rw-p 00000000 00:00 0 
7d6c00000-7f0900000 rw-p 00000000 00:00 0 
7f0900000-800000000 rw-p 00000000 00:00 0 
7f7dbc000000-7f7dbc021000 rw-p 00000000 00:00 0 
7f7dbc021000-7f7dc0000000 ---p 00000000 00:00 0 
7f7dc4000000-7f7dc4021000 rw-p 00000000 00:00 0 
7f7dc4021000-7f7dc8000000 ---p 00000000 00:00 0 
7f7dc8000000-7f7dc8021000 rw-p 00000000 00:00 0 
7f7dc8021000-7f7dcc000000 ---p 00000000 00:00 0 
7f7dcc000000-7f7dcc1d3000 rw-p 00000000 00:00 0 
7f7dcc1d3000-7f7dd0000000 ---p 00000000 00:00 0 
7f7dd0000000-7f7dd01d3000 rw-p 00000000 00:00 0 
7f7dd01d3000-7f7dd4000000 ---p 00000000 00:00 0 
7f7dd4000000-7f7dd4021000 rw-p 00000000 00:00 0 
7f7dd4021000-7f7dd8000000 ---p 00000000 00:00 0 
7f7dd8000000-7f7dd8021000 rw-p 00000000 00:00 0 
7f7dd8021000-7f7ddc000000 ---p 00000000 00:00 0 
7f7ddc000000-7f7ddc021000 rw-p 00000000 00:00 0 
7f7ddc021000-7f7de0000000 ---p 00000000 00:00 0 
7f7de0000000-7f7de0021000 rw-p 00000000 00:00 0 
7f7de0021000-7f7de4000000 ---p 00000000 00:00 0 
7f7de4000000-7f7de4021000 rw-p 00000000 00:00 0 
7f7de4021000-7f7de8000000 ---p 00000000 00:00 0 
7f7de8000000-7f7de9f01000 rw-p 00000000 00:00 0 
7f7de9f01000-7f7dec000000 ---p 00000000 00:00 0 
7f7dec000000-7f7dec021000 rw-p 00000000 00:00 0 
7f7dec021000-7f7df0000000 ---p 00000000 00:00 0 
7f7df0000000-7f7df0021000 rw-p 00000000 00:00 0 
7f7df0021000-7f7df4000000 ---p 00000000 00:00 0 
7f7df4000000-7f7df549f000 rw-p 00000000 00:00 0 
7f7df549f000-7f7df8000000 ---p 00000000 00:00 0 
7f7df8000000-7f7df9675000 rw-p 00000000 00:00 0 
7f7df9675000-7f7dfc000000 ---p 00000000 00:00 0 
7f7dfc000000-7f7dfc021000 rw-p 00000000 00:00 0 
7f7dfc021000-7f7e00000000 ---p 00000000 00:00 0 
7f7e00000000-7f7e00021000 rw-p 00000000 00:00 0 
7f7e00021000-7f7e04000000 ---p 00000000 00:00 0 
7f7e04000000-7f7e04021000 rw-p 00000000 00:00 0 
7f7e04021000-7f7e08000000 ---p 00000000 00:00 0 
7f7e0bcf0000-7f7e10000000 rw-p 00000000 00:00 0 
7f7e10000000-7f7e10021000 rw-p 00000000 00:00 0 
7f7e10021000-7f7e14000000 ---p 00000000 00:00 0 
7f7e14000000-7f7e14021000 rw-p 00000000 00:00 0 
7f7e14021000-7f7e18000000 ---p 00000000 00:00 0 
7f7e18000000-7f7e18021000 rw-p 00000000 00:00 0 
7f7e18021000-7f7e1c000000 ---p 00000000 00:00 0 
7f7e20000000-7f7e20021000 rw-p 00000000 00:00 0 
7f7e20021000-7f7e24000000 ---p 00000000 00:00 0 
7f7e28000000-7f7e28021000 rw-p 00000000 00:00 0 
7f7e28021000-7f7e2c000000 ---p 00000000 00:00 0 
7f7e2ccea000-7f7e2d1df000 rw-p 00000000 00:00 0 
7f7e2d1df000-7f7e2d1e2000 ---p 00000000 00:00 0 
7f7e2d1e2000-7f7e2d2e0000 rw-p 00000000 00:00 0                          [stack:7408]
7f7e2d2e0000-7f7e2d2e3000 ---p 00000000 00:00 0 
7f7e2d2e3000-7f7e2d3e1000 rw-p 00000000 00:00 0 
7f7e2d3e1000-7f7e2d3e4000 ---p 00000000 00:00 0 
7f7e2d3e4000-7f7e2d4e2000 rw-p 00000000 00:00 0 
7f7e2d4e2000-7f7e2d4e5000 ---p 00000000 00:00 0 
7f7e2d4e5000-7f7e2d5e3000 rw-p 00000000 00:00 0 
7f7e2d5e3000-7f7e2d72c000 rw-s 00000000 00:04 1492746343                 /SYSV00000000 (deleted)
7f7e2d72c000-7f7e2d73c000 r-xp 00000000 08:01 4466495                    /usr/lib/jvm/java-7-openjdk-amd64/jre/lib/amd64/libnio.so
7f7e2d73c000-7f7e2d93c000 ---p 00010000 08:01 4466495                    /usr/lib/jvm/java-7-openjdk-amd64/jre/lib/amd64/libnio.so
7f7e2d93c000-7f7e2d93d000 r--p 00010000 08:01 4466495                    /usr/lib/jvm/java-7-openjdk-amd64/jre/lib/amd64/libnio.so
7f7e2d93d000-7f7e2d93e000 rw-p 00011000 08:01 4466495                    /usr/lib/jvm/java-7-openjdk-amd64/jre/lib/amd64/libnio.so
7f7e2d93e000-7f7e2d98a000 r-xp 00000000 08:01 4466507                    /usr/lib/jvm/java-7-openjdk-amd64/jre/lib/amd64/libfontmanager.so
7f7e2d98a000-7f7e2db89000 ---p 0004c000 08:01 4466507                    /usr/lib/jvm/java-7-openjdk-amd64/jre/lib/amd64/libfontmanager.so
7f7e2db89000-7f7e2db8c000 r--p 0004b000 08:01 4466507                    /usr/lib/jvm/java-7-openjdk-amd64/jre/lib/amd64/libfontmanager.so
7f7e2db8c000-7f7e2db8d000 rw-p 0004e000 08:01 4466507                    /usr/lib/jvm/java-7-openjdk-amd64/jre/lib/amd64/libfontmanager.so
7f7e2db8d000-7f7e2db90000 ---p 00000000 00:00 0 
7f7e2db90000-7f7e2dc8e000 rw-p 00000000 00:00 0                          [stack:7401]
7f7e2dc8e000-7f7e2dc91000 ---p 00000000 00:00 0 
7f7e2dc91000-7f7e2dd8f000 rw-p 00000000 00:00 0                          [stack:7400]
7f7e2dd8f000-7f7e2dd92000 ---p 00000000 00:00 0 
7f7e2dd92000-7f7e2de90000 rw-p 00000000 00:00 0                          [stack:7399]
7f7e2de90000-7f7e2efff000 r-xp 00000000 08:01 4463905                    /usr/lib/x86_64-linux-gnu/libicudata.so.48.1.1
7f7e2efff000-7f7e2f1fe000 ---p 0116f000 08:01 4463905                    /usr/lib/x86_64-linux-gnu/libicudata.so.48.1.1
7f7e2f1fe000-7f7e2f1ff000 r--p 0116e000 08:01 4463905                    /usr/lib/x86_64-linux-gnu/libicudata.so.48.1.1
7f7e2f1ff000-7f7e2f200000 rw-p 0116f000 08:01 4463905                    /usr/lib/x86_64-linux-gnu/libicudata.so.48.1.1
7f7e2f200000-7f7e2f203000 r-xp 00000000 08:01 6033033                    /lib/x86_64-linux-gnu/libgpg-error.so.0.8.0
7f7e2f203000-7f7e2f402000 ---p 00003000 08:01 6033033                    /lib/x86_64-linux-gnu/libgpg-error.so.0.8.0
7f7e2f402000-7f7e2f403000 r--p 00002000 08:01 6033033                    /lib/x86_64-linux-gnu/libgpg-error.so.0.8.0
7f7e2f403000-7f7e2f404000 rw-p 00003000 08:01 6033033                    /lib/x86_64-linux-gnu/libgpg-error.so.0.8.0
7f7e2f404000-7f7e2f406000 r-xp 00000000 08:01 6033044                    /lib/x86_64-linux-gnu/libkeyutils.so.1.4
7f7e2f406000-7f7e2f606000 ---p 00002000 08:01 6033044                    /lib/x86_64-linux-gnu/libkeyutils.so.1.4
7f7e2f606000-7f7e2f607000 r--p 00002000 08:01 6033044                    /lib/x86_64-linux-gnu/libkeyutils.so.1.4
7f7e2f607000-7f7e2f608000 rw-p 00003000 08:01 6033044                    /lib/x86_64-linux-gnu/libkeyutils.so.1.4
7f7e2f608000-7f7e2f75e000 r-xp 00000000 08:01 4463919                    /usr/lib/x86_64-linux-gnu/libicuuc.so.48.1.1
7f7e2f75e000-7f7e2f95d000 ---p 00156000 08:01 4463919                    /usr/lib/x86_64-linux-gnu/libicuuc.so.48.1.1
7f7e2f95d000-7f7e2f96e000 r--p 00155000 08:01 4463919                    /usr/lib/x86_64-linux-gnu/libicuuc.so.48.1.1
7f7e2f96e000-7f7e2f96f000 rw-p 00166000 08:01 4463919                    /usr/lib/x86_64-linux-gnu/libicuuc.so.48.1.1
7f7e2f96f000-7f7e2f973000 rw-p 00000000 00:00 0 
7f7e2f973000-7f7e2f9a5000 r-xp 00000000 08:01 4463911                    /usr/lib/x86_64-linux-gnu/libicule.so.48.1.1
7f7e2f9a5000-7f7e2fba5000 ---p 00032000 08:01 4463911                    /usr/lib/x86_64-linux-gnu/libicule.so.48.1.1
7f7e2fba5000-7f7e2fba7000 r--p 00032000 08:01 4463911                    /usr/lib/x86_64-linux-gnu/libicule.so.48.1.1
7f7e2fba7000-7f7e2fba8000 rw-p 00034000 08:01 4463911                    /usr/lib/x86_64-linux-gnu/libicule.so.48.1.1
7f7e2fba8000-7f7e2fbeb000 r-xp 00000000 08:01 6029336                    /lib/x86_64-linux-gnu/libdbus-1.so.3.7.2
7f7e2fbeb000-7f7e2fdea000 ---p 00043000 08:01 6029336                    /lib/x86_64-linux-gnu/libdbus-1.so.3.7.2
7f7e2fdea000-7f7e2fdeb000 r--p 00042000 08:01 6029336                    /lib/x86_64-linux-gnu/libdbus-1.so.3.7.2
7f7e2fdeb000-7f7e2fdec000 rw-p 00043000 08:01 6029336                    /lib/x86_64-linux-gnu/libdbus-1.so.3.7.2
7f7e2fdec000-7f7e2fdfe000 r-xp 00000000 08:01 4464044                    /usr/lib/x86_64-linux-gnu/libp11-kit.so.0.0.0
7f7e2fdfe000-7f7e2fffe000 ---p 00012000 08:01 4464044                    /usr/lib/x86_64-linux-gnu/libp11-kit.so.0.0.0
7f7e2fffe000-7f7e2ffff000 r--p 00012000 08:01 4464044                    /usr/lib/x86_64-linux-gnu/libp11-kit.so.0.0.0
7f7e2ffff000-7f7e30000000 rw-p 00013000 08:01 4464044                    /usr/lib/x86_64-linux-gnu/libp11-kit.so.0.0.0
7f7e30000000-7f7e30021000 rw-p 00000000 00:00 0 
7f7e30021000-7f7e34000000 ---p 00000000 00:00 0 
7f7e340c7000-7f7e340ca000 ---p 00000000 00:00 0 
7f7e340ca000-7f7e341c8000 rw-p 00000000 00:00 0                          [stack:7398]
7f7e341c8000-7f7e341d7000 r-xp 00000000 08:01 4464202                    /usr/lib/x86_64-linux-gnu/libtasn1.so.3.2.0
7f7e341d7000-7f7e343d7000 ---p 0000f000 08:01 4464202                    /usr/lib/x86_64-linux-gnu/libtasn1.so.3.2.0
7f7e343d7000-7f7e343d8000 r--p 0000f000 08:01 4464202                    /usr/lib/x86_64-linux-gnu/libtasn1.so.3.2.0
7f7e343d8000-7f7e343d9000 rw-p 00010000 08:01 4464202                    /usr/lib/x86_64-linux-gnu/libtasn1.so.3.2.0
7f7e343d9000-7f7e34453000 r-xp 00000000 08:01 6031341                    /lib/x86_64-linux-gnu/libgcrypt.so.11.7.0
7f7e34453000-7f7e34653000 ---p 0007a000 08:01 6031341                    /lib/x86_64-linux-gnu/libgcrypt.so.11.7.0
7f7e34653000-7f7e34654000 r--p 0007a000 08:01 6031341                    /lib/x86_64-linux-gnu/libgcrypt.so.11.7.0
7f7e34654000-7f7e34657000 rw-p 0007b000 08:01 6031341                    /lib/x86_64-linux-gnu/libgcrypt.so.11.7.0
7f7e34657000-7f7e3465e000 r-xp 00000000 08:01 4463954                    /usr/lib/x86_64-linux-gnu/libkrb5support.so.0.1
7f7e3465e000-7f7e3485d000 ---p 00007000 08:01 4463954                    /usr/lib/x86_64-linux-gnu/libkrb5support.so.0.1
7f7e3485d000-7f7e3485e000 r--p 00006000 08:01 4463954                    /usr/lib/x86_64-linux-gnu/libkrb5support.so.0.1
7f7e3485e000-7f7e3485f000 rw-p 00007000 08:01 4463954                    /usr/lib/x86_64-linux-gnu/libkrb5support.so.0.1
7f7e3485f000-7f7e34862000 r-xp 00000000 08:01 6033009                    /lib/x86_64-linux-gnu/libcom_err.so.2.1
7f7e34862000-7f7e34a61000 ---p 00003000 08:01 6033009                    /lib/x86_64-linux-gnu/libcom_err.so.2.1
7f7e34a61000-7f7e34a62000 r--p 00002000 08:01 6033009                    /lib/x86_64-linux-gnu/libcom_err.so.2.1
7f7e34a62000-7f7e34a63000 rw-p 00003000 08:01 6033009                    /lib/x86_64-linux-gnu/libcom_err.so.2.1
7f7e34a63000-7f7e34a89000 r-xp 00000000 08:01 4463948                    /usr/lib/x86_64-linux-gnu/libk5crypto.so.3.1
7f7e34a89000-7f7e34c89000 ---p 00026000 08:01 4463948                    /usr/lib/x86_64-linux-gnu/libk5crypto.so.3.1
7f7e34c89000-7f7e34c8a000 r--p 00026000 08:01 4463948                    /usr/lib/x86_64-linux-gnu/libk5crypto.so.3.1
7f7e34c8a000-7f7e34c8b000 rw-p 00027000 08:01 4463948                    /usr/lib/x86_64-linux-gnu/libk5crypto.so.3.1
7f7e34c8b000-7f7e34c8c000 rw-p 00000000 00:00 0 
7f7e34c8c000-7f7e34d50000 r-xp 00000000 08:01 4463952                    /usr/lib/x86_64-linux-gnu/libkrb5.so.3.3
7f7e34d50000-7f7e34f4f000 ---p 000c4000 08:01 4463952                    /usr/lib/x86_64-linux-gnu/libkrb5.so.3.3
7f7e34f4f000-7f7e34f59000 r--p 000c3000 08:01 4463952                    /usr/lib/x86_64-linux-gnu/libkrb5.so.3.3
7f7e34f59000-7f7e34f5a000 rw-p 000cd000 08:01 4463952                    /usr/lib/x86_64-linux-gnu/libkrb5.so.3.3
7f7e34f5a000-7f7e34fef000 r-xp 00000000 08:01 4463889                    /usr/lib/x86_64-linux-gnu/libharfbuzz.so.0.913.0
7f7e34fef000-7f7e351ee000 ---p 00095000 08:01 4463889                    /usr/lib/x86_64-linux-gnu/libharfbuzz.so.0.913.0
7f7e351ee000-7f7e351f0000 r--p 00094000 08:01 4463889                    /usr/lib/x86_64-linux-gnu/libharfbuzz.so.0.913.0
7f7e351f0000-7f7e351f1000 rw-p 00096000 08:01 4463889                    /usr/lib/x86_64-linux-gnu/libharfbuzz.so.0.913.0
7f7e351f1000-7f7e351f9000 r-xp 00000000 08:01 4463414                    /usr/lib/x86_64-linux-gnu/libxcb-render.so.0.0.0
7f7e351f9000-7f7e353f9000 ---p 00008000 08:01 4463414                    /usr/lib/x86_64-linux-gnu/libxcb-render.so.0.0.0
7f7e353f9000-7f7e353fa000 r--p 00008000 08:01 4463414                    /usr/lib/x86_64-linux-gnu/libxcb-render.so.0.0.0
7f7e353fa000-7f7e353fb000 rw-p 00009000 08:01 4463414                    /usr/lib/x86_64-linux-gnu/libxcb-render.so.0.0.0
7f7e353fb000-7f7e353fd000 r-xp 00000000 08:01 4464126                    /usr/lib/x86_64-linux-gnu/libxcb-shm.so.0.0.0
7f7e353fd000-7f7e355fc000 ---p 00002000 08:01 4464126                    /usr/lib/x86_64-linux-gnu/libxcb-shm.so.0.0.0
7f7e355fc000-7f7e355fd000 r--p 00001000 08:01 4464126                    /usr/lib/x86_64-linux-gnu/libxcb-shm.so.0.0.0
7f7e355fd000-7f7e355fe000 rw-p 00002000 08:01 4464126                    /usr/lib/x86_64-linux-gnu/libxcb-shm.so.0.0.0
7f7e355fe000-7f7e35623000 r-xp 00000000 08:01 6033109                    /lib/x86_64-linux-gnu/libpng12.so.0.49.0
7f7e35623000-7f7e35822000 ---p 00025000 08:01 6033109                    /lib/x86_64-linux-gnu/libpng12.so.0.49.0
7f7e35822000-7f7e35823000 r--p 00024000 08:01 6033109                    /lib/x86_64-linux-gnu/libpng12.so.0.49.0
7f7e35823000-7f7e35824000 rw-p 00025000 08:01 6033109                    /lib/x86_64-linux-gnu/libpng12.so.0.49.0
7f7e35824000-7f7e358b4000 r-xp 00000000 08:01 4464074                    /usr/lib/x86_64-linux-gnu/libpixman-1.so.0.28.2
7f7e358b4000-7f7e35ab3000 ---p 00090000 08:01 4464074                    /usr/lib/x86_64-linux-gnu/libpixman-1.so.0.28.2
7f7e35ab3000-7f7e35aba000 r--p 0008f000 08:01 4464074                    /usr/lib/x86_64-linux-gnu/libpixman-1.so.0.28.2
7f7e35aba000-7f7e35abb000 rw-p 00096000 08:01 4464074                    /usr/lib/x86_64-linux-gnu/libpixman-1.so.0.28.2
7f7e35abb000-7f7e35ac0000 r-xp 00000000 08:01 4463438                    /usr/lib/x86_64-linux-gnu/libXdmcp.so.6.0.0
7f7e35ac0000-7f7e35cbf000 ---p 00005000 08:01 4463438                    /usr/lib/x86_64-linux-gnu/libXdmcp.so.6.0.0
7f7e35cbf000-7f7e35cc0000 r--p 00004000 08:01 4463438                    /usr/lib/x86_64-linux-gnu/libXdmcp.so.6.0.0
7f7e35cc0000-7f7e35cc1000 rw-p 00005000 08:01 4463438                    /usr/lib/x86_64-linux-gnu/libXdmcp.so.6.0.0
7f7e35cc1000-7f7e35cc3000 r-xp 00000000 08:01 4463427                    /usr/lib/x86_64-linux-gnu/libXau.so.6.0.0
7f7e35cc3000-7f7e35ec3000 ---p 00002000 08:01 4463427                    /usr/lib/x86_64-linux-gnu/libXau.so.6.0.0
7f7e35ec3000-7f7e35ec4000 r--p 00002000 08:01 4463427                    /usr/lib/x86_64-linux-gnu/libXau.so.6.0.0
7f7e35ec4000-7f7e35ec5000 rw-p 00003000 08:01 4463427                    /usr/lib/x86_64-linux-gnu/libXau.so.6.0.0
7f7e35ec5000-7f7e35ed4000 r-xp 00000000 08:01 4463513                    /usr/lib/x86_64-linux-gnu/libavahi-client.so.3.2.9
7f7e35ed4000-7f7e360d4000 ---p 0000f000 08:01 4463513                    /usr/lib/x86_64-linux-gnu/libavahi-client.so.3.2.9
7f7e360d4000-7f7e360d5000 r--p 0000f000 08:01 4463513                    /usr/lib/x86_64-linux-gnu/libavahi-client.so.3.2.9
7f7e360d5000-7f7e360d6000 rw-p 00010000 08:01 4463513                    /usr/lib/x86_64-linux-gnu/libavahi-client.so.3.2.9
7f7e360d6000-7f7e360e1000 r-xp 00000000 08:01 4463515                    /usr/lib/x86_64-linux-gnu/libavahi-common.so.3.5.3
7f7e360e1000-7f7e362e0000 ---p 0000b000 08:01 4463515                    /usr/lib/x86_64-linux-gnu/libavahi-common.so.3.5.3
7f7e362e0000-7f7e362e1000 r--p 0000a000 08:01 4463515                    /usr/lib/x86_64-linux-gnu/libavahi-common.so.3.5.3
7f7e362e1000-7f7e362e2000 rw-p 0000b000 08:01 4463515                    /usr/lib/x86_64-linux-gnu/libavahi-common.so.3.5.3
7f7e362e2000-7f7e36397000 r-xp 00000000 08:01 4463233                    /usr/lib/x86_64-linux-gnu/libgnutls.so.26.22.6
7f7e36397000-7f7e36596000 ---p 000b5000 08:01 4463233                    /usr/lib/x86_64-linux-gnu/libgnutls.so.26.22.6
7f7e36596000-7f7e3659c000 r--p 000b4000 08:01 4463233                    /usr/lib/x86_64-linux-gnu/libgnutls.so.26.22.6
7f7e3659c000-7f7e3659d000 rw-p 000ba000 08:01 4463233                    /usr/lib/x86_64-linux-gnu/libgnutls.so.26.22.6
7f7e3659d000-7f7e3659e000 rw-p 00000000 00:00 0 
7f7e3659e000-7f7e365d9000 r-xp 00000000 08:01 4463791                    /usr/lib/x86_64-linux-gnu/libgssapi_krb5.so.2.2
7f7e365d9000-7f7e367d9000 ---p 0003b000 08:01 4463791                    /usr/lib/x86_64-linux-gnu/libgssapi_krb5.so.2.2
7f7e367d9000-7f7e367da000 r--p 0003b000 08:01 4463791                    /usr/lib/x86_64-linux-gnu/libgssapi_krb5.so.2.2
7f7e367da000-7f7e367dc000 rw-p 0003c000 08:01 4463791                    /usr/lib/x86_64-linux-gnu/libgssapi_krb5.so.2.2
7f7e367dc000-7f7e36802000 r-xp 00000000 08:01 6033022                    /lib/x86_64-linux-gnu/libexpat.so.1.6.0
7f7e36802000-7f7e36a02000 ---p 00026000 08:01 6033022                    /lib/x86_64-linux-gnu/libexpat.so.1.6.0
7f7e36a02000-7f7e36a04000 r--p 00026000 08:01 6033022                    /lib/x86_64-linux-gnu/libexpat.so.1.6.0
7f7e36a04000-7f7e36a05000 rw-p 00028000 08:01 6033022                    /lib/x86_64-linux-gnu/libexpat.so.1.6.0
7f7e36a05000-7f7e36a9c000 r-xp 00000000 08:01 4463701                    /usr/lib/x86_64-linux-gnu/libfreetype.so.6.10.0
7f7e36a9c000-7f7e36c9b000 ---p 00097000 08:01 4463701                    /usr/lib/x86_64-linux-gnu/libfreetype.so.6.10.0
7f7e36c9b000-7f7e36ca1000 r--p 00096000 08:01 4463701                    /usr/lib/x86_64-linux-gnu/libfreetype.so.6.10.0
7f7e36ca1000-7f7e36ca2000 rw-p 0009c000 08:01 4463701                    /usr/lib/x86_64-linux-gnu/libfreetype.so.6.10.0
7f7e36ca2000-7f7e36ca4000 r-xp 00000000 08:01 4463436                    /usr/lib/x86_64-linux-gnu/libXdamage.so.1.1.0
7f7e36ca4000-7f7e36ea3000 ---p 00002000 08:01 4463436                    /usr/lib/x86_64-linux-gnu/libXdamage.so.1.1.0
7f7e36ea3000-7f7e36ea4000 r--p 00001000 08:01 4463436                    /usr/lib/x86_64-linux-gnu/libXdamage.so.1.1.0
7f7e36ea4000-7f7e36ea5000 rw-p 00002000 08:01 4463436                    /usr/lib/x86_64-linux-gnu/libXdamage.so.1.1.0
7f7e36ea5000-7f7e36ea7000 r-xp 00000000 08:01 4463432                    /usr/lib/x86_64-linux-gnu/libXcomposite.so.1.0.0
7f7e36ea7000-7f7e370a6000 ---p 00002000 08:01 4463432                    /usr/lib/x86_64-linux-gnu/libXcomposite.so.1.0.0
7f7e370a6000-7f7e370a7000 r--p 00001000 08:01 4463432                    /usr/lib/x86_64-linux-gnu/libXcomposite.so.1.0.0
7f7e370a7000-7f7e370a8000 rw-p 00002000 08:01 4463432                    /usr/lib/x86_64-linux-gnu/libXcomposite.so.1.0.0
7f7e370a8000-7f7e370b1000 r-xp 00000000 08:01 4464222                    /usr/lib/x86_64-linux-gnu/libXcursor.so.1.0.2
7f7e370b1000-7f7e372b1000 ---p 00009000 08:01 4464222                    /usr/lib/x86_64-linux-gnu/libXcursor.so.1.0.2
7f7e372b1000-7f7e372b2000 r--p 00009000 08:01 4464222                    /usr/lib/x86_64-linux-gnu/libXcursor.so.1.0.2
7f7e372b2000-7f7e372b3000 rw-p 0000a000 08:01 4464222                    /usr/lib/x86_64-linux-gnu/libXcursor.so.1.0.2
7f7e372b3000-7f7e372bc000 r-xp 00000000 08:01 4463453                    /usr/lib/x86_64-linux-gnu/libXrandr.so.2.2.0
7f7e372bc000-7f7e374bb000 ---p 00009000 08:01 4463453                    /usr/lib/x86_64-linux-gnu/libXrandr.so.2.2.0
7f7e374bb000-7f7e374bc000 r--p 00008000 08:01 4463453                    /usr/lib/x86_64-linux-gnu/libXrandr.so.2.2.0
7f7e374bc000-7f7e374bd000 rw-p 00009000 08:01 4463453                    /usr/lib/x86_64-linux-gnu/libXrandr.so.2.2.0
7f7e374bd000-7f7e374bf000 r-xp 00000000 08:01 4463765                    /usr/lib/x86_64-linux-gnu/libXinerama.so.1.0.0
7f7e374bf000-7f7e376be000 ---p 00002000 08:01 4463765                    /usr/lib/x86_64-linux-gnu/libXinerama.so.1.0.0
7f7e376be000-7f7e376bf000 r--p 00001000 08:01 4463765                    /usr/lib/x86_64-linux-gnu/libXinerama.so.1.0.0
7f7e376bf000-7f7e376c0000 rw-p 00002000 08:01 4463765                    /usr/lib/x86_64-linux-gnu/libXinerama.so.1.0.0
7f7e376c0000-7f7e376d3000 r-xp 00000000 08:01 4464056                    /usr/lib/x86_64-linux-gnu/libpangoft2-1.0.so.0.3200.5
7f7e376d3000-7f7e378d2000 ---p 00013000 08:01 4464056                    /usr/lib/x86_64-linux-gnu/libpangoft2-1.0.so.0.3200.5
7f7e378d2000-7f7e378d3000 r--p 00012000 08:01 4464056                    /usr/lib/x86_64-linux-gnu/libpangoft2-1.0.so.0.3200.5
7f7e378d3000-7f7e378d4000 rw-p 00013000 08:01 4464056                    /usr/lib/x86_64-linux-gnu/libpangoft2-1.0.so.0.3200.5
7f7e378d4000-7f7e379d2000 r-xp 00000000 08:01 4463539                    /usr/lib/x86_64-linux-gnu/libcairo.so.2.11200.14
7f7e379d2000-7f7e37bd2000 ---p 000fe000 08:01 4463539                    /usr/lib/x86_64-linux-gnu/libcairo.so.2.11200.14
7f7e37bd2000-7f7e37bd5000 r--p 000fe000 08:01 4463539                    /usr/lib/x86_64-linux-gnu/libcairo.so.2.11200.14
7f7e37bd5000-7f7e37bd6000 rw-p 00101000 08:01 4463539                    /usr/lib/x86_64-linux-gnu/libcairo.so.2.11200.14
7f7e37bd6000-7f7e37bd8000 rw-p 00000000 00:00 0 
7f7e37bd8000-7f7e37bf8000 r-xp 00000000 08:01 4463503                    /usr/lib/x86_64-linux-gnu/libatk-1.0.so.0.20809.1
7f7e37bf8000-7f7e37df7000 ---p 00020000 08:01 4463503                    /usr/lib/x86_64-linux-gnu/libatk-1.0.so.0.20809.1
7f7e37df7000-7f7e37df9000 r--p 0001f000 08:01 4463503                    /usr/lib/x86_64-linux-gnu/libatk-1.0.so.0.20809.1
7f7e37df9000-7f7e37dfa000 rw-p 00021000 08:01 4463503                    /usr/lib/x86_64-linux-gnu/libatk-1.0.so.0.20809.1
7f7e37dfa000-7f7e37dff000 r-xp 00000000 08:01 4463594                    /usr/lib/x86_64-linux-gnu/libXfixes.so.3.1.0
7f7e37dff000-7f7e37ffe000 ---p 00005000 08:01 4463594                    /usr/lib/x86_64-linux-gnu/libXfixes.so.3.1.0
7f7e37ffe000-7f7e37fff000 r--p 00004000 08:01 4463594                    /usr/lib/x86_64-linux-gnu/libXfixes.so.3.1.0
7f7e37fff000-7f7e38000000 rw-p 00005000 08:01 4463594                    /usr/lib/x86_64-linux-gnu/libXfixes.so.3.1.0
7f7e38000000-7f7e38021000 rw-p 00000000 00:00 0 
7f7e38021000-7f7e3c000000 ---p 00000000 00:00 0 
7f7e3c0d4000-7f7e3c0df000 r-xp 00000000 08:01 4464054                    /usr/lib/x86_64-linux-gnu/libpangocairo-1.0.so.0.3200.5
7f7e3c0df000-7f7e3c2df000 ---p 0000b000 08:01 4464054                    /usr/lib/x86_64-linux-gnu/libpangocairo-1.0.so.0.3200.5
7f7e3c2df000-7f7e3c2e0000 r--p 0000b000 08:01 4464054                    /usr/lib/x86_64-linux-gnu/libpangocairo-1.0.so.0.3200.5
7f7e3c2e0000-7f7e3c2e1000 rw-p 0000c000 08:01 4464054                    /usr/lib/x86_64-linux-gnu/libpangocairo-1.0.so.0.3200.5
7f7e3c2e1000-7f7e3c2fe000 r-xp 00000000 08:01 4463244                    /usr/lib/x86_64-linux-gnu/libxcb.so.1.1.0
7f7e3c2fe000-7f7e3c4fd000 ---p 0001d000 08:01 4463244                    /usr/lib/x86_64-linux-gnu/libxcb.so.1.1.0
7f7e3c4fd000-7f7e3c4fe000 r--p 0001c000 08:01 4463244                    /usr/lib/x86_64-linux-gnu/libxcb.so.1.1.0
7f7e3c4fe000-7f7e3c4ff000 rw-p 0001d000 08:01 4463244                    /usr/lib/x86_64-linux-gnu/libxcb.so.1.1.0
7f7e3c4ff000-7f7e3c559000 r-xp 00000000 08:01 4463592                    /usr/lib/x86_64-linux-gnu/libcups.so.2
7f7e3c559000-7f7e3c759000 ---p 0005a000 08:01 4463592                    /usr/lib/x86_64-linux-gnu/libcups.so.2
7f7e3c759000-7f7e3c75e000 r--p 0005a000 08:01 4463592                    /usr/lib/x86_64-linux-gnu/libcups.so.2
7f7e3c75e000-7f7e3c75f000 rw-p 0005f000 08:01 4463592                    /usr/lib/x86_64-linux-gnu/libcups.so.2
7f7e3c75f000-7f7e3c760000 r-xp 00000000 08:01 4463869                    /usr/lib/x86_64-linux-gnu/libgthread-2.0.so.0.3600.0
7f7e3c760000-7f7e3c95f000 ---p 00001000 08:01 4463869                    /usr/lib/x86_64-linux-gnu/libgthread-2.0.so.0.3600.0
7f7e3c95f000-7f7e3c960000 r--p 00000000 08:01 4463869                    /usr/lib/x86_64-linux-gnu/libgthread-2.0.so.0.3600.0
7f7e3c960000-7f7e3c961000 rw-p 00001000 08:01 4463869                    /usr/lib/x86_64-linux-gnu/libgthread-2.0.so.0.3600.0
7f7e3c961000-7f7e3c998000 r-xp 00000000 08:01 4463673                    /usr/lib/x86_64-linux-gnu/libfontconfig.so.1.6.2
7f7e3c998000-7f7e3cb98000 ---p 00037000 08:01 4463673                    /usr/lib/x86_64-linux-gnu/libfontconfig.so.1.6.2
7f7e3cb98000-7f7e3cb99000 r--p 00037000 08:01 4463673                    /usr/lib/x86_64-linux-gnu/libfontconfig.so.1.6.2
7f7e3cb99000-7f7e3cb9a000 rw-p 00038000 08:01 4463673                    /usr/lib/x86_64-linux-gnu/libfontconfig.so.1.6.2
7f7e3cb9a000-7f7e3cb9b000 rw-p 00000000 00:00 0 
7f7e3cb9b000-7f7e3cbe3000 r-xp 00000000 08:01 4464052                    /usr/lib/x86_64-linux-gnu/libpango-1.0.so.0.3200.5
7f7e3cbe3000-7f7e3cde3000 ---p 00048000 08:01 4464052                    /usr/lib/x86_64-linux-gnu/libpango-1.0.so.0.3200.5
7f7e3cde3000-7f7e3cde5000 r--p 00048000 08:01 4464052                    /usr/lib/x86_64-linux-gnu/libpango-1.0.so.0.3200.5
7f7e3cde5000-7f7e3cde6000 rw-p 0004a000 08:01 4464052                    /usr/lib/x86_64-linux-gnu/libpango-1.0.so.0.3200.5
7f7e3cde6000-7f7e3ce04000 r-xp 00000000 08:01 4463732                    /usr/lib/x86_64-linux-gnu/libgdk_pixbuf-2.0.so.0.2800.0
7f7e3ce04000-7f7e3d004000 ---p 0001e000 08:01 4463732                    /usr/lib/x86_64-linux-gnu/libgdk_pixbuf-2.0.so.0.2800.0
7f7e3d004000-7f7e3d005000 r--p 0001e000 08:01 4463732                    /usr/lib/x86_64-linux-gnu/libgdk_pixbuf-2.0.so.0.2800.0
7f7e3d005000-7f7e3d006000 rw-p 0001f000 08:01 4463732                    /usr/lib/x86_64-linux-gnu/libgdk_pixbuf-2.0.so.0.2800.0
7f7e3d006000-7f7e3d0b3000 r-xp 00000000 08:01 4463730                    /usr/lib/x86_64-linux-gnu/libgdk-x11-2.0.so.0.2400.17
7f7e3d0b3000-7f7e3d2b2000 ---p 000ad000 08:01 4463730                    /usr/lib/x86_64-linux-gnu/libgdk-x11-2.0.so.0.2400.17
7f7e3d2b2000-7f7e3d2b6000 r--p 000ac000 08:01 4463730                    /usr/lib/x86_64-linux-gnu/libgdk-x11-2.0.so.0.2400.17
7f7e3d2b6000-7f7e3d2b8000 rw-p 000b0000 08:01 4463730                    /usr/lib/x86_64-linux-gnu/libgdk-x11-2.0.so.0.2400.17
7f7e3d2b8000-7f7e3d6e5000 r-xp 00000000 08:01 4463873                    /usr/lib/x86_64-linux-gnu/libgtk-x11-2.0.so.0.2400.17
7f7e3d6e5000-7f7e3d8e4000 ---p 0042d000 08:01 4463873                    /usr/lib/x86_64-linux-gnu/libgtk-x11-2.0.so.0.2400.17
7f7e3d8e4000-7f7e3d8eb000 r--p 0042c000 08:01 4463873                    /usr/lib/x86_64-linux-gnu/libgtk-x11-2.0.so.0.2400.17
7f7e3d8eb000-7f7e3d8ef000 rw-p 00433000 08:01 4463873                    /usr/lib/x86_64-linux-gnu/libgtk-x11-2.0.so.0.2400.17
7f7e3d8ef000-7f7e3d8f1000 rw-p 00000000 00:00 0 
7f7e3d8f1000-7f7e3d8ff000 r-xp 00000000 08:01 4463255                    /usr/lib/x86_64-linux-gnu/libXi.so.6.1.0
7f7e3d8ff000-7f7e3daff000 ---p 0000e000 08:01 4463255                    /usr/lib/x86_64-linux-gnu/libXi.so.6.1.0
7f7e3daff000-7f7e3db00000 r--p 0000e000 08:01 4463255                    /usr/lib/x86_64-linux-gnu/libXi.so.6.1.0
7f7e3db00000-7f7e3db01000 rw-p 0000f000 08:01 4463255                    /usr/lib/x86_64-linux-gnu/libXi.so.6.1.0
7f7e3db01000-7f7e3db06000 r-xp 00000000 08:01 4463461                    /usr/lib/x86_64-linux-gnu/libXtst.so.6.1.0
7f7e3db06000-7f7e3dd05000 ---p 00005000 08:01 4463461                    /usr/lib/x86_64-linux-gnu/libXtst.so.6.1.0
7f7e3dd05000-7f7e3dd06000 r--p 00004000 08:01 4463461                    /usr/lib/x86_64-linux-gnu/libXtst.so.6.1.0
7f7e3dd06000-7f7e3dd07000 rw-p 00005000 08:01 4463461                    /usr/lib/x86_64-linux-gnu/libXtst.so.6.1.0
7f7e3dd07000-7f7e3dd10000 r-xp 00000000 08:01 4463395                    /usr/lib/x86_64-linux-gnu/libXrender.so.1.3.0
7f7e3dd10000-7f7e3df0f000 ---p 00009000 08:01 4463395                    /usr/lib/x86_64-linux-gnu/libXrender.so.1.3.0
7f7e3df0f000-7f7e3df10000 r--p 00008000 08:01 4463395                    /usr/lib/x86_64-linux-gnu/libXrender.so.1.3.0
7f7e3df10000-7f7e3df11000 rw-p 00009000 08:01 4463395                    /usr/lib/x86_64-linux-gnu/libXrender.so.1.3.0
7f7e3df11000-7f7e3e045000 r-xp 00000000 08:01 4463247                    /usr/lib/x86_64-linux-gnu/libX11.so.6.3.0
7f7e3e045000-7f7e3e245000 ---p 00134000 08:01 4463247                    /usr/lib/x86_64-linux-gnu/libX11.so.6.3.0
7f7e3e245000-7f7e3e246000 r--p 00134000 08:01 4463247                    /usr/lib/x86_64-linux-gnu/libX11.so.6.3.0
7f7e3e246000-7f7e3e24b000 rw-p 00135000 08:01 4463247                    /usr/lib/x86_64-linux-gnu/libX11.so.6.3.0
7f7e3e24b000-7f7e3e25c000 r-xp 00000000 08:01 4463249                    /usr/lib/x86_64-linux-gnu/libXext.so.6.4.0
7f7e3e25c000-7f7e3e45b000 ---p 00011000 08:01 4463249                    /usr/lib/x86_64-linux-gnu/libXext.so.6.4.0
7f7e3e45b000-7f7e3e45c000 r--p 00010000 08:01 4463249                    /usr/lib/x86_64-linux-gnu/libXext.so.6.4.0
7f7e3e45c000-7f7e3e45d000 rw-p 00011000 08:01 4463249                    /usr/lib/x86_64-linux-gnu/libXext.so.6.4.0
7f7e3e45d000-7f7e3e4b0000 r-xp 00000000 08:01 4467641                    /usr/lib/jvm/java-7-openjdk-amd64/jre/lib/amd64/xawt/libmawt.so
7f7e3e4b0000-7f7e3e6af000 ---p 00053000 08:01 4467641                    /usr/lib/jvm/java-7-openjdk-amd64/jre/lib/amd64/xawt/libmawt.so
7f7e3e6af000-7f7e3e6b0000 r--p 00052000 08:01 4467641                    /usr/lib/jvm/java-7-openjdk-amd64/jre/lib/amd64/xawt/libmawt.so
7f7e3e6b0000-7f7e3e6b3000 rw-p 00053000 08:01 4467641                    /usr/lib/jvm/java-7-openjdk-amd64/jre/lib/amd64/xawt/libmawt.so
7f7e3e6b3000-7f7e3e6b4000 rw-p 00000000 00:00 0 
7f7e3e6b4000-7f7e3e755000 r-xp 00000000 08:01 4466511                    /usr/lib/jvm/java-7-openjdk-amd64/jre/lib/amd64/libawt.so
7f7e3e755000-7f7e3e955000 ---p 000a1000 08:01 4466511                    /usr/lib/jvm/java-7-openjdk-amd64/jre/lib/amd64/libawt.so
7f7e3e955000-7f7e3e956000 r--p 000a1000 08:01 4466511                    /usr/lib/jvm/java-7-openjdk-amd64/jre/lib/amd64/libawt.so
7f7e3e956000-7f7e3e961000 rw-p 000a2000 08:01 4466511                    /usr/lib/jvm/java-7-openjdk-amd64/jre/lib/amd64/libawt.so
7f7e3e961000-7f7e3e986000 rw-p 00000000 00:00 0 
7f7e3e986000-7f7e3e989000 ---p 00000000 00:00 0 
7f7e3e989000-7f7e3ea87000 rw-p 00000000 00:00 0                          [stack:7397]
7f7e3ea87000-7f7e3eac4000 r-xp 00000000 08:01 6033097                    /lib/x86_64-linux-gnu/libpcre.so.3.13.1
7f7e3eac4000-7f7e3ecc4000 ---p 0003d000 08:01 6033097                    /lib/x86_64-linux-gnu/libpcre.so.3.13.1
7f7e3ecc4000-7f7e3ecc5000 r--p 0003d000 08:01 6033097                    /lib/x86_64-linux-gnu/libpcre.so.3.13.1
7f7e3ecc5000-7f7e3ecc6000 rw-p 0003e000 08:01 6033097                    /lib/x86_64-linux-gnu/libpcre.so.3.13.1
7f7e3ecc6000-7f7e3eccd000 r-xp 00000000 08:01 4463665                    /usr/lib/x86_64-linux-gnu/libffi.so.6.0.1
7f7e3eccd000-7f7e3eecc000 ---p 00007000 08:01 4463665                    /usr/lib/x86_64-linux-gnu/libffi.so.6.0.1
7f7e3eecc000-7f7e3eecd000 r--p 00006000 08:01 4463665                    /usr/lib/x86_64-linux-gnu/libffi.so.6.0.1
7f7e3eecd000-7f7e3eece000 rw-p 00007000 08:01 4463665                    /usr/lib/x86_64-linux-gnu/libffi.so.6.0.1
7f7e3eece000-7f7e3eee4000 r-xp 00000000 08:01 6033120                    /lib/x86_64-linux-gnu/libresolv-2.17.so
7f7e3eee4000-7f7e3f0e4000 ---p 00016000 08:01 6033120                    /lib/x86_64-linux-gnu/libresolv-2.17.so
7f7e3f0e4000-7f7e3f0e5000 r--p 00016000 08:01 6033120                    /lib/x86_64-linux-gnu/libresolv-2.17.so
7f7e3f0e5000-7f7e3f0e6000 rw-p 00017000 08:01 6033120                    /lib/x86_64-linux-gnu/libresolv-2.17.so
7f7e3f0e6000-7f7e3f0e8000 rw-p 00000000 00:00 0 
7f7e3f0e8000-7f7e3f105000 r-xp 00000000 08:01 6033124                    /lib/x86_64-linux-gnu/libselinux.so.1
7f7e3f105000-7f7e3f304000 ---p 0001d000 08:01 6033124                    /lib/x86_64-linux-gnu/libselinux.so.1
7f7e3f304000-7f7e3f305000 r--p 0001c000 08:01 6033124                    /lib/x86_64-linux-gnu/libselinux.so.1
7f7e3f305000-7f7e3f306000 rw-p 0001d000 08:01 6033124                    /lib/x86_64-linux-gnu/libselinux.so.1
7f7e3f306000-7f7e3f307000 rw-p 00000000 00:00 0 
7f7e3f307000-7f7e3f30a000 r-xp 00000000 08:01 4463758                    /usr/lib/x86_64-linux-gnu/libgmodule-2.0.so.0.3600.0
7f7e3f30a000-7f7e3f509000 ---p 00003000 08:01 4463758                    /usr/lib/x86_64-linux-gnu/libgmodule-2.0.so.0.3600.0
7f7e3f509000-7f7e3f50a000 r--p 00002000 08:01 4463758                    /usr/lib/x86_64-linux-gnu/libgmodule-2.0.so.0.3600.0
7f7e3f50a000-7f7e3f50b000 rw-p 00003000 08:01 4463758                    /usr/lib/x86_64-linux-gnu/libgmodule-2.0.so.0.3600.0
7f7e3f50b000-7f7e3f604000 r-xp 00000000 08:01 6033031                    /lib/x86_64-linux-gnu/libglib-2.0.so.0.3600.0
7f7e3f604000-7f7e3f804000 ---p 000f9000 08:01 6033031                    /lib/x86_64-linux-gnu/libglib-2.0.so.0.3600.0
7f7e3f804000-7f7e3f805000 r--p 000f9000 08:01 6033031                    /lib/x86_64-linux-gnu/libglib-2.0.so.0.3600.0
7f7e3f805000-7f7e3f806000 rw-p 000fa000 08:01 6033031                    /lib/x86_64-linux-gnu/libglib-2.0.so.0.3600.0
7f7e3f806000-7f7e3f807000 rw-p 00000000 00:00 0 
7f7e3f807000-7f7e3f854000 r-xp 00000000 08:01 4463774                    /usr/lib/x86_64-linux-gnu/libgobject-2.0.so.0.3600.0
7f7e3f854000-7f7e3fa54000 ---p 0004d000 08:01 4463774                    /usr/lib/x86_64-linux-gnu/libgobject-2.0.so.0.3600.0
7f7e3fa54000-7f7e3fa55000 r--p 0004d000 08:01 4463774                    /usr/lib/x86_64-linux-gnu/libgobject-2.0.so.0.3600.0
7f7e3fa55000-7f7e3fa56000 rw-p 0004e000 08:01 4463774                    /usr/lib/x86_64-linux-gnu/libgobject-2.0.so.0.3600.0
7f7e3fa56000-7f7e3fba9000 r-xp 00000000 08:01 4463748                    /usr/lib/x86_64-linux-gnu/libgio-2.0.so.0.3600.0
7f7e3fba9000-7f7e3fda8000 ---p 00153000 08:01 4463748                    /usr/lib/x86_64-linux-gnu/libgio-2.0.so.0.3600.0
7f7e3fda8000-7f7e3fdac000 r--p 00152000 08:01 4463748                    /usr/lib/x86_64-linux-gnu/libgio-2.0.so.0.3600.0
7f7e3fdac000-7f7e3fdae000 rw-p 00156000 08:01 4463748                    /usr/lib/x86_64-linux-gnu/libgio-2.0.so.0.3600.0
7f7e3fdae000-7f7e3fdb0000 rw-p 00000000 00:00 0 
7f7e3fdc8000-7f7e3fdde000 r-xp 00000000 08:01 4466499                    /usr/lib/jvm/java-7-openjdk-amd64/jre/lib/amd64/libnet.so
7f7e3fdde000-7f7e3ffdd000 ---p 00016000 08:01 4466499                    /usr/lib/jvm/java-7-openjdk-amd64/jre/lib/amd64/libnet.so
7f7e3ffdd000-7f7e3ffde000 r--p 00015000 08:01 4466499                    /usr/lib/jvm/java-7-openjdk-amd64/jre/lib/amd64/libnet.so
7f7e3ffde000-7f7e3ffdf000 rw-p 00016000 08:01 4466499                    /usr/lib/jvm/java-7-openjdk-amd64/jre/lib/amd64/libnet.so
7f7e3ffdf000-7f7e40000000 rw-p 00000000 00:00 0 
7f7e40000000-7f7e40021000 rw-p 00000000 00:00 0 
7f7e40021000-7f7e44000000 ---p 00000000 00:00 0 
7f7e44002000-7f7e44014000 r--s 00294000 08:01 16910059                   /home/shiwali/InstructoSoarII/april/java/april.jar
7f7e44014000-7f7e44017000 ---p 00000000 00:00 0 
7f7e44017000-7f7e44815000 rw-p 00000000 00:00 0                          [stack:7372]
7f7e44815000-7f7e44816000 ---p 00000000 00:00 0 
7f7e44816000-7f7e45016000 rw-p 00000000 00:00 0                          [stack:7371]
7f7e45016000-7f7e45017000 ---p 00000000 00:00 0 
7f7e45017000-7f7e45817000 rw-p 00000000 00:00 0                          [stack:7370]
7f7e45817000-7f7e46084000 r-xp 00000000 08:01 17042183                   /home/shiwali/soar/SoarSuite/out/libSoar.so
7f7e46084000-7f7e46283000 ---p 0086d000 08:01 17042183                   /home/shiwali/soar/SoarSuite/out/libSoar.so
7f7e46283000-7f7e46294000 r--p 0086c000 08:01 17042183                   /home/shiwali/soar/SoarSuite/out/libSoar.so
7f7e46294000-7f7e462ab000 rw-p 0087d000 08:01 17042183                   /home/shiwali/soar/SoarSuite/out/libSoar.so
7f7e462ab000-7f7e462af000 rw-p 00000000 00:00 0 
7f7e462af000-7f7e46308000 r-xp 00000000 08:01 17042226                   /home/shiwali/soar/SoarSuite/out/libJava_sml_ClientInterface.so
7f7e46308000-7f7e46508000 ---p 00059000 08:01 17042226                   /home/shiwali/soar/SoarSuite/out/libJava_sml_ClientInterface.so
7f7e46508000-7f7e46509000 r--p 00059000 08:01 17042226                   /home/shiwali/soar/SoarSuite/out/libJava_sml_ClientInterface.so
7f7e46509000-7f7e4650b000 rw-p 0005a000 08:01 17042226                   /home/shiwali/soar/SoarSuite/out/libJava_sml_ClientInterface.so
7f7e4650b000-7f7e4650c000 ---p 00000000 00:00 0 
7f7e4650c000-7f7e4660c000 rw-p 00000000 00:00 0                          [stack:7369]
7f7e4660c000-7f7e4660f000 ---p 00000000 00:00 0 
7f7e4660f000-7f7e4670d000 rw-p 00000000 00:00 0                          [stack:7368]
7f7e4670d000-7f7e46710000 ---p 00000000 00:00 0 
7f7e46710000-7f7e4680e000 rw-p 00000000 00:00 0                          [stack:7367]
7f7e4680e000-7f7e46811000 ---p 00000000 00:00 0 
7f7e46811000-7f7e4690f000 rw-p 00000000 00:00 0                          [stack:7366]
7f7e4690f000-7f7e46912000 ---p 00000000 00:00 0 
7f7e46912000-7f7e46a10000 rw-p 00000000 00:00 0                          [stack:7365]
7f7e46a10000-7f7e470f1000 r--p 00000000 08:01 4462580                    /usr/lib/locale/locale-archive
7f7e470f1000-7f7e470f4000 ---p 00000000 00:00 0 
7f7e470f4000-7f7e471f2000 rw-p 00000000 00:00 0                          [stack:7364]
7f7e471f2000-7f7e471f5000 ---p 00000000 00:00 0 
7f7e471f5000-7f7e472f3000 rw-p 00000000 00:00 0                          [stack:7363]
7f7e472f3000-7f7e472f4000 ---p 00000000 00:00 0 
7f7e472f4000-7f7e48000000 rw-p 00000000 00:00 0                          [stack:7362]
7f7e48000000-7f7e48021000 rw-p 00000000 00:00 0 
7f7e48021000-7f7e4c000000 ---p 00000000 00:00 0 
7f7e4c003000-7f7e4c007000 r--s 00035000 08:01 17957274                   /home/shiwali/InstructoSoarII/probcog2/java/probcog.jar
7f7e4c007000-7f7e4c00a000 r--s 0001d000 08:01 5378582                    /usr/local/share/java/lcm.jar
7f7e4c00a000-7f7e4d000000 rw-p 00000000 00:00 0 
7f7e4d000000-7f7e4d270000 rwxp 00000000 00:00 0 
7f7e4d270000-7f7e505f9000 rw-p 00000000 00:00 0 
7f7e505f9000-7f7e54000000 ---p 00000000 00:00 0 
7f7e54002000-7f7e54015000 r--s 00211000 08:01 17171916                   /home/shiwali/soar/SoarSuite/out/java/swt.jar
7f7e54015000-7f7e540e4000 rw-p 00000000 00:00 0 
7f7e540e4000-7f7e54291000 r--s 01cec000 08:01 4466481                    /usr/lib/jvm/java-7-openjdk-amd64/jre/lib/rt.jar
7f7e54291000-7f7e5537d000 rw-p 00000000 00:00 0 
7f7e5537d000-7f7e5537e000 ---p 00000000 00:00 0 
7f7e5537e000-7f7e5547e000 rw-p 00000000 00:00 0                          [stack:7361]
7f7e5547e000-7f7e5547f000 ---p 00000000 00:00 0 
7f7e5547f000-7f7e5557f000 rw-p 00000000 00:00 0                          [stack:7360]
7f7e5557f000-7f7e55580000 ---p 00000000 00:00 0 
7f7e55580000-7f7e55680000 rw-p 00000000 00:00 0                          [stack:7359]
7f7e55680000-7f7e55681000 ---p 00000000 00:00 0 
7f7e55681000-7f7e55781000 rw-p 00000000 00:00 0                          [stack:7358]
7f7e55781000-7f7e55782000 ---p 00000000 00:00 0 
7f7e55782000-7f7e55882000 rw-p 00000000 00:00 0                          [stack:7357]
7f7e55882000-7f7e55883000 ---p 00000000 00:00 0 
7f7e55883000-7f7e55983000 rw-p 00000000 00:00 0                          [stack:7356]
7f7e55983000-7f7e55984000 ---p 00000000 00:00 0 
7f7e55984000-7f7e55a84000 rw-p 00000000 00:00 0                          [stack:7355]
7f7e55a84000-7f7e55a85000 ---p 00000000 00:00 0 
7f7e55a85000-7f7e55b90000 rw-p 00000000 00:00 0                          [stack:7354]
7f7e55b90000-7f7e55bd8000 rw-p 00000000 00:00 0 
7f7e55bd8000-7f7e55c02000 rw-p 00000000 00:00 0 
7f7e55c02000-7f7e55e6c000 rw-p 00000000 00:00 0 
7f7e55e6c000-7f7e55e77000 rw-p 00000000 00:00 0 
7f7e55e77000-7f7e55ebf000 rw-p 00000000 00:00 0 
7f7e55ebf000-7f7e55ee9000 rw-p 00000000 00:00 0 
7f7e55ee9000-7f7e56153000 rw-p 00000000 00:00 0 
7f7e56153000-7f7e56222000 rw-p 00000000 00:00 0 
7f7e56222000-7f7e5629d000 rw-p 00000000 00:00 0 
7f7e5629d000-7f7e5629e000 rw-p 00000000 00:00 0 
7f7e5629e000-7f7e562a6000 r-xp 00000000 08:01 4466526                    /usr/lib/jvm/java-7-openjdk-amd64/jre/lib/amd64/libzip.so
7f7e562a6000-7f7e564a5000 ---p 00008000 08:01 4466526                    /usr/lib/jvm/java-7-openjdk-amd64/jre/lib/amd64/libzip.so
7f7e564a5000-7f7e564a6000 r--p 00007000 08:01 4466526                    /usr/lib/jvm/java-7-openjdk-amd64/jre/lib/amd64/libzip.so
7f7e564a6000-7f7e564a7000 rw-p 00008000 08:01 4466526                    /usr/lib/jvm/java-7-openjdk-amd64/jre/lib/amd64/libzip.so
7f7e564a7000-7f7e564b3000 r-xp 00000000 08:01 6033075                    /lib/x86_64-linux-gnu/libnss_files-2.17.so
7f7e564b3000-7f7e566b2000 ---p 0000c000 08:01 6033075                    /lib/x86_64-linux-gnu/libnss_files-2.17.so
7f7e566b2000-7f7e566b3000 r--p 0000b000 08:01 6033075                    /lib/x86_64-linux-gnu/libnss_files-2.17.so
7f7e566b3000-7f7e566b4000 rw-p 0000c000 08:01 6033075                    /lib/x86_64-linux-gnu/libnss_files-2.17.so
7f7e566b4000-7f7e566bf000 r-xp 00000000 08:01 6033079                    /lib/x86_64-linux-gnu/libnss_nis-2.17.so
7f7e566bf000-7f7e568be000 ---p 0000b000 08:01 6033079                    /lib/x86_64-linux-gnu/libnss_nis-2.17.so
7f7e568be000-7f7e568bf000 r--p 0000a000 08:01 6033079                    /lib/x86_64-linux-gnu/libnss_nis-2.17.so
7f7e568bf000-7f7e568c0000 rw-p 0000b000 08:01 6033079                    /lib/x86_64-linux-gnu/libnss_nis-2.17.so
7f7e568c0000-7f7e568d7000 r-xp 00000000 08:01 6033069                    /lib/x86_64-linux-gnu/libnsl-2.17.so
7f7e568d7000-7f7e56ad6000 ---p 00017000 08:01 6033069                    /lib/x86_64-linux-gnu/libnsl-2.17.so
7f7e56ad6000-7f7e56ad7000 r--p 00016000 08:01 6033069                    /lib/x86_64-linux-gnu/libnsl-2.17.so
7f7e56ad7000-7f7e56ad8000 rw-p 00017000 08:01 6033069                    /lib/x86_64-linux-gnu/libnsl-2.17.so
7f7e56ad8000-7f7e56ada000 rw-p 00000000 00:00 0 
7f7e56ada000-7f7e56ae2000 r-xp 00000000 08:01 6033071                    /lib/x86_64-linux-gnu/libnss_compat-2.17.so
7f7e56ae2000-7f7e56ce1000 ---p 00008000 08:01 6033071                    /lib/x86_64-linux-gnu/libnss_compat-2.17.so
7f7e56ce1000-7f7e56ce2000 r--p 00007000 08:01 6033071                    /lib/x86_64-linux-gnu/libnss_compat-2.17.so
7f7e56ce2000-7f7e56ce3000 rw-p 00008000 08:01 6033071                    /lib/x86_64-linux-gnu/libnss_compat-2.17.so
7f7e56ce3000-7f7e56d0e000 r-xp 00000000 08:01 4466510                    /usr/lib/jvm/java-7-openjdk-amd64/jre/lib/amd64/libjava.so
7f7e56d0e000-7f7e56f0d000 ---p 0002b000 08:01 4466510                    /usr/lib/jvm/java-7-openjdk-amd64/jre/lib/amd64/libjava.so
7f7e56f0d000-7f7e56f0e000 r--p 0002a000 08:01 4466510                    /usr/lib/jvm/java-7-openjdk-amd64/jre/lib/amd64/libjava.so
7f7e56f0e000-7f7e56f10000 rw-p 0002b000 08:01 4466510                    /usr/lib/jvm/java-7-openjdk-amd64/jre/lib/amd64/libjava.so
7f7e56f10000-7f7e56f1f000 r-xp 00000000 08:01 4466509                    /usr/lib/jvm/java-7-openjdk-amd64/jre/lib/amd64/libverify.so
7f7e56f1f000-7f7e5711e000 ---p 0000f000 08:01 4466509                    /usr/lib/jvm/java-7-openjdk-amd64/jre/lib/amd64/libverify.so
7f7e5711e000-7f7e57120000 r--p 0000e000 08:01 4466509                    /usr/lib/jvm/java-7-openjdk-amd64/jre/lib/amd64/libverify.so
7f7e57120000-7f7e57121000 rw-p 00010000 08:01 4466509                    /usr/lib/jvm/java-7-openjdk-amd64/jre/lib/amd64/libverify.so
7f7e57121000-7f7e57128000 r-xp 00000000 08:01 6033122                    /lib/x86_64-linux-gnu/librt-2.17.so
7f7e57128000-7f7e57327000 ---p 00007000 08:01 6033122                    /lib/x86_64-linux-gnu/librt-2.17.so
7f7e57327000-7f7e57328000 r--p 00006000 08:01 6033122                    /lib/x86_64-linux-gnu/librt-2.17.so
7f7e57328000-7f7e57329000 rw-p 00007000 08:01 6033122                    /lib/x86_64-linux-gnu/librt-2.17.so
7f7e57329000-7f7e5733d000 r-xp 00000000 08:01 6033027                    /lib/x86_64-linux-gnu/libgcc_s.so.1
7f7e5733d000-7f7e5753d000 ---p 00014000 08:01 6033027                    /lib/x86_64-linux-gnu/libgcc_s.so.1
7f7e5753d000-7f7e5753e000 r--p 00014000 08:01 6033027                    /lib/x86_64-linux-gnu/libgcc_s.so.1
7f7e5753e000-7f7e5753f000 rw-p 00015000 08:01 6033027                    /lib/x86_64-linux-gnu/libgcc_s.so.1
7f7e5753f000-7f7e57642000 r-xp 00000000 08:01 6033050                    /lib/x86_64-linux-gnu/libm-2.17.so
7f7e57642000-7f7e57842000 ---p 00103000 08:01 6033050                    /lib/x86_64-linux-gnu/libm-2.17.so
7f7e57842000-7f7e57843000 r--p 00103000 08:01 6033050                    /lib/x86_64-linux-gnu/libm-2.17.so
7f7e57843000-7f7e57844000 rw-p 00104000 08:01 6033050                    /lib/x86_64-linux-gnu/libm-2.17.so
7f7e57844000-7f7e57929000 r-xp 00000000 08:01 4464194                    /usr/lib/x86_64-linux-gnu/libstdc++.so.6.0.17
7f7e57929000-7f7e57b28000 ---p 000e5000 08:01 4464194                    /usr/lib/x86_64-linux-gnu/libstdc++.so.6.0.17
7f7e57b28000-7f7e57b30000 r--p 000e4000 08:01 4464194                    /usr/lib/x86_64-linux-gnu/libstdc++.so.6.0.17
7f7e57b30000-7f7e57b32000 rw-p 000ec000 08:01 4464194                    /usr/lib/x86_64-linux-gnu/libstdc++.so.6.0.17
7f7e57b32000-7f7e57b47000 rw-p 00000000 00:00 0 
7f7e57b47000-7f7e58537000 r-xp 00000000 08:01 4466515                    /usr/lib/jvm/java-7-openjdk-amd64/jre/lib/amd64/server/libjvm.so
7f7e58537000-7f7e58736000 ---p 009f0000 08:01 4466515                    /usr/lib/jvm/java-7-openjdk-amd64/jre/lib/amd64/server/libjvm.so
7f7e58736000-7f7e587b5000 r--p 009ef000 08:01 4466515                    /usr/lib/jvm/java-7-openjdk-amd64/jre/lib/amd64/server/libjvm.so
7f7e587b5000-7f7e587d8000 rw-p 00a6e000 08:01 4466515                    /usr/lib/jvm/java-7-openjdk-amd64/jre/lib/amd64/server/libjvm.so
7f7e587d8000-7f7e58803000 rw-p 00000000 00:00 0 
7f7e58803000-7f7e58819000 r-xp 00000000 08:01 6033155                    /lib/x86_64-linux-gnu/libz.so.1.2.7
7f7e58819000-7f7e58a18000 ---p 00016000 08:01 6033155                    /lib/x86_64-linux-gnu/libz.so.1.2.7
7f7e58a18000-7f7e58a19000 r--p 00015000 08:01 6033155                    /lib/x86_64-linux-gnu/libz.so.1.2.7
7f7e58a19000-7f7e58a1a000 rw-p 00016000 08:01 6033155                    /lib/x86_64-linux-gnu/libz.so.1.2.7
7f7e58a1a000-7f7e58a32000 r-xp 00000000 08:01 6033114                    /lib/x86_64-linux-gnu/libpthread-2.17.so
7f7e58a32000-7f7e58c31000 ---p 00018000 08:01 6033114                    /lib/x86_64-linux-gnu/libpthread-2.17.so
7f7e58c31000-7f7e58c32000 r--p 00017000 08:01 6033114                    /lib/x86_64-linux-gnu/libpthread-2.17.so
7f7e58c32000-7f7e58c33000 rw-p 00018000 08:01 6033114                    /lib/x86_64-linux-gnu/libpthread-2.17.so
7f7e58c33000-7f7e58c37000 rw-p 00000000 00:00 0 
7f7e58c37000-7f7e58c3a000 r-xp 00000000 08:01 6033017                    /lib/x86_64-linux-gnu/libdl-2.17.so
7f7e58c3a000-7f7e58e39000 ---p 00003000 08:01 6033017                    /lib/x86_64-linux-gnu/libdl-2.17.so
7f7e58e39000-7f7e58e3a000 r--p 00002000 08:01 6033017                    /lib/x86_64-linux-gnu/libdl-2.17.so
7f7e58e3a000-7f7e58e3b000 rw-p 00003000 08:01 6033017                    /lib/x86_64-linux-gnu/libdl-2.17.so
7f7e58e3b000-7f7e58ff9000 r-xp 00000000 08:01 6033002                    /lib/x86_64-linux-gnu/libc-2.17.so
7f7e58ff9000-7f7e591f8000 ---p 001be000 08:01 6033002                    /lib/x86_64-linux-gnu/libc-2.17.so
7f7e591f8000-7f7e591fc000 r--p 001bd000 08:01 6033002                    /lib/x86_64-linux-gnu/libc-2.17.so
7f7e591fc000-7f7e591fe000 rw-p 001c1000 08:01 6033002                    /lib/x86_64-linux-gnu/libc-2.17.so
7f7e591fe000-7f7e59203000 rw-p 00000000 00:00 0 
7f7e59203000-7f7e59210000 r-xp 00000000 08:01 4466492                    /usr/lib/jvm/java-7-openjdk-amd64/jre/lib/amd64/jli/libjli.so
7f7e59210000-7f7e5940f000 ---p 0000d000 08:01 4466492                    /usr/lib/jvm/java-7-openjdk-amd64/jre/lib/amd64/jli/libjli.so
7f7e5940f000-7f7e59410000 r--p 0000c000 08:01 4466492                    /usr/lib/jvm/java-7-openjdk-amd64/jre/lib/amd64/jli/libjli.so
7f7e59410000-7f7e59411000 rw-p 0000d000 08:01 4466492                    /usr/lib/jvm/java-7-openjdk-amd64/jre/lib/amd64/jli/libjli.so
7f7e59411000-7f7e59434000 r-xp 00000000 08:01 6032978                    /lib/x86_64-linux-gnu/ld-2.17.so
7f7e59435000-7f7e59436000 rw-p 00000000 00:00 0 
7f7e59436000-7f7e5943f000 r--s 0005a000 08:01 17171911                   /home/shiwali/soar/SoarSuite/out/java/soar-debugger.jar
7f7e5943f000-7f7e59440000 r--s 00001000 08:01 17171909                   /home/shiwali/soar/SoarSuite/out/java/soar-debugger-api.jar
7f7e59440000-7f7e59441000 r--s 00003000 08:01 17171915                   /home/shiwali/soar/SoarSuite/out/java/swtgraphics2d.jar
7f7e59441000-7f7e59443000 r--s 00005000 08:01 17171902                   /home/shiwali/soar/SoarSuite/out/java/soar-smljava.jar
7f7e59443000-7f7e5944c000 r--s 000bc000 08:01 4465943                    /usr/lib/jvm/java-7-openjdk-common/jre/lib/resources.jar
7f7e5944c000-7f7e5944f000 r--s 00018000 08:01 17171891                   /home/shiwali/soar/SoarSuite/out/java/sml.jar
7f7e5944f000-7f7e59453000 r--s 00085000 08:01 4465946                    /usr/lib/jvm/java-7-openjdk-common/jre/lib/ext/localedata.jar
7f7e59453000-7f7e5945d000 rw-p 00000000 00:00 0 
7f7e5945d000-7f7e59513000 rw-p 00000000 00:00 0 
7f7e59513000-7f7e59516000 ---p 00000000 00:00 0 
7f7e59516000-7f7e59619000 rw-p 00000000 00:00 0                          [stack:7349]
7f7e59619000-7f7e5961c000 r--s 00032000 08:01 4465947                    /usr/lib/jvm/java-7-openjdk-common/jre/lib/ext/sunjce_provider.jar
7f7e5961c000-7f7e5961f000 r--s 0003c000 08:01 4465945                    /usr/lib/jvm/java-7-openjdk-common/jre/lib/ext/sunpkcs11.jar
7f7e5961f000-7f7e59620000 r--s 00002000 08:01 4465949                    /usr/lib/jvm/java-7-openjdk-common/jre/lib/ext/dnsns.jar
7f7e59620000-7f7e59623000 r--s 0000f000 08:01 4465948                    /usr/lib/jvm/java-7-openjdk-common/jre/lib/ext/pulse-java.jar
7f7e59623000-7f7e59625000 r--s 00006000 08:01 4855577                    /usr/share/java/java-atk-wrapper.jar
7f7e59625000-7f7e59627000 r--s 00012000 08:01 4465950                    /usr/lib/jvm/java-7-openjdk-common/jre/lib/ext/zipfs.jar
7f7e59627000-7f7e5962f000 rw-s 00000000 08:01 6160661                    /tmp/hsperfdata_shiwali/7347
7f7e5962f000-7f7e59630000 rw-p 00000000 00:00 0 
7f7e59630000-7f7e59631000 r--p 00000000 00:00 0 
7f7e59631000-7f7e59633000 rw-p 00000000 00:00 0 
7f7e59633000-7f7e59634000 r--p 00022000 08:01 6032978                    /lib/x86_64-linux-gnu/ld-2.17.so
7f7e59634000-7f7e59636000 rw-p 00023000 08:01 6032978                    /lib/x86_64-linux-gnu/ld-2.17.so
7fff33d86000-7fff33da7000 rw-p 00000000 00:00 0                          [stack]
7fff33dfe000-7fff33e00000 r-xp 00000000 00:00 0                          [vdso]
ffffffffff600000-ffffffffff601000 r-xp 00000000 00:00 0                  [vsyscall]

VM Arguments:
jvm_args: -Dfile.encoding=UTF-8 
java_command: edu.umich.insoar.InSoar
Launcher Type: SUN_STANDARD

Environment Variables:
PATH=/usr/lib/lightdm/lightdm:/usr/local/sbin:/usr/local/bin:/usr/sbin:/usr/bin:/sbin:/bin:/usr/games:/usr/local/games
LD_LIBRARY_PATH=/home/shiwali/soar/SoarSuite/out
SHELL=/bin/bash
DISPLAY=:0

Signal Handlers:
SIGSEGV: [libjvm.so+0x84f410], sa_mask[0]=0x7ffbfeff, sa_flags=0x10000004
SIGBUS: [libjvm.so+0x84f410], sa_mask[0]=0x7ffbfeff, sa_flags=0x10000004
SIGFPE: [libjvm.so+0x6f19a0], sa_mask[0]=0x7ffbfeff, sa_flags=0x10000004
SIGPIPE: SIG_IGN, sa_mask[0]=0x00000000, sa_flags=0x00000000
SIGXFSZ: [libjvm.so+0x6f19a0], sa_mask[0]=0x7ffbfeff, sa_flags=0x10000004
SIGILL: [libjvm.so+0x6f19a0], sa_mask[0]=0x7ffbfeff, sa_flags=0x10000004
SIGUSR1: SIG_DFL, sa_mask[0]=0x00000000, sa_flags=0x00000000
SIGUSR2: [libjvm.so+0x6f1d70], sa_mask[0]=0x00000004, sa_flags=0x10000004
SIGHUP: [libjvm.so+0x6f1eb0], sa_mask[0]=0x7ffbfeff, sa_flags=0x10000004
SIGINT: [libjvm.so+0x6f1eb0], sa_mask[0]=0x7ffbfeff, sa_flags=0x10000004
SIGTERM: [libjvm.so+0x6f1eb0], sa_mask[0]=0x7ffbfeff, sa_flags=0x10000004
SIGQUIT: [libjvm.so+0x6f1eb0], sa_mask[0]=0x7ffbfeff, sa_flags=0x10000004


---------------  S Y S T E M  ---------------

OS:Ubuntu 13.04 (raring)
uname:Linux 3.8.0-27-generic #40-Ubuntu SMP Tue Jul 9 00:17:05 UTC 2013 x86_64
libc:glibc 2.17 NPTL 2.17 
rlimit: STACK 8192k, CORE 0k, NPROC 63152, NOFILE 4096, AS infinity
load average:1.92 1.90 1.85

/proc/meminfo:
MemTotal:        8102568 kB
MemFree:         1861076 kB
Buffers:          121488 kB
Cached:          1533376 kB
SwapCached:            0 kB
Active:          4620632 kB
Inactive:        1018236 kB
Active(anon):    3987460 kB
Inactive(anon):    55312 kB
Active(file):     633172 kB
Inactive(file):   962924 kB
Unevictable:         100 kB
Mlocked:             100 kB
SwapTotal:       8311804 kB
SwapFree:        8311804 kB
Dirty:              1764 kB
Writeback:             0 kB
AnonPages:       3984436 kB
Mapped:           259648 kB
Shmem:             58772 kB
Slab:             145260 kB
SReclaimable:     101092 kB
SUnreclaim:        44168 kB
KernelStack:        5920 kB
PageTables:        51988 kB
NFS_Unstable:          0 kB
Bounce:                0 kB
WritebackTmp:          0 kB
CommitLimit:    12363088 kB
Committed_AS:    9013688 kB
VmallocTotal:   34359738367 kB
VmallocUsed:      100984 kB
VmallocChunk:   34359618352 kB
HardwareCorrupted:     0 kB
AnonHugePages:         0 kB
HugePages_Total:       0
HugePages_Free:        0
HugePages_Rsvd:        0
HugePages_Surp:        0
Hugepagesize:       2048 kB
DirectMap4k:       68412 kB
DirectMap2M:     8245248 kB


CPU:total 8 (4 cores per cpu, 2 threads per core) family 6 model 30 stepping 5, cmov, cx8, fxsr, mmx, sse, sse2, sse3, ssse3, sse4.1, sse4.2, popcnt, ht, tsc, tscinvbit

/proc/cpuinfo:
processor	: 0
vendor_id	: GenuineIntel
cpu family	: 6
model		: 30
model name	: Intel(R) Core(TM) i7 CPU         860  @ 2.80GHz
stepping	: 5
microcode	: 0x5
cpu MHz		: 2794.000
cache size	: 8192 KB
physical id	: 0
siblings	: 8
core id		: 0
cpu cores	: 4
apicid		: 0
initial apicid	: 0
fpu		: yes
fpu_exception	: yes
cpuid level	: 11
wp		: yes
flags		: fpu vme de pse tsc msr pae mce cx8 apic sep mtrr pge mca cmov pat pse36 clflush dts acpi mmx fxsr sse sse2 ss ht tm pbe syscall nx rdtscp lm constant_tsc arch_perfmon pebs bts rep_good nopl xtopology nonstop_tsc aperfmperf pni dtes64 monitor ds_cpl vmx smx est tm2 ssse3 cx16 xtpr pdcm sse4_1 sse4_2 popcnt lahf_lm ida dtherm tpr_shadow vnmi flexpriority ept vpid
bogomips	: 5585.99
clflush size	: 64
cache_alignment	: 64
address sizes	: 36 bits physical, 48 bits virtual
power management:

processor	: 1
vendor_id	: GenuineIntel
cpu family	: 6
model		: 30
model name	: Intel(R) Core(TM) i7 CPU         860  @ 2.80GHz
stepping	: 5
microcode	: 0x5
cpu MHz		: 1596.000
cache size	: 8192 KB
physical id	: 0
siblings	: 8
core id		: 1
cpu cores	: 4
apicid		: 2
initial apicid	: 2
fpu		: yes
fpu_exception	: yes
cpuid level	: 11
wp		: yes
flags		: fpu vme de pse tsc msr pae mce cx8 apic sep mtrr pge mca cmov pat pse36 clflush dts acpi mmx fxsr sse sse2 ss ht tm pbe syscall nx rdtscp lm constant_tsc arch_perfmon pebs bts rep_good nopl xtopology nonstop_tsc aperfmperf pni dtes64 monitor ds_cpl vmx smx est tm2 ssse3 cx16 xtpr pdcm sse4_1 sse4_2 popcnt lahf_lm ida dtherm tpr_shadow vnmi flexpriority ept vpid
bogomips	: 5585.99
clflush size	: 64
cache_alignment	: 64
address sizes	: 36 bits physical, 48 bits virtual
power management:

processor	: 2
vendor_id	: GenuineIntel
cpu family	: 6
model		: 30
model name	: Intel(R) Core(TM) i7 CPU         860  @ 2.80GHz
stepping	: 5
microcode	: 0x5
cpu MHz		: 1197.000
cache size	: 8192 KB
physical id	: 0
siblings	: 8
core id		: 2
cpu cores	: 4
apicid		: 4
initial apicid	: 4
fpu		: yes
fpu_exception	: yes
cpuid level	: 11
wp		: yes
flags		: fpu vme de pse tsc msr pae mce cx8 apic sep mtrr pge mca cmov pat pse36 clflush dts acpi mmx fxsr sse sse2 ss ht tm pbe syscall nx rdtscp lm constant_tsc arch_perfmon pebs bts rep_good nopl xtopology nonstop_tsc aperfmperf pni dtes64 monitor ds_cpl vmx smx est tm2 ssse3 cx16 xtpr pdcm sse4_1 sse4_2 popcnt lahf_lm ida dtherm tpr_shadow vnmi flexpriority ept vpid
bogomips	: 5585.99
clflush size	: 64
cache_alignment	: 64
address sizes	: 36 bits physical, 48 bits virtual
power management:

processor	: 3
vendor_id	: GenuineIntel
cpu family	: 6
model		: 30
model name	: Intel(R) Core(TM) i7 CPU         860  @ 2.80GHz
stepping	: 5
microcode	: 0x5
cpu MHz		: 2794.000
cache size	: 8192 KB
physical id	: 0
siblings	: 8
core id		: 3
cpu cores	: 4
apicid		: 6
initial apicid	: 6
fpu		: yes
fpu_exception	: yes
cpuid level	: 11
wp		: yes
flags		: fpu vme de pse tsc msr pae mce cx8 apic sep mtrr pge mca cmov pat pse36 clflush dts acpi mmx fxsr sse sse2 ss ht tm pbe syscall nx rdtscp lm constant_tsc arch_perfmon pebs bts rep_good nopl xtopology nonstop_tsc aperfmperf pni dtes64 monitor ds_cpl vmx smx est tm2 ssse3 cx16 xtpr pdcm sse4_1 sse4_2 popcnt lahf_lm ida dtherm tpr_shadow vnmi flexpriority ept vpid
bogomips	: 5585.99
clflush size	: 64
cache_alignment	: 64
address sizes	: 36 bits physical, 48 bits virtual
power management:

processor	: 4
vendor_id	: GenuineIntel
cpu family	: 6
model		: 30
model name	: Intel(R) Core(TM) i7 CPU         860  @ 2.80GHz
stepping	: 5
microcode	: 0x5
cpu MHz		: 1197.000
cache size	: 8192 KB
physical id	: 0
siblings	: 8
core id		: 0
cpu cores	: 4
apicid		: 1
initial apicid	: 1
fpu		: yes
fpu_exception	: yes
cpuid level	: 11
wp		: yes
flags		: fpu vme de pse tsc msr pae mce cx8 apic sep mtrr pge mca cmov pat pse36 clflush dts acpi mmx fxsr sse sse2 ss ht tm pbe syscall nx rdtscp lm constant_tsc arch_perfmon pebs bts rep_good nopl xtopology nonstop_tsc aperfmperf pni dtes64 monitor ds_cpl vmx smx est tm2 ssse3 cx16 xtpr pdcm sse4_1 sse4_2 popcnt lahf_lm ida dtherm tpr_shadow vnmi flexpriority ept vpid
bogomips	: 5585.99
clflush size	: 64
cache_alignment	: 64
address sizes	: 36 bits physical, 48 bits virtual
power management:

processor	: 5
vendor_id	: GenuineIntel
cpu family	: 6
model		: 30
model name	: Intel(R) Core(TM) i7 CPU         860  @ 2.80GHz
stepping	: 5
microcode	: 0x5
cpu MHz		: 1197.000
cache size	: 8192 KB
physical id	: 0
siblings	: 8
core id		: 1
cpu cores	: 4
apicid		: 3
initial apicid	: 3
fpu		: yes
fpu_exception	: yes
cpuid level	: 11
wp		: yes
flags		: fpu vme de pse tsc msr pae mce cx8 apic sep mtrr pge mca cmov pat pse36 clflush dts acpi mmx fxsr sse sse2 ss ht tm pbe syscall nx rdtscp lm constant_tsc arch_perfmon pebs bts rep_good nopl xtopology nonstop_tsc aperfmperf pni dtes64 monitor ds_cpl vmx smx est tm2 ssse3 cx16 xtpr pdcm sse4_1 sse4_2 popcnt lahf_lm ida dtherm tpr_shadow vnmi flexpriority ept vpid
bogomips	: 5585.99
clflush size	: 64
cache_alignment	: 64
address sizes	: 36 bits physical, 48 bits virtual
power management:

processor	: 6
vendor_id	: GenuineIntel
cpu family	: 6
model		: 30
model name	: Intel(R) Core(TM) i7 CPU         860  @ 2.80GHz
stepping	: 5
microcode	: 0x5
cpu MHz		: 2794.000
cache size	: 8192 KB
physical id	: 0
siblings	: 8
core id		: 2
cpu cores	: 4
apicid		: 5
initial apicid	: 5
fpu		: yes
fpu_exception	: yes
cpuid level	: 11
wp		: yes
flags		: fpu vme de pse tsc msr pae mce cx8 apic sep mtrr pge mca cmov pat pse36 clflush dts acpi mmx fxsr sse sse2 ss ht tm pbe syscall nx rdtscp lm constant_tsc arch_perfmon pebs bts rep_good nopl xtopology nonstop_tsc aperfmperf pni dtes64 monitor ds_cpl vmx smx est tm2 ssse3 cx16 xtpr pdcm sse4_1 sse4_2 popcnt lahf_lm ida dtherm tpr_shadow vnmi flexpriority ept vpid
bogomips	: 5585.99
clflush size	: 64
cache_alignment	: 64
address sizes	: 36 bits physical, 48 bits virtual
power management:

processor	: 7
vendor_id	: GenuineIntel
cpu family	: 6
model		: 30
model name	: Intel(R) Core(TM) i7 CPU         860  @ 2.80GHz
stepping	: 5
microcode	: 0x5
cpu MHz		: 1197.000
cache size	: 8192 KB
physical id	: 0
siblings	: 8
core id		: 3
cpu cores	: 4
apicid		: 7
initial apicid	: 7
fpu		: yes
fpu_exception	: yes
cpuid level	: 11
wp		: yes
flags		: fpu vme de pse tsc msr pae mce cx8 apic sep mtrr pge mca cmov pat pse36 clflush dts acpi mmx fxsr sse sse2 ss ht tm pbe syscall nx rdtscp lm constant_tsc arch_perfmon pebs bts rep_good nopl xtopology nonstop_tsc aperfmperf pni dtes64 monitor ds_cpl vmx smx est tm2 ssse3 cx16 xtpr pdcm sse4_1 sse4_2 popcnt lahf_lm ida dtherm tpr_shadow vnmi flexpriority ept vpid
bogomips	: 5585.99
clflush size	: 64
cache_alignment	: 64
address sizes	: 36 bits physical, 48 bits virtual
power management:



Memory: 4k page, physical 8102568k(1861076k free), swap 8311804k(8311804k free)

vm_info: OpenJDK 64-Bit Server VM (23.7-b01) for linux-amd64 JRE (1.7.0_25-b30), built on Jul  3 2013 13:50:39 by "buildd" with gcc 4.7.3

time: Mon Aug 19 13:47:49 2013
elapsed time: 423 seconds

