#
# A fatal error has been detected by the Java Runtime Environment:
#
#  SIGSEGV (0xb) at pc=0x00007f4202b94a7f, pid=28789, tid=139921479415552
#
# JRE version: 7.0_25-b30
# Java VM: OpenJDK 64-Bit Server VM (23.7-b01 mixed mode linux-amd64 compressed oops)
# Problematic frame:
# C  [libSoar.so+0x257a7f]  std::_List_base<preference_struct*, soar_module::soar_memory_pool_allocator<preference_struct*> >::_M_clear()+0x11
#
# Failed to write core dump. Core dumps have been disabled. To enable core dumping, try "ulimit -c unlimited" before starting Java again
#
# If you would like to submit a bug report, please include
# instructions on how to reproduce the bug and visit:
#   https://bugs.launchpad.net/ubuntu/+source/openjdk-7/
#

---------------  T H R E A D  ---------------

Current thread is native thread

siginfo:si_signo=SIGSEGV: si_errno=0, si_code=1 (SEGV_MAPERR), si_addr=0x0000000000000018

Registers:
RAX=0x0000000000000000, RBX=0x0000000000000000, RCX=0x00007f41e86644d0, RDX=0x00007f41e86644d0
RSP=0x00007f4202139cd0, RBP=0x00007f4202139d20, RSI=0x00007f41e86644d0, RDI=0x0000000000000000
R8 =0x0000000000000000, R9 =0x00000000000c0000, R10=0x0000000000000000, R11=0x00007f422fd0bc0d
R12=0x0000000000000000, R13=0x00007f4230478060, R14=0x00007f423044f4e0, R15=0x0000000000001000
RIP=0x00007f4202b94a7f, EFLAGS=0x0000000000010202, CSGSFS=0x0000000000000033, ERR=0x0000000000000004
  TRAPNO=0x000000000000000e

Top of Stack: (sp=0x00007f4202139cd0)
0x00007f4202139cd0:   00007f4202139d10 0000000000000000
0x00007f4202139ce0:   00007f41e8e91cf0 00007f41e8007310
0x00007f4202139cf0:   00007f41e86645b0 00007f41e8000dd0
0x00007f4202139d00:   00007f41e8664650 00007f41e80029a0
0x00007f4202139d10:   00007f4202139d40 0000000000000000
0x00007f4202139d20:   00007f4202139d40 00007f4202b83d1a
0x00007f4202139d30:   0000000200000000 0000000000000000
0x00007f4202139d40:   00007f4202139d70 00007f4202b0e948
0x00007f4202139d50:   00007f41e86644d0 00007f41e8000dd0
0x00007f4202139d60:   0000000000000000 00007f41e86645c0
0x00007f4202139d70:   00007f4202139db0 00007f4202b06425
0x00007f4202139d80:   00007f41e86644d0 00007f41e8000dd0
0x00007f4202139d90:   0000000000000000 00007f41e8000dd0
0x00007f4202139da0:   0000000000000000 00007f4202b3744f
0x00007f4202139db0:   00007f4202139ef0 00007f4202b08cb0
0x00007f4202139dc0:   00007f41e94d5e30 00007f41e8000dd0
0x00007f4202139dd0:   00007f4202139df0 00007f4202b8a447
0x00007f4202139de0:   00007f4202139e28 00007f41e8000dd0
0x00007f4202139df0:   00007f4202139e30 00007f4202b90dd8
0x00007f4202139e00:   00007f41e9765c00 00007f41e8007390
0x00007f4202139e10:   00007f41e98d6db0 00007f41e8000dd0
0x00007f4202139e20:   00007f4202139e40 00007f41e91f9f10
0x00007f4202139e30:   00007f4202139e50 00007f4202b65fde
0x00007f4202139e40:   00007f41e98d6db0 00007f41e8000dd0
0x00007f4202139e50:   00007f4202139ef0 00007f4202b0380f
0x00007f4202139e60:   00007f4202139e80 00007f4202b8a447
0x00007f4202139e70:   00007f0002139e00 00007f4202139f38
0x00007f4202139e80:   00007f41e98d6db0 00007f41e8000dd0
0x00007f4202139e90:   00007f4202139ec0 00007f41e804aaf0
0x00007f4202139ea0:   00007f4100309a38 00007f41e8000dd0
0x00007f4202139eb0:   00007f41e86644d0 00007f41e91f4f00
0x00007f4202139ec0:   00007f4202139ef0 00007f4202b6d304 

Instructions: (pc=0x00007f4202b94a7f)
0x00007f4202b94a5f:   18 48 3b 45 c0 75 97 48 83 c4 48 5b 5d c3 90 55
0x00007f4202b94a6f:   48 89 e5 53 48 83 ec 48 48 89 7d b8 48 8b 45 b8
0x00007f4202b94a7f:   48 8b 40 18 48 89 45 c0 eb 5b 48 8b 45 c0 48 89
0x00007f4202b94a8f:   45 c8 48 8b 45 c0 48 8b 00 48 89 45 c0 48 8b 45 

Register to memory mapping:

RAX=0x0000000000000000 is an unknown value
RBX=0x0000000000000000 is an unknown value
RCX=0x00007f41e86644d0 is an unknown value
RDX=0x00007f41e86644d0 is an unknown value
RSP=0x00007f4202139cd0 is an unknown value
RBP=0x00007f4202139d20 is an unknown value
RSI=0x00007f41e86644d0 is an unknown value
RDI=0x0000000000000000 is an unknown value
R8 =0x0000000000000000 is an unknown value
R9 =0x00000000000c0000 is an unknown value
R10=0x0000000000000000 is an unknown value
R11=0x00007f422fd0bc0d: <offset 0x8cc0d> in /lib/x86_64-linux-gnu/libc.so.6 at 0x00007f422fc7f000
R12=0x0000000000000000 is an unknown value
R13=0x00007f4230478060: _rtld_global+0 in /lib64/ld-linux-x86-64.so.2 at 0x00007f4230255000
R14=0x00007f423044f4e0 is pointing into the stack for thread: 0x00007f4228009800
R15=0x0000000000001000 is an unknown value


Stack: [0x00007f420193b000,0x00007f420213c000],  sp=0x00007f4202139cd0,  free space=8187k
Native frames: (J=compiled Java code, j=interpreted, Vv=VM code, C=native code)
C  [libSoar.so+0x257a7f]  std::_List_base<preference_struct*, soar_module::soar_memory_pool_allocator<preference_struct*> >::_M_clear()+0x11
C  [libSoar.so+0x246d1a]  std::list<preference_struct*, soar_module::soar_memory_pool_allocator<preference_struct*> >::clear()+0x18
C  [libSoar.so+0x1d1948]  epmem_reset(agent_struct*, symbol_union*)+0x76
C  [libSoar.so+0x1c9425]  remove_existing_context_and_descendents(agent_struct*, symbol_union*)+0x25b
C  [libSoar.so+0x1cbcb0]  gds_invalid_so_remove_goal(agent_struct*, wme_struct*)+0x29c
C  [libSoar.so+0x1c8c36]  decide_non_context_slot(agent_struct*, slot_struct*)+0x18f
C  [libSoar.so+0x1c90fd]  decide_non_context_slots(agent_struct*)+0x55
C  [libSoar.so+0x1cacf7]  do_working_memory_phase(agent_struct*)+0x105
C  [libSoar.so+0x1e350f]  do_one_top_level_phase(agent_struct*)+0x7ea
C  [libSoar.so+0x1e4499]  run_for_n_phases(agent_struct*, long)+0x83
C  [libSoar.so+0x36ccec]  sml::AgentSML::Step(sml::smlRunStepSize)+0xf0
C  [libSoar.so+0x36cb3d]  sml::AgentSML::StepInClientThread(sml::smlRunStepSize)+0x43
C  [libSoar.so+0x37d98a]  sml::RunScheduler::RunScheduledAgents(bool, sml::smlRunStepSize, unsigned long, sml::smlRunFlags, sml::smlRunStepSize, bool)+0x344
C  [libSoar.so+0x407aa8]  cli::CommandLineInterface::DoRun(std::bitset<10ul> const&, int, cli::Cli::eRunInterleaveMode)+0x332
C  [libSoar.so+0x428b10]  cli::RunCommand::Parse(std::vector<std::string, std::allocator<std::string> >&)+0x67a
C  [libSoar.so+0x419047]  cli::Parser::handle_command(std::vector<std::string, std::allocator<std::string> >&)+0x91
C  [libSoar.so+0x417d6e]  soar::tokenizer::parse_command()+0x1d0
C  [libSoar.so+0x417b14]  soar::tokenizer::evaluate(char const*)+0x60
C  [libSoar.so+0x40afe3]  cli::CommandLineInterface::Source(char const*, bool)+0x61
C  [libSoar.so+0x4152eb]  cli::CommandLineInterface::DoCommand(sml::Connection*, sml::AgentSML*, char const*, bool, bool, soarxml::ElementXML*)+0x11d
C  [libSoar.so+0x377d61]  sml::KernelSML::HandleCommandLine(sml::AgentSML*, char const*, sml::Connection*, sml::AnalyzeXML*, soarxml::ElementXML*)+0x483
C  [libSoar.so+0x3741b7]  sml::KernelSML::ProcessCommand(char const*, sml::Connection*, sml::AnalyzeXML*, soarxml::ElementXML*)+0x325
C  [libSoar.so+0x374483]  sml::KernelSML::ProcessIncomingSML(sml::Connection*, soarxml::ElementXML*)+0x119
C  [libSoar.so+0x36aec2]  ReceivedCall(sml::Connection*, soarxml::ElementXML*, void*)+0x3b
C  [libSoar.so+0x3e14a4]  sml::Callback::Invoke(soarxml::ElementXML*)+0x30
C  [libSoar.so+0x3db197]  sml::Connection::InvokeCallbacks(soarxml::ElementXML*)+0x105
C  [libSoar.so+0x3dd1d7]  sml::EmbeddedConnectionAsynch::ReceiveMessages(bool)+0x69
C  [libSoar.so+0x3713ff]  sml::ConnectionManager::ReceiveAllMessages()+0x71
C  [libSoar.so+0x379cdc]  sml::ReceiverThread::Run()+0x2e
C  [libSoar.so+0x3e1149]  ThreadStartFunction(void*)+0x2b
C  [libSoar.so+0x3e1001]  LinuxThreadFunc(void*)+0x28


---------------  P R O C E S S  ---------------

VM state:not at safepoint (normal execution)

VM Mutex/Monitor currently owned by a thread: None

Heap
 PSYoungGen      total 308736K, used 46640K [0x00000000e1560000, 0x00000000f4b60000, 0x0000000100000000)
  eden space 300672K, 14% used [0x00000000e1560000,0x00000000e3fc1dc8,0x00000000f3b00000)
  from space 8064K, 40% used [0x00000000f4380000,0x00000000f46aa3d8,0x00000000f4b60000)
  to   space 8384K, 0% used [0x00000000f3b00000,0x00000000f3b00000,0x00000000f4330000)
 ParOldGen       total 62784K, used 10799K [0x00000000a4000000, 0x00000000a7d50000, 0x00000000e1560000)
  object space 62784K, 17% used [0x00000000a4000000,0x00000000a4a8bcc8,0x00000000a7d50000)
 PSPermGen       total 21248K, used 17362K [0x0000000099a00000, 0x000000009aec0000, 0x00000000a4000000)
  object space 21248K, 81% used [0x0000000099a00000,0x000000009aaf4980,0x000000009aec0000)

Card table byte_map: [0x00007f422cd93000,0x00007f422d0c7000] byte_map_base: 0x00007f422c8c6000

Polling page: 0x00007f4230474000

Code Cache  [0x00007f4225000000, 0x00007f4225270000, 0x00007f4228000000)
 total_blobs=1054 nmethods=513 adapters=493 free_code_cache=47393Kb largest_free_block=48484480

Compilation events (10 events):
Event: 142.674 Thread 0x00007f422810e000  520             java.util.AbstractCollection::toArray (116 bytes)
Event: 142.705 Thread 0x00007f4228111000  521             sml.StringElement::<init> (15 bytes)
Event: 142.707 Thread 0x00007f4228111000 nmethod 521 0x00007f42251aca10 code [0x00007f42251acb60, 0x00007f42251acbe8]
Event: 142.714 Thread 0x00007f422810e000 nmethod 520 0x00007f42251ad950 code [0x00007f42251adb20, 0x00007f42251ae258]
Event: 144.797 Thread 0x00007f4228111000  522             sun.misc.FormattedFloatingDecimal::constructPow52 (23 bytes)
Event: 144.798 Thread 0x00007f422810e000  523  s          sun.misc.FormattedFloatingDecimal::big5pow (215 bytes)
Event: 144.804 Thread 0x00007f422810e000 nmethod 523 0x00007f42251b5a10 code [0x00007f42251b5b80, 0x00007f42251b6198]
Event: 144.815 Thread 0x00007f4228111000 nmethod 522 0x00007f42251b4c90 code [0x00007f42251b4e20, 0x00007f42251b5688]
Event: 145.119 Thread 0x00007f422810e000  524             sml.Agent::GetInputLink (29 bytes)
Event: 145.121 Thread 0x00007f422810e000 nmethod 524 0x00007f42251b6510 code [0x00007f42251b6660, 0x00007f42251b6778]

GC Heap History (10 events):
Event: 4.630 GC heap before
{Heap before GC invocations=6 (full 0):
 PSYoungGen      total 51008K, used 50992K [0x00000000e1560000, 0x00000000e8180000, 0x0000000100000000)
  eden space 47104K, 100% used [0x00000000e1560000,0x00000000e4360000,0x00000000e4360000)
  from space 3904K, 99% used [0x00000000e4360000,0x00000000e472c010,0x00000000e4730000)
  to   space 8256K, 0% used [0x00000000e7970000,0x00000000e7970000,0x00000000e8180000)
 ParOldGen       total 62784K, used 7295K [0x00000000a4000000, 0x00000000a7d50000, 0x00000000e1560000)
  object space 62784K, 11% used [0x00000000a4000000,0x00000000a471fc68,0x00000000a7d50000)
 PSPermGen       total 21248K, used 3569K [0x0000000099a00000, 0x000000009aec0000, 0x00000000a4000000)
  object space 21248K, 16% used [0x0000000099a00000,0x0000000099d7c6b8,0x000000009aec0000)
Event: 4.678 GC heap after
Heap after GC invocations=6 (full 0):
 PSYoungGen      total 101568K, used 5328K [0x00000000e1560000, 0x00000000e80a0000, 0x0000000100000000)
  eden space 94208K, 0% used [0x00000000e1560000,0x00000000e1560000,0x00000000e7160000)
  from space 7360K, 72% used [0x00000000e7970000,0x00000000e7ea4010,0x00000000e80a0000)
  to   space 7808K, 0% used [0x00000000e7160000,0x00000000e7160000,0x00000000e7900000)
 ParOldGen       total 62784K, used 7295K [0x00000000a4000000, 0x00000000a7d50000, 0x00000000e1560000)
  object space 62784K, 11% used [0x00000000a4000000,0x00000000a471fc68,0x00000000a7d50000)
 PSPermGen       total 21248K, used 3569K [0x0000000099a00000, 0x000000009aec0000, 0x00000000a4000000)
  object space 21248K, 16% used [0x0000000099a00000,0x0000000099d7c6b8,0x000000009aec0000)
}
Event: 5.754 GC heap before
{Heap before GC invocations=7 (full 0):
 PSYoungGen      total 101568K, used 99536K [0x00000000e1560000, 0x00000000e80a0000, 0x0000000100000000)
  eden space 94208K, 100% used [0x00000000e1560000,0x00000000e7160000,0x00000000e7160000)
  from space 7360K, 72% used [0x00000000e7970000,0x00000000e7ea4010,0x00000000e80a0000)
  to   space 7808K, 0% used [0x00000000e7160000,0x00000000e7160000,0x00000000e7900000)
 ParOldGen       total 62784K, used 7295K [0x00000000a4000000, 0x00000000a7d50000, 0x00000000e1560000)
  object space 62784K, 11% used [0x00000000a4000000,0x00000000a471fc68,0x00000000a7d50000)
 PSPermGen       total 21248K, used 3569K [0x0000000099a00000, 0x000000009aec0000, 0x00000000a4000000)
  object space 21248K, 16% used [0x0000000099a00000,0x0000000099d7c6b8,0x000000009aec0000)
Event: 5.789 GC heap after
Heap after GC invocations=7 (full 0):
 PSYoungGen      total 102016K, used 1952K [0x00000000e1560000, 0x00000000edd80000, 0x0000000100000000)
  eden space 94208K, 0% used [0x00000000e1560000,0x00000000e1560000,0x00000000e7160000)
  from space 7808K, 25% used [0x00000000e7160000,0x00000000e7348000,0x00000000e7900000)
  to   space 8256K, 0% used [0x00000000ed570000,0x00000000ed570000,0x00000000edd80000)
 ParOldGen       total 62784K, used 10727K [0x00000000a4000000, 0x00000000a7d50000, 0x00000000e1560000)
  object space 62784K, 17% used [0x00000000a4000000,0x00000000a4a79cc8,0x00000000a7d50000)
 PSPermGen       total 21248K, used 3569K [0x0000000099a00000, 0x000000009aec0000, 0x00000000a4000000)
  object space 21248K, 16% used [0x0000000099a00000,0x0000000099d7c6b8,0x000000009aec0000)
}
Event: 6.419 GC heap before
{Heap before GC invocations=8 (full 0):
 PSYoungGen      total 102016K, used 96160K [0x00000000e1560000, 0x00000000edd80000, 0x0000000100000000)
  eden space 94208K, 100% used [0x00000000e1560000,0x00000000e7160000,0x00000000e7160000)
  from space 7808K, 25% used [0x00000000e7160000,0x00000000e7348000,0x00000000e7900000)
  to   space 8256K, 0% used [0x00000000ed570000,0x00000000ed570000,0x00000000edd80000)
 ParOldGen       total 62784K, used 10727K [0x00000000a4000000, 0x00000000a7d50000, 0x00000000e1560000)
  object space 62784K, 17% used [0x00000000a4000000,0x00000000a4a79cc8,0x00000000a7d50000)
 PSPermGen       total 21248K, used 3569K [0x0000000099a00000, 0x000000009aec0000, 0x00000000a4000000)
  object space 21248K, 16% used [0x0000000099a00000,0x0000000099d7c6b8,0x000000009aec0000)
Event: 6.420 GC heap after
Heap after GC invocations=8 (full 0):
 PSYoungGen      total 196160K, used 96K [0x00000000e1560000, 0x00000000ede80000, 0x0000000100000000)
  eden space 187904K, 0% used [0x00000000e1560000,0x00000000e1560000,0x00000000ecce0000)
  from space 8256K, 1% used [0x00000000ed570000,0x00000000ed588000,0x00000000edd80000)
  to   space 8768K, 0% used [0x00000000ecce0000,0x00000000ecce0000,0x00000000ed570000)
 ParOldGen       total 62784K, used 10767K [0x00000000a4000000, 0x00000000a7d50000, 0x00000000e1560000)
  object space 62784K, 17% used [0x00000000a4000000,0x00000000a4a83cc8,0x00000000a7d50000)
 PSPermGen       total 21248K, used 3569K [0x0000000099a00000, 0x000000009aec0000, 0x00000000a4000000)
  object space 21248K, 16% used [0x0000000099a00000,0x0000000099d7c6b8,0x000000009aec0000)
}
Event: 11.707 GC heap before
{Heap before GC invocations=9 (full 0):
 PSYoungGen      total 196160K, used 188000K [0x00000000e1560000, 0x00000000ede80000, 0x0000000100000000)
  eden space 187904K, 100% used [0x00000000e1560000,0x00000000ecce0000,0x00000000ecce0000)
  from space 8256K, 1% used [0x00000000ed570000,0x00000000ed588000,0x00000000edd80000)
  to   space 8768K, 0% used [0x00000000ecce0000,0x00000000ecce0000,0x00000000ed570000)
 ParOldGen       total 62784K, used 10767K [0x00000000a4000000, 0x00000000a7d50000, 0x00000000e1560000)
  object space 62784K, 17% used [0x00000000a4000000,0x00000000a4a83cc8,0x00000000a7d50000)
 PSPermGen       total 21248K, used 15327K [0x0000000099a00000, 0x000000009aec0000, 0x00000000a4000000)
  object space 21248K, 72% used [0x0000000099a00000,0x000000009a8f7d48,0x000000009aec0000)
Event: 11.720 GC heap after
Heap after GC invocations=9 (full 0):
 PSYoungGen      total 196672K, used 2144K [0x00000000e1560000, 0x00000000f4c00000, 0x0000000100000000)
  eden space 187904K, 0% used [0x00000000e1560000,0x00000000e1560000,0x00000000ecce0000)
  from space 8768K, 24% used [0x00000000ecce0000,0x00000000ecef8020,0x00000000ed570000)
  to   space 8704K, 0% used [0x00000000f4380000,0x00000000f4380000,0x00000000f4c00000)
 ParOldGen       total 62784K, used 10783K [0x00000000a4000000, 0x00000000a7d50000, 0x00000000e1560000)
  object space 62784K, 17% used [0x00000000a4000000,0x00000000a4a87cc8,0x00000000a7d50000)
 PSPermGen       total 21248K, used 15327K [0x0000000099a00000, 0x000000009aec0000, 0x00000000a4000000)
  object space 21248K, 72% used [0x0000000099a00000,0x000000009a8f7d48,0x000000009aec0000)
}
Event: 128.546 GC heap before
{Heap before GC invocations=10 (full 0):
 PSYoungGen      total 196672K, used 190048K [0x00000000e1560000, 0x00000000f4c00000, 0x0000000100000000)
  eden space 187904K, 100% used [0x00000000e1560000,0x00000000ecce0000,0x00000000ecce0000)
  from space 8768K, 24% used [0x00000000ecce0000,0x00000000ecef8020,0x00000000ed570000)
  to   space 8704K, 0% used [0x00000000f4380000,0x00000000f4380000,0x00000000f4c00000)
 ParOldGen       total 62784K, used 10783K [0x00000000a4000000, 0x00000000a7d50000, 0x00000000e1560000)
  object space 62784K, 17% used [0x00000000a4000000,0x00000000a4a87cc8,0x00000000a7d50000)
 PSPermGen       total 21248K, used 17349K [0x0000000099a00000, 0x000000009aec0000, 0x00000000a4000000)
  object space 21248K, 81% used [0x0000000099a00000,0x000000009aaf14a8,0x000000009aec0000)
Event: 128.560 GC heap after
Heap after GC invocations=10 (full 0):
 PSYoungGen      total 308736K, used 3240K [0x00000000e1560000, 0x00000000f4b60000, 0x0000000100000000)
  eden space 300672K, 0% used [0x00000000e1560000,0x00000000e1560000,0x00000000f3b00000)
  from space 8064K, 40% used [0x00000000f4380000,0x00000000f46aa3d8,0x00000000f4b60000)
  to   space 8384K, 0% used [0x00000000f3b00000,0x00000000f3b00000,0x00000000f4330000)
 ParOldGen       total 62784K, used 10799K [0x00000000a4000000, 0x00000000a7d50000, 0x00000000e1560000)
  object space 62784K, 17% used [0x00000000a4000000,0x00000000a4a8bcc8,0x00000000a7d50000)
 PSPermGen       total 21248K, used 17349K [0x0000000099a00000, 0x000000009aec0000, 0x00000000a4000000)
  object space 21248K, 81% used [0x0000000099a00000,0x000000009aaf14a8,0x000000009aec0000)
}

Deoptimization events (10 events):
Event: 94.489 Thread 0x00007f41c0048000 Uncommon trap -58 fr.pc 0x00007f4225106fb8
Event: 94.519 Thread 0x00007f41c0048000 Uncommon trap -58 fr.pc 0x00007f4225106fb8
Event: 94.519 Thread 0x00007f41c0048000 Uncommon trap -34 fr.pc 0x00007f42250f9800
Event: 94.520 Thread 0x00007f41c0048000 Uncommon trap -58 fr.pc 0x00007f4225106fb8
Event: 94.520 Thread 0x00007f41c0048000 Uncommon trap -34 fr.pc 0x00007f42250f9800
Event: 94.522 Thread 0x00007f41c0048000 Uncommon trap -34 fr.pc 0x00007f42250f9800
Event: 122.012 Thread 0x00007f41c0048000 Uncommon trap -42 fr.pc 0x00007f422519fd78
Event: 122.013 Thread 0x00007f41c0048000 Uncommon trap -42 fr.pc 0x00007f422519fd78
Event: 122.013 Thread 0x00007f41c0048000 Uncommon trap -42 fr.pc 0x00007f422519fd78
Event: 122.108 Thread 0x00007f41c0048000 Uncommon trap -42 fr.pc 0x00007f422519fd78

Internal exceptions (10 events):
Event: 94.511 Thread 0x00007f41c0048000 Threw 0x00000000e9c593b0 at /build/buildd/openjdk-7-7u25-2.3.12/build/openjdk/hotspot/src/share/vm/prims/jvm.cpp:1235
Event: 94.512 Thread 0x00007f41c0048000 Threw 0x00000000e9c5c8d0 at /build/buildd/openjdk-7-7u25-2.3.12/build/openjdk/hotspot/src/share/vm/prims/jvm.cpp:1235
Event: 94.512 Thread 0x00007f41c0048000 Threw 0x00000000e9c5fe68 at /build/buildd/openjdk-7-7u25-2.3.12/build/openjdk/hotspot/src/share/vm/prims/jvm.cpp:1235
Event: 94.513 Thread 0x00007f41c0048000 Threw 0x00000000e9c63450 at /build/buildd/openjdk-7-7u25-2.3.12/build/openjdk/hotspot/src/share/vm/prims/jvm.cpp:1235
Event: 94.513 Thread 0x00007f41c0048000 Threw 0x00000000e9c665c8 at /build/buildd/openjdk-7-7u25-2.3.12/build/openjdk/hotspot/src/share/vm/prims/jvm.cpp:1235
Event: 94.514 Thread 0x00007f41c0048000 Threw 0x00000000e9c69a20 at /build/buildd/openjdk-7-7u25-2.3.12/build/openjdk/hotspot/src/share/vm/prims/jvm.cpp:1235
Event: 94.515 Thread 0x00007f41c0048000 Threw 0x00000000e9c6cc50 at /build/buildd/openjdk-7-7u25-2.3.12/build/openjdk/hotspot/src/share/vm/prims/jvm.cpp:1235
Event: 94.516 Thread 0x00007f41c0048000 Threw 0x00000000e9c6fd00 at /build/buildd/openjdk-7-7u25-2.3.12/build/openjdk/hotspot/src/share/vm/prims/jvm.cpp:1235
Event: 94.518 Thread 0x00007f41c0048000 Threw 0x00000000e9c735d0 at /build/buildd/openjdk-7-7u25-2.3.12/build/openjdk/hotspot/src/share/vm/prims/jvm.cpp:1235
Event: 110.126 Thread 0x00007f41c0048000 Threw 0x00000000eb16f150 at /build/buildd/openjdk-7-7u25-2.3.12/build/openjdk/hotspot/src/share/vm/prims/jvm.cpp:1235

Events (10 events):
Event: 128.567 Executing VM operation: RevokeBias
Event: 128.567 Executing VM operation: RevokeBias done
Event: 128.567 Executing VM operation: BulkRevokeBias
Event: 128.567 Executing VM operation: BulkRevokeBias done
Event: 128.567 Executing VM operation: RevokeBias
Event: 128.567 Executing VM operation: RevokeBias done
Event: 128.567 Executing VM operation: RevokeBias
Event: 128.567 Executing VM operation: RevokeBias done
Event: 128.567 Executing VM operation: BulkRevokeBias
Event: 128.567 Executing VM operation: BulkRevokeBias done


Dynamic libraries:
00400000-00401000 r-xp 00000000 08:07 8130224                            /usr/lib/jvm/java-7-openjdk-amd64/jre/bin/java
00600000-00601000 r--p 00000000 08:07 8130224                            /usr/lib/jvm/java-7-openjdk-amd64/jre/bin/java
00601000-00602000 rw-p 00001000 08:07 8130224                            /usr/lib/jvm/java-7-openjdk-amd64/jre/bin/java
0199a000-019bb000 rw-p 00000000 00:00 0                                  [heap]
99a00000-9aec0000 rw-p 00000000 00:00 0 
9aec0000-a4000000 rw-p 00000000 00:00 0 
a4000000-a7d50000 rw-p 00000000 00:00 0 
a7d50000-e1560000 rw-p 00000000 00:00 0 
e1560000-f4b60000 rw-p 00000000 00:00 0 
f4b60000-f4c00000 ---p 00000000 00:00 0 
f4c00000-100000000 rw-p 00000000 00:00 0 
7f41b8000000-7f41b8021000 rw-p 00000000 00:00 0 
7f41b8021000-7f41bc000000 ---p 00000000 00:00 0 
7f41c0000000-7f41c0079000 rw-p 00000000 00:00 0 
7f41c0079000-7f41c4000000 ---p 00000000 00:00 0 
7f41c4000000-7f41c41b6000 rw-p 00000000 00:00 0 
7f41c41b6000-7f41c8000000 ---p 00000000 00:00 0 
7f41c8000000-7f41c8021000 rw-p 00000000 00:00 0 
7f41c8021000-7f41cc000000 ---p 00000000 00:00 0 
7f41cc000000-7f41cc021000 rw-p 00000000 00:00 0 
7f41cc021000-7f41d0000000 ---p 00000000 00:00 0 
7f41d0000000-7f41d0021000 rw-p 00000000 00:00 0 
7f41d0021000-7f41d4000000 ---p 00000000 00:00 0 
7f41d58fd000-7f41d5def000 rw-p 00000000 00:00 0 
7f41d5def000-7f41d5f38000 rw-s 00000000 00:04 252805145                  /SYSV00000000 (deleted)
7f41d5f38000-7f41d5f3b000 ---p 00000000 00:00 0 
7f41d5f3b000-7f41d6039000 rw-p 00000000 00:00 0                          [stack:28839]
7f41d6039000-7f41d603c000 ---p 00000000 00:00 0 
7f41d603c000-7f41d613a000 rw-p 00000000 00:00 0                          [stack:28838]
7f41d613a000-7f41d614a000 r-xp 00000000 08:07 8130194                    /usr/lib/jvm/java-7-openjdk-amd64/jre/lib/amd64/libnio.so
7f41d614a000-7f41d6349000 ---p 00010000 08:07 8130194                    /usr/lib/jvm/java-7-openjdk-amd64/jre/lib/amd64/libnio.so
7f41d6349000-7f41d634a000 r--p 0000f000 08:07 8130194                    /usr/lib/jvm/java-7-openjdk-amd64/jre/lib/amd64/libnio.so
7f41d634a000-7f41d634b000 rw-p 00010000 08:07 8130194                    /usr/lib/jvm/java-7-openjdk-amd64/jre/lib/amd64/libnio.so
7f41d634b000-7f41d6397000 r-xp 00000000 08:07 8130205                    /usr/lib/jvm/java-7-openjdk-amd64/jre/lib/amd64/libfontmanager.so
7f41d6397000-7f41d6596000 ---p 0004c000 08:07 8130205                    /usr/lib/jvm/java-7-openjdk-amd64/jre/lib/amd64/libfontmanager.so
7f41d6596000-7f41d6599000 r--p 0004b000 08:07 8130205                    /usr/lib/jvm/java-7-openjdk-amd64/jre/lib/amd64/libfontmanager.so
7f41d6599000-7f41d659a000 rw-p 0004e000 08:07 8130205                    /usr/lib/jvm/java-7-openjdk-amd64/jre/lib/amd64/libfontmanager.so
7f41d659a000-7f41d659d000 ---p 00000000 00:00 0 
7f41d659d000-7f41d669b000 rw-p 00000000 00:00 0                          [stack:28836]
7f41d669b000-7f41d669e000 ---p 00000000 00:00 0 
7f41d669e000-7f41d679c000 rw-p 00000000 00:00 0                          [stack:28835]
7f41d679c000-7f41d67a0000 r-xp 00000000 08:07 5242929                    /lib/x86_64-linux-gnu/libgpg-error.so.0.10.0
7f41d67a0000-7f41d699f000 ---p 00004000 08:07 5242929                    /lib/x86_64-linux-gnu/libgpg-error.so.0.10.0
7f41d699f000-7f41d69a0000 r--p 00003000 08:07 5242929                    /lib/x86_64-linux-gnu/libgpg-error.so.0.10.0
7f41d69a0000-7f41d69a1000 rw-p 00004000 08:07 5242929                    /lib/x86_64-linux-gnu/libgpg-error.so.0.10.0
7f41d69a1000-7f41d69a3000 r-xp 00000000 08:07 5242940                    /lib/x86_64-linux-gnu/libkeyutils.so.1.4
7f41d69a3000-7f41d6ba3000 ---p 00002000 08:07 5242940                    /lib/x86_64-linux-gnu/libkeyutils.so.1.4
7f41d6ba3000-7f41d6ba4000 r--p 00002000 08:07 5242940                    /lib/x86_64-linux-gnu/libkeyutils.so.1.4
7f41d6ba4000-7f41d6ba5000 rw-p 00003000 08:07 5242940                    /lib/x86_64-linux-gnu/libkeyutils.so.1.4
7f41d6ba5000-7f41d6bbd000 r-xp 00000000 08:07 7864518                    /usr/lib/x86_64-linux-gnu/libgraphite2.so.3.0.1
7f41d6bbd000-7f41d6dbc000 ---p 00018000 08:07 7864518                    /usr/lib/x86_64-linux-gnu/libgraphite2.so.3.0.1
7f41d6dbc000-7f41d6dbe000 r--p 00017000 08:07 7864518                    /usr/lib/x86_64-linux-gnu/libgraphite2.so.3.0.1
7f41d6dbe000-7f41d6dbf000 rw-p 00019000 08:07 7864518                    /usr/lib/x86_64-linux-gnu/libgraphite2.so.3.0.1
7f41d6dbf000-7f41d6dc3000 r-xp 00000000 08:07 7870208                    /usr/lib/x86_64-linux-gnu/libXxf86vm.so.1.0.0
7f41d6dc3000-7f41d6fc3000 ---p 00004000 08:07 7870208                    /usr/lib/x86_64-linux-gnu/libXxf86vm.so.1.0.0
7f41d6fc3000-7f41d6fc4000 r--p 00004000 08:07 7870208                    /usr/lib/x86_64-linux-gnu/libXxf86vm.so.1.0.0
7f41d6fc4000-7f41d6fc5000 rw-p 00005000 08:07 7870208                    /usr/lib/x86_64-linux-gnu/libXxf86vm.so.1.0.0
7f41d6fc5000-7f41d6fda000 r-xp 00000000 08:07 7866526                    /usr/lib/x86_64-linux-gnu/libxcb-glx.so.0.0.0
7f41d6fda000-7f41d71d9000 ---p 00015000 08:07 7866526                    /usr/lib/x86_64-linux-gnu/libxcb-glx.so.0.0.0
7f41d71d9000-7f41d71db000 r--p 00014000 08:07 7866526                    /usr/lib/x86_64-linux-gnu/libxcb-glx.so.0.0.0
7f41d71db000-7f41d71dc000 rw-p 00016000 08:07 7866526                    /usr/lib/x86_64-linux-gnu/libxcb-glx.so.0.0.0
7f41d71dc000-7f41d71fe000 r-xp 00000000 08:07 7868682                    /usr/lib/x86_64-linux-gnu/libglapi.so.0.0.0
7f41d71fe000-7f41d73fe000 ---p 00022000 08:07 7868682                    /usr/lib/x86_64-linux-gnu/libglapi.so.0.0.0
7f41d73fe000-7f41d7401000 r--p 00022000 08:07 7868682                    /usr/lib/x86_64-linux-gnu/libglapi.so.0.0.0
7f41d7401000-7f41d7402000 rw-p 00025000 08:07 7868682                    /usr/lib/x86_64-linux-gnu/libglapi.so.0.0.0
7f41d7402000-7f41d7403000 rw-p 00000000 00:00 0 
7f41d7403000-7f41d740e000 r-xp 00000000 08:07 7864548                    /usr/lib/x86_64-linux-gnu/libdrm.so.2.4.0
7f41d740e000-7f41d760d000 ---p 0000b000 08:07 7864548                    /usr/lib/x86_64-linux-gnu/libdrm.so.2.4.0
7f41d760d000-7f41d760e000 r--p 0000a000 08:07 7864548                    /usr/lib/x86_64-linux-gnu/libdrm.so.2.4.0
7f41d760e000-7f41d760f000 rw-p 0000b000 08:07 7864548                    /usr/lib/x86_64-linux-gnu/libdrm.so.2.4.0
7f41d760f000-7f41d761f000 r-xp 00000000 08:07 5242950                    /lib/x86_64-linux-gnu/libudev.so.1.3.5
7f41d761f000-7f41d781e000 ---p 00010000 08:07 5242950                    /lib/x86_64-linux-gnu/libudev.so.1.3.5
7f41d781e000-7f41d781f000 r--p 0000f000 08:07 5242950                    /lib/x86_64-linux-gnu/libudev.so.1.3.5
7f41d781f000-7f41d7820000 rw-p 00010000 08:07 5242950                    /lib/x86_64-linux-gnu/libudev.so.1.3.5
7f41d7820000-7f41d7826000 r-xp 00000000 08:07 7866501                    /usr/lib/x86_64-linux-gnu/libgbm.so.1.0.0
7f41d7826000-7f41d7a26000 ---p 00006000 08:07 7866501                    /usr/lib/x86_64-linux-gnu/libgbm.so.1.0.0
7f41d7a26000-7f41d7a27000 r--p 00006000 08:07 7866501                    /usr/lib/x86_64-linux-gnu/libgbm.so.1.0.0
7f41d7a27000-7f41d7a28000 rw-p 00007000 08:07 7866501                    /usr/lib/x86_64-linux-gnu/libgbm.so.1.0.0
7f41d7a28000-7f41d7a36000 r-xp 00000000 08:07 7868902                    /usr/lib/x86_64-linux-gnu/libwayland-server.so.0.1.0
7f41d7a36000-7f41d7c35000 ---p 0000e000 08:07 7868902                    /usr/lib/x86_64-linux-gnu/libwayland-server.so.0.1.0
7f41d7c35000-7f41d7c37000 r--p 0000d000 08:07 7868902                    /usr/lib/x86_64-linux-gnu/libwayland-server.so.0.1.0
7f41d7c37000-7f41d7c38000 rw-p 0000f000 08:07 7868902                    /usr/lib/x86_64-linux-gnu/libwayland-server.so.0.1.0
7f41d7c38000-7f41d7c43000 r-xp 00000000 08:07 7864504                    /usr/lib/x86_64-linux-gnu/libwayland-client.so.0.1.0
7f41d7c43000-7f41d7e42000 ---p 0000b000 08:07 7864504                    /usr/lib/x86_64-linux-gnu/libwayland-client.so.0.1.0
7f41d7e42000-7f41d7e44000 r--p 0000a000 08:07 7864504                    /usr/lib/x86_64-linux-gnu/libwayland-client.so.0.1.0
7f41d7e44000-7f41d7e45000 rw-p 0000c000 08:07 7864504                    /usr/lib/x86_64-linux-gnu/libwayland-client.so.0.1.0
7f41d7e45000-7f41d7e4a000 r-xp 00000000 08:07 7866542                    /usr/lib/x86_64-linux-gnu/libxcb-xfixes.so.0.0.0
7f41d7e4a000-7f41d804a000 ---p 00005000 08:07 7866542                    /usr/lib/x86_64-linux-gnu/libxcb-xfixes.so.0.0.0
7f41d804a000-7f41d804b000 r--p 00005000 08:07 7866542                    /usr/lib/x86_64-linux-gnu/libxcb-xfixes.so.0.0.0
7f41d804b000-7f41d804c000 rw-p 00006000 08:07 7866542                    /usr/lib/x86_64-linux-gnu/libxcb-xfixes.so.0.0.0
7f41d804c000-7f41d804f000 r-xp 00000000 08:07 7869896                    /usr/lib/x86_64-linux-gnu/libxcb-dri2.so.0.0.0
7f41d804f000-7f41d824f000 ---p 00003000 08:07 7869896                    /usr/lib/x86_64-linux-gnu/libxcb-dri2.so.0.0.0
7f41d824f000-7f41d8250000 r--p 00003000 08:07 7869896                    /usr/lib/x86_64-linux-gnu/libxcb-dri2.so.0.0.0
7f41d8250000-7f41d8251000 rw-p 00004000 08:07 7869896                    /usr/lib/x86_64-linux-gnu/libxcb-dri2.so.0.0.0
7f41d8251000-7f41d8252000 r-xp 00000000 08:07 7869904                    /usr/lib/x86_64-linux-gnu/libX11-xcb.so.1.0.0
7f41d8252000-7f41d8451000 ---p 00001000 08:07 7869904                    /usr/lib/x86_64-linux-gnu/libX11-xcb.so.1.0.0
7f41d8451000-7f41d8452000 r--p 00000000 08:07 7869904                    /usr/lib/x86_64-linux-gnu/libX11-xcb.so.1.0.0
7f41d8452000-7f41d8453000 rw-p 00001000 08:07 7869904                    /usr/lib/x86_64-linux-gnu/libX11-xcb.so.1.0.0
7f41d8453000-7f41d8497000 r-xp 00000000 08:07 5242924                    /lib/x86_64-linux-gnu/libdbus-1.so.3.7.4
7f41d8497000-7f41d8696000 ---p 00044000 08:07 5242924                    /lib/x86_64-linux-gnu/libdbus-1.so.3.7.4
7f41d8696000-7f41d8697000 r--p 00043000 08:07 5242924                    /lib/x86_64-linux-gnu/libdbus-1.so.3.7.4
7f41d8697000-7f41d8698000 rw-p 00044000 08:07 5242924                    /lib/x86_64-linux-gnu/libdbus-1.so.3.7.4
7f41d8698000-7f41d86b6000 r-xp 00000000 08:07 7870895                    /usr/lib/x86_64-linux-gnu/libp11-kit.so.0.0.0
7f41d86b6000-7f41d88b5000 ---p 0001e000 08:07 7870895                    /usr/lib/x86_64-linux-gnu/libp11-kit.so.0.0.0
7f41d88b5000-7f41d88b7000 r--p 0001d000 08:07 7870895                    /usr/lib/x86_64-linux-gnu/libp11-kit.so.0.0.0
7f41d88b7000-7f41d88b8000 rw-p 0001f000 08:07 7870895                    /usr/lib/x86_64-linux-gnu/libp11-kit.so.0.0.0
7f41d88b8000-7f41d88c8000 r-xp 00000000 08:07 7870891                    /usr/lib/x86_64-linux-gnu/libtasn1.so.3.2.0
7f41d88c8000-7f41d8ac7000 ---p 00010000 08:07 7870891                    /usr/lib/x86_64-linux-gnu/libtasn1.so.3.2.0
7f41d8ac7000-7f41d8ac8000 r--p 0000f000 08:07 7870891                    /usr/lib/x86_64-linux-gnu/libtasn1.so.3.2.0
7f41d8ac8000-7f41d8ac9000 rw-p 00010000 08:07 7870891                    /usr/lib/x86_64-linux-gnu/libtasn1.so.3.2.0
7f41d8ac9000-7f41d8b43000 r-xp 00000000 08:07 5242933                    /lib/x86_64-linux-gnu/libgcrypt.so.11.7.0
7f41d8b43000-7f41d8d43000 ---p 0007a000 08:07 5242933                    /lib/x86_64-linux-gnu/libgcrypt.so.11.7.0
7f41d8d43000-7f41d8d44000 r--p 0007a000 08:07 5242933                    /lib/x86_64-linux-gnu/libgcrypt.so.11.7.0
7f41d8d44000-7f41d8d47000 rw-p 0007b000 08:07 5242933                    /lib/x86_64-linux-gnu/libgcrypt.so.11.7.0
7f41d8d47000-7f41d8d4e000 r-xp 00000000 08:07 7866378                    /usr/lib/x86_64-linux-gnu/libkrb5support.so.0.1
7f41d8d4e000-7f41d8f4d000 ---p 00007000 08:07 7866378                    /usr/lib/x86_64-linux-gnu/libkrb5support.so.0.1
7f41d8f4d000-7f41d8f4e000 r--p 00006000 08:07 7866378                    /usr/lib/x86_64-linux-gnu/libkrb5support.so.0.1
7f41d8f4e000-7f41d8f4f000 rw-p 00007000 08:07 7866378                    /usr/lib/x86_64-linux-gnu/libkrb5support.so.0.1
7f41d8f4f000-7f41d8f52000 r-xp 00000000 08:07 5242904                    /lib/x86_64-linux-gnu/libcom_err.so.2.1
7f41d8f52000-7f41d9151000 ---p 00003000 08:07 5242904                    /lib/x86_64-linux-gnu/libcom_err.so.2.1
7f41d9151000-7f41d9152000 r--p 00002000 08:07 5242904                    /lib/x86_64-linux-gnu/libcom_err.so.2.1
7f41d9152000-7f41d9153000 rw-p 00003000 08:07 5242904                    /lib/x86_64-linux-gnu/libcom_err.so.2.1
7f41d9153000-7f41d9179000 r-xp 00000000 08:07 7870911                    /usr/lib/x86_64-linux-gnu/libk5crypto.so.3.1
7f41d9179000-7f41d9378000 ---p 00026000 08:07 7870911                    /usr/lib/x86_64-linux-gnu/libk5crypto.so.3.1
7f41d9378000-7f41d9379000 r--p 00025000 08:07 7870911                    /usr/lib/x86_64-linux-gnu/libk5crypto.so.3.1
7f41d9379000-7f41d937a000 rw-p 00026000 08:07 7870911                    /usr/lib/x86_64-linux-gnu/libk5crypto.so.3.1
7f41d937a000-7f41d937b000 rw-p 00000000 00:00 0 
7f41d937b000-7f41d9440000 r-xp 00000000 08:07 7870927                    /usr/lib/x86_64-linux-gnu/libkrb5.so.3.3
7f41d9440000-7f41d963f000 ---p 000c5000 08:07 7870927                    /usr/lib/x86_64-linux-gnu/libkrb5.so.3.3
7f41d963f000-7f41d9649000 r--p 000c4000 08:07 7870927                    /usr/lib/x86_64-linux-gnu/libkrb5.so.3.3
7f41d9649000-7f41d964a000 rw-p 000ce000 08:07 7870927                    /usr/lib/x86_64-linux-gnu/libkrb5.so.3.3
7f41d964a000-7f41d9650000 r-xp 00000000 08:07 7864996                    /usr/lib/x86_64-linux-gnu/libdatrie.so.1.2.0
7f41d9650000-7f41d984f000 ---p 00006000 08:07 7864996                    /usr/lib/x86_64-linux-gnu/libdatrie.so.1.2.0
7f41d984f000-7f41d9850000 r--p 00005000 08:07 7864996                    /usr/lib/x86_64-linux-gnu/libdatrie.so.1.2.0
7f41d9850000-7f41d9851000 rw-p 00006000 08:07 7864996                    /usr/lib/x86_64-linux-gnu/libdatrie.so.1.2.0
7f41d9851000-7f41d98a1000 r-xp 00000000 08:07 7872140                    /usr/lib/x86_64-linux-gnu/libharfbuzz.so.0.919.0
7f41d98a1000-7f41d9aa1000 ---p 00050000 08:07 7872140                    /usr/lib/x86_64-linux-gnu/libharfbuzz.so.0.919.0
7f41d9aa1000-7f41d9aa2000 r--p 00050000 08:07 7872140                    /usr/lib/x86_64-linux-gnu/libharfbuzz.so.0.919.0
7f41d9aa2000-7f41d9aa3000 rw-p 00051000 08:07 7872140                    /usr/lib/x86_64-linux-gnu/libharfbuzz.so.0.919.0
7f41d9aa3000-7f41d9aff000 r-xp 00000000 08:07 8258487                    /usr/lib/x86_64-linux-gnu/mesa/libGL.so.1.2.0
7f41d9aff000-7f41d9cff000 ---p 0005c000 08:07 8258487                    /usr/lib/x86_64-linux-gnu/mesa/libGL.so.1.2.0
7f41d9cff000-7f41d9d01000 r--p 0005c000 08:07 8258487                    /usr/lib/x86_64-linux-gnu/mesa/libGL.so.1.2.0
7f41d9d01000-7f41d9d02000 rw-p 0005e000 08:07 8258487                    /usr/lib/x86_64-linux-gnu/mesa/libGL.so.1.2.0
7f41d9d02000-7f41d9d03000 rw-p 00000000 00:00 0 
7f41d9d03000-7f41d9d0b000 r-xp 00000000 08:07 7870007                    /usr/lib/x86_64-linux-gnu/libxcb-render.so.0.0.0
7f41d9d0b000-7f41d9f0a000 ---p 00008000 08:07 7870007                    /usr/lib/x86_64-linux-gnu/libxcb-render.so.0.0.0
7f41d9f0a000-7f41d9f0b000 r--p 00007000 08:07 7870007                    /usr/lib/x86_64-linux-gnu/libxcb-render.so.0.0.0
7f41d9f0b000-7f41d9f0c000 rw-p 00008000 08:07 7870007                    /usr/lib/x86_64-linux-gnu/libxcb-render.so.0.0.0
7f41d9f0c000-7f41d9f0e000 r-xp 00000000 08:07 7870014                    /usr/lib/x86_64-linux-gnu/libxcb-shm.so.0.0.0
7f41d9f0e000-7f41da10d000 ---p 00002000 08:07 7870014                    /usr/lib/x86_64-linux-gnu/libxcb-shm.so.0.0.0
7f41da10d000-7f41da10e000 r--p 00001000 08:07 7870014                    /usr/lib/x86_64-linux-gnu/libxcb-shm.so.0.0.0
7f41da10e000-7f41da10f000 rw-p 00002000 08:07 7870014                    /usr/lib/x86_64-linux-gnu/libxcb-shm.so.0.0.0
7f41da10f000-7f41da134000 r-xp 00000000 08:07 5242946                    /lib/x86_64-linux-gnu/libpng12.so.0.49.0
7f41da134000-7f41da333000 ---p 00025000 08:07 5242946                    /lib/x86_64-linux-gnu/libpng12.so.0.49.0
7f41da333000-7f41da334000 r--p 00024000 08:07 5242946                    /lib/x86_64-linux-gnu/libpng12.so.0.49.0
7f41da334000-7f41da335000 rw-p 00025000 08:07 5242946                    /lib/x86_64-linux-gnu/libpng12.so.0.49.0
7f41da335000-7f41da357000 r-xp 00000000 08:07 8258538                    /usr/lib/x86_64-linux-gnu/mesa-egl/libEGL.so.1.0.0
7f41da357000-7f41da557000 ---p 00022000 08:07 8258538                    /usr/lib/x86_64-linux-gnu/mesa-egl/libEGL.so.1.0.0
7f41da557000-7f41da558000 r--p 00022000 08:07 8258538                    /usr/lib/x86_64-linux-gnu/mesa-egl/libEGL.so.1.0.0
7f41da558000-7f41da559000 rw-p 00023000 08:07 8258538                    /usr/lib/x86_64-linux-gnu/mesa-egl/libEGL.so.1.0.0
7f41da559000-7f41da5fa000 r-xp 00000000 08:07 7864906                    /usr/lib/x86_64-linux-gnu/libpixman-1.so.0.30.2
7f41da5fa000-7f41da7fa000 ---p 000a1000 08:07 7864906                    /usr/lib/x86_64-linux-gnu/libpixman-1.so.0.30.2
7f41da7fa000-7f41da801000 r--p 000a1000 08:07 7864906                    /usr/lib/x86_64-linux-gnu/libpixman-1.so.0.30.2
7f41da801000-7f41da802000 rw-p 000a8000 08:07 7864906                    /usr/lib/x86_64-linux-gnu/libpixman-1.so.0.30.2
7f41da802000-7f41da807000 r-xp 00000000 08:07 7871525                    /usr/lib/x86_64-linux-gnu/libXdmcp.so.6.0.0
7f41da807000-7f41daa06000 ---p 00005000 08:07 7871525                    /usr/lib/x86_64-linux-gnu/libXdmcp.so.6.0.0
7f41daa06000-7f41daa07000 r--p 00004000 08:07 7871525                    /usr/lib/x86_64-linux-gnu/libXdmcp.so.6.0.0
7f41daa07000-7f41daa08000 rw-p 00005000 08:07 7871525                    /usr/lib/x86_64-linux-gnu/libXdmcp.so.6.0.0
7f41daa08000-7f41daa0a000 r-xp 00000000 08:07 7875069                    /usr/lib/x86_64-linux-gnu/libXau.so.6.0.0
7f41daa0a000-7f41dac0a000 ---p 00002000 08:07 7875069                    /usr/lib/x86_64-linux-gnu/libXau.so.6.0.0
7f41dac0a000-7f41dac0b000 r--p 00002000 08:07 7875069                    /usr/lib/x86_64-linux-gnu/libXau.so.6.0.0
7f41dac0b000-7f41dac0c000 rw-p 00003000 08:07 7875069                    /usr/lib/x86_64-linux-gnu/libXau.so.6.0.0
7f41dac0c000-7f41dac1b000 r-xp 00000000 08:07 7866479                    /usr/lib/x86_64-linux-gnu/libavahi-client.so.3.2.9
7f41dac1b000-7f41dae1b000 ---p 0000f000 08:07 7866479                    /usr/lib/x86_64-linux-gnu/libavahi-client.so.3.2.9
7f41dae1b000-7f41dae1c000 r--p 0000f000 08:07 7866479                    /usr/lib/x86_64-linux-gnu/libavahi-client.so.3.2.9
7f41dae1c000-7f41dae1d000 rw-p 00010000 08:07 7866479                    /usr/lib/x86_64-linux-gnu/libavahi-client.so.3.2.9
7f41dae1d000-7f41dae28000 r-xp 00000000 08:07 7864426                    /usr/lib/x86_64-linux-gnu/libavahi-common.so.3.5.3
7f41dae28000-7f41db027000 ---p 0000b000 08:07 7864426                    /usr/lib/x86_64-linux-gnu/libavahi-common.so.3.5.3
7f41db027000-7f41db028000 r--p 0000a000 08:07 7864426                    /usr/lib/x86_64-linux-gnu/libavahi-common.so.3.5.3
7f41db028000-7f41db029000 rw-p 0000b000 08:07 7864426                    /usr/lib/x86_64-linux-gnu/libavahi-common.so.3.5.3
7f41db029000-7f41db0df000 r-xp 00000000 08:07 7866371                    /usr/lib/x86_64-linux-gnu/libgnutls.so.26.22.6
7f41db0df000-7f41db2df000 ---p 000b6000 08:07 7866371                    /usr/lib/x86_64-linux-gnu/libgnutls.so.26.22.6
7f41db2df000-7f41db2e5000 r--p 000b6000 08:07 7866371                    /usr/lib/x86_64-linux-gnu/libgnutls.so.26.22.6
7f41db2e5000-7f41db2e6000 rw-p 000bc000 08:07 7866371                    /usr/lib/x86_64-linux-gnu/libgnutls.so.26.22.6
7f41db2e6000-7f41db2e7000 rw-p 00000000 00:00 0 
7f41db2e7000-7f41db322000 r-xp 00000000 08:07 7866383                    /usr/lib/x86_64-linux-gnu/libgssapi_krb5.so.2.2
7f41db322000-7f41db522000 ---p 0003b000 08:07 7866383                    /usr/lib/x86_64-linux-gnu/libgssapi_krb5.so.2.2
7f41db522000-7f41db523000 r--p 0003b000 08:07 7866383                    /usr/lib/x86_64-linux-gnu/libgssapi_krb5.so.2.2
7f41db523000-7f41db525000 rw-p 0003c000 08:07 7866383                    /usr/lib/x86_64-linux-gnu/libgssapi_krb5.so.2.2
7f41db525000-7f41db54c000 r-xp 00000000 08:07 5243699                    /lib/x86_64-linux-gnu/libexpat.so.1.6.0
7f41db54c000-7f41db74c000 ---p 00027000 08:07 5243699                    /lib/x86_64-linux-gnu/libexpat.so.1.6.0
7f41db74c000-7f41db74e000 r--p 00027000 08:07 5243699                    /lib/x86_64-linux-gnu/libexpat.so.1.6.0
7f41db74e000-7f41db74f000 rw-p 00029000 08:07 5243699                    /lib/x86_64-linux-gnu/libexpat.so.1.6.0
7f41db74f000-7f41db7eb000 r-xp 00000000 08:07 7866495                    /usr/lib/x86_64-linux-gnu/libfreetype.so.6.10.1
7f41db7eb000-7f41db9eb000 ---p 0009c000 08:07 7866495                    /usr/lib/x86_64-linux-gnu/libfreetype.so.6.10.1
7f41db9eb000-7f41db9f0000 r--p 0009c000 08:07 7866495                    /usr/lib/x86_64-linux-gnu/libfreetype.so.6.10.1
7f41db9f0000-7f41db9f1000 rw-p 000a1000 08:07 7866495                    /usr/lib/x86_64-linux-gnu/libfreetype.so.6.10.1
7f41db9f1000-7f41db9f9000 r-xp 00000000 08:07 7865670                    /usr/lib/x86_64-linux-gnu/libthai.so.0.2.0
7f41db9f9000-7f41dbbf8000 ---p 00008000 08:07 7865670                    /usr/lib/x86_64-linux-gnu/libthai.so.0.2.0
7f41dbbf8000-7f41dbbf9000 r--p 00007000 08:07 7865670                    /usr/lib/x86_64-linux-gnu/libthai.so.0.2.0
7f41dbbf9000-7f41dbbfa000 rw-p 00008000 08:07 7865670                    /usr/lib/x86_64-linux-gnu/libthai.so.0.2.0
7f41dbbfa000-7f41dbbfc000 r-xp 00000000 08:07 7870105                    /usr/lib/x86_64-linux-gnu/libXdamage.so.1.1.0
7f41dbbfc000-7f41dbdfb000 ---p 00002000 08:07 7870105                    /usr/lib/x86_64-linux-gnu/libXdamage.so.1.1.0
7f41dbdfb000-7f41dbdfc000 r--p 00001000 08:07 7870105                    /usr/lib/x86_64-linux-gnu/libXdamage.so.1.1.0
7f41dbdfc000-7f41dbdfd000 rw-p 00002000 08:07 7870105                    /usr/lib/x86_64-linux-gnu/libXdamage.so.1.1.0
7f41dbdfd000-7f41dbdff000 r-xp 00000000 08:07 7870095                    /usr/lib/x86_64-linux-gnu/libXcomposite.so.1.0.0
7f41dbdff000-7f41dbffe000 ---p 00002000 08:07 7870095                    /usr/lib/x86_64-linux-gnu/libXcomposite.so.1.0.0
7f41dbffe000-7f41dbfff000 r--p 00001000 08:07 7870095                    /usr/lib/x86_64-linux-gnu/libXcomposite.so.1.0.0
7f41dbfff000-7f41dc000000 rw-p 00002000 08:07 7870095                    /usr/lib/x86_64-linux-gnu/libXcomposite.so.1.0.0
7f41dc000000-7f41dc021000 rw-p 00000000 00:00 0 
7f41dc021000-7f41e0000000 ---p 00000000 00:00 0 
7f41e005a000-7f41e0068000 rw-s 00000000 00:04 255066142                  /SYSV00000000 (deleted)
7f41e0068000-7f41e006b000 ---p 00000000 00:00 0 
7f41e006b000-7f41e0169000 rw-p 00000000 00:00 0                          [stack:28834]
7f41e0169000-7f41e0172000 r-xp 00000000 08:07 7870100                    /usr/lib/x86_64-linux-gnu/libXcursor.so.1.0.2
7f41e0172000-7f41e0371000 ---p 00009000 08:07 7870100                    /usr/lib/x86_64-linux-gnu/libXcursor.so.1.0.2
7f41e0371000-7f41e0372000 r--p 00008000 08:07 7870100                    /usr/lib/x86_64-linux-gnu/libXcursor.so.1.0.2
7f41e0372000-7f41e0373000 rw-p 00009000 08:07 7870100                    /usr/lib/x86_64-linux-gnu/libXcursor.so.1.0.2
7f41e0373000-7f41e037c000 r-xp 00000000 08:07 7870144                    /usr/lib/x86_64-linux-gnu/libXrandr.so.2.2.0
7f41e037c000-7f41e057b000 ---p 00009000 08:07 7870144                    /usr/lib/x86_64-linux-gnu/libXrandr.so.2.2.0
7f41e057b000-7f41e057c000 r--p 00008000 08:07 7870144                    /usr/lib/x86_64-linux-gnu/libXrandr.so.2.2.0
7f41e057c000-7f41e057d000 rw-p 00009000 08:07 7870144                    /usr/lib/x86_64-linux-gnu/libXrandr.so.2.2.0
7f41e057d000-7f41e057f000 r-xp 00000000 08:07 7870112                    /usr/lib/x86_64-linux-gnu/libXinerama.so.1.0.0
7f41e057f000-7f41e077e000 ---p 00002000 08:07 7870112                    /usr/lib/x86_64-linux-gnu/libXinerama.so.1.0.0
7f41e077e000-7f41e077f000 r--p 00001000 08:07 7870112                    /usr/lib/x86_64-linux-gnu/libXinerama.so.1.0.0
7f41e077f000-7f41e0780000 rw-p 00002000 08:07 7870112                    /usr/lib/x86_64-linux-gnu/libXinerama.so.1.0.0
7f41e0780000-7f41e0794000 r-xp 00000000 08:07 7871143                    /usr/lib/x86_64-linux-gnu/libpangoft2-1.0.so.0.3200.5
7f41e0794000-7f41e0993000 ---p 00014000 08:07 7871143                    /usr/lib/x86_64-linux-gnu/libpangoft2-1.0.so.0.3200.5
7f41e0993000-7f41e0994000 r--p 00013000 08:07 7871143                    /usr/lib/x86_64-linux-gnu/libpangoft2-1.0.so.0.3200.5
7f41e0994000-7f41e0995000 rw-p 00014000 08:07 7871143                    /usr/lib/x86_64-linux-gnu/libpangoft2-1.0.so.0.3200.5
7f41e0995000-7f41e0aae000 r-xp 00000000 08:07 7866335                    /usr/lib/x86_64-linux-gnu/libcairo.so.2.11200.16
7f41e0aae000-7f41e0cae000 ---p 00119000 08:07 7866335                    /usr/lib/x86_64-linux-gnu/libcairo.so.2.11200.16
7f41e0cae000-7f41e0cb1000 r--p 00119000 08:07 7866335                    /usr/lib/x86_64-linux-gnu/libcairo.so.2.11200.16
7f41e0cb1000-7f41e0cb3000 rw-p 0011c000 08:07 7866335                    /usr/lib/x86_64-linux-gnu/libcairo.so.2.11200.16
7f41e0cb3000-7f41e0cb4000 rw-p 00000000 00:00 0 
7f41e0cb4000-7f41e0cd3000 r-xp 00000000 08:07 7869937                    /usr/lib/x86_64-linux-gnu/libatk-1.0.so.0.21009.1
7f41e0cd3000-7f41e0ed3000 ---p 0001f000 08:07 7869937                    /usr/lib/x86_64-linux-gnu/libatk-1.0.so.0.21009.1
7f41e0ed3000-7f41e0ed5000 r--p 0001f000 08:07 7869937                    /usr/lib/x86_64-linux-gnu/libatk-1.0.so.0.21009.1
7f41e0ed5000-7f41e0ed6000 rw-p 00021000 08:07 7869937                    /usr/lib/x86_64-linux-gnu/libatk-1.0.so.0.21009.1
7f41e0ed6000-7f41e0edb000 r-xp 00000000 08:07 7869474                    /usr/lib/x86_64-linux-gnu/libXfixes.so.3.1.0
7f41e0edb000-7f41e10da000 ---p 00005000 08:07 7869474                    /usr/lib/x86_64-linux-gnu/libXfixes.so.3.1.0
7f41e10da000-7f41e10db000 r--p 00004000 08:07 7869474                    /usr/lib/x86_64-linux-gnu/libXfixes.so.3.1.0
7f41e10db000-7f41e10dc000 rw-p 00005000 08:07 7869474                    /usr/lib/x86_64-linux-gnu/libXfixes.so.3.1.0
7f41e10dc000-7f41e10e7000 r-xp 00000000 08:07 7871123                    /usr/lib/x86_64-linux-gnu/libpangocairo-1.0.so.0.3200.5
7f41e10e7000-7f41e12e7000 ---p 0000b000 08:07 7871123                    /usr/lib/x86_64-linux-gnu/libpangocairo-1.0.so.0.3200.5
7f41e12e7000-7f41e12e8000 r--p 0000b000 08:07 7871123                    /usr/lib/x86_64-linux-gnu/libpangocairo-1.0.so.0.3200.5
7f41e12e8000-7f41e12e9000 rw-p 0000c000 08:07 7871123                    /usr/lib/x86_64-linux-gnu/libpangocairo-1.0.so.0.3200.5
7f41e12e9000-7f41e1306000 r-xp 00000000 08:07 7866414                    /usr/lib/x86_64-linux-gnu/libxcb.so.1.1.0
7f41e1306000-7f41e1505000 ---p 0001d000 08:07 7866414                    /usr/lib/x86_64-linux-gnu/libxcb.so.1.1.0
7f41e1505000-7f41e1506000 r--p 0001c000 08:07 7866414                    /usr/lib/x86_64-linux-gnu/libxcb.so.1.1.0
7f41e1506000-7f41e1507000 rw-p 0001d000 08:07 7866414                    /usr/lib/x86_64-linux-gnu/libxcb.so.1.1.0
7f41e1507000-7f41e1573000 r-xp 00000000 08:07 7864762                    /usr/lib/x86_64-linux-gnu/libcups.so.2
7f41e1573000-7f41e1772000 ---p 0006c000 08:07 7864762                    /usr/lib/x86_64-linux-gnu/libcups.so.2
7f41e1772000-7f41e1779000 r--p 0006b000 08:07 7864762                    /usr/lib/x86_64-linux-gnu/libcups.so.2
7f41e1779000-7f41e177a000 rw-p 00072000 08:07 7864762                    /usr/lib/x86_64-linux-gnu/libcups.so.2
7f41e177a000-7f41e177b000 r-xp 00000000 08:07 7869943                    /usr/lib/x86_64-linux-gnu/libgthread-2.0.so.0.3800.1
7f41e177b000-7f41e197a000 ---p 00001000 08:07 7869943                    /usr/lib/x86_64-linux-gnu/libgthread-2.0.so.0.3800.1
7f41e197a000-7f41e197b000 r--p 00000000 08:07 7869943                    /usr/lib/x86_64-linux-gnu/libgthread-2.0.so.0.3800.1
7f41e197b000-7f41e197c000 rw-p 00001000 08:07 7869943                    /usr/lib/x86_64-linux-gnu/libgthread-2.0.so.0.3800.1
7f41e197c000-7f41e19b5000 r-xp 00000000 08:07 7876035                    /usr/lib/x86_64-linux-gnu/libfontconfig.so.1.7.0
7f41e19b5000-7f41e1bb5000 ---p 00039000 08:07 7876035                    /usr/lib/x86_64-linux-gnu/libfontconfig.so.1.7.0
7f41e1bb5000-7f41e1bb7000 r--p 00039000 08:07 7876035                    /usr/lib/x86_64-linux-gnu/libfontconfig.so.1.7.0
7f41e1bb7000-7f41e1bb8000 rw-p 0003b000 08:07 7876035                    /usr/lib/x86_64-linux-gnu/libfontconfig.so.1.7.0
7f41e1bb8000-7f41e1c02000 r-xp 00000000 08:07 7871098                    /usr/lib/x86_64-linux-gnu/libpango-1.0.so.0.3200.5
7f41e1c02000-7f41e1e01000 ---p 0004a000 08:07 7871098                    /usr/lib/x86_64-linux-gnu/libpango-1.0.so.0.3200.5
7f41e1e01000-7f41e1e03000 r--p 00049000 08:07 7871098                    /usr/lib/x86_64-linux-gnu/libpango-1.0.so.0.3200.5
7f41e1e03000-7f41e1e04000 rw-p 0004b000 08:07 7871098                    /usr/lib/x86_64-linux-gnu/libpango-1.0.so.0.3200.5
7f41e1e04000-7f41e1e23000 r-xp 00000000 08:07 7870068                    /usr/lib/x86_64-linux-gnu/libgdk_pixbuf-2.0.so.0.2800.1
7f41e1e23000-7f41e2022000 ---p 0001f000 08:07 7870068                    /usr/lib/x86_64-linux-gnu/libgdk_pixbuf-2.0.so.0.2800.1
7f41e2022000-7f41e2023000 r--p 0001e000 08:07 7870068                    /usr/lib/x86_64-linux-gnu/libgdk_pixbuf-2.0.so.0.2800.1
7f41e2023000-7f41e2024000 rw-p 0001f000 08:07 7870068                    /usr/lib/x86_64-linux-gnu/libgdk_pixbuf-2.0.so.0.2800.1
7f41e2024000-7f41e20d1000 r-xp 00000000 08:07 7870298                    /usr/lib/x86_64-linux-gnu/libgdk-x11-2.0.so.0.2400.20
7f41e20d1000-7f41e22d0000 ---p 000ad000 08:07 7870298                    /usr/lib/x86_64-linux-gnu/libgdk-x11-2.0.so.0.2400.20
7f41e22d0000-7f41e22d4000 r--p 000ac000 08:07 7870298                    /usr/lib/x86_64-linux-gnu/libgdk-x11-2.0.so.0.2400.20
7f41e22d4000-7f41e22d6000 rw-p 000b0000 08:07 7870298                    /usr/lib/x86_64-linux-gnu/libgdk-x11-2.0.so.0.2400.20
7f41e22d6000-7f41e2705000 r-xp 00000000 08:07 7870297                    /usr/lib/x86_64-linux-gnu/libgtk-x11-2.0.so.0.2400.20
7f41e2705000-7f41e2904000 ---p 0042f000 08:07 7870297                    /usr/lib/x86_64-linux-gnu/libgtk-x11-2.0.so.0.2400.20
7f41e2904000-7f41e290b000 r--p 0042e000 08:07 7870297                    /usr/lib/x86_64-linux-gnu/libgtk-x11-2.0.so.0.2400.20
7f41e290b000-7f41e290f000 rw-p 00435000 08:07 7870297                    /usr/lib/x86_64-linux-gnu/libgtk-x11-2.0.so.0.2400.20
7f41e290f000-7f41e2912000 rw-p 00000000 00:00 0 
7f41e2912000-7f41e2921000 r-xp 00000000 08:07 7867250                    /usr/lib/x86_64-linux-gnu/libXi.so.6.1.0
7f41e2921000-7f41e2b20000 ---p 0000f000 08:07 7867250                    /usr/lib/x86_64-linux-gnu/libXi.so.6.1.0
7f41e2b20000-7f41e2b21000 r--p 0000e000 08:07 7867250                    /usr/lib/x86_64-linux-gnu/libXi.so.6.1.0
7f41e2b21000-7f41e2b22000 rw-p 0000f000 08:07 7867250                    /usr/lib/x86_64-linux-gnu/libXi.so.6.1.0
7f41e2b22000-7f41e2b27000 r-xp 00000000 08:07 7869958                    /usr/lib/x86_64-linux-gnu/libXtst.so.6.1.0
7f41e2b27000-7f41e2d26000 ---p 00005000 08:07 7869958                    /usr/lib/x86_64-linux-gnu/libXtst.so.6.1.0
7f41e2d26000-7f41e2d27000 r--p 00004000 08:07 7869958                    /usr/lib/x86_64-linux-gnu/libXtst.so.6.1.0
7f41e2d27000-7f41e2d28000 rw-p 00005000 08:07 7869958                    /usr/lib/x86_64-linux-gnu/libXtst.so.6.1.0
7f41e2d28000-7f41e2d31000 r-xp 00000000 08:07 7870002                    /usr/lib/x86_64-linux-gnu/libXrender.so.1.3.0
7f41e2d31000-7f41e2f30000 ---p 00009000 08:07 7870002                    /usr/lib/x86_64-linux-gnu/libXrender.so.1.3.0
7f41e2f30000-7f41e2f31000 r--p 00008000 08:07 7870002                    /usr/lib/x86_64-linux-gnu/libXrender.so.1.3.0
7f41e2f31000-7f41e2f32000 rw-p 00009000 08:07 7870002                    /usr/lib/x86_64-linux-gnu/libXrender.so.1.3.0
7f41e2f32000-7f41e3062000 r-xp 00000000 08:07 7875046                    /usr/lib/x86_64-linux-gnu/libX11.so.6.3.0
7f41e3062000-7f41e3262000 ---p 00130000 08:07 7875046                    /usr/lib/x86_64-linux-gnu/libX11.so.6.3.0
7f41e3262000-7f41e3263000 r--p 00130000 08:07 7875046                    /usr/lib/x86_64-linux-gnu/libX11.so.6.3.0
7f41e3263000-7f41e3267000 rw-p 00131000 08:07 7875046                    /usr/lib/x86_64-linux-gnu/libX11.so.6.3.0
7f41e3267000-7f41e3278000 r-xp 00000000 08:07 7869451                    /usr/lib/x86_64-linux-gnu/libXext.so.6.4.0
7f41e3278000-7f41e3477000 ---p 00011000 08:07 7869451                    /usr/lib/x86_64-linux-gnu/libXext.so.6.4.0
7f41e3477000-7f41e3478000 r--p 00010000 08:07 7869451                    /usr/lib/x86_64-linux-gnu/libXext.so.6.4.0
7f41e3478000-7f41e3479000 rw-p 00011000 08:07 7869451                    /usr/lib/x86_64-linux-gnu/libXext.so.6.4.0
7f41e3479000-7f41e34ca000 r-xp 00000000 08:07 8128062                    /usr/lib/jvm/java-7-openjdk-amd64/jre/lib/amd64/xawt/libmawt.so
7f41e34ca000-7f41e36c9000 ---p 00051000 08:07 8128062                    /usr/lib/jvm/java-7-openjdk-amd64/jre/lib/amd64/xawt/libmawt.so
7f41e36c9000-7f41e36ca000 r--p 00050000 08:07 8128062                    /usr/lib/jvm/java-7-openjdk-amd64/jre/lib/amd64/xawt/libmawt.so
7f41e36ca000-7f41e36cd000 rw-p 00051000 08:07 8128062                    /usr/lib/jvm/java-7-openjdk-amd64/jre/lib/amd64/xawt/libmawt.so
7f41e36cd000-7f41e36ce000 rw-p 00000000 00:00 0 
7f41e36ce000-7f41e376f000 r-xp 00000000 08:07 8130209                    /usr/lib/jvm/java-7-openjdk-amd64/jre/lib/amd64/libawt.so
7f41e376f000-7f41e396e000 ---p 000a1000 08:07 8130209                    /usr/lib/jvm/java-7-openjdk-amd64/jre/lib/amd64/libawt.so
7f41e396e000-7f41e396f000 r--p 000a0000 08:07 8130209                    /usr/lib/jvm/java-7-openjdk-amd64/jre/lib/amd64/libawt.so
7f41e396f000-7f41e397a000 rw-p 000a1000 08:07 8130209                    /usr/lib/jvm/java-7-openjdk-amd64/jre/lib/amd64/libawt.so
7f41e397a000-7f41e399f000 rw-p 00000000 00:00 0 
7f41e399f000-7f41e39dc000 r-xp 00000000 08:07 5246690                    /lib/x86_64-linux-gnu/libpcre.so.3.13.1
7f41e39dc000-7f41e3bdc000 ---p 0003d000 08:07 5246690                    /lib/x86_64-linux-gnu/libpcre.so.3.13.1
7f41e3bdc000-7f41e3bdd000 r--p 0003d000 08:07 5246690                    /lib/x86_64-linux-gnu/libpcre.so.3.13.1
7f41e3bdd000-7f41e3bde000 rw-p 0003e000 08:07 5246690                    /lib/x86_64-linux-gnu/libpcre.so.3.13.1
7f41e3bde000-7f41e3be5000 r-xp 00000000 08:07 7866333                    /usr/lib/x86_64-linux-gnu/libffi.so.6.0.1
7f41e3be5000-7f41e3de4000 ---p 00007000 08:07 7866333                    /usr/lib/x86_64-linux-gnu/libffi.so.6.0.1
7f41e3de4000-7f41e3de5000 r--p 00006000 08:07 7866333                    /usr/lib/x86_64-linux-gnu/libffi.so.6.0.1
7f41e3de5000-7f41e3de6000 rw-p 00007000 08:07 7866333                    /usr/lib/x86_64-linux-gnu/libffi.so.6.0.1
7f41e3de6000-7f41e3dfc000 r-xp 00000000 08:07 5246563                    /lib/x86_64-linux-gnu/libresolv-2.17.so
7f41e3dfc000-7f41e3ffc000 ---p 00016000 08:07 5246563                    /lib/x86_64-linux-gnu/libresolv-2.17.so
7f41e3ffc000-7f41e3ffd000 r--p 00016000 08:07 5246563                    /lib/x86_64-linux-gnu/libresolv-2.17.so
7f41e3ffd000-7f41e3ffe000 rw-p 00017000 08:07 5246563                    /lib/x86_64-linux-gnu/libresolv-2.17.so
7f41e3ffe000-7f41e4000000 rw-p 00000000 00:00 0 
7f41e4000000-7f41e4021000 rw-p 00000000 00:00 0 
7f41e4021000-7f41e8000000 ---p 00000000 00:00 0 
7f41e8000000-7f41ea3a1000 rw-p 00000000 00:00 0 
7f41ea3a1000-7f41ec000000 ---p 00000000 00:00 0 
7f41ec000000-7f41ec021000 rw-p 00000000 00:00 0 
7f41ec021000-7f41f0000000 ---p 00000000 00:00 0 
7f41f0000000-7f41f0021000 rw-p 00000000 00:00 0 
7f41f0021000-7f41f4000000 ---p 00000000 00:00 0 
7f41f4000000-7f41f4d83000 rw-p 00000000 00:00 0 
7f41f4d83000-7f41f8000000 ---p 00000000 00:00 0 
7f41f8000000-7f41f8e86000 rw-p 00000000 00:00 0 
7f41f8e86000-7f41fc000000 ---p 00000000 00:00 0 
7f41fc000000-7f41fc021000 rw-p 00000000 00:00 0 
7f41fc021000-7f4200000000 ---p 00000000 00:00 0 
7f4200002000-7f4200005000 ---p 00000000 00:00 0 
7f4200005000-7f4200103000 rw-p 00000000 00:00 0                          [stack:28833]
7f4200103000-7f4200106000 ---p 00000000 00:00 0 
7f4200106000-7f4200204000 rw-p 00000000 00:00 0                          [stack:28832]
7f4200204000-7f4200223000 r-xp 00000000 08:07 5252600                    /lib/x86_64-linux-gnu/libselinux.so.1
7f4200223000-7f4200423000 ---p 0001f000 08:07 5252600                    /lib/x86_64-linux-gnu/libselinux.so.1
7f4200423000-7f4200424000 r--p 0001f000 08:07 5252600                    /lib/x86_64-linux-gnu/libselinux.so.1
7f4200424000-7f4200425000 rw-p 00020000 08:07 5252600                    /lib/x86_64-linux-gnu/libselinux.so.1
7f4200425000-7f4200426000 rw-p 00000000 00:00 0 
7f4200426000-7f4200429000 r-xp 00000000 08:07 7869944                    /usr/lib/x86_64-linux-gnu/libgmodule-2.0.so.0.3800.1
7f4200429000-7f4200628000 ---p 00003000 08:07 7869944                    /usr/lib/x86_64-linux-gnu/libgmodule-2.0.so.0.3800.1
7f4200628000-7f4200629000 r--p 00002000 08:07 7869944                    /usr/lib/x86_64-linux-gnu/libgmodule-2.0.so.0.3800.1
7f4200629000-7f420062a000 rw-p 00003000 08:07 7869944                    /usr/lib/x86_64-linux-gnu/libgmodule-2.0.so.0.3800.1
7f420062a000-7f4200728000 r-xp 00000000 08:07 5242917                    /lib/x86_64-linux-gnu/libglib-2.0.so.0.3800.1
7f4200728000-7f4200928000 ---p 000fe000 08:07 5242917                    /lib/x86_64-linux-gnu/libglib-2.0.so.0.3800.1
7f4200928000-7f4200929000 r--p 000fe000 08:07 5242917                    /lib/x86_64-linux-gnu/libglib-2.0.so.0.3800.1
7f4200929000-7f420092a000 rw-p 000ff000 08:07 5242917                    /lib/x86_64-linux-gnu/libglib-2.0.so.0.3800.1
7f420092a000-7f420092b000 rw-p 00000000 00:00 0 
7f420092b000-7f420097a000 r-xp 00000000 08:07 7869942                    /usr/lib/x86_64-linux-gnu/libgobject-2.0.so.0.3800.1
7f420097a000-7f4200b7a000 ---p 0004f000 08:07 7869942                    /usr/lib/x86_64-linux-gnu/libgobject-2.0.so.0.3800.1
7f4200b7a000-7f4200b7b000 r--p 0004f000 08:07 7869942                    /usr/lib/x86_64-linux-gnu/libgobject-2.0.so.0.3800.1
7f4200b7b000-7f4200b7c000 rw-p 00050000 08:07 7869942                    /usr/lib/x86_64-linux-gnu/libgobject-2.0.so.0.3800.1
7f4200b7c000-7f4200cd8000 r-xp 00000000 08:07 7869941                    /usr/lib/x86_64-linux-gnu/libgio-2.0.so.0.3800.1
7f4200cd8000-7f4200ed7000 ---p 0015c000 08:07 7869941                    /usr/lib/x86_64-linux-gnu/libgio-2.0.so.0.3800.1
7f4200ed7000-7f4200edb000 r--p 0015b000 08:07 7869941                    /usr/lib/x86_64-linux-gnu/libgio-2.0.so.0.3800.1
7f4200edb000-7f4200edd000 rw-p 0015f000 08:07 7869941                    /usr/lib/x86_64-linux-gnu/libgio-2.0.so.0.3800.1
7f4200edd000-7f4200edf000 rw-p 00000000 00:00 0 
7f4200efe000-7f4200f14000 r-xp 00000000 08:07 8130198                    /usr/lib/jvm/java-7-openjdk-amd64/jre/lib/amd64/libnet.so
7f4200f14000-7f4201113000 ---p 00016000 08:07 8130198                    /usr/lib/jvm/java-7-openjdk-amd64/jre/lib/amd64/libnet.so
7f4201113000-7f4201114000 r--p 00015000 08:07 8130198                    /usr/lib/jvm/java-7-openjdk-amd64/jre/lib/amd64/libnet.so
7f4201114000-7f4201115000 rw-p 00016000 08:07 8130198                    /usr/lib/jvm/java-7-openjdk-amd64/jre/lib/amd64/libnet.so
7f4201115000-7f4201127000 r--s 00295000 08:07 786580                     /home/shiwali/InstructoSoarII/april/java/april.jar
7f4201127000-7f420113a000 r--s 00211000 08:07 3805649                    /home/shiwali/soar/SoarSuite/out/java/swt.jar
7f420113a000-7f420113b000 ---p 00000000 00:00 0 
7f420113b000-7f420193b000 rw-p 00000000 00:00 0                          [stack:28809]
7f420193b000-7f420193c000 ---p 00000000 00:00 0 
7f420193c000-7f420213c000 rw-p 00000000 00:00 0                          [stack:28808]
7f420213c000-7f420213d000 ---p 00000000 00:00 0 
7f420213d000-7f420293d000 rw-p 00000000 00:00 0                          [stack:28807]
7f420293d000-7f4203194000 r-xp 00000000 08:07 3801127                    /home/shiwali/soar/SoarSuite/out/libSoar.so
7f4203194000-7f4203394000 ---p 00857000 08:07 3801127                    /home/shiwali/soar/SoarSuite/out/libSoar.so
7f4203394000-7f42033a5000 r--p 00857000 08:07 3801127                    /home/shiwali/soar/SoarSuite/out/libSoar.so
7f42033a5000-7f42033bb000 rw-p 00868000 08:07 3801127                    /home/shiwali/soar/SoarSuite/out/libSoar.so
7f42033bb000-7f42033c0000 rw-p 00000000 00:00 0 
7f42033c0000-7f4203419000 r-xp 00000000 08:07 3805190                    /home/shiwali/soar/SoarSuite/out/libJava_sml_ClientInterface.so
7f4203419000-7f4203619000 ---p 00059000 08:07 3805190                    /home/shiwali/soar/SoarSuite/out/libJava_sml_ClientInterface.so
7f4203619000-7f420361a000 r--p 00059000 08:07 3805190                    /home/shiwali/soar/SoarSuite/out/libJava_sml_ClientInterface.so
7f420361a000-7f420361c000 rw-p 0005a000 08:07 3805190                    /home/shiwali/soar/SoarSuite/out/libJava_sml_ClientInterface.so
7f420361c000-7f420361d000 ---p 00000000 00:00 0 
7f420361d000-7f420371d000 rw-p 00000000 00:00 0                          [stack:28806]
7f420371d000-7f4203720000 ---p 00000000 00:00 0 
7f4203720000-7f420381e000 rw-p 00000000 00:00 0                          [stack:28805]
7f420381e000-7f4203821000 ---p 00000000 00:00 0 
7f4203821000-7f420391f000 rw-p 00000000 00:00 0                          [stack:28804]
7f420391f000-7f4204000000 r--p 00000000 08:07 7870646                    /usr/lib/locale/locale-archive
7f4204000000-7f4204021000 rw-p 00000000 00:00 0 
7f4204021000-7f4208000000 ---p 00000000 00:00 0 
7f4208000000-7f4208021000 rw-p 00000000 00:00 0 
7f4208021000-7f420c000000 ---p 00000000 00:00 0 
7f420c000000-7f420c021000 rw-p 00000000 00:00 0 
7f420c021000-7f4210000000 ---p 00000000 00:00 0 
7f4210000000-7f4210021000 rw-p 00000000 00:00 0 
7f4210021000-7f4214000000 ---p 00000000 00:00 0 
7f4214000000-7f4214021000 rw-p 00000000 00:00 0 
7f4214021000-7f4218000000 ---p 00000000 00:00 0 
7f4218000000-7f4218021000 rw-p 00000000 00:00 0 
7f4218021000-7f421c000000 ---p 00000000 00:00 0 
7f421c000000-7f421c021000 rw-p 00000000 00:00 0 
7f421c021000-7f4220000000 ---p 00000000 00:00 0 
7f422000a000-7f422000e000 r--s 00039000 08:07 2886744                    /home/shiwali/InstructoSoarII/probcog2/java/probcog.jar
7f422000e000-7f4220050000 rw-p 00000000 00:00 0 
7f4220050000-7f4220053000 ---p 00000000 00:00 0 
7f4220053000-7f4220151000 rw-p 00000000 00:00 0                          [stack:28803]
7f4220151000-7f4220154000 ---p 00000000 00:00 0 
7f4220154000-7f4220252000 rw-p 00000000 00:00 0                          [stack:28802]
7f4220252000-7f4220255000 ---p 00000000 00:00 0 
7f4220255000-7f4220353000 rw-p 00000000 00:00 0                          [stack:28801]
7f4220353000-7f4220356000 ---p 00000000 00:00 0 
7f4220356000-7f4220454000 rw-p 00000000 00:00 0                          [stack:28800]
7f4220454000-7f4220455000 ---p 00000000 00:00 0 
7f4220455000-7f4225000000 rw-p 00000000 00:00 0                          [stack:28799]
7f4225000000-7f4225270000 rwxp 00000000 00:00 0 
7f4225270000-7f42285f8000 rw-p 00000000 00:00 0 
7f42285f8000-7f422c000000 ---p 00000000 00:00 0 
7f422c002000-7f422c00b000 r--s 0005a000 08:07 3805643                    /home/shiwali/soar/SoarSuite/out/java/soar-debugger.jar
7f422c00b000-7f422c57c000 rw-p 00000000 00:00 0 
7f422c57c000-7f422c729000 r--s 01cec000 08:07 8130116                    /usr/lib/jvm/java-7-openjdk-amd64/jre/lib/rt.jar
7f422c729000-7f422c751000 rw-p 00000000 00:00 0 
7f422c751000-7f422c752000 ---p 00000000 00:00 0 
7f422c752000-7f422c852000 rw-p 00000000 00:00 0                          [stack:28798]
7f422c852000-7f422c853000 ---p 00000000 00:00 0 
7f422c853000-7f422c953000 rw-p 00000000 00:00 0                          [stack:28797]
7f422c953000-7f422c954000 ---p 00000000 00:00 0 
7f422c954000-7f422ca54000 rw-p 00000000 00:00 0                          [stack:28796]
7f422ca54000-7f422ca55000 ---p 00000000 00:00 0 
7f422ca55000-7f422cb60000 rw-p 00000000 00:00 0                          [stack:28795]
7f422cb60000-7f422cba8000 rw-p 00000000 00:00 0 
7f422cba8000-7f422cbc7000 rw-p 00000000 00:00 0 
7f422cbc7000-7f422cd93000 rw-p 00000000 00:00 0 
7f422cd93000-7f422cd9e000 rw-p 00000000 00:00 0 
7f422cd9e000-7f422cde6000 rw-p 00000000 00:00 0 
7f422cde6000-7f422ce05000 rw-p 00000000 00:00 0 
7f422ce05000-7f422cfd0000 rw-p 00000000 00:00 0 
7f422cfd0000-7f422d06c000 rw-p 00000000 00:00 0 
7f422d06c000-7f422d0c6000 rw-p 00000000 00:00 0 
7f422d0c6000-7f422d0c7000 rw-p 00000000 00:00 0 
7f422d0c7000-7f422d0cf000 r-xp 00000000 08:07 8130223                    /usr/lib/jvm/java-7-openjdk-amd64/jre/lib/amd64/libzip.so
7f422d0cf000-7f422d2ce000 ---p 00008000 08:07 8130223                    /usr/lib/jvm/java-7-openjdk-amd64/jre/lib/amd64/libzip.so
7f422d2ce000-7f422d2cf000 r--p 00007000 08:07 8130223                    /usr/lib/jvm/java-7-openjdk-amd64/jre/lib/amd64/libzip.so
7f422d2cf000-7f422d2d0000 rw-p 00008000 08:07 8130223                    /usr/lib/jvm/java-7-openjdk-amd64/jre/lib/amd64/libzip.so
7f422d2d0000-7f422d2dc000 r-xp 00000000 08:07 5252128                    /lib/x86_64-linux-gnu/libnss_files-2.17.so
7f422d2dc000-7f422d4db000 ---p 0000c000 08:07 5252128                    /lib/x86_64-linux-gnu/libnss_files-2.17.so
7f422d4db000-7f422d4dc000 r--p 0000b000 08:07 5252128                    /lib/x86_64-linux-gnu/libnss_files-2.17.so
7f422d4dc000-7f422d4dd000 rw-p 0000c000 08:07 5252128                    /lib/x86_64-linux-gnu/libnss_files-2.17.so
7f422d4dd000-7f422d4e8000 r-xp 00000000 08:07 5246736                    /lib/x86_64-linux-gnu/libnss_nis-2.17.so
7f422d4e8000-7f422d6e7000 ---p 0000b000 08:07 5246736                    /lib/x86_64-linux-gnu/libnss_nis-2.17.so
7f422d6e7000-7f422d6e8000 r--p 0000a000 08:07 5246736                    /lib/x86_64-linux-gnu/libnss_nis-2.17.so
7f422d6e8000-7f422d6e9000 rw-p 0000b000 08:07 5246736                    /lib/x86_64-linux-gnu/libnss_nis-2.17.so
7f422d6e9000-7f422d700000 r-xp 00000000 08:07 5243692                    /lib/x86_64-linux-gnu/libnsl-2.17.so
7f422d700000-7f422d8ff000 ---p 00017000 08:07 5243692                    /lib/x86_64-linux-gnu/libnsl-2.17.so
7f422d8ff000-7f422d900000 r--p 00016000 08:07 5243692                    /lib/x86_64-linux-gnu/libnsl-2.17.so
7f422d900000-7f422d901000 rw-p 00017000 08:07 5243692                    /lib/x86_64-linux-gnu/libnsl-2.17.so
7f422d901000-7f422d903000 rw-p 00000000 00:00 0 
7f422d903000-7f422d90b000 r-xp 00000000 08:07 5246561                    /lib/x86_64-linux-gnu/libnss_compat-2.17.so
7f422d90b000-7f422db0a000 ---p 00008000 08:07 5246561                    /lib/x86_64-linux-gnu/libnss_compat-2.17.so
7f422db0a000-7f422db0b000 r--p 00007000 08:07 5246561                    /lib/x86_64-linux-gnu/libnss_compat-2.17.so
7f422db0b000-7f422db0c000 rw-p 00008000 08:07 5246561                    /lib/x86_64-linux-gnu/libnss_compat-2.17.so
7f422db0c000-7f422db37000 r-xp 00000000 08:07 8130208                    /usr/lib/jvm/java-7-openjdk-amd64/jre/lib/amd64/libjava.so
7f422db37000-7f422dd36000 ---p 0002b000 08:07 8130208                    /usr/lib/jvm/java-7-openjdk-amd64/jre/lib/amd64/libjava.so
7f422dd36000-7f422dd37000 r--p 0002a000 08:07 8130208                    /usr/lib/jvm/java-7-openjdk-amd64/jre/lib/amd64/libjava.so
7f422dd37000-7f422dd39000 rw-p 0002b000 08:07 8130208                    /usr/lib/jvm/java-7-openjdk-amd64/jre/lib/amd64/libjava.so
7f422dd39000-7f422dd49000 r-xp 00000000 08:07 8130207                    /usr/lib/jvm/java-7-openjdk-amd64/jre/lib/amd64/libverify.so
7f422dd49000-7f422df48000 ---p 00010000 08:07 8130207                    /usr/lib/jvm/java-7-openjdk-amd64/jre/lib/amd64/libverify.so
7f422df48000-7f422df4a000 r--p 0000f000 08:07 8130207                    /usr/lib/jvm/java-7-openjdk-amd64/jre/lib/amd64/libverify.so
7f422df4a000-7f422df4b000 rw-p 00011000 08:07 8130207                    /usr/lib/jvm/java-7-openjdk-amd64/jre/lib/amd64/libverify.so
7f422df4b000-7f422df52000 r-xp 00000000 08:07 5252129                    /lib/x86_64-linux-gnu/librt-2.17.so
7f422df52000-7f422e151000 ---p 00007000 08:07 5252129                    /lib/x86_64-linux-gnu/librt-2.17.so
7f422e151000-7f422e152000 r--p 00006000 08:07 5252129                    /lib/x86_64-linux-gnu/librt-2.17.so
7f422e152000-7f422e153000 rw-p 00007000 08:07 5252129                    /lib/x86_64-linux-gnu/librt-2.17.so
7f422e153000-7f422e168000 r-xp 00000000 08:07 5243965                    /lib/x86_64-linux-gnu/libgcc_s.so.1
7f422e168000-7f422e367000 ---p 00015000 08:07 5243965                    /lib/x86_64-linux-gnu/libgcc_s.so.1
7f422e367000-7f422e368000 r--p 00014000 08:07 5243965                    /lib/x86_64-linux-gnu/libgcc_s.so.1
7f422e368000-7f422e369000 rw-p 00015000 08:07 5243965                    /lib/x86_64-linux-gnu/libgcc_s.so.1
7f422e369000-7f422e46c000 r-xp 00000000 08:07 5246566                    /lib/x86_64-linux-gnu/libm-2.17.so
7f422e46c000-7f422e66b000 ---p 00103000 08:07 5246566                    /lib/x86_64-linux-gnu/libm-2.17.so
7f422e66b000-7f422e66c000 r--p 00102000 08:07 5246566                    /lib/x86_64-linux-gnu/libm-2.17.so
7f422e66c000-7f422e66d000 rw-p 00103000 08:07 5246566                    /lib/x86_64-linux-gnu/libm-2.17.so
7f422e66d000-7f422e753000 r-xp 00000000 08:07 7864348                    /usr/lib/x86_64-linux-gnu/libstdc++.so.6.0.18
7f422e753000-7f422e952000 ---p 000e6000 08:07 7864348                    /usr/lib/x86_64-linux-gnu/libstdc++.so.6.0.18
7f422e952000-7f422e95a000 r--p 000e5000 08:07 7864348                    /usr/lib/x86_64-linux-gnu/libstdc++.so.6.0.18
7f422e95a000-7f422e95c000 rw-p 000ed000 08:07 7864348                    /usr/lib/x86_64-linux-gnu/libstdc++.so.6.0.18
7f422e95c000-7f422e971000 rw-p 00000000 00:00 0 
7f422e971000-7f422f37f000 r-xp 00000000 08:07 8130212                    /usr/lib/jvm/java-7-openjdk-amd64/jre/lib/amd64/server/libjvm.so
7f422f37f000-7f422f57e000 ---p 00a0e000 08:07 8130212                    /usr/lib/jvm/java-7-openjdk-amd64/jre/lib/amd64/server/libjvm.so
7f422f57e000-7f422f5f7000 r--p 00a0d000 08:07 8130212                    /usr/lib/jvm/java-7-openjdk-amd64/jre/lib/amd64/server/libjvm.so
7f422f5f7000-7f422f61a000 rw-p 00a86000 08:07 8130212                    /usr/lib/jvm/java-7-openjdk-amd64/jre/lib/amd64/server/libjvm.so
7f422f61a000-7f422f645000 rw-p 00000000 00:00 0 
7f422f645000-7f422f65d000 r-xp 00000000 08:07 5243951                    /lib/x86_64-linux-gnu/libz.so.1.2.8
7f422f65d000-7f422f85c000 ---p 00018000 08:07 5243951                    /lib/x86_64-linux-gnu/libz.so.1.2.8
7f422f85c000-7f422f85d000 r--p 00017000 08:07 5243951                    /lib/x86_64-linux-gnu/libz.so.1.2.8
7f422f85d000-7f422f85e000 rw-p 00018000 08:07 5243951                    /lib/x86_64-linux-gnu/libz.so.1.2.8
7f422f85e000-7f422f875000 r-xp 00000000 08:07 5252661                    /lib/x86_64-linux-gnu/libpthread-2.17.so
7f422f875000-7f422fa75000 ---p 00017000 08:07 5252661                    /lib/x86_64-linux-gnu/libpthread-2.17.so
7f422fa75000-7f422fa76000 r--p 00017000 08:07 5252661                    /lib/x86_64-linux-gnu/libpthread-2.17.so
7f422fa76000-7f422fa77000 rw-p 00018000 08:07 5252661                    /lib/x86_64-linux-gnu/libpthread-2.17.so
7f422fa77000-7f422fa7b000 rw-p 00000000 00:00 0 
7f422fa7b000-7f422fa7e000 r-xp 00000000 08:07 5252660                    /lib/x86_64-linux-gnu/libdl-2.17.so
7f422fa7e000-7f422fc7d000 ---p 00003000 08:07 5252660                    /lib/x86_64-linux-gnu/libdl-2.17.so
7f422fc7d000-7f422fc7e000 r--p 00002000 08:07 5252660                    /lib/x86_64-linux-gnu/libdl-2.17.so
7f422fc7e000-7f422fc7f000 rw-p 00003000 08:07 5252660                    /lib/x86_64-linux-gnu/libdl-2.17.so
7f422fc7f000-7f422fe3c000 r-xp 00000000 08:07 5252659                    /lib/x86_64-linux-gnu/libc-2.17.so
7f422fe3c000-7f423003c000 ---p 001bd000 08:07 5252659                    /lib/x86_64-linux-gnu/libc-2.17.so
7f423003c000-7f4230040000 r--p 001bd000 08:07 5252659                    /lib/x86_64-linux-gnu/libc-2.17.so
7f4230040000-7f4230042000 rw-p 001c1000 08:07 5252659                    /lib/x86_64-linux-gnu/libc-2.17.so
7f4230042000-7f4230047000 rw-p 00000000 00:00 0 
7f4230047000-7f4230054000 r-xp 00000000 08:07 8130121                    /usr/lib/jvm/java-7-openjdk-amd64/jre/lib/amd64/jli/libjli.so
7f4230054000-7f4230253000 ---p 0000d000 08:07 8130121                    /usr/lib/jvm/java-7-openjdk-amd64/jre/lib/amd64/jli/libjli.so
7f4230253000-7f4230254000 r--p 0000c000 08:07 8130121                    /usr/lib/jvm/java-7-openjdk-amd64/jre/lib/amd64/jli/libjli.so
7f4230254000-7f4230255000 rw-p 0000d000 08:07 8130121                    /usr/lib/jvm/java-7-openjdk-amd64/jre/lib/amd64/jli/libjli.so
7f4230255000-7f4230278000 r-xp 00000000 08:07 5246634                    /lib/x86_64-linux-gnu/ld-2.17.so
7f4230279000-7f423027a000 rw-p 00000000 00:00 0 
7f423027a000-7f423027b000 r--s 00001000 08:07 3805335                    /home/shiwali/soar/SoarSuite/out/java/soar-debugger-api.jar
7f423027b000-7f423027c000 r--s 00003000 08:07 3805648                    /home/shiwali/soar/SoarSuite/out/java/swtgraphics2d.jar
7f423027c000-7f423027e000 r--s 00005000 08:07 3805321                    /home/shiwali/soar/SoarSuite/out/java/soar-smljava.jar
7f423027e000-7f4230287000 r--s 000bc000 08:07 8130271                    /usr/lib/jvm/java-7-openjdk-common/jre/lib/resources.jar
7f4230287000-7f423028a000 r--s 00018000 08:07 3805299                    /home/shiwali/soar/SoarSuite/out/java/sml.jar
7f423028a000-7f423028d000 r--s 0001d000 08:07 9833101                    /usr/local/share/java/lcm.jar
7f423028d000-7f4230290000 r--s 00028000 08:07 1707691                    /home/shiwali/InstructoSoarII/rosie/java/language/lgsoar.jar
7f4230290000-7f423029a000 rw-p 00000000 00:00 0 
7f423029a000-7f4230350000 rw-p 00000000 00:00 0 
7f4230350000-7f4230353000 ---p 00000000 00:00 0 
7f4230353000-7f4230456000 rw-p 00000000 00:00 0                          [stack:28794]
7f4230456000-7f4230459000 r--s 0001c000 08:07 1575757                    /home/shiwali/InstructoSoarII/rosie/java/insoar.jar
7f4230459000-7f423045b000 r--s 00012000 08:07 8130259                    /usr/lib/jvm/java-7-openjdk-common/jre/lib/ext/zipfs.jar
7f423045b000-7f423045d000 r--s 00006000 08:07 8264680                    /usr/share/java/java-atk-wrapper.jar
7f423045d000-7f4230460000 r--s 0003c000 08:07 8130265                    /usr/lib/jvm/java-7-openjdk-common/jre/lib/ext/sunpkcs11.jar
7f4230460000-7f4230463000 r--s 00032000 08:07 8130261                    /usr/lib/jvm/java-7-openjdk-common/jre/lib/ext/sunjce_provider.jar
7f4230463000-7f4230464000 r--s 00002000 08:07 8130267                    /usr/lib/jvm/java-7-openjdk-common/jre/lib/ext/dnsns.jar
7f4230464000-7f4230467000 r--s 0000f000 08:07 8130257                    /usr/lib/jvm/java-7-openjdk-common/jre/lib/ext/pulse-java.jar
7f4230467000-7f423046b000 r--s 00085000 08:07 8130263                    /usr/lib/jvm/java-7-openjdk-common/jre/lib/ext/localedata.jar
7f423046b000-7f4230473000 rw-s 00000000 08:07 1573089                    /tmp/hsperfdata_shiwali/28789
7f4230473000-7f4230474000 rw-p 00000000 00:00 0 
7f4230474000-7f4230475000 r--p 00000000 00:00 0 
7f4230475000-7f4230477000 rw-p 00000000 00:00 0 
7f4230477000-7f4230478000 r--p 00022000 08:07 5246634                    /lib/x86_64-linux-gnu/ld-2.17.so
7f4230478000-7f423047a000 rw-p 00023000 08:07 5246634                    /lib/x86_64-linux-gnu/ld-2.17.so
7fffc194f000-7fffc1970000 rw-p 00000000 00:00 0                          [stack]
7fffc19fe000-7fffc1a00000 r-xp 00000000 00:00 0                          [vdso]
ffffffffff600000-ffffffffff601000 r-xp 00000000 00:00 0                  [vsyscall]

VM Arguments:
jvm_args: -Dfile.encoding=UTF-8 
java_command: edu.umich.insoar.InSoar
Launcher Type: SUN_STANDARD

Environment Variables:
PATH=/home/shiwali/bin:/usr/lib/lightdm/lightdm:/usr/local/sbin:/usr/local/bin:/usr/sbin:/usr/bin:/sbin:/bin:/usr/games:/usr/local/games
LD_LIBRARY_PATH=/home/shiwali/soar/SoarSuite/out
SHELL=/bin/bash
DISPLAY=:0

Signal Handlers:
SIGSEGV: [libjvm.so+0x871410], sa_mask[0]=0x7ffbfeff, sa_flags=0x10000004
SIGBUS: [libjvm.so+0x871410], sa_mask[0]=0x7ffbfeff, sa_flags=0x10000004
SIGFPE: [libjvm.so+0x709540], sa_mask[0]=0x7ffbfeff, sa_flags=0x10000004
SIGPIPE: SIG_IGN, sa_mask[0]=0x00000000, sa_flags=0x00000000
SIGXFSZ: [libjvm.so+0x709540], sa_mask[0]=0x7ffbfeff, sa_flags=0x10000004
SIGILL: [libjvm.so+0x709540], sa_mask[0]=0x7ffbfeff, sa_flags=0x10000004
SIGUSR1: SIG_DFL, sa_mask[0]=0x00000000, sa_flags=0x00000000
SIGUSR2: [libjvm.so+0x709270], sa_mask[0]=0x00000004, sa_flags=0x10000004
SIGHUP: [libjvm.so+0x709550], sa_mask[0]=0x7ffbfeff, sa_flags=0x10000004
SIGINT: [libjvm.so+0x709550], sa_mask[0]=0x7ffbfeff, sa_flags=0x10000004
SIGTERM: [libjvm.so+0x709550], sa_mask[0]=0x7ffbfeff, sa_flags=0x10000004
SIGQUIT: [libjvm.so+0x709550], sa_mask[0]=0x7ffbfeff, sa_flags=0x10000004


---------------  S Y S T E M  ---------------

OS:Ubuntu 13.10 (saucy)
uname:Linux 3.11.0-15-generic #23-Ubuntu SMP Mon Dec 9 18:17:04 UTC 2013 x86_64
libc:glibc 2.17 NPTL 2.17 
rlimit: STACK 8192k, CORE 0k, NPROC 46883, NOFILE 4096, AS infinity
load average:4.26 3.02 2.50

/proc/meminfo:
MemTotal:        6021332 kB
MemFree:          481652 kB
Buffers:           41504 kB
Cached:          1617732 kB
SwapCached:          408 kB
Active:          3809564 kB
Inactive:        1427840 kB
Active(anon):    3444584 kB
Inactive(anon):  1091104 kB
Active(file):     364980 kB
Inactive(file):   336736 kB
Unevictable:          64 kB
Mlocked:              64 kB
SwapTotal:        975868 kB
SwapFree:         949052 kB
Dirty:               288 kB
Writeback:             0 kB
AnonPages:       3578152 kB
Mapped:           311892 kB
Shmem:            957344 kB
Slab:             161892 kB
SReclaimable:     121796 kB
SUnreclaim:        40096 kB
KernelStack:        5384 kB
PageTables:        56676 kB
NFS_Unstable:          0 kB
Bounce:                0 kB
WritebackTmp:          0 kB
CommitLimit:     3986532 kB
Committed_AS:    9978496 kB
VmallocTotal:   34359738367 kB
VmallocUsed:      354408 kB
VmallocChunk:   34359371388 kB
HardwareCorrupted:     0 kB
AnonHugePages:         0 kB
HugePages_Total:       0
HugePages_Free:        0
HugePages_Rsvd:        0
HugePages_Surp:        0
Hugepagesize:       2048 kB
DirectMap4k:       71296 kB
DirectMap2M:     6129664 kB


CPU:total 4 (2 cores per cpu, 2 threads per core) family 6 model 42 stepping 7, cmov, cx8, fxsr, mmx, sse, sse2, sse3, ssse3, sse4.1, sse4.2, popcnt, avx, ht, tsc, tscinvbit

/proc/cpuinfo:
processor	: 0
vendor_id	: GenuineIntel
cpu family	: 6
model		: 42
model name	: Intel(R) Core(TM) i5-2410M CPU @ 2.30GHz
stepping	: 7
microcode	: 0x15
cpu MHz		: 2300.000
cache size	: 3072 KB
physical id	: 0
siblings	: 4
core id		: 0
cpu cores	: 2
apicid		: 0
initial apicid	: 0
fpu		: yes
fpu_exception	: yes
cpuid level	: 13
wp		: yes
flags		: fpu vme de pse tsc msr pae mce cx8 apic sep mtrr pge mca cmov pat pse36 clflush dts acpi mmx fxsr sse sse2 ss ht tm pbe syscall nx rdtscp lm constant_tsc arch_perfmon pebs bts nopl xtopology nonstop_tsc aperfmperf eagerfpu pni pclmulqdq dtes64 monitor ds_cpl vmx est tm2 ssse3 cx16 xtpr pdcm pcid sse4_1 sse4_2 x2apic popcnt tsc_deadline_timer xsave avx lahf_lm ida arat epb xsaveopt pln pts dtherm tpr_shadow vnmi flexpriority ept vpid
bogomips	: 4589.84
clflush size	: 64
cache_alignment	: 64
address sizes	: 36 bits physical, 48 bits virtual
power management:

processor	: 1
vendor_id	: GenuineIntel
cpu family	: 6
model		: 42
model name	: Intel(R) Core(TM) i5-2410M CPU @ 2.30GHz
stepping	: 7
microcode	: 0x15
cpu MHz		: 2300.000
cache size	: 3072 KB
physical id	: 0
siblings	: 4
core id		: 0
cpu cores	: 2
apicid		: 1
initial apicid	: 1
fpu		: yes
fpu_exception	: yes
cpuid level	: 13
wp		: yes
flags		: fpu vme de pse tsc msr pae mce cx8 apic sep mtrr pge mca cmov pat pse36 clflush dts acpi mmx fxsr sse sse2 ss ht tm pbe syscall nx rdtscp lm constant_tsc arch_perfmon pebs bts nopl xtopology nonstop_tsc aperfmperf eagerfpu pni pclmulqdq dtes64 monitor ds_cpl vmx est tm2 ssse3 cx16 xtpr pdcm pcid sse4_1 sse4_2 x2apic popcnt tsc_deadline_timer xsave avx lahf_lm ida arat epb xsaveopt pln pts dtherm tpr_shadow vnmi flexpriority ept vpid
bogomips	: 4589.84
clflush size	: 64
cache_alignment	: 64
address sizes	: 36 bits physical, 48 bits virtual
power management:

processor	: 2
vendor_id	: GenuineIntel
cpu family	: 6
model		: 42
model name	: Intel(R) Core(TM) i5-2410M CPU @ 2.30GHz
stepping	: 7
microcode	: 0x15
cpu MHz		: 800.000
cache size	: 3072 KB
physical id	: 0
siblings	: 4
core id		: 1
cpu cores	: 2
apicid		: 2
initial apicid	: 2
fpu		: yes
fpu_exception	: yes
cpuid level	: 13
wp		: yes
flags		: fpu vme de pse tsc msr pae mce cx8 apic sep mtrr pge mca cmov pat pse36 clflush dts acpi mmx fxsr sse sse2 ss ht tm pbe syscall nx rdtscp lm constant_tsc arch_perfmon pebs bts nopl xtopology nonstop_tsc aperfmperf eagerfpu pni pclmulqdq dtes64 monitor ds_cpl vmx est tm2 ssse3 cx16 xtpr pdcm pcid sse4_1 sse4_2 x2apic popcnt tsc_deadline_timer xsave avx lahf_lm ida arat epb xsaveopt pln pts dtherm tpr_shadow vnmi flexpriority ept vpid
bogomips	: 4589.84
clflush size	: 64
cache_alignment	: 64
address sizes	: 36 bits physical, 48 bits virtual
power management:

processor	: 3
vendor_id	: GenuineIntel
cpu family	: 6
model		: 42
model name	: Intel(R) Core(TM) i5-2410M CPU @ 2.30GHz
stepping	: 7
microcode	: 0x15
cpu MHz		: 1200.000
cache size	: 3072 KB
physical id	: 0
siblings	: 4
core id		: 1
cpu cores	: 2
apicid		: 3
initial apicid	: 3
fpu		: yes
fpu_exception	: yes
cpuid level	: 13
wp		: yes
flags		: fpu vme de pse tsc msr pae mce cx8 apic sep mtrr pge mca cmov pat pse36 clflush dts acpi mmx fxsr sse sse2 ss ht tm pbe syscall nx rdtscp lm constant_tsc arch_perfmon pebs bts nopl xtopology nonstop_tsc aperfmperf eagerfpu pni pclmulqdq dtes64 monitor ds_cpl vmx est tm2 ssse3 cx16 xtpr pdcm pcid sse4_1 sse4_2 x2apic popcnt tsc_deadline_timer xsave avx lahf_lm ida arat epb xsaveopt pln pts dtherm tpr_shadow vnmi flexpriority ept vpid
bogomips	: 4589.84
clflush size	: 64
cache_alignment	: 64
address sizes	: 36 bits physical, 48 bits virtual
power management:



Memory: 4k page, physical 6021332k(481652k free), swap 975868k(949052k free)

vm_info: OpenJDK 64-Bit Server VM (23.7-b01) for linux-amd64 JRE (1.7.0_25-b30), built on Oct 11 2013 18:04:12 by "buildd" with gcc 4.8.1

time: Sun Jan 19 19:18:02 2014
elapsed time: 149 seconds

