#
# A fatal error has been detected by the Java Runtime Environment:
#
#  SIGSEGV (0xb) at pc=0x00007f10cc7a566f, pid=12560, tid=139709909034752
#
# JRE version: 7.0_25-b30
# Java VM: OpenJDK 64-Bit Server VM (23.7-b01 mixed mode linux-amd64 compressed oops)
# Problematic frame:
# C  [libSoar.so+0x1d766f]  elaborate_gds(agent_struct*)+0x23f
#
# Failed to write core dump. Core dumps have been disabled. To enable core dumping, try "ulimit -c unlimited" before starting Java again
#
# If you would like to submit a bug report, please include
# instructions on how to reproduce the bug and visit:
#   https://bugs.launchpad.net/ubuntu/+source/openjdk-7/
#

---------------  T H R E A D  ---------------

Current thread is native thread

siginfo:si_signo=SIGSEGV: si_errno=0, si_code=128 (), si_addr=0x0000000000000000

Registers:
RAX=0x7f107ce274280000, RBX=0x0000000000000000, RCX=0x0000000000000001, RDX=0x00007f107d33c0ca
RSP=0x00007f10bf7fcdf0, RBP=0x00007f10bf7fce90, RSI=0x0000000000000001, RDI=0x00007f107d883a70
R8 =0x00007f10bf7fcb3b, R9 =0x0000000000000030, R10=0x0000000000000004, R11=0x00007f107c000078
R12=0x0000000000000000, R13=0x00007f10e83b4060, R14=0x00007f10e83924f0, R15=0x0000000000001000
RIP=0x00007f10cc7a566f, EFLAGS=0x0000000000010206, CSGSFS=0x0000000000000033, ERR=0x0000000000000000
  TRAPNO=0x000000000000000d

Top of Stack: (sp=0x00007f10bf7fcdf0)
0x00007f10bf7fcdf0:   00007f107cb96f70 00007f107c000dd0
0x00007f10bf7fce00:   00027f107c007068 00007f107c000dd0
0x00007f10bf7fce10:   00007f107d22b0c0 00007f107cb970e0
0x00007f10bf7fce20:   00007f107caf1418 00007f107ceaf298
0x00007f10bf7fce30:   00007f107cfb95f0 00007f10e83924f0
0x00007f10bf7fce40:   0000000000001000 00007f10e7c3e580
0x00007f10bf7fce50:   00007f107cf57c68 0000000000000000
0x00007f10bf7fce60:   00007f10bf7fce90 00007f10cc7a51fe
0x00007f10bf7fce70:   00007f107caf1418 00007f107d33c0ca
0x00007f10bf7fce80:   7f107ce274280000 00007f107cb970e0
0x00007f10bf7fce90:   00007f10bf7fcf00 00007f10cc7a316a
0x00007f10bf7fcea0:   00007f107cfcc070 00007f107c000dd0
0x00007f10bf7fceb0:   00007f10bf7fcee0 00007f10cc81d755
0x00007f10bf7fcec0:   00007f10bf7fcef0 00007f107c0008e0
0x00007f10bf7fced0:   00007f10ccbd8607 00007f107cdb4fe0
0x00007f10bf7fcee0:   00007f107cf57498 00007f107cdb4fe0
0x00007f10bf7fcef0:   0000000000000000 00007f107c0070b0
0x00007f10bf7fcf00:   00007f10bf7fcf30 00007f10cc7a32e3
0x00007f10bf7fcf10:   00007f10ccbd8607 00007f107c000dd0
0x00007f10bf7fcf20:   00007f107d354e88 00007f107cfcc070
0x00007f10bf7fcf30:   00007f10bf7fcf50 00007f10cc7a4f18
0x00007f10bf7fcf40:   00007f1000000000 00007f107c000dd0
0x00007f10bf7fcf50:   00007f10bf7fcfe0 00007f10cc7bdf55
0x00007f10bf7fcf60:   00007fffcaffeac9 00007f107c000dd0
0x00007f10bf7fcf70:   00000001bf7fcf90 0000000000000000
0x00007f10bf7fcf80:   0000000000000000 00007f10e83b4060
0x00007f10bf7fcf90:   00007f10bf7fcfc0 00007f10e7cc9ead
0x00007f10bf7fcfa0:   00007f10bf7fd000 00007f10cc80d8a7
0x00007f10bf7fcfb0:   0000000000006224 000000002534199b
0x00007f10bf7fcfc0:   00007f10bf7fcfe0 00007f10cc80dc66
0x00007f10bf7fcfd0:   00007f10e01d0868 00007f107c004ad0
0x00007f10bf7fcfe0:   00007f10bf7fd010 00007f10cc7bf318 

Instructions: (pc=0x00007f10cc7a566f)
0x00007f10cc7a564f:   74 0f 48 8b 45 e8 48 8b 55 f0 48 89 90 a0 00 00
0x00007f10cc7a565f:   00 48 83 7d f0 00 74 11 48 8b 45 f0 48 8b 55 e8
0x00007f10cc7a566f:   48 89 90 98 00 00 00 eb 13 48 8b 45 98 48 8b 80
0x00007f10cc7a567f:   90 00 00 00 48 8b 55 e8 48 89 50 08 48 8b 45 98 

Register to memory mapping:

RAX=0x7f107ce274280000 is an unknown value
RBX=0x0000000000000000 is an unknown value
RCX=0x0000000000000001 is an unknown value
RDX=0x00007f107d33c0ca is an unknown value
RSP=0x00007f10bf7fcdf0 is an unknown value
RBP=0x00007f10bf7fce90 is an unknown value
RSI=0x0000000000000001 is an unknown value
RDI=0x00007f107d883a70 is an unknown value
R8 =0x00007f10bf7fcb3b is an unknown value
R9 =0x0000000000000030 is an unknown value
R10=0x0000000000000004 is an unknown value
R11=0x00007f107c000078 is an unknown value
R12=0x0000000000000000 is an unknown value
R13=0x00007f10e83b4060: _rtld_global+0 in /lib64/ld-linux-x86-64.so.2 at 0x00007f10e8191000
R14=0x00007f10e83924f0 is pointing into the stack for thread: 0x00007f10e0009800
R15=0x0000000000001000 is an unknown value


Stack: [0x00007f10beffe000,0x00007f10bf7ff000],  sp=0x00007f10bf7fcdf0,  free space=8187k
Native frames: (J=compiled Java code, j=interpreted, Vv=VM code, C=native code)
C  [libSoar.so+0x1d766f]  elaborate_gds(agent_struct*)+0x23f
C  [libSoar.so+0x1d516a]  decide_non_context_slot(agent_struct*, slot_struct*)+0x4f6
C  [libSoar.so+0x1d52e3]  decide_non_context_slots(agent_struct*)+0x55
C  [libSoar.so+0x1d6f18]  do_working_memory_phase(agent_struct*)+0x105
C  [libSoar.so+0x1eff55]  do_one_top_level_phase(agent_struct*)+0x7f9
C  [libSoar.so+0x1f1318]  run_for_n_decision_cycles(agent_struct*, long)+0xb8
C  [libSoar.so+0x380f5d]  sml::AgentSML::Step(sml::smlRunStepSize)+0x109
C  [libSoar.so+0x380d95]  sml::AgentSML::StepInClientThread(sml::smlRunStepSize)+0x43
C  [libSoar.so+0x391d66]  sml::RunScheduler::RunScheduledAgents(bool, sml::smlRunStepSize, unsigned long, sml::smlRunFlags, sml::smlRunStepSize, bool)+0x348
C  [libSoar.so+0x41d2d0]  cli::CommandLineInterface::DoRun(std::bitset<10ul> const&, int, cli::Cli::eRunInterleaveMode)+0x332
C  [libSoar.so+0x43e338]  cli::RunCommand::Parse(std::vector<std::string, std::allocator<std::string> >&)+0x67a
C  [libSoar.so+0x42e86f]  cli::Parser::handle_command(std::vector<std::string, std::allocator<std::string> >&)+0x91
C  [libSoar.so+0x42d596]  soar::tokenizer::parse_command()+0x1d0
C  [libSoar.so+0x42d33c]  soar::tokenizer::evaluate(char const*)+0x60
C  [libSoar.so+0x42080b]  cli::CommandLineInterface::Source(char const*, bool)+0x61
C  [libSoar.so+0x42ab13]  cli::CommandLineInterface::DoCommand(sml::Connection*, sml::AgentSML*, char const*, bool, bool, soarxml::ElementXML*)+0x11d
C  [libSoar.so+0x38c0e9]  sml::KernelSML::HandleCommandLine(sml::AgentSML*, char const*, sml::Connection*, sml::AnalyzeXML*, soarxml::ElementXML*)+0x481
C  [libSoar.so+0x3883c3]  sml::KernelSML::ProcessCommand(char const*, sml::Connection*, sml::AnalyzeXML*, soarxml::ElementXML*)+0x325
C  [libSoar.so+0x38868f]  sml::KernelSML::ProcessIncomingSML(sml::Connection*, soarxml::ElementXML*)+0x119
C  [libSoar.so+0x37f1c0]  ReceivedCall(sml::Connection*, soarxml::ElementXML*, void*)+0x3b
C  [libSoar.so+0x3f70d8]  sml::Callback::Invoke(soarxml::ElementXML*)+0x30
C  [libSoar.so+0x3f0dcb]  sml::Connection::InvokeCallbacks(soarxml::ElementXML*)+0x105
C  [libSoar.so+0x3f446d]  sml::RemoteConnection::ReceiveMessages(bool, int, int)+0x229
C  [libSoar.so+0x3f4241]  sml::RemoteConnection::ReceiveMessages(bool)+0x2b
C  [libSoar.so+0x385655]  sml::ConnectionManager::ReceiveAllMessages()+0x6f
C  [libSoar.so+0x38e062]  sml::ReceiverThread::Run()+0x2e
C  [libSoar.so+0x3f6d7d]  ThreadStartFunction(void*)+0x2b
C  [libSoar.so+0x3f6c35]  LinuxThreadFunc(void*)+0x28


---------------  P R O C E S S  ---------------

VM state:not at safepoint (normal execution)

VM Mutex/Monitor currently owned by a thread: None

Heap
 PSYoungGen      total 261760K, used 110851K [0x00000007d6c00000, 0x00000007f6ae0000, 0x0000000800000000)
  eden space 253440K, 41% used [0x00000007d6c00000,0x00000007dd2797f0,0x00000007e6380000)
  from space 8320K, 71% used [0x00000007e6380000,0x00000007e6947510,0x00000007e6ba0000)
  to   space 8128K, 0% used [0x00000007f62f0000,0x00000007f62f0000,0x00000007f6ae0000)
 ParOldGen       total 84480K, used 11198K [0x0000000784400000, 0x0000000789680000, 0x00000007d6c00000)
  object space 84480K, 13% used [0x0000000784400000,0x0000000784eefbc0,0x0000000789680000)
 PSPermGen       total 21248K, used 19098K [0x0000000779e00000, 0x000000077b2c0000, 0x0000000784400000)
  object space 21248K, 89% used [0x0000000779e00000,0x000000077b0a69b0,0x000000077b2c0000)

Card table byte_map: [0x00007f10e4bec000,0x00007f10e501e000] byte_map_base: 0x00007f10e101d000

Polling page: 0x00007f10e83b0000

Code Cache  [0x00007f10dd000000, 0x00007f10dd270000, 0x00007f10e0000000)
 total_blobs=996 nmethods=445 adapters=503 free_code_cache=47353Kb largest_free_block=48451328

Compilation events (10 events):
Event: 138.962 Thread 0x00007f10e0116800  451             java.lang.ThreadLocal::getMap (5 bytes)
Event: 138.962 Thread 0x00007f10e0119800  452             java.lang.ThreadLocal::access$400 (5 bytes)
Event: 138.963 Thread 0x00007f10e0116800 nmethod 451 0x00007f10dd1c0150 code [0x00007f10dd1c0280, 0x00007f10dd1c02f8]
Event: 138.963 Thread 0x00007f10e0119800 nmethod 452 0x00007f10dd1bff50 code [0x00007f10dd1c0080, 0x00007f10dd1c00d8]
Event: 139.777 Thread 0x00007f10e0116800  453  s!         java.net.DatagramSocket::receive (306 bytes)
Event: 139.786 Thread 0x00007f10e0116800 nmethod 453 0x00007f10dd1c9590 code [0x00007f10dd1c97a0, 0x00007f10dd1ca830]
Event: 142.527 Thread 0x00007f10e0119800  454             java.util.HashMap::keySet (28 bytes)
Event: 142.528 Thread 0x00007f10e0119800 nmethod 454 0x00007f10dd1bb610 code [0x00007f10dd1bb760, 0x00007f10dd1bb858]
Event: 146.985 Thread 0x00007f10e0116800  456             java.util.HashMap::containsKey (14 bytes)
Event: 146.988 Thread 0x00007f10e0116800 nmethod 456 0x00007f10dd1bab50 code [0x00007f10dd1bacc0, 0x00007f10dd1baee8]

GC Heap History (10 events):
Event: 1.466 GC heap before
{Heap before GC invocations=3 (full 0):
 PSYoungGen      total 68608K, used 68576K [0x00000007d6c00000, 0x00000007db420000, 0x0000000800000000)
  eden space 63360K, 100% used [0x00000007d6c00000,0x00000007da9e0000,0x00000007da9e0000)
  from space 5248K, 99% used [0x00000007daf00000,0x00000007db418020,0x00000007db420000)
  to   space 5248K, 0% used [0x00000007da9e0000,0x00000007da9e0000,0x00000007daf00000)
 ParOldGen       total 84480K, used 3726K [0x0000000784400000, 0x0000000789680000, 0x00000007d6c00000)
  object space 84480K, 4% used [0x0000000784400000,0x00000007847a3b60,0x0000000789680000)
 PSPermGen       total 21248K, used 3568K [0x0000000779e00000, 0x000000077b2c0000, 0x0000000784400000)
  object space 21248K, 16% used [0x0000000779e00000,0x000000077a17c2f8,0x000000077b2c0000)
Event: 1.479 GC heap after
Heap after GC invocations=3 (full 0):
 PSYoungGen      total 68608K, used 5136K [0x00000007d6c00000, 0x00000007df200000, 0x0000000800000000)
  eden space 63360K, 0% used [0x00000007d6c00000,0x00000007d6c00000,0x00000007da9e0000)
  from space 5248K, 97% used [0x00000007da9e0000,0x00000007daee4010,0x00000007daf00000)
  to   space 5248K, 0% used [0x00000007dece0000,0x00000007dece0000,0x00000007df200000)
 ParOldGen       total 84480K, used 3726K [0x0000000784400000, 0x0000000789680000, 0x00000007d6c00000)
  object space 84480K, 4% used [0x0000000784400000,0x00000007847a3b60,0x0000000789680000)
 PSPermGen       total 21248K, used 3568K [0x0000000779e00000, 0x000000077b2c0000, 0x0000000784400000)
  object space 21248K, 16% used [0x0000000779e00000,0x000000077a17c2f8,0x000000077b2c0000)
}
Event: 1.773 GC heap before
{Heap before GC invocations=4 (full 0):
 PSYoungGen      total 68608K, used 68496K [0x00000007d6c00000, 0x00000007df200000, 0x0000000800000000)
  eden space 63360K, 100% used [0x00000007d6c00000,0x00000007da9e0000,0x00000007da9e0000)
  from space 5248K, 97% used [0x00000007da9e0000,0x00000007daee4010,0x00000007daf00000)
  to   space 5248K, 0% used [0x00000007dece0000,0x00000007dece0000,0x00000007df200000)
 ParOldGen       total 84480K, used 3726K [0x0000000784400000, 0x0000000789680000, 0x00000007d6c00000)
  object space 84480K, 4% used [0x0000000784400000,0x00000007847a3b60,0x0000000789680000)
 PSPermGen       total 21248K, used 3568K [0x0000000779e00000, 0x000000077b2c0000, 0x0000000784400000)
  object space 21248K, 16% used [0x0000000779e00000,0x000000077a17c2f8,0x000000077b2c0000)
Event: 1.789 GC heap after
Heap after GC invocations=4 (full 0):
 PSYoungGen      total 131968K, used 5248K [0x00000007d6c00000, 0x00000007df200000, 0x0000000800000000)
  eden space 126720K, 0% used [0x00000007d6c00000,0x00000007d6c00000,0x00000007de7c0000)
  from space 5248K, 100% used [0x00000007dece0000,0x00000007df200000,0x00000007df200000)
  to   space 5248K, 0% used [0x00000007de7c0000,0x00000007de7c0000,0x00000007dece0000)
 ParOldGen       total 84480K, used 4742K [0x0000000784400000, 0x0000000789680000, 0x00000007d6c00000)
  object space 84480K, 5% used [0x0000000784400000,0x00000007848a1b60,0x0000000789680000)
 PSPermGen       total 21248K, used 3568K [0x0000000779e00000, 0x000000077b2c0000, 0x0000000784400000)
  object space 21248K, 16% used [0x0000000779e00000,0x000000077a17c2f8,0x000000077b2c0000)
}
Event: 2.269 GC heap before
{Heap before GC invocations=5 (full 0):
 PSYoungGen      total 131968K, used 131968K [0x00000007d6c00000, 0x00000007df200000, 0x0000000800000000)
  eden space 126720K, 100% used [0x00000007d6c00000,0x00000007de7c0000,0x00000007de7c0000)
  from space 5248K, 100% used [0x00000007dece0000,0x00000007df200000,0x00000007df200000)
  to   space 5248K, 0% used [0x00000007de7c0000,0x00000007de7c0000,0x00000007dece0000)
 ParOldGen       total 84480K, used 4742K [0x0000000784400000, 0x0000000789680000, 0x00000007d6c00000)
  object space 84480K, 5% used [0x0000000784400000,0x00000007848a1b60,0x0000000789680000)
 PSPermGen       total 21248K, used 3568K [0x0000000779e00000, 0x000000077b2c0000, 0x0000000784400000)
  object space 21248K, 16% used [0x0000000779e00000,0x000000077a17c2f8,0x000000077b2c0000)
Event: 2.294 GC heap after
Heap after GC invocations=5 (full 0):
 PSYoungGen      total 131968K, used 5216K [0x00000007d6c00000, 0x00000007e7400000, 0x0000000800000000)
  eden space 126720K, 0% used [0x00000007d6c00000,0x00000007d6c00000,0x00000007de7c0000)
  from space 5248K, 99% used [0x00000007de7c0000,0x00000007decd8020,0x00000007dece0000)
  to   space 8448K, 0% used [0x00000007e6bc0000,0x00000007e6bc0000,0x00000007e7400000)
 ParOldGen       total 84480K, used 6262K [0x0000000784400000, 0x0000000789680000, 0x00000007d6c00000)
  object space 84480K, 7% used [0x0000000784400000,0x0000000784a1db60,0x0000000789680000)
 PSPermGen       total 21248K, used 3568K [0x0000000779e00000, 0x000000077b2c0000, 0x0000000784400000)
  object space 21248K, 16% used [0x0000000779e00000,0x000000077a17c2f8,0x000000077b2c0000)
}
Event: 2.750 GC heap before
{Heap before GC invocations=6 (full 0):
 PSYoungGen      total 131968K, used 131936K [0x00000007d6c00000, 0x00000007e7400000, 0x0000000800000000)
  eden space 126720K, 100% used [0x00000007d6c00000,0x00000007de7c0000,0x00000007de7c0000)
  from space 5248K, 99% used [0x00000007de7c0000,0x00000007decd8020,0x00000007dece0000)
  to   space 8448K, 0% used [0x00000007e6bc0000,0x00000007e6bc0000,0x00000007e7400000)
 ParOldGen       total 84480K, used 6262K [0x0000000784400000, 0x0000000789680000, 0x00000007d6c00000)
  object space 84480K, 7% used [0x0000000784400000,0x0000000784a1db60,0x0000000789680000)
 PSPermGen       total 21248K, used 3568K [0x0000000779e00000, 0x000000077b2c0000, 0x0000000784400000)
  object space 21248K, 16% used [0x0000000779e00000,0x000000077a17c2f8,0x000000077b2c0000)
Event: 2.758 GC heap after
Heap after GC invocations=6 (full 0):
 PSYoungGen      total 261632K, used 5632K [0x00000007d6c00000, 0x00000007e73c0000, 0x0000000800000000)
  eden space 253440K, 0% used [0x00000007d6c00000,0x00000007d6c00000,0x00000007e6380000)
  from space 8192K, 68% used [0x00000007e6bc0000,0x00000007e7140000,0x00000007e73c0000)
  to   space 8320K, 0% used [0x00000007e6380000,0x00000007e6380000,0x00000007e6ba0000)
 ParOldGen       total 84480K, used 6262K [0x0000000784400000, 0x0000000789680000, 0x00000007d6c00000)
  object space 84480K, 7% used [0x0000000784400000,0x0000000784a1db60,0x0000000789680000)
 PSPermGen       total 21248K, used 3568K [0x0000000779e00000, 0x000000077b2c0000, 0x0000000784400000)
  object space 21248K, 16% used [0x0000000779e00000,0x000000077a17c2f8,0x000000077b2c0000)
}
Event: 57.816 GC heap before
{Heap before GC invocations=7 (full 0):
 PSYoungGen      total 261632K, used 259072K [0x00000007d6c00000, 0x00000007e73c0000, 0x0000000800000000)
  eden space 253440K, 100% used [0x00000007d6c00000,0x00000007e6380000,0x00000007e6380000)
  from space 8192K, 68% used [0x00000007e6bc0000,0x00000007e7140000,0x00000007e73c0000)
  to   space 8320K, 0% used [0x00000007e6380000,0x00000007e6380000,0x00000007e6ba0000)
 ParOldGen       total 84480K, used 6262K [0x0000000784400000, 0x0000000789680000, 0x00000007d6c00000)
  object space 84480K, 7% used [0x0000000784400000,0x0000000784a1db60,0x0000000789680000)
 PSPermGen       total 21248K, used 19047K [0x0000000779e00000, 0x000000077b2c0000, 0x0000000784400000)
  object space 21248K, 89% used [0x0000000779e00000,0x000000077b099c78,0x000000077b2c0000)
Event: 57.831 GC heap after
Heap after GC invocations=7 (full 0):
 PSYoungGen      total 261760K, used 5917K [0x00000007d6c00000, 0x00000007f6ae0000, 0x0000000800000000)
  eden space 253440K, 0% used [0x00000007d6c00000,0x00000007d6c00000,0x00000007e6380000)
  from space 8320K, 71% used [0x00000007e6380000,0x00000007e6947510,0x00000007e6ba0000)
  to   space 8128K, 0% used [0x00000007f62f0000,0x00000007f62f0000,0x00000007f6ae0000)
 ParOldGen       total 84480K, used 11198K [0x0000000784400000, 0x0000000789680000, 0x00000007d6c00000)
  object space 84480K, 13% used [0x0000000784400000,0x0000000784eefbc0,0x0000000789680000)
 PSPermGen       total 21248K, used 19047K [0x0000000779e00000, 0x000000077b2c0000, 0x0000000784400000)
  object space 21248K, 89% used [0x0000000779e00000,0x000000077b099c78,0x000000077b2c0000)
}

Deoptimization events (10 events):
Event: 48.014 Thread 0x00007f10700a8800 Uncommon trap -58 fr.pc 0x00007f10dd11ee5c
Event: 48.015 Thread 0x00007f10700a8800 Uncommon trap -58 fr.pc 0x00007f10dd1115bc
Event: 48.020 Thread 0x00007f10700a8800 Uncommon trap -58 fr.pc 0x00007f10dd11ee5c
Event: 48.020 Thread 0x00007f10700a8800 Uncommon trap -58 fr.pc 0x00007f10dd1115bc
Event: 48.020 Thread 0x00007f10700a8800 Uncommon trap -34 fr.pc 0x00007f10dd116b90
Event: 48.020 Thread 0x00007f10700a8800 Uncommon trap -58 fr.pc 0x00007f10dd11ee5c
Event: 48.020 Thread 0x00007f10700a8800 Uncommon trap -58 fr.pc 0x00007f10dd1115bc
Event: 48.020 Thread 0x00007f10700a8800 Uncommon trap -34 fr.pc 0x00007f10dd116b90
Event: 48.021 Thread 0x00007f10700a8800 Uncommon trap -34 fr.pc 0x00007f10dd116b90
Event: 81.971 Thread 0x00007f105c067000 Uncommon trap -83 fr.pc 0x00007f10dd17ce38

Internal exceptions (10 events):
Event: 48.017 Thread 0x00007f10700a8800 Threw 0x00000007e4d49698 at /build/buildd/openjdk-7-7u25-2.3.10/build/openjdk/hotspot/src/share/vm/prims/jvm.cpp:1235
Event: 48.018 Thread 0x00007f10700a8800 Threw 0x00000007e4d4c920 at /build/buildd/openjdk-7-7u25-2.3.10/build/openjdk/hotspot/src/share/vm/prims/jvm.cpp:1235
Event: 48.018 Thread 0x00007f10700a8800 Threw 0x00000007e4d4fc38 at /build/buildd/openjdk-7-7u25-2.3.10/build/openjdk/hotspot/src/share/vm/prims/jvm.cpp:1235
Event: 48.018 Thread 0x00007f10700a8800 Threw 0x00000007e4d53290 at /build/buildd/openjdk-7-7u25-2.3.10/build/openjdk/hotspot/src/share/vm/prims/jvm.cpp:1235
Event: 48.019 Thread 0x00007f10700a8800 Threw 0x00000007e4d56158 at /build/buildd/openjdk-7-7u25-2.3.10/build/openjdk/hotspot/src/share/vm/prims/jvm.cpp:1235
Event: 48.019 Thread 0x00007f10700a8800 Threw 0x00000007e4d59220 at /build/buildd/openjdk-7-7u25-2.3.10/build/openjdk/hotspot/src/share/vm/prims/jvm.cpp:1235
Event: 48.019 Thread 0x00007f10700a8800 Threw 0x00000007e4d5c360 at /build/buildd/openjdk-7-7u25-2.3.10/build/openjdk/hotspot/src/share/vm/prims/jvm.cpp:1235
Event: 48.019 Thread 0x00007f10700a8800 Threw 0x00000007e4d5f338 at /build/buildd/openjdk-7-7u25-2.3.10/build/openjdk/hotspot/src/share/vm/prims/jvm.cpp:1235
Event: 53.209 Thread 0x00007f10700a8800 Threw 0x00000007e5814328 at /build/buildd/openjdk-7-7u25-2.3.10/build/openjdk/hotspot/src/share/vm/prims/jvm.cpp:1235
Event: 81.971 Thread 0x00007f105c067000 Implicit null exception at 0x00007f10dd177880 to 0x00007f10dd17cda9

Events (10 events):
Event: 79.402 loading class 0x00007f10e0072470
Event: 79.402 loading class 0x00007f10e0072470 done
Event: 81.958 Thread 0x00007f105c067000 Thread added: 0x00007f105c067000
Event: 81.970 Executing VM operation: RevokeBias
Event: 81.970 Executing VM operation: RevokeBias done
Event: 81.971 Thread 0x00007f105c067000 DEOPT PACKING pc=0x00007f10dd17ce38 sp=0x00007f10beffc400
Event: 81.971 Thread 0x00007f105c067000 DEOPT UNPACKING pc=0x00007f10dd039145 sp=0x00007f10beffc108 mode 2
Event: 97.987 Thread 0x00007f10e0116800 flushing nmethod 0x00007f10dd0dc010
Event: 108.705 loading class 0x00007f10e00bdd30
Event: 108.705 loading class 0x00007f10e00bdd30 done


Dynamic libraries:
00400000-00401000 r-xp 00000000 08:01 4466528                            /usr/lib/jvm/java-7-openjdk-amd64/jre/bin/java
00600000-00601000 r--p 00000000 08:01 4466528                            /usr/lib/jvm/java-7-openjdk-amd64/jre/bin/java
00601000-00602000 rw-p 00001000 08:01 4466528                            /usr/lib/jvm/java-7-openjdk-amd64/jre/bin/java
01c26000-01c47000 rw-p 00000000 00:00 0                                  [heap]
779e00000-77b2c0000 rw-p 00000000 00:00 0 
77b2c0000-784400000 rw-p 00000000 00:00 0 
784400000-789680000 rw-p 00000000 00:00 0 
789680000-7d6c00000 rw-p 00000000 00:00 0 
7d6c00000-7f6ae0000 rw-p 00000000 00:00 0 
7f6ae0000-800000000 rw-p 00000000 00:00 0 
7f105c000000-7f105c18a000 rw-p 00000000 00:00 0 
7f105c18a000-7f1060000000 ---p 00000000 00:00 0 
7f1060000000-7f1060021000 rw-p 00000000 00:00 0 
7f1060021000-7f1064000000 ---p 00000000 00:00 0 
7f1064000000-7f1064021000 rw-p 00000000 00:00 0 
7f1064021000-7f1068000000 ---p 00000000 00:00 0 
7f106b679000-7f106bb6e000 rw-p 00000000 00:00 0 
7f106bb6e000-7f106bb71000 ---p 00000000 00:00 0 
7f106bb71000-7f106bc6f000 rw-p 00000000 00:00 0                          [stack:12620]
7f106bc6f000-7f106bc72000 ---p 00000000 00:00 0 
7f106bc72000-7f106bd70000 rw-p 00000000 00:00 0 
7f106bd70000-7f106beb9000 rw-s 00000000 00:04 440303695                  /SYSV00000000 (deleted)
7f106beff000-7f106bf02000 ---p 00000000 00:00 0 
7f106bf02000-7f106c000000 rw-p 00000000 00:00 0 
7f106c000000-7f106c021000 rw-p 00000000 00:00 0 
7f106c021000-7f1070000000 ---p 00000000 00:00 0 
7f1070000000-7f10701af000 rw-p 00000000 00:00 0 
7f10701af000-7f1074000000 ---p 00000000 00:00 0 
7f1074000000-7f1074021000 rw-p 00000000 00:00 0 
7f1074021000-7f1078000000 ---p 00000000 00:00 0 
7f1078000000-7f1078021000 rw-p 00000000 00:00 0 
7f1078021000-7f107c000000 ---p 00000000 00:00 0 
7f107c000000-7f107dfcd000 rw-p 00000000 00:00 0 
7f107dfcd000-7f1080000000 ---p 00000000 00:00 0 
7f1080000000-7f1080021000 rw-p 00000000 00:00 0 
7f1080021000-7f1084000000 ---p 00000000 00:00 0 
7f1084000000-7f1084021000 rw-p 00000000 00:00 0 
7f1084021000-7f1088000000 ---p 00000000 00:00 0 
7f1088000000-7f1088021000 rw-p 00000000 00:00 0 
7f1088021000-7f108c000000 ---p 00000000 00:00 0 
7f108c000000-7f108d5b9000 rw-p 00000000 00:00 0 
7f108d5b9000-7f1090000000 ---p 00000000 00:00 0 
7f1090000000-7f1090021000 rw-p 00000000 00:00 0 
7f1090021000-7f1094000000 ---p 00000000 00:00 0 
7f1094000000-7f1094021000 rw-p 00000000 00:00 0 
7f1094021000-7f1098000000 ---p 00000000 00:00 0 
7f1098000000-7f10997b7000 rw-p 00000000 00:00 0 
7f10997b7000-7f109c000000 ---p 00000000 00:00 0 
7f109c000000-7f109c021000 rw-p 00000000 00:00 0 
7f109c021000-7f10a0000000 ---p 00000000 00:00 0 
7f10a0000000-7f10a0021000 rw-p 00000000 00:00 0 
7f10a0021000-7f10a4000000 ---p 00000000 00:00 0 
7f10a4000000-7f10a4021000 rw-p 00000000 00:00 0 
7f10a4021000-7f10a8000000 ---p 00000000 00:00 0 
7f10a80e8000-7f10a80f8000 r-xp 00000000 08:01 4466495                    /usr/lib/jvm/java-7-openjdk-amd64/jre/lib/amd64/libnio.so
7f10a80f8000-7f10a82f8000 ---p 00010000 08:01 4466495                    /usr/lib/jvm/java-7-openjdk-amd64/jre/lib/amd64/libnio.so
7f10a82f8000-7f10a82f9000 r--p 00010000 08:01 4466495                    /usr/lib/jvm/java-7-openjdk-amd64/jre/lib/amd64/libnio.so
7f10a82f9000-7f10a82fa000 rw-p 00011000 08:01 4466495                    /usr/lib/jvm/java-7-openjdk-amd64/jre/lib/amd64/libnio.so
7f10a82fa000-7f10a8346000 r-xp 00000000 08:01 4466507                    /usr/lib/jvm/java-7-openjdk-amd64/jre/lib/amd64/libfontmanager.so
7f10a8346000-7f10a8545000 ---p 0004c000 08:01 4466507                    /usr/lib/jvm/java-7-openjdk-amd64/jre/lib/amd64/libfontmanager.so
7f10a8545000-7f10a8548000 r--p 0004b000 08:01 4466507                    /usr/lib/jvm/java-7-openjdk-amd64/jre/lib/amd64/libfontmanager.so
7f10a8548000-7f10a8549000 rw-p 0004e000 08:01 4466507                    /usr/lib/jvm/java-7-openjdk-amd64/jre/lib/amd64/libfontmanager.so
7f10a8549000-7f10a854c000 ---p 00000000 00:00 0 
7f10a854c000-7f10a864a000 rw-p 00000000 00:00 0                          [stack:12615]
7f10a864a000-7f10a864d000 ---p 00000000 00:00 0 
7f10a864d000-7f10a874b000 rw-p 00000000 00:00 0                          [stack:12614]
7f10a874b000-7f10a874e000 ---p 00000000 00:00 0 
7f10a874e000-7f10a884c000 rw-p 00000000 00:00 0                          [stack:12613]
7f10a884c000-7f10a884f000 ---p 00000000 00:00 0 
7f10a884f000-7f10a894d000 rw-p 00000000 00:00 0                          [stack:12612]
7f10a894d000-7f10a9abc000 r-xp 00000000 08:01 4463905                    /usr/lib/x86_64-linux-gnu/libicudata.so.48.1.1
7f10a9abc000-7f10a9cbb000 ---p 0116f000 08:01 4463905                    /usr/lib/x86_64-linux-gnu/libicudata.so.48.1.1
7f10a9cbb000-7f10a9cbc000 r--p 0116e000 08:01 4463905                    /usr/lib/x86_64-linux-gnu/libicudata.so.48.1.1
7f10a9cbc000-7f10a9cbd000 rw-p 0116f000 08:01 4463905                    /usr/lib/x86_64-linux-gnu/libicudata.so.48.1.1
7f10a9cbd000-7f10a9cc0000 r-xp 00000000 08:01 6033033                    /lib/x86_64-linux-gnu/libgpg-error.so.0.8.0
7f10a9cc0000-7f10a9ebf000 ---p 00003000 08:01 6033033                    /lib/x86_64-linux-gnu/libgpg-error.so.0.8.0
7f10a9ebf000-7f10a9ec0000 r--p 00002000 08:01 6033033                    /lib/x86_64-linux-gnu/libgpg-error.so.0.8.0
7f10a9ec0000-7f10a9ec1000 rw-p 00003000 08:01 6033033                    /lib/x86_64-linux-gnu/libgpg-error.so.0.8.0
7f10a9ec1000-7f10a9ec3000 r-xp 00000000 08:01 6033044                    /lib/x86_64-linux-gnu/libkeyutils.so.1.4
7f10a9ec3000-7f10aa0c3000 ---p 00002000 08:01 6033044                    /lib/x86_64-linux-gnu/libkeyutils.so.1.4
7f10aa0c3000-7f10aa0c4000 r--p 00002000 08:01 6033044                    /lib/x86_64-linux-gnu/libkeyutils.so.1.4
7f10aa0c4000-7f10aa0c5000 rw-p 00003000 08:01 6033044                    /lib/x86_64-linux-gnu/libkeyutils.so.1.4
7f10aa0c5000-7f10aa21b000 r-xp 00000000 08:01 4463919                    /usr/lib/x86_64-linux-gnu/libicuuc.so.48.1.1
7f10aa21b000-7f10aa41a000 ---p 00156000 08:01 4463919                    /usr/lib/x86_64-linux-gnu/libicuuc.so.48.1.1
7f10aa41a000-7f10aa42b000 r--p 00155000 08:01 4463919                    /usr/lib/x86_64-linux-gnu/libicuuc.so.48.1.1
7f10aa42b000-7f10aa42c000 rw-p 00166000 08:01 4463919                    /usr/lib/x86_64-linux-gnu/libicuuc.so.48.1.1
7f10aa42c000-7f10aa430000 rw-p 00000000 00:00 0 
7f10aa430000-7f10aa462000 r-xp 00000000 08:01 4463911                    /usr/lib/x86_64-linux-gnu/libicule.so.48.1.1
7f10aa462000-7f10aa662000 ---p 00032000 08:01 4463911                    /usr/lib/x86_64-linux-gnu/libicule.so.48.1.1
7f10aa662000-7f10aa664000 r--p 00032000 08:01 4463911                    /usr/lib/x86_64-linux-gnu/libicule.so.48.1.1
7f10aa664000-7f10aa665000 rw-p 00034000 08:01 4463911                    /usr/lib/x86_64-linux-gnu/libicule.so.48.1.1
7f10aa665000-7f10aa6a8000 r-xp 00000000 08:01 6029336                    /lib/x86_64-linux-gnu/libdbus-1.so.3.7.2
7f10aa6a8000-7f10aa8a7000 ---p 00043000 08:01 6029336                    /lib/x86_64-linux-gnu/libdbus-1.so.3.7.2
7f10aa8a7000-7f10aa8a8000 r--p 00042000 08:01 6029336                    /lib/x86_64-linux-gnu/libdbus-1.so.3.7.2
7f10aa8a8000-7f10aa8a9000 rw-p 00043000 08:01 6029336                    /lib/x86_64-linux-gnu/libdbus-1.so.3.7.2
7f10aa8a9000-7f10aa8bb000 r-xp 00000000 08:01 4464044                    /usr/lib/x86_64-linux-gnu/libp11-kit.so.0.0.0
7f10aa8bb000-7f10aaabb000 ---p 00012000 08:01 4464044                    /usr/lib/x86_64-linux-gnu/libp11-kit.so.0.0.0
7f10aaabb000-7f10aaabc000 r--p 00012000 08:01 4464044                    /usr/lib/x86_64-linux-gnu/libp11-kit.so.0.0.0
7f10aaabc000-7f10aaabd000 rw-p 00013000 08:01 4464044                    /usr/lib/x86_64-linux-gnu/libp11-kit.so.0.0.0
7f10aaabd000-7f10aaacc000 r-xp 00000000 08:01 4464202                    /usr/lib/x86_64-linux-gnu/libtasn1.so.3.2.0
7f10aaacc000-7f10aaccc000 ---p 0000f000 08:01 4464202                    /usr/lib/x86_64-linux-gnu/libtasn1.so.3.2.0
7f10aaccc000-7f10aaccd000 r--p 0000f000 08:01 4464202                    /usr/lib/x86_64-linux-gnu/libtasn1.so.3.2.0
7f10aaccd000-7f10aacce000 rw-p 00010000 08:01 4464202                    /usr/lib/x86_64-linux-gnu/libtasn1.so.3.2.0
7f10aacce000-7f10aad48000 r-xp 00000000 08:01 6031341                    /lib/x86_64-linux-gnu/libgcrypt.so.11.7.0
7f10aad48000-7f10aaf48000 ---p 0007a000 08:01 6031341                    /lib/x86_64-linux-gnu/libgcrypt.so.11.7.0
7f10aaf48000-7f10aaf49000 r--p 0007a000 08:01 6031341                    /lib/x86_64-linux-gnu/libgcrypt.so.11.7.0
7f10aaf49000-7f10aaf4c000 rw-p 0007b000 08:01 6031341                    /lib/x86_64-linux-gnu/libgcrypt.so.11.7.0
7f10aaf4c000-7f10aaf53000 r-xp 00000000 08:01 4463954                    /usr/lib/x86_64-linux-gnu/libkrb5support.so.0.1
7f10aaf53000-7f10ab152000 ---p 00007000 08:01 4463954                    /usr/lib/x86_64-linux-gnu/libkrb5support.so.0.1
7f10ab152000-7f10ab153000 r--p 00006000 08:01 4463954                    /usr/lib/x86_64-linux-gnu/libkrb5support.so.0.1
7f10ab153000-7f10ab154000 rw-p 00007000 08:01 4463954                    /usr/lib/x86_64-linux-gnu/libkrb5support.so.0.1
7f10ab154000-7f10ab157000 r-xp 00000000 08:01 6033009                    /lib/x86_64-linux-gnu/libcom_err.so.2.1
7f10ab157000-7f10ab356000 ---p 00003000 08:01 6033009                    /lib/x86_64-linux-gnu/libcom_err.so.2.1
7f10ab356000-7f10ab357000 r--p 00002000 08:01 6033009                    /lib/x86_64-linux-gnu/libcom_err.so.2.1
7f10ab357000-7f10ab358000 rw-p 00003000 08:01 6033009                    /lib/x86_64-linux-gnu/libcom_err.so.2.1
7f10ab358000-7f10ab37e000 r-xp 00000000 08:01 4463948                    /usr/lib/x86_64-linux-gnu/libk5crypto.so.3.1
7f10ab37e000-7f10ab57e000 ---p 00026000 08:01 4463948                    /usr/lib/x86_64-linux-gnu/libk5crypto.so.3.1
7f10ab57e000-7f10ab57f000 r--p 00026000 08:01 4463948                    /usr/lib/x86_64-linux-gnu/libk5crypto.so.3.1
7f10ab57f000-7f10ab580000 rw-p 00027000 08:01 4463948                    /usr/lib/x86_64-linux-gnu/libk5crypto.so.3.1
7f10ab580000-7f10ab581000 rw-p 00000000 00:00 0 
7f10ab581000-7f10ab645000 r-xp 00000000 08:01 4463952                    /usr/lib/x86_64-linux-gnu/libkrb5.so.3.3
7f10ab645000-7f10ab844000 ---p 000c4000 08:01 4463952                    /usr/lib/x86_64-linux-gnu/libkrb5.so.3.3
7f10ab844000-7f10ab84e000 r--p 000c3000 08:01 4463952                    /usr/lib/x86_64-linux-gnu/libkrb5.so.3.3
7f10ab84e000-7f10ab84f000 rw-p 000cd000 08:01 4463952                    /usr/lib/x86_64-linux-gnu/libkrb5.so.3.3
7f10ab84f000-7f10ab8e4000 r-xp 00000000 08:01 4463889                    /usr/lib/x86_64-linux-gnu/libharfbuzz.so.0.913.0
7f10ab8e4000-7f10abae3000 ---p 00095000 08:01 4463889                    /usr/lib/x86_64-linux-gnu/libharfbuzz.so.0.913.0
7f10abae3000-7f10abae5000 r--p 00094000 08:01 4463889                    /usr/lib/x86_64-linux-gnu/libharfbuzz.so.0.913.0
7f10abae5000-7f10abae6000 rw-p 00096000 08:01 4463889                    /usr/lib/x86_64-linux-gnu/libharfbuzz.so.0.913.0
7f10abae6000-7f10abaee000 r-xp 00000000 08:01 4463414                    /usr/lib/x86_64-linux-gnu/libxcb-render.so.0.0.0
7f10abaee000-7f10abcee000 ---p 00008000 08:01 4463414                    /usr/lib/x86_64-linux-gnu/libxcb-render.so.0.0.0
7f10abcee000-7f10abcef000 r--p 00008000 08:01 4463414                    /usr/lib/x86_64-linux-gnu/libxcb-render.so.0.0.0
7f10abcef000-7f10abcf0000 rw-p 00009000 08:01 4463414                    /usr/lib/x86_64-linux-gnu/libxcb-render.so.0.0.0
7f10abcf0000-7f10b0000000 rw-p 00000000 00:00 0 
7f10b0000000-7f10b0021000 rw-p 00000000 00:00 0 
7f10b0021000-7f10b4000000 ---p 00000000 00:00 0 
7f10b40b0000-7f10b40b2000 r-xp 00000000 08:01 4464126                    /usr/lib/x86_64-linux-gnu/libxcb-shm.so.0.0.0
7f10b40b2000-7f10b42b1000 ---p 00002000 08:01 4464126                    /usr/lib/x86_64-linux-gnu/libxcb-shm.so.0.0.0
7f10b42b1000-7f10b42b2000 r--p 00001000 08:01 4464126                    /usr/lib/x86_64-linux-gnu/libxcb-shm.so.0.0.0
7f10b42b2000-7f10b42b3000 rw-p 00002000 08:01 4464126                    /usr/lib/x86_64-linux-gnu/libxcb-shm.so.0.0.0
7f10b42b3000-7f10b42d8000 r-xp 00000000 08:01 6033109                    /lib/x86_64-linux-gnu/libpng12.so.0.49.0
7f10b42d8000-7f10b44d7000 ---p 00025000 08:01 6033109                    /lib/x86_64-linux-gnu/libpng12.so.0.49.0
7f10b44d7000-7f10b44d8000 r--p 00024000 08:01 6033109                    /lib/x86_64-linux-gnu/libpng12.so.0.49.0
7f10b44d8000-7f10b44d9000 rw-p 00025000 08:01 6033109                    /lib/x86_64-linux-gnu/libpng12.so.0.49.0
7f10b44d9000-7f10b4569000 r-xp 00000000 08:01 4464074                    /usr/lib/x86_64-linux-gnu/libpixman-1.so.0.28.2
7f10b4569000-7f10b4768000 ---p 00090000 08:01 4464074                    /usr/lib/x86_64-linux-gnu/libpixman-1.so.0.28.2
7f10b4768000-7f10b476f000 r--p 0008f000 08:01 4464074                    /usr/lib/x86_64-linux-gnu/libpixman-1.so.0.28.2
7f10b476f000-7f10b4770000 rw-p 00096000 08:01 4464074                    /usr/lib/x86_64-linux-gnu/libpixman-1.so.0.28.2
7f10b4770000-7f10b4775000 r-xp 00000000 08:01 4463438                    /usr/lib/x86_64-linux-gnu/libXdmcp.so.6.0.0
7f10b4775000-7f10b4974000 ---p 00005000 08:01 4463438                    /usr/lib/x86_64-linux-gnu/libXdmcp.so.6.0.0
7f10b4974000-7f10b4975000 r--p 00004000 08:01 4463438                    /usr/lib/x86_64-linux-gnu/libXdmcp.so.6.0.0
7f10b4975000-7f10b4976000 rw-p 00005000 08:01 4463438                    /usr/lib/x86_64-linux-gnu/libXdmcp.so.6.0.0
7f10b4976000-7f10b4978000 r-xp 00000000 08:01 4463427                    /usr/lib/x86_64-linux-gnu/libXau.so.6.0.0
7f10b4978000-7f10b4b78000 ---p 00002000 08:01 4463427                    /usr/lib/x86_64-linux-gnu/libXau.so.6.0.0
7f10b4b78000-7f10b4b79000 r--p 00002000 08:01 4463427                    /usr/lib/x86_64-linux-gnu/libXau.so.6.0.0
7f10b4b79000-7f10b4b7a000 rw-p 00003000 08:01 4463427                    /usr/lib/x86_64-linux-gnu/libXau.so.6.0.0
7f10b4b7a000-7f10b4b89000 r-xp 00000000 08:01 4463513                    /usr/lib/x86_64-linux-gnu/libavahi-client.so.3.2.9
7f10b4b89000-7f10b4d89000 ---p 0000f000 08:01 4463513                    /usr/lib/x86_64-linux-gnu/libavahi-client.so.3.2.9
7f10b4d89000-7f10b4d8a000 r--p 0000f000 08:01 4463513                    /usr/lib/x86_64-linux-gnu/libavahi-client.so.3.2.9
7f10b4d8a000-7f10b4d8b000 rw-p 00010000 08:01 4463513                    /usr/lib/x86_64-linux-gnu/libavahi-client.so.3.2.9
7f10b4d8b000-7f10b4d96000 r-xp 00000000 08:01 4463515                    /usr/lib/x86_64-linux-gnu/libavahi-common.so.3.5.3
7f10b4d96000-7f10b4f95000 ---p 0000b000 08:01 4463515                    /usr/lib/x86_64-linux-gnu/libavahi-common.so.3.5.3
7f10b4f95000-7f10b4f96000 r--p 0000a000 08:01 4463515                    /usr/lib/x86_64-linux-gnu/libavahi-common.so.3.5.3
7f10b4f96000-7f10b4f97000 rw-p 0000b000 08:01 4463515                    /usr/lib/x86_64-linux-gnu/libavahi-common.so.3.5.3
7f10b4f97000-7f10b504c000 r-xp 00000000 08:01 4463233                    /usr/lib/x86_64-linux-gnu/libgnutls.so.26.22.6
7f10b504c000-7f10b524b000 ---p 000b5000 08:01 4463233                    /usr/lib/x86_64-linux-gnu/libgnutls.so.26.22.6
7f10b524b000-7f10b5251000 r--p 000b4000 08:01 4463233                    /usr/lib/x86_64-linux-gnu/libgnutls.so.26.22.6
7f10b5251000-7f10b5252000 rw-p 000ba000 08:01 4463233                    /usr/lib/x86_64-linux-gnu/libgnutls.so.26.22.6
7f10b5252000-7f10b5253000 rw-p 00000000 00:00 0 
7f10b5253000-7f10b528e000 r-xp 00000000 08:01 4463791                    /usr/lib/x86_64-linux-gnu/libgssapi_krb5.so.2.2
7f10b528e000-7f10b548e000 ---p 0003b000 08:01 4463791                    /usr/lib/x86_64-linux-gnu/libgssapi_krb5.so.2.2
7f10b548e000-7f10b548f000 r--p 0003b000 08:01 4463791                    /usr/lib/x86_64-linux-gnu/libgssapi_krb5.so.2.2
7f10b548f000-7f10b5491000 rw-p 0003c000 08:01 4463791                    /usr/lib/x86_64-linux-gnu/libgssapi_krb5.so.2.2
7f10b5491000-7f10b54b7000 r-xp 00000000 08:01 6033022                    /lib/x86_64-linux-gnu/libexpat.so.1.6.0
7f10b54b7000-7f10b56b7000 ---p 00026000 08:01 6033022                    /lib/x86_64-linux-gnu/libexpat.so.1.6.0
7f10b56b7000-7f10b56b9000 r--p 00026000 08:01 6033022                    /lib/x86_64-linux-gnu/libexpat.so.1.6.0
7f10b56b9000-7f10b56ba000 rw-p 00028000 08:01 6033022                    /lib/x86_64-linux-gnu/libexpat.so.1.6.0
7f10b56ba000-7f10b5751000 r-xp 00000000 08:01 4463701                    /usr/lib/x86_64-linux-gnu/libfreetype.so.6.10.0
7f10b5751000-7f10b5950000 ---p 00097000 08:01 4463701                    /usr/lib/x86_64-linux-gnu/libfreetype.so.6.10.0
7f10b5950000-7f10b5956000 r--p 00096000 08:01 4463701                    /usr/lib/x86_64-linux-gnu/libfreetype.so.6.10.0
7f10b5956000-7f10b5957000 rw-p 0009c000 08:01 4463701                    /usr/lib/x86_64-linux-gnu/libfreetype.so.6.10.0
7f10b5957000-7f10b5959000 r-xp 00000000 08:01 4463436                    /usr/lib/x86_64-linux-gnu/libXdamage.so.1.1.0
7f10b5959000-7f10b5b58000 ---p 00002000 08:01 4463436                    /usr/lib/x86_64-linux-gnu/libXdamage.so.1.1.0
7f10b5b58000-7f10b5b59000 r--p 00001000 08:01 4463436                    /usr/lib/x86_64-linux-gnu/libXdamage.so.1.1.0
7f10b5b59000-7f10b5b5a000 rw-p 00002000 08:01 4463436                    /usr/lib/x86_64-linux-gnu/libXdamage.so.1.1.0
7f10b5b5a000-7f10b5b5c000 r-xp 00000000 08:01 4463432                    /usr/lib/x86_64-linux-gnu/libXcomposite.so.1.0.0
7f10b5b5c000-7f10b5d5b000 ---p 00002000 08:01 4463432                    /usr/lib/x86_64-linux-gnu/libXcomposite.so.1.0.0
7f10b5d5b000-7f10b5d5c000 r--p 00001000 08:01 4463432                    /usr/lib/x86_64-linux-gnu/libXcomposite.so.1.0.0
7f10b5d5c000-7f10b5d5d000 rw-p 00002000 08:01 4463432                    /usr/lib/x86_64-linux-gnu/libXcomposite.so.1.0.0
7f10b5d5d000-7f10b5d66000 r-xp 00000000 08:01 4464222                    /usr/lib/x86_64-linux-gnu/libXcursor.so.1.0.2
7f10b5d66000-7f10b5f66000 ---p 00009000 08:01 4464222                    /usr/lib/x86_64-linux-gnu/libXcursor.so.1.0.2
7f10b5f66000-7f10b5f67000 r--p 00009000 08:01 4464222                    /usr/lib/x86_64-linux-gnu/libXcursor.so.1.0.2
7f10b5f67000-7f10b5f68000 rw-p 0000a000 08:01 4464222                    /usr/lib/x86_64-linux-gnu/libXcursor.so.1.0.2
7f10b5f68000-7f10b5f71000 r-xp 00000000 08:01 4463453                    /usr/lib/x86_64-linux-gnu/libXrandr.so.2.2.0
7f10b5f71000-7f10b6170000 ---p 00009000 08:01 4463453                    /usr/lib/x86_64-linux-gnu/libXrandr.so.2.2.0
7f10b6170000-7f10b6171000 r--p 00008000 08:01 4463453                    /usr/lib/x86_64-linux-gnu/libXrandr.so.2.2.0
7f10b6171000-7f10b6172000 rw-p 00009000 08:01 4463453                    /usr/lib/x86_64-linux-gnu/libXrandr.so.2.2.0
7f10b6172000-7f10b6174000 r-xp 00000000 08:01 4463765                    /usr/lib/x86_64-linux-gnu/libXinerama.so.1.0.0
7f10b6174000-7f10b6373000 ---p 00002000 08:01 4463765                    /usr/lib/x86_64-linux-gnu/libXinerama.so.1.0.0
7f10b6373000-7f10b6374000 r--p 00001000 08:01 4463765                    /usr/lib/x86_64-linux-gnu/libXinerama.so.1.0.0
7f10b6374000-7f10b6375000 rw-p 00002000 08:01 4463765                    /usr/lib/x86_64-linux-gnu/libXinerama.so.1.0.0
7f10b6375000-7f10b6388000 r-xp 00000000 08:01 4464056                    /usr/lib/x86_64-linux-gnu/libpangoft2-1.0.so.0.3200.5
7f10b6388000-7f10b6587000 ---p 00013000 08:01 4464056                    /usr/lib/x86_64-linux-gnu/libpangoft2-1.0.so.0.3200.5
7f10b6587000-7f10b6588000 r--p 00012000 08:01 4464056                    /usr/lib/x86_64-linux-gnu/libpangoft2-1.0.so.0.3200.5
7f10b6588000-7f10b6589000 rw-p 00013000 08:01 4464056                    /usr/lib/x86_64-linux-gnu/libpangoft2-1.0.so.0.3200.5
7f10b6589000-7f10b6687000 r-xp 00000000 08:01 4463539                    /usr/lib/x86_64-linux-gnu/libcairo.so.2.11200.14
7f10b6687000-7f10b6887000 ---p 000fe000 08:01 4463539                    /usr/lib/x86_64-linux-gnu/libcairo.so.2.11200.14
7f10b6887000-7f10b688a000 r--p 000fe000 08:01 4463539                    /usr/lib/x86_64-linux-gnu/libcairo.so.2.11200.14
7f10b688a000-7f10b688b000 rw-p 00101000 08:01 4463539                    /usr/lib/x86_64-linux-gnu/libcairo.so.2.11200.14
7f10b688b000-7f10b688d000 rw-p 00000000 00:00 0 
7f10b688d000-7f10b68ad000 r-xp 00000000 08:01 4463503                    /usr/lib/x86_64-linux-gnu/libatk-1.0.so.0.20809.1
7f10b68ad000-7f10b6aac000 ---p 00020000 08:01 4463503                    /usr/lib/x86_64-linux-gnu/libatk-1.0.so.0.20809.1
7f10b6aac000-7f10b6aae000 r--p 0001f000 08:01 4463503                    /usr/lib/x86_64-linux-gnu/libatk-1.0.so.0.20809.1
7f10b6aae000-7f10b6aaf000 rw-p 00021000 08:01 4463503                    /usr/lib/x86_64-linux-gnu/libatk-1.0.so.0.20809.1
7f10b6aaf000-7f10b6ab4000 r-xp 00000000 08:01 4463594                    /usr/lib/x86_64-linux-gnu/libXfixes.so.3.1.0
7f10b6ab4000-7f10b6cb3000 ---p 00005000 08:01 4463594                    /usr/lib/x86_64-linux-gnu/libXfixes.so.3.1.0
7f10b6cb3000-7f10b6cb4000 r--p 00004000 08:01 4463594                    /usr/lib/x86_64-linux-gnu/libXfixes.so.3.1.0
7f10b6cb4000-7f10b6cb5000 rw-p 00005000 08:01 4463594                    /usr/lib/x86_64-linux-gnu/libXfixes.so.3.1.0
7f10b6cb5000-7f10b6cc0000 r-xp 00000000 08:01 4464054                    /usr/lib/x86_64-linux-gnu/libpangocairo-1.0.so.0.3200.5
7f10b6cc0000-7f10b6ec0000 ---p 0000b000 08:01 4464054                    /usr/lib/x86_64-linux-gnu/libpangocairo-1.0.so.0.3200.5
7f10b6ec0000-7f10b6ec1000 r--p 0000b000 08:01 4464054                    /usr/lib/x86_64-linux-gnu/libpangocairo-1.0.so.0.3200.5
7f10b6ec1000-7f10b6ec2000 rw-p 0000c000 08:01 4464054                    /usr/lib/x86_64-linux-gnu/libpangocairo-1.0.so.0.3200.5
7f10b6ec2000-7f10b6edf000 r-xp 00000000 08:01 4463244                    /usr/lib/x86_64-linux-gnu/libxcb.so.1.1.0
7f10b6edf000-7f10b70de000 ---p 0001d000 08:01 4463244                    /usr/lib/x86_64-linux-gnu/libxcb.so.1.1.0
7f10b70de000-7f10b70df000 r--p 0001c000 08:01 4463244                    /usr/lib/x86_64-linux-gnu/libxcb.so.1.1.0
7f10b70df000-7f10b70e0000 rw-p 0001d000 08:01 4463244                    /usr/lib/x86_64-linux-gnu/libxcb.so.1.1.0
7f10b70e0000-7f10b713a000 r-xp 00000000 08:01 4463592                    /usr/lib/x86_64-linux-gnu/libcups.so.2
7f10b713a000-7f10b733a000 ---p 0005a000 08:01 4463592                    /usr/lib/x86_64-linux-gnu/libcups.so.2
7f10b733a000-7f10b733f000 r--p 0005a000 08:01 4463592                    /usr/lib/x86_64-linux-gnu/libcups.so.2
7f10b733f000-7f10b7340000 rw-p 0005f000 08:01 4463592                    /usr/lib/x86_64-linux-gnu/libcups.so.2
7f10b7340000-7f10b7341000 r-xp 00000000 08:01 4463869                    /usr/lib/x86_64-linux-gnu/libgthread-2.0.so.0.3600.0
7f10b7341000-7f10b7540000 ---p 00001000 08:01 4463869                    /usr/lib/x86_64-linux-gnu/libgthread-2.0.so.0.3600.0
7f10b7540000-7f10b7541000 r--p 00000000 08:01 4463869                    /usr/lib/x86_64-linux-gnu/libgthread-2.0.so.0.3600.0
7f10b7541000-7f10b7542000 rw-p 00001000 08:01 4463869                    /usr/lib/x86_64-linux-gnu/libgthread-2.0.so.0.3600.0
7f10b7542000-7f10b7579000 r-xp 00000000 08:01 4463673                    /usr/lib/x86_64-linux-gnu/libfontconfig.so.1.6.2
7f10b7579000-7f10b7779000 ---p 00037000 08:01 4463673                    /usr/lib/x86_64-linux-gnu/libfontconfig.so.1.6.2
7f10b7779000-7f10b777a000 r--p 00037000 08:01 4463673                    /usr/lib/x86_64-linux-gnu/libfontconfig.so.1.6.2
7f10b777a000-7f10b777b000 rw-p 00038000 08:01 4463673                    /usr/lib/x86_64-linux-gnu/libfontconfig.so.1.6.2
7f10b777b000-7f10b777c000 rw-p 00000000 00:00 0 
7f10b777c000-7f10b77c4000 r-xp 00000000 08:01 4464052                    /usr/lib/x86_64-linux-gnu/libpango-1.0.so.0.3200.5
7f10b77c4000-7f10b79c4000 ---p 00048000 08:01 4464052                    /usr/lib/x86_64-linux-gnu/libpango-1.0.so.0.3200.5
7f10b79c4000-7f10b79c6000 r--p 00048000 08:01 4464052                    /usr/lib/x86_64-linux-gnu/libpango-1.0.so.0.3200.5
7f10b79c6000-7f10b79c7000 rw-p 0004a000 08:01 4464052                    /usr/lib/x86_64-linux-gnu/libpango-1.0.so.0.3200.5
7f10b79c7000-7f10b7df4000 r-xp 00000000 08:01 4463873                    /usr/lib/x86_64-linux-gnu/libgtk-x11-2.0.so.0.2400.17
7f10b7df4000-7f10b7ff3000 ---p 0042d000 08:01 4463873                    /usr/lib/x86_64-linux-gnu/libgtk-x11-2.0.so.0.2400.17
7f10b7ff3000-7f10b7ffa000 r--p 0042c000 08:01 4463873                    /usr/lib/x86_64-linux-gnu/libgtk-x11-2.0.so.0.2400.17
7f10b7ffa000-7f10b7ffe000 rw-p 00433000 08:01 4463873                    /usr/lib/x86_64-linux-gnu/libgtk-x11-2.0.so.0.2400.17
7f10b7ffe000-7f10b8000000 rw-p 00000000 00:00 0 
7f10b8000000-7f10b8021000 rw-p 00000000 00:00 0 
7f10b8021000-7f10bc000000 ---p 00000000 00:00 0 
7f10bc0bb000-7f10bc0d9000 r-xp 00000000 08:01 4463732                    /usr/lib/x86_64-linux-gnu/libgdk_pixbuf-2.0.so.0.2800.0
7f10bc0d9000-7f10bc2d9000 ---p 0001e000 08:01 4463732                    /usr/lib/x86_64-linux-gnu/libgdk_pixbuf-2.0.so.0.2800.0
7f10bc2d9000-7f10bc2da000 r--p 0001e000 08:01 4463732                    /usr/lib/x86_64-linux-gnu/libgdk_pixbuf-2.0.so.0.2800.0
7f10bc2da000-7f10bc2db000 rw-p 0001f000 08:01 4463732                    /usr/lib/x86_64-linux-gnu/libgdk_pixbuf-2.0.so.0.2800.0
7f10bc2db000-7f10bc388000 r-xp 00000000 08:01 4463730                    /usr/lib/x86_64-linux-gnu/libgdk-x11-2.0.so.0.2400.17
7f10bc388000-7f10bc587000 ---p 000ad000 08:01 4463730                    /usr/lib/x86_64-linux-gnu/libgdk-x11-2.0.so.0.2400.17
7f10bc587000-7f10bc58b000 r--p 000ac000 08:01 4463730                    /usr/lib/x86_64-linux-gnu/libgdk-x11-2.0.so.0.2400.17
7f10bc58b000-7f10bc58d000 rw-p 000b0000 08:01 4463730                    /usr/lib/x86_64-linux-gnu/libgdk-x11-2.0.so.0.2400.17
7f10bc58d000-7f10bc59b000 r-xp 00000000 08:01 4463255                    /usr/lib/x86_64-linux-gnu/libXi.so.6.1.0
7f10bc59b000-7f10bc79b000 ---p 0000e000 08:01 4463255                    /usr/lib/x86_64-linux-gnu/libXi.so.6.1.0
7f10bc79b000-7f10bc79c000 r--p 0000e000 08:01 4463255                    /usr/lib/x86_64-linux-gnu/libXi.so.6.1.0
7f10bc79c000-7f10bc79d000 rw-p 0000f000 08:01 4463255                    /usr/lib/x86_64-linux-gnu/libXi.so.6.1.0
7f10bc79d000-7f10bc7a2000 r-xp 00000000 08:01 4463461                    /usr/lib/x86_64-linux-gnu/libXtst.so.6.1.0
7f10bc7a2000-7f10bc9a1000 ---p 00005000 08:01 4463461                    /usr/lib/x86_64-linux-gnu/libXtst.so.6.1.0
7f10bc9a1000-7f10bc9a2000 r--p 00004000 08:01 4463461                    /usr/lib/x86_64-linux-gnu/libXtst.so.6.1.0
7f10bc9a2000-7f10bc9a3000 rw-p 00005000 08:01 4463461                    /usr/lib/x86_64-linux-gnu/libXtst.so.6.1.0
7f10bc9a3000-7f10bc9ac000 r-xp 00000000 08:01 4463395                    /usr/lib/x86_64-linux-gnu/libXrender.so.1.3.0
7f10bc9ac000-7f10bcbab000 ---p 00009000 08:01 4463395                    /usr/lib/x86_64-linux-gnu/libXrender.so.1.3.0
7f10bcbab000-7f10bcbac000 r--p 00008000 08:01 4463395                    /usr/lib/x86_64-linux-gnu/libXrender.so.1.3.0
7f10bcbac000-7f10bcbad000 rw-p 00009000 08:01 4463395                    /usr/lib/x86_64-linux-gnu/libXrender.so.1.3.0
7f10bcbad000-7f10bcce1000 r-xp 00000000 08:01 4463247                    /usr/lib/x86_64-linux-gnu/libX11.so.6.3.0
7f10bcce1000-7f10bcee1000 ---p 00134000 08:01 4463247                    /usr/lib/x86_64-linux-gnu/libX11.so.6.3.0
7f10bcee1000-7f10bcee2000 r--p 00134000 08:01 4463247                    /usr/lib/x86_64-linux-gnu/libX11.so.6.3.0
7f10bcee2000-7f10bcee7000 rw-p 00135000 08:01 4463247                    /usr/lib/x86_64-linux-gnu/libX11.so.6.3.0
7f10bcee7000-7f10bcef8000 r-xp 00000000 08:01 4463249                    /usr/lib/x86_64-linux-gnu/libXext.so.6.4.0
7f10bcef8000-7f10bd0f7000 ---p 00011000 08:01 4463249                    /usr/lib/x86_64-linux-gnu/libXext.so.6.4.0
7f10bd0f7000-7f10bd0f8000 r--p 00010000 08:01 4463249                    /usr/lib/x86_64-linux-gnu/libXext.so.6.4.0
7f10bd0f8000-7f10bd0f9000 rw-p 00011000 08:01 4463249                    /usr/lib/x86_64-linux-gnu/libXext.so.6.4.0
7f10bd0f9000-7f10bd14c000 r-xp 00000000 08:01 4467641                    /usr/lib/jvm/java-7-openjdk-amd64/jre/lib/amd64/xawt/libmawt.so
7f10bd14c000-7f10bd34b000 ---p 00053000 08:01 4467641                    /usr/lib/jvm/java-7-openjdk-amd64/jre/lib/amd64/xawt/libmawt.so
7f10bd34b000-7f10bd34c000 r--p 00052000 08:01 4467641                    /usr/lib/jvm/java-7-openjdk-amd64/jre/lib/amd64/xawt/libmawt.so
7f10bd34c000-7f10bd34f000 rw-p 00053000 08:01 4467641                    /usr/lib/jvm/java-7-openjdk-amd64/jre/lib/amd64/xawt/libmawt.so
7f10bd34f000-7f10bd350000 rw-p 00000000 00:00 0 
7f10bd350000-7f10bd3f1000 r-xp 00000000 08:01 4466511                    /usr/lib/jvm/java-7-openjdk-amd64/jre/lib/amd64/libawt.so
7f10bd3f1000-7f10bd5f1000 ---p 000a1000 08:01 4466511                    /usr/lib/jvm/java-7-openjdk-amd64/jre/lib/amd64/libawt.so
7f10bd5f1000-7f10bd5f2000 r--p 000a1000 08:01 4466511                    /usr/lib/jvm/java-7-openjdk-amd64/jre/lib/amd64/libawt.so
7f10bd5f2000-7f10bd5fd000 rw-p 000a2000 08:01 4466511                    /usr/lib/jvm/java-7-openjdk-amd64/jre/lib/amd64/libawt.so
7f10bd5fd000-7f10bd622000 rw-p 00000000 00:00 0 
7f10bd622000-7f10bd625000 ---p 00000000 00:00 0 
7f10bd625000-7f10bd723000 rw-p 00000000 00:00 0                          [stack:12611]
7f10bd723000-7f10bd760000 r-xp 00000000 08:01 6033097                    /lib/x86_64-linux-gnu/libpcre.so.3.13.1
7f10bd760000-7f10bd960000 ---p 0003d000 08:01 6033097                    /lib/x86_64-linux-gnu/libpcre.so.3.13.1
7f10bd960000-7f10bd961000 r--p 0003d000 08:01 6033097                    /lib/x86_64-linux-gnu/libpcre.so.3.13.1
7f10bd961000-7f10bd962000 rw-p 0003e000 08:01 6033097                    /lib/x86_64-linux-gnu/libpcre.so.3.13.1
7f10bd962000-7f10bd969000 r-xp 00000000 08:01 4463665                    /usr/lib/x86_64-linux-gnu/libffi.so.6.0.1
7f10bd969000-7f10bdb68000 ---p 00007000 08:01 4463665                    /usr/lib/x86_64-linux-gnu/libffi.so.6.0.1
7f10bdb68000-7f10bdb69000 r--p 00006000 08:01 4463665                    /usr/lib/x86_64-linux-gnu/libffi.so.6.0.1
7f10bdb69000-7f10bdb6a000 rw-p 00007000 08:01 4463665                    /usr/lib/x86_64-linux-gnu/libffi.so.6.0.1
7f10bdb6a000-7f10bdb80000 r-xp 00000000 08:01 6033120                    /lib/x86_64-linux-gnu/libresolv-2.17.so
7f10bdb80000-7f10bdd80000 ---p 00016000 08:01 6033120                    /lib/x86_64-linux-gnu/libresolv-2.17.so
7f10bdd80000-7f10bdd81000 r--p 00016000 08:01 6033120                    /lib/x86_64-linux-gnu/libresolv-2.17.so
7f10bdd81000-7f10bdd82000 rw-p 00017000 08:01 6033120                    /lib/x86_64-linux-gnu/libresolv-2.17.so
7f10bdd82000-7f10bdd84000 rw-p 00000000 00:00 0 
7f10bdd84000-7f10bdda1000 r-xp 00000000 08:01 6033124                    /lib/x86_64-linux-gnu/libselinux.so.1
7f10bdda1000-7f10bdfa0000 ---p 0001d000 08:01 6033124                    /lib/x86_64-linux-gnu/libselinux.so.1
7f10bdfa0000-7f10bdfa1000 r--p 0001c000 08:01 6033124                    /lib/x86_64-linux-gnu/libselinux.so.1
7f10bdfa1000-7f10bdfa2000 rw-p 0001d000 08:01 6033124                    /lib/x86_64-linux-gnu/libselinux.so.1
7f10bdfa2000-7f10bdfa3000 rw-p 00000000 00:00 0 
7f10bdfa3000-7f10bdfa6000 r-xp 00000000 08:01 4463758                    /usr/lib/x86_64-linux-gnu/libgmodule-2.0.so.0.3600.0
7f10bdfa6000-7f10be1a5000 ---p 00003000 08:01 4463758                    /usr/lib/x86_64-linux-gnu/libgmodule-2.0.so.0.3600.0
7f10be1a5000-7f10be1a6000 r--p 00002000 08:01 4463758                    /usr/lib/x86_64-linux-gnu/libgmodule-2.0.so.0.3600.0
7f10be1a6000-7f10be1a7000 rw-p 00003000 08:01 4463758                    /usr/lib/x86_64-linux-gnu/libgmodule-2.0.so.0.3600.0
7f10be1a7000-7f10be2a0000 r-xp 00000000 08:01 6033031                    /lib/x86_64-linux-gnu/libglib-2.0.so.0.3600.0
7f10be2a0000-7f10be4a0000 ---p 000f9000 08:01 6033031                    /lib/x86_64-linux-gnu/libglib-2.0.so.0.3600.0
7f10be4a0000-7f10be4a1000 r--p 000f9000 08:01 6033031                    /lib/x86_64-linux-gnu/libglib-2.0.so.0.3600.0
7f10be4a1000-7f10be4a2000 rw-p 000fa000 08:01 6033031                    /lib/x86_64-linux-gnu/libglib-2.0.so.0.3600.0
7f10be4a2000-7f10be4a3000 rw-p 00000000 00:00 0 
7f10be4a3000-7f10be5f6000 r-xp 00000000 08:01 4463748                    /usr/lib/x86_64-linux-gnu/libgio-2.0.so.0.3600.0
7f10be5f6000-7f10be7f5000 ---p 00153000 08:01 4463748                    /usr/lib/x86_64-linux-gnu/libgio-2.0.so.0.3600.0
7f10be7f5000-7f10be7f9000 r--p 00152000 08:01 4463748                    /usr/lib/x86_64-linux-gnu/libgio-2.0.so.0.3600.0
7f10be7f9000-7f10be7fb000 rw-p 00156000 08:01 4463748                    /usr/lib/x86_64-linux-gnu/libgio-2.0.so.0.3600.0
7f10be7fb000-7f10be7fd000 rw-p 00000000 00:00 0 
7f10be7fd000-7f10be800000 ---p 00000000 00:00 0 
7f10be800000-7f10beffe000 rw-p 00000000 00:00 0                          [stack:12585]
7f10beffe000-7f10befff000 ---p 00000000 00:00 0 
7f10befff000-7f10bf7ff000 rw-p 00000000 00:00 0                          [stack:12584]
7f10bf7ff000-7f10bf800000 ---p 00000000 00:00 0 
7f10bf800000-7f10c0000000 rw-p 00000000 00:00 0                          [stack:12583]
7f10c0000000-7f10c0021000 rw-p 00000000 00:00 0 
7f10c0021000-7f10c4000000 ---p 00000000 00:00 0 
7f10c4000000-7f10c4021000 rw-p 00000000 00:00 0 
7f10c4021000-7f10c8000000 ---p 00000000 00:00 0 
7f10c8000000-7f10c8021000 rw-p 00000000 00:00 0 
7f10c8021000-7f10cc000000 ---p 00000000 00:00 0 
7f10cc0e5000-7f10cc132000 r-xp 00000000 08:01 4463774                    /usr/lib/x86_64-linux-gnu/libgobject-2.0.so.0.3600.0
7f10cc132000-7f10cc332000 ---p 0004d000 08:01 4463774                    /usr/lib/x86_64-linux-gnu/libgobject-2.0.so.0.3600.0
7f10cc332000-7f10cc333000 r--p 0004d000 08:01 4463774                    /usr/lib/x86_64-linux-gnu/libgobject-2.0.so.0.3600.0
7f10cc333000-7f10cc334000 rw-p 0004e000 08:01 4463774                    /usr/lib/x86_64-linux-gnu/libgobject-2.0.so.0.3600.0
7f10cc34c000-7f10cc362000 r-xp 00000000 08:01 4466499                    /usr/lib/jvm/java-7-openjdk-amd64/jre/lib/amd64/libnet.so
7f10cc362000-7f10cc561000 ---p 00016000 08:01 4466499                    /usr/lib/jvm/java-7-openjdk-amd64/jre/lib/amd64/libnet.so
7f10cc561000-7f10cc562000 r--p 00015000 08:01 4466499                    /usr/lib/jvm/java-7-openjdk-amd64/jre/lib/amd64/libnet.so
7f10cc562000-7f10cc563000 rw-p 00016000 08:01 4466499                    /usr/lib/jvm/java-7-openjdk-amd64/jre/lib/amd64/libnet.so
7f10cc563000-7f10cc567000 r--s 00035000 08:01 17957274                   /home/shiwali/InstructoSoarII/probcog2/java/probcog.jar
7f10cc567000-7f10cc579000 r--s 00294000 08:01 16910059                   /home/shiwali/InstructoSoarII/april/java/april.jar
7f10cc579000-7f10cc58c000 r--s 00211000 08:01 17171916                   /home/shiwali/soar/SoarSuite/out/java/swt.jar
7f10cc58c000-7f10cc5ce000 rw-p 00000000 00:00 0 
7f10cc5ce000-7f10cce3b000 r-xp 00000000 08:01 17042183                   /home/shiwali/soar/SoarSuite/out/libSoar.so
7f10cce3b000-7f10cd03a000 ---p 0086d000 08:01 17042183                   /home/shiwali/soar/SoarSuite/out/libSoar.so
7f10cd03a000-7f10cd04b000 r--p 0086c000 08:01 17042183                   /home/shiwali/soar/SoarSuite/out/libSoar.so
7f10cd04b000-7f10cd062000 rw-p 0087d000 08:01 17042183                   /home/shiwali/soar/SoarSuite/out/libSoar.so
7f10cd062000-7f10cd066000 rw-p 00000000 00:00 0 
7f10cd066000-7f10cd0bf000 r-xp 00000000 08:01 17042226                   /home/shiwali/soar/SoarSuite/out/libJava_sml_ClientInterface.so
7f10cd0bf000-7f10cd2bf000 ---p 00059000 08:01 17042226                   /home/shiwali/soar/SoarSuite/out/libJava_sml_ClientInterface.so
7f10cd2bf000-7f10cd2c0000 r--p 00059000 08:01 17042226                   /home/shiwali/soar/SoarSuite/out/libJava_sml_ClientInterface.so
7f10cd2c0000-7f10cd2c2000 rw-p 0005a000 08:01 17042226                   /home/shiwali/soar/SoarSuite/out/libJava_sml_ClientInterface.so
7f10cd2c2000-7f10cd2c3000 ---p 00000000 00:00 0 
7f10cd2c3000-7f10cd3c3000 rw-p 00000000 00:00 0                          [stack:12582]
7f10cd3c3000-7f10cd3c6000 ---p 00000000 00:00 0 
7f10cd3c6000-7f10cd4c4000 rw-p 00000000 00:00 0                          [stack:12581]
7f10cd4c4000-7f10cd4c7000 ---p 00000000 00:00 0 
7f10cd4c7000-7f10cd5c5000 rw-p 00000000 00:00 0                          [stack:12580]
7f10cd5c5000-7f10cd5c8000 ---p 00000000 00:00 0 
7f10cd5c8000-7f10cd6c6000 rw-p 00000000 00:00 0                          [stack:12579]
7f10cd6c6000-7f10cd6c9000 ---p 00000000 00:00 0 
7f10cd6c9000-7f10cd7c7000 rw-p 00000000 00:00 0                          [stack:12578]
7f10cd7c7000-7f10cdea8000 r--p 00000000 08:01 4462580                    /usr/lib/locale/locale-archive
7f10cdea8000-7f10cdeab000 ---p 00000000 00:00 0 
7f10cdeab000-7f10cdfa9000 rw-p 00000000 00:00 0                          [stack:12577]
7f10cdfa9000-7f10cdfac000 ---p 00000000 00:00 0 
7f10cdfac000-7f10ce0aa000 rw-p 00000000 00:00 0                          [stack:12576]
7f10ce0aa000-7f10ce0ab000 ---p 00000000 00:00 0 
7f10ce0ab000-7f10d0000000 rw-p 00000000 00:00 0                          [stack:12575]
7f10d0000000-7f10d0021000 rw-p 00000000 00:00 0 
7f10d0021000-7f10d4000000 ---p 00000000 00:00 0 
7f10d4000000-7f10d4021000 rw-p 00000000 00:00 0 
7f10d4021000-7f10d8000000 ---p 00000000 00:00 0 
7f10d8000000-7f10d8021000 rw-p 00000000 00:00 0 
7f10d8021000-7f10dc000000 ---p 00000000 00:00 0 
7f10dc003000-7f10dce53000 rw-p 00000000 00:00 0 
7f10dce53000-7f10dd000000 r--s 01cec000 08:01 4466481                    /usr/lib/jvm/java-7-openjdk-amd64/jre/lib/rt.jar
7f10dd000000-7f10dd270000 rwxp 00000000 00:00 0 
7f10dd270000-7f10e0621000 rw-p 00000000 00:00 0 
7f10e0621000-7f10e4000000 ---p 00000000 00:00 0 
7f10e4003000-7f10e4006000 r--s 0001d000 08:01 5378582                    /usr/local/share/java/lcm.jar
7f10e4006000-7f10e40fd000 rw-p 00000000 00:00 0 
7f10e40fd000-7f10e40fe000 ---p 00000000 00:00 0 
7f10e40fe000-7f10e41fe000 rw-p 00000000 00:00 0                          [stack:12574]
7f10e41fe000-7f10e41ff000 ---p 00000000 00:00 0 
7f10e41ff000-7f10e42ff000 rw-p 00000000 00:00 0                          [stack:12573]
7f10e42ff000-7f10e4300000 ---p 00000000 00:00 0 
7f10e4300000-7f10e4400000 rw-p 00000000 00:00 0                          [stack:12572]
7f10e4400000-7f10e4401000 ---p 00000000 00:00 0 
7f10e4401000-7f10e4501000 rw-p 00000000 00:00 0                          [stack:12571]
7f10e4501000-7f10e4502000 ---p 00000000 00:00 0 
7f10e4502000-7f10e4602000 rw-p 00000000 00:00 0                          [stack:12570]
7f10e4602000-7f10e4603000 ---p 00000000 00:00 0 
7f10e4603000-7f10e4703000 rw-p 00000000 00:00 0                          [stack:12569]
7f10e4703000-7f10e4704000 ---p 00000000 00:00 0 
7f10e4704000-7f10e4804000 rw-p 00000000 00:00 0                          [stack:12568]
7f10e4804000-7f10e4805000 ---p 00000000 00:00 0 
7f10e4805000-7f10e4910000 rw-p 00000000 00:00 0                          [stack:12567]
7f10e4910000-7f10e4958000 rw-p 00000000 00:00 0 
7f10e4958000-7f10e4982000 rw-p 00000000 00:00 0 
7f10e4982000-7f10e4bec000 rw-p 00000000 00:00 0 
7f10e4bec000-7f10e4bf7000 rw-p 00000000 00:00 0 
7f10e4bf7000-7f10e4c3f000 rw-p 00000000 00:00 0 
7f10e4c3f000-7f10e4c69000 rw-p 00000000 00:00 0 
7f10e4c69000-7f10e4ed3000 rw-p 00000000 00:00 0 
7f10e4ed3000-7f10e4fd3000 rw-p 00000000 00:00 0 
7f10e4fd3000-7f10e501d000 rw-p 00000000 00:00 0 
7f10e501d000-7f10e501e000 rw-p 00000000 00:00 0 
7f10e501e000-7f10e5026000 r-xp 00000000 08:01 4466526                    /usr/lib/jvm/java-7-openjdk-amd64/jre/lib/amd64/libzip.so
7f10e5026000-7f10e5225000 ---p 00008000 08:01 4466526                    /usr/lib/jvm/java-7-openjdk-amd64/jre/lib/amd64/libzip.so
7f10e5225000-7f10e5226000 r--p 00007000 08:01 4466526                    /usr/lib/jvm/java-7-openjdk-amd64/jre/lib/amd64/libzip.so
7f10e5226000-7f10e5227000 rw-p 00008000 08:01 4466526                    /usr/lib/jvm/java-7-openjdk-amd64/jre/lib/amd64/libzip.so
7f10e5227000-7f10e5233000 r-xp 00000000 08:01 6033075                    /lib/x86_64-linux-gnu/libnss_files-2.17.so
7f10e5233000-7f10e5432000 ---p 0000c000 08:01 6033075                    /lib/x86_64-linux-gnu/libnss_files-2.17.so
7f10e5432000-7f10e5433000 r--p 0000b000 08:01 6033075                    /lib/x86_64-linux-gnu/libnss_files-2.17.so
7f10e5433000-7f10e5434000 rw-p 0000c000 08:01 6033075                    /lib/x86_64-linux-gnu/libnss_files-2.17.so
7f10e5434000-7f10e543f000 r-xp 00000000 08:01 6033079                    /lib/x86_64-linux-gnu/libnss_nis-2.17.so
7f10e543f000-7f10e563e000 ---p 0000b000 08:01 6033079                    /lib/x86_64-linux-gnu/libnss_nis-2.17.so
7f10e563e000-7f10e563f000 r--p 0000a000 08:01 6033079                    /lib/x86_64-linux-gnu/libnss_nis-2.17.so
7f10e563f000-7f10e5640000 rw-p 0000b000 08:01 6033079                    /lib/x86_64-linux-gnu/libnss_nis-2.17.so
7f10e5640000-7f10e5657000 r-xp 00000000 08:01 6033069                    /lib/x86_64-linux-gnu/libnsl-2.17.so
7f10e5657000-7f10e5856000 ---p 00017000 08:01 6033069                    /lib/x86_64-linux-gnu/libnsl-2.17.so
7f10e5856000-7f10e5857000 r--p 00016000 08:01 6033069                    /lib/x86_64-linux-gnu/libnsl-2.17.so
7f10e5857000-7f10e5858000 rw-p 00017000 08:01 6033069                    /lib/x86_64-linux-gnu/libnsl-2.17.so
7f10e5858000-7f10e585a000 rw-p 00000000 00:00 0 
7f10e585a000-7f10e5862000 r-xp 00000000 08:01 6033071                    /lib/x86_64-linux-gnu/libnss_compat-2.17.so
7f10e5862000-7f10e5a61000 ---p 00008000 08:01 6033071                    /lib/x86_64-linux-gnu/libnss_compat-2.17.so
7f10e5a61000-7f10e5a62000 r--p 00007000 08:01 6033071                    /lib/x86_64-linux-gnu/libnss_compat-2.17.so
7f10e5a62000-7f10e5a63000 rw-p 00008000 08:01 6033071                    /lib/x86_64-linux-gnu/libnss_compat-2.17.so
7f10e5a63000-7f10e5a8e000 r-xp 00000000 08:01 4466510                    /usr/lib/jvm/java-7-openjdk-amd64/jre/lib/amd64/libjava.so
7f10e5a8e000-7f10e5c8d000 ---p 0002b000 08:01 4466510                    /usr/lib/jvm/java-7-openjdk-amd64/jre/lib/amd64/libjava.so
7f10e5c8d000-7f10e5c8e000 r--p 0002a000 08:01 4466510                    /usr/lib/jvm/java-7-openjdk-amd64/jre/lib/amd64/libjava.so
7f10e5c8e000-7f10e5c90000 rw-p 0002b000 08:01 4466510                    /usr/lib/jvm/java-7-openjdk-amd64/jre/lib/amd64/libjava.so
7f10e5c90000-7f10e5c9f000 r-xp 00000000 08:01 4466509                    /usr/lib/jvm/java-7-openjdk-amd64/jre/lib/amd64/libverify.so
7f10e5c9f000-7f10e5e9e000 ---p 0000f000 08:01 4466509                    /usr/lib/jvm/java-7-openjdk-amd64/jre/lib/amd64/libverify.so
7f10e5e9e000-7f10e5ea0000 r--p 0000e000 08:01 4466509                    /usr/lib/jvm/java-7-openjdk-amd64/jre/lib/amd64/libverify.so
7f10e5ea0000-7f10e5ea1000 rw-p 00010000 08:01 4466509                    /usr/lib/jvm/java-7-openjdk-amd64/jre/lib/amd64/libverify.so
7f10e5ea1000-7f10e5ea8000 r-xp 00000000 08:01 6033122                    /lib/x86_64-linux-gnu/librt-2.17.so
7f10e5ea8000-7f10e60a7000 ---p 00007000 08:01 6033122                    /lib/x86_64-linux-gnu/librt-2.17.so
7f10e60a7000-7f10e60a8000 r--p 00006000 08:01 6033122                    /lib/x86_64-linux-gnu/librt-2.17.so
7f10e60a8000-7f10e60a9000 rw-p 00007000 08:01 6033122                    /lib/x86_64-linux-gnu/librt-2.17.so
7f10e60a9000-7f10e60bd000 r-xp 00000000 08:01 6033027                    /lib/x86_64-linux-gnu/libgcc_s.so.1
7f10e60bd000-7f10e62bd000 ---p 00014000 08:01 6033027                    /lib/x86_64-linux-gnu/libgcc_s.so.1
7f10e62bd000-7f10e62be000 r--p 00014000 08:01 6033027                    /lib/x86_64-linux-gnu/libgcc_s.so.1
7f10e62be000-7f10e62bf000 rw-p 00015000 08:01 6033027                    /lib/x86_64-linux-gnu/libgcc_s.so.1
7f10e62bf000-7f10e63c2000 r-xp 00000000 08:01 6033050                    /lib/x86_64-linux-gnu/libm-2.17.so
7f10e63c2000-7f10e65c2000 ---p 00103000 08:01 6033050                    /lib/x86_64-linux-gnu/libm-2.17.so
7f10e65c2000-7f10e65c3000 r--p 00103000 08:01 6033050                    /lib/x86_64-linux-gnu/libm-2.17.so
7f10e65c3000-7f10e65c4000 rw-p 00104000 08:01 6033050                    /lib/x86_64-linux-gnu/libm-2.17.so
7f10e65c4000-7f10e66a9000 r-xp 00000000 08:01 4464194                    /usr/lib/x86_64-linux-gnu/libstdc++.so.6.0.17
7f10e66a9000-7f10e68a8000 ---p 000e5000 08:01 4464194                    /usr/lib/x86_64-linux-gnu/libstdc++.so.6.0.17
7f10e68a8000-7f10e68b0000 r--p 000e4000 08:01 4464194                    /usr/lib/x86_64-linux-gnu/libstdc++.so.6.0.17
7f10e68b0000-7f10e68b2000 rw-p 000ec000 08:01 4464194                    /usr/lib/x86_64-linux-gnu/libstdc++.so.6.0.17
7f10e68b2000-7f10e68c7000 rw-p 00000000 00:00 0 
7f10e68c7000-7f10e72b7000 r-xp 00000000 08:01 4466515                    /usr/lib/jvm/java-7-openjdk-amd64/jre/lib/amd64/server/libjvm.so
7f10e72b7000-7f10e74b6000 ---p 009f0000 08:01 4466515                    /usr/lib/jvm/java-7-openjdk-amd64/jre/lib/amd64/server/libjvm.so
7f10e74b6000-7f10e7535000 r--p 009ef000 08:01 4466515                    /usr/lib/jvm/java-7-openjdk-amd64/jre/lib/amd64/server/libjvm.so
7f10e7535000-7f10e7558000 rw-p 00a6e000 08:01 4466515                    /usr/lib/jvm/java-7-openjdk-amd64/jre/lib/amd64/server/libjvm.so
7f10e7558000-7f10e7583000 rw-p 00000000 00:00 0 
7f10e7583000-7f10e7599000 r-xp 00000000 08:01 6033155                    /lib/x86_64-linux-gnu/libz.so.1.2.7
7f10e7599000-7f10e7798000 ---p 00016000 08:01 6033155                    /lib/x86_64-linux-gnu/libz.so.1.2.7
7f10e7798000-7f10e7799000 r--p 00015000 08:01 6033155                    /lib/x86_64-linux-gnu/libz.so.1.2.7
7f10e7799000-7f10e779a000 rw-p 00016000 08:01 6033155                    /lib/x86_64-linux-gnu/libz.so.1.2.7
7f10e779a000-7f10e77b2000 r-xp 00000000 08:01 6033114                    /lib/x86_64-linux-gnu/libpthread-2.17.so
7f10e77b2000-7f10e79b1000 ---p 00018000 08:01 6033114                    /lib/x86_64-linux-gnu/libpthread-2.17.so
7f10e79b1000-7f10e79b2000 r--p 00017000 08:01 6033114                    /lib/x86_64-linux-gnu/libpthread-2.17.so
7f10e79b2000-7f10e79b3000 rw-p 00018000 08:01 6033114                    /lib/x86_64-linux-gnu/libpthread-2.17.so
7f10e79b3000-7f10e79b7000 rw-p 00000000 00:00 0 
7f10e79b7000-7f10e79ba000 r-xp 00000000 08:01 6033017                    /lib/x86_64-linux-gnu/libdl-2.17.so
7f10e79ba000-7f10e7bb9000 ---p 00003000 08:01 6033017                    /lib/x86_64-linux-gnu/libdl-2.17.so
7f10e7bb9000-7f10e7bba000 r--p 00002000 08:01 6033017                    /lib/x86_64-linux-gnu/libdl-2.17.so
7f10e7bba000-7f10e7bbb000 rw-p 00003000 08:01 6033017                    /lib/x86_64-linux-gnu/libdl-2.17.so
7f10e7bbb000-7f10e7d79000 r-xp 00000000 08:01 6033002                    /lib/x86_64-linux-gnu/libc-2.17.so
7f10e7d79000-7f10e7f78000 ---p 001be000 08:01 6033002                    /lib/x86_64-linux-gnu/libc-2.17.so
7f10e7f78000-7f10e7f7c000 r--p 001bd000 08:01 6033002                    /lib/x86_64-linux-gnu/libc-2.17.so
7f10e7f7c000-7f10e7f7e000 rw-p 001c1000 08:01 6033002                    /lib/x86_64-linux-gnu/libc-2.17.so
7f10e7f7e000-7f10e7f83000 rw-p 00000000 00:00 0 
7f10e7f83000-7f10e7f90000 r-xp 00000000 08:01 4466492                    /usr/lib/jvm/java-7-openjdk-amd64/jre/lib/amd64/jli/libjli.so
7f10e7f90000-7f10e818f000 ---p 0000d000 08:01 4466492                    /usr/lib/jvm/java-7-openjdk-amd64/jre/lib/amd64/jli/libjli.so
7f10e818f000-7f10e8190000 r--p 0000c000 08:01 4466492                    /usr/lib/jvm/java-7-openjdk-amd64/jre/lib/amd64/jli/libjli.so
7f10e8190000-7f10e8191000 rw-p 0000d000 08:01 4466492                    /usr/lib/jvm/java-7-openjdk-amd64/jre/lib/amd64/jli/libjli.so
7f10e8191000-7f10e81b4000 r-xp 00000000 08:01 6032978                    /lib/x86_64-linux-gnu/ld-2.17.so
7f10e81b5000-7f10e81b6000 rw-p 00000000 00:00 0 
7f10e81b6000-7f10e81bf000 r--s 0005a000 08:01 17171911                   /home/shiwali/soar/SoarSuite/out/java/soar-debugger.jar
7f10e81bf000-7f10e81c0000 r--s 00001000 08:01 17171909                   /home/shiwali/soar/SoarSuite/out/java/soar-debugger-api.jar
7f10e81c0000-7f10e81c1000 r--s 00003000 08:01 17171915                   /home/shiwali/soar/SoarSuite/out/java/swtgraphics2d.jar
7f10e81c1000-7f10e81c3000 r--s 00005000 08:01 17171902                   /home/shiwali/soar/SoarSuite/out/java/soar-smljava.jar
7f10e81c3000-7f10e81cc000 r--s 000bc000 08:01 4465943                    /usr/lib/jvm/java-7-openjdk-common/jre/lib/resources.jar
7f10e81cc000-7f10e81cf000 r--s 00018000 08:01 17171891                   /home/shiwali/soar/SoarSuite/out/java/sml.jar
7f10e81cf000-7f10e81d3000 r--s 00085000 08:01 4465946                    /usr/lib/jvm/java-7-openjdk-common/jre/lib/ext/localedata.jar
7f10e81d3000-7f10e81dd000 rw-p 00000000 00:00 0 
7f10e81dd000-7f10e8293000 rw-p 00000000 00:00 0 
7f10e8293000-7f10e8296000 ---p 00000000 00:00 0 
7f10e8296000-7f10e8399000 rw-p 00000000 00:00 0                          [stack:12566]
7f10e8399000-7f10e839c000 r--s 00032000 08:01 4465947                    /usr/lib/jvm/java-7-openjdk-common/jre/lib/ext/sunjce_provider.jar
7f10e839c000-7f10e839f000 r--s 0003c000 08:01 4465945                    /usr/lib/jvm/java-7-openjdk-common/jre/lib/ext/sunpkcs11.jar
7f10e839f000-7f10e83a0000 r--s 00002000 08:01 4465949                    /usr/lib/jvm/java-7-openjdk-common/jre/lib/ext/dnsns.jar
7f10e83a0000-7f10e83a3000 r--s 0000f000 08:01 4465948                    /usr/lib/jvm/java-7-openjdk-common/jre/lib/ext/pulse-java.jar
7f10e83a3000-7f10e83a5000 r--s 00006000 08:01 4855577                    /usr/share/java/java-atk-wrapper.jar
7f10e83a5000-7f10e83a7000 r--s 00012000 08:01 4465950                    /usr/lib/jvm/java-7-openjdk-common/jre/lib/ext/zipfs.jar
7f10e83a7000-7f10e83af000 rw-s 00000000 08:01 6160697                    /tmp/hsperfdata_shiwali/12560
7f10e83af000-7f10e83b0000 rw-p 00000000 00:00 0 
7f10e83b0000-7f10e83b1000 r--p 00000000 00:00 0 
7f10e83b1000-7f10e83b3000 rw-p 00000000 00:00 0 
7f10e83b3000-7f10e83b4000 r--p 00022000 08:01 6032978                    /lib/x86_64-linux-gnu/ld-2.17.so
7f10e83b4000-7f10e83b6000 rw-p 00023000 08:01 6032978                    /lib/x86_64-linux-gnu/ld-2.17.so
7fffcaf6a000-7fffcaf8b000 rw-p 00000000 00:00 0                          [stack]
7fffcaffe000-7fffcb000000 r-xp 00000000 00:00 0                          [vdso]
ffffffffff600000-ffffffffff601000 r-xp 00000000 00:00 0                  [vsyscall]

VM Arguments:
jvm_args: -Dfile.encoding=UTF-8 
java_command: edu.umich.insoar.InSoar
Launcher Type: SUN_STANDARD

Environment Variables:
PATH=/usr/lib/lightdm/lightdm:/usr/local/sbin:/usr/local/bin:/usr/sbin:/usr/bin:/sbin:/bin:/usr/games:/usr/local/games
LD_LIBRARY_PATH=/home/shiwali/soar/SoarSuite/out
SHELL=/bin/bash
DISPLAY=:0

Signal Handlers:
SIGSEGV: [libjvm.so+0x84f410], sa_mask[0]=0x7ffbfeff, sa_flags=0x10000004
SIGBUS: [libjvm.so+0x84f410], sa_mask[0]=0x7ffbfeff, sa_flags=0x10000004
SIGFPE: [libjvm.so+0x6f19a0], sa_mask[0]=0x7ffbfeff, sa_flags=0x10000004
SIGPIPE: SIG_IGN, sa_mask[0]=0x00000000, sa_flags=0x00000000
SIGXFSZ: [libjvm.so+0x6f19a0], sa_mask[0]=0x7ffbfeff, sa_flags=0x10000004
SIGILL: [libjvm.so+0x6f19a0], sa_mask[0]=0x7ffbfeff, sa_flags=0x10000004
SIGUSR1: SIG_DFL, sa_mask[0]=0x00000000, sa_flags=0x00000000
SIGUSR2: [libjvm.so+0x6f1d70], sa_mask[0]=0x00000004, sa_flags=0x10000004
SIGHUP: [libjvm.so+0x6f1eb0], sa_mask[0]=0x7ffbfeff, sa_flags=0x10000004
SIGINT: [libjvm.so+0x6f1eb0], sa_mask[0]=0x7ffbfeff, sa_flags=0x10000004
SIGTERM: [libjvm.so+0x6f1eb0], sa_mask[0]=0x7ffbfeff, sa_flags=0x10000004
SIGQUIT: [libjvm.so+0x6f1eb0], sa_mask[0]=0x7ffbfeff, sa_flags=0x10000004


---------------  S Y S T E M  ---------------

OS:Ubuntu 13.04 (raring)
uname:Linux 3.8.0-27-generic #40-Ubuntu SMP Tue Jul 9 00:17:05 UTC 2013 x86_64
libc:glibc 2.17 NPTL 2.17 
rlimit: STACK 8192k, CORE 0k, NPROC 63152, NOFILE 4096, AS infinity
load average:2.99 2.84 2.54

/proc/meminfo:
MemTotal:        8102568 kB
MemFree:          689248 kB
Buffers:          140216 kB
Cached:          1729032 kB
SwapCached:            0 kB
Active:          5459432 kB
Inactive:        1188572 kB
Active(anon):    4783024 kB
Inactive(anon):    87660 kB
Active(file):     676408 kB
Inactive(file):  1100912 kB
Unevictable:         100 kB
Mlocked:             100 kB
SwapTotal:       8311804 kB
SwapFree:        8311804 kB
Dirty:               392 kB
Writeback:             0 kB
AnonPages:       4778284 kB
Mapped:           296880 kB
Shmem:             91840 kB
Slab:             155016 kB
SReclaimable:     106716 kB
SUnreclaim:        48300 kB
KernelStack:        6448 kB
PageTables:        57376 kB
NFS_Unstable:          0 kB
Bounce:                0 kB
WritebackTmp:          0 kB
CommitLimit:    12363088 kB
Committed_AS:   10463384 kB
VmallocTotal:   34359738367 kB
VmallocUsed:      101520 kB
VmallocChunk:   34359607008 kB
HardwareCorrupted:     0 kB
AnonHugePages:         0 kB
HugePages_Total:       0
HugePages_Free:        0
HugePages_Rsvd:        0
HugePages_Surp:        0
Hugepagesize:       2048 kB
DirectMap4k:       68412 kB
DirectMap2M:     8245248 kB


CPU:total 8 (4 cores per cpu, 2 threads per core) family 6 model 30 stepping 5, cmov, cx8, fxsr, mmx, sse, sse2, sse3, ssse3, sse4.1, sse4.2, popcnt, ht, tsc, tscinvbit

/proc/cpuinfo:
processor	: 0
vendor_id	: GenuineIntel
cpu family	: 6
model		: 30
model name	: Intel(R) Core(TM) i7 CPU         860  @ 2.80GHz
stepping	: 5
microcode	: 0x5
cpu MHz		: 1197.000
cache size	: 8192 KB
physical id	: 0
siblings	: 8
core id		: 0
cpu cores	: 4
apicid		: 0
initial apicid	: 0
fpu		: yes
fpu_exception	: yes
cpuid level	: 11
wp		: yes
flags		: fpu vme de pse tsc msr pae mce cx8 apic sep mtrr pge mca cmov pat pse36 clflush dts acpi mmx fxsr sse sse2 ss ht tm pbe syscall nx rdtscp lm constant_tsc arch_perfmon pebs bts rep_good nopl xtopology nonstop_tsc aperfmperf pni dtes64 monitor ds_cpl vmx smx est tm2 ssse3 cx16 xtpr pdcm sse4_1 sse4_2 popcnt lahf_lm ida dtherm tpr_shadow vnmi flexpriority ept vpid
bogomips	: 5585.99
clflush size	: 64
cache_alignment	: 64
address sizes	: 36 bits physical, 48 bits virtual
power management:

processor	: 1
vendor_id	: GenuineIntel
cpu family	: 6
model		: 30
model name	: Intel(R) Core(TM) i7 CPU         860  @ 2.80GHz
stepping	: 5
microcode	: 0x5
cpu MHz		: 1197.000
cache size	: 8192 KB
physical id	: 0
siblings	: 8
core id		: 1
cpu cores	: 4
apicid		: 2
initial apicid	: 2
fpu		: yes
fpu_exception	: yes
cpuid level	: 11
wp		: yes
flags		: fpu vme de pse tsc msr pae mce cx8 apic sep mtrr pge mca cmov pat pse36 clflush dts acpi mmx fxsr sse sse2 ss ht tm pbe syscall nx rdtscp lm constant_tsc arch_perfmon pebs bts rep_good nopl xtopology nonstop_tsc aperfmperf pni dtes64 monitor ds_cpl vmx smx est tm2 ssse3 cx16 xtpr pdcm sse4_1 sse4_2 popcnt lahf_lm ida dtherm tpr_shadow vnmi flexpriority ept vpid
bogomips	: 5585.99
clflush size	: 64
cache_alignment	: 64
address sizes	: 36 bits physical, 48 bits virtual
power management:

processor	: 2
vendor_id	: GenuineIntel
cpu family	: 6
model		: 30
model name	: Intel(R) Core(TM) i7 CPU         860  @ 2.80GHz
stepping	: 5
microcode	: 0x5
cpu MHz		: 2794.000
cache size	: 8192 KB
physical id	: 0
siblings	: 8
core id		: 2
cpu cores	: 4
apicid		: 4
initial apicid	: 4
fpu		: yes
fpu_exception	: yes
cpuid level	: 11
wp		: yes
flags		: fpu vme de pse tsc msr pae mce cx8 apic sep mtrr pge mca cmov pat pse36 clflush dts acpi mmx fxsr sse sse2 ss ht tm pbe syscall nx rdtscp lm constant_tsc arch_perfmon pebs bts rep_good nopl xtopology nonstop_tsc aperfmperf pni dtes64 monitor ds_cpl vmx smx est tm2 ssse3 cx16 xtpr pdcm sse4_1 sse4_2 popcnt lahf_lm ida dtherm tpr_shadow vnmi flexpriority ept vpid
bogomips	: 5585.99
clflush size	: 64
cache_alignment	: 64
address sizes	: 36 bits physical, 48 bits virtual
power management:

processor	: 3
vendor_id	: GenuineIntel
cpu family	: 6
model		: 30
model name	: Intel(R) Core(TM) i7 CPU         860  @ 2.80GHz
stepping	: 5
microcode	: 0x5
cpu MHz		: 1330.000
cache size	: 8192 KB
physical id	: 0
siblings	: 8
core id		: 3
cpu cores	: 4
apicid		: 6
initial apicid	: 6
fpu		: yes
fpu_exception	: yes
cpuid level	: 11
wp		: yes
flags		: fpu vme de pse tsc msr pae mce cx8 apic sep mtrr pge mca cmov pat pse36 clflush dts acpi mmx fxsr sse sse2 ss ht tm pbe syscall nx rdtscp lm constant_tsc arch_perfmon pebs bts rep_good nopl xtopology nonstop_tsc aperfmperf pni dtes64 monitor ds_cpl vmx smx est tm2 ssse3 cx16 xtpr pdcm sse4_1 sse4_2 popcnt lahf_lm ida dtherm tpr_shadow vnmi flexpriority ept vpid
bogomips	: 5585.99
clflush size	: 64
cache_alignment	: 64
address sizes	: 36 bits physical, 48 bits virtual
power management:

processor	: 4
vendor_id	: GenuineIntel
cpu family	: 6
model		: 30
model name	: Intel(R) Core(TM) i7 CPU         860  @ 2.80GHz
stepping	: 5
microcode	: 0x5
cpu MHz		: 1197.000
cache size	: 8192 KB
physical id	: 0
siblings	: 8
core id		: 0
cpu cores	: 4
apicid		: 1
initial apicid	: 1
fpu		: yes
fpu_exception	: yes
cpuid level	: 11
wp		: yes
flags		: fpu vme de pse tsc msr pae mce cx8 apic sep mtrr pge mca cmov pat pse36 clflush dts acpi mmx fxsr sse sse2 ss ht tm pbe syscall nx rdtscp lm constant_tsc arch_perfmon pebs bts rep_good nopl xtopology nonstop_tsc aperfmperf pni dtes64 monitor ds_cpl vmx smx est tm2 ssse3 cx16 xtpr pdcm sse4_1 sse4_2 popcnt lahf_lm ida dtherm tpr_shadow vnmi flexpriority ept vpid
bogomips	: 5585.99
clflush size	: 64
cache_alignment	: 64
address sizes	: 36 bits physical, 48 bits virtual
power management:

processor	: 5
vendor_id	: GenuineIntel
cpu family	: 6
model		: 30
model name	: Intel(R) Core(TM) i7 CPU         860  @ 2.80GHz
stepping	: 5
microcode	: 0x5
cpu MHz		: 2794.000
cache size	: 8192 KB
physical id	: 0
siblings	: 8
core id		: 1
cpu cores	: 4
apicid		: 3
initial apicid	: 3
fpu		: yes
fpu_exception	: yes
cpuid level	: 11
wp		: yes
flags		: fpu vme de pse tsc msr pae mce cx8 apic sep mtrr pge mca cmov pat pse36 clflush dts acpi mmx fxsr sse sse2 ss ht tm pbe syscall nx rdtscp lm constant_tsc arch_perfmon pebs bts rep_good nopl xtopology nonstop_tsc aperfmperf pni dtes64 monitor ds_cpl vmx smx est tm2 ssse3 cx16 xtpr pdcm sse4_1 sse4_2 popcnt lahf_lm ida dtherm tpr_shadow vnmi flexpriority ept vpid
bogomips	: 5585.99
clflush size	: 64
cache_alignment	: 64
address sizes	: 36 bits physical, 48 bits virtual
power management:

processor	: 6
vendor_id	: GenuineIntel
cpu family	: 6
model		: 30
model name	: Intel(R) Core(TM) i7 CPU         860  @ 2.80GHz
stepping	: 5
microcode	: 0x5
cpu MHz		: 2794.000
cache size	: 8192 KB
physical id	: 0
siblings	: 8
core id		: 2
cpu cores	: 4
apicid		: 5
initial apicid	: 5
fpu		: yes
fpu_exception	: yes
cpuid level	: 11
wp		: yes
flags		: fpu vme de pse tsc msr pae mce cx8 apic sep mtrr pge mca cmov pat pse36 clflush dts acpi mmx fxsr sse sse2 ss ht tm pbe syscall nx rdtscp lm constant_tsc arch_perfmon pebs bts rep_good nopl xtopology nonstop_tsc aperfmperf pni dtes64 monitor ds_cpl vmx smx est tm2 ssse3 cx16 xtpr pdcm sse4_1 sse4_2 popcnt lahf_lm ida dtherm tpr_shadow vnmi flexpriority ept vpid
bogomips	: 5585.99
clflush size	: 64
cache_alignment	: 64
address sizes	: 36 bits physical, 48 bits virtual
power management:

processor	: 7
vendor_id	: GenuineIntel
cpu family	: 6
model		: 30
model name	: Intel(R) Core(TM) i7 CPU         860  @ 2.80GHz
stepping	: 5
microcode	: 0x5
cpu MHz		: 1197.000
cache size	: 8192 KB
physical id	: 0
siblings	: 8
core id		: 3
cpu cores	: 4
apicid		: 7
initial apicid	: 7
fpu		: yes
fpu_exception	: yes
cpuid level	: 11
wp		: yes
flags		: fpu vme de pse tsc msr pae mce cx8 apic sep mtrr pge mca cmov pat pse36 clflush dts acpi mmx fxsr sse sse2 ss ht tm pbe syscall nx rdtscp lm constant_tsc arch_perfmon pebs bts rep_good nopl xtopology nonstop_tsc aperfmperf pni dtes64 monitor ds_cpl vmx smx est tm2 ssse3 cx16 xtpr pdcm sse4_1 sse4_2 popcnt lahf_lm ida dtherm tpr_shadow vnmi flexpriority ept vpid
bogomips	: 5585.99
clflush size	: 64
cache_alignment	: 64
address sizes	: 36 bits physical, 48 bits virtual
power management:



Memory: 4k page, physical 8102568k(689248k free), swap 8311804k(8311804k free)

vm_info: OpenJDK 64-Bit Server VM (23.7-b01) for linux-amd64 JRE (1.7.0_25-b30), built on Jul  3 2013 13:50:39 by "buildd" with gcc 4.7.3

time: Mon Aug 19 17:00:27 2013
elapsed time: 148 seconds

