#
# A fatal error has been detected by the Java Runtime Environment:
#
#  SIGSEGV (0xb) at pc=0x00007f367773e2b9, pid=9852, tid=139871898720000
#
# JRE version: 7.0_25-b30
# Java VM: OpenJDK 64-Bit Server VM (23.7-b01 mixed mode linux-amd64 compressed oops)
# Problematic frame:
# C  [libSoar.so+0x1d72b9]  add_wme_to_gds(agent_struct*, gds_struct*, wme_struct*)+0x4b
#
# Failed to write core dump. Core dumps have been disabled. To enable core dumping, try "ulimit -c unlimited" before starting Java again
#
# If you would like to submit a bug report, please include
# instructions on how to reproduce the bug and visit:
#   https://bugs.launchpad.net/ubuntu/+source/openjdk-7/
#

---------------  T H R E A D  ---------------

Current thread is native thread

siginfo:si_signo=SIGSEGV: si_errno=0, si_code=1 (SEGV_MAPERR), si_addr=0x0000000000000008

Registers:
RAX=0x0000000000000000, RBX=0x00007f3645693910, RCX=0x0000000000000000, RDX=0x0000000000000000
RSP=0x00007f3676d639c0, RBP=0x00007f3676d63af0, RSI=0x0000000000000000, RDI=0x00007f3644000dd0
R8 =0x00007f3645c93ed0, R9 =0x0000000000000200, R10=0x0000000000000021, R11=0x00007f3644000078
R12=0x0000000000000000, R13=0x00007f36913c0060, R14=0x00007f36913974f0, R15=0x0000000000001000
RIP=0x00007f367773e2b9, EFLAGS=0x0000000000010246, CSGSFS=0x0000000000000033, ERR=0x0000000000000004
  TRAPNO=0x000000000000000e

Top of Stack: (sp=0x00007f3676d639c0)
0x00007f3676d639c0:   00007f3600000000 00007f364550fbc0
0x00007f3676d639d0:   0000000000000000 00007f3644000dd0
0x00007f3676d639e0:   00007f364579e050 00007f364579e050
0x00007f3676d639f0:   00007f364579e250 00007f36457a0298
0x00007f3676d63a00:   00007f3676d63ad0 00007f3676d63c50
0x00007f3676d63a10:   00007f3645811580 00007f3645693910
0x00007f3676d63a20:   00007f3676d63af0 0000000000000000
0x00007f3676d63a30:   00007f36913c0060 00007f36913974f0
0x00007f3676d63a40:   0000000000001000 00007f367773ec18
0x00007f3676d63a50:   00007f364579e050 00007f3644000dd0
0x00007f3676d63a60:   00017f364579e250 0000000000000000
0x00007f3676d63a70:   0000000000000000 00007f3644000020
0x00007f3676d63a80:   0000000000000018 0000000000000000
0x00007f3676d63a90:   00007f36913c0060 00007f36913974f0
0x00007f3676d63aa0:   0000000000001000 00007f3690c4a580
0x00007f3676d63ab0:   00007f364579e250 00007f3645693910
0x00007f3676d63ac0:   00007f3676d63af0 00007f367773e1fe
0x00007f3676d63ad0:   00007f3645609a30 00007f3644000dd0
0x00007f3676d63ae0:   0000000000000000 1febfd7b02f96d00
0x00007f3676d63af0:   00007f3676d63ba0 00007f367773e758
0x00007f3676d63b00:   00007f364579e050 00007f3644000dd0
0x00007f3676d63b10:   00077f364579e250 0000000000000000
0x00007f3676d63b20:   00007f36456d7230 00007f3645c865a0
0x00007f3676d63b30:   00007f3644c44aa8 00007f364550fbc0
0x00007f3676d63b40:   0000000000000000 00007f36458f9ac0
0x00007f3676d63b50:   0000000000001000 00007f3690c4a580
0x00007f3676d63b60:   0000000100000000 00007f3645693910
0x00007f3676d63b70:   00007f3676d63ba0 00007f3645693910
0x00007f3676d63b80:   00007f3676d63c50 0000000000000000
0x00007f3676d63b90:   00007f36913c0060 00007f3645c865a0
0x00007f3676d63ba0:   00007f3676d63c50 00007f367773ec52
0x00007f3676d63bb0:   00007f36913c0060 00007f3644000dd0 

Instructions: (pc=0x00007f367773e2b9)
0x00007f367773e299:   45 f8 31 c0 48 8b 85 d8 fe ff ff 48 8b 95 e0 fe
0x00007f367773e2a9:   ff ff 48 89 90 90 00 00 00 48 8b 85 e0 fe ff ff
0x00007f367773e2b9:   48 8b 50 08 48 8b 85 d8 fe ff ff 48 89 90 98 00
0x00007f367773e2c9:   00 00 48 8b 85 d8 fe ff ff 48 c7 80 a0 00 00 00 

Register to memory mapping:

RAX=0x0000000000000000 is an unknown value
RBX=0x00007f3645693910 is an unknown value
RCX=0x0000000000000000 is an unknown value
RDX=0x0000000000000000 is an unknown value
RSP=0x00007f3676d639c0 is an unknown value
RBP=0x00007f3676d63af0 is an unknown value
RSI=0x0000000000000000 is an unknown value
RDI=0x00007f3644000dd0 is an unknown value
R8 =0x00007f3645c93ed0 is an unknown value
R9 =0x0000000000000200 is an unknown value
R10=0x0000000000000021 is an unknown value
R11=0x00007f3644000078 is an unknown value
R12=0x0000000000000000 is an unknown value
R13=0x00007f36913c0060: _rtld_global+0 in /lib64/ld-linux-x86-64.so.2 at 0x00007f369119d000
R14=0x00007f36913974f0 is pointing into the stack for thread: 0x00007f3688009800
R15=0x0000000000001000 is an unknown value


Stack: [0x00007f3676565000,0x00007f3676d66000],  sp=0x00007f3676d639c0,  free space=8186k
Native frames: (J=compiled Java code, j=interpreted, Vv=VM code, C=native code)
C  [libSoar.so+0x1d72b9]  add_wme_to_gds(agent_struct*, gds_struct*, wme_struct*)+0x4b
C  [libSoar.so+0x1d7758]  elaborate_gds(agent_struct*)+0x328
C  [libSoar.so+0x1d7c52]  elaborate_gds(agent_struct*)+0x822
C  [libSoar.so+0x1d516a]  decide_non_context_slot(agent_struct*, slot_struct*)+0x4f6
C  [libSoar.so+0x1d52e3]  decide_non_context_slots(agent_struct*)+0x55
C  [libSoar.so+0x1d6f18]  do_working_memory_phase(agent_struct*)+0x105
C  [libSoar.so+0x1ebd21]  epmem_respond_to_cmd(agent_struct*)+0xc30
C  [libSoar.so+0x1ebea3]  epmem_go(agent_struct*, bool)+0x5c
C  [libSoar.so+0x1f07ee]  do_one_top_level_phase(agent_struct*)+0xb3b
C  [libSoar.so+0x1f186f]  run_for_n_decision_cycles(agent_struct*, long)+0xb8
C  [libSoar.so+0x381309]  sml::AgentSML::Step(sml::smlRunStepSize)+0x109
C  [libSoar.so+0x381141]  sml::AgentSML::StepInClientThread(sml::smlRunStepSize)+0x43
C  [libSoar.so+0x392112]  sml::RunScheduler::RunScheduledAgents(bool, sml::smlRunStepSize, unsigned long, sml::smlRunFlags, sml::smlRunStepSize, bool)+0x348
C  [libSoar.so+0x41d67c]  cli::CommandLineInterface::DoRun(std::bitset<10ul> const&, int, cli::Cli::eRunInterleaveMode)+0x332
C  [libSoar.so+0x43e6e4]  cli::RunCommand::Parse(std::vector<std::string, std::allocator<std::string> >&)+0x67a
C  [libSoar.so+0x42ec1b]  cli::Parser::handle_command(std::vector<std::string, std::allocator<std::string> >&)+0x91
C  [libSoar.so+0x42d942]  soar::tokenizer::parse_command()+0x1d0
C  [libSoar.so+0x42d6e8]  soar::tokenizer::evaluate(char const*)+0x60
C  [libSoar.so+0x420bb7]  cli::CommandLineInterface::Source(char const*, bool)+0x61
C  [libSoar.so+0x42aebf]  cli::CommandLineInterface::DoCommand(sml::Connection*, sml::AgentSML*, char const*, bool, bool, soarxml::ElementXML*)+0x11d
C  [libSoar.so+0x38c495]  sml::KernelSML::HandleCommandLine(sml::AgentSML*, char const*, sml::Connection*, sml::AnalyzeXML*, soarxml::ElementXML*)+0x481
C  [libSoar.so+0x38876f]  sml::KernelSML::ProcessCommand(char const*, sml::Connection*, sml::AnalyzeXML*, soarxml::ElementXML*)+0x325
C  [libSoar.so+0x388a3b]  sml::KernelSML::ProcessIncomingSML(sml::Connection*, soarxml::ElementXML*)+0x119
C  [libSoar.so+0x37f56c]  ReceivedCall(sml::Connection*, soarxml::ElementXML*, void*)+0x3b
C  [libSoar.so+0x3f7484]  sml::Callback::Invoke(soarxml::ElementXML*)+0x30
C  [libSoar.so+0x3f1177]  sml::Connection::InvokeCallbacks(soarxml::ElementXML*)+0x105
C  [libSoar.so+0x3f4819]  sml::RemoteConnection::ReceiveMessages(bool, int, int)+0x229
C  [libSoar.so+0x3f45ed]  sml::RemoteConnection::ReceiveMessages(bool)+0x2b
C  [libSoar.so+0x385a01]  sml::ConnectionManager::ReceiveAllMessages()+0x6f
C  [libSoar.so+0x38e40e]  sml::ReceiverThread::Run()+0x2e
C  [libSoar.so+0x3f7129]  ThreadStartFunction(void*)+0x2b
C  [libSoar.so+0x3f6fe1]  LinuxThreadFunc(void*)+0x28


---------------  P R O C E S S  ---------------

VM state:not at safepoint (normal execution)

VM Mutex/Monitor currently owned by a thread: None

Heap
 PSYoungGen      total 309568K, used 282485K [0x00000000e1560000, 0x00000000ffc80000, 0x0000000100000000)
  eden space 300800K, 93% used [0x00000000e1560000,0x00000000f282d728,0x00000000f3b20000)
  from space 8768K, 12% used [0x00000000f3b20000,0x00000000f3c30000,0x00000000f43b0000)
  to   space 8768K, 0% used [0x00000000ff3f0000,0x00000000ff3f0000,0x00000000ffc80000)
 ParOldGen       total 62784K, used 13960K [0x00000000a4000000, 0x00000000a7d50000, 0x00000000e1560000)
  object space 62784K, 22% used [0x00000000a4000000,0x00000000a4da21a0,0x00000000a7d50000)
 PSPermGen       total 21248K, used 19693K [0x0000000099a00000, 0x000000009aec0000, 0x00000000a4000000)
  object space 21248K, 92% used [0x0000000099a00000,0x000000009ad3b480,0x000000009aec0000)

Card table byte_map: [0x00007f368dcf6000,0x00007f368e02a000] byte_map_base: 0x00007f368d829000

Polling page: 0x00007f36913bc000

Code Cache  [0x00007f3685000000, 0x00007f3685270000, 0x00007f3688000000)
 total_blobs=1150 nmethods=594 adapters=508 free_code_cache=47028Kb largest_free_block=48101120

Compilation events (10 events):
Event: 1014.074 Thread 0x00007f368810e000  615             java.lang.StringCoding::access$000 (6 bytes)
Event: 1014.074 Thread 0x00007f3688111000  614             java.lang.StringCoding::deref (19 bytes)
Event: 1014.075 Thread 0x00007f368810e000 nmethod 615 0x00007f36851956d0 code [0x00007f3685195800, 0x00007f3685195858]
Event: 1014.075 Thread 0x00007f368810e000  616             java.lang.StringCoding::scale (7 bytes)
Event: 1014.075 Thread 0x00007f368810e000 nmethod 616 0x00007f36851954d0 code [0x00007f3685195600, 0x00007f3685195658]
Event: 1014.078 Thread 0x00007f3688111000 nmethod 614 0x00007f36852180d0 code [0x00007f3685218240, 0x00007f36852183f8]
Event: 1034.459 Thread 0x00007f368810e000  618             lcm.lcm.UDPMulticastProvider::publishEx (452 bytes)
Event: 1034.516 Thread 0x00007f368810e000 nmethod 618 0x00007f368521c110 code [0x00007f368521c460, 0x00007f368521e2f8]
Event: 1204.250 Thread 0x00007f3688111000  619   !         sun.awt.X11.XToolkit::getNextTaskTime (55 bytes)
Event: 1204.255 Thread 0x00007f3688111000 nmethod 619 0x00007f3685217250 code [0x00007f36852173e0, 0x00007f3685217630]

GC Heap History (10 events):
Event: 2.411 GC heap before
{Heap before GC invocations=7 (full 0):
 PSYoungGen      total 101824K, used 99792K [0x00000000e1560000, 0x00000000e80e0000, 0x0000000100000000)
  eden space 94208K, 100% used [0x00000000e1560000,0x00000000e7160000,0x00000000e7160000)
  from space 7616K, 73% used [0x00000000e7970000,0x00000000e7ee4010,0x00000000e80e0000)
  to   space 7936K, 0% used [0x00000000e7160000,0x00000000e7160000,0x00000000e7920000)
 ParOldGen       total 62784K, used 7563K [0x00000000a4000000, 0x00000000a7d50000, 0x00000000e1560000)
  object space 62784K, 12% used [0x00000000a4000000,0x00000000a4762c58,0x00000000a7d50000)
 PSPermGen       total 21248K, used 3568K [0x0000000099a00000, 0x000000009aec0000, 0x00000000a4000000)
  object space 21248K, 16% used [0x0000000099a00000,0x0000000099d7c2f8,0x000000009aec0000)
Event: 2.420 GC heap after
Heap after GC invocations=7 (full 0):
 PSYoungGen      total 102144K, used 192K [0x00000000e1560000, 0x00000000ede60000, 0x0000000100000000)
  eden space 94208K, 0% used [0x00000000e1560000,0x00000000e1560000,0x00000000e7160000)
  from space 7936K, 2% used [0x00000000e7160000,0x00000000e7190000,0x00000000e7920000)
  to   space 8704K, 0% used [0x00000000ed5e0000,0x00000000ed5e0000,0x00000000ede60000)
 ParOldGen       total 62784K, used 11179K [0x00000000a4000000, 0x00000000a7d50000, 0x00000000e1560000)
  object space 62784K, 17% used [0x00000000a4000000,0x00000000a4aeacb8,0x00000000a7d50000)
 PSPermGen       total 21248K, used 3568K [0x0000000099a00000, 0x000000009aec0000, 0x00000000a4000000)
  object space 21248K, 16% used [0x0000000099a00000,0x0000000099d7c2f8,0x000000009aec0000)
}
Event: 2.738 GC heap before
{Heap before GC invocations=8 (full 0):
 PSYoungGen      total 102144K, used 94400K [0x00000000e1560000, 0x00000000ede60000, 0x0000000100000000)
  eden space 94208K, 100% used [0x00000000e1560000,0x00000000e7160000,0x00000000e7160000)
  from space 7936K, 2% used [0x00000000e7160000,0x00000000e7190000,0x00000000e7920000)
  to   space 8704K, 0% used [0x00000000ed5e0000,0x00000000ed5e0000,0x00000000ede60000)
 ParOldGen       total 62784K, used 11179K [0x00000000a4000000, 0x00000000a7d50000, 0x00000000e1560000)
  object space 62784K, 17% used [0x00000000a4000000,0x00000000a4aeacb8,0x00000000a7d50000)
 PSPermGen       total 21248K, used 3568K [0x0000000099a00000, 0x000000009aec0000, 0x00000000a4000000)
  object space 21248K, 16% used [0x0000000099a00000,0x0000000099d7c2f8,0x000000009aec0000)
Event: 2.739 GC heap after
Heap after GC invocations=8 (full 0):
 PSYoungGen      total 196672K, used 160K [0x00000000e1560000, 0x00000000edf40000, 0x0000000100000000)
  eden space 187968K, 0% used [0x00000000e1560000,0x00000000e1560000,0x00000000eccf0000)
  from space 8704K, 1% used [0x00000000ed5e0000,0x00000000ed608000,0x00000000ede60000)
  to   space 9152K, 0% used [0x00000000eccf0000,0x00000000eccf0000,0x00000000ed5e0000)
 ParOldGen       total 62784K, used 11251K [0x00000000a4000000, 0x00000000a7d50000, 0x00000000e1560000)
  object space 62784K, 17% used [0x00000000a4000000,0x00000000a4afccb8,0x00000000a7d50000)
 PSPermGen       total 21248K, used 3568K [0x0000000099a00000, 0x000000009aec0000, 0x00000000a4000000)
  object space 21248K, 16% used [0x0000000099a00000,0x0000000099d7c2f8,0x000000009aec0000)
}
Event: 8.027 GC heap before
{Heap before GC invocations=9 (full 0):
 PSYoungGen      total 196672K, used 188128K [0x00000000e1560000, 0x00000000edf40000, 0x0000000100000000)
  eden space 187968K, 100% used [0x00000000e1560000,0x00000000eccf0000,0x00000000eccf0000)
  from space 8704K, 1% used [0x00000000ed5e0000,0x00000000ed608000,0x00000000ede60000)
  to   space 9152K, 0% used [0x00000000eccf0000,0x00000000eccf0000,0x00000000ed5e0000)
 ParOldGen       total 62784K, used 11251K [0x00000000a4000000, 0x00000000a7d50000, 0x00000000e1560000)
  object space 62784K, 17% used [0x00000000a4000000,0x00000000a4afccb8,0x00000000a7d50000)
 PSPermGen       total 21248K, used 15236K [0x0000000099a00000, 0x000000009aec0000, 0x00000000a4000000)
  object space 21248K, 71% used [0x0000000099a00000,0x000000009a8e1268,0x000000009aec0000)
Event: 8.033 GC heap after
Heap after GC invocations=9 (full 0):
 PSYoungGen      total 197120K, used 2066K [0x00000000e1560000, 0x00000000f4ca0000, 0x0000000100000000)
  eden space 187968K, 0% used [0x00000000e1560000,0x00000000e1560000,0x00000000eccf0000)
  from space 9152K, 22% used [0x00000000eccf0000,0x00000000ecef4860,0x00000000ed5e0000)
  to   space 8960K, 0% used [0x00000000f43e0000,0x00000000f43e0000,0x00000000f4ca0000)
 ParOldGen       total 62784K, used 11267K [0x00000000a4000000, 0x00000000a7d50000, 0x00000000e1560000)
  object space 62784K, 17% used [0x00000000a4000000,0x00000000a4b00cb8,0x00000000a7d50000)
 PSPermGen       total 21248K, used 15236K [0x0000000099a00000, 0x000000009aec0000, 0x00000000a4000000)
  object space 21248K, 71% used [0x0000000099a00000,0x000000009a8e1268,0x000000009aec0000)
}
Event: 84.828 GC heap before
{Heap before GC invocations=10 (full 0):
 PSYoungGen      total 197120K, used 190034K [0x00000000e1560000, 0x00000000f4ca0000, 0x0000000100000000)
  eden space 187968K, 100% used [0x00000000e1560000,0x00000000eccf0000,0x00000000eccf0000)
  from space 9152K, 22% used [0x00000000eccf0000,0x00000000ecef4860,0x00000000ed5e0000)
  to   space 8960K, 0% used [0x00000000f43e0000,0x00000000f43e0000,0x00000000f4ca0000)
 ParOldGen       total 62784K, used 11267K [0x00000000a4000000, 0x00000000a7d50000, 0x00000000e1560000)
  object space 62784K, 17% used [0x00000000a4000000,0x00000000a4b00cb8,0x00000000a7d50000)
 PSPermGen       total 21248K, used 19339K [0x0000000099a00000, 0x000000009aec0000, 0x00000000a4000000)
  object space 21248K, 91% used [0x0000000099a00000,0x000000009ace2d90,0x000000009aec0000)
Event: 84.842 GC heap after
Heap after GC invocations=10 (full 0):
 PSYoungGen      total 309376K, used 4614K [0x00000000e1560000, 0x00000000f4c40000, 0x0000000100000000)
  eden space 300800K, 0% used [0x00000000e1560000,0x00000000e1560000,0x00000000f3b20000)
  from space 8576K, 53% used [0x00000000f43e0000,0x00000000f4861ba8,0x00000000f4c40000)
  to   space 8768K, 0% used [0x00000000f3b20000,0x00000000f3b20000,0x00000000f43b0000)
 ParOldGen       total 62784K, used 11291K [0x00000000a4000000, 0x00000000a7d50000, 0x00000000e1560000)
  object space 62784K, 17% used [0x00000000a4000000,0x00000000a4b06cb8,0x00000000a7d50000)
 PSPermGen       total 21248K, used 19339K [0x0000000099a00000, 0x000000009aec0000, 0x00000000a4000000)
  object space 21248K, 91% used [0x0000000099a00000,0x000000009ace2d90,0x000000009aec0000)
}
Event: 227.947 GC heap before
{Heap before GC invocations=11 (full 0):
 PSYoungGen      total 309376K, used 305414K [0x00000000e1560000, 0x00000000f4c40000, 0x0000000100000000)
  eden space 300800K, 100% used [0x00000000e1560000,0x00000000f3b20000,0x00000000f3b20000)
  from space 8576K, 53% used [0x00000000f43e0000,0x00000000f4861ba8,0x00000000f4c40000)
  to   space 8768K, 0% used [0x00000000f3b20000,0x00000000f3b20000,0x00000000f43b0000)
 ParOldGen       total 62784K, used 11291K [0x00000000a4000000, 0x00000000a7d50000, 0x00000000e1560000)
  object space 62784K, 17% used [0x00000000a4000000,0x00000000a4b06cb8,0x00000000a7d50000)
 PSPermGen       total 21248K, used 19683K [0x0000000099a00000, 0x000000009aec0000, 0x00000000a4000000)
  object space 21248K, 92% used [0x0000000099a00000,0x000000009ad38e10,0x000000009aec0000)
Event: 227.963 GC heap after
Heap after GC invocations=11 (full 0):
 PSYoungGen      total 309568K, used 1088K [0x00000000e1560000, 0x00000000ffc80000, 0x0000000100000000)
  eden space 300800K, 0% used [0x00000000e1560000,0x00000000e1560000,0x00000000f3b20000)
  from space 8768K, 12% used [0x00000000f3b20000,0x00000000f3c30000,0x00000000f43b0000)
  to   space 8768K, 0% used [0x00000000ff3f0000,0x00000000ff3f0000,0x00000000ffc80000)
 ParOldGen       total 62784K, used 13960K [0x00000000a4000000, 0x00000000a7d50000, 0x00000000e1560000)
  object space 62784K, 22% used [0x00000000a4000000,0x00000000a4da21a0,0x00000000a7d50000)
 PSPermGen       total 21248K, used 19683K [0x0000000099a00000, 0x000000009aec0000, 0x00000000a4000000)
  object space 21248K, 92% used [0x0000000099a00000,0x000000009ad38e10,0x000000009aec0000)
}

Deoptimization events (10 events):
Event: 143.777 Thread 0x00007f36200e2000 Uncommon trap -83 fr.pc 0x00007f3685195650
Event: 150.140 Thread 0x00007f36200e2000 Uncommon trap -12 fr.pc 0x00007f368514d930
Event: 150.237 Thread 0x00007f368832e000 Uncommon trap -83 fr.pc 0x00007f3685191d9c
Event: 177.978 Thread 0x00007f36200e2000 Uncommon trap -58 fr.pc 0x00007f36851659c8
Event: 177.979 Thread 0x00007f36200e2000 Uncommon trap -58 fr.pc 0x00007f36851646b4
Event: 177.979 Thread 0x00007f36200e2000 Uncommon trap -58 fr.pc 0x00007f36851646b4
Event: 177.979 Thread 0x00007f36200e2000 Uncommon trap -58 fr.pc 0x00007f36851646b4
Event: 177.979 Thread 0x00007f36200e2000 Uncommon trap -58 fr.pc 0x00007f36851646b4
Event: 210.160 Thread 0x00007f36200e2000 Uncommon trap -83 fr.pc 0x00007f3685195fe0
Event: 223.270 Thread 0x00007f362419f000 Uncommon trap -83 fr.pc 0x00007f368515e268

Internal exceptions (10 events):
Event: 177.986 Thread 0x00007f36200e2000 Threw 0x00000000ee853008 at /build/buildd/openjdk-7-7u25-2.3.10/build/openjdk/hotspot/src/share/vm/prims/jvm.cpp:1235
Event: 177.986 Thread 0x00007f36200e2000 Threw 0x00000000ee8566a0 at /build/buildd/openjdk-7-7u25-2.3.10/build/openjdk/hotspot/src/share/vm/prims/jvm.cpp:1235
Event: 177.987 Thread 0x00007f36200e2000 Threw 0x00000000ee859bc0 at /build/buildd/openjdk-7-7u25-2.3.10/build/openjdk/hotspot/src/share/vm/prims/jvm.cpp:1235
Event: 177.988 Thread 0x00007f36200e2000 Threw 0x00000000ee85d158 at /build/buildd/openjdk-7-7u25-2.3.10/build/openjdk/hotspot/src/share/vm/prims/jvm.cpp:1235
Event: 177.988 Thread 0x00007f36200e2000 Threw 0x00000000ee860a60 at /build/buildd/openjdk-7-7u25-2.3.10/build/openjdk/hotspot/src/share/vm/prims/jvm.cpp:1235
Event: 177.989 Thread 0x00007f36200e2000 Threw 0x00000000ee863bd8 at /build/buildd/openjdk-7-7u25-2.3.10/build/openjdk/hotspot/src/share/vm/prims/jvm.cpp:1235
Event: 177.989 Thread 0x00007f36200e2000 Threw 0x00000000ee866f68 at /build/buildd/openjdk-7-7u25-2.3.10/build/openjdk/hotspot/src/share/vm/prims/jvm.cpp:1235
Event: 177.990 Thread 0x00007f36200e2000 Threw 0x00000000ee86a4f8 at /build/buildd/openjdk-7-7u25-2.3.10/build/openjdk/hotspot/src/share/vm/prims/jvm.cpp:1235
Event: 177.991 Thread 0x00007f36200e2000 Threw 0x00000000ee86d5a8 at /build/buildd/openjdk-7-7u25-2.3.10/build/openjdk/hotspot/src/share/vm/prims/jvm.cpp:1235
Event: 223.270 Thread 0x00007f362419f000 Implicit null exception at 0x00007f368515dc33 to 0x00007f368515e251

Events (10 events):
Event: 227.983 Executing VM operation: RevokeBias
Event: 227.984 Executing VM operation: RevokeBias done
Event: 227.984 Executing VM operation: RevokeBias
Event: 227.984 Executing VM operation: RevokeBias done
Event: 227.984 Executing VM operation: RevokeBias
Event: 227.984 Executing VM operation: RevokeBias done
Event: 227.984 Executing VM operation: BulkRevokeBias
Event: 227.984 Executing VM operation: BulkRevokeBias done
Event: 519.535 Thread 0x00007f368810e000 flushing nmethod 0x00007f368514b690
Event: 630.019 Thread 0x00007f3688111000 flushing nmethod 0x00007f3685195190


Dynamic libraries:
00400000-00401000 r-xp 00000000 08:07 8132483                            /usr/lib/jvm/java-7-openjdk-amd64/jre/bin/java
00600000-00601000 r--p 00000000 08:07 8132483                            /usr/lib/jvm/java-7-openjdk-amd64/jre/bin/java
00601000-00602000 rw-p 00001000 08:07 8132483                            /usr/lib/jvm/java-7-openjdk-amd64/jre/bin/java
00f0f000-00f30000 rw-p 00000000 00:00 0                                  [heap]
99a00000-9aec0000 rw-p 00000000 00:00 0 
9aec0000-a4000000 rw-p 00000000 00:00 0 
a4000000-a7d50000 rw-p 00000000 00:00 0 
a7d50000-e1560000 rw-p 00000000 00:00 0 
e1560000-ffc80000 rw-p 00000000 00:00 0 
ffc80000-100000000 rw-p 00000000 00:00 0 
7f3610000000-7f3610021000 rw-p 00000000 00:00 0 
7f3610021000-7f3614000000 ---p 00000000 00:00 0 
7f3614000000-7f3614021000 rw-p 00000000 00:00 0 
7f3614021000-7f3618000000 ---p 00000000 00:00 0 
7f3618000000-7f3618021000 rw-p 00000000 00:00 0 
7f3618021000-7f361c000000 ---p 00000000 00:00 0 
7f361c000000-7f361c021000 rw-p 00000000 00:00 0 
7f361c021000-7f3620000000 ---p 00000000 00:00 0 
7f3620000000-7f36201af000 rw-p 00000000 00:00 0 
7f36201af000-7f3624000000 ---p 00000000 00:00 0 
7f3624000000-7f362422f000 rw-p 00000000 00:00 0 
7f362422f000-7f3628000000 ---p 00000000 00:00 0 
7f3628000000-7f3628023000 rw-p 00000000 00:00 0 
7f3628023000-7f362c000000 ---p 00000000 00:00 0 
7f362c000000-7f362c021000 rw-p 00000000 00:00 0 
7f362c021000-7f3630000000 ---p 00000000 00:00 0 
7f3630000000-7f3630021000 rw-p 00000000 00:00 0 
7f3630021000-7f3634000000 ---p 00000000 00:00 0 
7f363679b000-7f3636c90000 rw-p 00000000 00:00 0 
7f3636c90000-7f3637dff000 r-xp 00000000 08:07 7871992                    /usr/lib/x86_64-linux-gnu/libicudata.so.48.1.1
7f3637dff000-7f3637ffe000 ---p 0116f000 08:07 7871992                    /usr/lib/x86_64-linux-gnu/libicudata.so.48.1.1
7f3637ffe000-7f3637fff000 r--p 0116e000 08:07 7871992                    /usr/lib/x86_64-linux-gnu/libicudata.so.48.1.1
7f3637fff000-7f3638000000 rw-p 0116f000 08:07 7871992                    /usr/lib/x86_64-linux-gnu/libicudata.so.48.1.1
7f3638000000-7f3638021000 rw-p 00000000 00:00 0 
7f3638021000-7f363c000000 ---p 00000000 00:00 0 
7f363c435000-7f363c438000 ---p 00000000 00:00 0 
7f363c438000-7f363c536000 rw-p 00000000 00:00 0 
7f363c536000-7f363c539000 ---p 00000000 00:00 0 
7f363c539000-7f363c637000 rw-p 00000000 00:00 0 
7f363c637000-7f363c63a000 ---p 00000000 00:00 0 
7f363c63a000-7f363c738000 rw-p 00000000 00:00 0 
7f363c738000-7f363c881000 rw-s 00000000 00:04 1241645126                 /SYSV00000000 (deleted)
7f363c881000-7f363c884000 ---p 00000000 00:00 0 
7f363c884000-7f363c982000 rw-p 00000000 00:00 0                          [stack:9935]
7f363c982000-7f363c985000 ---p 00000000 00:00 0 
7f363c985000-7f363ca83000 rw-p 00000000 00:00 0 
7f363ca83000-7f363ca93000 r-xp 00000000 08:07 8132427                    /usr/lib/jvm/java-7-openjdk-amd64/jre/lib/amd64/libnio.so
7f363ca93000-7f363cc93000 ---p 00010000 08:07 8132427                    /usr/lib/jvm/java-7-openjdk-amd64/jre/lib/amd64/libnio.so
7f363cc93000-7f363cc94000 r--p 00010000 08:07 8132427                    /usr/lib/jvm/java-7-openjdk-amd64/jre/lib/amd64/libnio.so
7f363cc94000-7f363cc95000 rw-p 00011000 08:07 8132427                    /usr/lib/jvm/java-7-openjdk-amd64/jre/lib/amd64/libnio.so
7f363cc95000-7f363cce1000 r-xp 00000000 08:07 8132438                    /usr/lib/jvm/java-7-openjdk-amd64/jre/lib/amd64/libfontmanager.so
7f363cce1000-7f363cee0000 ---p 0004c000 08:07 8132438                    /usr/lib/jvm/java-7-openjdk-amd64/jre/lib/amd64/libfontmanager.so
7f363cee0000-7f363cee3000 r--p 0004b000 08:07 8132438                    /usr/lib/jvm/java-7-openjdk-amd64/jre/lib/amd64/libfontmanager.so
7f363cee3000-7f363cee4000 rw-p 0004e000 08:07 8132438                    /usr/lib/jvm/java-7-openjdk-amd64/jre/lib/amd64/libfontmanager.so
7f363cee4000-7f363cee7000 ---p 00000000 00:00 0 
7f363cee7000-7f363cfe5000 rw-p 00000000 00:00 0                          [stack:9898]
7f363cfe5000-7f363cfe8000 ---p 00000000 00:00 0 
7f363cfe8000-7f363d0e6000 rw-p 00000000 00:00 0                          [stack:9897]
7f363d0e6000-7f363d0e9000 r-xp 00000000 08:07 5246626                    /lib/x86_64-linux-gnu/libgpg-error.so.0.8.0
7f363d0e9000-7f363d2e8000 ---p 00003000 08:07 5246626                    /lib/x86_64-linux-gnu/libgpg-error.so.0.8.0
7f363d2e8000-7f363d2e9000 r--p 00002000 08:07 5246626                    /lib/x86_64-linux-gnu/libgpg-error.so.0.8.0
7f363d2e9000-7f363d2ea000 rw-p 00003000 08:07 5246626                    /lib/x86_64-linux-gnu/libgpg-error.so.0.8.0
7f363d2ea000-7f363d2ec000 r-xp 00000000 08:07 5246637                    /lib/x86_64-linux-gnu/libkeyutils.so.1.4
7f363d2ec000-7f363d4ec000 ---p 00002000 08:07 5246637                    /lib/x86_64-linux-gnu/libkeyutils.so.1.4
7f363d4ec000-7f363d4ed000 r--p 00002000 08:07 5246637                    /lib/x86_64-linux-gnu/libkeyutils.so.1.4
7f363d4ed000-7f363d4ee000 rw-p 00003000 08:07 5246637                    /lib/x86_64-linux-gnu/libkeyutils.so.1.4
7f363d4ee000-7f363d644000 r-xp 00000000 08:07 7872006                    /usr/lib/x86_64-linux-gnu/libicuuc.so.48.1.1
7f363d644000-7f363d843000 ---p 00156000 08:07 7872006                    /usr/lib/x86_64-linux-gnu/libicuuc.so.48.1.1
7f363d843000-7f363d854000 r--p 00155000 08:07 7872006                    /usr/lib/x86_64-linux-gnu/libicuuc.so.48.1.1
7f363d854000-7f363d855000 rw-p 00166000 08:07 7872006                    /usr/lib/x86_64-linux-gnu/libicuuc.so.48.1.1
7f363d855000-7f363d859000 rw-p 00000000 00:00 0 
7f363d859000-7f363d88b000 r-xp 00000000 08:07 7871998                    /usr/lib/x86_64-linux-gnu/libicule.so.48.1.1
7f363d88b000-7f363da8b000 ---p 00032000 08:07 7871998                    /usr/lib/x86_64-linux-gnu/libicule.so.48.1.1
7f363da8b000-7f363da8d000 r--p 00032000 08:07 7871998                    /usr/lib/x86_64-linux-gnu/libicule.so.48.1.1
7f363da8d000-7f363da8e000 rw-p 00034000 08:07 7871998                    /usr/lib/x86_64-linux-gnu/libicule.so.48.1.1
7f363da8e000-7f363dad1000 r-xp 00000000 08:07 5242885                    /lib/x86_64-linux-gnu/libdbus-1.so.3.7.2
7f363dad1000-7f363dcd0000 ---p 00043000 08:07 5242885                    /lib/x86_64-linux-gnu/libdbus-1.so.3.7.2
7f363dcd0000-7f363dcd1000 r--p 00042000 08:07 5242885                    /lib/x86_64-linux-gnu/libdbus-1.so.3.7.2
7f363dcd1000-7f363dcd2000 rw-p 00043000 08:07 5242885                    /lib/x86_64-linux-gnu/libdbus-1.so.3.7.2
7f363dcd2000-7f363dce4000 r-xp 00000000 08:07 7872131                    /usr/lib/x86_64-linux-gnu/libp11-kit.so.0.0.0
7f363dce4000-7f363dee4000 ---p 00012000 08:07 7872131                    /usr/lib/x86_64-linux-gnu/libp11-kit.so.0.0.0
7f363dee4000-7f363dee5000 r--p 00012000 08:07 7872131                    /usr/lib/x86_64-linux-gnu/libp11-kit.so.0.0.0
7f363dee5000-7f363dee6000 rw-p 00013000 08:07 7872131                    /usr/lib/x86_64-linux-gnu/libp11-kit.so.0.0.0
7f363dee6000-7f363def5000 r-xp 00000000 08:07 7872289                    /usr/lib/x86_64-linux-gnu/libtasn1.so.3.2.0
7f363def5000-7f363e0f5000 ---p 0000f000 08:07 7872289                    /usr/lib/x86_64-linux-gnu/libtasn1.so.3.2.0
7f363e0f5000-7f363e0f6000 r--p 0000f000 08:07 7872289                    /usr/lib/x86_64-linux-gnu/libtasn1.so.3.2.0
7f363e0f6000-7f363e0f7000 rw-p 00010000 08:07 7872289                    /usr/lib/x86_64-linux-gnu/libtasn1.so.3.2.0
7f363e0f7000-7f363e171000 r-xp 00000000 08:07 5243988                    /lib/x86_64-linux-gnu/libgcrypt.so.11.7.0
7f363e171000-7f363e371000 ---p 0007a000 08:07 5243988                    /lib/x86_64-linux-gnu/libgcrypt.so.11.7.0
7f363e371000-7f363e372000 r--p 0007a000 08:07 5243988                    /lib/x86_64-linux-gnu/libgcrypt.so.11.7.0
7f363e372000-7f363e375000 rw-p 0007b000 08:07 5243988                    /lib/x86_64-linux-gnu/libgcrypt.so.11.7.0
7f363e375000-7f363e37c000 r-xp 00000000 08:07 7872041                    /usr/lib/x86_64-linux-gnu/libkrb5support.so.0.1
7f363e37c000-7f363e57b000 ---p 00007000 08:07 7872041                    /usr/lib/x86_64-linux-gnu/libkrb5support.so.0.1
7f363e57b000-7f363e57c000 r--p 00006000 08:07 7872041                    /usr/lib/x86_64-linux-gnu/libkrb5support.so.0.1
7f363e57c000-7f363e57d000 rw-p 00007000 08:07 7872041                    /usr/lib/x86_64-linux-gnu/libkrb5support.so.0.1
7f363e57d000-7f363e580000 r-xp 00000000 08:07 5246602                    /lib/x86_64-linux-gnu/libcom_err.so.2.1
7f363e580000-7f363e77f000 ---p 00003000 08:07 5246602                    /lib/x86_64-linux-gnu/libcom_err.so.2.1
7f363e77f000-7f363e780000 r--p 00002000 08:07 5246602                    /lib/x86_64-linux-gnu/libcom_err.so.2.1
7f363e780000-7f363e781000 rw-p 00003000 08:07 5246602                    /lib/x86_64-linux-gnu/libcom_err.so.2.1
7f363e781000-7f363e7a7000 r-xp 00000000 08:07 7872035                    /usr/lib/x86_64-linux-gnu/libk5crypto.so.3.1
7f363e7a7000-7f363e9a7000 ---p 00026000 08:07 7872035                    /usr/lib/x86_64-linux-gnu/libk5crypto.so.3.1
7f363e9a7000-7f363e9a8000 r--p 00026000 08:07 7872035                    /usr/lib/x86_64-linux-gnu/libk5crypto.so.3.1
7f363e9a8000-7f363e9a9000 rw-p 00027000 08:07 7872035                    /usr/lib/x86_64-linux-gnu/libk5crypto.so.3.1
7f363e9a9000-7f363e9aa000 rw-p 00000000 00:00 0 
7f363e9aa000-7f363ea6e000 r-xp 00000000 08:07 7872039                    /usr/lib/x86_64-linux-gnu/libkrb5.so.3.3
7f363ea6e000-7f363ec6d000 ---p 000c4000 08:07 7872039                    /usr/lib/x86_64-linux-gnu/libkrb5.so.3.3
7f363ec6d000-7f363ec77000 r--p 000c3000 08:07 7872039                    /usr/lib/x86_64-linux-gnu/libkrb5.so.3.3
7f363ec77000-7f363ec78000 rw-p 000cd000 08:07 7872039                    /usr/lib/x86_64-linux-gnu/libkrb5.so.3.3
7f363ec78000-7f363ed0d000 r-xp 00000000 08:07 7871976                    /usr/lib/x86_64-linux-gnu/libharfbuzz.so.0.913.0
7f363ed0d000-7f363ef0c000 ---p 00095000 08:07 7871976                    /usr/lib/x86_64-linux-gnu/libharfbuzz.so.0.913.0
7f363ef0c000-7f363ef0e000 r--p 00094000 08:07 7871976                    /usr/lib/x86_64-linux-gnu/libharfbuzz.so.0.913.0
7f363ef0e000-7f363ef0f000 rw-p 00096000 08:07 7871976                    /usr/lib/x86_64-linux-gnu/libharfbuzz.so.0.913.0
7f363ef0f000-7f363ef17000 r-xp 00000000 08:07 7876045                    /usr/lib/x86_64-linux-gnu/libxcb-render.so.0.0.0
7f363ef17000-7f363f117000 ---p 00008000 08:07 7876045                    /usr/lib/x86_64-linux-gnu/libxcb-render.so.0.0.0
7f363f117000-7f363f118000 r--p 00008000 08:07 7876045                    /usr/lib/x86_64-linux-gnu/libxcb-render.so.0.0.0
7f363f118000-7f363f119000 rw-p 00009000 08:07 7876045                    /usr/lib/x86_64-linux-gnu/libxcb-render.so.0.0.0
7f363f119000-7f363f11b000 r-xp 00000000 08:07 7872377                    /usr/lib/x86_64-linux-gnu/libxcb-shm.so.0.0.0
7f363f11b000-7f363f31a000 ---p 00002000 08:07 7872377                    /usr/lib/x86_64-linux-gnu/libxcb-shm.so.0.0.0
7f363f31a000-7f363f31b000 r--p 00001000 08:07 7872377                    /usr/lib/x86_64-linux-gnu/libxcb-shm.so.0.0.0
7f363f31b000-7f363f31c000 rw-p 00002000 08:07 7872377                    /usr/lib/x86_64-linux-gnu/libxcb-shm.so.0.0.0
7f363f31c000-7f363f341000 r-xp 00000000 08:07 5246702                    /lib/x86_64-linux-gnu/libpng12.so.0.49.0
7f363f341000-7f363f540000 ---p 00025000 08:07 5246702                    /lib/x86_64-linux-gnu/libpng12.so.0.49.0
7f363f540000-7f363f541000 r--p 00024000 08:07 5246702                    /lib/x86_64-linux-gnu/libpng12.so.0.49.0
7f363f541000-7f363f542000 rw-p 00025000 08:07 5246702                    /lib/x86_64-linux-gnu/libpng12.so.0.49.0
7f363f542000-7f363f5d2000 r-xp 00000000 08:07 7872161                    /usr/lib/x86_64-linux-gnu/libpixman-1.so.0.28.2
7f363f5d2000-7f363f7d1000 ---p 00090000 08:07 7872161                    /usr/lib/x86_64-linux-gnu/libpixman-1.so.0.28.2
7f363f7d1000-7f363f7d8000 r--p 0008f000 08:07 7872161                    /usr/lib/x86_64-linux-gnu/libpixman-1.so.0.28.2
7f363f7d8000-7f363f7d9000 rw-p 00096000 08:07 7872161                    /usr/lib/x86_64-linux-gnu/libpixman-1.so.0.28.2
7f363f7d9000-7f363f7de000 r-xp 00000000 08:07 7871525                    /usr/lib/x86_64-linux-gnu/libXdmcp.so.6.0.0
7f363f7de000-7f363f9dd000 ---p 00005000 08:07 7871525                    /usr/lib/x86_64-linux-gnu/libXdmcp.so.6.0.0
7f363f9dd000-7f363f9de000 r--p 00004000 08:07 7871525                    /usr/lib/x86_64-linux-gnu/libXdmcp.so.6.0.0
7f363f9de000-7f363f9df000 rw-p 00005000 08:07 7871525                    /usr/lib/x86_64-linux-gnu/libXdmcp.so.6.0.0
7f363f9df000-7f363f9e1000 r-xp 00000000 08:07 7871514                    /usr/lib/x86_64-linux-gnu/libXau.so.6.0.0
7f363f9e1000-7f363fbe1000 ---p 00002000 08:07 7871514                    /usr/lib/x86_64-linux-gnu/libXau.so.6.0.0
7f363fbe1000-7f363fbe2000 r--p 00002000 08:07 7871514                    /usr/lib/x86_64-linux-gnu/libXau.so.6.0.0
7f363fbe2000-7f363fbe3000 rw-p 00003000 08:07 7871514                    /usr/lib/x86_64-linux-gnu/libXau.so.6.0.0
7f363fbe3000-7f363fbf2000 r-xp 00000000 08:07 7871600                    /usr/lib/x86_64-linux-gnu/libavahi-client.so.3.2.9
7f363fbf2000-7f363fdf2000 ---p 0000f000 08:07 7871600                    /usr/lib/x86_64-linux-gnu/libavahi-client.so.3.2.9
7f363fdf2000-7f363fdf3000 r--p 0000f000 08:07 7871600                    /usr/lib/x86_64-linux-gnu/libavahi-client.so.3.2.9
7f363fdf3000-7f363fdf4000 rw-p 00010000 08:07 7871600                    /usr/lib/x86_64-linux-gnu/libavahi-client.so.3.2.9
7f363fdf4000-7f363fdff000 r-xp 00000000 08:07 7871602                    /usr/lib/x86_64-linux-gnu/libavahi-common.so.3.5.3
7f363fdff000-7f363fffe000 ---p 0000b000 08:07 7871602                    /usr/lib/x86_64-linux-gnu/libavahi-common.so.3.5.3
7f363fffe000-7f363ffff000 r--p 0000a000 08:07 7871602                    /usr/lib/x86_64-linux-gnu/libavahi-common.so.3.5.3
7f363ffff000-7f3640000000 rw-p 0000b000 08:07 7871602                    /usr/lib/x86_64-linux-gnu/libavahi-common.so.3.5.3
7f3640000000-7f3640021000 rw-p 00000000 00:00 0 
7f3640021000-7f3644000000 ---p 00000000 00:00 0 
7f3644000000-7f36460ac000 rw-p 00000000 00:00 0 
7f36460ac000-7f3648000000 ---p 00000000 00:00 0 
7f3648000000-7f3648021000 rw-p 00000000 00:00 0 
7f3648021000-7f364c000000 ---p 00000000 00:00 0 
7f364c000000-7f364c021000 rw-p 00000000 00:00 0 
7f364c021000-7f3650000000 ---p 00000000 00:00 0 
7f3650000000-7f36511f5000 rw-p 00000000 00:00 0 
7f36511f5000-7f3654000000 ---p 00000000 00:00 0 
7f3654000000-7f3655431000 rw-p 00000000 00:00 0 
7f3655431000-7f3658000000 ---p 00000000 00:00 0 
7f3658000000-7f3658021000 rw-p 00000000 00:00 0 
7f3658021000-7f365c000000 ---p 00000000 00:00 0 
7f365c000000-7f365c021000 rw-p 00000000 00:00 0 
7f365c021000-7f3660000000 ---p 00000000 00:00 0 
7f3660000000-7f3660021000 rw-p 00000000 00:00 0 
7f3660021000-7f3664000000 ---p 00000000 00:00 0 
7f3664000000-7f3664021000 rw-p 00000000 00:00 0 
7f3664021000-7f3668000000 ---p 00000000 00:00 0 
7f3668000000-7f3668021000 rw-p 00000000 00:00 0 
7f3668021000-7f366c000000 ---p 00000000 00:00 0 
7f366c06a000-7f366c06d000 ---p 00000000 00:00 0 
7f366c06d000-7f366c16b000 rw-p 00000000 00:00 0                          [stack:9896]
7f366c16b000-7f366c220000 r-xp 00000000 08:07 7876016                    /usr/lib/x86_64-linux-gnu/libgnutls.so.26.22.6
7f366c220000-7f366c41f000 ---p 000b5000 08:07 7876016                    /usr/lib/x86_64-linux-gnu/libgnutls.so.26.22.6
7f366c41f000-7f366c425000 r--p 000b4000 08:07 7876016                    /usr/lib/x86_64-linux-gnu/libgnutls.so.26.22.6
7f366c425000-7f366c426000 rw-p 000ba000 08:07 7876016                    /usr/lib/x86_64-linux-gnu/libgnutls.so.26.22.6
7f366c426000-7f366c427000 rw-p 00000000 00:00 0 
7f366c427000-7f366c462000 r-xp 00000000 08:07 7871878                    /usr/lib/x86_64-linux-gnu/libgssapi_krb5.so.2.2
7f366c462000-7f366c662000 ---p 0003b000 08:07 7871878                    /usr/lib/x86_64-linux-gnu/libgssapi_krb5.so.2.2
7f366c662000-7f366c663000 r--p 0003b000 08:07 7871878                    /usr/lib/x86_64-linux-gnu/libgssapi_krb5.so.2.2
7f366c663000-7f366c665000 rw-p 0003c000 08:07 7871878                    /usr/lib/x86_64-linux-gnu/libgssapi_krb5.so.2.2
7f366c665000-7f366c68b000 r-xp 00000000 08:07 5246615                    /lib/x86_64-linux-gnu/libexpat.so.1.6.0
7f366c68b000-7f366c88b000 ---p 00026000 08:07 5246615                    /lib/x86_64-linux-gnu/libexpat.so.1.6.0
7f366c88b000-7f366c88d000 r--p 00026000 08:07 5246615                    /lib/x86_64-linux-gnu/libexpat.so.1.6.0
7f366c88d000-7f366c88e000 rw-p 00028000 08:07 5246615                    /lib/x86_64-linux-gnu/libexpat.so.1.6.0
7f366c88e000-7f366c925000 r-xp 00000000 08:07 7871788                    /usr/lib/x86_64-linux-gnu/libfreetype.so.6.10.0
7f366c925000-7f366cb24000 ---p 00097000 08:07 7871788                    /usr/lib/x86_64-linux-gnu/libfreetype.so.6.10.0
7f366cb24000-7f366cb2a000 r--p 00096000 08:07 7871788                    /usr/lib/x86_64-linux-gnu/libfreetype.so.6.10.0
7f366cb2a000-7f366cb2b000 rw-p 0009c000 08:07 7871788                    /usr/lib/x86_64-linux-gnu/libfreetype.so.6.10.0
7f366cb2b000-7f366cb2d000 r-xp 00000000 08:07 7871523                    /usr/lib/x86_64-linux-gnu/libXdamage.so.1.1.0
7f366cb2d000-7f366cd2c000 ---p 00002000 08:07 7871523                    /usr/lib/x86_64-linux-gnu/libXdamage.so.1.1.0
7f366cd2c000-7f366cd2d000 r--p 00001000 08:07 7871523                    /usr/lib/x86_64-linux-gnu/libXdamage.so.1.1.0
7f366cd2d000-7f366cd2e000 rw-p 00002000 08:07 7871523                    /usr/lib/x86_64-linux-gnu/libXdamage.so.1.1.0
7f366cd2e000-7f366cd30000 r-xp 00000000 08:07 7871519                    /usr/lib/x86_64-linux-gnu/libXcomposite.so.1.0.0
7f366cd30000-7f366cf2f000 ---p 00002000 08:07 7871519                    /usr/lib/x86_64-linux-gnu/libXcomposite.so.1.0.0
7f366cf2f000-7f366cf30000 r--p 00001000 08:07 7871519                    /usr/lib/x86_64-linux-gnu/libXcomposite.so.1.0.0
7f366cf30000-7f366cf31000 rw-p 00002000 08:07 7871519                    /usr/lib/x86_64-linux-gnu/libXcomposite.so.1.0.0
7f366cf31000-7f366cf3a000 r-xp 00000000 08:07 7871546                    /usr/lib/x86_64-linux-gnu/libXcursor.so.1.0.2
7f366cf3a000-7f366d13a000 ---p 00009000 08:07 7871546                    /usr/lib/x86_64-linux-gnu/libXcursor.so.1.0.2
7f366d13a000-7f366d13b000 r--p 00009000 08:07 7871546                    /usr/lib/x86_64-linux-gnu/libXcursor.so.1.0.2
7f366d13b000-7f366d13c000 rw-p 0000a000 08:07 7871546                    /usr/lib/x86_64-linux-gnu/libXcursor.so.1.0.2
7f366d13c000-7f366d145000 r-xp 00000000 08:07 7871534                    /usr/lib/x86_64-linux-gnu/libXrandr.so.2.2.0
7f366d145000-7f366d344000 ---p 00009000 08:07 7871534                    /usr/lib/x86_64-linux-gnu/libXrandr.so.2.2.0
7f366d344000-7f366d345000 r--p 00008000 08:07 7871534                    /usr/lib/x86_64-linux-gnu/libXrandr.so.2.2.0
7f366d345000-7f366d346000 rw-p 00009000 08:07 7871534                    /usr/lib/x86_64-linux-gnu/libXrandr.so.2.2.0
7f366d346000-7f366d348000 r-xp 00000000 08:07 7871532                    /usr/lib/x86_64-linux-gnu/libXinerama.so.1.0.0
7f366d348000-7f366d547000 ---p 00002000 08:07 7871532                    /usr/lib/x86_64-linux-gnu/libXinerama.so.1.0.0
7f366d547000-7f366d548000 r--p 00001000 08:07 7871532                    /usr/lib/x86_64-linux-gnu/libXinerama.so.1.0.0
7f366d548000-7f366d549000 rw-p 00002000 08:07 7871532                    /usr/lib/x86_64-linux-gnu/libXinerama.so.1.0.0
7f366d549000-7f366d55c000 r-xp 00000000 08:07 7872143                    /usr/lib/x86_64-linux-gnu/libpangoft2-1.0.so.0.3200.5
7f366d55c000-7f366d75b000 ---p 00013000 08:07 7872143                    /usr/lib/x86_64-linux-gnu/libpangoft2-1.0.so.0.3200.5
7f366d75b000-7f366d75c000 r--p 00012000 08:07 7872143                    /usr/lib/x86_64-linux-gnu/libpangoft2-1.0.so.0.3200.5
7f366d75c000-7f366d75d000 rw-p 00013000 08:07 7872143                    /usr/lib/x86_64-linux-gnu/libpangoft2-1.0.so.0.3200.5
7f366d75d000-7f366d85b000 r-xp 00000000 08:07 7871626                    /usr/lib/x86_64-linux-gnu/libcairo.so.2.11200.14
7f366d85b000-7f366da5b000 ---p 000fe000 08:07 7871626                    /usr/lib/x86_64-linux-gnu/libcairo.so.2.11200.14
7f366da5b000-7f366da5e000 r--p 000fe000 08:07 7871626                    /usr/lib/x86_64-linux-gnu/libcairo.so.2.11200.14
7f366da5e000-7f366da5f000 rw-p 00101000 08:07 7871626                    /usr/lib/x86_64-linux-gnu/libcairo.so.2.11200.14
7f366da5f000-7f366da61000 rw-p 00000000 00:00 0 
7f366da61000-7f366da81000 r-xp 00000000 08:07 7871590                    /usr/lib/x86_64-linux-gnu/libatk-1.0.so.0.20809.1
7f366da81000-7f366dc80000 ---p 00020000 08:07 7871590                    /usr/lib/x86_64-linux-gnu/libatk-1.0.so.0.20809.1
7f366dc80000-7f366dc82000 r--p 0001f000 08:07 7871590                    /usr/lib/x86_64-linux-gnu/libatk-1.0.so.0.20809.1
7f366dc82000-7f366dc83000 rw-p 00021000 08:07 7871590                    /usr/lib/x86_64-linux-gnu/libatk-1.0.so.0.20809.1
7f366dc83000-7f366dc88000 r-xp 00000000 08:07 7871526                    /usr/lib/x86_64-linux-gnu/libXfixes.so.3.1.0
7f366dc88000-7f366de87000 ---p 00005000 08:07 7871526                    /usr/lib/x86_64-linux-gnu/libXfixes.so.3.1.0
7f366de87000-7f366de88000 r--p 00004000 08:07 7871526                    /usr/lib/x86_64-linux-gnu/libXfixes.so.3.1.0
7f366de88000-7f366de89000 rw-p 00005000 08:07 7871526                    /usr/lib/x86_64-linux-gnu/libXfixes.so.3.1.0
7f366de89000-7f366de94000 r-xp 00000000 08:07 7872141                    /usr/lib/x86_64-linux-gnu/libpangocairo-1.0.so.0.3200.5
7f366de94000-7f366e094000 ---p 0000b000 08:07 7872141                    /usr/lib/x86_64-linux-gnu/libpangocairo-1.0.so.0.3200.5
7f366e094000-7f366e095000 r--p 0000b000 08:07 7872141                    /usr/lib/x86_64-linux-gnu/libpangocairo-1.0.so.0.3200.5
7f366e095000-7f366e096000 rw-p 0000c000 08:07 7872141                    /usr/lib/x86_64-linux-gnu/libpangocairo-1.0.so.0.3200.5
7f366e096000-7f366e0b3000 r-xp 00000000 08:07 7873627                    /usr/lib/x86_64-linux-gnu/libxcb.so.1.1.0
7f366e0b3000-7f366e2b2000 ---p 0001d000 08:07 7873627                    /usr/lib/x86_64-linux-gnu/libxcb.so.1.1.0
7f366e2b2000-7f366e2b3000 r--p 0001c000 08:07 7873627                    /usr/lib/x86_64-linux-gnu/libxcb.so.1.1.0
7f366e2b3000-7f366e2b4000 rw-p 0001d000 08:07 7873627                    /usr/lib/x86_64-linux-gnu/libxcb.so.1.1.0
7f366e2b4000-7f366e30e000 r-xp 00000000 08:07 7871679                    /usr/lib/x86_64-linux-gnu/libcups.so.2
7f366e30e000-7f366e50e000 ---p 0005a000 08:07 7871679                    /usr/lib/x86_64-linux-gnu/libcups.so.2
7f366e50e000-7f366e513000 r--p 0005a000 08:07 7871679                    /usr/lib/x86_64-linux-gnu/libcups.so.2
7f366e513000-7f366e514000 rw-p 0005f000 08:07 7871679                    /usr/lib/x86_64-linux-gnu/libcups.so.2
7f366e514000-7f366e515000 r-xp 00000000 08:07 7871956                    /usr/lib/x86_64-linux-gnu/libgthread-2.0.so.0.3600.0
7f366e515000-7f366e714000 ---p 00001000 08:07 7871956                    /usr/lib/x86_64-linux-gnu/libgthread-2.0.so.0.3600.0
7f366e714000-7f366e715000 r--p 00000000 08:07 7871956                    /usr/lib/x86_64-linux-gnu/libgthread-2.0.so.0.3600.0
7f366e715000-7f366e716000 rw-p 00001000 08:07 7871956                    /usr/lib/x86_64-linux-gnu/libgthread-2.0.so.0.3600.0
7f366e716000-7f366e74d000 r-xp 00000000 08:07 7871760                    /usr/lib/x86_64-linux-gnu/libfontconfig.so.1.6.2
7f366e74d000-7f366e94d000 ---p 00037000 08:07 7871760                    /usr/lib/x86_64-linux-gnu/libfontconfig.so.1.6.2
7f366e94d000-7f366e94e000 r--p 00037000 08:07 7871760                    /usr/lib/x86_64-linux-gnu/libfontconfig.so.1.6.2
7f366e94e000-7f366e94f000 rw-p 00038000 08:07 7871760                    /usr/lib/x86_64-linux-gnu/libfontconfig.so.1.6.2
7f366e94f000-7f366e950000 rw-p 00000000 00:00 0 
7f366e950000-7f366e998000 r-xp 00000000 08:07 7872139                    /usr/lib/x86_64-linux-gnu/libpango-1.0.so.0.3200.5
7f366e998000-7f366eb98000 ---p 00048000 08:07 7872139                    /usr/lib/x86_64-linux-gnu/libpango-1.0.so.0.3200.5
7f366eb98000-7f366eb9a000 r--p 00048000 08:07 7872139                    /usr/lib/x86_64-linux-gnu/libpango-1.0.so.0.3200.5
7f366eb9a000-7f366eb9b000 rw-p 0004a000 08:07 7872139                    /usr/lib/x86_64-linux-gnu/libpango-1.0.so.0.3200.5
7f366eb9b000-7f366ebb9000 r-xp 00000000 08:07 7871819                    /usr/lib/x86_64-linux-gnu/libgdk_pixbuf-2.0.so.0.2800.0
7f366ebb9000-7f366edb9000 ---p 0001e000 08:07 7871819                    /usr/lib/x86_64-linux-gnu/libgdk_pixbuf-2.0.so.0.2800.0
7f366edb9000-7f366edba000 r--p 0001e000 08:07 7871819                    /usr/lib/x86_64-linux-gnu/libgdk_pixbuf-2.0.so.0.2800.0
7f366edba000-7f366edbb000 rw-p 0001f000 08:07 7871819                    /usr/lib/x86_64-linux-gnu/libgdk_pixbuf-2.0.so.0.2800.0
7f366edbb000-7f366ee68000 r-xp 00000000 08:07 7871817                    /usr/lib/x86_64-linux-gnu/libgdk-x11-2.0.so.0.2400.17
7f366ee68000-7f366f067000 ---p 000ad000 08:07 7871817                    /usr/lib/x86_64-linux-gnu/libgdk-x11-2.0.so.0.2400.17
7f366f067000-7f366f06b000 r--p 000ac000 08:07 7871817                    /usr/lib/x86_64-linux-gnu/libgdk-x11-2.0.so.0.2400.17
7f366f06b000-7f366f06d000 rw-p 000b0000 08:07 7871817                    /usr/lib/x86_64-linux-gnu/libgdk-x11-2.0.so.0.2400.17
7f366f06d000-7f366f49a000 r-xp 00000000 08:07 7871960                    /usr/lib/x86_64-linux-gnu/libgtk-x11-2.0.so.0.2400.17
7f366f49a000-7f366f699000 ---p 0042d000 08:07 7871960                    /usr/lib/x86_64-linux-gnu/libgtk-x11-2.0.so.0.2400.17
7f366f699000-7f366f6a0000 r--p 0042c000 08:07 7871960                    /usr/lib/x86_64-linux-gnu/libgtk-x11-2.0.so.0.2400.17
7f366f6a0000-7f366f6a4000 rw-p 00433000 08:07 7871960                    /usr/lib/x86_64-linux-gnu/libgtk-x11-2.0.so.0.2400.17
7f366f6a4000-7f366f6a6000 rw-p 00000000 00:00 0 
7f366f6a6000-7f366f6b4000 r-xp 00000000 08:07 7871520                    /usr/lib/x86_64-linux-gnu/libXi.so.6.1.0
7f366f6b4000-7f366f8b4000 ---p 0000e000 08:07 7871520                    /usr/lib/x86_64-linux-gnu/libXi.so.6.1.0
7f366f8b4000-7f366f8b5000 r--p 0000e000 08:07 7871520                    /usr/lib/x86_64-linux-gnu/libXi.so.6.1.0
7f366f8b5000-7f366f8b6000 rw-p 0000f000 08:07 7871520                    /usr/lib/x86_64-linux-gnu/libXi.so.6.1.0
7f366f8b6000-7f366f8bb000 r-xp 00000000 08:07 7871511                    /usr/lib/x86_64-linux-gnu/libXtst.so.6.1.0
7f366f8bb000-7f366faba000 ---p 00005000 08:07 7871511                    /usr/lib/x86_64-linux-gnu/libXtst.so.6.1.0
7f366faba000-7f366fabb000 r--p 00004000 08:07 7871511                    /usr/lib/x86_64-linux-gnu/libXtst.so.6.1.0
7f366fabb000-7f366fabc000 rw-p 00005000 08:07 7871511                    /usr/lib/x86_64-linux-gnu/libXtst.so.6.1.0
7f366fabc000-7f366fac5000 r-xp 00000000 08:07 7872381                    /usr/lib/x86_64-linux-gnu/libXrender.so.1.3.0
7f366fac5000-7f366fcc4000 ---p 00009000 08:07 7872381                    /usr/lib/x86_64-linux-gnu/libXrender.so.1.3.0
7f366fcc4000-7f366fcc5000 r--p 00008000 08:07 7872381                    /usr/lib/x86_64-linux-gnu/libXrender.so.1.3.0
7f366fcc5000-7f366fcc6000 rw-p 00009000 08:07 7872381                    /usr/lib/x86_64-linux-gnu/libXrender.so.1.3.0
7f366fcc6000-7f366fdfa000 r-xp 00000000 08:07 7872387                    /usr/lib/x86_64-linux-gnu/libX11.so.6.3.0
7f366fdfa000-7f366fffa000 ---p 00134000 08:07 7872387                    /usr/lib/x86_64-linux-gnu/libX11.so.6.3.0
7f366fffa000-7f366fffb000 r--p 00134000 08:07 7872387                    /usr/lib/x86_64-linux-gnu/libX11.so.6.3.0
7f366fffb000-7f3670000000 rw-p 00135000 08:07 7872387                    /usr/lib/x86_64-linux-gnu/libX11.so.6.3.0
7f3670000000-7f3670021000 rw-p 00000000 00:00 0 
7f3670021000-7f3674000000 ---p 00000000 00:00 0 
7f36740fe000-7f3674101000 ---p 00000000 00:00 0 
7f3674101000-7f36741ff000 rw-p 00000000 00:00 0                          [stack:9895]
7f36741ff000-7f3674210000 r-xp 00000000 08:07 7875654                    /usr/lib/x86_64-linux-gnu/libXext.so.6.4.0
7f3674210000-7f367440f000 ---p 00011000 08:07 7875654                    /usr/lib/x86_64-linux-gnu/libXext.so.6.4.0
7f367440f000-7f3674410000 r--p 00010000 08:07 7875654                    /usr/lib/x86_64-linux-gnu/libXext.so.6.4.0
7f3674410000-7f3674411000 rw-p 00011000 08:07 7875654                    /usr/lib/x86_64-linux-gnu/libXext.so.6.4.0
7f3674411000-7f3674464000 r-xp 00000000 08:07 8132391                    /usr/lib/jvm/java-7-openjdk-amd64/jre/lib/amd64/xawt/libmawt.so
7f3674464000-7f3674663000 ---p 00053000 08:07 8132391                    /usr/lib/jvm/java-7-openjdk-amd64/jre/lib/amd64/xawt/libmawt.so
7f3674663000-7f3674664000 r--p 00052000 08:07 8132391                    /usr/lib/jvm/java-7-openjdk-amd64/jre/lib/amd64/xawt/libmawt.so
7f3674664000-7f3674667000 rw-p 00053000 08:07 8132391                    /usr/lib/jvm/java-7-openjdk-amd64/jre/lib/amd64/xawt/libmawt.so
7f3674667000-7f3674668000 rw-p 00000000 00:00 0 
7f3674668000-7f3674709000 r-xp 00000000 08:07 8132442                    /usr/lib/jvm/java-7-openjdk-amd64/jre/lib/amd64/libawt.so
7f3674709000-7f3674909000 ---p 000a1000 08:07 8132442                    /usr/lib/jvm/java-7-openjdk-amd64/jre/lib/amd64/libawt.so
7f3674909000-7f367490a000 r--p 000a1000 08:07 8132442                    /usr/lib/jvm/java-7-openjdk-amd64/jre/lib/amd64/libawt.so
7f367490a000-7f3674915000 rw-p 000a2000 08:07 8132442                    /usr/lib/jvm/java-7-openjdk-amd64/jre/lib/amd64/libawt.so
7f3674915000-7f367493a000 rw-p 00000000 00:00 0 
7f367493a000-7f367493d000 ---p 00000000 00:00 0 
7f367493d000-7f3674a3b000 rw-p 00000000 00:00 0                          [stack:9894]
7f3674a3b000-7f3674a78000 r-xp 00000000 08:07 5246690                    /lib/x86_64-linux-gnu/libpcre.so.3.13.1
7f3674a78000-7f3674c78000 ---p 0003d000 08:07 5246690                    /lib/x86_64-linux-gnu/libpcre.so.3.13.1
7f3674c78000-7f3674c79000 r--p 0003d000 08:07 5246690                    /lib/x86_64-linux-gnu/libpcre.so.3.13.1
7f3674c79000-7f3674c7a000 rw-p 0003e000 08:07 5246690                    /lib/x86_64-linux-gnu/libpcre.so.3.13.1
7f3674c7a000-7f3674c81000 r-xp 00000000 08:07 7871752                    /usr/lib/x86_64-linux-gnu/libffi.so.6.0.1
7f3674c81000-7f3674e80000 ---p 00007000 08:07 7871752                    /usr/lib/x86_64-linux-gnu/libffi.so.6.0.1
7f3674e80000-7f3674e81000 r--p 00006000 08:07 7871752                    /usr/lib/x86_64-linux-gnu/libffi.so.6.0.1
7f3674e81000-7f3674e82000 rw-p 00007000 08:07 7871752                    /usr/lib/x86_64-linux-gnu/libffi.so.6.0.1
7f3674e82000-7f3674e98000 r-xp 00000000 08:07 5246713                    /lib/x86_64-linux-gnu/libresolv-2.17.so
7f3674e98000-7f3675098000 ---p 00016000 08:07 5246713                    /lib/x86_64-linux-gnu/libresolv-2.17.so
7f3675098000-7f3675099000 r--p 00016000 08:07 5246713                    /lib/x86_64-linux-gnu/libresolv-2.17.so
7f3675099000-7f367509a000 rw-p 00017000 08:07 5246713                    /lib/x86_64-linux-gnu/libresolv-2.17.so
7f367509a000-7f367509c000 rw-p 00000000 00:00 0 
7f367509c000-7f36750b9000 r-xp 00000000 08:07 5246717                    /lib/x86_64-linux-gnu/libselinux.so.1
7f36750b9000-7f36752b8000 ---p 0001d000 08:07 5246717                    /lib/x86_64-linux-gnu/libselinux.so.1
7f36752b8000-7f36752b9000 r--p 0001c000 08:07 5246717                    /lib/x86_64-linux-gnu/libselinux.so.1
7f36752b9000-7f36752ba000 rw-p 0001d000 08:07 5246717                    /lib/x86_64-linux-gnu/libselinux.so.1
7f36752ba000-7f36752bb000 rw-p 00000000 00:00 0 
7f36752bb000-7f36752be000 r-xp 00000000 08:07 7871845                    /usr/lib/x86_64-linux-gnu/libgmodule-2.0.so.0.3600.0
7f36752be000-7f36754bd000 ---p 00003000 08:07 7871845                    /usr/lib/x86_64-linux-gnu/libgmodule-2.0.so.0.3600.0
7f36754bd000-7f36754be000 r--p 00002000 08:07 7871845                    /usr/lib/x86_64-linux-gnu/libgmodule-2.0.so.0.3600.0
7f36754be000-7f36754bf000 rw-p 00003000 08:07 7871845                    /usr/lib/x86_64-linux-gnu/libgmodule-2.0.so.0.3600.0
7f36754bf000-7f36755b8000 r-xp 00000000 08:07 5246624                    /lib/x86_64-linux-gnu/libglib-2.0.so.0.3600.0
7f36755b8000-7f36757b8000 ---p 000f9000 08:07 5246624                    /lib/x86_64-linux-gnu/libglib-2.0.so.0.3600.0
7f36757b8000-7f36757b9000 r--p 000f9000 08:07 5246624                    /lib/x86_64-linux-gnu/libglib-2.0.so.0.3600.0
7f36757b9000-7f36757ba000 rw-p 000fa000 08:07 5246624                    /lib/x86_64-linux-gnu/libglib-2.0.so.0.3600.0
7f36757ba000-7f36757bb000 rw-p 00000000 00:00 0 
7f36757bb000-7f3675808000 r-xp 00000000 08:07 7871861                    /usr/lib/x86_64-linux-gnu/libgobject-2.0.so.0.3600.0
7f3675808000-7f3675a08000 ---p 0004d000 08:07 7871861                    /usr/lib/x86_64-linux-gnu/libgobject-2.0.so.0.3600.0
7f3675a08000-7f3675a09000 r--p 0004d000 08:07 7871861                    /usr/lib/x86_64-linux-gnu/libgobject-2.0.so.0.3600.0
7f3675a09000-7f3675a0a000 rw-p 0004e000 08:07 7871861                    /usr/lib/x86_64-linux-gnu/libgobject-2.0.so.0.3600.0
7f3675a0a000-7f3675b5d000 r-xp 00000000 08:07 7871835                    /usr/lib/x86_64-linux-gnu/libgio-2.0.so.0.3600.0
7f3675b5d000-7f3675d5c000 ---p 00153000 08:07 7871835                    /usr/lib/x86_64-linux-gnu/libgio-2.0.so.0.3600.0
7f3675d5c000-7f3675d60000 r--p 00152000 08:07 7871835                    /usr/lib/x86_64-linux-gnu/libgio-2.0.so.0.3600.0
7f3675d60000-7f3675d62000 rw-p 00156000 08:07 7871835                    /usr/lib/x86_64-linux-gnu/libgio-2.0.so.0.3600.0
7f3675d62000-7f3675d64000 rw-p 00000000 00:00 0 
7f3675d64000-7f3675d67000 ---p 00000000 00:00 0 
7f3675d67000-7f3676565000 rw-p 00000000 00:00 0                          [stack:9873]
7f3676565000-7f3676566000 ---p 00000000 00:00 0 
7f3676566000-7f3676d66000 rw-p 00000000 00:00 0                          [stack:9872]
7f3676d66000-7f3676d67000 ---p 00000000 00:00 0 
7f3676d67000-7f3677567000 rw-p 00000000 00:00 0                          [stack:9871]
7f3677567000-7f3677dd4000 r-xp 00000000 08:07 656225                     /home/shiwali/soar/SoarSuite/out/libSoar.so
7f3677dd4000-7f3677fd4000 ---p 0086d000 08:07 656225                     /home/shiwali/soar/SoarSuite/out/libSoar.so
7f3677fd4000-7f3677fe5000 r--p 0086d000 08:07 656225                     /home/shiwali/soar/SoarSuite/out/libSoar.so
7f3677fe5000-7f3677ffc000 rw-p 0087e000 08:07 656225                     /home/shiwali/soar/SoarSuite/out/libSoar.so
7f3677ffc000-7f3678000000 rw-p 00000000 00:00 0 
7f3678000000-7f3678021000 rw-p 00000000 00:00 0 
7f3678021000-7f367c000000 ---p 00000000 00:00 0 
7f367c07b000-7f367c091000 r-xp 00000000 08:07 8132431                    /usr/lib/jvm/java-7-openjdk-amd64/jre/lib/amd64/libnet.so
7f367c091000-7f367c290000 ---p 00016000 08:07 8132431                    /usr/lib/jvm/java-7-openjdk-amd64/jre/lib/amd64/libnet.so
7f367c290000-7f367c291000 r--p 00015000 08:07 8132431                    /usr/lib/jvm/java-7-openjdk-amd64/jre/lib/amd64/libnet.so
7f367c291000-7f367c292000 rw-p 00016000 08:07 8132431                    /usr/lib/jvm/java-7-openjdk-amd64/jre/lib/amd64/libnet.so
7f367c292000-7f367c2eb000 r-xp 00000000 08:07 658345                     /home/shiwali/soar/SoarSuite/out/libJava_sml_ClientInterface.so
7f367c2eb000-7f367c4eb000 ---p 00059000 08:07 658345                     /home/shiwali/soar/SoarSuite/out/libJava_sml_ClientInterface.so
7f367c4eb000-7f367c4ec000 r--p 00059000 08:07 658345                     /home/shiwali/soar/SoarSuite/out/libJava_sml_ClientInterface.so
7f367c4ec000-7f367c4ee000 rw-p 0005a000 08:07 658345                     /home/shiwali/soar/SoarSuite/out/libJava_sml_ClientInterface.so
7f367c4ee000-7f367c4ef000 ---p 00000000 00:00 0 
7f367c4ef000-7f367c5ef000 rw-p 00000000 00:00 0                          [stack:9870]
7f367c5ef000-7f367ccd0000 r--p 00000000 08:07 7870646                    /usr/lib/locale/locale-archive
7f367ccd0000-7f3680000000 rw-p 00000000 00:00 0 
7f3680000000-7f3680021000 rw-p 00000000 00:00 0 
7f3680021000-7f3684000000 ---p 00000000 00:00 0 
7f3684068000-7f3684072000 rw-s 00000000 00:04 1242431508                 /SYSV00000000 (deleted)
7f3684078000-7f368407c000 r--s 00035000 08:07 2884905                    /home/shiwali/InstructoSoarII/probcog2/java/probcog.jar
7f368407c000-7f368408e000 r--s 0028f000 08:07 788696                     /home/shiwali/InstructoSoarII/april/java/april.jar
7f368408e000-7f36840d0000 rw-p 00000000 00:00 0 
7f36840d0000-7f36840d3000 ---p 00000000 00:00 0 
7f36840d3000-7f36841d1000 rw-p 00000000 00:00 0                          [stack:9869]
7f36841d1000-7f36841d4000 ---p 00000000 00:00 0 
7f36841d4000-7f36842d2000 rw-p 00000000 00:00 0                          [stack:9868]
7f36842d2000-7f36842d5000 ---p 00000000 00:00 0 
7f36842d5000-7f36843d3000 rw-p 00000000 00:00 0                          [stack:9867]
7f36843d3000-7f36843d6000 ---p 00000000 00:00 0 
7f36843d6000-7f36844d4000 rw-p 00000000 00:00 0                          [stack:9866]
7f36844d4000-7f36844d7000 ---p 00000000 00:00 0 
7f36844d7000-7f36845d5000 rw-p 00000000 00:00 0                          [stack:9865]
7f36845d5000-7f36845d8000 ---p 00000000 00:00 0 
7f36845d8000-7f36846d6000 rw-p 00000000 00:00 0                          [stack:9864]
7f36846d6000-7f36846d7000 ---p 00000000 00:00 0 
7f36846d7000-7f3685000000 rw-p 00000000 00:00 0                          [stack:9863]
7f3685000000-7f3685270000 rwxp 00000000 00:00 0 
7f3685270000-7f36885f4000 rw-p 00000000 00:00 0 
7f36885f4000-7f368c000000 ---p 00000000 00:00 0 
7f368c000000-7f368c009000 r--s 0005a000 08:07 659918                     /home/shiwali/soar/SoarSuite/out/java/soar-debugger.jar
7f368c009000-7f368c01c000 r--s 00211000 08:07 660019                     /home/shiwali/soar/SoarSuite/out/java/swt.jar
7f368c01c000-7f368c813000 rw-p 00000000 00:00 0 
7f368c813000-7f368c9c0000 r--s 01cec000 08:07 8132419                    /usr/lib/jvm/java-7-openjdk-amd64/jre/lib/rt.jar
7f368c9c0000-7f368d6b4000 rw-p 00000000 00:00 0 
7f368d6b4000-7f368d6b5000 ---p 00000000 00:00 0 
7f368d6b5000-7f368d7b5000 rw-p 00000000 00:00 0                          [stack:9862]
7f368d7b5000-7f368d7b6000 ---p 00000000 00:00 0 
7f368d7b6000-7f368d8b6000 rw-p 00000000 00:00 0                          [stack:9861]
7f368d8b6000-7f368d8b7000 ---p 00000000 00:00 0 
7f368d8b7000-7f368d9b7000 rw-p 00000000 00:00 0                          [stack:9860]
7f368d9b7000-7f368d9b8000 ---p 00000000 00:00 0 
7f368d9b8000-7f368dac3000 rw-p 00000000 00:00 0                          [stack:9859]
7f368dac3000-7f368db0b000 rw-p 00000000 00:00 0 
7f368db0b000-7f368db2a000 rw-p 00000000 00:00 0 
7f368db2a000-7f368dcf6000 rw-p 00000000 00:00 0 
7f368dcf6000-7f368dd01000 rw-p 00000000 00:00 0 
7f368dd01000-7f368dd49000 rw-p 00000000 00:00 0 
7f368dd49000-7f368dd68000 rw-p 00000000 00:00 0 
7f368dd68000-7f368df33000 rw-p 00000000 00:00 0 
7f368df33000-7f368e028000 rw-p 00000000 00:00 0 
7f368e028000-7f368e029000 rw-p 00000000 00:00 0 
7f368e029000-7f368e02a000 rw-p 00000000 00:00 0 
7f368e02a000-7f368e032000 r-xp 00000000 08:07 8132482                    /usr/lib/jvm/java-7-openjdk-amd64/jre/lib/amd64/libzip.so
7f368e032000-7f368e231000 ---p 00008000 08:07 8132482                    /usr/lib/jvm/java-7-openjdk-amd64/jre/lib/amd64/libzip.so
7f368e231000-7f368e232000 r--p 00007000 08:07 8132482                    /usr/lib/jvm/java-7-openjdk-amd64/jre/lib/amd64/libzip.so
7f368e232000-7f368e233000 rw-p 00008000 08:07 8132482                    /usr/lib/jvm/java-7-openjdk-amd64/jre/lib/amd64/libzip.so
7f368e233000-7f368e23f000 r-xp 00000000 08:07 5246668                    /lib/x86_64-linux-gnu/libnss_files-2.17.so
7f368e23f000-7f368e43e000 ---p 0000c000 08:07 5246668                    /lib/x86_64-linux-gnu/libnss_files-2.17.so
7f368e43e000-7f368e43f000 r--p 0000b000 08:07 5246668                    /lib/x86_64-linux-gnu/libnss_files-2.17.so
7f368e43f000-7f368e440000 rw-p 0000c000 08:07 5246668                    /lib/x86_64-linux-gnu/libnss_files-2.17.so
7f368e440000-7f368e44b000 r-xp 00000000 08:07 5246672                    /lib/x86_64-linux-gnu/libnss_nis-2.17.so
7f368e44b000-7f368e64a000 ---p 0000b000 08:07 5246672                    /lib/x86_64-linux-gnu/libnss_nis-2.17.so
7f368e64a000-7f368e64b000 r--p 0000a000 08:07 5246672                    /lib/x86_64-linux-gnu/libnss_nis-2.17.so
7f368e64b000-7f368e64c000 rw-p 0000b000 08:07 5246672                    /lib/x86_64-linux-gnu/libnss_nis-2.17.so
7f368e64c000-7f368e663000 r-xp 00000000 08:07 5246662                    /lib/x86_64-linux-gnu/libnsl-2.17.so
7f368e663000-7f368e862000 ---p 00017000 08:07 5246662                    /lib/x86_64-linux-gnu/libnsl-2.17.so
7f368e862000-7f368e863000 r--p 00016000 08:07 5246662                    /lib/x86_64-linux-gnu/libnsl-2.17.so
7f368e863000-7f368e864000 rw-p 00017000 08:07 5246662                    /lib/x86_64-linux-gnu/libnsl-2.17.so
7f368e864000-7f368e866000 rw-p 00000000 00:00 0 
7f368e866000-7f368e86e000 r-xp 00000000 08:07 5246664                    /lib/x86_64-linux-gnu/libnss_compat-2.17.so
7f368e86e000-7f368ea6d000 ---p 00008000 08:07 5246664                    /lib/x86_64-linux-gnu/libnss_compat-2.17.so
7f368ea6d000-7f368ea6e000 r--p 00007000 08:07 5246664                    /lib/x86_64-linux-gnu/libnss_compat-2.17.so
7f368ea6e000-7f368ea6f000 rw-p 00008000 08:07 5246664                    /lib/x86_64-linux-gnu/libnss_compat-2.17.so
7f368ea6f000-7f368ea9a000 r-xp 00000000 08:07 8132441                    /usr/lib/jvm/java-7-openjdk-amd64/jre/lib/amd64/libjava.so
7f368ea9a000-7f368ec99000 ---p 0002b000 08:07 8132441                    /usr/lib/jvm/java-7-openjdk-amd64/jre/lib/amd64/libjava.so
7f368ec99000-7f368ec9a000 r--p 0002a000 08:07 8132441                    /usr/lib/jvm/java-7-openjdk-amd64/jre/lib/amd64/libjava.so
7f368ec9a000-7f368ec9c000 rw-p 0002b000 08:07 8132441                    /usr/lib/jvm/java-7-openjdk-amd64/jre/lib/amd64/libjava.so
7f368ec9c000-7f368ecab000 r-xp 00000000 08:07 8132440                    /usr/lib/jvm/java-7-openjdk-amd64/jre/lib/amd64/libverify.so
7f368ecab000-7f368eeaa000 ---p 0000f000 08:07 8132440                    /usr/lib/jvm/java-7-openjdk-amd64/jre/lib/amd64/libverify.so
7f368eeaa000-7f368eeac000 r--p 0000e000 08:07 8132440                    /usr/lib/jvm/java-7-openjdk-amd64/jre/lib/amd64/libverify.so
7f368eeac000-7f368eead000 rw-p 00010000 08:07 8132440                    /usr/lib/jvm/java-7-openjdk-amd64/jre/lib/amd64/libverify.so
7f368eead000-7f368eeb4000 r-xp 00000000 08:07 5246715                    /lib/x86_64-linux-gnu/librt-2.17.so
7f368eeb4000-7f368f0b3000 ---p 00007000 08:07 5246715                    /lib/x86_64-linux-gnu/librt-2.17.so
7f368f0b3000-7f368f0b4000 r--p 00006000 08:07 5246715                    /lib/x86_64-linux-gnu/librt-2.17.so
7f368f0b4000-7f368f0b5000 rw-p 00007000 08:07 5246715                    /lib/x86_64-linux-gnu/librt-2.17.so
7f368f0b5000-7f368f0c9000 r-xp 00000000 08:07 5246620                    /lib/x86_64-linux-gnu/libgcc_s.so.1
7f368f0c9000-7f368f2c9000 ---p 00014000 08:07 5246620                    /lib/x86_64-linux-gnu/libgcc_s.so.1
7f368f2c9000-7f368f2ca000 r--p 00014000 08:07 5246620                    /lib/x86_64-linux-gnu/libgcc_s.so.1
7f368f2ca000-7f368f2cb000 rw-p 00015000 08:07 5246620                    /lib/x86_64-linux-gnu/libgcc_s.so.1
7f368f2cb000-7f368f3ce000 r-xp 00000000 08:07 5246643                    /lib/x86_64-linux-gnu/libm-2.17.so
7f368f3ce000-7f368f5ce000 ---p 00103000 08:07 5246643                    /lib/x86_64-linux-gnu/libm-2.17.so
7f368f5ce000-7f368f5cf000 r--p 00103000 08:07 5246643                    /lib/x86_64-linux-gnu/libm-2.17.so
7f368f5cf000-7f368f5d0000 rw-p 00104000 08:07 5246643                    /lib/x86_64-linux-gnu/libm-2.17.so
7f368f5d0000-7f368f6b5000 r-xp 00000000 08:07 7872281                    /usr/lib/x86_64-linux-gnu/libstdc++.so.6.0.17
7f368f6b5000-7f368f8b4000 ---p 000e5000 08:07 7872281                    /usr/lib/x86_64-linux-gnu/libstdc++.so.6.0.17
7f368f8b4000-7f368f8bc000 r--p 000e4000 08:07 7872281                    /usr/lib/x86_64-linux-gnu/libstdc++.so.6.0.17
7f368f8bc000-7f368f8be000 rw-p 000ec000 08:07 7872281                    /usr/lib/x86_64-linux-gnu/libstdc++.so.6.0.17
7f368f8be000-7f368f8d3000 rw-p 00000000 00:00 0 
7f368f8d3000-7f36902c3000 r-xp 00000000 08:07 8132445                    /usr/lib/jvm/java-7-openjdk-amd64/jre/lib/amd64/server/libjvm.so
7f36902c3000-7f36904c2000 ---p 009f0000 08:07 8132445                    /usr/lib/jvm/java-7-openjdk-amd64/jre/lib/amd64/server/libjvm.so
7f36904c2000-7f3690541000 r--p 009ef000 08:07 8132445                    /usr/lib/jvm/java-7-openjdk-amd64/jre/lib/amd64/server/libjvm.so
7f3690541000-7f3690564000 rw-p 00a6e000 08:07 8132445                    /usr/lib/jvm/java-7-openjdk-amd64/jre/lib/amd64/server/libjvm.so
7f3690564000-7f369058f000 rw-p 00000000 00:00 0 
7f369058f000-7f36905a5000 r-xp 00000000 08:07 5246748                    /lib/x86_64-linux-gnu/libz.so.1.2.7
7f36905a5000-7f36907a4000 ---p 00016000 08:07 5246748                    /lib/x86_64-linux-gnu/libz.so.1.2.7
7f36907a4000-7f36907a5000 r--p 00015000 08:07 5246748                    /lib/x86_64-linux-gnu/libz.so.1.2.7
7f36907a5000-7f36907a6000 rw-p 00016000 08:07 5246748                    /lib/x86_64-linux-gnu/libz.so.1.2.7
7f36907a6000-7f36907be000 r-xp 00000000 08:07 5246707                    /lib/x86_64-linux-gnu/libpthread-2.17.so
7f36907be000-7f36909bd000 ---p 00018000 08:07 5246707                    /lib/x86_64-linux-gnu/libpthread-2.17.so
7f36909bd000-7f36909be000 r--p 00017000 08:07 5246707                    /lib/x86_64-linux-gnu/libpthread-2.17.so
7f36909be000-7f36909bf000 rw-p 00018000 08:07 5246707                    /lib/x86_64-linux-gnu/libpthread-2.17.so
7f36909bf000-7f36909c3000 rw-p 00000000 00:00 0 
7f36909c3000-7f36909c6000 r-xp 00000000 08:07 5246610                    /lib/x86_64-linux-gnu/libdl-2.17.so
7f36909c6000-7f3690bc5000 ---p 00003000 08:07 5246610                    /lib/x86_64-linux-gnu/libdl-2.17.so
7f3690bc5000-7f3690bc6000 r--p 00002000 08:07 5246610                    /lib/x86_64-linux-gnu/libdl-2.17.so
7f3690bc6000-7f3690bc7000 rw-p 00003000 08:07 5246610                    /lib/x86_64-linux-gnu/libdl-2.17.so
7f3690bc7000-7f3690d85000 r-xp 00000000 08:07 5246595                    /lib/x86_64-linux-gnu/libc-2.17.so
7f3690d85000-7f3690f84000 ---p 001be000 08:07 5246595                    /lib/x86_64-linux-gnu/libc-2.17.so
7f3690f84000-7f3690f88000 r--p 001bd000 08:07 5246595                    /lib/x86_64-linux-gnu/libc-2.17.so
7f3690f88000-7f3690f8a000 rw-p 001c1000 08:07 5246595                    /lib/x86_64-linux-gnu/libc-2.17.so
7f3690f8a000-7f3690f8f000 rw-p 00000000 00:00 0 
7f3690f8f000-7f3690f9c000 r-xp 00000000 08:07 8132424                    /usr/lib/jvm/java-7-openjdk-amd64/jre/lib/amd64/jli/libjli.so
7f3690f9c000-7f369119b000 ---p 0000d000 08:07 8132424                    /usr/lib/jvm/java-7-openjdk-amd64/jre/lib/amd64/jli/libjli.so
7f369119b000-7f369119c000 r--p 0000c000 08:07 8132424                    /usr/lib/jvm/java-7-openjdk-amd64/jre/lib/amd64/jli/libjli.so
7f369119c000-7f369119d000 rw-p 0000d000 08:07 8132424                    /usr/lib/jvm/java-7-openjdk-amd64/jre/lib/amd64/jli/libjli.so
7f369119d000-7f36911c0000 r-xp 00000000 08:07 5246571                    /lib/x86_64-linux-gnu/ld-2.17.so
7f36911c0000-7f36911c2000 rw-p 00000000 00:00 0 
7f36911c2000-7f36911c3000 r--s 00001000 08:07 658906                     /home/shiwali/soar/SoarSuite/out/java/soar-debugger-api.jar
7f36911c3000-7f36911c4000 r--s 00003000 08:07 659992                     /home/shiwali/soar/SoarSuite/out/java/swtgraphics2d.jar
7f36911c4000-7f36911c6000 r--s 00005000 08:07 658899                     /home/shiwali/soar/SoarSuite/out/java/soar-smljava.jar
7f36911c6000-7f36911cf000 r--s 000bc000 08:07 8132175                    /usr/lib/jvm/java-7-openjdk-common/jre/lib/resources.jar
7f36911cf000-7f36911d2000 r--s 00018000 08:07 658876                     /home/shiwali/soar/SoarSuite/out/java/sml.jar
7f36911d2000-7f36911d5000 r--s 0001d000 08:07 9833101                    /usr/local/share/java/lcm.jar
7f36911d5000-7f36911d8000 r--s 00028000 08:07 1707691                    /home/shiwali/InstructoSoarII/rosie/java/language/lgsoar.jar
7f36911d8000-7f36911e2000 rw-p 00000000 00:00 0 
7f36911e2000-7f3691298000 rw-p 00000000 00:00 0 
7f3691298000-7f369129b000 ---p 00000000 00:00 0 
7f369129b000-7f369139e000 rw-p 00000000 00:00 0                          [stack:9854]
7f369139e000-7f36913a1000 r--s 0001c000 08:07 1575757                    /home/shiwali/InstructoSoarII/rosie/java/insoar.jar
7f36913a1000-7f36913a3000 r--s 00012000 08:07 8132181                    /usr/lib/jvm/java-7-openjdk-common/jre/lib/ext/zipfs.jar
7f36913a3000-7f36913a5000 r--s 00006000 08:07 8264680                    /usr/share/java/java-atk-wrapper.jar
7f36913a5000-7f36913a8000 r--s 0003c000 08:07 8132176                    /usr/lib/jvm/java-7-openjdk-common/jre/lib/ext/sunpkcs11.jar
7f36913a8000-7f36913ab000 r--s 00032000 08:07 8132178                    /usr/lib/jvm/java-7-openjdk-common/jre/lib/ext/sunjce_provider.jar
7f36913ab000-7f36913ac000 r--s 00002000 08:07 8132180                    /usr/lib/jvm/java-7-openjdk-common/jre/lib/ext/dnsns.jar
7f36913ac000-7f36913af000 r--s 0000f000 08:07 8132179                    /usr/lib/jvm/java-7-openjdk-common/jre/lib/ext/pulse-java.jar
7f36913af000-7f36913b3000 r--s 00085000 08:07 8132177                    /usr/lib/jvm/java-7-openjdk-common/jre/lib/ext/localedata.jar
7f36913b3000-7f36913bb000 rw-s 00000000 08:07 1055660                    /tmp/hsperfdata_shiwali/9852
7f36913bb000-7f36913bc000 rw-p 00000000 00:00 0 
7f36913bc000-7f36913bd000 r--p 00000000 00:00 0 
7f36913bd000-7f36913bf000 rw-p 00000000 00:00 0 
7f36913bf000-7f36913c0000 r--p 00022000 08:07 5246571                    /lib/x86_64-linux-gnu/ld-2.17.so
7f36913c0000-7f36913c2000 rw-p 00023000 08:07 5246571                    /lib/x86_64-linux-gnu/ld-2.17.so
7fff299a9000-7fff299ca000 rw-p 00000000 00:00 0                          [stack]
7fff299fe000-7fff29a00000 r-xp 00000000 00:00 0                          [vdso]
ffffffffff600000-ffffffffff601000 r-xp 00000000 00:00 0                  [vsyscall]

VM Arguments:
jvm_args: -Dfile.encoding=UTF-8 
java_command: edu.umich.insoar.InSoar
Launcher Type: SUN_STANDARD

Environment Variables:
PATH=/usr/lib/lightdm/lightdm:/usr/local/sbin:/usr/local/bin:/usr/sbin:/usr/bin:/sbin:/bin:/usr/games:/usr/local/games
LD_LIBRARY_PATH=/home/shiwali/soar/SoarSuite/out
SHELL=/bin/bash
DISPLAY=:0

Signal Handlers:
SIGSEGV: [libjvm.so+0x84f410], sa_mask[0]=0x7ffbfeff, sa_flags=0x10000004
SIGBUS: [libjvm.so+0x84f410], sa_mask[0]=0x7ffbfeff, sa_flags=0x10000004
SIGFPE: [libjvm.so+0x6f19a0], sa_mask[0]=0x7ffbfeff, sa_flags=0x10000004
SIGPIPE: SIG_IGN, sa_mask[0]=0x00000000, sa_flags=0x00000000
SIGXFSZ: [libjvm.so+0x6f19a0], sa_mask[0]=0x7ffbfeff, sa_flags=0x10000004
SIGILL: [libjvm.so+0x6f19a0], sa_mask[0]=0x7ffbfeff, sa_flags=0x10000004
SIGUSR1: SIG_DFL, sa_mask[0]=0x00000000, sa_flags=0x00000000
SIGUSR2: [libjvm.so+0x6f1d70], sa_mask[0]=0x00000004, sa_flags=0x10000004
SIGHUP: [libjvm.so+0x6f1eb0], sa_mask[0]=0x7ffbfeff, sa_flags=0x10000004
SIGINT: [libjvm.so+0x6f1eb0], sa_mask[0]=0x7ffbfeff, sa_flags=0x10000004
SIGTERM: [libjvm.so+0x6f1eb0], sa_mask[0]=0x7ffbfeff, sa_flags=0x10000004
SIGQUIT: [libjvm.so+0x6f1eb0], sa_mask[0]=0x7ffbfeff, sa_flags=0x10000004


---------------  S Y S T E M  ---------------

OS:Ubuntu 13.04 (raring)
uname:Linux 3.8.0-27-generic #40-Ubuntu SMP Tue Jul 9 00:17:05 UTC 2013 x86_64
libc:glibc 2.17 NPTL 2.17 
rlimit: STACK 8192k, CORE 0k, NPROC 46898, NOFILE 4096, AS infinity
load average:2.01 1.89 1.70

/proc/meminfo:
MemTotal:        6022120 kB
MemFree:          758840 kB
Buffers:          109296 kB
Cached:          1939276 kB
SwapCached:            0 kB
Active:          3424952 kB
Inactive:        1579796 kB
Active(anon):    2921712 kB
Inactive(anon):   885020 kB
Active(file):     503240 kB
Inactive(file):   694776 kB
Unevictable:         216 kB
Mlocked:             216 kB
SwapTotal:        975868 kB
SwapFree:         975844 kB
Dirty:               232 kB
Writeback:             0 kB
AnonPages:       2956636 kB
Mapped:           292708 kB
Shmem:            850556 kB
Slab:             129212 kB
SReclaimable:      92356 kB
SUnreclaim:        36856 kB
KernelStack:        5176 kB
PageTables:        50532 kB
NFS_Unstable:          0 kB
Bounce:                0 kB
WritebackTmp:          0 kB
CommitLimit:     3986928 kB
Committed_AS:    8271184 kB
VmallocTotal:   34359738367 kB
VmallocUsed:      355740 kB
VmallocChunk:   34359379580 kB
HardwareCorrupted:     0 kB
AnonHugePages:         0 kB
HugePages_Total:       0
HugePages_Free:        0
HugePages_Rsvd:        0
HugePages_Surp:        0
Hugepagesize:       2048 kB
DirectMap4k:       55296 kB
DirectMap2M:     6152192 kB


CPU:total 4 (2 cores per cpu, 2 threads per core) family 6 model 42 stepping 7, cmov, cx8, fxsr, mmx, sse, sse2, sse3, ssse3, sse4.1, sse4.2, popcnt, avx, ht, tsc, tscinvbit

/proc/cpuinfo:
processor	: 0
vendor_id	: GenuineIntel
cpu family	: 6
model		: 42
model name	: Intel(R) Core(TM) i5-2410M CPU @ 2.30GHz
stepping	: 7
microcode	: 0x15
cpu MHz		: 1800.000
cache size	: 3072 KB
physical id	: 0
siblings	: 4
core id		: 0
cpu cores	: 2
apicid		: 0
initial apicid	: 0
fpu		: yes
fpu_exception	: yes
cpuid level	: 13
wp		: yes
flags		: fpu vme de pse tsc msr pae mce cx8 apic sep mtrr pge mca cmov pat pse36 clflush dts acpi mmx fxsr sse sse2 ss ht tm pbe syscall nx rdtscp lm constant_tsc arch_perfmon pebs bts nopl xtopology nonstop_tsc aperfmperf eagerfpu pni pclmulqdq dtes64 monitor ds_cpl vmx est tm2 ssse3 cx16 xtpr pdcm pcid sse4_1 sse4_2 x2apic popcnt tsc_deadline_timer xsave avx lahf_lm ida arat epb xsaveopt pln pts dtherm tpr_shadow vnmi flexpriority ept vpid
bogomips	: 4589.29
clflush size	: 64
cache_alignment	: 64
address sizes	: 36 bits physical, 48 bits virtual
power management:

processor	: 1
vendor_id	: GenuineIntel
cpu family	: 6
model		: 42
model name	: Intel(R) Core(TM) i5-2410M CPU @ 2.30GHz
stepping	: 7
microcode	: 0x15
cpu MHz		: 2300.000
cache size	: 3072 KB
physical id	: 0
siblings	: 4
core id		: 0
cpu cores	: 2
apicid		: 1
initial apicid	: 1
fpu		: yes
fpu_exception	: yes
cpuid level	: 13
wp		: yes
flags		: fpu vme de pse tsc msr pae mce cx8 apic sep mtrr pge mca cmov pat pse36 clflush dts acpi mmx fxsr sse sse2 ss ht tm pbe syscall nx rdtscp lm constant_tsc arch_perfmon pebs bts nopl xtopology nonstop_tsc aperfmperf eagerfpu pni pclmulqdq dtes64 monitor ds_cpl vmx est tm2 ssse3 cx16 xtpr pdcm pcid sse4_1 sse4_2 x2apic popcnt tsc_deadline_timer xsave avx lahf_lm ida arat epb xsaveopt pln pts dtherm tpr_shadow vnmi flexpriority ept vpid
bogomips	: 4589.29
clflush size	: 64
cache_alignment	: 64
address sizes	: 36 bits physical, 48 bits virtual
power management:

processor	: 2
vendor_id	: GenuineIntel
cpu family	: 6
model		: 42
model name	: Intel(R) Core(TM) i5-2410M CPU @ 2.30GHz
stepping	: 7
microcode	: 0x15
cpu MHz		: 2300.000
cache size	: 3072 KB
physical id	: 0
siblings	: 4
core id		: 1
cpu cores	: 2
apicid		: 2
initial apicid	: 2
fpu		: yes
fpu_exception	: yes
cpuid level	: 13
wp		: yes
flags		: fpu vme de pse tsc msr pae mce cx8 apic sep mtrr pge mca cmov pat pse36 clflush dts acpi mmx fxsr sse sse2 ss ht tm pbe syscall nx rdtscp lm constant_tsc arch_perfmon pebs bts nopl xtopology nonstop_tsc aperfmperf eagerfpu pni pclmulqdq dtes64 monitor ds_cpl vmx est tm2 ssse3 cx16 xtpr pdcm pcid sse4_1 sse4_2 x2apic popcnt tsc_deadline_timer xsave avx lahf_lm ida arat epb xsaveopt pln pts dtherm tpr_shadow vnmi flexpriority ept vpid
bogomips	: 4589.29
clflush size	: 64
cache_alignment	: 64
address sizes	: 36 bits physical, 48 bits virtual
power management:

processor	: 3
vendor_id	: GenuineIntel
cpu family	: 6
model		: 42
model name	: Intel(R) Core(TM) i5-2410M CPU @ 2.30GHz
stepping	: 7
microcode	: 0x15
cpu MHz		: 1800.000
cache size	: 3072 KB
physical id	: 0
siblings	: 4
core id		: 1
cpu cores	: 2
apicid		: 3
initial apicid	: 3
fpu		: yes
fpu_exception	: yes
cpuid level	: 13
wp		: yes
flags		: fpu vme de pse tsc msr pae mce cx8 apic sep mtrr pge mca cmov pat pse36 clflush dts acpi mmx fxsr sse sse2 ss ht tm pbe syscall nx rdtscp lm constant_tsc arch_perfmon pebs bts nopl xtopology nonstop_tsc aperfmperf eagerfpu pni pclmulqdq dtes64 monitor ds_cpl vmx est tm2 ssse3 cx16 xtpr pdcm pcid sse4_1 sse4_2 x2apic popcnt tsc_deadline_timer xsave avx lahf_lm ida arat epb xsaveopt pln pts dtherm tpr_shadow vnmi flexpriority ept vpid
bogomips	: 4589.29
clflush size	: 64
cache_alignment	: 64
address sizes	: 36 bits physical, 48 bits virtual
power management:



Memory: 4k page, physical 6022120k(758840k free), swap 975868k(975844k free)

vm_info: OpenJDK 64-Bit Server VM (23.7-b01) for linux-amd64 JRE (1.7.0_25-b30), built on Jul  3 2013 13:50:39 by "buildd" with gcc 4.7.3

time: Sun Aug 18 22:43:20 2013
elapsed time: 1557 seconds

