#
# A fatal error has been detected by the Java Runtime Environment:
#
#  SIGSEGV (0xb) at pc=0x00007f8e9cf302b9, pid=7802, tid=140250412218112
#
# JRE version: 7.0_25-b30
# Java VM: OpenJDK 64-Bit Server VM (23.7-b01 mixed mode linux-amd64 compressed oops)
# Problematic frame:
# C  [libSoar.so+0x1d72b9]  add_wme_to_gds(agent_struct*, gds_struct*, wme_struct*)+0x4b
#
# Failed to write core dump. Core dumps have been disabled. To enable core dumping, try "ulimit -c unlimited" before starting Java again
#
# If you would like to submit a bug report, please include
# instructions on how to reproduce the bug and visit:
#   https://bugs.launchpad.net/ubuntu/+source/openjdk-7/
#

---------------  T H R E A D  ---------------

Current thread is native thread

siginfo:si_signo=SIGSEGV: si_errno=0, si_code=1 (SEGV_MAPERR), si_addr=0x0000000000000008

Registers:
RAX=0x0000000000000000, RBX=0x00007f8e353915e0, RCX=0x0000000000000000, RDX=0x0000000000000000
RSP=0x00007f8e97ffd9c0, RBP=0x00007f8e97ffdaf0, RSI=0x0000000000000000, RDI=0x00007f8e34000dd0
R8 =0x00007f8e353015e0, R9 =0x0000000000000200, R10=0x0000000000000021, R11=0x00007f8e34000078
R12=0x0000000000000000, R13=0x00007f8eb0b75060, R14=0x00007f8eb0b534f0, R15=0x0000000000001000
RIP=0x00007f8e9cf302b9, EFLAGS=0x0000000000010246, CSGSFS=0x0000000000000033, ERR=0x0000000000000004
  TRAPNO=0x000000000000000e

Top of Stack: (sp=0x00007f8e97ffd9c0)
0x00007f8e97ffd9c0:   00007f8e00000000 00007f8e350da4f8
0x00007f8e97ffd9d0:   0000000000000000 00007f8e34000dd0
0x00007f8e97ffd9e0:   00007f8e355bf660 00007f8e355bf660
0x00007f8e97ffd9f0:   00007f8e355bf860 00007f8e3522f918
0x00007f8e97ffda00:   00007f8e97ffdad0 00007f8e97ffdc50
0x00007f8e97ffda10:   00007f8e3534f430 00007f8e353915e0
0x00007f8e97ffda20:   00007f8e97ffdaf0 0000000000000000
0x00007f8e97ffda30:   00007f8eb0b75060 00007f8eb0b534f0
0x00007f8e97ffda40:   0000000000001000 00007f8e9cf30c18
0x00007f8e97ffda50:   00007f8e355bf660 00007f8e34000dd0
0x00007f8e97ffda60:   00017f8e355bf860 0000000000000000
0x00007f8e97ffda70:   0000000000000000 00007f8e34000020
0x00007f8e97ffda80:   0000000000000018 0000000000000000
0x00007f8e97ffda90:   00007f8eb0b75060 00007f8eb0b534f0
0x00007f8e97ffdaa0:   0000000000001000 00007f8eb03ff580
0x00007f8e97ffdab0:   00007f8e355bf860 00007f8e353915e0
0x00007f8e97ffdac0:   00007f8e97ffdaf0 00007f8e9cf301fe
0x00007f8e97ffdad0:   00007f8e34b03630 00007f8e34000dd0
0x00007f8e97ffdae0:   0000000000000000 97d8e2ad5391b800
0x00007f8e97ffdaf0:   00007f8e97ffdba0 00007f8e9cf30758
0x00007f8e97ffdb00:   00007f8e355bf660 00007f8e34000dd0
0x00007f8e97ffdb10:   00077f8e355bf860 0000000000000000
0x00007f8e97ffdb20:   00007f8e357a9910 00007f8e3582b900
0x00007f8e97ffdb30:   00007f8e351544f8 00007f8e350da4f8
0x00007f8e97ffdb40:   0000000000000000 00007f8e35462410
0x00007f8e97ffdb50:   0000000000001000 00007f8eb03ff580
0x00007f8e97ffdb60:   0000000100000000 00007f8e353915e0
0x00007f8e97ffdb70:   00007f8e97ffdba0 00007f8e353915e0
0x00007f8e97ffdb80:   00007f8e97ffdc50 0000000000000000
0x00007f8e97ffdb90:   00007f8eb0b75060 00007f8e3582b900
0x00007f8e97ffdba0:   00007f8e97ffdc50 00007f8e9cf30c52
0x00007f8e97ffdbb0:   00007f8eb0b75060 00007f8e34000dd0 

Instructions: (pc=0x00007f8e9cf302b9)
0x00007f8e9cf30299:   45 f8 31 c0 48 8b 85 d8 fe ff ff 48 8b 95 e0 fe
0x00007f8e9cf302a9:   ff ff 48 89 90 90 00 00 00 48 8b 85 e0 fe ff ff
0x00007f8e9cf302b9:   48 8b 50 08 48 8b 85 d8 fe ff ff 48 89 90 98 00
0x00007f8e9cf302c9:   00 00 48 8b 85 d8 fe ff ff 48 c7 80 a0 00 00 00 

Register to memory mapping:

RAX=0x0000000000000000 is an unknown value
RBX=0x00007f8e353915e0 is an unknown value
RCX=0x0000000000000000 is an unknown value
RDX=0x0000000000000000 is an unknown value
RSP=0x00007f8e97ffd9c0 is an unknown value
RBP=0x00007f8e97ffdaf0 is an unknown value
RSI=0x0000000000000000 is an unknown value
RDI=0x00007f8e34000dd0 is an unknown value
R8 =0x00007f8e353015e0 is an unknown value
R9 =0x0000000000000200 is an unknown value
R10=0x0000000000000021 is an unknown value
R11=0x00007f8e34000078 is an unknown value
R12=0x0000000000000000 is an unknown value
R13=0x00007f8eb0b75060: _rtld_global+0 in /lib64/ld-linux-x86-64.so.2 at 0x00007f8eb0952000
R14=0x00007f8eb0b534f0 is pointing into the stack for thread: 0x00007f8ea8009800
R15=0x0000000000001000 is an unknown value


Stack: [0x00007f8e977ff000,0x00007f8e98000000],  sp=0x00007f8e97ffd9c0,  free space=8186k
Native frames: (J=compiled Java code, j=interpreted, Vv=VM code, C=native code)
C  [libSoar.so+0x1d72b9]  add_wme_to_gds(agent_struct*, gds_struct*, wme_struct*)+0x4b
C  [libSoar.so+0x1d7758]  elaborate_gds(agent_struct*)+0x328
C  [libSoar.so+0x1d7c52]  elaborate_gds(agent_struct*)+0x822
C  [libSoar.so+0x1d516a]  decide_non_context_slot(agent_struct*, slot_struct*)+0x4f6
C  [libSoar.so+0x1d52e3]  decide_non_context_slots(agent_struct*)+0x55
C  [libSoar.so+0x1d6f18]  do_working_memory_phase(agent_struct*)+0x105
C  [libSoar.so+0x1eb7ca]  epmem_respond_to_cmd(agent_struct*)+0xc30
C  [libSoar.so+0x1eb94c]  epmem_go(agent_struct*, bool)+0x5c
C  [libSoar.so+0x1f0297]  do_one_top_level_phase(agent_struct*)+0xb3b
C  [libSoar.so+0x1f1318]  run_for_n_decision_cycles(agent_struct*, long)+0xb8
C  [libSoar.so+0x380f5d]  sml::AgentSML::Step(sml::smlRunStepSize)+0x109
C  [libSoar.so+0x380d95]  sml::AgentSML::StepInClientThread(sml::smlRunStepSize)+0x43
C  [libSoar.so+0x391d66]  sml::RunScheduler::RunScheduledAgents(bool, sml::smlRunStepSize, unsigned long, sml::smlRunFlags, sml::smlRunStepSize, bool)+0x348
C  [libSoar.so+0x41d2d0]  cli::CommandLineInterface::DoRun(std::bitset<10ul> const&, int, cli::Cli::eRunInterleaveMode)+0x332
C  [libSoar.so+0x43e338]  cli::RunCommand::Parse(std::vector<std::string, std::allocator<std::string> >&)+0x67a
C  [libSoar.so+0x42e86f]  cli::Parser::handle_command(std::vector<std::string, std::allocator<std::string> >&)+0x91
C  [libSoar.so+0x42d596]  soar::tokenizer::parse_command()+0x1d0
C  [libSoar.so+0x42d33c]  soar::tokenizer::evaluate(char const*)+0x60
C  [libSoar.so+0x42080b]  cli::CommandLineInterface::Source(char const*, bool)+0x61
C  [libSoar.so+0x42ab13]  cli::CommandLineInterface::DoCommand(sml::Connection*, sml::AgentSML*, char const*, bool, bool, soarxml::ElementXML*)+0x11d
C  [libSoar.so+0x38c0e9]  sml::KernelSML::HandleCommandLine(sml::AgentSML*, char const*, sml::Connection*, sml::AnalyzeXML*, soarxml::ElementXML*)+0x481
C  [libSoar.so+0x3883c3]  sml::KernelSML::ProcessCommand(char const*, sml::Connection*, sml::AnalyzeXML*, soarxml::ElementXML*)+0x325
C  [libSoar.so+0x38868f]  sml::KernelSML::ProcessIncomingSML(sml::Connection*, soarxml::ElementXML*)+0x119
C  [libSoar.so+0x37f1c0]  ReceivedCall(sml::Connection*, soarxml::ElementXML*, void*)+0x3b
C  [libSoar.so+0x3f70d8]  sml::Callback::Invoke(soarxml::ElementXML*)+0x30
C  [libSoar.so+0x3f0dcb]  sml::Connection::InvokeCallbacks(soarxml::ElementXML*)+0x105
C  [libSoar.so+0x3f446d]  sml::RemoteConnection::ReceiveMessages(bool, int, int)+0x229
C  [libSoar.so+0x3f4241]  sml::RemoteConnection::ReceiveMessages(bool)+0x2b
C  [libSoar.so+0x385655]  sml::ConnectionManager::ReceiveAllMessages()+0x6f
C  [libSoar.so+0x38e062]  sml::ReceiverThread::Run()+0x2e
C  [libSoar.so+0x3f6d7d]  ThreadStartFunction(void*)+0x2b
C  [libSoar.so+0x3f6c35]  LinuxThreadFunc(void*)+0x28


---------------  P R O C E S S  ---------------

VM state:not at safepoint (normal execution)

VM Mutex/Monitor currently owned by a thread: None

Heap
 PSYoungGen      total 262400K, used 91419K [0x00000007d6c00000, 0x00000007f0900000, 0x0000000800000000)
  eden space 253120K, 34% used [0x00000007d6c00000,0x00000007dc018520,0x00000007e6330000)
  from space 9280K, 57% used [0x00000007e6330000,0x00000007e685e9c8,0x00000007e6c40000)
  to   space 8960K, 0% used [0x00000007f0040000,0x00000007f0040000,0x00000007f0900000)
 ParOldGen       total 84480K, used 10195K [0x0000000784400000, 0x0000000789680000, 0x00000007d6c00000)
  object space 84480K, 12% used [0x0000000784400000,0x0000000784df4e70,0x0000000789680000)
 PSPermGen       total 21248K, used 19198K [0x0000000779e00000, 0x000000077b2c0000, 0x0000000784400000)
  object space 21248K, 90% used [0x0000000779e00000,0x000000077b0bf860,0x000000077b2c0000)

Card table byte_map: [0x00007f8ead3ad000,0x00007f8ead7df000] byte_map_base: 0x00007f8ea97de000

Polling page: 0x00007f8eb0b71000

Code Cache  [0x00007f8ea5000000, 0x00007f8ea5270000, 0x00007f8ea8000000)
 total_blobs=1018 nmethods=467 adapters=503 free_code_cache=47320Kb largest_free_block=48423616

Compilation events (10 events):
Event: 405.812 Thread 0x00007f8ea8116800  481             edu.umich.insoar.MotorSystemConnector::newRobotStatus (19 bytes)
Event: 405.812 Thread 0x00007f8ea8119800  480  s!         edu.umich.insoar.MotorSystemConnector::messageReceived (36 bytes)
Event: 405.813 Thread 0x00007f8ea8116800 nmethod 481 0x00007f8ea51bda10 code [0x00007f8ea51bdb40, 0x00007f8ea51bdbd8]
Event: 405.817 Thread 0x00007f8ea8119800 nmethod 480 0x00007f8ea51d10d0 code [0x00007f8ea51d1260, 0x00007f8ea51d1998]
Event: 459.928 Thread 0x00007f8ea8116800  482             java.util.ArrayList::iterator (10 bytes)
Event: 459.929 Thread 0x00007f8ea8116800 nmethod 482 0x00007f8ea51bd750 code [0x00007f8ea51bd8a0, 0x00007f8ea51bd978]
Event: 488.765 Thread 0x00007f8ea8119800  483             java.util.ArrayList$Itr::checkForComodification (23 bytes)
Event: 488.766 Thread 0x00007f8ea8119800 nmethod 483 0x00007f8ea51bd4d0 code [0x00007f8ea51bd620, 0x00007f8ea51bd6b8]
Event: 489.868 Thread 0x00007f8ea8119800  484             java.util.ArrayList$Itr::next (66 bytes)
Event: 489.869 Thread 0x00007f8ea8119800 nmethod 484 0x00007f8ea51c4810 code [0x00007f8ea51c4960, 0x00007f8ea51c4a78]

GC Heap History (10 events):
Event: 1.573 GC heap before
{Heap before GC invocations=5 (full 0):
 PSYoungGen      total 68608K, used 68576K [0x00000007d6c00000, 0x00000007db420000, 0x0000000800000000)
  eden space 63360K, 100% used [0x00000007d6c00000,0x00000007da9e0000,0x00000007da9e0000)
  from space 5248K, 99% used [0x00000007daf00000,0x00000007db418000,0x00000007db420000)
  to   space 5248K, 0% used [0x00000007da9e0000,0x00000007da9e0000,0x00000007daf00000)
 ParOldGen       total 84480K, used 3867K [0x0000000784400000, 0x0000000789680000, 0x00000007d6c00000)
  object space 84480K, 4% used [0x0000000784400000,0x00000007847c6e10,0x0000000789680000)
 PSPermGen       total 21248K, used 3569K [0x0000000779e00000, 0x000000077b2c0000, 0x0000000784400000)
  object space 21248K, 16% used [0x0000000779e00000,0x000000077a17c520,0x000000077b2c0000)
Event: 1.600 GC heap after
Heap after GC invocations=5 (full 0):
 PSYoungGen      total 68608K, used 5248K [0x00000007d6c00000, 0x00000007df840000, 0x0000000800000000)
  eden space 63360K, 0% used [0x00000007d6c00000,0x00000007d6c00000,0x00000007da9e0000)
  from space 5248K, 100% used [0x00000007da9e0000,0x00000007daf00000,0x00000007daf00000)
  to   space 8448K, 0% used [0x00000007df000000,0x00000007df000000,0x00000007df840000)
 ParOldGen       total 84480K, used 4955K [0x0000000784400000, 0x0000000789680000, 0x00000007d6c00000)
  object space 84480K, 5% used [0x0000000784400000,0x00000007848d6e10,0x0000000789680000)
 PSPermGen       total 21248K, used 3569K [0x0000000779e00000, 0x000000077b2c0000, 0x0000000784400000)
  object space 21248K, 16% used [0x0000000779e00000,0x000000077a17c520,0x000000077b2c0000)
}
Event: 1.814 GC heap before
{Heap before GC invocations=6 (full 0):
 PSYoungGen      total 68608K, used 68608K [0x00000007d6c00000, 0x00000007df840000, 0x0000000800000000)
  eden space 63360K, 100% used [0x00000007d6c00000,0x00000007da9e0000,0x00000007da9e0000)
  from space 5248K, 100% used [0x00000007da9e0000,0x00000007daf00000,0x00000007daf00000)
  to   space 8448K, 0% used [0x00000007df000000,0x00000007df000000,0x00000007df840000)
 ParOldGen       total 84480K, used 4955K [0x0000000784400000, 0x0000000789680000, 0x00000007d6c00000)
  object space 84480K, 5% used [0x0000000784400000,0x00000007848d6e10,0x0000000789680000)
 PSPermGen       total 21248K, used 3569K [0x0000000779e00000, 0x000000077b2c0000, 0x0000000784400000)
  object space 21248K, 16% used [0x0000000779e00000,0x000000077a17c520,0x000000077b2c0000)
Event: 1.843 GC heap after
Heap after GC invocations=6 (full 0):
 PSYoungGen      total 134656K, used 5856K [0x00000007d6c00000, 0x00000007df7c0000, 0x0000000800000000)
  eden space 126720K, 0% used [0x00000007d6c00000,0x00000007d6c00000,0x00000007de7c0000)
  from space 7936K, 73% used [0x00000007df000000,0x00000007df5b8000,0x00000007df7c0000)
  to   space 8192K, 0% used [0x00000007de7c0000,0x00000007de7c0000,0x00000007defc0000)
 ParOldGen       total 84480K, used 4955K [0x0000000784400000, 0x0000000789680000, 0x00000007d6c00000)
  object space 84480K, 5% used [0x0000000784400000,0x00000007848d6e10,0x0000000789680000)
 PSPermGen       total 21248K, used 3569K [0x0000000779e00000, 0x000000077b2c0000, 0x0000000784400000)
  object space 21248K, 16% used [0x0000000779e00000,0x000000077a17c520,0x000000077b2c0000)
}
Event: 2.294 GC heap before
{Heap before GC invocations=7 (full 0):
 PSYoungGen      total 134656K, used 132576K [0x00000007d6c00000, 0x00000007df7c0000, 0x0000000800000000)
  eden space 126720K, 100% used [0x00000007d6c00000,0x00000007de7c0000,0x00000007de7c0000)
  from space 7936K, 73% used [0x00000007df000000,0x00000007df5b8000,0x00000007df7c0000)
  to   space 8192K, 0% used [0x00000007de7c0000,0x00000007de7c0000,0x00000007defc0000)
 ParOldGen       total 84480K, used 4955K [0x0000000784400000, 0x0000000789680000, 0x00000007d6c00000)
  object space 84480K, 5% used [0x0000000784400000,0x00000007848d6e10,0x0000000789680000)
 PSPermGen       total 21248K, used 3569K [0x0000000779e00000, 0x000000077b2c0000, 0x0000000784400000)
  object space 21248K, 16% used [0x0000000779e00000,0x000000077a17c520,0x000000077b2c0000)
Event: 2.307 GC heap after
Heap after GC invocations=7 (full 0):
 PSYoungGen      total 134912K, used 1376K [0x00000007d6c00000, 0x00000007e7500000, 0x0000000800000000)
  eden space 126720K, 0% used [0x00000007d6c00000,0x00000007d6c00000,0x00000007de7c0000)
  from space 8192K, 16% used [0x00000007de7c0000,0x00000007de918000,0x00000007defc0000)
  to   space 8960K, 0% used [0x00000007e6c40000,0x00000007e6c40000,0x00000007e7500000)
 ParOldGen       total 84480K, used 9955K [0x0000000784400000, 0x0000000789680000, 0x00000007d6c00000)
  object space 84480K, 11% used [0x0000000784400000,0x0000000784db8e70,0x0000000789680000)
 PSPermGen       total 21248K, used 3569K [0x0000000779e00000, 0x000000077b2c0000, 0x0000000784400000)
  object space 21248K, 16% used [0x0000000779e00000,0x000000077a17c520,0x000000077b2c0000)
}
Event: 2.695 GC heap before
{Heap before GC invocations=8 (full 0):
 PSYoungGen      total 134912K, used 128096K [0x00000007d6c00000, 0x00000007e7500000, 0x0000000800000000)
  eden space 126720K, 100% used [0x00000007d6c00000,0x00000007de7c0000,0x00000007de7c0000)
  from space 8192K, 16% used [0x00000007de7c0000,0x00000007de918000,0x00000007defc0000)
  to   space 8960K, 0% used [0x00000007e6c40000,0x00000007e6c40000,0x00000007e7500000)
 ParOldGen       total 84480K, used 9955K [0x0000000784400000, 0x0000000789680000, 0x00000007d6c00000)
  object space 84480K, 11% used [0x0000000784400000,0x0000000784db8e70,0x0000000789680000)
 PSPermGen       total 21248K, used 3569K [0x0000000779e00000, 0x000000077b2c0000, 0x0000000784400000)
  object space 21248K, 16% used [0x0000000779e00000,0x000000077a17c520,0x000000077b2c0000)
Event: 2.703 GC heap after
Heap after GC invocations=8 (full 0):
 PSYoungGen      total 262080K, used 1824K [0x00000007d6c00000, 0x00000007e75a0000, 0x0000000800000000)
  eden space 253120K, 0% used [0x00000007d6c00000,0x00000007d6c00000,0x00000007e6330000)
  from space 8960K, 20% used [0x00000007e6c40000,0x00000007e6e08000,0x00000007e7500000)
  to   space 9280K, 0% used [0x00000007e6330000,0x00000007e6330000,0x00000007e6c40000)
 ParOldGen       total 84480K, used 10059K [0x0000000784400000, 0x0000000789680000, 0x00000007d6c00000)
  object space 84480K, 11% used [0x0000000784400000,0x0000000784dd2e70,0x0000000789680000)
 PSPermGen       total 21248K, used 3569K [0x0000000779e00000, 0x000000077b2c0000, 0x0000000784400000)
  object space 21248K, 16% used [0x0000000779e00000,0x000000077a17c520,0x000000077b2c0000)
}
Event: 162.754 GC heap before
{Heap before GC invocations=9 (full 0):
 PSYoungGen      total 262080K, used 254944K [0x00000007d6c00000, 0x00000007e75a0000, 0x0000000800000000)
  eden space 253120K, 100% used [0x00000007d6c00000,0x00000007e6330000,0x00000007e6330000)
  from space 8960K, 20% used [0x00000007e6c40000,0x00000007e6e08000,0x00000007e7500000)
  to   space 9280K, 0% used [0x00000007e6330000,0x00000007e6330000,0x00000007e6c40000)
 ParOldGen       total 84480K, used 10059K [0x0000000784400000, 0x0000000789680000, 0x00000007d6c00000)
  object space 84480K, 11% used [0x0000000784400000,0x0000000784dd2e70,0x0000000789680000)
 PSPermGen       total 21248K, used 19183K [0x0000000779e00000, 0x000000077b2c0000, 0x0000000784400000)
  object space 21248K, 90% used [0x0000000779e00000,0x000000077b0bbee8,0x000000077b2c0000)
Event: 162.764 GC heap after
Heap after GC invocations=9 (full 0):
 PSYoungGen      total 262400K, used 5306K [0x00000007d6c00000, 0x00000007f0900000, 0x0000000800000000)
  eden space 253120K, 0% used [0x00000007d6c00000,0x00000007d6c00000,0x00000007e6330000)
  from space 9280K, 57% used [0x00000007e6330000,0x00000007e685e9c8,0x00000007e6c40000)
  to   space 8960K, 0% used [0x00000007f0040000,0x00000007f0040000,0x00000007f0900000)
 ParOldGen       total 84480K, used 10195K [0x0000000784400000, 0x0000000789680000, 0x00000007d6c00000)
  object space 84480K, 12% used [0x0000000784400000,0x0000000784df4e70,0x0000000789680000)
 PSPermGen       total 21248K, used 19183K [0x0000000779e00000, 0x000000077b2c0000, 0x0000000784400000)
  object space 21248K, 90% used [0x0000000779e00000,0x000000077b0bbee8,0x000000077b2c0000)
}

Deoptimization events (10 events):
Event: 45.467 Thread 0x00007f8e280e6000 Uncommon trap -58 fr.pc 0x00007f8ea5125548
Event: 45.467 Thread 0x00007f8e280e6000 Uncommon trap -58 fr.pc 0x00007f8ea511e1bc
Event: 45.467 Thread 0x00007f8e280e6000 Uncommon trap -58 fr.pc 0x00007f8ea5125548
Event: 45.469 Thread 0x00007f8e280e6000 Uncommon trap -58 fr.pc 0x00007f8ea5125548
Event: 65.013 Thread 0x00007f8ea852f000 Uncommon trap -34 fr.pc 0x00007f8ea518dad4
Event: 65.013 Thread 0x00007f8ea852f000 Uncommon trap -34 fr.pc 0x00007f8ea518dad4
Event: 65.013 Thread 0x00007f8ea852f000 Uncommon trap -34 fr.pc 0x00007f8ea518dad4
Event: 65.013 Thread 0x00007f8ea852f000 Uncommon trap -34 fr.pc 0x00007f8ea518dad4
Event: 67.959 Thread 0x00007f8e280e6000 Uncommon trap -83 fr.pc 0x00007f8ea5169afc
Event: 73.961 Thread 0x00007f8e1c136000 Uncommon trap -83 fr.pc 0x00007f8ea518f104

Internal exceptions (10 events):
Event: 45.465 Thread 0x00007f8e280e6000 Threw 0x00000007e1902188 at /build/buildd/openjdk-7-7u25-2.3.10/build/openjdk/hotspot/src/share/vm/prims/jvm.cpp:1235
Event: 45.465 Thread 0x00007f8e280e6000 Threw 0x00000007e19054a0 at /build/buildd/openjdk-7-7u25-2.3.10/build/openjdk/hotspot/src/share/vm/prims/jvm.cpp:1235
Event: 45.465 Thread 0x00007f8e280e6000 Threw 0x00000007e1908af8 at /build/buildd/openjdk-7-7u25-2.3.10/build/openjdk/hotspot/src/share/vm/prims/jvm.cpp:1235
Event: 45.465 Thread 0x00007f8e280e6000 Threw 0x00000007e190b9c0 at /build/buildd/openjdk-7-7u25-2.3.10/build/openjdk/hotspot/src/share/vm/prims/jvm.cpp:1235
Event: 45.466 Thread 0x00007f8e280e6000 Threw 0x00000007e190ea88 at /build/buildd/openjdk-7-7u25-2.3.10/build/openjdk/hotspot/src/share/vm/prims/jvm.cpp:1235
Event: 45.466 Thread 0x00007f8e280e6000 Threw 0x00000007e1911bc8 at /build/buildd/openjdk-7-7u25-2.3.10/build/openjdk/hotspot/src/share/vm/prims/jvm.cpp:1235
Event: 45.466 Thread 0x00007f8e280e6000 Threw 0x00000007e1914ba0 at /build/buildd/openjdk-7-7u25-2.3.10/build/openjdk/hotspot/src/share/vm/prims/jvm.cpp:1235
Event: 50.667 Thread 0x00007f8e280e6000 Threw 0x00000007e23ca7f8 at /build/buildd/openjdk-7-7u25-2.3.10/build/openjdk/hotspot/src/share/vm/prims/jvm.cpp:1235
Event: 67.959 Thread 0x00007f8e280e6000 Implicit null exception at 0x00007f8ea5163817 to 0x00007f8ea5169a75
Event: 73.961 Thread 0x00007f8e1c136000 Implicit null exception at 0x00007f8ea518ea8e to 0x00007f8ea518f0e9

Events (10 events):
Event: 162.770 Executing VM operation: RevokeBias
Event: 162.770 Executing VM operation: RevokeBias done
Event: 162.770 Executing VM operation: RevokeBias
Event: 162.770 Executing VM operation: RevokeBias done
Event: 162.770 Executing VM operation: RevokeBias
Event: 162.770 Executing VM operation: RevokeBias done
Event: 162.770 Executing VM operation: BulkRevokeBias
Event: 162.770 Executing VM operation: BulkRevokeBias done
Event: 162.770 Executing VM operation: RevokeBias
Event: 162.770 Executing VM operation: RevokeBias done


Dynamic libraries:
00400000-00401000 r-xp 00000000 08:01 4466528                            /usr/lib/jvm/java-7-openjdk-amd64/jre/bin/java
00600000-00601000 r--p 00000000 08:01 4466528                            /usr/lib/jvm/java-7-openjdk-amd64/jre/bin/java
00601000-00602000 rw-p 00001000 08:01 4466528                            /usr/lib/jvm/java-7-openjdk-amd64/jre/bin/java
01c12000-01c33000 rw-p 00000000 00:00 0                                  [heap]
779e00000-77b2c0000 rw-p 00000000 00:00 0 
77b2c0000-784400000 rw-p 00000000 00:00 0 
784400000-789680000 rw-p 00000000 00:00 0 
789680000-7d6c00000 rw-p 00000000 00:00 0 
7d6c00000-7f0900000 rw-p 00000000 00:00 0 
7f0900000-800000000 rw-p 00000000 00:00 0 
7f8e14000000-7f8e14021000 rw-p 00000000 00:00 0 
7f8e14021000-7f8e18000000 ---p 00000000 00:00 0 
7f8e18000000-7f8e18021000 rw-p 00000000 00:00 0 
7f8e18021000-7f8e1c000000 ---p 00000000 00:00 0 
7f8e1c000000-7f8e1c1b5000 rw-p 00000000 00:00 0 
7f8e1c1b5000-7f8e20000000 ---p 00000000 00:00 0 
7f8e20000000-7f8e20021000 rw-p 00000000 00:00 0 
7f8e20021000-7f8e24000000 ---p 00000000 00:00 0 
7f8e24000000-7f8e24021000 rw-p 00000000 00:00 0 
7f8e24021000-7f8e28000000 ---p 00000000 00:00 0 
7f8e28000000-7f8e281b4000 rw-p 00000000 00:00 0 
7f8e281b4000-7f8e2c000000 ---p 00000000 00:00 0 
7f8e2c000000-7f8e2c021000 rw-p 00000000 00:00 0 
7f8e2c021000-7f8e30000000 ---p 00000000 00:00 0 
7f8e30000000-7f8e30027000 rw-p 00000000 00:00 0 
7f8e30027000-7f8e34000000 ---p 00000000 00:00 0 
7f8e34000000-7f8e35ed9000 rw-p 00000000 00:00 0 
7f8e35ed9000-7f8e38000000 ---p 00000000 00:00 0 
7f8e38000000-7f8e38021000 rw-p 00000000 00:00 0 
7f8e38021000-7f8e3c000000 ---p 00000000 00:00 0 
7f8e3c000000-7f8e3c021000 rw-p 00000000 00:00 0 
7f8e3c021000-7f8e40000000 ---p 00000000 00:00 0 
7f8e40000000-7f8e40021000 rw-p 00000000 00:00 0 
7f8e40021000-7f8e44000000 ---p 00000000 00:00 0 
7f8e44000000-7f8e4585a000 rw-p 00000000 00:00 0 
7f8e4585a000-7f8e48000000 ---p 00000000 00:00 0 
7f8e48000000-7f8e48021000 rw-p 00000000 00:00 0 
7f8e48021000-7f8e4c000000 ---p 00000000 00:00 0 
7f8e4c000000-7f8e4c021000 rw-p 00000000 00:00 0 
7f8e4c021000-7f8e50000000 ---p 00000000 00:00 0 
7f8e50000000-7f8e506d2000 rw-p 00000000 00:00 0 
7f8e506d2000-7f8e54000000 ---p 00000000 00:00 0 
7f8e54000000-7f8e54021000 rw-p 00000000 00:00 0 
7f8e54021000-7f8e58000000 ---p 00000000 00:00 0 
7f8e58000000-7f8e58021000 rw-p 00000000 00:00 0 
7f8e58021000-7f8e5c000000 ---p 00000000 00:00 0 
7f8e5c000000-7f8e5c021000 rw-p 00000000 00:00 0 
7f8e5c021000-7f8e60000000 ---p 00000000 00:00 0 
7f8e63cf0000-7f8e68000000 rw-p 00000000 00:00 0 
7f8e68000000-7f8e68021000 rw-p 00000000 00:00 0 
7f8e68021000-7f8e6c000000 ---p 00000000 00:00 0 
7f8e70000000-7f8e70021000 rw-p 00000000 00:00 0 
7f8e70021000-7f8e74000000 ---p 00000000 00:00 0 
7f8e78000000-7f8e78021000 rw-p 00000000 00:00 0 
7f8e78021000-7f8e7c000000 ---p 00000000 00:00 0 
7f8e80000000-7f8e80021000 rw-p 00000000 00:00 0 
7f8e80021000-7f8e84000000 ---p 00000000 00:00 0 
7f8e84226000-7f8e8471b000 rw-p 00000000 00:00 0 
7f8e8471b000-7f8e8471e000 ---p 00000000 00:00 0 
7f8e8471e000-7f8e8481c000 rw-p 00000000 00:00 0                          [stack:7864]
7f8e8481c000-7f8e8481f000 ---p 00000000 00:00 0 
7f8e8481f000-7f8e8491d000 rw-p 00000000 00:00 0 
7f8e8491d000-7f8e84920000 ---p 00000000 00:00 0 
7f8e84920000-7f8e84a1e000 rw-p 00000000 00:00 0 
7f8e84a1e000-7f8e84a21000 ---p 00000000 00:00 0 
7f8e84a21000-7f8e84b1f000 rw-p 00000000 00:00 0 
7f8e84b1f000-7f8e84c68000 rw-s 00000000 00:04 1769144345                 /SYSV00000000 (deleted)
7f8e84c68000-7f8e84c78000 r-xp 00000000 08:01 4466495                    /usr/lib/jvm/java-7-openjdk-amd64/jre/lib/amd64/libnio.so
7f8e84c78000-7f8e84e78000 ---p 00010000 08:01 4466495                    /usr/lib/jvm/java-7-openjdk-amd64/jre/lib/amd64/libnio.so
7f8e84e78000-7f8e84e79000 r--p 00010000 08:01 4466495                    /usr/lib/jvm/java-7-openjdk-amd64/jre/lib/amd64/libnio.so
7f8e84e79000-7f8e84e7a000 rw-p 00011000 08:01 4466495                    /usr/lib/jvm/java-7-openjdk-amd64/jre/lib/amd64/libnio.so
7f8e84e7a000-7f8e84ec6000 r-xp 00000000 08:01 4466507                    /usr/lib/jvm/java-7-openjdk-amd64/jre/lib/amd64/libfontmanager.so
7f8e84ec6000-7f8e850c5000 ---p 0004c000 08:01 4466507                    /usr/lib/jvm/java-7-openjdk-amd64/jre/lib/amd64/libfontmanager.so
7f8e850c5000-7f8e850c8000 r--p 0004b000 08:01 4466507                    /usr/lib/jvm/java-7-openjdk-amd64/jre/lib/amd64/libfontmanager.so
7f8e850c8000-7f8e850c9000 rw-p 0004e000 08:01 4466507                    /usr/lib/jvm/java-7-openjdk-amd64/jre/lib/amd64/libfontmanager.so
7f8e850c9000-7f8e850cc000 ---p 00000000 00:00 0 
7f8e850cc000-7f8e851ca000 rw-p 00000000 00:00 0                          [stack:7857]
7f8e851ca000-7f8e851cd000 ---p 00000000 00:00 0 
7f8e851cd000-7f8e852cb000 rw-p 00000000 00:00 0                          [stack:7856]
7f8e852cb000-7f8e852ce000 ---p 00000000 00:00 0 
7f8e852ce000-7f8e853cc000 rw-p 00000000 00:00 0                          [stack:7855]
7f8e853cc000-7f8e8653b000 r-xp 00000000 08:01 4463905                    /usr/lib/x86_64-linux-gnu/libicudata.so.48.1.1
7f8e8653b000-7f8e8673a000 ---p 0116f000 08:01 4463905                    /usr/lib/x86_64-linux-gnu/libicudata.so.48.1.1
7f8e8673a000-7f8e8673b000 r--p 0116e000 08:01 4463905                    /usr/lib/x86_64-linux-gnu/libicudata.so.48.1.1
7f8e8673b000-7f8e8673c000 rw-p 0116f000 08:01 4463905                    /usr/lib/x86_64-linux-gnu/libicudata.so.48.1.1
7f8e8673c000-7f8e8673f000 r-xp 00000000 08:01 6033033                    /lib/x86_64-linux-gnu/libgpg-error.so.0.8.0
7f8e8673f000-7f8e8693e000 ---p 00003000 08:01 6033033                    /lib/x86_64-linux-gnu/libgpg-error.so.0.8.0
7f8e8693e000-7f8e8693f000 r--p 00002000 08:01 6033033                    /lib/x86_64-linux-gnu/libgpg-error.so.0.8.0
7f8e8693f000-7f8e86940000 rw-p 00003000 08:01 6033033                    /lib/x86_64-linux-gnu/libgpg-error.so.0.8.0
7f8e86940000-7f8e86942000 r-xp 00000000 08:01 6033044                    /lib/x86_64-linux-gnu/libkeyutils.so.1.4
7f8e86942000-7f8e86b42000 ---p 00002000 08:01 6033044                    /lib/x86_64-linux-gnu/libkeyutils.so.1.4
7f8e86b42000-7f8e86b43000 r--p 00002000 08:01 6033044                    /lib/x86_64-linux-gnu/libkeyutils.so.1.4
7f8e86b43000-7f8e86b44000 rw-p 00003000 08:01 6033044                    /lib/x86_64-linux-gnu/libkeyutils.so.1.4
7f8e86b44000-7f8e86c9a000 r-xp 00000000 08:01 4463919                    /usr/lib/x86_64-linux-gnu/libicuuc.so.48.1.1
7f8e86c9a000-7f8e86e99000 ---p 00156000 08:01 4463919                    /usr/lib/x86_64-linux-gnu/libicuuc.so.48.1.1
7f8e86e99000-7f8e86eaa000 r--p 00155000 08:01 4463919                    /usr/lib/x86_64-linux-gnu/libicuuc.so.48.1.1
7f8e86eaa000-7f8e86eab000 rw-p 00166000 08:01 4463919                    /usr/lib/x86_64-linux-gnu/libicuuc.so.48.1.1
7f8e86eab000-7f8e86eaf000 rw-p 00000000 00:00 0 
7f8e86eaf000-7f8e86ee1000 r-xp 00000000 08:01 4463911                    /usr/lib/x86_64-linux-gnu/libicule.so.48.1.1
7f8e86ee1000-7f8e870e1000 ---p 00032000 08:01 4463911                    /usr/lib/x86_64-linux-gnu/libicule.so.48.1.1
7f8e870e1000-7f8e870e3000 r--p 00032000 08:01 4463911                    /usr/lib/x86_64-linux-gnu/libicule.so.48.1.1
7f8e870e3000-7f8e870e4000 rw-p 00034000 08:01 4463911                    /usr/lib/x86_64-linux-gnu/libicule.so.48.1.1
7f8e870e4000-7f8e87127000 r-xp 00000000 08:01 6029336                    /lib/x86_64-linux-gnu/libdbus-1.so.3.7.2
7f8e87127000-7f8e87326000 ---p 00043000 08:01 6029336                    /lib/x86_64-linux-gnu/libdbus-1.so.3.7.2
7f8e87326000-7f8e87327000 r--p 00042000 08:01 6029336                    /lib/x86_64-linux-gnu/libdbus-1.so.3.7.2
7f8e87327000-7f8e87328000 rw-p 00043000 08:01 6029336                    /lib/x86_64-linux-gnu/libdbus-1.so.3.7.2
7f8e87328000-7f8e8733a000 r-xp 00000000 08:01 4464044                    /usr/lib/x86_64-linux-gnu/libp11-kit.so.0.0.0
7f8e8733a000-7f8e8753a000 ---p 00012000 08:01 4464044                    /usr/lib/x86_64-linux-gnu/libp11-kit.so.0.0.0
7f8e8753a000-7f8e8753b000 r--p 00012000 08:01 4464044                    /usr/lib/x86_64-linux-gnu/libp11-kit.so.0.0.0
7f8e8753b000-7f8e8753c000 rw-p 00013000 08:01 4464044                    /usr/lib/x86_64-linux-gnu/libp11-kit.so.0.0.0
7f8e8753c000-7f8e8754b000 r-xp 00000000 08:01 4464202                    /usr/lib/x86_64-linux-gnu/libtasn1.so.3.2.0
7f8e8754b000-7f8e8774b000 ---p 0000f000 08:01 4464202                    /usr/lib/x86_64-linux-gnu/libtasn1.so.3.2.0
7f8e8774b000-7f8e8774c000 r--p 0000f000 08:01 4464202                    /usr/lib/x86_64-linux-gnu/libtasn1.so.3.2.0
7f8e8774c000-7f8e8774d000 rw-p 00010000 08:01 4464202                    /usr/lib/x86_64-linux-gnu/libtasn1.so.3.2.0
7f8e8774d000-7f8e877c7000 r-xp 00000000 08:01 6031341                    /lib/x86_64-linux-gnu/libgcrypt.so.11.7.0
7f8e877c7000-7f8e879c7000 ---p 0007a000 08:01 6031341                    /lib/x86_64-linux-gnu/libgcrypt.so.11.7.0
7f8e879c7000-7f8e879c8000 r--p 0007a000 08:01 6031341                    /lib/x86_64-linux-gnu/libgcrypt.so.11.7.0
7f8e879c8000-7f8e879cb000 rw-p 0007b000 08:01 6031341                    /lib/x86_64-linux-gnu/libgcrypt.so.11.7.0
7f8e879cb000-7f8e879d2000 r-xp 00000000 08:01 4463954                    /usr/lib/x86_64-linux-gnu/libkrb5support.so.0.1
7f8e879d2000-7f8e87bd1000 ---p 00007000 08:01 4463954                    /usr/lib/x86_64-linux-gnu/libkrb5support.so.0.1
7f8e87bd1000-7f8e87bd2000 r--p 00006000 08:01 4463954                    /usr/lib/x86_64-linux-gnu/libkrb5support.so.0.1
7f8e87bd2000-7f8e87bd3000 rw-p 00007000 08:01 4463954                    /usr/lib/x86_64-linux-gnu/libkrb5support.so.0.1
7f8e87bd3000-7f8e87bd6000 r-xp 00000000 08:01 6033009                    /lib/x86_64-linux-gnu/libcom_err.so.2.1
7f8e87bd6000-7f8e87dd5000 ---p 00003000 08:01 6033009                    /lib/x86_64-linux-gnu/libcom_err.so.2.1
7f8e87dd5000-7f8e87dd6000 r--p 00002000 08:01 6033009                    /lib/x86_64-linux-gnu/libcom_err.so.2.1
7f8e87dd6000-7f8e87dd7000 rw-p 00003000 08:01 6033009                    /lib/x86_64-linux-gnu/libcom_err.so.2.1
7f8e87dd7000-7f8e87dfd000 r-xp 00000000 08:01 4463948                    /usr/lib/x86_64-linux-gnu/libk5crypto.so.3.1
7f8e87dfd000-7f8e87ffd000 ---p 00026000 08:01 4463948                    /usr/lib/x86_64-linux-gnu/libk5crypto.so.3.1
7f8e87ffd000-7f8e87ffe000 r--p 00026000 08:01 4463948                    /usr/lib/x86_64-linux-gnu/libk5crypto.so.3.1
7f8e87ffe000-7f8e87fff000 rw-p 00027000 08:01 4463948                    /usr/lib/x86_64-linux-gnu/libk5crypto.so.3.1
7f8e87fff000-7f8e88000000 rw-p 00000000 00:00 0 
7f8e88000000-7f8e88021000 rw-p 00000000 00:00 0 
7f8e88021000-7f8e8c000000 ---p 00000000 00:00 0 
7f8e8c0c4000-7f8e8c0c7000 ---p 00000000 00:00 0 
7f8e8c0c7000-7f8e8c1c5000 rw-p 00000000 00:00 0                          [stack:7854]
7f8e8c1c5000-7f8e8c289000 r-xp 00000000 08:01 4463952                    /usr/lib/x86_64-linux-gnu/libkrb5.so.3.3
7f8e8c289000-7f8e8c488000 ---p 000c4000 08:01 4463952                    /usr/lib/x86_64-linux-gnu/libkrb5.so.3.3
7f8e8c488000-7f8e8c492000 r--p 000c3000 08:01 4463952                    /usr/lib/x86_64-linux-gnu/libkrb5.so.3.3
7f8e8c492000-7f8e8c493000 rw-p 000cd000 08:01 4463952                    /usr/lib/x86_64-linux-gnu/libkrb5.so.3.3
7f8e8c493000-7f8e8c528000 r-xp 00000000 08:01 4463889                    /usr/lib/x86_64-linux-gnu/libharfbuzz.so.0.913.0
7f8e8c528000-7f8e8c727000 ---p 00095000 08:01 4463889                    /usr/lib/x86_64-linux-gnu/libharfbuzz.so.0.913.0
7f8e8c727000-7f8e8c729000 r--p 00094000 08:01 4463889                    /usr/lib/x86_64-linux-gnu/libharfbuzz.so.0.913.0
7f8e8c729000-7f8e8c72a000 rw-p 00096000 08:01 4463889                    /usr/lib/x86_64-linux-gnu/libharfbuzz.so.0.913.0
7f8e8c72a000-7f8e8c732000 r-xp 00000000 08:01 4463414                    /usr/lib/x86_64-linux-gnu/libxcb-render.so.0.0.0
7f8e8c732000-7f8e8c932000 ---p 00008000 08:01 4463414                    /usr/lib/x86_64-linux-gnu/libxcb-render.so.0.0.0
7f8e8c932000-7f8e8c933000 r--p 00008000 08:01 4463414                    /usr/lib/x86_64-linux-gnu/libxcb-render.so.0.0.0
7f8e8c933000-7f8e8c934000 rw-p 00009000 08:01 4463414                    /usr/lib/x86_64-linux-gnu/libxcb-render.so.0.0.0
7f8e8c934000-7f8e8c936000 r-xp 00000000 08:01 4464126                    /usr/lib/x86_64-linux-gnu/libxcb-shm.so.0.0.0
7f8e8c936000-7f8e8cb35000 ---p 00002000 08:01 4464126                    /usr/lib/x86_64-linux-gnu/libxcb-shm.so.0.0.0
7f8e8cb35000-7f8e8cb36000 r--p 00001000 08:01 4464126                    /usr/lib/x86_64-linux-gnu/libxcb-shm.so.0.0.0
7f8e8cb36000-7f8e8cb37000 rw-p 00002000 08:01 4464126                    /usr/lib/x86_64-linux-gnu/libxcb-shm.so.0.0.0
7f8e8cb37000-7f8e8cb5c000 r-xp 00000000 08:01 6033109                    /lib/x86_64-linux-gnu/libpng12.so.0.49.0
7f8e8cb5c000-7f8e8cd5b000 ---p 00025000 08:01 6033109                    /lib/x86_64-linux-gnu/libpng12.so.0.49.0
7f8e8cd5b000-7f8e8cd5c000 r--p 00024000 08:01 6033109                    /lib/x86_64-linux-gnu/libpng12.so.0.49.0
7f8e8cd5c000-7f8e8cd5d000 rw-p 00025000 08:01 6033109                    /lib/x86_64-linux-gnu/libpng12.so.0.49.0
7f8e8cd5d000-7f8e8cded000 r-xp 00000000 08:01 4464074                    /usr/lib/x86_64-linux-gnu/libpixman-1.so.0.28.2
7f8e8cded000-7f8e8cfec000 ---p 00090000 08:01 4464074                    /usr/lib/x86_64-linux-gnu/libpixman-1.so.0.28.2
7f8e8cfec000-7f8e8cff3000 r--p 0008f000 08:01 4464074                    /usr/lib/x86_64-linux-gnu/libpixman-1.so.0.28.2
7f8e8cff3000-7f8e8cff4000 rw-p 00096000 08:01 4464074                    /usr/lib/x86_64-linux-gnu/libpixman-1.so.0.28.2
7f8e8cff4000-7f8e8cff9000 r-xp 00000000 08:01 4463438                    /usr/lib/x86_64-linux-gnu/libXdmcp.so.6.0.0
7f8e8cff9000-7f8e8d1f8000 ---p 00005000 08:01 4463438                    /usr/lib/x86_64-linux-gnu/libXdmcp.so.6.0.0
7f8e8d1f8000-7f8e8d1f9000 r--p 00004000 08:01 4463438                    /usr/lib/x86_64-linux-gnu/libXdmcp.so.6.0.0
7f8e8d1f9000-7f8e8d1fa000 rw-p 00005000 08:01 4463438                    /usr/lib/x86_64-linux-gnu/libXdmcp.so.6.0.0
7f8e8d1fa000-7f8e8d1fc000 r-xp 00000000 08:01 4463427                    /usr/lib/x86_64-linux-gnu/libXau.so.6.0.0
7f8e8d1fc000-7f8e8d3fc000 ---p 00002000 08:01 4463427                    /usr/lib/x86_64-linux-gnu/libXau.so.6.0.0
7f8e8d3fc000-7f8e8d3fd000 r--p 00002000 08:01 4463427                    /usr/lib/x86_64-linux-gnu/libXau.so.6.0.0
7f8e8d3fd000-7f8e8d3fe000 rw-p 00003000 08:01 4463427                    /usr/lib/x86_64-linux-gnu/libXau.so.6.0.0
7f8e8d3fe000-7f8e8d40d000 r-xp 00000000 08:01 4463513                    /usr/lib/x86_64-linux-gnu/libavahi-client.so.3.2.9
7f8e8d40d000-7f8e8d60d000 ---p 0000f000 08:01 4463513                    /usr/lib/x86_64-linux-gnu/libavahi-client.so.3.2.9
7f8e8d60d000-7f8e8d60e000 r--p 0000f000 08:01 4463513                    /usr/lib/x86_64-linux-gnu/libavahi-client.so.3.2.9
7f8e8d60e000-7f8e8d60f000 rw-p 00010000 08:01 4463513                    /usr/lib/x86_64-linux-gnu/libavahi-client.so.3.2.9
7f8e8d60f000-7f8e8d61a000 r-xp 00000000 08:01 4463515                    /usr/lib/x86_64-linux-gnu/libavahi-common.so.3.5.3
7f8e8d61a000-7f8e8d819000 ---p 0000b000 08:01 4463515                    /usr/lib/x86_64-linux-gnu/libavahi-common.so.3.5.3
7f8e8d819000-7f8e8d81a000 r--p 0000a000 08:01 4463515                    /usr/lib/x86_64-linux-gnu/libavahi-common.so.3.5.3
7f8e8d81a000-7f8e8d81b000 rw-p 0000b000 08:01 4463515                    /usr/lib/x86_64-linux-gnu/libavahi-common.so.3.5.3
7f8e8d81b000-7f8e8d8d0000 r-xp 00000000 08:01 4463233                    /usr/lib/x86_64-linux-gnu/libgnutls.so.26.22.6
7f8e8d8d0000-7f8e8dacf000 ---p 000b5000 08:01 4463233                    /usr/lib/x86_64-linux-gnu/libgnutls.so.26.22.6
7f8e8dacf000-7f8e8dad5000 r--p 000b4000 08:01 4463233                    /usr/lib/x86_64-linux-gnu/libgnutls.so.26.22.6
7f8e8dad5000-7f8e8dad6000 rw-p 000ba000 08:01 4463233                    /usr/lib/x86_64-linux-gnu/libgnutls.so.26.22.6
7f8e8dad6000-7f8e8dad7000 rw-p 00000000 00:00 0 
7f8e8dad7000-7f8e8db12000 r-xp 00000000 08:01 4463791                    /usr/lib/x86_64-linux-gnu/libgssapi_krb5.so.2.2
7f8e8db12000-7f8e8dd12000 ---p 0003b000 08:01 4463791                    /usr/lib/x86_64-linux-gnu/libgssapi_krb5.so.2.2
7f8e8dd12000-7f8e8dd13000 r--p 0003b000 08:01 4463791                    /usr/lib/x86_64-linux-gnu/libgssapi_krb5.so.2.2
7f8e8dd13000-7f8e8dd15000 rw-p 0003c000 08:01 4463791                    /usr/lib/x86_64-linux-gnu/libgssapi_krb5.so.2.2
7f8e8dd15000-7f8e8dd3b000 r-xp 00000000 08:01 6033022                    /lib/x86_64-linux-gnu/libexpat.so.1.6.0
7f8e8dd3b000-7f8e8df3b000 ---p 00026000 08:01 6033022                    /lib/x86_64-linux-gnu/libexpat.so.1.6.0
7f8e8df3b000-7f8e8df3d000 r--p 00026000 08:01 6033022                    /lib/x86_64-linux-gnu/libexpat.so.1.6.0
7f8e8df3d000-7f8e8df3e000 rw-p 00028000 08:01 6033022                    /lib/x86_64-linux-gnu/libexpat.so.1.6.0
7f8e8df3e000-7f8e8dfd5000 r-xp 00000000 08:01 4463701                    /usr/lib/x86_64-linux-gnu/libfreetype.so.6.10.0
7f8e8dfd5000-7f8e8e1d4000 ---p 00097000 08:01 4463701                    /usr/lib/x86_64-linux-gnu/libfreetype.so.6.10.0
7f8e8e1d4000-7f8e8e1da000 r--p 00096000 08:01 4463701                    /usr/lib/x86_64-linux-gnu/libfreetype.so.6.10.0
7f8e8e1da000-7f8e8e1db000 rw-p 0009c000 08:01 4463701                    /usr/lib/x86_64-linux-gnu/libfreetype.so.6.10.0
7f8e8e1db000-7f8e8e1dd000 r-xp 00000000 08:01 4463436                    /usr/lib/x86_64-linux-gnu/libXdamage.so.1.1.0
7f8e8e1dd000-7f8e8e3dc000 ---p 00002000 08:01 4463436                    /usr/lib/x86_64-linux-gnu/libXdamage.so.1.1.0
7f8e8e3dc000-7f8e8e3dd000 r--p 00001000 08:01 4463436                    /usr/lib/x86_64-linux-gnu/libXdamage.so.1.1.0
7f8e8e3dd000-7f8e8e3de000 rw-p 00002000 08:01 4463436                    /usr/lib/x86_64-linux-gnu/libXdamage.so.1.1.0
7f8e8e3de000-7f8e8e3e0000 r-xp 00000000 08:01 4463432                    /usr/lib/x86_64-linux-gnu/libXcomposite.so.1.0.0
7f8e8e3e0000-7f8e8e5df000 ---p 00002000 08:01 4463432                    /usr/lib/x86_64-linux-gnu/libXcomposite.so.1.0.0
7f8e8e5df000-7f8e8e5e0000 r--p 00001000 08:01 4463432                    /usr/lib/x86_64-linux-gnu/libXcomposite.so.1.0.0
7f8e8e5e0000-7f8e8e5e1000 rw-p 00002000 08:01 4463432                    /usr/lib/x86_64-linux-gnu/libXcomposite.so.1.0.0
7f8e8e5e1000-7f8e8e5ea000 r-xp 00000000 08:01 4464222                    /usr/lib/x86_64-linux-gnu/libXcursor.so.1.0.2
7f8e8e5ea000-7f8e8e7ea000 ---p 00009000 08:01 4464222                    /usr/lib/x86_64-linux-gnu/libXcursor.so.1.0.2
7f8e8e7ea000-7f8e8e7eb000 r--p 00009000 08:01 4464222                    /usr/lib/x86_64-linux-gnu/libXcursor.so.1.0.2
7f8e8e7eb000-7f8e8e7ec000 rw-p 0000a000 08:01 4464222                    /usr/lib/x86_64-linux-gnu/libXcursor.so.1.0.2
7f8e8e7ec000-7f8e8e7f5000 r-xp 00000000 08:01 4463453                    /usr/lib/x86_64-linux-gnu/libXrandr.so.2.2.0
7f8e8e7f5000-7f8e8e9f4000 ---p 00009000 08:01 4463453                    /usr/lib/x86_64-linux-gnu/libXrandr.so.2.2.0
7f8e8e9f4000-7f8e8e9f5000 r--p 00008000 08:01 4463453                    /usr/lib/x86_64-linux-gnu/libXrandr.so.2.2.0
7f8e8e9f5000-7f8e8e9f6000 rw-p 00009000 08:01 4463453                    /usr/lib/x86_64-linux-gnu/libXrandr.so.2.2.0
7f8e8e9f6000-7f8e8e9f8000 r-xp 00000000 08:01 4463765                    /usr/lib/x86_64-linux-gnu/libXinerama.so.1.0.0
7f8e8e9f8000-7f8e8ebf7000 ---p 00002000 08:01 4463765                    /usr/lib/x86_64-linux-gnu/libXinerama.so.1.0.0
7f8e8ebf7000-7f8e8ebf8000 r--p 00001000 08:01 4463765                    /usr/lib/x86_64-linux-gnu/libXinerama.so.1.0.0
7f8e8ebf8000-7f8e8ebf9000 rw-p 00002000 08:01 4463765                    /usr/lib/x86_64-linux-gnu/libXinerama.so.1.0.0
7f8e8ebf9000-7f8e8ec0c000 r-xp 00000000 08:01 4464056                    /usr/lib/x86_64-linux-gnu/libpangoft2-1.0.so.0.3200.5
7f8e8ec0c000-7f8e8ee0b000 ---p 00013000 08:01 4464056                    /usr/lib/x86_64-linux-gnu/libpangoft2-1.0.so.0.3200.5
7f8e8ee0b000-7f8e8ee0c000 r--p 00012000 08:01 4464056                    /usr/lib/x86_64-linux-gnu/libpangoft2-1.0.so.0.3200.5
7f8e8ee0c000-7f8e8ee0d000 rw-p 00013000 08:01 4464056                    /usr/lib/x86_64-linux-gnu/libpangoft2-1.0.so.0.3200.5
7f8e8ee0d000-7f8e8ef0b000 r-xp 00000000 08:01 4463539                    /usr/lib/x86_64-linux-gnu/libcairo.so.2.11200.14
7f8e8ef0b000-7f8e8f10b000 ---p 000fe000 08:01 4463539                    /usr/lib/x86_64-linux-gnu/libcairo.so.2.11200.14
7f8e8f10b000-7f8e8f10e000 r--p 000fe000 08:01 4463539                    /usr/lib/x86_64-linux-gnu/libcairo.so.2.11200.14
7f8e8f10e000-7f8e8f10f000 rw-p 00101000 08:01 4463539                    /usr/lib/x86_64-linux-gnu/libcairo.so.2.11200.14
7f8e8f10f000-7f8e8f111000 rw-p 00000000 00:00 0 
7f8e8f111000-7f8e8f131000 r-xp 00000000 08:01 4463503                    /usr/lib/x86_64-linux-gnu/libatk-1.0.so.0.20809.1
7f8e8f131000-7f8e8f330000 ---p 00020000 08:01 4463503                    /usr/lib/x86_64-linux-gnu/libatk-1.0.so.0.20809.1
7f8e8f330000-7f8e8f332000 r--p 0001f000 08:01 4463503                    /usr/lib/x86_64-linux-gnu/libatk-1.0.so.0.20809.1
7f8e8f332000-7f8e8f333000 rw-p 00021000 08:01 4463503                    /usr/lib/x86_64-linux-gnu/libatk-1.0.so.0.20809.1
7f8e8f333000-7f8e8f338000 r-xp 00000000 08:01 4463594                    /usr/lib/x86_64-linux-gnu/libXfixes.so.3.1.0
7f8e8f338000-7f8e8f537000 ---p 00005000 08:01 4463594                    /usr/lib/x86_64-linux-gnu/libXfixes.so.3.1.0
7f8e8f537000-7f8e8f538000 r--p 00004000 08:01 4463594                    /usr/lib/x86_64-linux-gnu/libXfixes.so.3.1.0
7f8e8f538000-7f8e8f539000 rw-p 00005000 08:01 4463594                    /usr/lib/x86_64-linux-gnu/libXfixes.so.3.1.0
7f8e8f539000-7f8e8f544000 r-xp 00000000 08:01 4464054                    /usr/lib/x86_64-linux-gnu/libpangocairo-1.0.so.0.3200.5
7f8e8f544000-7f8e8f744000 ---p 0000b000 08:01 4464054                    /usr/lib/x86_64-linux-gnu/libpangocairo-1.0.so.0.3200.5
7f8e8f744000-7f8e8f745000 r--p 0000b000 08:01 4464054                    /usr/lib/x86_64-linux-gnu/libpangocairo-1.0.so.0.3200.5
7f8e8f745000-7f8e8f746000 rw-p 0000c000 08:01 4464054                    /usr/lib/x86_64-linux-gnu/libpangocairo-1.0.so.0.3200.5
7f8e8f746000-7f8e8f763000 r-xp 00000000 08:01 4463244                    /usr/lib/x86_64-linux-gnu/libxcb.so.1.1.0
7f8e8f763000-7f8e8f962000 ---p 0001d000 08:01 4463244                    /usr/lib/x86_64-linux-gnu/libxcb.so.1.1.0
7f8e8f962000-7f8e8f963000 r--p 0001c000 08:01 4463244                    /usr/lib/x86_64-linux-gnu/libxcb.so.1.1.0
7f8e8f963000-7f8e8f964000 rw-p 0001d000 08:01 4463244                    /usr/lib/x86_64-linux-gnu/libxcb.so.1.1.0
7f8e8f964000-7f8e8f9be000 r-xp 00000000 08:01 4463592                    /usr/lib/x86_64-linux-gnu/libcups.so.2
7f8e8f9be000-7f8e8fbbe000 ---p 0005a000 08:01 4463592                    /usr/lib/x86_64-linux-gnu/libcups.so.2
7f8e8fbbe000-7f8e8fbc3000 r--p 0005a000 08:01 4463592                    /usr/lib/x86_64-linux-gnu/libcups.so.2
7f8e8fbc3000-7f8e8fbc4000 rw-p 0005f000 08:01 4463592                    /usr/lib/x86_64-linux-gnu/libcups.so.2
7f8e8fbc4000-7f8e8fbc5000 r-xp 00000000 08:01 4463869                    /usr/lib/x86_64-linux-gnu/libgthread-2.0.so.0.3600.0
7f8e8fbc5000-7f8e8fdc4000 ---p 00001000 08:01 4463869                    /usr/lib/x86_64-linux-gnu/libgthread-2.0.so.0.3600.0
7f8e8fdc4000-7f8e8fdc5000 r--p 00000000 08:01 4463869                    /usr/lib/x86_64-linux-gnu/libgthread-2.0.so.0.3600.0
7f8e8fdc5000-7f8e8fdc6000 rw-p 00001000 08:01 4463869                    /usr/lib/x86_64-linux-gnu/libgthread-2.0.so.0.3600.0
7f8e8fdc6000-7f8e8fdfd000 r-xp 00000000 08:01 4463673                    /usr/lib/x86_64-linux-gnu/libfontconfig.so.1.6.2
7f8e8fdfd000-7f8e8fffd000 ---p 00037000 08:01 4463673                    /usr/lib/x86_64-linux-gnu/libfontconfig.so.1.6.2
7f8e8fffd000-7f8e8fffe000 r--p 00037000 08:01 4463673                    /usr/lib/x86_64-linux-gnu/libfontconfig.so.1.6.2
7f8e8fffe000-7f8e8ffff000 rw-p 00038000 08:01 4463673                    /usr/lib/x86_64-linux-gnu/libfontconfig.so.1.6.2
7f8e8ffff000-7f8e90000000 rw-p 00000000 00:00 0 
7f8e90000000-7f8e90021000 rw-p 00000000 00:00 0 
7f8e90021000-7f8e94000000 ---p 00000000 00:00 0 
7f8e94038000-7f8e94080000 r-xp 00000000 08:01 4464052                    /usr/lib/x86_64-linux-gnu/libpango-1.0.so.0.3200.5
7f8e94080000-7f8e94280000 ---p 00048000 08:01 4464052                    /usr/lib/x86_64-linux-gnu/libpango-1.0.so.0.3200.5
7f8e94280000-7f8e94282000 r--p 00048000 08:01 4464052                    /usr/lib/x86_64-linux-gnu/libpango-1.0.so.0.3200.5
7f8e94282000-7f8e94283000 rw-p 0004a000 08:01 4464052                    /usr/lib/x86_64-linux-gnu/libpango-1.0.so.0.3200.5
7f8e94283000-7f8e942a1000 r-xp 00000000 08:01 4463732                    /usr/lib/x86_64-linux-gnu/libgdk_pixbuf-2.0.so.0.2800.0
7f8e942a1000-7f8e944a1000 ---p 0001e000 08:01 4463732                    /usr/lib/x86_64-linux-gnu/libgdk_pixbuf-2.0.so.0.2800.0
7f8e944a1000-7f8e944a2000 r--p 0001e000 08:01 4463732                    /usr/lib/x86_64-linux-gnu/libgdk_pixbuf-2.0.so.0.2800.0
7f8e944a2000-7f8e944a3000 rw-p 0001f000 08:01 4463732                    /usr/lib/x86_64-linux-gnu/libgdk_pixbuf-2.0.so.0.2800.0
7f8e944a3000-7f8e94550000 r-xp 00000000 08:01 4463730                    /usr/lib/x86_64-linux-gnu/libgdk-x11-2.0.so.0.2400.17
7f8e94550000-7f8e9474f000 ---p 000ad000 08:01 4463730                    /usr/lib/x86_64-linux-gnu/libgdk-x11-2.0.so.0.2400.17
7f8e9474f000-7f8e94753000 r--p 000ac000 08:01 4463730                    /usr/lib/x86_64-linux-gnu/libgdk-x11-2.0.so.0.2400.17
7f8e94753000-7f8e94755000 rw-p 000b0000 08:01 4463730                    /usr/lib/x86_64-linux-gnu/libgdk-x11-2.0.so.0.2400.17
7f8e94755000-7f8e94b82000 r-xp 00000000 08:01 4463873                    /usr/lib/x86_64-linux-gnu/libgtk-x11-2.0.so.0.2400.17
7f8e94b82000-7f8e94d81000 ---p 0042d000 08:01 4463873                    /usr/lib/x86_64-linux-gnu/libgtk-x11-2.0.so.0.2400.17
7f8e94d81000-7f8e94d88000 r--p 0042c000 08:01 4463873                    /usr/lib/x86_64-linux-gnu/libgtk-x11-2.0.so.0.2400.17
7f8e94d88000-7f8e94d8c000 rw-p 00433000 08:01 4463873                    /usr/lib/x86_64-linux-gnu/libgtk-x11-2.0.so.0.2400.17
7f8e94d8c000-7f8e94d8e000 rw-p 00000000 00:00 0 
7f8e94d8e000-7f8e94d9c000 r-xp 00000000 08:01 4463255                    /usr/lib/x86_64-linux-gnu/libXi.so.6.1.0
7f8e94d9c000-7f8e94f9c000 ---p 0000e000 08:01 4463255                    /usr/lib/x86_64-linux-gnu/libXi.so.6.1.0
7f8e94f9c000-7f8e94f9d000 r--p 0000e000 08:01 4463255                    /usr/lib/x86_64-linux-gnu/libXi.so.6.1.0
7f8e94f9d000-7f8e94f9e000 rw-p 0000f000 08:01 4463255                    /usr/lib/x86_64-linux-gnu/libXi.so.6.1.0
7f8e94f9e000-7f8e94fa3000 r-xp 00000000 08:01 4463461                    /usr/lib/x86_64-linux-gnu/libXtst.so.6.1.0
7f8e94fa3000-7f8e951a2000 ---p 00005000 08:01 4463461                    /usr/lib/x86_64-linux-gnu/libXtst.so.6.1.0
7f8e951a2000-7f8e951a3000 r--p 00004000 08:01 4463461                    /usr/lib/x86_64-linux-gnu/libXtst.so.6.1.0
7f8e951a3000-7f8e951a4000 rw-p 00005000 08:01 4463461                    /usr/lib/x86_64-linux-gnu/libXtst.so.6.1.0
7f8e951a4000-7f8e951ad000 r-xp 00000000 08:01 4463395                    /usr/lib/x86_64-linux-gnu/libXrender.so.1.3.0
7f8e951ad000-7f8e953ac000 ---p 00009000 08:01 4463395                    /usr/lib/x86_64-linux-gnu/libXrender.so.1.3.0
7f8e953ac000-7f8e953ad000 r--p 00008000 08:01 4463395                    /usr/lib/x86_64-linux-gnu/libXrender.so.1.3.0
7f8e953ad000-7f8e953ae000 rw-p 00009000 08:01 4463395                    /usr/lib/x86_64-linux-gnu/libXrender.so.1.3.0
7f8e953ae000-7f8e954e2000 r-xp 00000000 08:01 4463247                    /usr/lib/x86_64-linux-gnu/libX11.so.6.3.0
7f8e954e2000-7f8e956e2000 ---p 00134000 08:01 4463247                    /usr/lib/x86_64-linux-gnu/libX11.so.6.3.0
7f8e956e2000-7f8e956e3000 r--p 00134000 08:01 4463247                    /usr/lib/x86_64-linux-gnu/libX11.so.6.3.0
7f8e956e3000-7f8e956e8000 rw-p 00135000 08:01 4463247                    /usr/lib/x86_64-linux-gnu/libX11.so.6.3.0
7f8e956e8000-7f8e956f9000 r-xp 00000000 08:01 4463249                    /usr/lib/x86_64-linux-gnu/libXext.so.6.4.0
7f8e956f9000-7f8e958f8000 ---p 00011000 08:01 4463249                    /usr/lib/x86_64-linux-gnu/libXext.so.6.4.0
7f8e958f8000-7f8e958f9000 r--p 00010000 08:01 4463249                    /usr/lib/x86_64-linux-gnu/libXext.so.6.4.0
7f8e958f9000-7f8e958fa000 rw-p 00011000 08:01 4463249                    /usr/lib/x86_64-linux-gnu/libXext.so.6.4.0
7f8e958fa000-7f8e9594d000 r-xp 00000000 08:01 4467641                    /usr/lib/jvm/java-7-openjdk-amd64/jre/lib/amd64/xawt/libmawt.so
7f8e9594d000-7f8e95b4c000 ---p 00053000 08:01 4467641                    /usr/lib/jvm/java-7-openjdk-amd64/jre/lib/amd64/xawt/libmawt.so
7f8e95b4c000-7f8e95b4d000 r--p 00052000 08:01 4467641                    /usr/lib/jvm/java-7-openjdk-amd64/jre/lib/amd64/xawt/libmawt.so
7f8e95b4d000-7f8e95b50000 rw-p 00053000 08:01 4467641                    /usr/lib/jvm/java-7-openjdk-amd64/jre/lib/amd64/xawt/libmawt.so
7f8e95b50000-7f8e95b51000 rw-p 00000000 00:00 0 
7f8e95b51000-7f8e95bf2000 r-xp 00000000 08:01 4466511                    /usr/lib/jvm/java-7-openjdk-amd64/jre/lib/amd64/libawt.so
7f8e95bf2000-7f8e95df2000 ---p 000a1000 08:01 4466511                    /usr/lib/jvm/java-7-openjdk-amd64/jre/lib/amd64/libawt.so
7f8e95df2000-7f8e95df3000 r--p 000a1000 08:01 4466511                    /usr/lib/jvm/java-7-openjdk-amd64/jre/lib/amd64/libawt.so
7f8e95df3000-7f8e95dfe000 rw-p 000a2000 08:01 4466511                    /usr/lib/jvm/java-7-openjdk-amd64/jre/lib/amd64/libawt.so
7f8e95dfe000-7f8e95e23000 rw-p 00000000 00:00 0 
7f8e95e23000-7f8e95e26000 ---p 00000000 00:00 0 
7f8e95e26000-7f8e95f24000 rw-p 00000000 00:00 0                          [stack:7853]
7f8e95f24000-7f8e95f61000 r-xp 00000000 08:01 6033097                    /lib/x86_64-linux-gnu/libpcre.so.3.13.1
7f8e95f61000-7f8e96161000 ---p 0003d000 08:01 6033097                    /lib/x86_64-linux-gnu/libpcre.so.3.13.1
7f8e96161000-7f8e96162000 r--p 0003d000 08:01 6033097                    /lib/x86_64-linux-gnu/libpcre.so.3.13.1
7f8e96162000-7f8e96163000 rw-p 0003e000 08:01 6033097                    /lib/x86_64-linux-gnu/libpcre.so.3.13.1
7f8e96163000-7f8e9616a000 r-xp 00000000 08:01 4463665                    /usr/lib/x86_64-linux-gnu/libffi.so.6.0.1
7f8e9616a000-7f8e96369000 ---p 00007000 08:01 4463665                    /usr/lib/x86_64-linux-gnu/libffi.so.6.0.1
7f8e96369000-7f8e9636a000 r--p 00006000 08:01 4463665                    /usr/lib/x86_64-linux-gnu/libffi.so.6.0.1
7f8e9636a000-7f8e9636b000 rw-p 00007000 08:01 4463665                    /usr/lib/x86_64-linux-gnu/libffi.so.6.0.1
7f8e9636b000-7f8e96381000 r-xp 00000000 08:01 6033120                    /lib/x86_64-linux-gnu/libresolv-2.17.so
7f8e96381000-7f8e96581000 ---p 00016000 08:01 6033120                    /lib/x86_64-linux-gnu/libresolv-2.17.so
7f8e96581000-7f8e96582000 r--p 00016000 08:01 6033120                    /lib/x86_64-linux-gnu/libresolv-2.17.so
7f8e96582000-7f8e96583000 rw-p 00017000 08:01 6033120                    /lib/x86_64-linux-gnu/libresolv-2.17.so
7f8e96583000-7f8e96585000 rw-p 00000000 00:00 0 
7f8e96585000-7f8e965a2000 r-xp 00000000 08:01 6033124                    /lib/x86_64-linux-gnu/libselinux.so.1
7f8e965a2000-7f8e967a1000 ---p 0001d000 08:01 6033124                    /lib/x86_64-linux-gnu/libselinux.so.1
7f8e967a1000-7f8e967a2000 r--p 0001c000 08:01 6033124                    /lib/x86_64-linux-gnu/libselinux.so.1
7f8e967a2000-7f8e967a3000 rw-p 0001d000 08:01 6033124                    /lib/x86_64-linux-gnu/libselinux.so.1
7f8e967a3000-7f8e967a4000 rw-p 00000000 00:00 0 
7f8e967a4000-7f8e967a7000 r-xp 00000000 08:01 4463758                    /usr/lib/x86_64-linux-gnu/libgmodule-2.0.so.0.3600.0
7f8e967a7000-7f8e969a6000 ---p 00003000 08:01 4463758                    /usr/lib/x86_64-linux-gnu/libgmodule-2.0.so.0.3600.0
7f8e969a6000-7f8e969a7000 r--p 00002000 08:01 4463758                    /usr/lib/x86_64-linux-gnu/libgmodule-2.0.so.0.3600.0
7f8e969a7000-7f8e969a8000 rw-p 00003000 08:01 4463758                    /usr/lib/x86_64-linux-gnu/libgmodule-2.0.so.0.3600.0
7f8e969a8000-7f8e96aa1000 r-xp 00000000 08:01 6033031                    /lib/x86_64-linux-gnu/libglib-2.0.so.0.3600.0
7f8e96aa1000-7f8e96ca1000 ---p 000f9000 08:01 6033031                    /lib/x86_64-linux-gnu/libglib-2.0.so.0.3600.0
7f8e96ca1000-7f8e96ca2000 r--p 000f9000 08:01 6033031                    /lib/x86_64-linux-gnu/libglib-2.0.so.0.3600.0
7f8e96ca2000-7f8e96ca3000 rw-p 000fa000 08:01 6033031                    /lib/x86_64-linux-gnu/libglib-2.0.so.0.3600.0
7f8e96ca3000-7f8e96ca4000 rw-p 00000000 00:00 0 
7f8e96ca4000-7f8e96df7000 r-xp 00000000 08:01 4463748                    /usr/lib/x86_64-linux-gnu/libgio-2.0.so.0.3600.0
7f8e96df7000-7f8e96ff6000 ---p 00153000 08:01 4463748                    /usr/lib/x86_64-linux-gnu/libgio-2.0.so.0.3600.0
7f8e96ff6000-7f8e96ffa000 r--p 00152000 08:01 4463748                    /usr/lib/x86_64-linux-gnu/libgio-2.0.so.0.3600.0
7f8e96ffa000-7f8e96ffc000 rw-p 00156000 08:01 4463748                    /usr/lib/x86_64-linux-gnu/libgio-2.0.so.0.3600.0
7f8e96ffc000-7f8e96ffe000 rw-p 00000000 00:00 0 
7f8e96ffe000-7f8e97001000 ---p 00000000 00:00 0 
7f8e97001000-7f8e977ff000 rw-p 00000000 00:00 0                          [stack:7828]
7f8e977ff000-7f8e97800000 ---p 00000000 00:00 0 
7f8e97800000-7f8e98000000 rw-p 00000000 00:00 0                          [stack:7827]
7f8e98000000-7f8e98021000 rw-p 00000000 00:00 0 
7f8e98021000-7f8e9c000000 ---p 00000000 00:00 0 
7f8e9c0a7000-7f8e9c0f4000 r-xp 00000000 08:01 4463774                    /usr/lib/x86_64-linux-gnu/libgobject-2.0.so.0.3600.0
7f8e9c0f4000-7f8e9c2f4000 ---p 0004d000 08:01 4463774                    /usr/lib/x86_64-linux-gnu/libgobject-2.0.so.0.3600.0
7f8e9c2f4000-7f8e9c2f5000 r--p 0004d000 08:01 4463774                    /usr/lib/x86_64-linux-gnu/libgobject-2.0.so.0.3600.0
7f8e9c2f5000-7f8e9c2f6000 rw-p 0004e000 08:01 4463774                    /usr/lib/x86_64-linux-gnu/libgobject-2.0.so.0.3600.0
7f8e9c30e000-7f8e9c324000 r-xp 00000000 08:01 4466499                    /usr/lib/jvm/java-7-openjdk-amd64/jre/lib/amd64/libnet.so
7f8e9c324000-7f8e9c523000 ---p 00016000 08:01 4466499                    /usr/lib/jvm/java-7-openjdk-amd64/jre/lib/amd64/libnet.so
7f8e9c523000-7f8e9c524000 r--p 00015000 08:01 4466499                    /usr/lib/jvm/java-7-openjdk-amd64/jre/lib/amd64/libnet.so
7f8e9c524000-7f8e9c525000 rw-p 00016000 08:01 4466499                    /usr/lib/jvm/java-7-openjdk-amd64/jre/lib/amd64/libnet.so
7f8e9c525000-7f8e9c537000 r--s 00294000 08:01 16910059                   /home/shiwali/InstructoSoarII/april/java/april.jar
7f8e9c537000-7f8e9c558000 rw-p 00000000 00:00 0 
7f8e9c558000-7f8e9c559000 ---p 00000000 00:00 0 
7f8e9c559000-7f8e9cd59000 rw-p 00000000 00:00 0                          [stack:7826]
7f8e9cd59000-7f8e9d5c6000 r-xp 00000000 08:01 17042183                   /home/shiwali/soar/SoarSuite/out/libSoar.so
7f8e9d5c6000-7f8e9d7c5000 ---p 0086d000 08:01 17042183                   /home/shiwali/soar/SoarSuite/out/libSoar.so
7f8e9d7c5000-7f8e9d7d6000 r--p 0086c000 08:01 17042183                   /home/shiwali/soar/SoarSuite/out/libSoar.so
7f8e9d7d6000-7f8e9d7ed000 rw-p 0087d000 08:01 17042183                   /home/shiwali/soar/SoarSuite/out/libSoar.so
7f8e9d7ed000-7f8e9d7f1000 rw-p 00000000 00:00 0 
7f8e9d7f1000-7f8e9d84a000 r-xp 00000000 08:01 17042226                   /home/shiwali/soar/SoarSuite/out/libJava_sml_ClientInterface.so
7f8e9d84a000-7f8e9da4a000 ---p 00059000 08:01 17042226                   /home/shiwali/soar/SoarSuite/out/libJava_sml_ClientInterface.so
7f8e9da4a000-7f8e9da4b000 r--p 00059000 08:01 17042226                   /home/shiwali/soar/SoarSuite/out/libJava_sml_ClientInterface.so
7f8e9da4b000-7f8e9da4d000 rw-p 0005a000 08:01 17042226                   /home/shiwali/soar/SoarSuite/out/libJava_sml_ClientInterface.so
7f8e9da4d000-7f8e9da4e000 ---p 00000000 00:00 0 
7f8e9da4e000-7f8e9db4e000 rw-p 00000000 00:00 0                          [stack:7825]
7f8e9db4e000-7f8e9db51000 ---p 00000000 00:00 0 
7f8e9db51000-7f8e9dc4f000 rw-p 00000000 00:00 0                          [stack:7824]
7f8e9dc4f000-7f8e9dc52000 ---p 00000000 00:00 0 
7f8e9dc52000-7f8e9dd50000 rw-p 00000000 00:00 0                          [stack:7823]
7f8e9dd50000-7f8e9dd53000 ---p 00000000 00:00 0 
7f8e9dd53000-7f8e9de51000 rw-p 00000000 00:00 0                          [stack:7822]
7f8e9de51000-7f8e9de54000 ---p 00000000 00:00 0 
7f8e9de54000-7f8e9df52000 rw-p 00000000 00:00 0                          [stack:7821]
7f8e9df52000-7f8e9e633000 r--p 00000000 08:01 4462580                    /usr/lib/locale/locale-archive
7f8e9e633000-7f8e9e636000 ---p 00000000 00:00 0 
7f8e9e636000-7f8e9e734000 rw-p 00000000 00:00 0                          [stack:7820]
7f8e9e734000-7f8e9e737000 ---p 00000000 00:00 0 
7f8e9e737000-7f8e9e835000 rw-p 00000000 00:00 0                          [stack:7819]
7f8e9e835000-7f8e9e836000 ---p 00000000 00:00 0 
7f8e9e836000-7f8ea0000000 rw-p 00000000 00:00 0                          [stack:7818]
7f8ea0000000-7f8ea0021000 rw-p 00000000 00:00 0 
7f8ea0021000-7f8ea4000000 ---p 00000000 00:00 0 
7f8ea4003000-7f8ea4007000 r--s 00035000 08:01 17957274                   /home/shiwali/InstructoSoarII/probcog2/java/probcog.jar
7f8ea4007000-7f8ea400a000 r--s 0001d000 08:01 5378582                    /usr/local/share/java/lcm.jar
7f8ea400a000-7f8ea5000000 rw-p 00000000 00:00 0 
7f8ea5000000-7f8ea5270000 rwxp 00000000 00:00 0 
7f8ea5270000-7f8ea860b000 rw-p 00000000 00:00 0 
7f8ea860b000-7f8eac000000 ---p 00000000 00:00 0 
7f8eac001000-7f8eac014000 r--s 00211000 08:01 17171916                   /home/shiwali/soar/SoarSuite/out/java/swt.jar
7f8eac014000-7f8eac6e9000 rw-p 00000000 00:00 0 
7f8eac6e9000-7f8eac896000 r--s 01cec000 08:01 4466481                    /usr/lib/jvm/java-7-openjdk-amd64/jre/lib/rt.jar
7f8eac896000-7f8eac8be000 rw-p 00000000 00:00 0 
7f8eac8be000-7f8eac8bf000 ---p 00000000 00:00 0 
7f8eac8bf000-7f8eac9bf000 rw-p 00000000 00:00 0                          [stack:7817]
7f8eac9bf000-7f8eac9c0000 ---p 00000000 00:00 0 
7f8eac9c0000-7f8eacac0000 rw-p 00000000 00:00 0                          [stack:7815]
7f8eacac0000-7f8eacac1000 ---p 00000000 00:00 0 
7f8eacac1000-7f8eacbc1000 rw-p 00000000 00:00 0                          [stack:7814]
7f8eacbc1000-7f8eacbc2000 ---p 00000000 00:00 0 
7f8eacbc2000-7f8eaccc2000 rw-p 00000000 00:00 0                          [stack:7813]
7f8eaccc2000-7f8eaccc3000 ---p 00000000 00:00 0 
7f8eaccc3000-7f8eacdc3000 rw-p 00000000 00:00 0                          [stack:7812]
7f8eacdc3000-7f8eacdc4000 ---p 00000000 00:00 0 
7f8eacdc4000-7f8eacec4000 rw-p 00000000 00:00 0                          [stack:7811]
7f8eacec4000-7f8eacec5000 ---p 00000000 00:00 0 
7f8eacec5000-7f8eacfc5000 rw-p 00000000 00:00 0                          [stack:7810]
7f8eacfc5000-7f8eacfc6000 ---p 00000000 00:00 0 
7f8eacfc6000-7f8ead0d1000 rw-p 00000000 00:00 0                          [stack:7809]
7f8ead0d1000-7f8ead119000 rw-p 00000000 00:00 0 
7f8ead119000-7f8ead143000 rw-p 00000000 00:00 0 
7f8ead143000-7f8ead3ad000 rw-p 00000000 00:00 0 
7f8ead3ad000-7f8ead3b8000 rw-p 00000000 00:00 0 
7f8ead3b8000-7f8ead400000 rw-p 00000000 00:00 0 
7f8ead400000-7f8ead42a000 rw-p 00000000 00:00 0 
7f8ead42a000-7f8ead694000 rw-p 00000000 00:00 0 
7f8ead694000-7f8ead763000 rw-p 00000000 00:00 0 
7f8ead763000-7f8ead7de000 rw-p 00000000 00:00 0 
7f8ead7de000-7f8ead7df000 rw-p 00000000 00:00 0 
7f8ead7df000-7f8ead7e7000 r-xp 00000000 08:01 4466526                    /usr/lib/jvm/java-7-openjdk-amd64/jre/lib/amd64/libzip.so
7f8ead7e7000-7f8ead9e6000 ---p 00008000 08:01 4466526                    /usr/lib/jvm/java-7-openjdk-amd64/jre/lib/amd64/libzip.so
7f8ead9e6000-7f8ead9e7000 r--p 00007000 08:01 4466526                    /usr/lib/jvm/java-7-openjdk-amd64/jre/lib/amd64/libzip.so
7f8ead9e7000-7f8ead9e8000 rw-p 00008000 08:01 4466526                    /usr/lib/jvm/java-7-openjdk-amd64/jre/lib/amd64/libzip.so
7f8ead9e8000-7f8ead9f4000 r-xp 00000000 08:01 6033075                    /lib/x86_64-linux-gnu/libnss_files-2.17.so
7f8ead9f4000-7f8eadbf3000 ---p 0000c000 08:01 6033075                    /lib/x86_64-linux-gnu/libnss_files-2.17.so
7f8eadbf3000-7f8eadbf4000 r--p 0000b000 08:01 6033075                    /lib/x86_64-linux-gnu/libnss_files-2.17.so
7f8eadbf4000-7f8eadbf5000 rw-p 0000c000 08:01 6033075                    /lib/x86_64-linux-gnu/libnss_files-2.17.so
7f8eadbf5000-7f8eadc00000 r-xp 00000000 08:01 6033079                    /lib/x86_64-linux-gnu/libnss_nis-2.17.so
7f8eadc00000-7f8eaddff000 ---p 0000b000 08:01 6033079                    /lib/x86_64-linux-gnu/libnss_nis-2.17.so
7f8eaddff000-7f8eade00000 r--p 0000a000 08:01 6033079                    /lib/x86_64-linux-gnu/libnss_nis-2.17.so
7f8eade00000-7f8eade01000 rw-p 0000b000 08:01 6033079                    /lib/x86_64-linux-gnu/libnss_nis-2.17.so
7f8eade01000-7f8eade18000 r-xp 00000000 08:01 6033069                    /lib/x86_64-linux-gnu/libnsl-2.17.so
7f8eade18000-7f8eae017000 ---p 00017000 08:01 6033069                    /lib/x86_64-linux-gnu/libnsl-2.17.so
7f8eae017000-7f8eae018000 r--p 00016000 08:01 6033069                    /lib/x86_64-linux-gnu/libnsl-2.17.so
7f8eae018000-7f8eae019000 rw-p 00017000 08:01 6033069                    /lib/x86_64-linux-gnu/libnsl-2.17.so
7f8eae019000-7f8eae01b000 rw-p 00000000 00:00 0 
7f8eae01b000-7f8eae023000 r-xp 00000000 08:01 6033071                    /lib/x86_64-linux-gnu/libnss_compat-2.17.so
7f8eae023000-7f8eae222000 ---p 00008000 08:01 6033071                    /lib/x86_64-linux-gnu/libnss_compat-2.17.so
7f8eae222000-7f8eae223000 r--p 00007000 08:01 6033071                    /lib/x86_64-linux-gnu/libnss_compat-2.17.so
7f8eae223000-7f8eae224000 rw-p 00008000 08:01 6033071                    /lib/x86_64-linux-gnu/libnss_compat-2.17.so
7f8eae224000-7f8eae24f000 r-xp 00000000 08:01 4466510                    /usr/lib/jvm/java-7-openjdk-amd64/jre/lib/amd64/libjava.so
7f8eae24f000-7f8eae44e000 ---p 0002b000 08:01 4466510                    /usr/lib/jvm/java-7-openjdk-amd64/jre/lib/amd64/libjava.so
7f8eae44e000-7f8eae44f000 r--p 0002a000 08:01 4466510                    /usr/lib/jvm/java-7-openjdk-amd64/jre/lib/amd64/libjava.so
7f8eae44f000-7f8eae451000 rw-p 0002b000 08:01 4466510                    /usr/lib/jvm/java-7-openjdk-amd64/jre/lib/amd64/libjava.so
7f8eae451000-7f8eae460000 r-xp 00000000 08:01 4466509                    /usr/lib/jvm/java-7-openjdk-amd64/jre/lib/amd64/libverify.so
7f8eae460000-7f8eae65f000 ---p 0000f000 08:01 4466509                    /usr/lib/jvm/java-7-openjdk-amd64/jre/lib/amd64/libverify.so
7f8eae65f000-7f8eae661000 r--p 0000e000 08:01 4466509                    /usr/lib/jvm/java-7-openjdk-amd64/jre/lib/amd64/libverify.so
7f8eae661000-7f8eae662000 rw-p 00010000 08:01 4466509                    /usr/lib/jvm/java-7-openjdk-amd64/jre/lib/amd64/libverify.so
7f8eae662000-7f8eae669000 r-xp 00000000 08:01 6033122                    /lib/x86_64-linux-gnu/librt-2.17.so
7f8eae669000-7f8eae868000 ---p 00007000 08:01 6033122                    /lib/x86_64-linux-gnu/librt-2.17.so
7f8eae868000-7f8eae869000 r--p 00006000 08:01 6033122                    /lib/x86_64-linux-gnu/librt-2.17.so
7f8eae869000-7f8eae86a000 rw-p 00007000 08:01 6033122                    /lib/x86_64-linux-gnu/librt-2.17.so
7f8eae86a000-7f8eae87e000 r-xp 00000000 08:01 6033027                    /lib/x86_64-linux-gnu/libgcc_s.so.1
7f8eae87e000-7f8eaea7e000 ---p 00014000 08:01 6033027                    /lib/x86_64-linux-gnu/libgcc_s.so.1
7f8eaea7e000-7f8eaea7f000 r--p 00014000 08:01 6033027                    /lib/x86_64-linux-gnu/libgcc_s.so.1
7f8eaea7f000-7f8eaea80000 rw-p 00015000 08:01 6033027                    /lib/x86_64-linux-gnu/libgcc_s.so.1
7f8eaea80000-7f8eaeb83000 r-xp 00000000 08:01 6033050                    /lib/x86_64-linux-gnu/libm-2.17.so
7f8eaeb83000-7f8eaed83000 ---p 00103000 08:01 6033050                    /lib/x86_64-linux-gnu/libm-2.17.so
7f8eaed83000-7f8eaed84000 r--p 00103000 08:01 6033050                    /lib/x86_64-linux-gnu/libm-2.17.so
7f8eaed84000-7f8eaed85000 rw-p 00104000 08:01 6033050                    /lib/x86_64-linux-gnu/libm-2.17.so
7f8eaed85000-7f8eaee6a000 r-xp 00000000 08:01 4464194                    /usr/lib/x86_64-linux-gnu/libstdc++.so.6.0.17
7f8eaee6a000-7f8eaf069000 ---p 000e5000 08:01 4464194                    /usr/lib/x86_64-linux-gnu/libstdc++.so.6.0.17
7f8eaf069000-7f8eaf071000 r--p 000e4000 08:01 4464194                    /usr/lib/x86_64-linux-gnu/libstdc++.so.6.0.17
7f8eaf071000-7f8eaf073000 rw-p 000ec000 08:01 4464194                    /usr/lib/x86_64-linux-gnu/libstdc++.so.6.0.17
7f8eaf073000-7f8eaf088000 rw-p 00000000 00:00 0 
7f8eaf088000-7f8eafa78000 r-xp 00000000 08:01 4466515                    /usr/lib/jvm/java-7-openjdk-amd64/jre/lib/amd64/server/libjvm.so
7f8eafa78000-7f8eafc77000 ---p 009f0000 08:01 4466515                    /usr/lib/jvm/java-7-openjdk-amd64/jre/lib/amd64/server/libjvm.so
7f8eafc77000-7f8eafcf6000 r--p 009ef000 08:01 4466515                    /usr/lib/jvm/java-7-openjdk-amd64/jre/lib/amd64/server/libjvm.so
7f8eafcf6000-7f8eafd19000 rw-p 00a6e000 08:01 4466515                    /usr/lib/jvm/java-7-openjdk-amd64/jre/lib/amd64/server/libjvm.so
7f8eafd19000-7f8eafd44000 rw-p 00000000 00:00 0 
7f8eafd44000-7f8eafd5a000 r-xp 00000000 08:01 6033155                    /lib/x86_64-linux-gnu/libz.so.1.2.7
7f8eafd5a000-7f8eaff59000 ---p 00016000 08:01 6033155                    /lib/x86_64-linux-gnu/libz.so.1.2.7
7f8eaff59000-7f8eaff5a000 r--p 00015000 08:01 6033155                    /lib/x86_64-linux-gnu/libz.so.1.2.7
7f8eaff5a000-7f8eaff5b000 rw-p 00016000 08:01 6033155                    /lib/x86_64-linux-gnu/libz.so.1.2.7
7f8eaff5b000-7f8eaff73000 r-xp 00000000 08:01 6033114                    /lib/x86_64-linux-gnu/libpthread-2.17.so
7f8eaff73000-7f8eb0172000 ---p 00018000 08:01 6033114                    /lib/x86_64-linux-gnu/libpthread-2.17.so
7f8eb0172000-7f8eb0173000 r--p 00017000 08:01 6033114                    /lib/x86_64-linux-gnu/libpthread-2.17.so
7f8eb0173000-7f8eb0174000 rw-p 00018000 08:01 6033114                    /lib/x86_64-linux-gnu/libpthread-2.17.so
7f8eb0174000-7f8eb0178000 rw-p 00000000 00:00 0 
7f8eb0178000-7f8eb017b000 r-xp 00000000 08:01 6033017                    /lib/x86_64-linux-gnu/libdl-2.17.so
7f8eb017b000-7f8eb037a000 ---p 00003000 08:01 6033017                    /lib/x86_64-linux-gnu/libdl-2.17.so
7f8eb037a000-7f8eb037b000 r--p 00002000 08:01 6033017                    /lib/x86_64-linux-gnu/libdl-2.17.so
7f8eb037b000-7f8eb037c000 rw-p 00003000 08:01 6033017                    /lib/x86_64-linux-gnu/libdl-2.17.so
7f8eb037c000-7f8eb053a000 r-xp 00000000 08:01 6033002                    /lib/x86_64-linux-gnu/libc-2.17.so
7f8eb053a000-7f8eb0739000 ---p 001be000 08:01 6033002                    /lib/x86_64-linux-gnu/libc-2.17.so
7f8eb0739000-7f8eb073d000 r--p 001bd000 08:01 6033002                    /lib/x86_64-linux-gnu/libc-2.17.so
7f8eb073d000-7f8eb073f000 rw-p 001c1000 08:01 6033002                    /lib/x86_64-linux-gnu/libc-2.17.so
7f8eb073f000-7f8eb0744000 rw-p 00000000 00:00 0 
7f8eb0744000-7f8eb0751000 r-xp 00000000 08:01 4466492                    /usr/lib/jvm/java-7-openjdk-amd64/jre/lib/amd64/jli/libjli.so
7f8eb0751000-7f8eb0950000 ---p 0000d000 08:01 4466492                    /usr/lib/jvm/java-7-openjdk-amd64/jre/lib/amd64/jli/libjli.so
7f8eb0950000-7f8eb0951000 r--p 0000c000 08:01 4466492                    /usr/lib/jvm/java-7-openjdk-amd64/jre/lib/amd64/jli/libjli.so
7f8eb0951000-7f8eb0952000 rw-p 0000d000 08:01 4466492                    /usr/lib/jvm/java-7-openjdk-amd64/jre/lib/amd64/jli/libjli.so
7f8eb0952000-7f8eb0975000 r-xp 00000000 08:01 6032978                    /lib/x86_64-linux-gnu/ld-2.17.so
7f8eb0976000-7f8eb0977000 rw-p 00000000 00:00 0 
7f8eb0977000-7f8eb0980000 r--s 0005a000 08:01 17171911                   /home/shiwali/soar/SoarSuite/out/java/soar-debugger.jar
7f8eb0980000-7f8eb0981000 r--s 00001000 08:01 17171909                   /home/shiwali/soar/SoarSuite/out/java/soar-debugger-api.jar
7f8eb0981000-7f8eb0982000 r--s 00003000 08:01 17171915                   /home/shiwali/soar/SoarSuite/out/java/swtgraphics2d.jar
7f8eb0982000-7f8eb0984000 r--s 00005000 08:01 17171902                   /home/shiwali/soar/SoarSuite/out/java/soar-smljava.jar
7f8eb0984000-7f8eb098d000 r--s 000bc000 08:01 4465943                    /usr/lib/jvm/java-7-openjdk-common/jre/lib/resources.jar
7f8eb098d000-7f8eb0990000 r--s 00018000 08:01 17171891                   /home/shiwali/soar/SoarSuite/out/java/sml.jar
7f8eb0990000-7f8eb0994000 r--s 00085000 08:01 4465946                    /usr/lib/jvm/java-7-openjdk-common/jre/lib/ext/localedata.jar
7f8eb0994000-7f8eb099e000 rw-p 00000000 00:00 0 
7f8eb099e000-7f8eb0a54000 rw-p 00000000 00:00 0 
7f8eb0a54000-7f8eb0a57000 ---p 00000000 00:00 0 
7f8eb0a57000-7f8eb0b5a000 rw-p 00000000 00:00 0                          [stack:7804]
7f8eb0b5a000-7f8eb0b5d000 r--s 00032000 08:01 4465947                    /usr/lib/jvm/java-7-openjdk-common/jre/lib/ext/sunjce_provider.jar
7f8eb0b5d000-7f8eb0b60000 r--s 0003c000 08:01 4465945                    /usr/lib/jvm/java-7-openjdk-common/jre/lib/ext/sunpkcs11.jar
7f8eb0b60000-7f8eb0b61000 r--s 00002000 08:01 4465949                    /usr/lib/jvm/java-7-openjdk-common/jre/lib/ext/dnsns.jar
7f8eb0b61000-7f8eb0b64000 r--s 0000f000 08:01 4465948                    /usr/lib/jvm/java-7-openjdk-common/jre/lib/ext/pulse-java.jar
7f8eb0b64000-7f8eb0b66000 r--s 00006000 08:01 4855577                    /usr/share/java/java-atk-wrapper.jar
7f8eb0b66000-7f8eb0b68000 r--s 00012000 08:01 4465950                    /usr/lib/jvm/java-7-openjdk-common/jre/lib/ext/zipfs.jar
7f8eb0b68000-7f8eb0b70000 rw-s 00000000 08:01 6160697                    /tmp/hsperfdata_shiwali/7802
7f8eb0b70000-7f8eb0b71000 rw-p 00000000 00:00 0 
7f8eb0b71000-7f8eb0b72000 r--p 00000000 00:00 0 
7f8eb0b72000-7f8eb0b74000 rw-p 00000000 00:00 0 
7f8eb0b74000-7f8eb0b75000 r--p 00022000 08:01 6032978                    /lib/x86_64-linux-gnu/ld-2.17.so
7f8eb0b75000-7f8eb0b77000 rw-p 00023000 08:01 6032978                    /lib/x86_64-linux-gnu/ld-2.17.so
7ffff8ea7000-7ffff8ec8000 rw-p 00000000 00:00 0                          [stack]
7ffff8f2b000-7ffff8f2d000 r-xp 00000000 00:00 0                          [vdso]
ffffffffff600000-ffffffffff601000 r-xp 00000000 00:00 0                  [vsyscall]

VM Arguments:
jvm_args: -Dfile.encoding=UTF-8 
java_command: edu.umich.insoar.InSoar
Launcher Type: SUN_STANDARD

Environment Variables:
PATH=/usr/lib/lightdm/lightdm:/usr/local/sbin:/usr/local/bin:/usr/sbin:/usr/bin:/sbin:/bin:/usr/games:/usr/local/games
LD_LIBRARY_PATH=/home/shiwali/soar/SoarSuite/out
SHELL=/bin/bash
DISPLAY=:0

Signal Handlers:
SIGSEGV: [libjvm.so+0x84f410], sa_mask[0]=0x7ffbfeff, sa_flags=0x10000004
SIGBUS: [libjvm.so+0x84f410], sa_mask[0]=0x7ffbfeff, sa_flags=0x10000004
SIGFPE: [libjvm.so+0x6f19a0], sa_mask[0]=0x7ffbfeff, sa_flags=0x10000004
SIGPIPE: SIG_IGN, sa_mask[0]=0x00000000, sa_flags=0x00000000
SIGXFSZ: [libjvm.so+0x6f19a0], sa_mask[0]=0x7ffbfeff, sa_flags=0x10000004
SIGILL: [libjvm.so+0x6f19a0], sa_mask[0]=0x7ffbfeff, sa_flags=0x10000004
SIGUSR1: SIG_DFL, sa_mask[0]=0x00000000, sa_flags=0x00000000
SIGUSR2: [libjvm.so+0x6f1d70], sa_mask[0]=0x00000004, sa_flags=0x10000004
SIGHUP: [libjvm.so+0x6f1eb0], sa_mask[0]=0x7ffbfeff, sa_flags=0x10000004
SIGINT: [libjvm.so+0x6f1eb0], sa_mask[0]=0x7ffbfeff, sa_flags=0x10000004
SIGTERM: [libjvm.so+0x6f1eb0], sa_mask[0]=0x7ffbfeff, sa_flags=0x10000004
SIGQUIT: [libjvm.so+0x6f1eb0], sa_mask[0]=0x7ffbfeff, sa_flags=0x10000004


---------------  S Y S T E M  ---------------

OS:Ubuntu 13.04 (raring)
uname:Linux 3.8.0-27-generic #40-Ubuntu SMP Tue Jul 9 00:17:05 UTC 2013 x86_64
libc:glibc 2.17 NPTL 2.17 
rlimit: STACK 8192k, CORE 0k, NPROC 63152, NOFILE 4096, AS infinity
load average:1.93 1.98 1.85

/proc/meminfo:
MemTotal:        8102568 kB
MemFree:         1351788 kB
Buffers:          126156 kB
Cached:          1664072 kB
SwapCached:            0 kB
Active:          4944544 kB
Inactive:        1142564 kB
Active(anon):    4299820 kB
Inactive(anon):    56516 kB
Active(file):     644724 kB
Inactive(file):  1086048 kB
Unevictable:         100 kB
Mlocked:             100 kB
SwapTotal:       8311804 kB
SwapFree:        8311804 kB
Dirty:               388 kB
Writeback:             0 kB
AnonPages:       4296880 kB
Mapped:           316972 kB
Shmem:             59460 kB
Slab:             150012 kB
SReclaimable:     103964 kB
SUnreclaim:        46048 kB
KernelStack:        6152 kB
PageTables:        55956 kB
NFS_Unstable:          0 kB
Bounce:                0 kB
WritebackTmp:          0 kB
CommitLimit:    12363088 kB
Committed_AS:    9504836 kB
VmallocTotal:   34359738367 kB
VmallocUsed:      101272 kB
VmallocChunk:   34359616560 kB
HardwareCorrupted:     0 kB
AnonHugePages:         0 kB
HugePages_Total:       0
HugePages_Free:        0
HugePages_Rsvd:        0
HugePages_Surp:        0
Hugepagesize:       2048 kB
DirectMap4k:       68412 kB
DirectMap2M:     8245248 kB


CPU:total 8 (4 cores per cpu, 2 threads per core) family 6 model 30 stepping 5, cmov, cx8, fxsr, mmx, sse, sse2, sse3, ssse3, sse4.1, sse4.2, popcnt, ht, tsc, tscinvbit

/proc/cpuinfo:
processor	: 0
vendor_id	: GenuineIntel
cpu family	: 6
model		: 30
model name	: Intel(R) Core(TM) i7 CPU         860  @ 2.80GHz
stepping	: 5
microcode	: 0x5
cpu MHz		: 1596.000
cache size	: 8192 KB
physical id	: 0
siblings	: 8
core id		: 0
cpu cores	: 4
apicid		: 0
initial apicid	: 0
fpu		: yes
fpu_exception	: yes
cpuid level	: 11
wp		: yes
flags		: fpu vme de pse tsc msr pae mce cx8 apic sep mtrr pge mca cmov pat pse36 clflush dts acpi mmx fxsr sse sse2 ss ht tm pbe syscall nx rdtscp lm constant_tsc arch_perfmon pebs bts rep_good nopl xtopology nonstop_tsc aperfmperf pni dtes64 monitor ds_cpl vmx smx est tm2 ssse3 cx16 xtpr pdcm sse4_1 sse4_2 popcnt lahf_lm ida dtherm tpr_shadow vnmi flexpriority ept vpid
bogomips	: 5585.99
clflush size	: 64
cache_alignment	: 64
address sizes	: 36 bits physical, 48 bits virtual
power management:

processor	: 1
vendor_id	: GenuineIntel
cpu family	: 6
model		: 30
model name	: Intel(R) Core(TM) i7 CPU         860  @ 2.80GHz
stepping	: 5
microcode	: 0x5
cpu MHz		: 1197.000
cache size	: 8192 KB
physical id	: 0
siblings	: 8
core id		: 1
cpu cores	: 4
apicid		: 2
initial apicid	: 2
fpu		: yes
fpu_exception	: yes
cpuid level	: 11
wp		: yes
flags		: fpu vme de pse tsc msr pae mce cx8 apic sep mtrr pge mca cmov pat pse36 clflush dts acpi mmx fxsr sse sse2 ss ht tm pbe syscall nx rdtscp lm constant_tsc arch_perfmon pebs bts rep_good nopl xtopology nonstop_tsc aperfmperf pni dtes64 monitor ds_cpl vmx smx est tm2 ssse3 cx16 xtpr pdcm sse4_1 sse4_2 popcnt lahf_lm ida dtherm tpr_shadow vnmi flexpriority ept vpid
bogomips	: 5585.99
clflush size	: 64
cache_alignment	: 64
address sizes	: 36 bits physical, 48 bits virtual
power management:

processor	: 2
vendor_id	: GenuineIntel
cpu family	: 6
model		: 30
model name	: Intel(R) Core(TM) i7 CPU         860  @ 2.80GHz
stepping	: 5
microcode	: 0x5
cpu MHz		: 1197.000
cache size	: 8192 KB
physical id	: 0
siblings	: 8
core id		: 2
cpu cores	: 4
apicid		: 4
initial apicid	: 4
fpu		: yes
fpu_exception	: yes
cpuid level	: 11
wp		: yes
flags		: fpu vme de pse tsc msr pae mce cx8 apic sep mtrr pge mca cmov pat pse36 clflush dts acpi mmx fxsr sse sse2 ss ht tm pbe syscall nx rdtscp lm constant_tsc arch_perfmon pebs bts rep_good nopl xtopology nonstop_tsc aperfmperf pni dtes64 monitor ds_cpl vmx smx est tm2 ssse3 cx16 xtpr pdcm sse4_1 sse4_2 popcnt lahf_lm ida dtherm tpr_shadow vnmi flexpriority ept vpid
bogomips	: 5585.99
clflush size	: 64
cache_alignment	: 64
address sizes	: 36 bits physical, 48 bits virtual
power management:

processor	: 3
vendor_id	: GenuineIntel
cpu family	: 6
model		: 30
model name	: Intel(R) Core(TM) i7 CPU         860  @ 2.80GHz
stepping	: 5
microcode	: 0x5
cpu MHz		: 2794.000
cache size	: 8192 KB
physical id	: 0
siblings	: 8
core id		: 3
cpu cores	: 4
apicid		: 6
initial apicid	: 6
fpu		: yes
fpu_exception	: yes
cpuid level	: 11
wp		: yes
flags		: fpu vme de pse tsc msr pae mce cx8 apic sep mtrr pge mca cmov pat pse36 clflush dts acpi mmx fxsr sse sse2 ss ht tm pbe syscall nx rdtscp lm constant_tsc arch_perfmon pebs bts rep_good nopl xtopology nonstop_tsc aperfmperf pni dtes64 monitor ds_cpl vmx smx est tm2 ssse3 cx16 xtpr pdcm sse4_1 sse4_2 popcnt lahf_lm ida dtherm tpr_shadow vnmi flexpriority ept vpid
bogomips	: 5585.99
clflush size	: 64
cache_alignment	: 64
address sizes	: 36 bits physical, 48 bits virtual
power management:

processor	: 4
vendor_id	: GenuineIntel
cpu family	: 6
model		: 30
model name	: Intel(R) Core(TM) i7 CPU         860  @ 2.80GHz
stepping	: 5
microcode	: 0x5
cpu MHz		: 1197.000
cache size	: 8192 KB
physical id	: 0
siblings	: 8
core id		: 0
cpu cores	: 4
apicid		: 1
initial apicid	: 1
fpu		: yes
fpu_exception	: yes
cpuid level	: 11
wp		: yes
flags		: fpu vme de pse tsc msr pae mce cx8 apic sep mtrr pge mca cmov pat pse36 clflush dts acpi mmx fxsr sse sse2 ss ht tm pbe syscall nx rdtscp lm constant_tsc arch_perfmon pebs bts rep_good nopl xtopology nonstop_tsc aperfmperf pni dtes64 monitor ds_cpl vmx smx est tm2 ssse3 cx16 xtpr pdcm sse4_1 sse4_2 popcnt lahf_lm ida dtherm tpr_shadow vnmi flexpriority ept vpid
bogomips	: 5585.99
clflush size	: 64
cache_alignment	: 64
address sizes	: 36 bits physical, 48 bits virtual
power management:

processor	: 5
vendor_id	: GenuineIntel
cpu family	: 6
model		: 30
model name	: Intel(R) Core(TM) i7 CPU         860  @ 2.80GHz
stepping	: 5
microcode	: 0x5
cpu MHz		: 1197.000
cache size	: 8192 KB
physical id	: 0
siblings	: 8
core id		: 1
cpu cores	: 4
apicid		: 3
initial apicid	: 3
fpu		: yes
fpu_exception	: yes
cpuid level	: 11
wp		: yes
flags		: fpu vme de pse tsc msr pae mce cx8 apic sep mtrr pge mca cmov pat pse36 clflush dts acpi mmx fxsr sse sse2 ss ht tm pbe syscall nx rdtscp lm constant_tsc arch_perfmon pebs bts rep_good nopl xtopology nonstop_tsc aperfmperf pni dtes64 monitor ds_cpl vmx smx est tm2 ssse3 cx16 xtpr pdcm sse4_1 sse4_2 popcnt lahf_lm ida dtherm tpr_shadow vnmi flexpriority ept vpid
bogomips	: 5585.99
clflush size	: 64
cache_alignment	: 64
address sizes	: 36 bits physical, 48 bits virtual
power management:

processor	: 6
vendor_id	: GenuineIntel
cpu family	: 6
model		: 30
model name	: Intel(R) Core(TM) i7 CPU         860  @ 2.80GHz
stepping	: 5
microcode	: 0x5
cpu MHz		: 2794.000
cache size	: 8192 KB
physical id	: 0
siblings	: 8
core id		: 2
cpu cores	: 4
apicid		: 5
initial apicid	: 5
fpu		: yes
fpu_exception	: yes
cpuid level	: 11
wp		: yes
flags		: fpu vme de pse tsc msr pae mce cx8 apic sep mtrr pge mca cmov pat pse36 clflush dts acpi mmx fxsr sse sse2 ss ht tm pbe syscall nx rdtscp lm constant_tsc arch_perfmon pebs bts rep_good nopl xtopology nonstop_tsc aperfmperf pni dtes64 monitor ds_cpl vmx smx est tm2 ssse3 cx16 xtpr pdcm sse4_1 sse4_2 popcnt lahf_lm ida dtherm tpr_shadow vnmi flexpriority ept vpid
bogomips	: 5585.99
clflush size	: 64
cache_alignment	: 64
address sizes	: 36 bits physical, 48 bits virtual
power management:

processor	: 7
vendor_id	: GenuineIntel
cpu family	: 6
model		: 30
model name	: Intel(R) Core(TM) i7 CPU         860  @ 2.80GHz
stepping	: 5
microcode	: 0x5
cpu MHz		: 1197.000
cache size	: 8192 KB
physical id	: 0
siblings	: 8
core id		: 3
cpu cores	: 4
apicid		: 7
initial apicid	: 7
fpu		: yes
fpu_exception	: yes
cpuid level	: 11
wp		: yes
flags		: fpu vme de pse tsc msr pae mce cx8 apic sep mtrr pge mca cmov pat pse36 clflush dts acpi mmx fxsr sse sse2 ss ht tm pbe syscall nx rdtscp lm constant_tsc arch_perfmon pebs bts rep_good nopl xtopology nonstop_tsc aperfmperf pni dtes64 monitor ds_cpl vmx smx est tm2 ssse3 cx16 xtpr pdcm sse4_1 sse4_2 popcnt lahf_lm ida dtherm tpr_shadow vnmi flexpriority ept vpid
bogomips	: 5585.99
clflush size	: 64
cache_alignment	: 64
address sizes	: 36 bits physical, 48 bits virtual
power management:



Memory: 4k page, physical 8102568k(1351788k free), swap 8311804k(8311804k free)

vm_info: OpenJDK 64-Bit Server VM (23.7-b01) for linux-amd64 JRE (1.7.0_25-b30), built on Jul  3 2013 13:50:39 by "buildd" with gcc 4.7.3

time: Mon Aug 19 14:20:56 2013
elapsed time: 502 seconds

